('The system path in the config file ', ['/cvmfs/cms.cern.ch/crab3/slc6_amd64_gcc493/cms/crabclient/3.3.1707.patch1/bin', '/uscms_data/d3/samuellh/WorkingArea/TauAnalysis/CMSSW_9_3_2/python', '/uscms_data/d3/samuellh/WorkingArea/TauAnalysis/CMSSW_9_3_2/lib/slc6_amd64_gcc630', '/cvmfs/cms.cern.ch/slc6_amd64_gcc630/cms/cmssw/CMSSW_9_3_2/python', '/cvmfs/cms.cern.ch/slc6_amd64_gcc630/cms/cmssw/CMSSW_9_3_2/lib/slc6_amd64_gcc630', '/cvmfs/cms.cern.ch/slc6_amd64_gcc630/cms/coral/CORAL_2_3_21-ghjeda6/slc6_amd64_gcc630/python', '/cvmfs/cms.cern.ch/slc6_amd64_gcc630/cms/coral/CORAL_2_3_21-ghjeda6/slc6_amd64_gcc630/lib', '/cvmfs/cms.cern.ch/slc6_amd64_gcc630/external/professor2/2.2.1-ghjeda6/lib/python2.7/site-packages', '/cvmfs/cms.cern.ch/slc6_amd64_gcc630/external/pyqt/4.11.4-mlhled2/lib/python2.7/site-packages', '/cvmfs/cms.cern.ch/slc6_amd64_gcc630/external/sherpa/2.2.4-ghjeda/lib/python2.7/site-packages', '/cvmfs/cms.cern.ch/slc6_amd64_gcc630/external/rivet/2.5.2-ghjeda4/lib/python2.7/site-packages', '/cvmfs/cms.cern.ch/slc6_amd64_gcc630/external/python-ldap/2.4.10-mlhled2/lib/python2.7/site-packages', '/cvmfs/cms.cern.ch/slc6_amd64_gcc630/external/py2-matplotlib/1.5.2-njopjo/lib/python2.7/site-packages', '/cvmfs/cms.cern.ch/slc6_amd64_gcc630/external/sip/4.17-mlhled2/lib/python2.7/site-packages', '/cvmfs/cms.cern.ch/slc6_amd64_gcc630/external/llvm/4.0.0-njopjo/lib64/python2.7/site-packages', '/cvmfs/cms.cern.ch/slc6_amd64_gcc630/external/py2-sqlalchemy/1.1.4-mlhled2/lib/python2.7/site-packages', '/cvmfs/cms.cern.ch/slc6_amd64_gcc630/external/py2-lint/0.25.1-mlhled2/lib/python2.7/site-packages', '/cvmfs/cms.cern.ch/slc6_amd64_gcc630/external/py2-dxr/1.0-ghjeda6/lib/python2.7/site-packages', '/cvmfs/cms.cern.ch/slc6_amd64_gcc630/external/py2-cx-oracle/5.2.1-mlhled2/lib/python2.7/site-packages', '/cvmfs/cms.cern.ch/slc6_amd64_gcc630/external/py2-numpy/1.12.1-mlhled2/lib/python2.7/site-packages', '/cvmfs/cms.cern.ch/slc6_amd64_gcc630/external/frontier_client/2.8.20-mlhled2/python/lib', '/cvmfs/cms.cern.ch/slc6_amd64_gcc630/cms/das_client/v03.01.00-mlhled2/bin', '/cvmfs/cms.cern.ch/slc6_amd64_gcc630/external/xrootd/4.6.1/lib/python2.7/site-packages', '/cvmfs/cms.cern.ch/slc6_amd64_gcc630/external/yoda/1.6.5-ghjeda4/lib/python2.7/site-packages', '/cvmfs/cms.cern.ch/slc6_amd64_gcc630/lcg/root/6.10.04-ghjeda/lib', '/cvmfs/cms.cern.ch/slc6_amd64_gcc630/external/pyminuit2/0.0.1-ghjeda4/lib/python2.7/site-packages', '/cvmfs/cms.cern.ch/slc6_amd64_gcc630/external/py2-PyYAML/3.11-mlhled2/lib/python2.7/site-packages', '/cvmfs/cms.cern.ch/slc6_amd64_gcc630/external/py2-pygithub/1.23.0-mlhled2/lib/python2.7/site-packages', '/cvmfs/cms.cern.ch/slc6_amd64_gcc630/external/py2-pip/9.0.1-mlhled2/lib/python2.7/site-packages', '/cvmfs/cms.cern.ch/slc6_amd64_gcc630/external/py2-dablooms/0.9.1-mlhled2/lib/python2.7/site-packages', '/cvmfs/cms.cern.ch/slc6_amd64_gcc630/external/py2-pippkgs_depscipy/3.0-ghjeda6/lib/python2.7/site-packages', '/cvmfs/cms.cern.ch/slc6_amd64_gcc630/external/py2-pippkgs/5.0-ghjeda6/lib/python2.7/site-packages', '/cvmfs/cms.cern.ch/slc6_amd64_gcc630/external/professor/1.4.0-ghjeda4/lib/python2.7/site-packages', '/cvmfs/cms.cern.ch/slc6_amd64_gcc630/cms/dbs-client/DBS_2_1_9-mlhled2/lib', '/cvmfs/cms.cern.ch/slc6_amd64_gcc630/cms/dbs-client/DBS_2_1_9-mlhled2/lib/DBSAPI', '/cvmfs/cms.cern.ch/slc6_amd64_gcc630/external/cvs2git/5419-mlhled2/lib', '/cvmfs/cms.cern.ch/crab3/slc6_amd64_gcc493/cms/crabclient/3.3.1707.patch1/lib/python2.7/site-packages', '/cvmfs/cms.cern.ch/crab3/slc6_amd64_gcc493/cms/dbs3-client/3.4.4/lib/python2.7/site-packages', '/cvmfs/cms.cern.ch/crab3/slc6_amd64_gcc493/cms/dbs3-pycurl-client/3.4.4/lib/python2.7/site-packages', '/cvmfs/cms.cern.ch/slc6_amd64_gcc630/external/py2-sqlalchemy/1.1.4-mlhled2/lib/python2.7/site-packages/SQLAlchemy-1.1.4-py2.7-linux-x86_64.egg', '/cvmfs/cms.cern.ch/slc6_amd64_gcc630/external/py2-numpy/1.12.1-mlhled2/lib/python2.7/site-packages/numpy-1.12.1-py2.7-linux-x86_64.egg', '/cvmfs/cms.cern.ch/slc6_amd64_gcc630/external/python/2.7.11-mlhled2/lib/python27.zip', '/cvmfs/cms.cern.ch/slc6_amd64_gcc630/external/python/2.7.11-mlhled2/lib/python2.7', '/cvmfs/cms.cern.ch/slc6_amd64_gcc630/external/python/2.7.11-mlhled2/lib/python2.7/plat-linux2', '/cvmfs/cms.cern.ch/slc6_amd64_gcc630/external/python/2.7.11-mlhled2/lib/python2.7/lib-tk', '/cvmfs/cms.cern.ch/slc6_amd64_gcc630/external/python/2.7.11-mlhled2/lib/python2.7/lib-old', '/cvmfs/cms.cern.ch/slc6_amd64_gcc630/external/python/2.7.11-mlhled2/lib/python2.7/lib-dynload', '/cvmfs/cms.cern.ch/slc6_amd64_gcc630/external/python/2.7.11-mlhled2/lib/python2.7/site-packages', '/uscms_data/d3/samuellh/WorkingArea/TauAnalysis/CMSSW_9_3_2/src/PUAnalysis/VBFtt2017/crab/VBF56'])
 ##################################################################### 
 # WARNING: the module CondCore.DBCommon.CondDBSetup is deprecated.  # 
 # Please import CondCore.CondDB.CondDB_cfi                          # 
 ##################################################################### 
recorrecting the jets
List Of Filters
['processedEvents', 'initialEventsTT', 'DiMuonCreation', 'AtLeastOneDiTau', 'TTTauPtEta', 'TTTauDecayFound', 'TTTauStandardDecayFound', 'TTTauDRSel', 'TTSync', 'TTAntiEle', 'TTAntiMu', 'TTIso', 'TTOS']
DEBUG 2017-11-15 07:40:22,145: 	 Executing command: 'submit'
DEBUG 2017-11-15 07:40:22,145: 	 Found CRAB cache file /uscms/home/samuellh/.crab3
DEBUG 2017-11-15 07:40:22,153: 	 Checking credentials
DEBUG 2017-11-15 07:40:22,153: 	 Found proxy file /tmp/x509up_u52190
DEBUG 2017-11-15 07:40:22,153: 	 Getting proxy life time left
DEBUG 2017-11-15 07:40:22,257: 	 Executing : 
 command : voms-proxy-info -file /tmp/x509up_u52190 -timeleft
 output : 82461

 error: 
 retcode : 0
DEBUG 2017-11-15 07:40:22,360: 	 Executing : 
 command : voms-proxy-info -file /tmp/x509up_u52190 -actimeleft
 output : 82460

 error: 
 retcode : 0
DEBUG 2017-11-15 07:40:22,360: 	 Proxy valid for 22:54:21 hours
INFO 2017-11-15 07:40:22,360: 	 Will use CRAB configuration file crab3_TT_MC.py
DEBUG 2017-11-15 07:40:22,360: 	 Loading CRAB configuration file.
DEBUG 2017-11-15 07:40:22,367: 	 Will use CRAB Analysis plugin (i.e. will run an analysis job type).
DEBUG 2017-11-15 07:40:22,482: 	 Executing : 
 command : openssl x509 -in ~/.globus/usercert.pem -subject -noout
 output : subject= /DC=ch/DC=cern/OU=Organic Units/OU=Users/CN=shigginb/CN=785176/CN=Sam Higginbotham

 error: 
 retcode : 0
DEBUG 2017-11-15 07:40:22,482: 	 Checking credentials
DEBUG 2017-11-15 07:40:22,482: 	 Found proxy file /tmp/x509up_u52190
DEBUG 2017-11-15 07:40:22,482: 	 Getting proxy life time left
DEBUG 2017-11-15 07:40:22,585: 	 Executing : 
 command : voms-proxy-info -file /tmp/x509up_u52190 -timeleft
 output : 82461

 error: 
 retcode : 0
DEBUG 2017-11-15 07:40:22,689: 	 Executing : 
 command : voms-proxy-info -file /tmp/x509up_u52190 -actimeleft
 output : 82460

 error: 
 retcode : 0
DEBUG 2017-11-15 07:40:22,690: 	 Proxy valid for 22:54:21 hours
DEBUG 2017-11-15 07:40:22,793: 	 Executing : 
 command : env X509_USER_PROXY=/tmp/x509up_u52190 voms-proxy-info -fqan
 output : /cms/Role=NULL/Capability=NULL

 error: 
 retcode : 0
DEBUG 2017-11-15 07:40:24,589: 	 Registering user credentials for server /DC=ch/DC=cern/OU=computers/CN=vocms(045|052|021|031|0118|0118a|0119|0108|0105|0109).cern.ch
DEBUG 2017-11-15 07:40:24,694: 	 Executing : 
 command : openssl x509 -in ~/.globus/usercert.pem -subject -noout
 output : subject= /DC=ch/DC=cern/OU=Organic Units/OU=Users/CN=shigginb/CN=785176/CN=Sam Higginbotham

 error: 
 retcode : 0
DEBUG 2017-11-15 07:40:24,695: 	 Getting myproxy life time left for myproxy.cern.ch
DEBUG 2017-11-15 07:40:24,695: 	 Calculating hash of /DC=ch/DC=cern/OU=Organic Units/OU=Users/CN=shigginb/CN=785176/CN=Sam Higginbotham_cmsweb.cern.ch for credential name
DEBUG 2017-11-15 07:40:25,499: 	 Executing : 
 command : myproxy-info -l 2f318c7a260d78734589f2cc772d26b8be79ec6c -s myproxy.cern.ch
 output : username: 2f318c7a260d78734589f2cc772d26b8be79ec6c
owner: /DC=ch/DC=cern/OU=Organic Units/OU=Users/CN=shigginb/CN=785176/CN=Sam Higginbotham
  renewal policy: /DC=ch/DC=cern/OU=computers/CN=vocms(045|052|021|031|0118|0118a|0119|0108|0105|0109).cern.ch
  trusted retrieval policy: /DC=ch/DC=cern/OU=computers/CN=vocms(045|052|021|031|0118|0118a|0119|0108|0105|0109).cern.ch
  timeleft: 431:43:16  (18.0 days)

 error: 
 retcode : 0
DEBUG 2017-11-15 07:40:25,501: 	 Myproxy is valid: 1554196
DEBUG 2017-11-15 07:40:25,501: 	 Command use: submit
DEBUG 2017-11-15 07:40:25,501: 	 Options use: ['-c', 'crab3_TT_MC.py']
DEBUG 2017-11-15 07:40:27,291: 	 CRABClient version: 3.3.1707.patch1
DEBUG 2017-11-15 07:40:27,291: 	 Instance is prod
DEBUG 2017-11-15 07:40:27,291: 	 Server base url is cmsweb.cern.ch
DEBUG 2017-11-15 07:40:27,291: 	 Command url /crabserver/prod/workflow
DEBUG 2017-11-15 07:40:27,291: 	 Started submission
DEBUG 2017-11-15 07:40:27,291: 	 Working on /uscms_data/d3/samuellh/WorkingArea/TauAnalysis/CMSSW_9_3_2/src/PUAnalysis/VBFtt2017/crab/VBF56/crab_20171115_074022
DEBUG 2017-11-15 07:40:29,112: 	 Loading required information from the environment
DEBUG 2017-11-15 07:40:29,112: 	 Found CMSSW_9_3_2 for slc6_amd64_gcc630 with base /uscms_data/d3/samuellh/WorkingArea/TauAnalysis/CMSSW_9_3_2
DEBUG 2017-11-15 07:40:29,112: 	 Loading required information from the environment
DEBUG 2017-11-15 07:40:29,112: 	 Found CMSSW_9_3_2 for slc6_amd64_gcc630 with base /uscms_data/d3/samuellh/WorkingArea/TauAnalysis/CMSSW_9_3_2
DEBUG 2017-11-15 07:40:29,126: 	 UNIQUE NAME: tarUUID c2ab048b-5bfd-476b-8242-ae6bb6579c23 
DEBUG 2017-11-15 07:40:29,126: 	 self.config: from WMCore.Configuration import Configuration
config = Configuration()
config.section_('General')
config.section_('JobType')
config.JobType.psetName = '../../../TT-MC-Up.py'
config.JobType.pluginName = 'Analysis'
config.JobType.inputFiles = ['../../../Configuration/data/PhaseIISummer16_25nsV3_MC.db']
config.JobType.outputFiles = ['analysis.root']
config.JobType.allowUndistributedCMSSW = True
config.section_('Data')
config.Data.inputDataset = '/TprimeBToTH_M-3000_Width-20p_LH_TuneCUETP8M2T4_14TeV-madgraph-pythia8/PhaseIITDRFall17MiniAOD-PU200_93X_upgrade2023_realistic_v2-v1/MINIAODSIM'
config.Data.unitsPerJob = 1
config.Data.publication = False
config.Data.inputDBS = 'global'
config.Data.splitting = 'FileBased'
config.section_('Site')
config.Site.storageSite = 'T3_US_FNALLPC'
config.section_('User')
config.section_('Debug')

DEBUG 2017-11-15 07:40:29,127: 	 self.config.JobType.psetName: ../../../TT-MC-Up.py
INFO 2017-11-15 07:40:29,127: 	 Importing CMSSW configuration ../../../TT-MC-Up.py
INFO 2017-11-15 07:40:31,750: 	 Finished importing CMSSW configuration ../../../TT-MC-Up.py
DEBUG 2017-11-15 07:40:31,750: 	 Writing CMSSW configuration to /uscms_data/d3/samuellh/WorkingArea/TauAnalysis/CMSSW_9_3_2/src/PUAnalysis/VBFtt2017/crab/VBF56/crab_20171115_074022/inputs/PSet.py
DEBUG 2017-11-15 07:40:32,692: 	 The following EDM output files will be collected: []
DEBUG 2017-11-15 07:40:32,692: 	 The following TFile output files will be collected: ['analysis.root']
DEBUG 2017-11-15 07:40:32,692: 	 The following user output files will be collected: []
DEBUG 2017-11-15 07:40:32,692: 	 Loading required information from the environment
DEBUG 2017-11-15 07:40:32,692: 	 Found CMSSW_9_3_2 for slc6_amd64_gcc630 with base /uscms_data/d3/samuellh/WorkingArea/TauAnalysis/CMSSW_9_3_2
DEBUG 2017-11-15 07:40:32,692: 	 Making tarball in /uscms_data/d3/samuellh/WorkingArea/TauAnalysis/CMSSW_9_3_2/src/PUAnalysis/VBFtt2017/crab/VBF56/crab_20171115_074022/inputs/c2ab048b-5bfd-476b-8242-ae6bb6579c23default.tgz
DEBUG 2017-11-15 07:40:32,712: 	 Checking directory /uscms_data/d3/samuellh/WorkingArea/TauAnalysis/CMSSW_9_3_2/lib
DEBUG 2017-11-15 07:40:32,712: 	 Adding directory /uscms_data/d3/samuellh/WorkingArea/TauAnalysis/CMSSW_9_3_2/lib to tarball
DEBUG 2017-11-15 07:40:33,648: 	 Checking directory /uscms_data/d3/samuellh/WorkingArea/TauAnalysis/CMSSW_9_3_2/biglib
DEBUG 2017-11-15 07:40:33,648: 	 Adding directory /uscms_data/d3/samuellh/WorkingArea/TauAnalysis/CMSSW_9_3_2/biglib to tarball
DEBUG 2017-11-15 07:40:33,650: 	 Checking directory /uscms_data/d3/samuellh/WorkingArea/TauAnalysis/CMSSW_9_3_2/module
DEBUG 2017-11-15 07:40:33,787: 	 Adding data directory /uscms_data/d3/samuellh/WorkingArea/TauAnalysis/CMSSW_9_3_2/src/PUAnalysis/Configuration/data to tarball
DEBUG 2017-11-15 07:40:37,009: 	 Adding data directory /uscms_data/d3/samuellh/WorkingArea/TauAnalysis/CMSSW_9_3_2/src/PUAnalysis/DataFormats/interface to tarball
DEBUG 2017-11-15 07:40:37,018: 	 Adding data directory /uscms_data/d3/samuellh/WorkingArea/TauAnalysis/CMSSW_9_3_2/src/PUAnalysis/NtupleTools/interface to tarball
DEBUG 2017-11-15 07:40:37,029: 	 Adding data directory /uscms_data/d3/samuellh/WorkingArea/TauAnalysis/CMSSW_9_3_2/src/PUAnalysis/RecoTools/interface to tarball
DEBUG 2017-11-15 07:40:37,239: 	 Adding file ../../../Configuration/data/PhaseIISummer16_25nsV3_MC.db to tarball
DEBUG 2017-11-15 07:40:37,556: 	 Uploading archive /uscms_data/d3/samuellh/WorkingArea/TauAnalysis/CMSSW_9_3_2/src/PUAnalysis/VBFtt2017/crab/VBF56/crab_20171115_074022/inputs/c2ab048b-5bfd-476b-8242-ae6bb6579c23default.tgz (11 MB) to the CRAB cache. Using URI https://cmsweb.cern.ch/crabcache
DEBUG 2017-11-15 07:40:44,839: 	 Loading required information from the environment
DEBUG 2017-11-15 07:40:44,839: 	 Found CMSSW_9_3_2 for slc6_amd64_gcc630 with base /uscms_data/d3/samuellh/WorkingArea/TauAnalysis/CMSSW_9_3_2
DEBUG 2017-11-15 07:40:44,839: 	 Making tarball in /uscms_data/d3/samuellh/WorkingArea/TauAnalysis/CMSSW_9_3_2/src/PUAnalysis/VBFtt2017/crab/VBF56/crab_20171115_074022/inputs/debugFiles.tgz
DEBUG 2017-11-15 07:40:44,845: 	 Uploading archive /uscms_data/d3/samuellh/WorkingArea/TauAnalysis/CMSSW_9_3_2/src/PUAnalysis/VBFtt2017/crab/VBF56/crab_20171115_074022/inputs/debugFiles.tgz (2 KB) to the CRAB cache. Using URI https://cmsweb.cern.ch/crabcache
DEBUG 2017-11-15 07:40:46,722: 	 Result uploading input files: 4e198fb019d07e682a8bd09208595d4eb73bac82ae7f6e24154a54b4451cc952.tar.gz 
INFO 2017-11-15 07:40:46,723: 	 Sending the request to the server
DEBUG 2017-11-15 07:40:46,723: 	 Submitting {'maxjobruntime': 1250, 'extrajdl': [], 'ignorelocality': 0, 'savelogsflag': 0, 'useparent': 0, 'asyncdest': 'T3_US_FNALLPC', 'algoargs': 1, 'cachefilename': '4e198fb019d07e682a8bd09208595d4eb73bac82ae7f6e24154a54b4451cc952.tar.gz', 'numcores': 1, 'addoutputfiles': [], 'generator': 'pythia', 'maxmemory': 2000, 'publishdbsurl': 'https://cmsweb.cern.ch/dbs/prod/phys03/DBSWriter', 'priority': 10, 'jobsw': 'CMSSW_9_3_2', 'edmoutfiles': [], 'userfiles': [], 'primarydataset': '', 'inputdata': '/TprimeBToTH_M-3000_Width-20p_LH_TuneCUETP8M2T4_14TeV-madgraph-pythia8/PhaseIITDRFall17MiniAOD-PU200_93X_upgrade2023_realistic_v2-v1/MINIAODSIM', 'dryrun': 0, 'workflow': 'crab_20171115_074022', 'cacheurl': u'https://cmsweb.cern.ch/crabcache', 'nonprodsw': 1, 'tfileoutfiles': ['analysis.root'], 'oneEventMode': 0, 'debugfilename': '9aeccd5071284fa2856e90010826571c079c3c394be76e7f98f18efac53b5bea.tar.gz', 'saveoutput': 1, 'publication': 0, 'jobarch': 'slc6_amd64_gcc630', 'totalunits': 0, 'splitalgo': 'FileBased', 'ignoreglobalblacklist': 0, 'nonvaliddata': 0, 'dbsurl': 'https://cmsweb.cern.ch/dbs/prod/global/DBSReader', 'publishgroupname': 0, 'jobtype': 'Analysis', 'publishname2': ''} 
DEBUG 2017-11-15 07:40:46,723: 	 Encoded submit request: maxjobruntime=1250&ignorelocality=0&savelogsflag=0&useparent=0&asyncdest=T3_US_FNALLPC&algoargs=1&cachefilename=4e198fb019d07e682a8bd09208595d4eb73bac82ae7f6e24154a54b4451cc952.tar.gz&numcores=1&generator=pythia&maxmemory=2000&publishdbsurl=https%3A%2F%2Fcmsweb.cern.ch%2Fdbs%2Fprod%2Fphys03%2FDBSWriter&priority=10&jobsw=CMSSW_9_3_2&primarydataset=&inputdata=%2FTprimeBToTH_M-3000_Width-20p_LH_TuneCUETP8M2T4_14TeV-madgraph-pythia8%2FPhaseIITDRFall17MiniAOD-PU200_93X_upgrade2023_realistic_v2-v1%2FMINIAODSIM&dryrun=0&workflow=crab_20171115_074022&cacheurl=https%3A%2F%2Fcmsweb.cern.ch%2Fcrabcache&nonprodsw=1&oneEventMode=0&debugfilename=9aeccd5071284fa2856e90010826571c079c3c394be76e7f98f18efac53b5bea.tar.gz&saveoutput=1&publication=0&jobarch=slc6_amd64_gcc630&totalunits=0&splitalgo=FileBased&ignoreglobalblacklist=0&nonvaliddata=0&dbsurl=https%3A%2F%2Fcmsweb.cern.ch%2Fdbs%2Fprod%2Fglobal%2FDBSReader&publishgroupname=0&jobtype=Analysis&publishname2=&tfileoutfiles=analysis.root
DEBUG 2017-11-15 07:40:48,389: 	 Result: {u'result': [{u'RequestName': u'171115_134048:shigginb_crab_20171115_074022'}]}
INFO 2017-11-15 07:40:48,392: 	 Success: Your task has been delivered to the CRAB3 server.
INFO 2017-11-15 07:40:48,392: 	 Task name: 171115_134048:shigginb_crab_20171115_074022
INFO 2017-11-15 07:40:48,393: 	 Please use 'crab status' to check how the submission process proceeds.
DEBUG 2017-11-15 07:40:48,393: 	 About to return
INFO 2017-11-15 07:40:48,398: 	 Log file is /uscms_data/d3/samuellh/WorkingArea/TauAnalysis/CMSSW_9_3_2/src/PUAnalysis/VBFtt2017/crab/VBF56/crab_20171115_074022/crab.log
DEBUG 2017-11-15 08:05:54,267: 	 Executing command: 'status'
DEBUG 2017-11-15 08:05:54,267: 	 Found CRAB cache file /uscms/home/samuellh/.crab3
DEBUG 2017-11-15 08:05:54,277: 	 Checking credentials
DEBUG 2017-11-15 08:05:54,277: 	 Found proxy file /tmp/x509up_u52190
DEBUG 2017-11-15 08:05:54,277: 	 Getting proxy life time left
DEBUG 2017-11-15 08:05:54,380: 	 Executing : 
 command : voms-proxy-info -file /tmp/x509up_u52190 -timeleft
 output : 80929

 error: 
 retcode : 0
DEBUG 2017-11-15 08:05:54,483: 	 Executing : 
 command : voms-proxy-info -file /tmp/x509up_u52190 -actimeleft
 output : 80928

 error: 
 retcode : 0
DEBUG 2017-11-15 08:05:54,483: 	 Proxy valid for 22:28:49 hours
DEBUG 2017-11-15 08:05:54,596: 	 Executing : 
 command : openssl x509 -in ~/.globus/usercert.pem -subject -noout
 output : subject= /DC=ch/DC=cern/OU=Organic Units/OU=Users/CN=shigginb/CN=785176/CN=Sam Higginbotham

 error: 
 retcode : 0
DEBUG 2017-11-15 08:05:54,597: 	 Checking credentials
DEBUG 2017-11-15 08:05:54,597: 	 Found proxy file /tmp/x509up_u52190
DEBUG 2017-11-15 08:05:54,597: 	 Getting proxy life time left
DEBUG 2017-11-15 08:05:54,700: 	 Executing : 
 command : voms-proxy-info -file /tmp/x509up_u52190 -timeleft
 output : 80929

 error: 
 retcode : 0
DEBUG 2017-11-15 08:05:54,803: 	 Executing : 
 command : voms-proxy-info -file /tmp/x509up_u52190 -actimeleft
 output : 80928

 error: 
 retcode : 0
DEBUG 2017-11-15 08:05:54,804: 	 Proxy valid for 22:28:49 hours
DEBUG 2017-11-15 08:05:56,638: 	 Registering user credentials for server /DC=ch/DC=cern/OU=computers/CN=vocms(045|052|021|031|0118|0118a|0119|0108|0105|0109).cern.ch
DEBUG 2017-11-15 08:05:56,753: 	 Executing : 
 command : openssl x509 -in ~/.globus/usercert.pem -subject -noout
 output : subject= /DC=ch/DC=cern/OU=Organic Units/OU=Users/CN=shigginb/CN=785176/CN=Sam Higginbotham

 error: 
 retcode : 0
DEBUG 2017-11-15 08:05:56,754: 	 Getting myproxy life time left for myproxy.cern.ch
DEBUG 2017-11-15 08:05:56,754: 	 Calculating hash of /DC=ch/DC=cern/OU=Organic Units/OU=Users/CN=shigginb/CN=785176/CN=Sam Higginbotham_cmsweb.cern.ch for credential name
DEBUG 2017-11-15 08:05:57,458: 	 Executing : 
 command : myproxy-info -l 2f318c7a260d78734589f2cc772d26b8be79ec6c -s myproxy.cern.ch
 output : username: 2f318c7a260d78734589f2cc772d26b8be79ec6c
owner: /DC=ch/DC=cern/OU=Organic Units/OU=Users/CN=shigginb/CN=785176/CN=Sam Higginbotham
  renewal policy: /DC=ch/DC=cern/OU=computers/CN=vocms(045|052|021|031|0118|0118a|0119|0108|0105|0109).cern.ch
  trusted retrieval policy: /DC=ch/DC=cern/OU=computers/CN=vocms(045|052|021|031|0118|0118a|0119|0108|0105|0109).cern.ch
  timeleft: 431:17:44  (18.0 days)

 error: 
 retcode : 0
DEBUG 2017-11-15 08:05:57,460: 	 Myproxy is valid: 1552664
DEBUG 2017-11-15 08:05:57,460: 	 Command use: status
DEBUG 2017-11-15 08:05:57,460: 	 Options use: ['-d', 'crab_20171115_074022/']
DEBUG 2017-11-15 08:05:59,189: 	 CRABClient version: 3.3.1707.patch1
DEBUG 2017-11-15 08:05:59,189: 	 Instance is prod
DEBUG 2017-11-15 08:05:59,189: 	 Server base url is cmsweb.cern.ch
DEBUG 2017-11-15 08:05:59,189: 	 Command url /crabserver/prod/workflow
DEBUG 2017-11-15 08:06:00,799: 	 Got information from server oracle database: {u'result': [u'171115_134048:shigginb_crab_20171115_074022', u'None', u'SUBMITTED', u'2017-11-15 13:40:48.327730', u'None', u'2017-11-15 13:41:53.932814', u'None', u'CMSSW_9_3_2', u'slc6_amd64_gcc630', u'/TprimeBToTH_M-3000_Width-20p_LH_TuneCUETP8M2T4_14TeV-madgraph-pythia8/PhaseIITDRFall17MiniAOD-PU200_93X_upgrade2023_realistic_v2-v1/MINIAODSIM', u'[]', u'[]', u'FileBased', u"{'splitOnRun': False, 'halt_job_on_file_boundaries': False, 'files_per_job': 1, 'runs': [], 'lumis': []}", u'0', u'4e198fb019d07e682a8bd09208595d4eb73bac82ae7f6e24154a54b4451cc952.tar.gz', u'https://cmsweb.cern.ch/crabcache', u'shigginb', u'/DC=ch/DC=cern/OU=Organic Units/OU=Users/CN=shigginb/CN=785176/CN=Sam Higginbotham', u'cms', u'None', u'None', u'crab_20171115_074022-00000000000000000000000000000000', u'T3_US_FNALLPC', u'https://cmsweb.cern.ch/dbs/prod/global/DBSReader', u'https://cmsweb.cern.ch/dbs/prod/phys03/DBSWriter', u'F', u'Analysis', u'{}', u'[]', u'F', u'vocms052', u'[]', u'1250', u'1', u'2000', u'10', u'None', u'http://vocms0198.cern.ch/mon/cms1359/171115_134048:shigginb_crab_20171115_074022', u'None', u'None', u'[]', u'[]', u'[]', u'pythia', u'[]', u"['analysis.root']", u'[]', u'https://cmsweb.cern.ch/crabserver/prod', u'None', u'0', u'cmssrv221.fnal.gov:9620', u'crab3@vocms0198.cern.ch', u'F', u'[]', u'T', u'/store/user/shigginb/', u'F', u'None', u'F', u'F', u'F', u'None', u'TprimeBToTH_M-3000_Width-20p_LH_TuneCUETP8M2T4_14TeV-madgraph-pythia8', u'filetransfers', u'SUBMIT', u'13823321', u'9aeccd5071284fa2856e90010826571c079c3c394be76e7f98f18efac53b5bea.tar.gz', u'131.225.190.56', u'F', u'None'], u'desc': {u'columns': [u'tm_taskname', u'panda_jobset_id', u'tm_task_status', u'tm_start_time', u'tm_start_injection', u'tm_end_injection', u'tm_task_failure', u'tm_job_sw', u'tm_job_arch', u'tm_input_dataset', u'tm_site_whitelist', u'tm_site_blacklist', u'tm_split_algo', u'tm_split_args', u'tm_totalunits', u'tm_user_sandbox', u'tm_cache_url', u'tm_username', u'tm_user_dn', u'tm_user_vo', u'tm_user_role', u'tm_user_group', u'tm_publish_name', u'tm_asyncdest', u'tm_dbs_url', u'tm_publish_dbs_url', u'tm_publication', u'tm_job_type', u'tm_arguments', u'panda_resubmitted_jobs', u'tm_save_logs', u'tw_name', u'tm_user_infiles', u'tm_maxjobruntime', u'tm_numcores', u'tm_maxmemory', u'tm_priority', u'tm_output_dataset', u'tm_user_webdir', u'tm_activity', u'tm_scriptexe', u'tm_scriptargs', u'tm_extrajdl', u'tm_task_warnings', u'tm_generator', u'tm_outfiles', u'tm_tfile_outfiles', u'tm_edm_outfiles', u'tm_asourl', u'tm_events_per_lumi', u'tm_use_parent', u'tm_collector', u'tm_schedd', u'tm_dry_run', u'tm_user_files', u'tm_transfer_outputs', u'tm_output_lfn', u'tm_ignore_locality', u'tm_fail_limit', u'tm_one_event_mode', u'tm_publish_groupname', u'tm_nonvalid_input_dataset', u'tm_secondary_input_dataset', u'tm_primary_dataset', u'tm_asodb', u'tm_task_command', u'clusterid', u'tm_debug_files', u'tm_submitter_ip_addr', u'tm_ignore_global_blacklist', u'tm_last_publication']}}
INFO 2017-11-15 08:06:00,799: 	 CRAB project directory:		/uscms_data/d3/samuellh/WorkingArea/TauAnalysis/CMSSW_9_3_2/src/PUAnalysis/VBFtt2017/crab/VBF56/crab_20171115_074022
INFO 2017-11-15 08:06:00,799: 	 Task name:			171115_134048:shigginb_crab_20171115_074022
INFO 2017-11-15 08:06:00,799: 	 Grid scheduler:			crab3@vocms0198.cern.ch
INFO 2017-11-15 08:06:00,800: 	 Status on the CRAB server:	SUBMITTED
INFO 2017-11-15 08:06:00,800: 	 Task URL to use for HELP:	https://cmsweb.cern.ch/crabserver/ui/task/171115_134048%3Ashigginb_crab_20171115_074022
INFO 2017-11-15 08:06:00,800: 	 Dashboard monitoring URL:	http://dashb-cms-job.cern.ch/dashboard/templates/task-analysis/#user=shigginb&refresh=0&table=Jobs&p=1&records=25&activemenu=2&status=&site=&tid=171115_134048%3Ashigginb_crab_20171115_074022
DEBUG 2017-11-15 08:06:00,800: 	 The CRAB server submitted your task to the Grid scheduler (cluster ID: 13823321)
DEBUG 2017-11-15 08:06:00,800: 	 Webdir is located at http://vocms0198.cern.ch/mon/cms1359/171115_134048:shigginb_crab_20171115_074022
DEBUG 2017-11-15 08:06:02,621: 	 Proxied webdir is located at https://cmsweb.cern.ch/scheddmon/0198/cms1359/171115_134048:shigginb_crab_20171115_074022
DEBUG 2017-11-15 08:06:02,621: 	 Retrieving 'status_cache' file from https://cmsweb.cern.ch/scheddmon/0198/cms1359/171115_134048:shigginb_crab_20171115_074022/status_cache
DEBUG 2017-11-15 08:06:04,274: 	 Got information from status cache file: {'1': {'Retries': 0, 'WallDurations': [258.0], 'StartTimes': [1510754050.0], 'SubmitTimes': [1510753329.0], 'JobIds': ['13823325.0'], 'EndTimes': [1510754308.0], 'Restarts': 0, 'RecordedSite': False, 'State': 'finished', 'ResidentSetSize': [2684], 'TotalUserCpuTimeHistory': [178], 'SiteHistory': ['Unknown'], 'TotalSysCpuTimeHistory': [7]}, '3': {'Retries': 0, 'WallDurations': [310.0], 'StartTimes': [1510754047.0], 'SubmitTimes': [1510753329.0], 'JobIds': ['13823323.0'], 'EndTimes': [], 'Restarts': 0, 'RecordedSite': False, 'State': 'running', 'ResidentSetSize': [752432], 'TotalUserCpuTimeHistory': [0], 'SiteHistory': ['Unknown'], 'TotalSysCpuTimeHistory': [0]}, '2': {'Retries': 0, 'WallDurations': [308.0], 'StartTimes': [1510754048.0], 'SubmitTimes': [1510753330.0], 'JobIds': ['13823329.0'], 'EndTimes': [], 'Restarts': 0, 'RecordedSite': False, 'State': 'running', 'ResidentSetSize': [715560], 'TotalUserCpuTimeHistory': [0], 'SiteHistory': ['Unknown'], 'TotalSysCpuTimeHistory': [0]}, '5': {'Retries': 0, 'WallDurations': [94.0], 'StartTimes': [1510754050.0], 'SubmitTimes': [1510753330.0], 'JobIds': ['13823328.0'], 'EndTimes': [1510754144.0], 'Restarts': 0, 'RecordedSite': False, 'State': 'finished', 'ResidentSetSize': [2688], 'TotalUserCpuTimeHistory': [49], 'SiteHistory': ['Unknown'], 'TotalSysCpuTimeHistory': [1]}, '4': {'Retries': 0, 'WallDurations': [165.0], 'StartTimes': [1510754048.0], 'SubmitTimes': [1510753329.0], 'JobIds': ['13823324.0'], 'EndTimes': [1510754213.0], 'Restarts': 0, 'RecordedSite': False, 'State': 'finished', 'ResidentSetSize': [2604], 'TotalUserCpuTimeHistory': [111], 'SiteHistory': ['Unknown'], 'TotalSysCpuTimeHistory': [3]}, '7': {'Retries': 0, 'WallDurations': [69.0], 'StartTimes': [1510754050.0], 'SubmitTimes': [1510753330.0], 'JobIds': ['13823327.0'], 'EndTimes': [1510754119.0], 'Restarts': 0, 'RecordedSite': False, 'State': 'finished', 'ResidentSetSize': [2624], 'TotalUserCpuTimeHistory': [30], 'SiteHistory': ['Unknown'], 'TotalSysCpuTimeHistory': [1]}, '6': {'Retries': 0, 'WallDurations': [910.0], 'StartTimes': [1510753473.0], 'SubmitTimes': [1510753330.0], 'JobIds': ['13823326.0'], 'EndTimes': [], 'Restarts': 0, 'RecordedSite': False, 'State': 'running', 'ResidentSetSize': [762540], 'TotalUserCpuTimeHistory': [0], 'SiteHistory': ['Unknown'], 'TotalSysCpuTimeHistory': [0]}}
INFO 2017-11-15 08:06:04,274: 	 Status on the scheduler:	SUBMITTED
INFO 2017-11-15 08:06:04,275: 	 
Jobs status:                    finished       57.1% (4/7)
INFO 2017-11-15 08:06:04,275: 	 				running        42.9% (3/7)
INFO 2017-11-15 08:06:04,275: 	 
No publication information (publication has been disabled in the CRAB configuration file)
INFO 2017-11-15 08:06:04,285: 	 Log file is /uscms_data/d3/samuellh/WorkingArea/TauAnalysis/CMSSW_9_3_2/src/PUAnalysis/VBFtt2017/crab/VBF56/crab_20171115_074022/crab.log
DEBUG 2017-11-15 09:18:53,691: 	 Executing command: 'status'
DEBUG 2017-11-15 09:18:53,691: 	 Found CRAB cache file /uscms/home/samuellh/.crab3
DEBUG 2017-11-15 09:18:53,698: 	 Checking credentials
DEBUG 2017-11-15 09:18:53,698: 	 Found proxy file /tmp/x509up_u52190
DEBUG 2017-11-15 09:18:53,698: 	 Getting proxy life time left
DEBUG 2017-11-15 09:18:53,802: 	 Executing : 
 command : voms-proxy-info -file /tmp/x509up_u52190 -timeleft
 output : 76550

 error: 
 retcode : 0
DEBUG 2017-11-15 09:18:53,905: 	 Executing : 
 command : voms-proxy-info -file /tmp/x509up_u52190 -actimeleft
 output : 76549

 error: 
 retcode : 0
DEBUG 2017-11-15 09:18:53,905: 	 Proxy valid for 21:15:50 hours
DEBUG 2017-11-15 09:18:54,018: 	 Executing : 
 command : openssl x509 -in ~/.globus/usercert.pem -subject -noout
 output : subject= /DC=ch/DC=cern/OU=Organic Units/OU=Users/CN=shigginb/CN=785176/CN=Sam Higginbotham

 error: 
 retcode : 0
DEBUG 2017-11-15 09:18:54,019: 	 Checking credentials
DEBUG 2017-11-15 09:18:54,019: 	 Found proxy file /tmp/x509up_u52190
DEBUG 2017-11-15 09:18:54,019: 	 Getting proxy life time left
DEBUG 2017-11-15 09:18:54,122: 	 Executing : 
 command : voms-proxy-info -file /tmp/x509up_u52190 -timeleft
 output : 76549

 error: 
 retcode : 0
DEBUG 2017-11-15 09:18:54,226: 	 Executing : 
 command : voms-proxy-info -file /tmp/x509up_u52190 -actimeleft
 output : 76548

 error: 
 retcode : 0
DEBUG 2017-11-15 09:18:54,226: 	 Proxy valid for 21:15:49 hours
DEBUG 2017-11-15 09:18:56,017: 	 Registering user credentials for server /DC=ch/DC=cern/OU=computers/CN=vocms(045|052|021|031|0118|0118a|0119|0108|0105|0109).cern.ch
DEBUG 2017-11-15 09:18:56,122: 	 Executing : 
 command : openssl x509 -in ~/.globus/usercert.pem -subject -noout
 output : subject= /DC=ch/DC=cern/OU=Organic Units/OU=Users/CN=shigginb/CN=785176/CN=Sam Higginbotham

 error: 
 retcode : 0
DEBUG 2017-11-15 09:18:56,122: 	 Getting myproxy life time left for myproxy.cern.ch
DEBUG 2017-11-15 09:18:56,122: 	 Calculating hash of /DC=ch/DC=cern/OU=Organic Units/OU=Users/CN=shigginb/CN=785176/CN=Sam Higginbotham_cmsweb.cern.ch for credential name
DEBUG 2017-11-15 09:18:56,827: 	 Executing : 
 command : myproxy-info -l 2f318c7a260d78734589f2cc772d26b8be79ec6c -s myproxy.cern.ch
 output : username: 2f318c7a260d78734589f2cc772d26b8be79ec6c
owner: /DC=ch/DC=cern/OU=Organic Units/OU=Users/CN=shigginb/CN=785176/CN=Sam Higginbotham
  renewal policy: /DC=ch/DC=cern/OU=computers/CN=vocms(045|052|021|031|0118|0118a|0119|0108|0105|0109).cern.ch
  trusted retrieval policy: /DC=ch/DC=cern/OU=computers/CN=vocms(045|052|021|031|0118|0118a|0119|0108|0105|0109).cern.ch
  timeleft: 430:04:45  (17.9 days)

 error: 
 retcode : 0
DEBUG 2017-11-15 09:18:56,829: 	 Myproxy is valid: 1548285
DEBUG 2017-11-15 09:18:56,829: 	 Command use: status
DEBUG 2017-11-15 09:18:56,829: 	 Options use: ['-d', 'crab_20171115_074022/']
DEBUG 2017-11-15 09:18:58,594: 	 CRABClient version: 3.3.1707.patch1
DEBUG 2017-11-15 09:18:58,595: 	 Instance is prod
DEBUG 2017-11-15 09:18:58,595: 	 Server base url is cmsweb.cern.ch
DEBUG 2017-11-15 09:18:58,595: 	 Command url /crabserver/prod/workflow
DEBUG 2017-11-15 09:19:00,271: 	 Got information from server oracle database: {u'result': [u'171115_134048:shigginb_crab_20171115_074022', u'None', u'SUBMITTED', u'2017-11-15 13:40:48.327730', u'None', u'2017-11-15 13:41:53.932814', u'None', u'CMSSW_9_3_2', u'slc6_amd64_gcc630', u'/TprimeBToTH_M-3000_Width-20p_LH_TuneCUETP8M2T4_14TeV-madgraph-pythia8/PhaseIITDRFall17MiniAOD-PU200_93X_upgrade2023_realistic_v2-v1/MINIAODSIM', u'[]', u'[]', u'FileBased', u"{'splitOnRun': False, 'halt_job_on_file_boundaries': False, 'files_per_job': 1, 'runs': [], 'lumis': []}", u'0', u'4e198fb019d07e682a8bd09208595d4eb73bac82ae7f6e24154a54b4451cc952.tar.gz', u'https://cmsweb.cern.ch/crabcache', u'shigginb', u'/DC=ch/DC=cern/OU=Organic Units/OU=Users/CN=shigginb/CN=785176/CN=Sam Higginbotham', u'cms', u'None', u'None', u'crab_20171115_074022-00000000000000000000000000000000', u'T3_US_FNALLPC', u'https://cmsweb.cern.ch/dbs/prod/global/DBSReader', u'https://cmsweb.cern.ch/dbs/prod/phys03/DBSWriter', u'F', u'Analysis', u'{}', u'[]', u'F', u'vocms052', u'[]', u'1250', u'1', u'2000', u'10', u'None', u'http://vocms0198.cern.ch/mon/cms1359/171115_134048:shigginb_crab_20171115_074022', u'None', u'None', u'[]', u'[]', u'[]', u'pythia', u'[]', u"['analysis.root']", u'[]', u'https://cmsweb.cern.ch/crabserver/prod', u'None', u'0', u'cmssrv221.fnal.gov:9620', u'crab3@vocms0198.cern.ch', u'F', u'[]', u'T', u'/store/user/shigginb/', u'F', u'None', u'F', u'F', u'F', u'None', u'TprimeBToTH_M-3000_Width-20p_LH_TuneCUETP8M2T4_14TeV-madgraph-pythia8', u'filetransfers', u'SUBMIT', u'13823321', u'9aeccd5071284fa2856e90010826571c079c3c394be76e7f98f18efac53b5bea.tar.gz', u'131.225.190.56', u'F', u'None'], u'desc': {u'columns': [u'tm_taskname', u'panda_jobset_id', u'tm_task_status', u'tm_start_time', u'tm_start_injection', u'tm_end_injection', u'tm_task_failure', u'tm_job_sw', u'tm_job_arch', u'tm_input_dataset', u'tm_site_whitelist', u'tm_site_blacklist', u'tm_split_algo', u'tm_split_args', u'tm_totalunits', u'tm_user_sandbox', u'tm_cache_url', u'tm_username', u'tm_user_dn', u'tm_user_vo', u'tm_user_role', u'tm_user_group', u'tm_publish_name', u'tm_asyncdest', u'tm_dbs_url', u'tm_publish_dbs_url', u'tm_publication', u'tm_job_type', u'tm_arguments', u'panda_resubmitted_jobs', u'tm_save_logs', u'tw_name', u'tm_user_infiles', u'tm_maxjobruntime', u'tm_numcores', u'tm_maxmemory', u'tm_priority', u'tm_output_dataset', u'tm_user_webdir', u'tm_activity', u'tm_scriptexe', u'tm_scriptargs', u'tm_extrajdl', u'tm_task_warnings', u'tm_generator', u'tm_outfiles', u'tm_tfile_outfiles', u'tm_edm_outfiles', u'tm_asourl', u'tm_events_per_lumi', u'tm_use_parent', u'tm_collector', u'tm_schedd', u'tm_dry_run', u'tm_user_files', u'tm_transfer_outputs', u'tm_output_lfn', u'tm_ignore_locality', u'tm_fail_limit', u'tm_one_event_mode', u'tm_publish_groupname', u'tm_nonvalid_input_dataset', u'tm_secondary_input_dataset', u'tm_primary_dataset', u'tm_asodb', u'tm_task_command', u'clusterid', u'tm_debug_files', u'tm_submitter_ip_addr', u'tm_ignore_global_blacklist', u'tm_last_publication']}}
INFO 2017-11-15 09:19:00,272: 	 CRAB project directory:		/uscms_data/d3/samuellh/WorkingArea/TauAnalysis/CMSSW_9_3_2/src/PUAnalysis/VBFtt2017/crab/VBF56/crab_20171115_074022
INFO 2017-11-15 09:19:00,272: 	 Task name:			171115_134048:shigginb_crab_20171115_074022
INFO 2017-11-15 09:19:00,272: 	 Grid scheduler:			crab3@vocms0198.cern.ch
INFO 2017-11-15 09:19:00,272: 	 Status on the CRAB server:	SUBMITTED
INFO 2017-11-15 09:19:00,272: 	 Task URL to use for HELP:	https://cmsweb.cern.ch/crabserver/ui/task/171115_134048%3Ashigginb_crab_20171115_074022
INFO 2017-11-15 09:19:00,272: 	 Dashboard monitoring URL:	http://dashb-cms-job.cern.ch/dashboard/templates/task-analysis/#user=shigginb&refresh=0&table=Jobs&p=1&records=25&activemenu=2&status=&site=&tid=171115_134048%3Ashigginb_crab_20171115_074022
DEBUG 2017-11-15 09:19:00,272: 	 The CRAB server submitted your task to the Grid scheduler (cluster ID: 13823321)
DEBUG 2017-11-15 09:19:00,272: 	 Webdir is located at http://vocms0198.cern.ch/mon/cms1359/171115_134048:shigginb_crab_20171115_074022
DEBUG 2017-11-15 09:19:02,059: 	 Proxied webdir is located at https://cmsweb.cern.ch/scheddmon/0198/cms1359/171115_134048:shigginb_crab_20171115_074022
DEBUG 2017-11-15 09:19:02,059: 	 Retrieving 'status_cache' file from https://cmsweb.cern.ch/scheddmon/0198/cms1359/171115_134048:shigginb_crab_20171115_074022/status_cache
DEBUG 2017-11-15 09:19:03,673: 	 Got information from status cache file: {'1': {'Retries': 0, 'WallDurations': [258.0], 'StartTimes': [1510754050.0], 'SubmitTimes': [1510753329.0], 'JobIds': ['13823325.0'], 'EndTimes': [1510754308.0], 'Restarts': 0, 'RecordedSite': False, 'State': 'finished', 'ResidentSetSize': [2684], 'TotalUserCpuTimeHistory': [178], 'SiteHistory': ['Unknown'], 'TotalSysCpuTimeHistory': [7]}, '3': {'Retries': 0, 'WallDurations': [756.0], 'StartTimes': [1510754047.0], 'SubmitTimes': [1510753329.0], 'JobIds': ['13823323.0'], 'EndTimes': [1510754803.0], 'Restarts': 0, 'RecordedSite': False, 'State': 'finished', 'ResidentSetSize': [754628], 'TotalUserCpuTimeHistory': [200], 'SiteHistory': ['Unknown'], 'TotalSysCpuTimeHistory': [7]}, '2': {'Retries': 0, 'WallDurations': [1251.0], 'StartTimes': [1510754048.0], 'SubmitTimes': [1510753330.0], 'JobIds': ['13823329.0'], 'EndTimes': [1510755299.0], 'Restarts': 0, 'RecordedSite': False, 'State': 'finished', 'ResidentSetSize': [1858960], 'TotalUserCpuTimeHistory': [575], 'SiteHistory': ['Unknown'], 'TotalSysCpuTimeHistory': [22]}, '5': {'Retries': 0, 'WallDurations': [94.0], 'StartTimes': [1510754050.0], 'SubmitTimes': [1510753330.0], 'JobIds': ['13823328.0'], 'EndTimes': [1510754144.0], 'Restarts': 0, 'RecordedSite': False, 'State': 'finished', 'ResidentSetSize': [2688], 'TotalUserCpuTimeHistory': [49], 'SiteHistory': ['Unknown'], 'TotalSysCpuTimeHistory': [1]}, '4': {'Retries': 0, 'WallDurations': [165.0], 'StartTimes': [1510754048.0], 'SubmitTimes': [1510753329.0], 'JobIds': ['13823324.0'], 'EndTimes': [1510754213.0], 'Restarts': 0, 'RecordedSite': False, 'State': 'finished', 'ResidentSetSize': [2604], 'TotalUserCpuTimeHistory': [111], 'SiteHistory': ['Unknown'], 'TotalSysCpuTimeHistory': [3]}, '7': {'Retries': 0, 'WallDurations': [69.0], 'StartTimes': [1510754050.0], 'SubmitTimes': [1510753330.0], 'JobIds': ['13823327.0'], 'EndTimes': [1510754119.0], 'Restarts': 0, 'RecordedSite': False, 'State': 'finished', 'ResidentSetSize': [2624], 'TotalUserCpuTimeHistory': [30], 'SiteHistory': ['Unknown'], 'TotalSysCpuTimeHistory': [1]}, '6': {'Retries': 0, 'WallDurations': [1317.0], 'StartTimes': [1510753473.0], 'SubmitTimes': [1510753330.0], 'JobIds': ['13823326.0'], 'EndTimes': [1510754790.0], 'Restarts': 0, 'RecordedSite': False, 'State': 'finished', 'ResidentSetSize': [821680], 'TotalUserCpuTimeHistory': [226], 'SiteHistory': ['Unknown'], 'TotalSysCpuTimeHistory': [12]}}
INFO 2017-11-15 09:19:03,673: 	 Status on the scheduler:	COMPLETED
INFO 2017-11-15 09:19:03,674: 	 
Jobs status:                    finished      100.0% (7/7)
INFO 2017-11-15 09:19:03,674: 	 
No publication information (publication has been disabled in the CRAB configuration file)
INFO 2017-11-15 09:19:03,684: 	 Log file is /uscms_data/d3/samuellh/WorkingArea/TauAnalysis/CMSSW_9_3_2/src/PUAnalysis/VBFtt2017/crab/VBF56/crab_20171115_074022/crab.log
