('The system path in the config file ', ['/cvmfs/cms.cern.ch/crab3/slc6_amd64_gcc493/cms/crabclient/3.3.1707.patch1/bin', '/uscms_data/d3/samuellh/WorkingArea/TauAnalysis/CMSSW_9_3_2/python', '/uscms_data/d3/samuellh/WorkingArea/TauAnalysis/CMSSW_9_3_2/lib/slc6_amd64_gcc630', '/cvmfs/cms.cern.ch/slc6_amd64_gcc630/cms/cmssw/CMSSW_9_3_2/python', '/cvmfs/cms.cern.ch/slc6_amd64_gcc630/cms/cmssw/CMSSW_9_3_2/lib/slc6_amd64_gcc630', '/cvmfs/cms.cern.ch/slc6_amd64_gcc630/cms/coral/CORAL_2_3_21-ghjeda6/slc6_amd64_gcc630/python', '/cvmfs/cms.cern.ch/slc6_amd64_gcc630/cms/coral/CORAL_2_3_21-ghjeda6/slc6_amd64_gcc630/lib', '/cvmfs/cms.cern.ch/slc6_amd64_gcc630/external/professor2/2.2.1-ghjeda6/lib/python2.7/site-packages', '/cvmfs/cms.cern.ch/slc6_amd64_gcc630/external/pyqt/4.11.4-mlhled2/lib/python2.7/site-packages', '/cvmfs/cms.cern.ch/slc6_amd64_gcc630/external/sherpa/2.2.4-ghjeda/lib/python2.7/site-packages', '/cvmfs/cms.cern.ch/slc6_amd64_gcc630/external/rivet/2.5.2-ghjeda4/lib/python2.7/site-packages', '/cvmfs/cms.cern.ch/slc6_amd64_gcc630/external/python-ldap/2.4.10-mlhled2/lib/python2.7/site-packages', '/cvmfs/cms.cern.ch/slc6_amd64_gcc630/external/py2-matplotlib/1.5.2-njopjo/lib/python2.7/site-packages', '/cvmfs/cms.cern.ch/slc6_amd64_gcc630/external/sip/4.17-mlhled2/lib/python2.7/site-packages', '/cvmfs/cms.cern.ch/slc6_amd64_gcc630/external/llvm/4.0.0-njopjo/lib64/python2.7/site-packages', '/cvmfs/cms.cern.ch/slc6_amd64_gcc630/external/py2-sqlalchemy/1.1.4-mlhled2/lib/python2.7/site-packages', '/cvmfs/cms.cern.ch/slc6_amd64_gcc630/external/py2-lint/0.25.1-mlhled2/lib/python2.7/site-packages', '/cvmfs/cms.cern.ch/slc6_amd64_gcc630/external/py2-dxr/1.0-ghjeda6/lib/python2.7/site-packages', '/cvmfs/cms.cern.ch/slc6_amd64_gcc630/external/py2-cx-oracle/5.2.1-mlhled2/lib/python2.7/site-packages', '/cvmfs/cms.cern.ch/slc6_amd64_gcc630/external/py2-numpy/1.12.1-mlhled2/lib/python2.7/site-packages', '/cvmfs/cms.cern.ch/slc6_amd64_gcc630/external/frontier_client/2.8.20-mlhled2/python/lib', '/cvmfs/cms.cern.ch/slc6_amd64_gcc630/cms/das_client/v03.01.00-mlhled2/bin', '/cvmfs/cms.cern.ch/slc6_amd64_gcc630/external/xrootd/4.6.1/lib/python2.7/site-packages', '/cvmfs/cms.cern.ch/slc6_amd64_gcc630/external/yoda/1.6.5-ghjeda4/lib/python2.7/site-packages', '/cvmfs/cms.cern.ch/slc6_amd64_gcc630/lcg/root/6.10.04-ghjeda/lib', '/cvmfs/cms.cern.ch/slc6_amd64_gcc630/external/pyminuit2/0.0.1-ghjeda4/lib/python2.7/site-packages', '/cvmfs/cms.cern.ch/slc6_amd64_gcc630/external/py2-PyYAML/3.11-mlhled2/lib/python2.7/site-packages', '/cvmfs/cms.cern.ch/slc6_amd64_gcc630/external/py2-pygithub/1.23.0-mlhled2/lib/python2.7/site-packages', '/cvmfs/cms.cern.ch/slc6_amd64_gcc630/external/py2-pip/9.0.1-mlhled2/lib/python2.7/site-packages', '/cvmfs/cms.cern.ch/slc6_amd64_gcc630/external/py2-dablooms/0.9.1-mlhled2/lib/python2.7/site-packages', '/cvmfs/cms.cern.ch/slc6_amd64_gcc630/external/py2-pippkgs_depscipy/3.0-ghjeda6/lib/python2.7/site-packages', '/cvmfs/cms.cern.ch/slc6_amd64_gcc630/external/py2-pippkgs/5.0-ghjeda6/lib/python2.7/site-packages', '/cvmfs/cms.cern.ch/slc6_amd64_gcc630/external/professor/1.4.0-ghjeda4/lib/python2.7/site-packages', '/cvmfs/cms.cern.ch/slc6_amd64_gcc630/cms/dbs-client/DBS_2_1_9-mlhled2/lib', '/cvmfs/cms.cern.ch/slc6_amd64_gcc630/cms/dbs-client/DBS_2_1_9-mlhled2/lib/DBSAPI', '/cvmfs/cms.cern.ch/slc6_amd64_gcc630/external/cvs2git/5419-mlhled2/lib', '/cvmfs/cms.cern.ch/crab3/slc6_amd64_gcc493/cms/crabclient/3.3.1707.patch1/lib/python2.7/site-packages', '/cvmfs/cms.cern.ch/crab3/slc6_amd64_gcc493/cms/dbs3-client/3.4.4/lib/python2.7/site-packages', '/cvmfs/cms.cern.ch/crab3/slc6_amd64_gcc493/cms/dbs3-pycurl-client/3.4.4/lib/python2.7/site-packages', '/cvmfs/cms.cern.ch/slc6_amd64_gcc630/external/py2-sqlalchemy/1.1.4-mlhled2/lib/python2.7/site-packages/SQLAlchemy-1.1.4-py2.7-linux-x86_64.egg', '/cvmfs/cms.cern.ch/slc6_amd64_gcc630/external/py2-numpy/1.12.1-mlhled2/lib/python2.7/site-packages/numpy-1.12.1-py2.7-linux-x86_64.egg', '/cvmfs/cms.cern.ch/slc6_amd64_gcc630/external/python/2.7.11-mlhled2/lib/python27.zip', '/cvmfs/cms.cern.ch/slc6_amd64_gcc630/external/python/2.7.11-mlhled2/lib/python2.7', '/cvmfs/cms.cern.ch/slc6_amd64_gcc630/external/python/2.7.11-mlhled2/lib/python2.7/plat-linux2', '/cvmfs/cms.cern.ch/slc6_amd64_gcc630/external/python/2.7.11-mlhled2/lib/python2.7/lib-tk', '/cvmfs/cms.cern.ch/slc6_amd64_gcc630/external/python/2.7.11-mlhled2/lib/python2.7/lib-old', '/cvmfs/cms.cern.ch/slc6_amd64_gcc630/external/python/2.7.11-mlhled2/lib/python2.7/lib-dynload', '/cvmfs/cms.cern.ch/slc6_amd64_gcc630/external/python/2.7.11-mlhled2/lib/python2.7/site-packages', '/uscms_data/d3/samuellh/WorkingArea/TauAnalysis/CMSSW_9_3_2/src/PUAnalysis/VBFtt2017/crab/VBF1'])
 ##################################################################### 
 # WARNING: the module CondCore.DBCommon.CondDBSetup is deprecated.  # 
 # Please import CondCore.CondDB.CondDB_cfi                          # 
 ##################################################################### 
recorrecting the jets
List Of Filters
['processedEvents', 'initialEventsTT', 'DiMuonCreation', 'AtLeastOneDiTau', 'TTTauPtEta', 'TTTauDecayFound', 'TTTauStandardDecayFound', 'TTTauDRSel', 'TTSync', 'TTAntiEle', 'TTAntiMu', 'TTIso', 'TTOS']
DEBUG 2017-11-15 07:17:11,942: 	 Executing command: 'submit'
DEBUG 2017-11-15 07:17:11,942: 	 Found CRAB cache file /uscms/home/samuellh/.crab3
DEBUG 2017-11-15 07:17:11,949: 	 Checking credentials
DEBUG 2017-11-15 07:17:11,950: 	 Found proxy file /tmp/x509up_u52190
DEBUG 2017-11-15 07:17:11,950: 	 Getting proxy life time left
DEBUG 2017-11-15 07:17:12,053: 	 Executing : 
 command : voms-proxy-info -file /tmp/x509up_u52190 -timeleft
 output : 83851

 error: 
 retcode : 0
DEBUG 2017-11-15 07:17:12,156: 	 Executing : 
 command : voms-proxy-info -file /tmp/x509up_u52190 -actimeleft
 output : 83850

 error: 
 retcode : 0
DEBUG 2017-11-15 07:17:12,156: 	 Proxy valid for 23:17:31 hours
INFO 2017-11-15 07:17:12,156: 	 Will use CRAB configuration file crab3_TT_MC.py
DEBUG 2017-11-15 07:17:12,156: 	 Loading CRAB configuration file.
DEBUG 2017-11-15 07:17:12,164: 	 Will use CRAB Analysis plugin (i.e. will run an analysis job type).
DEBUG 2017-11-15 07:17:12,279: 	 Executing : 
 command : openssl x509 -in ~/.globus/usercert.pem -subject -noout
 output : subject= /DC=ch/DC=cern/OU=Organic Units/OU=Users/CN=shigginb/CN=785176/CN=Sam Higginbotham

 error: 
 retcode : 0
DEBUG 2017-11-15 07:17:12,279: 	 Checking credentials
DEBUG 2017-11-15 07:17:12,280: 	 Found proxy file /tmp/x509up_u52190
DEBUG 2017-11-15 07:17:12,280: 	 Getting proxy life time left
DEBUG 2017-11-15 07:17:12,383: 	 Executing : 
 command : voms-proxy-info -file /tmp/x509up_u52190 -timeleft
 output : 83851

 error: 
 retcode : 0
DEBUG 2017-11-15 07:17:12,487: 	 Executing : 
 command : voms-proxy-info -file /tmp/x509up_u52190 -actimeleft
 output : 83850

 error: 
 retcode : 0
DEBUG 2017-11-15 07:17:12,487: 	 Proxy valid for 23:17:31 hours
DEBUG 2017-11-15 07:17:12,590: 	 Executing : 
 command : env X509_USER_PROXY=/tmp/x509up_u52190 voms-proxy-info -fqan
 output : /cms/Role=NULL/Capability=NULL

 error: 
 retcode : 0
DEBUG 2017-11-15 07:17:14,265: 	 Registering user credentials for server /DC=ch/DC=cern/OU=computers/CN=vocms(045|052|021|031|0118|0118a|0119|0108|0105|0109).cern.ch
DEBUG 2017-11-15 07:17:14,374: 	 Executing : 
 command : openssl x509 -in ~/.globus/usercert.pem -subject -noout
 output : subject= /DC=ch/DC=cern/OU=Organic Units/OU=Users/CN=shigginb/CN=785176/CN=Sam Higginbotham

 error: 
 retcode : 0
DEBUG 2017-11-15 07:17:14,374: 	 Getting myproxy life time left for myproxy.cern.ch
DEBUG 2017-11-15 07:17:14,374: 	 Calculating hash of /DC=ch/DC=cern/OU=Organic Units/OU=Users/CN=shigginb/CN=785176/CN=Sam Higginbotham_cmsweb.cern.ch for credential name
DEBUG 2017-11-15 07:17:15,179: 	 Executing : 
 command : myproxy-info -l 2f318c7a260d78734589f2cc772d26b8be79ec6c -s myproxy.cern.ch
 output : username: 2f318c7a260d78734589f2cc772d26b8be79ec6c
owner: /DC=ch/DC=cern/OU=Organic Units/OU=Users/CN=shigginb/CN=785176/CN=Sam Higginbotham
  renewal policy: /DC=ch/DC=cern/OU=computers/CN=vocms(045|052|021|031|0118|0118a|0119|0108|0105|0109).cern.ch
  trusted retrieval policy: /DC=ch/DC=cern/OU=computers/CN=vocms(045|052|021|031|0118|0118a|0119|0108|0105|0109).cern.ch
  timeleft: 432:06:26  (18.0 days)

 error: 
 retcode : 0
DEBUG 2017-11-15 07:17:15,180: 	 Myproxy is valid: 1555586
DEBUG 2017-11-15 07:17:15,180: 	 Command use: submit
DEBUG 2017-11-15 07:17:15,180: 	 Options use: ['-c', 'crab3_TT_MC.py']
DEBUG 2017-11-15 07:17:17,036: 	 CRABClient version: 3.3.1707.patch1
DEBUG 2017-11-15 07:17:17,036: 	 Instance is prod
DEBUG 2017-11-15 07:17:17,036: 	 Server base url is cmsweb.cern.ch
DEBUG 2017-11-15 07:17:17,036: 	 Command url /crabserver/prod/workflow
DEBUG 2017-11-15 07:17:17,036: 	 Started submission
DEBUG 2017-11-15 07:17:17,036: 	 Working on /uscms_data/d3/samuellh/WorkingArea/TauAnalysis/CMSSW_9_3_2/src/PUAnalysis/VBFtt2017/crab/VBF1/crab_20171115_071712
DEBUG 2017-11-15 07:17:18,787: 	 Loading required information from the environment
DEBUG 2017-11-15 07:17:18,787: 	 Found CMSSW_9_3_2 for slc6_amd64_gcc630 with base /uscms_data/d3/samuellh/WorkingArea/TauAnalysis/CMSSW_9_3_2
DEBUG 2017-11-15 07:17:18,787: 	 Loading required information from the environment
DEBUG 2017-11-15 07:17:18,787: 	 Found CMSSW_9_3_2 for slc6_amd64_gcc630 with base /uscms_data/d3/samuellh/WorkingArea/TauAnalysis/CMSSW_9_3_2
DEBUG 2017-11-15 07:17:18,801: 	 UNIQUE NAME: tarUUID 55674e18-6c0c-47e5-a068-6d03ede5de1a 
DEBUG 2017-11-15 07:17:18,801: 	 self.config: from WMCore.Configuration import Configuration
config = Configuration()
config.section_('General')
config.section_('JobType')
config.JobType.psetName = '../../../TT-MC-Up.py'
config.JobType.pluginName = 'Analysis'
config.JobType.inputFiles = ['../../../Configuration/data/PhaseIISummer16_25nsV3_MC.db']
config.JobType.outputFiles = ['analysis.root']
config.JobType.allowUndistributedCMSSW = True
config.section_('Data')
config.Data.inputDataset = '/DYJetsToLL_M-10to50_TuneCUETP8M1_14TeV-madgraphMLM-pythia8/PhaseIITDRFall17MiniAOD-PU200_93X_upgrade2023_realistic_v2-v1/MINIAODSIM'
config.Data.unitsPerJob = 1
config.Data.publication = False
config.Data.inputDBS = 'global'
config.Data.splitting = 'FileBased'
config.section_('Site')
config.Site.storageSite = 'T3_US_FNALLPC'
config.section_('User')
config.section_('Debug')

DEBUG 2017-11-15 07:17:18,801: 	 self.config.JobType.psetName: ../../../TT-MC-Up.py
INFO 2017-11-15 07:17:18,802: 	 Importing CMSSW configuration ../../../TT-MC-Up.py
INFO 2017-11-15 07:17:21,449: 	 Finished importing CMSSW configuration ../../../TT-MC-Up.py
DEBUG 2017-11-15 07:17:21,449: 	 Writing CMSSW configuration to /uscms_data/d3/samuellh/WorkingArea/TauAnalysis/CMSSW_9_3_2/src/PUAnalysis/VBFtt2017/crab/VBF1/crab_20171115_071712/inputs/PSet.py
DEBUG 2017-11-15 07:17:22,313: 	 The following EDM output files will be collected: []
DEBUG 2017-11-15 07:17:22,313: 	 The following TFile output files will be collected: ['analysis.root']
DEBUG 2017-11-15 07:17:22,313: 	 The following user output files will be collected: []
DEBUG 2017-11-15 07:17:22,313: 	 Loading required information from the environment
DEBUG 2017-11-15 07:17:22,313: 	 Found CMSSW_9_3_2 for slc6_amd64_gcc630 with base /uscms_data/d3/samuellh/WorkingArea/TauAnalysis/CMSSW_9_3_2
DEBUG 2017-11-15 07:17:22,313: 	 Making tarball in /uscms_data/d3/samuellh/WorkingArea/TauAnalysis/CMSSW_9_3_2/src/PUAnalysis/VBFtt2017/crab/VBF1/crab_20171115_071712/inputs/55674e18-6c0c-47e5-a068-6d03ede5de1adefault.tgz
DEBUG 2017-11-15 07:17:22,342: 	 Checking directory /uscms_data/d3/samuellh/WorkingArea/TauAnalysis/CMSSW_9_3_2/lib
DEBUG 2017-11-15 07:17:22,342: 	 Adding directory /uscms_data/d3/samuellh/WorkingArea/TauAnalysis/CMSSW_9_3_2/lib to tarball
DEBUG 2017-11-15 07:17:22,867: 	 Checking directory /uscms_data/d3/samuellh/WorkingArea/TauAnalysis/CMSSW_9_3_2/biglib
DEBUG 2017-11-15 07:17:22,867: 	 Adding directory /uscms_data/d3/samuellh/WorkingArea/TauAnalysis/CMSSW_9_3_2/biglib to tarball
DEBUG 2017-11-15 07:17:22,869: 	 Checking directory /uscms_data/d3/samuellh/WorkingArea/TauAnalysis/CMSSW_9_3_2/module
DEBUG 2017-11-15 07:17:22,996: 	 Adding data directory /uscms_data/d3/samuellh/WorkingArea/TauAnalysis/CMSSW_9_3_2/src/PUAnalysis/Configuration/data to tarball
DEBUG 2017-11-15 07:17:26,057: 	 Adding data directory /uscms_data/d3/samuellh/WorkingArea/TauAnalysis/CMSSW_9_3_2/src/PUAnalysis/DataFormats/interface to tarball
DEBUG 2017-11-15 07:17:26,069: 	 Adding data directory /uscms_data/d3/samuellh/WorkingArea/TauAnalysis/CMSSW_9_3_2/src/PUAnalysis/NtupleTools/interface to tarball
DEBUG 2017-11-15 07:17:26,089: 	 Adding data directory /uscms_data/d3/samuellh/WorkingArea/TauAnalysis/CMSSW_9_3_2/src/PUAnalysis/RecoTools/interface to tarball
DEBUG 2017-11-15 07:17:26,278: 	 Adding file ../../../Configuration/data/PhaseIISummer16_25nsV3_MC.db to tarball
DEBUG 2017-11-15 07:17:26,742: 	 Uploading archive /uscms_data/d3/samuellh/WorkingArea/TauAnalysis/CMSSW_9_3_2/src/PUAnalysis/VBFtt2017/crab/VBF1/crab_20171115_071712/inputs/55674e18-6c0c-47e5-a068-6d03ede5de1adefault.tgz (11 MB) to the CRAB cache. Using URI https://cmsweb.cern.ch/crabcache
DEBUG 2017-11-15 07:17:34,330: 	 Loading required information from the environment
DEBUG 2017-11-15 07:17:34,330: 	 Found CMSSW_9_3_2 for slc6_amd64_gcc630 with base /uscms_data/d3/samuellh/WorkingArea/TauAnalysis/CMSSW_9_3_2
DEBUG 2017-11-15 07:17:34,330: 	 Making tarball in /uscms_data/d3/samuellh/WorkingArea/TauAnalysis/CMSSW_9_3_2/src/PUAnalysis/VBFtt2017/crab/VBF1/crab_20171115_071712/inputs/debugFiles.tgz
DEBUG 2017-11-15 07:17:34,351: 	 Uploading archive /uscms_data/d3/samuellh/WorkingArea/TauAnalysis/CMSSW_9_3_2/src/PUAnalysis/VBFtt2017/crab/VBF1/crab_20171115_071712/inputs/debugFiles.tgz (2 KB) to the CRAB cache. Using URI https://cmsweb.cern.ch/crabcache
DEBUG 2017-11-15 07:17:36,231: 	 Result uploading input files: 4e198fb019d07e682a8bd09208595d4eb73bac82ae7f6e24154a54b4451cc952.tar.gz 
INFO 2017-11-15 07:17:36,232: 	 Sending the request to the server
DEBUG 2017-11-15 07:17:36,232: 	 Submitting {'maxjobruntime': 1250, 'extrajdl': [], 'ignorelocality': 0, 'savelogsflag': 0, 'useparent': 0, 'asyncdest': 'T3_US_FNALLPC', 'algoargs': 1, 'cachefilename': '4e198fb019d07e682a8bd09208595d4eb73bac82ae7f6e24154a54b4451cc952.tar.gz', 'numcores': 1, 'addoutputfiles': [], 'generator': 'pythia', 'maxmemory': 2000, 'publishdbsurl': 'https://cmsweb.cern.ch/dbs/prod/phys03/DBSWriter', 'priority': 10, 'jobsw': 'CMSSW_9_3_2', 'edmoutfiles': [], 'userfiles': [], 'primarydataset': '', 'inputdata': '/DYJetsToLL_M-10to50_TuneCUETP8M1_14TeV-madgraphMLM-pythia8/PhaseIITDRFall17MiniAOD-PU200_93X_upgrade2023_realistic_v2-v1/MINIAODSIM', 'dryrun': 0, 'workflow': 'crab_20171115_071712', 'cacheurl': u'https://cmsweb.cern.ch/crabcache', 'nonprodsw': 1, 'tfileoutfiles': ['analysis.root'], 'oneEventMode': 0, 'debugfilename': '299b08f4d3d48f730375c118c8fd0b9b240dc879f7a73d57f09c42df067ef036.tar.gz', 'saveoutput': 1, 'publication': 0, 'jobarch': 'slc6_amd64_gcc630', 'totalunits': 0, 'splitalgo': 'FileBased', 'ignoreglobalblacklist': 0, 'nonvaliddata': 0, 'dbsurl': 'https://cmsweb.cern.ch/dbs/prod/global/DBSReader', 'publishgroupname': 0, 'jobtype': 'Analysis', 'publishname2': ''} 
DEBUG 2017-11-15 07:17:36,232: 	 Encoded submit request: maxjobruntime=1250&ignorelocality=0&savelogsflag=0&useparent=0&asyncdest=T3_US_FNALLPC&algoargs=1&cachefilename=4e198fb019d07e682a8bd09208595d4eb73bac82ae7f6e24154a54b4451cc952.tar.gz&numcores=1&generator=pythia&maxmemory=2000&publishdbsurl=https%3A%2F%2Fcmsweb.cern.ch%2Fdbs%2Fprod%2Fphys03%2FDBSWriter&priority=10&jobsw=CMSSW_9_3_2&primarydataset=&inputdata=%2FDYJetsToLL_M-10to50_TuneCUETP8M1_14TeV-madgraphMLM-pythia8%2FPhaseIITDRFall17MiniAOD-PU200_93X_upgrade2023_realistic_v2-v1%2FMINIAODSIM&dryrun=0&workflow=crab_20171115_071712&cacheurl=https%3A%2F%2Fcmsweb.cern.ch%2Fcrabcache&nonprodsw=1&oneEventMode=0&debugfilename=299b08f4d3d48f730375c118c8fd0b9b240dc879f7a73d57f09c42df067ef036.tar.gz&saveoutput=1&publication=0&jobarch=slc6_amd64_gcc630&totalunits=0&splitalgo=FileBased&ignoreglobalblacklist=0&nonvaliddata=0&dbsurl=https%3A%2F%2Fcmsweb.cern.ch%2Fdbs%2Fprod%2Fglobal%2FDBSReader&publishgroupname=0&jobtype=Analysis&publishname2=&tfileoutfiles=analysis.root
DEBUG 2017-11-15 07:17:38,096: 	 Result: {u'result': [{u'RequestName': u'171115_131738:shigginb_crab_20171115_071712'}]}
INFO 2017-11-15 07:17:38,100: 	 Success: Your task has been delivered to the CRAB3 server.
INFO 2017-11-15 07:17:38,100: 	 Task name: 171115_131738:shigginb_crab_20171115_071712
INFO 2017-11-15 07:17:38,100: 	 Please use 'crab status' to check how the submission process proceeds.
DEBUG 2017-11-15 07:17:38,100: 	 About to return
INFO 2017-11-15 07:17:38,106: 	 Log file is /uscms_data/d3/samuellh/WorkingArea/TauAnalysis/CMSSW_9_3_2/src/PUAnalysis/VBFtt2017/crab/VBF1/crab_20171115_071712/crab.log
DEBUG 2017-11-15 07:41:27,473: 	 Executing command: 'status'
DEBUG 2017-11-15 07:41:27,474: 	 Found CRAB cache file /uscms/home/samuellh/.crab3
DEBUG 2017-11-15 07:41:27,484: 	 Checking credentials
DEBUG 2017-11-15 07:41:27,485: 	 Found proxy file /tmp/x509up_u52190
DEBUG 2017-11-15 07:41:27,485: 	 Getting proxy life time left
DEBUG 2017-11-15 07:41:27,588: 	 Executing : 
 command : voms-proxy-info -file /tmp/x509up_u52190 -timeleft
 output : 73200

 error: 
 retcode : 0
DEBUG 2017-11-15 07:41:27,691: 	 Executing : 
 command : voms-proxy-info -file /tmp/x509up_u52190 -actimeleft
 output : 73200

 error: 
 retcode : 0
DEBUG 2017-11-15 07:41:27,691: 	 Proxy valid for 20:20:00 hours
DEBUG 2017-11-15 07:41:28,160: 	 Executing : 
 command : openssl x509 -in ~/.globus/usercert.pem -subject -noout
 output : subject= /DC=ch/DC=cern/OU=Organic Units/OU=Users/CN=shigginb/CN=785176/CN=Sam Higginbotham

 error: 
 retcode : 0
DEBUG 2017-11-15 07:41:28,161: 	 Checking credentials
DEBUG 2017-11-15 07:41:28,161: 	 Found proxy file /tmp/x509up_u52190
DEBUG 2017-11-15 07:41:28,161: 	 Getting proxy life time left
DEBUG 2017-11-15 07:41:28,264: 	 Executing : 
 command : voms-proxy-info -file /tmp/x509up_u52190 -timeleft
 output : 73199

 error: 
 retcode : 0
DEBUG 2017-11-15 07:41:28,367: 	 Executing : 
 command : voms-proxy-info -file /tmp/x509up_u52190 -actimeleft
 output : 73199

 error: 
 retcode : 0
DEBUG 2017-11-15 07:41:28,367: 	 Proxy valid for 20:19:59 hours
DEBUG 2017-11-15 07:41:29,966: 	 Registering user credentials for server /DC=ch/DC=cern/OU=computers/CN=vocms(045|052|021|031|0118|0118a|0119|0108|0105|0109).cern.ch
DEBUG 2017-11-15 07:41:30,074: 	 Executing : 
 command : openssl x509 -in ~/.globus/usercert.pem -subject -noout
 output : subject= /DC=ch/DC=cern/OU=Organic Units/OU=Users/CN=shigginb/CN=785176/CN=Sam Higginbotham

 error: 
 retcode : 0
DEBUG 2017-11-15 07:41:30,074: 	 Getting myproxy life time left for myproxy.cern.ch
DEBUG 2017-11-15 07:41:30,074: 	 Calculating hash of /DC=ch/DC=cern/OU=Organic Units/OU=Users/CN=shigginb/CN=785176/CN=Sam Higginbotham_cmsweb.cern.ch for credential name
DEBUG 2017-11-15 07:41:31,079: 	 Executing : 
 command : myproxy-info -l 2f318c7a260d78734589f2cc772d26b8be79ec6c -s myproxy.cern.ch
 output : username: 2f318c7a260d78734589f2cc772d26b8be79ec6c
owner: /DC=ch/DC=cern/OU=Organic Units/OU=Users/CN=shigginb/CN=785176/CN=Sam Higginbotham
  renewal policy: /DC=ch/DC=cern/OU=computers/CN=vocms(045|052|021|031|0118|0118a|0119|0108|0105|0109).cern.ch
  trusted retrieval policy: /DC=ch/DC=cern/OU=computers/CN=vocms(045|052|021|031|0118|0118a|0119|0108|0105|0109).cern.ch
  timeleft: 431:42:10  (18.0 days)

 error: 
 retcode : 0
DEBUG 2017-11-15 07:41:31,080: 	 Myproxy is valid: 1554130
DEBUG 2017-11-15 07:41:31,080: 	 Command use: status
DEBUG 2017-11-15 07:41:31,081: 	 Options use: ['crab_20171115_071712/']
DEBUG 2017-11-15 07:41:32,826: 	 CRABClient version: 3.3.1707.patch1
DEBUG 2017-11-15 07:41:32,826: 	 Instance is prod
DEBUG 2017-11-15 07:41:32,826: 	 Server base url is cmsweb.cern.ch
DEBUG 2017-11-15 07:41:32,826: 	 Command url /crabserver/prod/workflow
DEBUG 2017-11-15 07:41:34,456: 	 Got information from server oracle database: {u'result': [u'171115_131738:shigginb_crab_20171115_071712', u'None', u'SUBMITTED', u'2017-11-15 13:17:38.027247', u'None', u'2017-11-15 13:18:22.157880', u'None', u'CMSSW_9_3_2', u'slc6_amd64_gcc630', u'/DYJetsToLL_M-10to50_TuneCUETP8M1_14TeV-madgraphMLM-pythia8/PhaseIITDRFall17MiniAOD-PU200_93X_upgrade2023_realistic_v2-v1/MINIAODSIM', u'[]', u'[]', u'FileBased', u"{'splitOnRun': False, 'halt_job_on_file_boundaries': False, 'files_per_job': 1, 'runs': [], 'lumis': []}", u'0', u'4e198fb019d07e682a8bd09208595d4eb73bac82ae7f6e24154a54b4451cc952.tar.gz', u'https://cmsweb.cern.ch/crabcache', u'shigginb', u'/DC=ch/DC=cern/OU=Organic Units/OU=Users/CN=shigginb/CN=785176/CN=Sam Higginbotham', u'cms', u'None', u'None', u'crab_20171115_071712-00000000000000000000000000000000', u'T3_US_FNALLPC', u'https://cmsweb.cern.ch/dbs/prod/global/DBSReader', u'https://cmsweb.cern.ch/dbs/prod/phys03/DBSWriter', u'F', u'Analysis', u'{}', u'[]', u'F', u'vocms052', u'[]', u'1250', u'1', u'2000', u'10', u'None', u'http://vocms0107.cern.ch/mon/cms1359/171115_131738:shigginb_crab_20171115_071712', u'None', u'None', u'[]', u'[]', u'[]', u'pythia', u'[]', u"['analysis.root']", u'[]', u'https://cmsweb.cern.ch/crabserver/prod', u'None', u'0', u'cmssrv221.fnal.gov:9620', u'crab3@vocms0107.cern.ch', u'F', u'[]', u'T', u'/store/user/shigginb/', u'F', u'None', u'F', u'F', u'F', u'None', u'DYJetsToLL_M-10to50_TuneCUETP8M1_14TeV-madgraphMLM-pythia8', u'filetransfers', u'SUBMIT', u'15287495', u'299b08f4d3d48f730375c118c8fd0b9b240dc879f7a73d57f09c42df067ef036.tar.gz', u'131.225.190.56', u'F', u'None'], u'desc': {u'columns': [u'tm_taskname', u'panda_jobset_id', u'tm_task_status', u'tm_start_time', u'tm_start_injection', u'tm_end_injection', u'tm_task_failure', u'tm_job_sw', u'tm_job_arch', u'tm_input_dataset', u'tm_site_whitelist', u'tm_site_blacklist', u'tm_split_algo', u'tm_split_args', u'tm_totalunits', u'tm_user_sandbox', u'tm_cache_url', u'tm_username', u'tm_user_dn', u'tm_user_vo', u'tm_user_role', u'tm_user_group', u'tm_publish_name', u'tm_asyncdest', u'tm_dbs_url', u'tm_publish_dbs_url', u'tm_publication', u'tm_job_type', u'tm_arguments', u'panda_resubmitted_jobs', u'tm_save_logs', u'tw_name', u'tm_user_infiles', u'tm_maxjobruntime', u'tm_numcores', u'tm_maxmemory', u'tm_priority', u'tm_output_dataset', u'tm_user_webdir', u'tm_activity', u'tm_scriptexe', u'tm_scriptargs', u'tm_extrajdl', u'tm_task_warnings', u'tm_generator', u'tm_outfiles', u'tm_tfile_outfiles', u'tm_edm_outfiles', u'tm_asourl', u'tm_events_per_lumi', u'tm_use_parent', u'tm_collector', u'tm_schedd', u'tm_dry_run', u'tm_user_files', u'tm_transfer_outputs', u'tm_output_lfn', u'tm_ignore_locality', u'tm_fail_limit', u'tm_one_event_mode', u'tm_publish_groupname', u'tm_nonvalid_input_dataset', u'tm_secondary_input_dataset', u'tm_primary_dataset', u'tm_asodb', u'tm_task_command', u'clusterid', u'tm_debug_files', u'tm_submitter_ip_addr', u'tm_ignore_global_blacklist', u'tm_last_publication']}}
INFO 2017-11-15 07:41:34,457: 	 CRAB project directory:		/uscms_data/d3/samuellh/WorkingArea/TauAnalysis/CMSSW_9_3_2/src/PUAnalysis/VBFtt2017/crab/VBF1/crab_20171115_071712
INFO 2017-11-15 07:41:34,457: 	 Task name:			171115_131738:shigginb_crab_20171115_071712
INFO 2017-11-15 07:41:34,457: 	 Grid scheduler:			crab3@vocms0107.cern.ch
INFO 2017-11-15 07:41:34,457: 	 Status on the CRAB server:	SUBMITTED
INFO 2017-11-15 07:41:34,458: 	 Task URL to use for HELP:	https://cmsweb.cern.ch/crabserver/ui/task/171115_131738%3Ashigginb_crab_20171115_071712
INFO 2017-11-15 07:41:34,458: 	 Dashboard monitoring URL:	http://dashb-cms-job.cern.ch/dashboard/templates/task-analysis/#user=shigginb&refresh=0&table=Jobs&p=1&records=25&activemenu=2&status=&site=&tid=171115_131738%3Ashigginb_crab_20171115_071712
DEBUG 2017-11-15 07:41:34,458: 	 The CRAB server submitted your task to the Grid scheduler (cluster ID: 15287495)
DEBUG 2017-11-15 07:41:34,458: 	 Webdir is located at http://vocms0107.cern.ch/mon/cms1359/171115_131738:shigginb_crab_20171115_071712
DEBUG 2017-11-15 07:41:36,235: 	 Proxied webdir is located at https://cmsweb.cern.ch/scheddmon/0107/cms1359/171115_131738:shigginb_crab_20171115_071712
DEBUG 2017-11-15 07:41:36,235: 	 Retrieving 'status_cache' file from https://cmsweb.cern.ch/scheddmon/0107/cms1359/171115_131738:shigginb_crab_20171115_071712/status_cache
DEBUG 2017-11-15 07:41:37,860: 	 Got information from status cache file: {'1': {'Retries': 0, 'WallDurations': [499.0], 'StartTimes': [1510752424.0], 'SubmitTimes': [1510751916.0], 'JobIds': ['15287498.0'], 'EndTimes': [1510752923.0], 'Restarts': 0, 'RecordedSite': False, 'State': 'finished', 'ResidentSetSize': [1862520], 'TotalUserCpuTimeHistory': [314], 'SiteHistory': ['Unknown'], 'TotalSysCpuTimeHistory': [4]}, '3': {'Retries': 0, 'WallDurations': [443.0], 'StartTimes': [1510752261.0], 'SubmitTimes': [1510751916.0], 'JobIds': ['15287500.0'], 'EndTimes': [1510752704.0], 'Restarts': 0, 'RecordedSite': False, 'State': 'finished', 'ResidentSetSize': [655464], 'TotalUserCpuTimeHistory': [89], 'SiteHistory': ['Unknown'], 'TotalSysCpuTimeHistory': [6]}, '2': {'Retries': 0, 'WallDurations': [310.0], 'StartTimes': [1510752269.0], 'SubmitTimes': [1510751916.0], 'JobIds': ['15287499.0'], 'EndTimes': [], 'Restarts': 0, 'RecordedSite': False, 'State': 'running', 'ResidentSetSize': [707188], 'TotalUserCpuTimeHistory': [0], 'SiteHistory': ['Unknown'], 'TotalSysCpuTimeHistory': [0]}}
INFO 2017-11-15 07:41:37,860: 	 Status on the scheduler:	SUBMITTED
INFO 2017-11-15 07:41:37,860: 	 
Jobs status:                    finished       66.7% (2/3)
INFO 2017-11-15 07:41:37,860: 	 				running        33.3% (1/3)
INFO 2017-11-15 07:41:37,860: 	 
No publication information (publication has been disabled in the CRAB configuration file)
INFO 2017-11-15 07:41:38,900: 	 Log file is /uscms_data/d3/samuellh/WorkingArea/TauAnalysis/CMSSW_9_3_2/src/PUAnalysis/VBFtt2017/crab/VBF1/crab_20171115_071712/crab.log
DEBUG 2017-11-15 07:56:28,829: 	 Executing command: 'status'
DEBUG 2017-11-15 07:56:28,829: 	 Found CRAB cache file /uscms/home/samuellh/.crab3
DEBUG 2017-11-15 07:56:28,837: 	 Checking credentials
DEBUG 2017-11-15 07:56:28,837: 	 Found proxy file /tmp/x509up_u52190
DEBUG 2017-11-15 07:56:28,838: 	 Getting proxy life time left
DEBUG 2017-11-15 07:56:28,941: 	 Executing : 
 command : voms-proxy-info -file /tmp/x509up_u52190 -timeleft
 output : 81495

 error: 
 retcode : 0
DEBUG 2017-11-15 07:56:29,044: 	 Executing : 
 command : voms-proxy-info -file /tmp/x509up_u52190 -actimeleft
 output : 81493

 error: 
 retcode : 0
DEBUG 2017-11-15 07:56:29,044: 	 Proxy valid for 22:38:15 hours
DEBUG 2017-11-15 07:56:29,157: 	 Executing : 
 command : openssl x509 -in ~/.globus/usercert.pem -subject -noout
 output : subject= /DC=ch/DC=cern/OU=Organic Units/OU=Users/CN=shigginb/CN=785176/CN=Sam Higginbotham

 error: 
 retcode : 0
DEBUG 2017-11-15 07:56:29,157: 	 Checking credentials
DEBUG 2017-11-15 07:56:29,158: 	 Found proxy file /tmp/x509up_u52190
DEBUG 2017-11-15 07:56:29,158: 	 Getting proxy life time left
DEBUG 2017-11-15 07:56:29,261: 	 Executing : 
 command : voms-proxy-info -file /tmp/x509up_u52190 -timeleft
 output : 81494

 error: 
 retcode : 0
DEBUG 2017-11-15 07:56:29,364: 	 Executing : 
 command : voms-proxy-info -file /tmp/x509up_u52190 -actimeleft
 output : 81493

 error: 
 retcode : 0
DEBUG 2017-11-15 07:56:29,364: 	 Proxy valid for 22:38:14 hours
DEBUG 2017-11-15 07:56:31,141: 	 Registering user credentials for server /DC=ch/DC=cern/OU=computers/CN=vocms(045|052|021|031|0118|0118a|0119|0108|0105|0109).cern.ch
DEBUG 2017-11-15 07:56:31,249: 	 Executing : 
 command : openssl x509 -in ~/.globus/usercert.pem -subject -noout
 output : subject= /DC=ch/DC=cern/OU=Organic Units/OU=Users/CN=shigginb/CN=785176/CN=Sam Higginbotham

 error: 
 retcode : 0
DEBUG 2017-11-15 07:56:31,249: 	 Getting myproxy life time left for myproxy.cern.ch
DEBUG 2017-11-15 07:56:31,249: 	 Calculating hash of /DC=ch/DC=cern/OU=Organic Units/OU=Users/CN=shigginb/CN=785176/CN=Sam Higginbotham_cmsweb.cern.ch for credential name
DEBUG 2017-11-15 07:56:32,053: 	 Executing : 
 command : myproxy-info -l 2f318c7a260d78734589f2cc772d26b8be79ec6c -s myproxy.cern.ch
 output : username: 2f318c7a260d78734589f2cc772d26b8be79ec6c
owner: /DC=ch/DC=cern/OU=Organic Units/OU=Users/CN=shigginb/CN=785176/CN=Sam Higginbotham
  renewal policy: /DC=ch/DC=cern/OU=computers/CN=vocms(045|052|021|031|0118|0118a|0119|0108|0105|0109).cern.ch
  trusted retrieval policy: /DC=ch/DC=cern/OU=computers/CN=vocms(045|052|021|031|0118|0118a|0119|0108|0105|0109).cern.ch
  timeleft: 431:27:09  (18.0 days)

 error: 
 retcode : 0
DEBUG 2017-11-15 07:56:32,055: 	 Myproxy is valid: 1553229
DEBUG 2017-11-15 07:56:32,055: 	 Command use: status
DEBUG 2017-11-15 07:56:32,055: 	 Options use: ['-d', 'crab_20171115_071712/']
DEBUG 2017-11-15 07:56:33,739: 	 CRABClient version: 3.3.1707.patch1
DEBUG 2017-11-15 07:56:33,739: 	 Instance is prod
DEBUG 2017-11-15 07:56:33,739: 	 Server base url is cmsweb.cern.ch
DEBUG 2017-11-15 07:56:33,739: 	 Command url /crabserver/prod/workflow
DEBUG 2017-11-15 07:56:35,342: 	 Got information from server oracle database: {u'result': [u'171115_131738:shigginb_crab_20171115_071712', u'None', u'SUBMITTED', u'2017-11-15 13:17:38.027247', u'None', u'2017-11-15 13:18:22.157880', u'None', u'CMSSW_9_3_2', u'slc6_amd64_gcc630', u'/DYJetsToLL_M-10to50_TuneCUETP8M1_14TeV-madgraphMLM-pythia8/PhaseIITDRFall17MiniAOD-PU200_93X_upgrade2023_realistic_v2-v1/MINIAODSIM', u'[]', u'[]', u'FileBased', u"{'splitOnRun': False, 'halt_job_on_file_boundaries': False, 'files_per_job': 1, 'runs': [], 'lumis': []}", u'0', u'4e198fb019d07e682a8bd09208595d4eb73bac82ae7f6e24154a54b4451cc952.tar.gz', u'https://cmsweb.cern.ch/crabcache', u'shigginb', u'/DC=ch/DC=cern/OU=Organic Units/OU=Users/CN=shigginb/CN=785176/CN=Sam Higginbotham', u'cms', u'None', u'None', u'crab_20171115_071712-00000000000000000000000000000000', u'T3_US_FNALLPC', u'https://cmsweb.cern.ch/dbs/prod/global/DBSReader', u'https://cmsweb.cern.ch/dbs/prod/phys03/DBSWriter', u'F', u'Analysis', u'{}', u'[]', u'F', u'vocms052', u'[]', u'1250', u'1', u'2000', u'10', u'None', u'http://vocms0107.cern.ch/mon/cms1359/171115_131738:shigginb_crab_20171115_071712', u'None', u'None', u'[]', u'[]', u'[]', u'pythia', u'[]', u"['analysis.root']", u'[]', u'https://cmsweb.cern.ch/crabserver/prod', u'None', u'0', u'cmssrv221.fnal.gov:9620', u'crab3@vocms0107.cern.ch', u'F', u'[]', u'T', u'/store/user/shigginb/', u'F', u'None', u'F', u'F', u'F', u'None', u'DYJetsToLL_M-10to50_TuneCUETP8M1_14TeV-madgraphMLM-pythia8', u'filetransfers', u'SUBMIT', u'15287495', u'299b08f4d3d48f730375c118c8fd0b9b240dc879f7a73d57f09c42df067ef036.tar.gz', u'131.225.190.56', u'F', u'None'], u'desc': {u'columns': [u'tm_taskname', u'panda_jobset_id', u'tm_task_status', u'tm_start_time', u'tm_start_injection', u'tm_end_injection', u'tm_task_failure', u'tm_job_sw', u'tm_job_arch', u'tm_input_dataset', u'tm_site_whitelist', u'tm_site_blacklist', u'tm_split_algo', u'tm_split_args', u'tm_totalunits', u'tm_user_sandbox', u'tm_cache_url', u'tm_username', u'tm_user_dn', u'tm_user_vo', u'tm_user_role', u'tm_user_group', u'tm_publish_name', u'tm_asyncdest', u'tm_dbs_url', u'tm_publish_dbs_url', u'tm_publication', u'tm_job_type', u'tm_arguments', u'panda_resubmitted_jobs', u'tm_save_logs', u'tw_name', u'tm_user_infiles', u'tm_maxjobruntime', u'tm_numcores', u'tm_maxmemory', u'tm_priority', u'tm_output_dataset', u'tm_user_webdir', u'tm_activity', u'tm_scriptexe', u'tm_scriptargs', u'tm_extrajdl', u'tm_task_warnings', u'tm_generator', u'tm_outfiles', u'tm_tfile_outfiles', u'tm_edm_outfiles', u'tm_asourl', u'tm_events_per_lumi', u'tm_use_parent', u'tm_collector', u'tm_schedd', u'tm_dry_run', u'tm_user_files', u'tm_transfer_outputs', u'tm_output_lfn', u'tm_ignore_locality', u'tm_fail_limit', u'tm_one_event_mode', u'tm_publish_groupname', u'tm_nonvalid_input_dataset', u'tm_secondary_input_dataset', u'tm_primary_dataset', u'tm_asodb', u'tm_task_command', u'clusterid', u'tm_debug_files', u'tm_submitter_ip_addr', u'tm_ignore_global_blacklist', u'tm_last_publication']}}
INFO 2017-11-15 07:56:35,342: 	 CRAB project directory:		/uscms_data/d3/samuellh/WorkingArea/TauAnalysis/CMSSW_9_3_2/src/PUAnalysis/VBFtt2017/crab/VBF1/crab_20171115_071712
INFO 2017-11-15 07:56:35,343: 	 Task name:			171115_131738:shigginb_crab_20171115_071712
INFO 2017-11-15 07:56:35,343: 	 Grid scheduler:			crab3@vocms0107.cern.ch
INFO 2017-11-15 07:56:35,343: 	 Status on the CRAB server:	SUBMITTED
INFO 2017-11-15 07:56:35,343: 	 Task URL to use for HELP:	https://cmsweb.cern.ch/crabserver/ui/task/171115_131738%3Ashigginb_crab_20171115_071712
INFO 2017-11-15 07:56:35,343: 	 Dashboard monitoring URL:	http://dashb-cms-job.cern.ch/dashboard/templates/task-analysis/#user=shigginb&refresh=0&table=Jobs&p=1&records=25&activemenu=2&status=&site=&tid=171115_131738%3Ashigginb_crab_20171115_071712
DEBUG 2017-11-15 07:56:35,343: 	 The CRAB server submitted your task to the Grid scheduler (cluster ID: 15287495)
DEBUG 2017-11-15 07:56:35,343: 	 Webdir is located at http://vocms0107.cern.ch/mon/cms1359/171115_131738:shigginb_crab_20171115_071712
DEBUG 2017-11-15 07:56:37,350: 	 Proxied webdir is located at https://cmsweb.cern.ch/scheddmon/0107/cms1359/171115_131738:shigginb_crab_20171115_071712
DEBUG 2017-11-15 07:56:37,350: 	 Retrieving 'status_cache' file from https://cmsweb.cern.ch/scheddmon/0107/cms1359/171115_131738:shigginb_crab_20171115_071712/status_cache
DEBUG 2017-11-15 07:56:39,092: 	 Got information from status cache file: {'1': {'Retries': 0, 'WallDurations': [499.0], 'StartTimes': [1510752424.0], 'SubmitTimes': [1510751916.0], 'JobIds': ['15287498.0'], 'EndTimes': [1510752923.0], 'Restarts': 0, 'RecordedSite': False, 'State': 'finished', 'ResidentSetSize': [1862520], 'TotalUserCpuTimeHistory': [314], 'SiteHistory': ['Unknown'], 'TotalSysCpuTimeHistory': [4]}, '3': {'Retries': 0, 'WallDurations': [443.0], 'StartTimes': [1510752261.0], 'SubmitTimes': [1510751916.0], 'JobIds': ['15287500.0'], 'EndTimes': [1510752704.0], 'Restarts': 0, 'RecordedSite': False, 'State': 'finished', 'ResidentSetSize': [655464], 'TotalUserCpuTimeHistory': [89], 'SiteHistory': ['Unknown'], 'TotalSysCpuTimeHistory': [6]}, '2': {'Retries': 0, 'WallDurations': [1213.0], 'StartTimes': [1510752269.0], 'SubmitTimes': [1510751916.0], 'JobIds': ['15287499.0'], 'EndTimes': [], 'Restarts': 0, 'RecordedSite': False, 'State': 'running', 'ResidentSetSize': [707188], 'TotalUserCpuTimeHistory': [0], 'SiteHistory': ['Unknown'], 'TotalSysCpuTimeHistory': [0]}}
INFO 2017-11-15 07:56:39,092: 	 Status on the scheduler:	SUBMITTED
INFO 2017-11-15 07:56:39,092: 	 
Jobs status:                    finished       66.7% (2/3)
INFO 2017-11-15 07:56:39,092: 	 				running        33.3% (1/3)
INFO 2017-11-15 07:56:39,092: 	 
No publication information (publication has been disabled in the CRAB configuration file)
INFO 2017-11-15 07:56:39,130: 	 Log file is /uscms_data/d3/samuellh/WorkingArea/TauAnalysis/CMSSW_9_3_2/src/PUAnalysis/VBFtt2017/crab/VBF1/crab_20171115_071712/crab.log
DEBUG 2017-11-15 09:09:48,515: 	 Executing command: 'status'
DEBUG 2017-11-15 09:09:48,516: 	 Found CRAB cache file /uscms/home/samuellh/.crab3
DEBUG 2017-11-15 09:09:48,529: 	 Checking credentials
DEBUG 2017-11-15 09:09:48,529: 	 Found proxy file /tmp/x509up_u52190
DEBUG 2017-11-15 09:09:48,529: 	 Getting proxy life time left
DEBUG 2017-11-15 09:09:48,632: 	 Executing : 
 command : voms-proxy-info -file /tmp/x509up_u52190 -timeleft
 output : 77095

 error: 
 retcode : 0
DEBUG 2017-11-15 09:09:48,736: 	 Executing : 
 command : voms-proxy-info -file /tmp/x509up_u52190 -actimeleft
 output : 77094

 error: 
 retcode : 0
DEBUG 2017-11-15 09:09:48,736: 	 Proxy valid for 21:24:55 hours
DEBUG 2017-11-15 09:09:48,850: 	 Executing : 
 command : openssl x509 -in ~/.globus/usercert.pem -subject -noout
 output : subject= /DC=ch/DC=cern/OU=Organic Units/OU=Users/CN=shigginb/CN=785176/CN=Sam Higginbotham

 error: 
 retcode : 0
DEBUG 2017-11-15 09:09:48,850: 	 Checking credentials
DEBUG 2017-11-15 09:09:48,850: 	 Found proxy file /tmp/x509up_u52190
DEBUG 2017-11-15 09:09:48,850: 	 Getting proxy life time left
DEBUG 2017-11-15 09:09:48,954: 	 Executing : 
 command : voms-proxy-info -file /tmp/x509up_u52190 -timeleft
 output : 77095

 error: 
 retcode : 0
DEBUG 2017-11-15 09:09:49,057: 	 Executing : 
 command : voms-proxy-info -file /tmp/x509up_u52190 -actimeleft
 output : 77093

 error: 
 retcode : 0
DEBUG 2017-11-15 09:09:49,057: 	 Proxy valid for 21:24:55 hours
DEBUG 2017-11-15 09:09:50,764: 	 Registering user credentials for server /DC=ch/DC=cern/OU=computers/CN=vocms(045|052|021|031|0118|0118a|0119|0108|0105|0109).cern.ch
DEBUG 2017-11-15 09:09:50,872: 	 Executing : 
 command : openssl x509 -in ~/.globus/usercert.pem -subject -noout
 output : subject= /DC=ch/DC=cern/OU=Organic Units/OU=Users/CN=shigginb/CN=785176/CN=Sam Higginbotham

 error: 
 retcode : 0
DEBUG 2017-11-15 09:09:50,873: 	 Getting myproxy life time left for myproxy.cern.ch
DEBUG 2017-11-15 09:09:50,873: 	 Calculating hash of /DC=ch/DC=cern/OU=Organic Units/OU=Users/CN=shigginb/CN=785176/CN=Sam Higginbotham_cmsweb.cern.ch for credential name
DEBUG 2017-11-15 09:09:51,677: 	 Executing : 
 command : myproxy-info -l 2f318c7a260d78734589f2cc772d26b8be79ec6c -s myproxy.cern.ch
 output : username: 2f318c7a260d78734589f2cc772d26b8be79ec6c
owner: /DC=ch/DC=cern/OU=Organic Units/OU=Users/CN=shigginb/CN=785176/CN=Sam Higginbotham
  renewal policy: /DC=ch/DC=cern/OU=computers/CN=vocms(045|052|021|031|0118|0118a|0119|0108|0105|0109).cern.ch
  trusted retrieval policy: /DC=ch/DC=cern/OU=computers/CN=vocms(045|052|021|031|0118|0118a|0119|0108|0105|0109).cern.ch
  timeleft: 430:13:50  (17.9 days)

 error: 
 retcode : 0
DEBUG 2017-11-15 09:09:51,679: 	 Myproxy is valid: 1548830
DEBUG 2017-11-15 09:09:51,679: 	 Command use: status
DEBUG 2017-11-15 09:09:51,679: 	 Options use: ['-d', 'crab_20171115_071712/']
DEBUG 2017-11-15 09:09:53,526: 	 CRABClient version: 3.3.1707.patch1
DEBUG 2017-11-15 09:09:53,527: 	 Instance is prod
DEBUG 2017-11-15 09:09:53,527: 	 Server base url is cmsweb.cern.ch
DEBUG 2017-11-15 09:09:53,527: 	 Command url /crabserver/prod/workflow
DEBUG 2017-11-15 09:09:55,215: 	 Got information from server oracle database: {u'result': [u'171115_131738:shigginb_crab_20171115_071712', u'None', u'SUBMITTED', u'2017-11-15 13:17:38.027247', u'None', u'2017-11-15 13:18:22.157880', u'None', u'CMSSW_9_3_2', u'slc6_amd64_gcc630', u'/DYJetsToLL_M-10to50_TuneCUETP8M1_14TeV-madgraphMLM-pythia8/PhaseIITDRFall17MiniAOD-PU200_93X_upgrade2023_realistic_v2-v1/MINIAODSIM', u'[]', u'[]', u'FileBased', u"{'splitOnRun': False, 'halt_job_on_file_boundaries': False, 'files_per_job': 1, 'runs': [], 'lumis': []}", u'0', u'4e198fb019d07e682a8bd09208595d4eb73bac82ae7f6e24154a54b4451cc952.tar.gz', u'https://cmsweb.cern.ch/crabcache', u'shigginb', u'/DC=ch/DC=cern/OU=Organic Units/OU=Users/CN=shigginb/CN=785176/CN=Sam Higginbotham', u'cms', u'None', u'None', u'crab_20171115_071712-00000000000000000000000000000000', u'T3_US_FNALLPC', u'https://cmsweb.cern.ch/dbs/prod/global/DBSReader', u'https://cmsweb.cern.ch/dbs/prod/phys03/DBSWriter', u'F', u'Analysis', u'{}', u'[]', u'F', u'vocms052', u'[]', u'1250', u'1', u'2000', u'10', u'None', u'http://vocms0107.cern.ch/mon/cms1359/171115_131738:shigginb_crab_20171115_071712', u'None', u'None', u'[]', u'[]', u'[]', u'pythia', u'[]', u"['analysis.root']", u'[]', u'https://cmsweb.cern.ch/crabserver/prod', u'None', u'0', u'cmssrv221.fnal.gov:9620', u'crab3@vocms0107.cern.ch', u'F', u'[]', u'T', u'/store/user/shigginb/', u'F', u'None', u'F', u'F', u'F', u'None', u'DYJetsToLL_M-10to50_TuneCUETP8M1_14TeV-madgraphMLM-pythia8', u'filetransfers', u'SUBMIT', u'15287495', u'299b08f4d3d48f730375c118c8fd0b9b240dc879f7a73d57f09c42df067ef036.tar.gz', u'131.225.190.56', u'F', u'None'], u'desc': {u'columns': [u'tm_taskname', u'panda_jobset_id', u'tm_task_status', u'tm_start_time', u'tm_start_injection', u'tm_end_injection', u'tm_task_failure', u'tm_job_sw', u'tm_job_arch', u'tm_input_dataset', u'tm_site_whitelist', u'tm_site_blacklist', u'tm_split_algo', u'tm_split_args', u'tm_totalunits', u'tm_user_sandbox', u'tm_cache_url', u'tm_username', u'tm_user_dn', u'tm_user_vo', u'tm_user_role', u'tm_user_group', u'tm_publish_name', u'tm_asyncdest', u'tm_dbs_url', u'tm_publish_dbs_url', u'tm_publication', u'tm_job_type', u'tm_arguments', u'panda_resubmitted_jobs', u'tm_save_logs', u'tw_name', u'tm_user_infiles', u'tm_maxjobruntime', u'tm_numcores', u'tm_maxmemory', u'tm_priority', u'tm_output_dataset', u'tm_user_webdir', u'tm_activity', u'tm_scriptexe', u'tm_scriptargs', u'tm_extrajdl', u'tm_task_warnings', u'tm_generator', u'tm_outfiles', u'tm_tfile_outfiles', u'tm_edm_outfiles', u'tm_asourl', u'tm_events_per_lumi', u'tm_use_parent', u'tm_collector', u'tm_schedd', u'tm_dry_run', u'tm_user_files', u'tm_transfer_outputs', u'tm_output_lfn', u'tm_ignore_locality', u'tm_fail_limit', u'tm_one_event_mode', u'tm_publish_groupname', u'tm_nonvalid_input_dataset', u'tm_secondary_input_dataset', u'tm_primary_dataset', u'tm_asodb', u'tm_task_command', u'clusterid', u'tm_debug_files', u'tm_submitter_ip_addr', u'tm_ignore_global_blacklist', u'tm_last_publication']}}
INFO 2017-11-15 09:09:55,216: 	 CRAB project directory:		/uscms_data/d3/samuellh/WorkingArea/TauAnalysis/CMSSW_9_3_2/src/PUAnalysis/VBFtt2017/crab/VBF1/crab_20171115_071712
INFO 2017-11-15 09:09:55,216: 	 Task name:			171115_131738:shigginb_crab_20171115_071712
INFO 2017-11-15 09:09:55,216: 	 Grid scheduler:			crab3@vocms0107.cern.ch
INFO 2017-11-15 09:09:55,216: 	 Status on the CRAB server:	SUBMITTED
INFO 2017-11-15 09:09:55,216: 	 Task URL to use for HELP:	https://cmsweb.cern.ch/crabserver/ui/task/171115_131738%3Ashigginb_crab_20171115_071712
INFO 2017-11-15 09:09:55,216: 	 Dashboard monitoring URL:	http://dashb-cms-job.cern.ch/dashboard/templates/task-analysis/#user=shigginb&refresh=0&table=Jobs&p=1&records=25&activemenu=2&status=&site=&tid=171115_131738%3Ashigginb_crab_20171115_071712
DEBUG 2017-11-15 09:09:55,216: 	 The CRAB server submitted your task to the Grid scheduler (cluster ID: 15287495)
DEBUG 2017-11-15 09:09:55,216: 	 Webdir is located at http://vocms0107.cern.ch/mon/cms1359/171115_131738:shigginb_crab_20171115_071712
DEBUG 2017-11-15 09:09:57,030: 	 Proxied webdir is located at https://cmsweb.cern.ch/scheddmon/0107/cms1359/171115_131738:shigginb_crab_20171115_071712
DEBUG 2017-11-15 09:09:57,030: 	 Retrieving 'status_cache' file from https://cmsweb.cern.ch/scheddmon/0107/cms1359/171115_131738:shigginb_crab_20171115_071712/status_cache
DEBUG 2017-11-15 09:09:58,924: 	 Got information from status cache file: {'1': {'Retries': 0, 'WallDurations': [499.0], 'StartTimes': [1510752424.0], 'SubmitTimes': [1510751916.0], 'JobIds': ['15287498.0'], 'EndTimes': [1510752923.0], 'Restarts': 0, 'RecordedSite': False, 'State': 'finished', 'ResidentSetSize': [1862520], 'TotalUserCpuTimeHistory': [314], 'SiteHistory': ['Unknown'], 'TotalSysCpuTimeHistory': [4]}, '3': {'Retries': 0, 'WallDurations': [443.0], 'StartTimes': [1510752261.0], 'SubmitTimes': [1510751916.0], 'JobIds': ['15287500.0'], 'EndTimes': [1510752704.0], 'Restarts': 0, 'RecordedSite': False, 'State': 'finished', 'ResidentSetSize': [655464], 'TotalUserCpuTimeHistory': [89], 'SiteHistory': ['Unknown'], 'TotalSysCpuTimeHistory': [6]}, '2': {'Retries': 1, 'WallDurations': [3724.0, 1234.0], 'StartTimes': [1510752269.0, 1510756087.0], 'SubmitTimes': [1510751916.0, 1510756060.0], 'JobIds': ['15287499.0', '15289923.0'], 'EndTimes': [1510755993.0, 1510757321.0], 'Restarts': 0, 'RecordedSite': False, 'State': 'finished', 'ResidentSetSize': [707188, 1875760], 'TotalUserCpuTimeHistory': [105, 283], 'SiteHistory': ['Unknown', 'Unknown'], 'TotalSysCpuTimeHistory': [15, 18]}}
INFO 2017-11-15 09:09:58,924: 	 Status on the scheduler:	COMPLETED
INFO 2017-11-15 09:09:58,925: 	 
Jobs status:                    finished      100.0% (3/3)
INFO 2017-11-15 09:09:58,925: 	 
No publication information (publication has been disabled in the CRAB configuration file)
INFO 2017-11-15 09:09:58,959: 	 Log file is /uscms_data/d3/samuellh/WorkingArea/TauAnalysis/CMSSW_9_3_2/src/PUAnalysis/VBFtt2017/crab/VBF1/crab_20171115_071712/crab.log
