('The system path in the config file ', ['/cvmfs/cms.cern.ch/crab3/slc6_amd64_gcc493/cms/crabclient/3.3.1707.patch1/bin', '/uscms_data/d3/samuellh/WorkingArea/TauAnalysis/CMSSW_9_3_2/python', '/uscms_data/d3/samuellh/WorkingArea/TauAnalysis/CMSSW_9_3_2/lib/slc6_amd64_gcc630', '/cvmfs/cms.cern.ch/slc6_amd64_gcc630/cms/cmssw/CMSSW_9_3_2/python', '/cvmfs/cms.cern.ch/slc6_amd64_gcc630/cms/cmssw/CMSSW_9_3_2/lib/slc6_amd64_gcc630', '/cvmfs/cms.cern.ch/slc6_amd64_gcc630/cms/coral/CORAL_2_3_21-ghjeda6/slc6_amd64_gcc630/python', '/cvmfs/cms.cern.ch/slc6_amd64_gcc630/cms/coral/CORAL_2_3_21-ghjeda6/slc6_amd64_gcc630/lib', '/cvmfs/cms.cern.ch/slc6_amd64_gcc630/external/professor2/2.2.1-ghjeda6/lib/python2.7/site-packages', '/cvmfs/cms.cern.ch/slc6_amd64_gcc630/external/pyqt/4.11.4-mlhled2/lib/python2.7/site-packages', '/cvmfs/cms.cern.ch/slc6_amd64_gcc630/external/sherpa/2.2.4-ghjeda/lib/python2.7/site-packages', '/cvmfs/cms.cern.ch/slc6_amd64_gcc630/external/rivet/2.5.2-ghjeda4/lib/python2.7/site-packages', '/cvmfs/cms.cern.ch/slc6_amd64_gcc630/external/python-ldap/2.4.10-mlhled2/lib/python2.7/site-packages', '/cvmfs/cms.cern.ch/slc6_amd64_gcc630/external/py2-matplotlib/1.5.2-njopjo/lib/python2.7/site-packages', '/cvmfs/cms.cern.ch/slc6_amd64_gcc630/external/sip/4.17-mlhled2/lib/python2.7/site-packages', '/cvmfs/cms.cern.ch/slc6_amd64_gcc630/external/llvm/4.0.0-njopjo/lib64/python2.7/site-packages', '/cvmfs/cms.cern.ch/slc6_amd64_gcc630/external/py2-sqlalchemy/1.1.4-mlhled2/lib/python2.7/site-packages', '/cvmfs/cms.cern.ch/slc6_amd64_gcc630/external/py2-lint/0.25.1-mlhled2/lib/python2.7/site-packages', '/cvmfs/cms.cern.ch/slc6_amd64_gcc630/external/py2-dxr/1.0-ghjeda6/lib/python2.7/site-packages', '/cvmfs/cms.cern.ch/slc6_amd64_gcc630/external/py2-cx-oracle/5.2.1-mlhled2/lib/python2.7/site-packages', '/cvmfs/cms.cern.ch/slc6_amd64_gcc630/external/py2-numpy/1.12.1-mlhled2/lib/python2.7/site-packages', '/cvmfs/cms.cern.ch/slc6_amd64_gcc630/external/frontier_client/2.8.20-mlhled2/python/lib', '/cvmfs/cms.cern.ch/slc6_amd64_gcc630/cms/das_client/v03.01.00-mlhled2/bin', '/cvmfs/cms.cern.ch/slc6_amd64_gcc630/external/xrootd/4.6.1/lib/python2.7/site-packages', '/cvmfs/cms.cern.ch/slc6_amd64_gcc630/external/yoda/1.6.5-ghjeda4/lib/python2.7/site-packages', '/cvmfs/cms.cern.ch/slc6_amd64_gcc630/lcg/root/6.10.04-ghjeda/lib', '/cvmfs/cms.cern.ch/slc6_amd64_gcc630/external/pyminuit2/0.0.1-ghjeda4/lib/python2.7/site-packages', '/cvmfs/cms.cern.ch/slc6_amd64_gcc630/external/py2-PyYAML/3.11-mlhled2/lib/python2.7/site-packages', '/cvmfs/cms.cern.ch/slc6_amd64_gcc630/external/py2-pygithub/1.23.0-mlhled2/lib/python2.7/site-packages', '/cvmfs/cms.cern.ch/slc6_amd64_gcc630/external/py2-pip/9.0.1-mlhled2/lib/python2.7/site-packages', '/cvmfs/cms.cern.ch/slc6_amd64_gcc630/external/py2-dablooms/0.9.1-mlhled2/lib/python2.7/site-packages', '/cvmfs/cms.cern.ch/slc6_amd64_gcc630/external/py2-pippkgs_depscipy/3.0-ghjeda6/lib/python2.7/site-packages', '/cvmfs/cms.cern.ch/slc6_amd64_gcc630/external/py2-pippkgs/5.0-ghjeda6/lib/python2.7/site-packages', '/cvmfs/cms.cern.ch/slc6_amd64_gcc630/external/professor/1.4.0-ghjeda4/lib/python2.7/site-packages', '/cvmfs/cms.cern.ch/slc6_amd64_gcc630/cms/dbs-client/DBS_2_1_9-mlhled2/lib', '/cvmfs/cms.cern.ch/slc6_amd64_gcc630/cms/dbs-client/DBS_2_1_9-mlhled2/lib/DBSAPI', '/cvmfs/cms.cern.ch/slc6_amd64_gcc630/external/cvs2git/5419-mlhled2/lib', '/cvmfs/cms.cern.ch/crab3/slc6_amd64_gcc493/cms/crabclient/3.3.1707.patch1/lib/python2.7/site-packages', '/cvmfs/cms.cern.ch/crab3/slc6_amd64_gcc493/cms/dbs3-client/3.4.4/lib/python2.7/site-packages', '/cvmfs/cms.cern.ch/crab3/slc6_amd64_gcc493/cms/dbs3-pycurl-client/3.4.4/lib/python2.7/site-packages', '/cvmfs/cms.cern.ch/slc6_amd64_gcc630/external/py2-sqlalchemy/1.1.4-mlhled2/lib/python2.7/site-packages/SQLAlchemy-1.1.4-py2.7-linux-x86_64.egg', '/cvmfs/cms.cern.ch/slc6_amd64_gcc630/external/py2-numpy/1.12.1-mlhled2/lib/python2.7/site-packages/numpy-1.12.1-py2.7-linux-x86_64.egg', '/cvmfs/cms.cern.ch/slc6_amd64_gcc630/external/python/2.7.11-mlhled2/lib/python27.zip', '/cvmfs/cms.cern.ch/slc6_amd64_gcc630/external/python/2.7.11-mlhled2/lib/python2.7', '/cvmfs/cms.cern.ch/slc6_amd64_gcc630/external/python/2.7.11-mlhled2/lib/python2.7/plat-linux2', '/cvmfs/cms.cern.ch/slc6_amd64_gcc630/external/python/2.7.11-mlhled2/lib/python2.7/lib-tk', '/cvmfs/cms.cern.ch/slc6_amd64_gcc630/external/python/2.7.11-mlhled2/lib/python2.7/lib-old', '/cvmfs/cms.cern.ch/slc6_amd64_gcc630/external/python/2.7.11-mlhled2/lib/python2.7/lib-dynload', '/cvmfs/cms.cern.ch/slc6_amd64_gcc630/external/python/2.7.11-mlhled2/lib/python2.7/site-packages', '/uscms_data/d3/samuellh/WorkingArea/TauAnalysis/CMSSW_9_3_2/src/PUAnalysis/VBFtt2017/crab/VBF23'])
 ##################################################################### 
 # WARNING: the module CondCore.DBCommon.CondDBSetup is deprecated.  # 
 # Please import CondCore.CondDB.CondDB_cfi                          # 
 ##################################################################### 
recorrecting the jets
List Of Filters
['processedEvents', 'initialEventsTT', 'DiMuonCreation', 'AtLeastOneDiTau', 'TTTauPtEta', 'TTTauDecayFound', 'TTTauStandardDecayFound', 'TTTauDRSel', 'TTSync', 'TTAntiEle', 'TTAntiMu', 'TTIso', 'TTOS']
DEBUG 2017-11-15 07:23:57,047: 	 Executing command: 'submit'
DEBUG 2017-11-15 07:23:57,047: 	 Found CRAB cache file /uscms/home/samuellh/.crab3
DEBUG 2017-11-15 07:23:57,819: 	 Checking credentials
DEBUG 2017-11-15 07:23:57,820: 	 Found proxy file /tmp/x509up_u52190
DEBUG 2017-11-15 07:23:57,820: 	 Getting proxy life time left
DEBUG 2017-11-15 07:23:57,923: 	 Executing : 
 command : voms-proxy-info -file /tmp/x509up_u52190 -timeleft
 output : 83446

 error: 
 retcode : 0
DEBUG 2017-11-15 07:23:58,026: 	 Executing : 
 command : voms-proxy-info -file /tmp/x509up_u52190 -actimeleft
 output : 83445

 error: 
 retcode : 0
DEBUG 2017-11-15 07:23:58,026: 	 Proxy valid for 23:10:46 hours
INFO 2017-11-15 07:23:58,026: 	 Will use CRAB configuration file crab3_TT_MC.py
DEBUG 2017-11-15 07:23:58,027: 	 Loading CRAB configuration file.
DEBUG 2017-11-15 07:23:58,034: 	 Will use CRAB Analysis plugin (i.e. will run an analysis job type).
DEBUG 2017-11-15 07:23:58,150: 	 Executing : 
 command : openssl x509 -in ~/.globus/usercert.pem -subject -noout
 output : subject= /DC=ch/DC=cern/OU=Organic Units/OU=Users/CN=shigginb/CN=785176/CN=Sam Higginbotham

 error: 
 retcode : 0
DEBUG 2017-11-15 07:23:58,151: 	 Checking credentials
DEBUG 2017-11-15 07:23:58,151: 	 Found proxy file /tmp/x509up_u52190
DEBUG 2017-11-15 07:23:58,151: 	 Getting proxy life time left
DEBUG 2017-11-15 07:23:58,254: 	 Executing : 
 command : voms-proxy-info -file /tmp/x509up_u52190 -timeleft
 output : 83445

 error: 
 retcode : 0
DEBUG 2017-11-15 07:23:58,358: 	 Executing : 
 command : voms-proxy-info -file /tmp/x509up_u52190 -actimeleft
 output : 83444

 error: 
 retcode : 0
DEBUG 2017-11-15 07:23:58,358: 	 Proxy valid for 23:10:45 hours
DEBUG 2017-11-15 07:23:58,461: 	 Executing : 
 command : env X509_USER_PROXY=/tmp/x509up_u52190 voms-proxy-info -fqan
 output : /cms/Role=NULL/Capability=NULL

 error: 
 retcode : 0
DEBUG 2017-11-15 07:24:00,203: 	 Registering user credentials for server /DC=ch/DC=cern/OU=computers/CN=vocms(045|052|021|031|0118|0118a|0119|0108|0105|0109).cern.ch
DEBUG 2017-11-15 07:24:00,310: 	 Executing : 
 command : openssl x509 -in ~/.globus/usercert.pem -subject -noout
 output : subject= /DC=ch/DC=cern/OU=Organic Units/OU=Users/CN=shigginb/CN=785176/CN=Sam Higginbotham

 error: 
 retcode : 0
DEBUG 2017-11-15 07:24:00,311: 	 Getting myproxy life time left for myproxy.cern.ch
DEBUG 2017-11-15 07:24:00,311: 	 Calculating hash of /DC=ch/DC=cern/OU=Organic Units/OU=Users/CN=shigginb/CN=785176/CN=Sam Higginbotham_cmsweb.cern.ch for credential name
DEBUG 2017-11-15 07:24:01,015: 	 Executing : 
 command : myproxy-info -l 2f318c7a260d78734589f2cc772d26b8be79ec6c -s myproxy.cern.ch
 output : username: 2f318c7a260d78734589f2cc772d26b8be79ec6c
owner: /DC=ch/DC=cern/OU=Organic Units/OU=Users/CN=shigginb/CN=785176/CN=Sam Higginbotham
  renewal policy: /DC=ch/DC=cern/OU=computers/CN=vocms(045|052|021|031|0118|0118a|0119|0108|0105|0109).cern.ch
  trusted retrieval policy: /DC=ch/DC=cern/OU=computers/CN=vocms(045|052|021|031|0118|0118a|0119|0108|0105|0109).cern.ch
  timeleft: 431:59:41  (18.0 days)

 error: 
 retcode : 0
DEBUG 2017-11-15 07:24:01,017: 	 Myproxy is valid: 1555181
DEBUG 2017-11-15 07:24:01,017: 	 Command use: submit
DEBUG 2017-11-15 07:24:01,017: 	 Options use: ['-c', 'crab3_TT_MC.py']
DEBUG 2017-11-15 07:24:02,709: 	 CRABClient version: 3.3.1707.patch1
DEBUG 2017-11-15 07:24:02,710: 	 Instance is prod
DEBUG 2017-11-15 07:24:02,710: 	 Server base url is cmsweb.cern.ch
DEBUG 2017-11-15 07:24:02,710: 	 Command url /crabserver/prod/workflow
DEBUG 2017-11-15 07:24:02,710: 	 Started submission
DEBUG 2017-11-15 07:24:02,710: 	 Working on /uscms_data/d3/samuellh/WorkingArea/TauAnalysis/CMSSW_9_3_2/src/PUAnalysis/VBFtt2017/crab/VBF23/crab_20171115_072358
DEBUG 2017-11-15 07:24:04,419: 	 Loading required information from the environment
DEBUG 2017-11-15 07:24:04,419: 	 Found CMSSW_9_3_2 for slc6_amd64_gcc630 with base /uscms_data/d3/samuellh/WorkingArea/TauAnalysis/CMSSW_9_3_2
DEBUG 2017-11-15 07:24:04,419: 	 Loading required information from the environment
DEBUG 2017-11-15 07:24:04,419: 	 Found CMSSW_9_3_2 for slc6_amd64_gcc630 with base /uscms_data/d3/samuellh/WorkingArea/TauAnalysis/CMSSW_9_3_2
DEBUG 2017-11-15 07:24:04,433: 	 UNIQUE NAME: tarUUID 0112e559-b482-4f6d-95b1-5403250eea59 
DEBUG 2017-11-15 07:24:04,433: 	 self.config: from WMCore.Configuration import Configuration
config = Configuration()
config.section_('General')
config.section_('JobType')
config.JobType.psetName = '../../../TT-MC-Up.py'
config.JobType.pluginName = 'Analysis'
config.JobType.inputFiles = ['../../../Configuration/data/PhaseIISummer16_25nsV3_MC.db']
config.JobType.outputFiles = ['analysis.root']
config.JobType.allowUndistributedCMSSW = True
config.section_('Data')
config.Data.inputDataset = '/SMS-TStauStau_mStau-200_mLSP-1_TuneCUETP8M1_14TeV-madgraphMLM-pythia8/PhaseIITDRFall17MiniAOD-PU200_93X_upgrade2023_realistic_v2-v1/MINIAODSIM'
config.Data.unitsPerJob = 1
config.Data.publication = False
config.Data.inputDBS = 'global'
config.Data.splitting = 'FileBased'
config.section_('Site')
config.Site.storageSite = 'T3_US_FNALLPC'
config.section_('User')
config.section_('Debug')

DEBUG 2017-11-15 07:24:04,433: 	 self.config.JobType.psetName: ../../../TT-MC-Up.py
INFO 2017-11-15 07:24:04,434: 	 Importing CMSSW configuration ../../../TT-MC-Up.py
INFO 2017-11-15 07:24:07,079: 	 Finished importing CMSSW configuration ../../../TT-MC-Up.py
DEBUG 2017-11-15 07:24:07,079: 	 Writing CMSSW configuration to /uscms_data/d3/samuellh/WorkingArea/TauAnalysis/CMSSW_9_3_2/src/PUAnalysis/VBFtt2017/crab/VBF23/crab_20171115_072358/inputs/PSet.py
DEBUG 2017-11-15 07:24:07,887: 	 The following EDM output files will be collected: []
DEBUG 2017-11-15 07:24:07,887: 	 The following TFile output files will be collected: ['analysis.root']
DEBUG 2017-11-15 07:24:07,887: 	 The following user output files will be collected: []
DEBUG 2017-11-15 07:24:07,887: 	 Loading required information from the environment
DEBUG 2017-11-15 07:24:07,887: 	 Found CMSSW_9_3_2 for slc6_amd64_gcc630 with base /uscms_data/d3/samuellh/WorkingArea/TauAnalysis/CMSSW_9_3_2
DEBUG 2017-11-15 07:24:07,887: 	 Making tarball in /uscms_data/d3/samuellh/WorkingArea/TauAnalysis/CMSSW_9_3_2/src/PUAnalysis/VBFtt2017/crab/VBF23/crab_20171115_072358/inputs/0112e559-b482-4f6d-95b1-5403250eea59default.tgz
DEBUG 2017-11-15 07:24:07,907: 	 Checking directory /uscms_data/d3/samuellh/WorkingArea/TauAnalysis/CMSSW_9_3_2/lib
DEBUG 2017-11-15 07:24:07,907: 	 Adding directory /uscms_data/d3/samuellh/WorkingArea/TauAnalysis/CMSSW_9_3_2/lib to tarball
DEBUG 2017-11-15 07:24:08,662: 	 Checking directory /uscms_data/d3/samuellh/WorkingArea/TauAnalysis/CMSSW_9_3_2/biglib
DEBUG 2017-11-15 07:24:08,662: 	 Adding directory /uscms_data/d3/samuellh/WorkingArea/TauAnalysis/CMSSW_9_3_2/biglib to tarball
DEBUG 2017-11-15 07:24:08,664: 	 Checking directory /uscms_data/d3/samuellh/WorkingArea/TauAnalysis/CMSSW_9_3_2/module
DEBUG 2017-11-15 07:24:08,693: 	 Adding data directory /uscms_data/d3/samuellh/WorkingArea/TauAnalysis/CMSSW_9_3_2/src/PUAnalysis/Configuration/data to tarball
DEBUG 2017-11-15 07:24:11,562: 	 Adding data directory /uscms_data/d3/samuellh/WorkingArea/TauAnalysis/CMSSW_9_3_2/src/PUAnalysis/DataFormats/interface to tarball
DEBUG 2017-11-15 07:24:11,572: 	 Adding data directory /uscms_data/d3/samuellh/WorkingArea/TauAnalysis/CMSSW_9_3_2/src/PUAnalysis/NtupleTools/interface to tarball
DEBUG 2017-11-15 07:24:11,587: 	 Adding data directory /uscms_data/d3/samuellh/WorkingArea/TauAnalysis/CMSSW_9_3_2/src/PUAnalysis/RecoTools/interface to tarball
DEBUG 2017-11-15 07:24:11,791: 	 Adding file ../../../Configuration/data/PhaseIISummer16_25nsV3_MC.db to tarball
DEBUG 2017-11-15 07:24:12,134: 	 Uploading archive /uscms_data/d3/samuellh/WorkingArea/TauAnalysis/CMSSW_9_3_2/src/PUAnalysis/VBFtt2017/crab/VBF23/crab_20171115_072358/inputs/0112e559-b482-4f6d-95b1-5403250eea59default.tgz (11 MB) to the CRAB cache. Using URI https://cmsweb.cern.ch/crabcache
DEBUG 2017-11-15 07:24:19,195: 	 Loading required information from the environment
DEBUG 2017-11-15 07:24:19,195: 	 Found CMSSW_9_3_2 for slc6_amd64_gcc630 with base /uscms_data/d3/samuellh/WorkingArea/TauAnalysis/CMSSW_9_3_2
DEBUG 2017-11-15 07:24:19,195: 	 Making tarball in /uscms_data/d3/samuellh/WorkingArea/TauAnalysis/CMSSW_9_3_2/src/PUAnalysis/VBFtt2017/crab/VBF23/crab_20171115_072358/inputs/debugFiles.tgz
DEBUG 2017-11-15 07:24:19,201: 	 Uploading archive /uscms_data/d3/samuellh/WorkingArea/TauAnalysis/CMSSW_9_3_2/src/PUAnalysis/VBFtt2017/crab/VBF23/crab_20171115_072358/inputs/debugFiles.tgz (2 KB) to the CRAB cache. Using URI https://cmsweb.cern.ch/crabcache
DEBUG 2017-11-15 07:24:21,212: 	 Result uploading input files: 4e198fb019d07e682a8bd09208595d4eb73bac82ae7f6e24154a54b4451cc952.tar.gz 
INFO 2017-11-15 07:24:21,213: 	 Sending the request to the server
DEBUG 2017-11-15 07:24:21,213: 	 Submitting {'maxjobruntime': 1250, 'extrajdl': [], 'ignorelocality': 0, 'savelogsflag': 0, 'useparent': 0, 'asyncdest': 'T3_US_FNALLPC', 'algoargs': 1, 'cachefilename': '4e198fb019d07e682a8bd09208595d4eb73bac82ae7f6e24154a54b4451cc952.tar.gz', 'numcores': 1, 'addoutputfiles': [], 'generator': 'pythia', 'maxmemory': 2000, 'publishdbsurl': 'https://cmsweb.cern.ch/dbs/prod/phys03/DBSWriter', 'priority': 10, 'jobsw': 'CMSSW_9_3_2', 'edmoutfiles': [], 'userfiles': [], 'primarydataset': '', 'inputdata': '/SMS-TStauStau_mStau-200_mLSP-1_TuneCUETP8M1_14TeV-madgraphMLM-pythia8/PhaseIITDRFall17MiniAOD-PU200_93X_upgrade2023_realistic_v2-v1/MINIAODSIM', 'dryrun': 0, 'workflow': 'crab_20171115_072358', 'cacheurl': u'https://cmsweb.cern.ch/crabcache', 'nonprodsw': 1, 'tfileoutfiles': ['analysis.root'], 'oneEventMode': 0, 'debugfilename': 'c559afa7231326f7e088b363f5e9d95a75040e1a85ac6e0be4d6c06b4658d0f6.tar.gz', 'saveoutput': 1, 'publication': 0, 'jobarch': 'slc6_amd64_gcc630', 'totalunits': 0, 'splitalgo': 'FileBased', 'ignoreglobalblacklist': 0, 'nonvaliddata': 0, 'dbsurl': 'https://cmsweb.cern.ch/dbs/prod/global/DBSReader', 'publishgroupname': 0, 'jobtype': 'Analysis', 'publishname2': ''} 
DEBUG 2017-11-15 07:24:21,213: 	 Encoded submit request: maxjobruntime=1250&ignorelocality=0&savelogsflag=0&useparent=0&asyncdest=T3_US_FNALLPC&algoargs=1&cachefilename=4e198fb019d07e682a8bd09208595d4eb73bac82ae7f6e24154a54b4451cc952.tar.gz&numcores=1&generator=pythia&maxmemory=2000&publishdbsurl=https%3A%2F%2Fcmsweb.cern.ch%2Fdbs%2Fprod%2Fphys03%2FDBSWriter&priority=10&jobsw=CMSSW_9_3_2&primarydataset=&inputdata=%2FSMS-TStauStau_mStau-200_mLSP-1_TuneCUETP8M1_14TeV-madgraphMLM-pythia8%2FPhaseIITDRFall17MiniAOD-PU200_93X_upgrade2023_realistic_v2-v1%2FMINIAODSIM&dryrun=0&workflow=crab_20171115_072358&cacheurl=https%3A%2F%2Fcmsweb.cern.ch%2Fcrabcache&nonprodsw=1&oneEventMode=0&debugfilename=c559afa7231326f7e088b363f5e9d95a75040e1a85ac6e0be4d6c06b4658d0f6.tar.gz&saveoutput=1&publication=0&jobarch=slc6_amd64_gcc630&totalunits=0&splitalgo=FileBased&ignoreglobalblacklist=0&nonvaliddata=0&dbsurl=https%3A%2F%2Fcmsweb.cern.ch%2Fdbs%2Fprod%2Fglobal%2FDBSReader&publishgroupname=0&jobtype=Analysis&publishname2=&tfileoutfiles=analysis.root
DEBUG 2017-11-15 07:24:22,826: 	 Result: {u'result': [{u'RequestName': u'171115_132422:shigginb_crab_20171115_072358'}]}
INFO 2017-11-15 07:24:22,830: 	 Success: Your task has been delivered to the CRAB3 server.
INFO 2017-11-15 07:24:22,830: 	 Task name: 171115_132422:shigginb_crab_20171115_072358
INFO 2017-11-15 07:24:22,831: 	 Please use 'crab status' to check how the submission process proceeds.
DEBUG 2017-11-15 07:24:22,831: 	 About to return
INFO 2017-11-15 07:24:22,836: 	 Log file is /uscms_data/d3/samuellh/WorkingArea/TauAnalysis/CMSSW_9_3_2/src/PUAnalysis/VBFtt2017/crab/VBF23/crab_20171115_072358/crab.log
DEBUG 2017-11-15 07:59:08,524: 	 Executing command: 'status'
DEBUG 2017-11-15 07:59:08,525: 	 Found CRAB cache file /uscms/home/samuellh/.crab3
DEBUG 2017-11-15 07:59:08,532: 	 Checking credentials
DEBUG 2017-11-15 07:59:08,532: 	 Found proxy file /tmp/x509up_u52190
DEBUG 2017-11-15 07:59:08,532: 	 Getting proxy life time left
DEBUG 2017-11-15 07:59:08,635: 	 Executing : 
 command : voms-proxy-info -file /tmp/x509up_u52190 -timeleft
 output : 81335

 error: 
 retcode : 0
DEBUG 2017-11-15 07:59:08,739: 	 Executing : 
 command : voms-proxy-info -file /tmp/x509up_u52190 -actimeleft
 output : 81334

 error: 
 retcode : 0
DEBUG 2017-11-15 07:59:08,739: 	 Proxy valid for 22:35:35 hours
DEBUG 2017-11-15 07:59:08,853: 	 Executing : 
 command : openssl x509 -in ~/.globus/usercert.pem -subject -noout
 output : subject= /DC=ch/DC=cern/OU=Organic Units/OU=Users/CN=shigginb/CN=785176/CN=Sam Higginbotham

 error: 
 retcode : 0
DEBUG 2017-11-15 07:59:08,853: 	 Checking credentials
DEBUG 2017-11-15 07:59:08,853: 	 Found proxy file /tmp/x509up_u52190
DEBUG 2017-11-15 07:59:08,853: 	 Getting proxy life time left
DEBUG 2017-11-15 07:59:08,956: 	 Executing : 
 command : voms-proxy-info -file /tmp/x509up_u52190 -timeleft
 output : 81335

 error: 
 retcode : 0
DEBUG 2017-11-15 07:59:09,059: 	 Executing : 
 command : voms-proxy-info -file /tmp/x509up_u52190 -actimeleft
 output : 81333

 error: 
 retcode : 0
DEBUG 2017-11-15 07:59:09,060: 	 Proxy valid for 22:35:35 hours
DEBUG 2017-11-15 07:59:10,727: 	 Registering user credentials for server /DC=ch/DC=cern/OU=computers/CN=vocms(045|052|021|031|0118|0118a|0119|0108|0105|0109).cern.ch
DEBUG 2017-11-15 07:59:10,836: 	 Executing : 
 command : openssl x509 -in ~/.globus/usercert.pem -subject -noout
 output : subject= /DC=ch/DC=cern/OU=Organic Units/OU=Users/CN=shigginb/CN=785176/CN=Sam Higginbotham

 error: 
 retcode : 0
DEBUG 2017-11-15 07:59:10,837: 	 Getting myproxy life time left for myproxy.cern.ch
DEBUG 2017-11-15 07:59:10,837: 	 Calculating hash of /DC=ch/DC=cern/OU=Organic Units/OU=Users/CN=shigginb/CN=785176/CN=Sam Higginbotham_cmsweb.cern.ch for credential name
DEBUG 2017-11-15 07:59:12,043: 	 Executing : 
 command : myproxy-info -l 2f318c7a260d78734589f2cc772d26b8be79ec6c -s myproxy.cern.ch
 output : username: 2f318c7a260d78734589f2cc772d26b8be79ec6c
owner: /DC=ch/DC=cern/OU=Organic Units/OU=Users/CN=shigginb/CN=785176/CN=Sam Higginbotham
  renewal policy: /DC=ch/DC=cern/OU=computers/CN=vocms(045|052|021|031|0118|0118a|0119|0108|0105|0109).cern.ch
  trusted retrieval policy: /DC=ch/DC=cern/OU=computers/CN=vocms(045|052|021|031|0118|0118a|0119|0108|0105|0109).cern.ch
  timeleft: 431:24:30  (18.0 days)

 error: 
 retcode : 0
DEBUG 2017-11-15 07:59:12,044: 	 Myproxy is valid: 1553070
DEBUG 2017-11-15 07:59:12,045: 	 Command use: status
DEBUG 2017-11-15 07:59:12,045: 	 Options use: ['-d', 'crab_20171115_072358/']
DEBUG 2017-11-15 07:59:13,721: 	 CRABClient version: 3.3.1707.patch1
DEBUG 2017-11-15 07:59:13,721: 	 Instance is prod
DEBUG 2017-11-15 07:59:13,721: 	 Server base url is cmsweb.cern.ch
DEBUG 2017-11-15 07:59:13,721: 	 Command url /crabserver/prod/workflow
DEBUG 2017-11-15 07:59:15,585: 	 Got information from server oracle database: {u'result': [u'171115_132422:shigginb_crab_20171115_072358', u'None', u'SUBMITTED', u'2017-11-15 13:24:22.767140', u'None', u'2017-11-15 13:25:39.001939', u'None', u'CMSSW_9_3_2', u'slc6_amd64_gcc630', u'/SMS-TStauStau_mStau-200_mLSP-1_TuneCUETP8M1_14TeV-madgraphMLM-pythia8/PhaseIITDRFall17MiniAOD-PU200_93X_upgrade2023_realistic_v2-v1/MINIAODSIM', u'[]', u'[]', u'FileBased', u"{'splitOnRun': False, 'halt_job_on_file_boundaries': False, 'files_per_job': 1, 'runs': [], 'lumis': []}", u'0', u'4e198fb019d07e682a8bd09208595d4eb73bac82ae7f6e24154a54b4451cc952.tar.gz', u'https://cmsweb.cern.ch/crabcache', u'shigginb', u'/DC=ch/DC=cern/OU=Organic Units/OU=Users/CN=shigginb/CN=785176/CN=Sam Higginbotham', u'cms', u'None', u'None', u'crab_20171115_072358-00000000000000000000000000000000', u'T3_US_FNALLPC', u'https://cmsweb.cern.ch/dbs/prod/global/DBSReader', u'https://cmsweb.cern.ch/dbs/prod/phys03/DBSWriter', u'F', u'Analysis', u'{}', u'[]', u'F', u'vocms052', u'[]', u'1250', u'1', u'2000', u'10', u'None', u'http://vocms0119.cern.ch/mon/cms1359/171115_132422:shigginb_crab_20171115_072358', u'None', u'None', u'[]', u'[]', u'[]', u'pythia', u'[]', u"['analysis.root']", u'[]', u'https://cmsweb.cern.ch/crabserver/prod', u'None', u'0', u'cmssrv221.fnal.gov:9620', u'crab3@vocms0119.cern.ch', u'F', u'[]', u'T', u'/store/user/shigginb/', u'F', u'None', u'F', u'F', u'F', u'None', u'SMS-TStauStau_mStau-200_mLSP-1_TuneCUETP8M1_14TeV-madgraphMLM-pythia8', u'filetransfers', u'SUBMIT', u'13718733', u'c559afa7231326f7e088b363f5e9d95a75040e1a85ac6e0be4d6c06b4658d0f6.tar.gz', u'131.225.190.56', u'F', u'None'], u'desc': {u'columns': [u'tm_taskname', u'panda_jobset_id', u'tm_task_status', u'tm_start_time', u'tm_start_injection', u'tm_end_injection', u'tm_task_failure', u'tm_job_sw', u'tm_job_arch', u'tm_input_dataset', u'tm_site_whitelist', u'tm_site_blacklist', u'tm_split_algo', u'tm_split_args', u'tm_totalunits', u'tm_user_sandbox', u'tm_cache_url', u'tm_username', u'tm_user_dn', u'tm_user_vo', u'tm_user_role', u'tm_user_group', u'tm_publish_name', u'tm_asyncdest', u'tm_dbs_url', u'tm_publish_dbs_url', u'tm_publication', u'tm_job_type', u'tm_arguments', u'panda_resubmitted_jobs', u'tm_save_logs', u'tw_name', u'tm_user_infiles', u'tm_maxjobruntime', u'tm_numcores', u'tm_maxmemory', u'tm_priority', u'tm_output_dataset', u'tm_user_webdir', u'tm_activity', u'tm_scriptexe', u'tm_scriptargs', u'tm_extrajdl', u'tm_task_warnings', u'tm_generator', u'tm_outfiles', u'tm_tfile_outfiles', u'tm_edm_outfiles', u'tm_asourl', u'tm_events_per_lumi', u'tm_use_parent', u'tm_collector', u'tm_schedd', u'tm_dry_run', u'tm_user_files', u'tm_transfer_outputs', u'tm_output_lfn', u'tm_ignore_locality', u'tm_fail_limit', u'tm_one_event_mode', u'tm_publish_groupname', u'tm_nonvalid_input_dataset', u'tm_secondary_input_dataset', u'tm_primary_dataset', u'tm_asodb', u'tm_task_command', u'clusterid', u'tm_debug_files', u'tm_submitter_ip_addr', u'tm_ignore_global_blacklist', u'tm_last_publication']}}
INFO 2017-11-15 07:59:15,586: 	 CRAB project directory:		/uscms_data/d3/samuellh/WorkingArea/TauAnalysis/CMSSW_9_3_2/src/PUAnalysis/VBFtt2017/crab/VBF23/crab_20171115_072358
INFO 2017-11-15 07:59:15,586: 	 Task name:			171115_132422:shigginb_crab_20171115_072358
INFO 2017-11-15 07:59:15,586: 	 Grid scheduler:			crab3@vocms0119.cern.ch
INFO 2017-11-15 07:59:15,586: 	 Status on the CRAB server:	SUBMITTED
INFO 2017-11-15 07:59:15,586: 	 Task URL to use for HELP:	https://cmsweb.cern.ch/crabserver/ui/task/171115_132422%3Ashigginb_crab_20171115_072358
INFO 2017-11-15 07:59:15,586: 	 Dashboard monitoring URL:	http://dashb-cms-job.cern.ch/dashboard/templates/task-analysis/#user=shigginb&refresh=0&table=Jobs&p=1&records=25&activemenu=2&status=&site=&tid=171115_132422%3Ashigginb_crab_20171115_072358
DEBUG 2017-11-15 07:59:15,587: 	 The CRAB server submitted your task to the Grid scheduler (cluster ID: 13718733)
DEBUG 2017-11-15 07:59:15,587: 	 Webdir is located at http://vocms0119.cern.ch/mon/cms1359/171115_132422:shigginb_crab_20171115_072358
DEBUG 2017-11-15 07:59:17,237: 	 Proxied webdir is located at https://cmsweb.cern.ch/scheddmon/0119/cms1359/171115_132422:shigginb_crab_20171115_072358
DEBUG 2017-11-15 07:59:17,238: 	 Retrieving 'status_cache' file from https://cmsweb.cern.ch/scheddmon/0119/cms1359/171115_132422:shigginb_crab_20171115_072358/status_cache
DEBUG 2017-11-15 07:59:18,797: 	 Got information from status cache file: {'1': {'Retries': 0, 'WallDurations': [174.0], 'StartTimes': [1510752680.0], 'SubmitTimes': [1510752358.0], 'JobIds': ['13718758.0'], 'EndTimes': [1510752854.0], 'Restarts': 0, 'RecordedSite': False, 'State': 'finished', 'ResidentSetSize': [45108], 'TotalUserCpuTimeHistory': [93], 'SiteHistory': ['Unknown'], 'TotalSysCpuTimeHistory': [3]}, '3': {'Retries': 0, 'WallDurations': [1240.0], 'StartTimes': [1510752858.0], 'SubmitTimes': [1510752362.0], 'JobIds': ['13718763.0'], 'EndTimes': [1510754098.0], 'Restarts': 0, 'RecordedSite': False, 'State': 'finished', 'ResidentSetSize': [1958184], 'TotalUserCpuTimeHistory': [1097], 'SiteHistory': ['Unknown'], 'TotalSysCpuTimeHistory': [17]}, '2': {'Retries': 0, 'WallDurations': [303.0], 'StartTimes': [1510752928.0], 'SubmitTimes': [1510752362.0], 'JobIds': ['13718761.0'], 'EndTimes': [1510753231.0], 'Restarts': 0, 'RecordedSite': False, 'State': 'finished', 'ResidentSetSize': [38116], 'TotalUserCpuTimeHistory': [225], 'SiteHistory': ['Unknown'], 'TotalSysCpuTimeHistory': [5]}}
INFO 2017-11-15 07:59:18,797: 	 Status on the scheduler:	COMPLETED
INFO 2017-11-15 07:59:18,798: 	 
Jobs status:                    finished      100.0% (3/3)
INFO 2017-11-15 07:59:18,798: 	 
No publication information (publication has been disabled in the CRAB configuration file)
INFO 2017-11-15 07:59:18,810: 	 Log file is /uscms_data/d3/samuellh/WorkingArea/TauAnalysis/CMSSW_9_3_2/src/PUAnalysis/VBFtt2017/crab/VBF23/crab_20171115_072358/crab.log
DEBUG 2017-11-15 09:12:28,692: 	 Executing command: 'status'
DEBUG 2017-11-15 09:12:28,692: 	 Found CRAB cache file /uscms/home/samuellh/.crab3
DEBUG 2017-11-15 09:12:28,700: 	 Checking credentials
DEBUG 2017-11-15 09:12:28,700: 	 Found proxy file /tmp/x509up_u52190
DEBUG 2017-11-15 09:12:28,700: 	 Getting proxy life time left
DEBUG 2017-11-15 09:12:28,803: 	 Executing : 
 command : voms-proxy-info -file /tmp/x509up_u52190 -timeleft
 output : 76935

 error: 
 retcode : 0
DEBUG 2017-11-15 09:12:28,906: 	 Executing : 
 command : voms-proxy-info -file /tmp/x509up_u52190 -actimeleft
 output : 76934

 error: 
 retcode : 0
DEBUG 2017-11-15 09:12:28,906: 	 Proxy valid for 21:22:15 hours
DEBUG 2017-11-15 09:12:29,018: 	 Executing : 
 command : openssl x509 -in ~/.globus/usercert.pem -subject -noout
 output : subject= /DC=ch/DC=cern/OU=Organic Units/OU=Users/CN=shigginb/CN=785176/CN=Sam Higginbotham

 error: 
 retcode : 0
DEBUG 2017-11-15 09:12:29,019: 	 Checking credentials
DEBUG 2017-11-15 09:12:29,019: 	 Found proxy file /tmp/x509up_u52190
DEBUG 2017-11-15 09:12:29,019: 	 Getting proxy life time left
DEBUG 2017-11-15 09:12:29,122: 	 Executing : 
 command : voms-proxy-info -file /tmp/x509up_u52190 -timeleft
 output : 76934

 error: 
 retcode : 0
DEBUG 2017-11-15 09:12:29,225: 	 Executing : 
 command : voms-proxy-info -file /tmp/x509up_u52190 -actimeleft
 output : 76933

 error: 
 retcode : 0
DEBUG 2017-11-15 09:12:29,225: 	 Proxy valid for 21:22:14 hours
DEBUG 2017-11-15 09:12:31,039: 	 Registering user credentials for server /DC=ch/DC=cern/OU=computers/CN=vocms(045|052|021|031|0118|0118a|0119|0108|0105|0109).cern.ch
DEBUG 2017-11-15 09:12:31,146: 	 Executing : 
 command : openssl x509 -in ~/.globus/usercert.pem -subject -noout
 output : subject= /DC=ch/DC=cern/OU=Organic Units/OU=Users/CN=shigginb/CN=785176/CN=Sam Higginbotham

 error: 
 retcode : 0
DEBUG 2017-11-15 09:12:31,146: 	 Getting myproxy life time left for myproxy.cern.ch
DEBUG 2017-11-15 09:12:31,147: 	 Calculating hash of /DC=ch/DC=cern/OU=Organic Units/OU=Users/CN=shigginb/CN=785176/CN=Sam Higginbotham_cmsweb.cern.ch for credential name
DEBUG 2017-11-15 09:12:31,952: 	 Executing : 
 command : myproxy-info -l 2f318c7a260d78734589f2cc772d26b8be79ec6c -s myproxy.cern.ch
 output : username: 2f318c7a260d78734589f2cc772d26b8be79ec6c
owner: /DC=ch/DC=cern/OU=Organic Units/OU=Users/CN=shigginb/CN=785176/CN=Sam Higginbotham
  renewal policy: /DC=ch/DC=cern/OU=computers/CN=vocms(045|052|021|031|0118|0118a|0119|0108|0105|0109).cern.ch
  trusted retrieval policy: /DC=ch/DC=cern/OU=computers/CN=vocms(045|052|021|031|0118|0118a|0119|0108|0105|0109).cern.ch
  timeleft: 430:11:10  (17.9 days)

 error: 
 retcode : 0
DEBUG 2017-11-15 09:12:31,953: 	 Myproxy is valid: 1548670
DEBUG 2017-11-15 09:12:31,953: 	 Command use: status
DEBUG 2017-11-15 09:12:31,953: 	 Options use: ['-d', 'crab_20171115_072358/']
DEBUG 2017-11-15 09:12:33,664: 	 CRABClient version: 3.3.1707.patch1
DEBUG 2017-11-15 09:12:33,664: 	 Instance is prod
DEBUG 2017-11-15 09:12:33,664: 	 Server base url is cmsweb.cern.ch
DEBUG 2017-11-15 09:12:33,664: 	 Command url /crabserver/prod/workflow
DEBUG 2017-11-15 09:12:35,347: 	 Got information from server oracle database: {u'result': [u'171115_132422:shigginb_crab_20171115_072358', u'None', u'SUBMITTED', u'2017-11-15 13:24:22.767140', u'None', u'2017-11-15 13:25:39.001939', u'None', u'CMSSW_9_3_2', u'slc6_amd64_gcc630', u'/SMS-TStauStau_mStau-200_mLSP-1_TuneCUETP8M1_14TeV-madgraphMLM-pythia8/PhaseIITDRFall17MiniAOD-PU200_93X_upgrade2023_realistic_v2-v1/MINIAODSIM', u'[]', u'[]', u'FileBased', u"{'splitOnRun': False, 'halt_job_on_file_boundaries': False, 'files_per_job': 1, 'runs': [], 'lumis': []}", u'0', u'4e198fb019d07e682a8bd09208595d4eb73bac82ae7f6e24154a54b4451cc952.tar.gz', u'https://cmsweb.cern.ch/crabcache', u'shigginb', u'/DC=ch/DC=cern/OU=Organic Units/OU=Users/CN=shigginb/CN=785176/CN=Sam Higginbotham', u'cms', u'None', u'None', u'crab_20171115_072358-00000000000000000000000000000000', u'T3_US_FNALLPC', u'https://cmsweb.cern.ch/dbs/prod/global/DBSReader', u'https://cmsweb.cern.ch/dbs/prod/phys03/DBSWriter', u'F', u'Analysis', u'{}', u'[]', u'F', u'vocms052', u'[]', u'1250', u'1', u'2000', u'10', u'None', u'http://vocms0119.cern.ch/mon/cms1359/171115_132422:shigginb_crab_20171115_072358', u'None', u'None', u'[]', u'[]', u'[]', u'pythia', u'[]', u"['analysis.root']", u'[]', u'https://cmsweb.cern.ch/crabserver/prod', u'None', u'0', u'cmssrv221.fnal.gov:9620', u'crab3@vocms0119.cern.ch', u'F', u'[]', u'T', u'/store/user/shigginb/', u'F', u'None', u'F', u'F', u'F', u'None', u'SMS-TStauStau_mStau-200_mLSP-1_TuneCUETP8M1_14TeV-madgraphMLM-pythia8', u'filetransfers', u'SUBMIT', u'13718733', u'c559afa7231326f7e088b363f5e9d95a75040e1a85ac6e0be4d6c06b4658d0f6.tar.gz', u'131.225.190.56', u'F', u'None'], u'desc': {u'columns': [u'tm_taskname', u'panda_jobset_id', u'tm_task_status', u'tm_start_time', u'tm_start_injection', u'tm_end_injection', u'tm_task_failure', u'tm_job_sw', u'tm_job_arch', u'tm_input_dataset', u'tm_site_whitelist', u'tm_site_blacklist', u'tm_split_algo', u'tm_split_args', u'tm_totalunits', u'tm_user_sandbox', u'tm_cache_url', u'tm_username', u'tm_user_dn', u'tm_user_vo', u'tm_user_role', u'tm_user_group', u'tm_publish_name', u'tm_asyncdest', u'tm_dbs_url', u'tm_publish_dbs_url', u'tm_publication', u'tm_job_type', u'tm_arguments', u'panda_resubmitted_jobs', u'tm_save_logs', u'tw_name', u'tm_user_infiles', u'tm_maxjobruntime', u'tm_numcores', u'tm_maxmemory', u'tm_priority', u'tm_output_dataset', u'tm_user_webdir', u'tm_activity', u'tm_scriptexe', u'tm_scriptargs', u'tm_extrajdl', u'tm_task_warnings', u'tm_generator', u'tm_outfiles', u'tm_tfile_outfiles', u'tm_edm_outfiles', u'tm_asourl', u'tm_events_per_lumi', u'tm_use_parent', u'tm_collector', u'tm_schedd', u'tm_dry_run', u'tm_user_files', u'tm_transfer_outputs', u'tm_output_lfn', u'tm_ignore_locality', u'tm_fail_limit', u'tm_one_event_mode', u'tm_publish_groupname', u'tm_nonvalid_input_dataset', u'tm_secondary_input_dataset', u'tm_primary_dataset', u'tm_asodb', u'tm_task_command', u'clusterid', u'tm_debug_files', u'tm_submitter_ip_addr', u'tm_ignore_global_blacklist', u'tm_last_publication']}}
INFO 2017-11-15 09:12:35,348: 	 CRAB project directory:		/uscms_data/d3/samuellh/WorkingArea/TauAnalysis/CMSSW_9_3_2/src/PUAnalysis/VBFtt2017/crab/VBF23/crab_20171115_072358
INFO 2017-11-15 09:12:35,348: 	 Task name:			171115_132422:shigginb_crab_20171115_072358
INFO 2017-11-15 09:12:35,348: 	 Grid scheduler:			crab3@vocms0119.cern.ch
INFO 2017-11-15 09:12:35,348: 	 Status on the CRAB server:	SUBMITTED
INFO 2017-11-15 09:12:35,349: 	 Task URL to use for HELP:	https://cmsweb.cern.ch/crabserver/ui/task/171115_132422%3Ashigginb_crab_20171115_072358
INFO 2017-11-15 09:12:35,349: 	 Dashboard monitoring URL:	http://dashb-cms-job.cern.ch/dashboard/templates/task-analysis/#user=shigginb&refresh=0&table=Jobs&p=1&records=25&activemenu=2&status=&site=&tid=171115_132422%3Ashigginb_crab_20171115_072358
DEBUG 2017-11-15 09:12:35,349: 	 The CRAB server submitted your task to the Grid scheduler (cluster ID: 13718733)
DEBUG 2017-11-15 09:12:35,349: 	 Webdir is located at http://vocms0119.cern.ch/mon/cms1359/171115_132422:shigginb_crab_20171115_072358
DEBUG 2017-11-15 09:12:37,098: 	 Proxied webdir is located at https://cmsweb.cern.ch/scheddmon/0119/cms1359/171115_132422:shigginb_crab_20171115_072358
DEBUG 2017-11-15 09:12:37,099: 	 Retrieving 'status_cache' file from https://cmsweb.cern.ch/scheddmon/0119/cms1359/171115_132422:shigginb_crab_20171115_072358/status_cache
DEBUG 2017-11-15 09:12:38,691: 	 Got information from status cache file: {'1': {'Retries': 0, 'WallDurations': [174.0], 'StartTimes': [1510752680.0], 'SubmitTimes': [1510752358.0], 'JobIds': ['13718758.0'], 'EndTimes': [1510752854.0], 'Restarts': 0, 'RecordedSite': False, 'State': 'finished', 'ResidentSetSize': [45108], 'TotalUserCpuTimeHistory': [93], 'SiteHistory': ['Unknown'], 'TotalSysCpuTimeHistory': [3]}, '3': {'Retries': 0, 'WallDurations': [1240.0], 'StartTimes': [1510752858.0], 'SubmitTimes': [1510752362.0], 'JobIds': ['13718763.0'], 'EndTimes': [1510754098.0], 'Restarts': 0, 'RecordedSite': False, 'State': 'finished', 'ResidentSetSize': [1958184], 'TotalUserCpuTimeHistory': [1097], 'SiteHistory': ['Unknown'], 'TotalSysCpuTimeHistory': [17]}, '2': {'Retries': 0, 'WallDurations': [303.0], 'StartTimes': [1510752928.0], 'SubmitTimes': [1510752362.0], 'JobIds': ['13718761.0'], 'EndTimes': [1510753231.0], 'Restarts': 0, 'RecordedSite': False, 'State': 'finished', 'ResidentSetSize': [38116], 'TotalUserCpuTimeHistory': [225], 'SiteHistory': ['Unknown'], 'TotalSysCpuTimeHistory': [5]}}
INFO 2017-11-15 09:12:38,691: 	 Status on the scheduler:	COMPLETED
INFO 2017-11-15 09:12:38,692: 	 
Jobs status:                    finished      100.0% (3/3)
INFO 2017-11-15 09:12:38,692: 	 
No publication information (publication has been disabled in the CRAB configuration file)
INFO 2017-11-15 09:12:38,713: 	 Log file is /uscms_data/d3/samuellh/WorkingArea/TauAnalysis/CMSSW_9_3_2/src/PUAnalysis/VBFtt2017/crab/VBF23/crab_20171115_072358/crab.log
