('The system path in the config file ', ['/cvmfs/cms.cern.ch/crab3/slc6_amd64_gcc493/cms/crabclient/3.3.1707.patch1/bin', '/uscms_data/d3/samuellh/WorkingArea/TauAnalysis/CMSSW_9_3_2/python', '/uscms_data/d3/samuellh/WorkingArea/TauAnalysis/CMSSW_9_3_2/lib/slc6_amd64_gcc630', '/cvmfs/cms.cern.ch/slc6_amd64_gcc630/cms/cmssw/CMSSW_9_3_2/python', '/cvmfs/cms.cern.ch/slc6_amd64_gcc630/cms/cmssw/CMSSW_9_3_2/lib/slc6_amd64_gcc630', '/cvmfs/cms.cern.ch/slc6_amd64_gcc630/cms/coral/CORAL_2_3_21-ghjeda6/slc6_amd64_gcc630/python', '/cvmfs/cms.cern.ch/slc6_amd64_gcc630/cms/coral/CORAL_2_3_21-ghjeda6/slc6_amd64_gcc630/lib', '/cvmfs/cms.cern.ch/slc6_amd64_gcc630/external/professor2/2.2.1-ghjeda6/lib/python2.7/site-packages', '/cvmfs/cms.cern.ch/slc6_amd64_gcc630/external/pyqt/4.11.4-mlhled2/lib/python2.7/site-packages', '/cvmfs/cms.cern.ch/slc6_amd64_gcc630/external/sherpa/2.2.4-ghjeda/lib/python2.7/site-packages', '/cvmfs/cms.cern.ch/slc6_amd64_gcc630/external/rivet/2.5.2-ghjeda4/lib/python2.7/site-packages', '/cvmfs/cms.cern.ch/slc6_amd64_gcc630/external/python-ldap/2.4.10-mlhled2/lib/python2.7/site-packages', '/cvmfs/cms.cern.ch/slc6_amd64_gcc630/external/py2-matplotlib/1.5.2-njopjo/lib/python2.7/site-packages', '/cvmfs/cms.cern.ch/slc6_amd64_gcc630/external/sip/4.17-mlhled2/lib/python2.7/site-packages', '/cvmfs/cms.cern.ch/slc6_amd64_gcc630/external/llvm/4.0.0-njopjo/lib64/python2.7/site-packages', '/cvmfs/cms.cern.ch/slc6_amd64_gcc630/external/py2-sqlalchemy/1.1.4-mlhled2/lib/python2.7/site-packages', '/cvmfs/cms.cern.ch/slc6_amd64_gcc630/external/py2-lint/0.25.1-mlhled2/lib/python2.7/site-packages', '/cvmfs/cms.cern.ch/slc6_amd64_gcc630/external/py2-dxr/1.0-ghjeda6/lib/python2.7/site-packages', '/cvmfs/cms.cern.ch/slc6_amd64_gcc630/external/py2-cx-oracle/5.2.1-mlhled2/lib/python2.7/site-packages', '/cvmfs/cms.cern.ch/slc6_amd64_gcc630/external/py2-numpy/1.12.1-mlhled2/lib/python2.7/site-packages', '/cvmfs/cms.cern.ch/slc6_amd64_gcc630/external/frontier_client/2.8.20-mlhled2/python/lib', '/cvmfs/cms.cern.ch/slc6_amd64_gcc630/cms/das_client/v03.01.00-mlhled2/bin', '/cvmfs/cms.cern.ch/slc6_amd64_gcc630/external/xrootd/4.6.1/lib/python2.7/site-packages', '/cvmfs/cms.cern.ch/slc6_amd64_gcc630/external/yoda/1.6.5-ghjeda4/lib/python2.7/site-packages', '/cvmfs/cms.cern.ch/slc6_amd64_gcc630/lcg/root/6.10.04-ghjeda/lib', '/cvmfs/cms.cern.ch/slc6_amd64_gcc630/external/pyminuit2/0.0.1-ghjeda4/lib/python2.7/site-packages', '/cvmfs/cms.cern.ch/slc6_amd64_gcc630/external/py2-PyYAML/3.11-mlhled2/lib/python2.7/site-packages', '/cvmfs/cms.cern.ch/slc6_amd64_gcc630/external/py2-pygithub/1.23.0-mlhled2/lib/python2.7/site-packages', '/cvmfs/cms.cern.ch/slc6_amd64_gcc630/external/py2-pip/9.0.1-mlhled2/lib/python2.7/site-packages', '/cvmfs/cms.cern.ch/slc6_amd64_gcc630/external/py2-dablooms/0.9.1-mlhled2/lib/python2.7/site-packages', '/cvmfs/cms.cern.ch/slc6_amd64_gcc630/external/py2-pippkgs_depscipy/3.0-ghjeda6/lib/python2.7/site-packages', '/cvmfs/cms.cern.ch/slc6_amd64_gcc630/external/py2-pippkgs/5.0-ghjeda6/lib/python2.7/site-packages', '/cvmfs/cms.cern.ch/slc6_amd64_gcc630/external/professor/1.4.0-ghjeda4/lib/python2.7/site-packages', '/cvmfs/cms.cern.ch/slc6_amd64_gcc630/cms/dbs-client/DBS_2_1_9-mlhled2/lib', '/cvmfs/cms.cern.ch/slc6_amd64_gcc630/cms/dbs-client/DBS_2_1_9-mlhled2/lib/DBSAPI', '/cvmfs/cms.cern.ch/slc6_amd64_gcc630/external/cvs2git/5419-mlhled2/lib', '/cvmfs/cms.cern.ch/crab3/slc6_amd64_gcc493/cms/crabclient/3.3.1707.patch1/lib/python2.7/site-packages', '/cvmfs/cms.cern.ch/crab3/slc6_amd64_gcc493/cms/dbs3-client/3.4.4/lib/python2.7/site-packages', '/cvmfs/cms.cern.ch/crab3/slc6_amd64_gcc493/cms/dbs3-pycurl-client/3.4.4/lib/python2.7/site-packages', '/cvmfs/cms.cern.ch/slc6_amd64_gcc630/external/py2-sqlalchemy/1.1.4-mlhled2/lib/python2.7/site-packages/SQLAlchemy-1.1.4-py2.7-linux-x86_64.egg', '/cvmfs/cms.cern.ch/slc6_amd64_gcc630/external/py2-numpy/1.12.1-mlhled2/lib/python2.7/site-packages/numpy-1.12.1-py2.7-linux-x86_64.egg', '/cvmfs/cms.cern.ch/slc6_amd64_gcc630/external/python/2.7.11-mlhled2/lib/python27.zip', '/cvmfs/cms.cern.ch/slc6_amd64_gcc630/external/python/2.7.11-mlhled2/lib/python2.7', '/cvmfs/cms.cern.ch/slc6_amd64_gcc630/external/python/2.7.11-mlhled2/lib/python2.7/plat-linux2', '/cvmfs/cms.cern.ch/slc6_amd64_gcc630/external/python/2.7.11-mlhled2/lib/python2.7/lib-tk', '/cvmfs/cms.cern.ch/slc6_amd64_gcc630/external/python/2.7.11-mlhled2/lib/python2.7/lib-old', '/cvmfs/cms.cern.ch/slc6_amd64_gcc630/external/python/2.7.11-mlhled2/lib/python2.7/lib-dynload', '/cvmfs/cms.cern.ch/slc6_amd64_gcc630/external/python/2.7.11-mlhled2/lib/python2.7/site-packages', '/uscms_data/d3/samuellh/WorkingArea/TauAnalysis/CMSSW_9_3_2/src/PUAnalysis/VBFtt2017/crab/VBF64'])
 ##################################################################### 
 # WARNING: the module CondCore.DBCommon.CondDBSetup is deprecated.  # 
 # Please import CondCore.CondDB.CondDB_cfi                          # 
 ##################################################################### 
recorrecting the jets
List Of Filters
['processedEvents', 'initialEventsTT', 'DiMuonCreation', 'AtLeastOneDiTau', 'TTTauPtEta', 'TTTauDecayFound', 'TTTauStandardDecayFound', 'TTTauDRSel', 'TTSync', 'TTAntiEle', 'TTAntiMu', 'TTIso', 'TTOS']
DEBUG 2017-11-15 17:43:56,590: 	 Executing command: 'submit'
DEBUG 2017-11-15 17:43:56,590: 	 Found CRAB cache file /uscms/home/samuellh/.crab3
DEBUG 2017-11-15 17:43:56,604: 	 Checking credentials
DEBUG 2017-11-15 17:43:56,604: 	 Found proxy file /tmp/x509up_u52190
DEBUG 2017-11-15 17:43:56,604: 	 Getting proxy life time left
DEBUG 2017-11-15 17:43:56,707: 	 Executing : 
 command : voms-proxy-info -file /tmp/x509up_u52190 -timeleft
 output : 37051

 error: 
 retcode : 0
DEBUG 2017-11-15 17:43:56,811: 	 Executing : 
 command : voms-proxy-info -file /tmp/x509up_u52190 -actimeleft
 output : 37051

 error: 
 retcode : 0
DEBUG 2017-11-15 17:43:56,811: 	 Proxy valid for 10:17:31 hours
INFO 2017-11-15 17:43:56,811: 	 Will use CRAB configuration file crab3_TT_MC.py
DEBUG 2017-11-15 17:43:56,812: 	 Loading CRAB configuration file.
DEBUG 2017-11-15 17:43:56,838: 	 Will use CRAB Analysis plugin (i.e. will run an analysis job type).
DEBUG 2017-11-15 17:43:56,952: 	 Executing : 
 command : openssl x509 -in ~/.globus/usercert.pem -subject -noout
 output : subject= /DC=ch/DC=cern/OU=Organic Units/OU=Users/CN=shigginb/CN=785176/CN=Sam Higginbotham

 error: 
 retcode : 0
DEBUG 2017-11-15 17:43:56,952: 	 Checking credentials
DEBUG 2017-11-15 17:43:56,952: 	 Found proxy file /tmp/x509up_u52190
DEBUG 2017-11-15 17:43:56,952: 	 Getting proxy life time left
DEBUG 2017-11-15 17:43:57,055: 	 Executing : 
 command : voms-proxy-info -file /tmp/x509up_u52190 -timeleft
 output : 37050

 error: 
 retcode : 0
DEBUG 2017-11-15 17:43:57,159: 	 Executing : 
 command : voms-proxy-info -file /tmp/x509up_u52190 -actimeleft
 output : 37050

 error: 
 retcode : 0
DEBUG 2017-11-15 17:43:57,159: 	 Proxy valid for 10:17:30 hours
DEBUG 2017-11-15 17:43:57,262: 	 Executing : 
 command : env X509_USER_PROXY=/tmp/x509up_u52190 voms-proxy-info -fqan
 output : /cms/Role=NULL/Capability=NULL

 error: 
 retcode : 0
DEBUG 2017-11-15 17:43:58,943: 	 Registering user credentials for server /DC=ch/DC=cern/OU=computers/CN=vocms(045|052|021|031|0118|0118a|0119|0108|0105|0109).cern.ch
DEBUG 2017-11-15 17:43:59,050: 	 Executing : 
 command : openssl x509 -in ~/.globus/usercert.pem -subject -noout
 output : subject= /DC=ch/DC=cern/OU=Organic Units/OU=Users/CN=shigginb/CN=785176/CN=Sam Higginbotham

 error: 
 retcode : 0
DEBUG 2017-11-15 17:43:59,051: 	 Getting myproxy life time left for myproxy.cern.ch
DEBUG 2017-11-15 17:43:59,051: 	 Calculating hash of /DC=ch/DC=cern/OU=Organic Units/OU=Users/CN=shigginb/CN=785176/CN=Sam Higginbotham_cmsweb.cern.ch for credential name
DEBUG 2017-11-15 17:43:59,855: 	 Executing : 
 command : myproxy-info -l 2f318c7a260d78734589f2cc772d26b8be79ec6c -s myproxy.cern.ch
 output : username: 2f318c7a260d78734589f2cc772d26b8be79ec6c
owner: /DC=ch/DC=cern/OU=Organic Units/OU=Users/CN=shigginb/CN=785176/CN=Sam Higginbotham
  renewal policy: /DC=ch/DC=cern/OU=computers/CN=vocms(045|052|021|031|0118|0118a|0119|0108|0105|0109).cern.ch
  trusted retrieval policy: /DC=ch/DC=cern/OU=computers/CN=vocms(045|052|021|031|0118|0118a|0119|0108|0105|0109).cern.ch
  timeleft: 421:39:42  (17.6 days)

 error: 
 retcode : 0
DEBUG 2017-11-15 17:43:59,857: 	 Myproxy is valid: 1517982
DEBUG 2017-11-15 17:43:59,857: 	 Command use: submit
DEBUG 2017-11-15 17:43:59,857: 	 Options use: ['-c', 'crab3_TT_MC.py']
DEBUG 2017-11-15 17:44:01,449: 	 CRABClient version: 3.3.1707.patch1
DEBUG 2017-11-15 17:44:01,449: 	 Instance is prod
DEBUG 2017-11-15 17:44:01,449: 	 Server base url is cmsweb.cern.ch
DEBUG 2017-11-15 17:44:01,449: 	 Command url /crabserver/prod/workflow
DEBUG 2017-11-15 17:44:01,449: 	 Started submission
DEBUG 2017-11-15 17:44:01,449: 	 Working on /uscms_data/d3/samuellh/WorkingArea/TauAnalysis/CMSSW_9_3_2/src/PUAnalysis/VBFtt2017/crab/VBF64/crab_20171115_174356
DEBUG 2017-11-15 17:44:03,288: 	 Loading required information from the environment
DEBUG 2017-11-15 17:44:03,288: 	 Found CMSSW_9_3_2 for slc6_amd64_gcc630 with base /uscms_data/d3/samuellh/WorkingArea/TauAnalysis/CMSSW_9_3_2
DEBUG 2017-11-15 17:44:03,288: 	 Loading required information from the environment
DEBUG 2017-11-15 17:44:03,288: 	 Found CMSSW_9_3_2 for slc6_amd64_gcc630 with base /uscms_data/d3/samuellh/WorkingArea/TauAnalysis/CMSSW_9_3_2
DEBUG 2017-11-15 17:44:03,300: 	 UNIQUE NAME: tarUUID f7fbfb45-2879-44f1-8d33-598ad481f442 
DEBUG 2017-11-15 17:44:03,301: 	 self.config: from WMCore.Configuration import Configuration
config = Configuration()
config.section_('General')
config.section_('JobType')
config.JobType.psetName = '../../../TT-MC-Up.py'
config.JobType.pluginName = 'Analysis'
config.JobType.inputFiles = ['../../../Configuration/data/PhaseIISummer16_25nsV3_MC.db']
config.JobType.outputFiles = ['analysis.root']
config.JobType.allowUndistributedCMSSW = True
config.section_('Data')
config.Data.inputDataset = '/VBF_HToInvisible_M125_14TeV_powheg_pythia8/PhaseIITDRFall17MiniAOD-PU200_93X_upgrade2023_realistic_v2-v1/MINIAODSIM'
config.Data.allowNonValidInputDataset = True
config.Data.publication = False
config.Data.unitsPerJob = 1
config.Data.inputDBS = 'global'
config.Data.splitting = 'FileBased'
config.section_('Site')
config.Site.storageSite = 'T3_US_FNALLPC'
config.section_('User')
config.section_('Debug')

DEBUG 2017-11-15 17:44:03,301: 	 self.config.JobType.psetName: ../../../TT-MC-Up.py
INFO 2017-11-15 17:44:03,301: 	 Importing CMSSW configuration ../../../TT-MC-Up.py
INFO 2017-11-15 17:44:05,916: 	 Finished importing CMSSW configuration ../../../TT-MC-Up.py
DEBUG 2017-11-15 17:44:05,916: 	 Writing CMSSW configuration to /uscms_data/d3/samuellh/WorkingArea/TauAnalysis/CMSSW_9_3_2/src/PUAnalysis/VBFtt2017/crab/VBF64/crab_20171115_174356/inputs/PSet.py
DEBUG 2017-11-15 17:44:06,860: 	 The following EDM output files will be collected: []
DEBUG 2017-11-15 17:44:06,860: 	 The following TFile output files will be collected: ['analysis.root']
DEBUG 2017-11-15 17:44:06,860: 	 The following user output files will be collected: []
DEBUG 2017-11-15 17:44:06,860: 	 Loading required information from the environment
DEBUG 2017-11-15 17:44:06,860: 	 Found CMSSW_9_3_2 for slc6_amd64_gcc630 with base /uscms_data/d3/samuellh/WorkingArea/TauAnalysis/CMSSW_9_3_2
DEBUG 2017-11-15 17:44:06,860: 	 Making tarball in /uscms_data/d3/samuellh/WorkingArea/TauAnalysis/CMSSW_9_3_2/src/PUAnalysis/VBFtt2017/crab/VBF64/crab_20171115_174356/inputs/f7fbfb45-2879-44f1-8d33-598ad481f442default.tgz
DEBUG 2017-11-15 17:44:06,895: 	 Checking directory /uscms_data/d3/samuellh/WorkingArea/TauAnalysis/CMSSW_9_3_2/lib
DEBUG 2017-11-15 17:44:06,895: 	 Adding directory /uscms_data/d3/samuellh/WorkingArea/TauAnalysis/CMSSW_9_3_2/lib to tarball
DEBUG 2017-11-15 17:44:07,802: 	 Checking directory /uscms_data/d3/samuellh/WorkingArea/TauAnalysis/CMSSW_9_3_2/biglib
DEBUG 2017-11-15 17:44:07,802: 	 Adding directory /uscms_data/d3/samuellh/WorkingArea/TauAnalysis/CMSSW_9_3_2/biglib to tarball
DEBUG 2017-11-15 17:44:07,804: 	 Checking directory /uscms_data/d3/samuellh/WorkingArea/TauAnalysis/CMSSW_9_3_2/module
DEBUG 2017-11-15 17:44:08,126: 	 Adding data directory /uscms_data/d3/samuellh/WorkingArea/TauAnalysis/CMSSW_9_3_2/src/PUAnalysis/Configuration/data to tarball
DEBUG 2017-11-15 17:44:10,904: 	 Adding data directory /uscms_data/d3/samuellh/WorkingArea/TauAnalysis/CMSSW_9_3_2/src/PUAnalysis/DataFormats/interface to tarball
DEBUG 2017-11-15 17:44:10,914: 	 Adding data directory /uscms_data/d3/samuellh/WorkingArea/TauAnalysis/CMSSW_9_3_2/src/PUAnalysis/NtupleTools/interface to tarball
DEBUG 2017-11-15 17:44:10,933: 	 Adding data directory /uscms_data/d3/samuellh/WorkingArea/TauAnalysis/CMSSW_9_3_2/src/PUAnalysis/RecoTools/interface to tarball
DEBUG 2017-11-15 17:44:11,352: 	 Adding file ../../../Configuration/data/PhaseIISummer16_25nsV3_MC.db to tarball
DEBUG 2017-11-15 17:44:11,755: 	 Uploading archive /uscms_data/d3/samuellh/WorkingArea/TauAnalysis/CMSSW_9_3_2/src/PUAnalysis/VBFtt2017/crab/VBF64/crab_20171115_174356/inputs/f7fbfb45-2879-44f1-8d33-598ad481f442default.tgz (11 MB) to the CRAB cache. Using URI https://cmsweb.cern.ch/crabcache
DEBUG 2017-11-15 17:44:19,087: 	 Loading required information from the environment
DEBUG 2017-11-15 17:44:19,087: 	 Found CMSSW_9_3_2 for slc6_amd64_gcc630 with base /uscms_data/d3/samuellh/WorkingArea/TauAnalysis/CMSSW_9_3_2
DEBUG 2017-11-15 17:44:19,087: 	 Making tarball in /uscms_data/d3/samuellh/WorkingArea/TauAnalysis/CMSSW_9_3_2/src/PUAnalysis/VBFtt2017/crab/VBF64/crab_20171115_174356/inputs/debugFiles.tgz
DEBUG 2017-11-15 17:44:19,361: 	 Uploading archive /uscms_data/d3/samuellh/WorkingArea/TauAnalysis/CMSSW_9_3_2/src/PUAnalysis/VBFtt2017/crab/VBF64/crab_20171115_174356/inputs/debugFiles.tgz (2 KB) to the CRAB cache. Using URI https://cmsweb.cern.ch/crabcache
DEBUG 2017-11-15 17:44:21,959: 	 Result uploading input files: 4e198fb019d07e682a8bd09208595d4eb73bac82ae7f6e24154a54b4451cc952.tar.gz 
INFO 2017-11-15 17:44:21,959: 	 Sending the request to the server
DEBUG 2017-11-15 17:44:21,959: 	 Submitting {'maxjobruntime': 1250, 'extrajdl': [], 'ignorelocality': 0, 'savelogsflag': 0, 'useparent': 0, 'asyncdest': 'T3_US_FNALLPC', 'algoargs': 1, 'cachefilename': '4e198fb019d07e682a8bd09208595d4eb73bac82ae7f6e24154a54b4451cc952.tar.gz', 'numcores': 1, 'addoutputfiles': [], 'generator': 'pythia', 'maxmemory': 2000, 'publishdbsurl': 'https://cmsweb.cern.ch/dbs/prod/phys03/DBSWriter', 'priority': 10, 'jobsw': 'CMSSW_9_3_2', 'edmoutfiles': [], 'userfiles': [], 'primarydataset': '', 'inputdata': '/VBF_HToInvisible_M125_14TeV_powheg_pythia8/PhaseIITDRFall17MiniAOD-PU200_93X_upgrade2023_realistic_v2-v1/MINIAODSIM', 'dryrun': 0, 'workflow': 'crab_20171115_174356', 'cacheurl': u'https://cmsweb.cern.ch/crabcache', 'nonprodsw': 1, 'tfileoutfiles': ['analysis.root'], 'oneEventMode': 0, 'debugfilename': '05166c708dd5376d9e774ed63174a9b1b304963304405481fc5dff8a62a79080.tar.gz', 'saveoutput': 1, 'publication': 0, 'jobarch': 'slc6_amd64_gcc630', 'totalunits': 0, 'splitalgo': 'FileBased', 'ignoreglobalblacklist': 0, 'nonvaliddata': 1, 'dbsurl': 'https://cmsweb.cern.ch/dbs/prod/global/DBSReader', 'publishgroupname': 0, 'jobtype': 'Analysis', 'publishname2': ''} 
DEBUG 2017-11-15 17:44:21,960: 	 Encoded submit request: maxjobruntime=1250&ignorelocality=0&savelogsflag=0&useparent=0&asyncdest=T3_US_FNALLPC&algoargs=1&cachefilename=4e198fb019d07e682a8bd09208595d4eb73bac82ae7f6e24154a54b4451cc952.tar.gz&numcores=1&generator=pythia&maxmemory=2000&publishdbsurl=https%3A%2F%2Fcmsweb.cern.ch%2Fdbs%2Fprod%2Fphys03%2FDBSWriter&priority=10&jobsw=CMSSW_9_3_2&primarydataset=&inputdata=%2FVBF_HToInvisible_M125_14TeV_powheg_pythia8%2FPhaseIITDRFall17MiniAOD-PU200_93X_upgrade2023_realistic_v2-v1%2FMINIAODSIM&dryrun=0&workflow=crab_20171115_174356&cacheurl=https%3A%2F%2Fcmsweb.cern.ch%2Fcrabcache&nonprodsw=1&oneEventMode=0&debugfilename=05166c708dd5376d9e774ed63174a9b1b304963304405481fc5dff8a62a79080.tar.gz&saveoutput=1&publication=0&jobarch=slc6_amd64_gcc630&totalunits=0&splitalgo=FileBased&ignoreglobalblacklist=0&nonvaliddata=1&dbsurl=https%3A%2F%2Fcmsweb.cern.ch%2Fdbs%2Fprod%2Fglobal%2FDBSReader&publishgroupname=0&jobtype=Analysis&publishname2=&tfileoutfiles=analysis.root
DEBUG 2017-11-15 17:44:23,759: 	 Result: {u'result': [{u'RequestName': u'171115_234423:shigginb_crab_20171115_174356'}]}
INFO 2017-11-15 17:44:24,123: 	 Success: Your task has been delivered to the CRAB3 server.
INFO 2017-11-15 17:44:24,123: 	 Task name: 171115_234423:shigginb_crab_20171115_174356
INFO 2017-11-15 17:44:24,124: 	 Please use 'crab status' to check how the submission process proceeds.
DEBUG 2017-11-15 17:44:24,124: 	 About to return
INFO 2017-11-15 17:44:24,129: 	 Log file is /uscms_data/d3/samuellh/WorkingArea/TauAnalysis/CMSSW_9_3_2/src/PUAnalysis/VBFtt2017/crab/VBF64/crab_20171115_174356/crab.log
DEBUG 2017-11-15 18:00:55,959: 	 Executing command: 'status'
DEBUG 2017-11-15 18:00:55,959: 	 Found CRAB cache file /uscms/home/samuellh/.crab3
DEBUG 2017-11-15 18:00:55,967: 	 Checking credentials
DEBUG 2017-11-15 18:00:55,967: 	 Found proxy file /tmp/x509up_u52190
DEBUG 2017-11-15 18:00:55,967: 	 Getting proxy life time left
DEBUG 2017-11-15 18:00:56,070: 	 Executing : 
 command : voms-proxy-info -file /tmp/x509up_u52190 -timeleft
 output : 79865

 error: 
 retcode : 0
DEBUG 2017-11-15 18:00:56,174: 	 Executing : 
 command : voms-proxy-info -file /tmp/x509up_u52190 -actimeleft
 output : 79864

 error: 
 retcode : 0
DEBUG 2017-11-15 18:00:56,174: 	 Proxy valid for 22:11:05 hours
DEBUG 2017-11-15 18:00:56,287: 	 Executing : 
 command : openssl x509 -in ~/.globus/usercert.pem -subject -noout
 output : subject= /DC=ch/DC=cern/OU=Organic Units/OU=Users/CN=shigginb/CN=785176/CN=Sam Higginbotham

 error: 
 retcode : 0
DEBUG 2017-11-15 18:00:56,287: 	 Checking credentials
DEBUG 2017-11-15 18:00:56,287: 	 Found proxy file /tmp/x509up_u52190
DEBUG 2017-11-15 18:00:56,287: 	 Getting proxy life time left
DEBUG 2017-11-15 18:00:56,390: 	 Executing : 
 command : voms-proxy-info -file /tmp/x509up_u52190 -timeleft
 output : 79865

 error: 
 retcode : 0
DEBUG 2017-11-15 18:00:56,494: 	 Executing : 
 command : voms-proxy-info -file /tmp/x509up_u52190 -actimeleft
 output : 79864

 error: 
 retcode : 0
DEBUG 2017-11-15 18:00:56,494: 	 Proxy valid for 22:11:05 hours
DEBUG 2017-11-15 18:00:58,175: 	 Registering user credentials for server /DC=ch/DC=cern/OU=computers/CN=vocms(045|052|021|031|0118|0118a|0119|0108|0105|0109).cern.ch
DEBUG 2017-11-15 18:00:58,283: 	 Executing : 
 command : openssl x509 -in ~/.globus/usercert.pem -subject -noout
 output : subject= /DC=ch/DC=cern/OU=Organic Units/OU=Users/CN=shigginb/CN=785176/CN=Sam Higginbotham

 error: 
 retcode : 0
DEBUG 2017-11-15 18:00:58,283: 	 Getting myproxy life time left for myproxy.cern.ch
DEBUG 2017-11-15 18:00:58,283: 	 Calculating hash of /DC=ch/DC=cern/OU=Organic Units/OU=Users/CN=shigginb/CN=785176/CN=Sam Higginbotham_cmsweb.cern.ch for credential name
DEBUG 2017-11-15 18:00:58,988: 	 Executing : 
 command : myproxy-info -l 2f318c7a260d78734589f2cc772d26b8be79ec6c -s myproxy.cern.ch
 output : username: 2f318c7a260d78734589f2cc772d26b8be79ec6c
owner: /DC=ch/DC=cern/OU=Organic Units/OU=Users/CN=shigginb/CN=785176/CN=Sam Higginbotham
  renewal policy: /DC=ch/DC=cern/OU=computers/CN=vocms(045|052|021|031|0118|0118a|0119|0108|0105|0109).cern.ch
  trusted retrieval policy: /DC=ch/DC=cern/OU=computers/CN=vocms(045|052|021|031|0118|0118a|0119|0108|0105|0109).cern.ch
  timeleft: 421:22:43  (17.6 days)

 error: 
 retcode : 0
DEBUG 2017-11-15 18:00:58,989: 	 Myproxy is valid: 1516963
DEBUG 2017-11-15 18:00:58,989: 	 Command use: status
DEBUG 2017-11-15 18:00:58,989: 	 Options use: ['-d', 'crab_20171115_174356/']
DEBUG 2017-11-15 18:01:00,685: 	 CRABClient version: 3.3.1707.patch1
DEBUG 2017-11-15 18:01:00,686: 	 Instance is prod
DEBUG 2017-11-15 18:01:00,686: 	 Server base url is cmsweb.cern.ch
DEBUG 2017-11-15 18:01:00,686: 	 Command url /crabserver/prod/workflow
DEBUG 2017-11-15 18:01:02,574: 	 Got information from server oracle database: {u'result': [u'171115_234423:shigginb_crab_20171115_174356', u'None', u'SUBMITTED', u'2017-11-15 23:44:23.698347', u'None', u'2017-11-15 23:45:02.012715', u'None', u'CMSSW_9_3_2', u'slc6_amd64_gcc630', u'/VBF_HToInvisible_M125_14TeV_powheg_pythia8/PhaseIITDRFall17MiniAOD-PU200_93X_upgrade2023_realistic_v2-v1/MINIAODSIM', u'[]', u'[]', u'FileBased', u"{'splitOnRun': False, 'halt_job_on_file_boundaries': False, 'files_per_job': 1, 'runs': [], 'lumis': []}", u'0', u'4e198fb019d07e682a8bd09208595d4eb73bac82ae7f6e24154a54b4451cc952.tar.gz', u'https://cmsweb.cern.ch/crabcache', u'shigginb', u'/DC=ch/DC=cern/OU=Organic Units/OU=Users/CN=shigginb/CN=785176/CN=Sam Higginbotham', u'cms', u'None', u'None', u'crab_20171115_174356-00000000000000000000000000000000', u'T3_US_FNALLPC', u'https://cmsweb.cern.ch/dbs/prod/global/DBSReader', u'https://cmsweb.cern.ch/dbs/prod/phys03/DBSWriter', u'F', u'Analysis', u'{}', u'[]', u'F', u'vocms052', u'[]', u'1250', u'1', u'2000', u'10', u'None', u'http://vocms0120.cern.ch/mon/cms1359/171115_234423:shigginb_crab_20171115_174356', u'None', u'None', u'[]', u'[]', u'["The input dataset /VBF_HToInvisible_M125_14TeV_powheg_pythia8/PhaseIITDRFall17MiniAOD-PU200_93X_upgrade2023_realistic_v2-v1/MINIAODSIM is not \'VALID\' but \'PRODUCTION\'. CRAB will check if there are any valid files in the dataset and run only over those files."]', u'pythia', u'[]', u"['analysis.root']", u'[]', u'https://cmsweb.cern.ch/crabserver/prod', u'None', u'0', u'cmssrv221.fnal.gov:9620', u'crab3@vocms0120.cern.ch', u'F', u'[]', u'T', u'/store/user/shigginb/', u'F', u'None', u'F', u'F', u'T', u'None', u'VBF_HToInvisible_M125_14TeV_powheg_pythia8', u'filetransfers', u'SUBMIT', u'13809119', u'05166c708dd5376d9e774ed63174a9b1b304963304405481fc5dff8a62a79080.tar.gz', u'131.225.189.130', u'F', u'None'], u'desc': {u'columns': [u'tm_taskname', u'panda_jobset_id', u'tm_task_status', u'tm_start_time', u'tm_start_injection', u'tm_end_injection', u'tm_task_failure', u'tm_job_sw', u'tm_job_arch', u'tm_input_dataset', u'tm_site_whitelist', u'tm_site_blacklist', u'tm_split_algo', u'tm_split_args', u'tm_totalunits', u'tm_user_sandbox', u'tm_cache_url', u'tm_username', u'tm_user_dn', u'tm_user_vo', u'tm_user_role', u'tm_user_group', u'tm_publish_name', u'tm_asyncdest', u'tm_dbs_url', u'tm_publish_dbs_url', u'tm_publication', u'tm_job_type', u'tm_arguments', u'panda_resubmitted_jobs', u'tm_save_logs', u'tw_name', u'tm_user_infiles', u'tm_maxjobruntime', u'tm_numcores', u'tm_maxmemory', u'tm_priority', u'tm_output_dataset', u'tm_user_webdir', u'tm_activity', u'tm_scriptexe', u'tm_scriptargs', u'tm_extrajdl', u'tm_task_warnings', u'tm_generator', u'tm_outfiles', u'tm_tfile_outfiles', u'tm_edm_outfiles', u'tm_asourl', u'tm_events_per_lumi', u'tm_use_parent', u'tm_collector', u'tm_schedd', u'tm_dry_run', u'tm_user_files', u'tm_transfer_outputs', u'tm_output_lfn', u'tm_ignore_locality', u'tm_fail_limit', u'tm_one_event_mode', u'tm_publish_groupname', u'tm_nonvalid_input_dataset', u'tm_secondary_input_dataset', u'tm_primary_dataset', u'tm_asodb', u'tm_task_command', u'clusterid', u'tm_debug_files', u'tm_submitter_ip_addr', u'tm_ignore_global_blacklist', u'tm_last_publication']}}
INFO 2017-11-15 18:01:02,575: 	 CRAB project directory:		/uscms_data/d3/samuellh/WorkingArea/TauAnalysis/CMSSW_9_3_2/src/PUAnalysis/VBFtt2017/crab/VBF64/crab_20171115_174356
INFO 2017-11-15 18:01:02,575: 	 Task name:			171115_234423:shigginb_crab_20171115_174356
INFO 2017-11-15 18:01:02,575: 	 Grid scheduler:			crab3@vocms0120.cern.ch
INFO 2017-11-15 18:01:02,575: 	 Status on the CRAB server:	SUBMITTED
INFO 2017-11-15 18:01:02,576: 	 Task URL to use for HELP:	https://cmsweb.cern.ch/crabserver/ui/task/171115_234423%3Ashigginb_crab_20171115_174356
INFO 2017-11-15 18:01:02,576: 	 Dashboard monitoring URL:	http://dashb-cms-job.cern.ch/dashboard/templates/task-analysis/#user=shigginb&refresh=0&table=Jobs&p=1&records=25&activemenu=2&status=&site=&tid=171115_234423%3Ashigginb_crab_20171115_174356
WARNING 2017-11-15 18:01:02,576: 	 Warning:			The input dataset /VBF_HToInvisible_M125_14TeV_powheg_pythia8/PhaseIITDRFall17MiniAOD-PU200_93X_upgrade2023_realistic_v2-v1/MINIAODSIM is not 'VALID' but 'PRODUCTION'. CRAB will check if there are any valid files in the dataset and run only over those files.
DEBUG 2017-11-15 18:01:02,576: 	 The CRAB server submitted your task to the Grid scheduler (cluster ID: 13809119)
DEBUG 2017-11-15 18:01:02,576: 	 Webdir is located at http://vocms0120.cern.ch/mon/cms1359/171115_234423:shigginb_crab_20171115_174356
DEBUG 2017-11-15 18:01:04,203: 	 Proxied webdir is located at https://cmsweb.cern.ch/scheddmon/0120/cms1359/171115_234423:shigginb_crab_20171115_174356
DEBUG 2017-11-15 18:01:04,204: 	 Retrieving 'status_cache' file from https://cmsweb.cern.ch/scheddmon/0120/cms1359/171115_234423:shigginb_crab_20171115_174356/status_cache
DEBUG 2017-11-15 18:01:05,938: 	 Got information from status cache file: {'1': {'Retries': 0, 'WallDurations': [0], 'StartTimes': [], 'SubmitTimes': [1510789514.0], 'JobIds': ['13809130.0'], 'EndTimes': [], 'Restarts': 0, 'RecordedSite': False, 'State': 'idle', 'ResidentSetSize': [0], 'TotalUserCpuTimeHistory': [0], 'SiteHistory': ['Unknown'], 'TotalSysCpuTimeHistory': [0]}, '2': {'Retries': 0, 'WallDurations': [8.0], 'StartTimes': [1510790066.0], 'SubmitTimes': [1510789514.0], 'JobIds': ['13809129.0'], 'EndTimes': [], 'Restarts': 0, 'RecordedSite': False, 'State': 'running', 'ResidentSetSize': [18668], 'TotalUserCpuTimeHistory': [0], 'SiteHistory': ['Unknown'], 'TotalSysCpuTimeHistory': [0]}}
INFO 2017-11-15 18:01:05,938: 	 Status on the scheduler:	SUBMITTED
INFO 2017-11-15 18:01:05,939: 	 
Jobs status:                    idle           50.0% (1/2)
INFO 2017-11-15 18:01:05,939: 	 				running        50.0% (1/2)
INFO 2017-11-15 18:01:05,939: 	 
No publication information (publication has been disabled in the CRAB configuration file)
INFO 2017-11-15 18:01:05,946: 	 Log file is /uscms_data/d3/samuellh/WorkingArea/TauAnalysis/CMSSW_9_3_2/src/PUAnalysis/VBFtt2017/crab/VBF64/crab_20171115_174356/crab.log
DEBUG 2017-11-16 04:08:36,380: 	 Executing command: 'status'
DEBUG 2017-11-16 04:08:36,380: 	 Found CRAB cache file /uscms/home/samuellh/.crab3
DEBUG 2017-11-16 04:08:36,385: 	 Checking credentials
DEBUG 2017-11-16 04:08:36,385: 	 Found proxy file /tmp/x509up_u52190
DEBUG 2017-11-16 04:08:36,385: 	 Getting proxy life time left
DEBUG 2017-11-16 04:08:36,487: 	 Executing : 
 command : voms-proxy-info -file /tmp/x509up_u52190 -timeleft
 output : 8767

 error: 
 retcode : 0
DEBUG 2017-11-16 04:08:36,589: 	 Executing : 
 command : voms-proxy-info -file /tmp/x509up_u52190 -actimeleft
 output : 8766

 error: 
 retcode : 0
DEBUG 2017-11-16 04:08:36,590: 	 Proxy valid for 02:26:07 hours
DEBUG 2017-11-16 04:08:36,712: 	 Executing : 
 command : openssl x509 -in ~/.globus/usercert.pem -subject -noout
 output : subject= /DC=ch/DC=cern/OU=Organic Units/OU=Users/CN=shigginb/CN=785176/CN=Sam Higginbotham

 error: 
 retcode : 0
DEBUG 2017-11-16 04:08:36,712: 	 Checking credentials
DEBUG 2017-11-16 04:08:36,712: 	 Found proxy file /tmp/x509up_u52190
DEBUG 2017-11-16 04:08:36,712: 	 Getting proxy life time left
DEBUG 2017-11-16 04:08:36,814: 	 Executing : 
 command : voms-proxy-info -file /tmp/x509up_u52190 -timeleft
 output : 8767

 error: 
 retcode : 0
DEBUG 2017-11-16 04:08:36,917: 	 Executing : 
 command : voms-proxy-info -file /tmp/x509up_u52190 -actimeleft
 output : 8766

 error: 
 retcode : 0
DEBUG 2017-11-16 04:08:36,917: 	 Proxy valid for 02:26:07 hours
DEBUG 2017-11-16 04:08:38,316: 	 Registering user credentials for server /DC=ch/DC=cern/OU=computers/CN=vocms(045|052|021|031|0118|0118a|0119|0108|0105|0109).cern.ch
DEBUG 2017-11-16 04:08:38,421: 	 Executing : 
 command : openssl x509 -in ~/.globus/usercert.pem -subject -noout
 output : subject= /DC=ch/DC=cern/OU=Organic Units/OU=Users/CN=shigginb/CN=785176/CN=Sam Higginbotham

 error: 
 retcode : 0
DEBUG 2017-11-16 04:08:38,421: 	 Getting myproxy life time left for myproxy.cern.ch
DEBUG 2017-11-16 04:08:38,422: 	 Calculating hash of /DC=ch/DC=cern/OU=Organic Units/OU=Users/CN=shigginb/CN=785176/CN=Sam Higginbotham_cmsweb.cern.ch for credential name
DEBUG 2017-11-16 04:08:39,125: 	 Executing : 
 command : myproxy-info -l 2f318c7a260d78734589f2cc772d26b8be79ec6c -s myproxy.cern.ch
 output : username: 2f318c7a260d78734589f2cc772d26b8be79ec6c
owner: /DC=ch/DC=cern/OU=Organic Units/OU=Users/CN=shigginb/CN=785176/CN=Sam Higginbotham
  renewal policy: /DC=ch/DC=cern/OU=computers/CN=vocms(045|052|021|031|0118|0118a|0119|0108|0105|0109).cern.ch
  trusted retrieval policy: /DC=ch/DC=cern/OU=computers/CN=vocms(045|052|021|031|0118|0118a|0119|0108|0105|0109).cern.ch
  timeleft: 411:15:02  (17.1 days)

 error: 
 retcode : 0
DEBUG 2017-11-16 04:08:39,126: 	 Myproxy is valid: 1480502
DEBUG 2017-11-16 04:08:39,126: 	 Command use: status
DEBUG 2017-11-16 04:08:39,126: 	 Options use: ['-d', 'crab_20171115_174356/']
DEBUG 2017-11-16 04:08:40,495: 	 CRABClient version: 3.3.1707.patch1
DEBUG 2017-11-16 04:08:40,495: 	 Instance is prod
DEBUG 2017-11-16 04:08:40,495: 	 Server base url is cmsweb.cern.ch
DEBUG 2017-11-16 04:08:40,495: 	 Command url /crabserver/prod/workflow
DEBUG 2017-11-16 04:08:41,884: 	 Got information from server oracle database: {u'result': [u'171115_234423:shigginb_crab_20171115_174356', u'None', u'SUBMITTED', u'2017-11-15 23:44:23.698347', u'None', u'2017-11-15 23:45:02.012715', u'None', u'CMSSW_9_3_2', u'slc6_amd64_gcc630', u'/VBF_HToInvisible_M125_14TeV_powheg_pythia8/PhaseIITDRFall17MiniAOD-PU200_93X_upgrade2023_realistic_v2-v1/MINIAODSIM', u'[]', u'[]', u'FileBased', u"{'splitOnRun': False, 'halt_job_on_file_boundaries': False, 'files_per_job': 1, 'runs': [], 'lumis': []}", u'0', u'4e198fb019d07e682a8bd09208595d4eb73bac82ae7f6e24154a54b4451cc952.tar.gz', u'https://cmsweb.cern.ch/crabcache', u'shigginb', u'/DC=ch/DC=cern/OU=Organic Units/OU=Users/CN=shigginb/CN=785176/CN=Sam Higginbotham', u'cms', u'None', u'None', u'crab_20171115_174356-00000000000000000000000000000000', u'T3_US_FNALLPC', u'https://cmsweb.cern.ch/dbs/prod/global/DBSReader', u'https://cmsweb.cern.ch/dbs/prod/phys03/DBSWriter', u'F', u'Analysis', u'{}', u'[]', u'F', u'vocms052', u'[]', u'1250', u'1', u'2000', u'10', u'None', u'http://vocms0120.cern.ch/mon/cms1359/171115_234423:shigginb_crab_20171115_174356', u'None', u'None', u'[]', u'[]', u'["The input dataset /VBF_HToInvisible_M125_14TeV_powheg_pythia8/PhaseIITDRFall17MiniAOD-PU200_93X_upgrade2023_realistic_v2-v1/MINIAODSIM is not \'VALID\' but \'PRODUCTION\'. CRAB will check if there are any valid files in the dataset and run only over those files."]', u'pythia', u'[]', u"['analysis.root']", u'[]', u'https://cmsweb.cern.ch/crabserver/prod', u'None', u'0', u'cmssrv221.fnal.gov:9620', u'crab3@vocms0120.cern.ch', u'F', u'[]', u'T', u'/store/user/shigginb/', u'F', u'None', u'F', u'F', u'T', u'None', u'VBF_HToInvisible_M125_14TeV_powheg_pythia8', u'filetransfers', u'SUBMIT', u'13809119', u'05166c708dd5376d9e774ed63174a9b1b304963304405481fc5dff8a62a79080.tar.gz', u'131.225.189.130', u'F', u'None'], u'desc': {u'columns': [u'tm_taskname', u'panda_jobset_id', u'tm_task_status', u'tm_start_time', u'tm_start_injection', u'tm_end_injection', u'tm_task_failure', u'tm_job_sw', u'tm_job_arch', u'tm_input_dataset', u'tm_site_whitelist', u'tm_site_blacklist', u'tm_split_algo', u'tm_split_args', u'tm_totalunits', u'tm_user_sandbox', u'tm_cache_url', u'tm_username', u'tm_user_dn', u'tm_user_vo', u'tm_user_role', u'tm_user_group', u'tm_publish_name', u'tm_asyncdest', u'tm_dbs_url', u'tm_publish_dbs_url', u'tm_publication', u'tm_job_type', u'tm_arguments', u'panda_resubmitted_jobs', u'tm_save_logs', u'tw_name', u'tm_user_infiles', u'tm_maxjobruntime', u'tm_numcores', u'tm_maxmemory', u'tm_priority', u'tm_output_dataset', u'tm_user_webdir', u'tm_activity', u'tm_scriptexe', u'tm_scriptargs', u'tm_extrajdl', u'tm_task_warnings', u'tm_generator', u'tm_outfiles', u'tm_tfile_outfiles', u'tm_edm_outfiles', u'tm_asourl', u'tm_events_per_lumi', u'tm_use_parent', u'tm_collector', u'tm_schedd', u'tm_dry_run', u'tm_user_files', u'tm_transfer_outputs', u'tm_output_lfn', u'tm_ignore_locality', u'tm_fail_limit', u'tm_one_event_mode', u'tm_publish_groupname', u'tm_nonvalid_input_dataset', u'tm_secondary_input_dataset', u'tm_primary_dataset', u'tm_asodb', u'tm_task_command', u'clusterid', u'tm_debug_files', u'tm_submitter_ip_addr', u'tm_ignore_global_blacklist', u'tm_last_publication']}}
INFO 2017-11-16 04:08:41,885: 	 CRAB project directory:		/uscms_data/d3/samuellh/WorkingArea/TauAnalysis/CMSSW_9_3_2/src/PUAnalysis/VBFtt2017/crab/VBF64/crab_20171115_174356
INFO 2017-11-16 04:08:41,885: 	 Task name:			171115_234423:shigginb_crab_20171115_174356
INFO 2017-11-16 04:08:41,885: 	 Grid scheduler:			crab3@vocms0120.cern.ch
INFO 2017-11-16 04:08:41,885: 	 Status on the CRAB server:	SUBMITTED
INFO 2017-11-16 04:08:41,885: 	 Task URL to use for HELP:	https://cmsweb.cern.ch/crabserver/ui/task/171115_234423%3Ashigginb_crab_20171115_174356
INFO 2017-11-16 04:08:41,885: 	 Dashboard monitoring URL:	http://dashb-cms-job.cern.ch/dashboard/templates/task-analysis/#user=shigginb&refresh=0&table=Jobs&p=1&records=25&activemenu=2&status=&site=&tid=171115_234423%3Ashigginb_crab_20171115_174356
WARNING 2017-11-16 04:08:41,885: 	 Warning:			The input dataset /VBF_HToInvisible_M125_14TeV_powheg_pythia8/PhaseIITDRFall17MiniAOD-PU200_93X_upgrade2023_realistic_v2-v1/MINIAODSIM is not 'VALID' but 'PRODUCTION'. CRAB will check if there are any valid files in the dataset and run only over those files.
DEBUG 2017-11-16 04:08:41,886: 	 The CRAB server submitted your task to the Grid scheduler (cluster ID: 13809119)
DEBUG 2017-11-16 04:08:41,886: 	 Webdir is located at http://vocms0120.cern.ch/mon/cms1359/171115_234423:shigginb_crab_20171115_174356
DEBUG 2017-11-16 04:08:43,251: 	 Proxied webdir is located at https://cmsweb.cern.ch/scheddmon/0120/cms1359/171115_234423:shigginb_crab_20171115_174356
DEBUG 2017-11-16 04:08:43,252: 	 Retrieving 'status_cache' file from https://cmsweb.cern.ch/scheddmon/0120/cms1359/171115_234423:shigginb_crab_20171115_174356/status_cache
DEBUG 2017-11-16 04:08:44,576: 	 Got information from status cache file: {'1': {'Retries': 0, 'WallDurations': [0], 'StartTimes': [], 'SubmitTimes': [1510789514.0], 'JobIds': ['13809130.0'], 'EndTimes': [], 'Restarts': 0, 'RecordedSite': False, 'State': 'idle', 'ResidentSetSize': [0], 'TotalUserCpuTimeHistory': [0], 'SiteHistory': ['Unknown'], 'TotalSysCpuTimeHistory': [0]}, '2': {'Retries': 0, 'WallDurations': [421.0], 'StartTimes': [1510790066.0], 'SubmitTimes': [1510789514.0], 'JobIds': ['13809129.0'], 'EndTimes': [1510790487.0], 'Restarts': 0, 'RecordedSite': False, 'State': 'finished', 'ResidentSetSize': [746968], 'TotalUserCpuTimeHistory': [142], 'SiteHistory': ['Unknown'], 'TotalSysCpuTimeHistory': [6]}}
INFO 2017-11-16 04:08:44,576: 	 Status on the scheduler:	SUBMITTED
INFO 2017-11-16 04:08:44,576: 	 
Jobs status:                    finished       50.0% (1/2)
INFO 2017-11-16 04:08:44,576: 	 				idle           50.0% (1/2)
INFO 2017-11-16 04:08:44,576: 	 
No publication information (publication has been disabled in the CRAB configuration file)
INFO 2017-11-16 04:08:44,588: 	 Log file is /uscms_data/d3/samuellh/WorkingArea/TauAnalysis/CMSSW_9_3_2/src/PUAnalysis/VBFtt2017/crab/VBF64/crab_20171115_174356/crab.log
