('The system path in the config file ', ['/cvmfs/cms.cern.ch/crab3/slc6_amd64_gcc493/cms/crabclient/3.3.1707.patch1/bin', '/uscms_data/d3/samuellh/WorkingArea/TauAnalysis/CMSSW_9_3_2/python', '/uscms_data/d3/samuellh/WorkingArea/TauAnalysis/CMSSW_9_3_2/lib/slc6_amd64_gcc630', '/cvmfs/cms.cern.ch/slc6_amd64_gcc630/cms/cmssw/CMSSW_9_3_2/python', '/cvmfs/cms.cern.ch/slc6_amd64_gcc630/cms/cmssw/CMSSW_9_3_2/lib/slc6_amd64_gcc630', '/cvmfs/cms.cern.ch/slc6_amd64_gcc630/cms/coral/CORAL_2_3_21-ghjeda6/slc6_amd64_gcc630/python', '/cvmfs/cms.cern.ch/slc6_amd64_gcc630/cms/coral/CORAL_2_3_21-ghjeda6/slc6_amd64_gcc630/lib', '/cvmfs/cms.cern.ch/slc6_amd64_gcc630/external/professor2/2.2.1-ghjeda6/lib/python2.7/site-packages', '/cvmfs/cms.cern.ch/slc6_amd64_gcc630/external/pyqt/4.11.4-mlhled2/lib/python2.7/site-packages', '/cvmfs/cms.cern.ch/slc6_amd64_gcc630/external/sherpa/2.2.4-ghjeda/lib/python2.7/site-packages', '/cvmfs/cms.cern.ch/slc6_amd64_gcc630/external/rivet/2.5.2-ghjeda4/lib/python2.7/site-packages', '/cvmfs/cms.cern.ch/slc6_amd64_gcc630/external/python-ldap/2.4.10-mlhled2/lib/python2.7/site-packages', '/cvmfs/cms.cern.ch/slc6_amd64_gcc630/external/py2-matplotlib/1.5.2-njopjo/lib/python2.7/site-packages', '/cvmfs/cms.cern.ch/slc6_amd64_gcc630/external/sip/4.17-mlhled2/lib/python2.7/site-packages', '/cvmfs/cms.cern.ch/slc6_amd64_gcc630/external/llvm/4.0.0-njopjo/lib64/python2.7/site-packages', '/cvmfs/cms.cern.ch/slc6_amd64_gcc630/external/py2-sqlalchemy/1.1.4-mlhled2/lib/python2.7/site-packages', '/cvmfs/cms.cern.ch/slc6_amd64_gcc630/external/py2-lint/0.25.1-mlhled2/lib/python2.7/site-packages', '/cvmfs/cms.cern.ch/slc6_amd64_gcc630/external/py2-dxr/1.0-ghjeda6/lib/python2.7/site-packages', '/cvmfs/cms.cern.ch/slc6_amd64_gcc630/external/py2-cx-oracle/5.2.1-mlhled2/lib/python2.7/site-packages', '/cvmfs/cms.cern.ch/slc6_amd64_gcc630/external/py2-numpy/1.12.1-mlhled2/lib/python2.7/site-packages', '/cvmfs/cms.cern.ch/slc6_amd64_gcc630/external/frontier_client/2.8.20-mlhled2/python/lib', '/cvmfs/cms.cern.ch/slc6_amd64_gcc630/cms/das_client/v03.01.00-mlhled2/bin', '/cvmfs/cms.cern.ch/slc6_amd64_gcc630/external/xrootd/4.6.1/lib/python2.7/site-packages', '/cvmfs/cms.cern.ch/slc6_amd64_gcc630/external/yoda/1.6.5-ghjeda4/lib/python2.7/site-packages', '/cvmfs/cms.cern.ch/slc6_amd64_gcc630/lcg/root/6.10.04-ghjeda/lib', '/cvmfs/cms.cern.ch/slc6_amd64_gcc630/external/pyminuit2/0.0.1-ghjeda4/lib/python2.7/site-packages', '/cvmfs/cms.cern.ch/slc6_amd64_gcc630/external/py2-PyYAML/3.11-mlhled2/lib/python2.7/site-packages', '/cvmfs/cms.cern.ch/slc6_amd64_gcc630/external/py2-pygithub/1.23.0-mlhled2/lib/python2.7/site-packages', '/cvmfs/cms.cern.ch/slc6_amd64_gcc630/external/py2-pip/9.0.1-mlhled2/lib/python2.7/site-packages', '/cvmfs/cms.cern.ch/slc6_amd64_gcc630/external/py2-dablooms/0.9.1-mlhled2/lib/python2.7/site-packages', '/cvmfs/cms.cern.ch/slc6_amd64_gcc630/external/py2-pippkgs_depscipy/3.0-ghjeda6/lib/python2.7/site-packages', '/cvmfs/cms.cern.ch/slc6_amd64_gcc630/external/py2-pippkgs/5.0-ghjeda6/lib/python2.7/site-packages', '/cvmfs/cms.cern.ch/slc6_amd64_gcc630/external/professor/1.4.0-ghjeda4/lib/python2.7/site-packages', '/cvmfs/cms.cern.ch/slc6_amd64_gcc630/cms/dbs-client/DBS_2_1_9-mlhled2/lib', '/cvmfs/cms.cern.ch/slc6_amd64_gcc630/cms/dbs-client/DBS_2_1_9-mlhled2/lib/DBSAPI', '/cvmfs/cms.cern.ch/slc6_amd64_gcc630/external/cvs2git/5419-mlhled2/lib', '/cvmfs/cms.cern.ch/crab3/slc6_amd64_gcc493/cms/crabclient/3.3.1707.patch1/lib/python2.7/site-packages', '/cvmfs/cms.cern.ch/crab3/slc6_amd64_gcc493/cms/dbs3-client/3.4.4/lib/python2.7/site-packages', '/cvmfs/cms.cern.ch/crab3/slc6_amd64_gcc493/cms/dbs3-pycurl-client/3.4.4/lib/python2.7/site-packages', '/cvmfs/cms.cern.ch/slc6_amd64_gcc630/external/py2-sqlalchemy/1.1.4-mlhled2/lib/python2.7/site-packages/SQLAlchemy-1.1.4-py2.7-linux-x86_64.egg', '/cvmfs/cms.cern.ch/slc6_amd64_gcc630/external/py2-numpy/1.12.1-mlhled2/lib/python2.7/site-packages/numpy-1.12.1-py2.7-linux-x86_64.egg', '/cvmfs/cms.cern.ch/slc6_amd64_gcc630/external/python/2.7.11-mlhled2/lib/python27.zip', '/cvmfs/cms.cern.ch/slc6_amd64_gcc630/external/python/2.7.11-mlhled2/lib/python2.7', '/cvmfs/cms.cern.ch/slc6_amd64_gcc630/external/python/2.7.11-mlhled2/lib/python2.7/plat-linux2', '/cvmfs/cms.cern.ch/slc6_amd64_gcc630/external/python/2.7.11-mlhled2/lib/python2.7/lib-tk', '/cvmfs/cms.cern.ch/slc6_amd64_gcc630/external/python/2.7.11-mlhled2/lib/python2.7/lib-old', '/cvmfs/cms.cern.ch/slc6_amd64_gcc630/external/python/2.7.11-mlhled2/lib/python2.7/lib-dynload', '/cvmfs/cms.cern.ch/slc6_amd64_gcc630/external/python/2.7.11-mlhled2/lib/python2.7/site-packages', '/uscms_data/d3/samuellh/WorkingArea/TauAnalysis/CMSSW_9_3_2/src/PUAnalysis/VBFtt2017/crab/VBF25'])
 ##################################################################### 
 # WARNING: the module CondCore.DBCommon.CondDBSetup is deprecated.  # 
 # Please import CondCore.CondDB.CondDB_cfi                          # 
 ##################################################################### 
recorrecting the jets
List Of Filters
['processedEvents', 'initialEventsTT', 'DiMuonCreation', 'AtLeastOneDiTau', 'TTTauPtEta', 'TTTauDecayFound', 'TTTauStandardDecayFound', 'TTTauDRSel', 'TTSync', 'TTAntiEle', 'TTAntiMu', 'TTIso', 'TTOS']
DEBUG 2017-11-15 07:24:50,092: 	 Executing command: 'submit'
DEBUG 2017-11-15 07:24:50,092: 	 Found CRAB cache file /uscms/home/samuellh/.crab3
DEBUG 2017-11-15 07:24:50,101: 	 Checking credentials
DEBUG 2017-11-15 07:24:50,101: 	 Found proxy file /tmp/x509up_u52190
DEBUG 2017-11-15 07:24:50,101: 	 Getting proxy life time left
DEBUG 2017-11-15 07:24:50,204: 	 Executing : 
 command : voms-proxy-info -file /tmp/x509up_u52190 -timeleft
 output : 83393

 error: 
 retcode : 0
DEBUG 2017-11-15 07:24:50,308: 	 Executing : 
 command : voms-proxy-info -file /tmp/x509up_u52190 -actimeleft
 output : 83392

 error: 
 retcode : 0
DEBUG 2017-11-15 07:24:50,308: 	 Proxy valid for 23:09:53 hours
INFO 2017-11-15 07:24:50,308: 	 Will use CRAB configuration file crab3_TT_MC.py
DEBUG 2017-11-15 07:24:50,309: 	 Loading CRAB configuration file.
DEBUG 2017-11-15 07:24:50,317: 	 Will use CRAB Analysis plugin (i.e. will run an analysis job type).
DEBUG 2017-11-15 07:24:50,432: 	 Executing : 
 command : openssl x509 -in ~/.globus/usercert.pem -subject -noout
 output : subject= /DC=ch/DC=cern/OU=Organic Units/OU=Users/CN=shigginb/CN=785176/CN=Sam Higginbotham

 error: 
 retcode : 0
DEBUG 2017-11-15 07:24:50,432: 	 Checking credentials
DEBUG 2017-11-15 07:24:50,432: 	 Found proxy file /tmp/x509up_u52190
DEBUG 2017-11-15 07:24:50,432: 	 Getting proxy life time left
DEBUG 2017-11-15 07:24:50,535: 	 Executing : 
 command : voms-proxy-info -file /tmp/x509up_u52190 -timeleft
 output : 83393

 error: 
 retcode : 0
DEBUG 2017-11-15 07:24:50,638: 	 Executing : 
 command : voms-proxy-info -file /tmp/x509up_u52190 -actimeleft
 output : 83392

 error: 
 retcode : 0
DEBUG 2017-11-15 07:24:50,639: 	 Proxy valid for 23:09:53 hours
DEBUG 2017-11-15 07:24:50,742: 	 Executing : 
 command : env X509_USER_PROXY=/tmp/x509up_u52190 voms-proxy-info -fqan
 output : /cms/Role=NULL/Capability=NULL

 error: 
 retcode : 0
DEBUG 2017-11-15 07:24:52,639: 	 Registering user credentials for server /DC=ch/DC=cern/OU=computers/CN=vocms(045|052|021|031|0118|0118a|0119|0108|0105|0109).cern.ch
DEBUG 2017-11-15 07:24:52,748: 	 Executing : 
 command : openssl x509 -in ~/.globus/usercert.pem -subject -noout
 output : subject= /DC=ch/DC=cern/OU=Organic Units/OU=Users/CN=shigginb/CN=785176/CN=Sam Higginbotham

 error: 
 retcode : 0
DEBUG 2017-11-15 07:24:52,748: 	 Getting myproxy life time left for myproxy.cern.ch
DEBUG 2017-11-15 07:24:52,748: 	 Calculating hash of /DC=ch/DC=cern/OU=Organic Units/OU=Users/CN=shigginb/CN=785176/CN=Sam Higginbotham_cmsweb.cern.ch for credential name
DEBUG 2017-11-15 07:24:53,552: 	 Executing : 
 command : myproxy-info -l 2f318c7a260d78734589f2cc772d26b8be79ec6c -s myproxy.cern.ch
 output : username: 2f318c7a260d78734589f2cc772d26b8be79ec6c
owner: /DC=ch/DC=cern/OU=Organic Units/OU=Users/CN=shigginb/CN=785176/CN=Sam Higginbotham
  renewal policy: /DC=ch/DC=cern/OU=computers/CN=vocms(045|052|021|031|0118|0118a|0119|0108|0105|0109).cern.ch
  trusted retrieval policy: /DC=ch/DC=cern/OU=computers/CN=vocms(045|052|021|031|0118|0118a|0119|0108|0105|0109).cern.ch
  timeleft: 431:58:48  (18.0 days)

 error: 
 retcode : 0
DEBUG 2017-11-15 07:24:53,554: 	 Myproxy is valid: 1555128
DEBUG 2017-11-15 07:24:53,554: 	 Command use: submit
DEBUG 2017-11-15 07:24:53,554: 	 Options use: ['-c', 'crab3_TT_MC.py']
DEBUG 2017-11-15 07:24:55,272: 	 CRABClient version: 3.3.1707.patch1
DEBUG 2017-11-15 07:24:55,272: 	 Instance is prod
DEBUG 2017-11-15 07:24:55,272: 	 Server base url is cmsweb.cern.ch
DEBUG 2017-11-15 07:24:55,272: 	 Command url /crabserver/prod/workflow
DEBUG 2017-11-15 07:24:55,272: 	 Started submission
DEBUG 2017-11-15 07:24:55,272: 	 Working on /uscms_data/d3/samuellh/WorkingArea/TauAnalysis/CMSSW_9_3_2/src/PUAnalysis/VBFtt2017/crab/VBF25/crab_20171115_072450
DEBUG 2017-11-15 07:24:56,856: 	 Loading required information from the environment
DEBUG 2017-11-15 07:24:56,856: 	 Found CMSSW_9_3_2 for slc6_amd64_gcc630 with base /uscms_data/d3/samuellh/WorkingArea/TauAnalysis/CMSSW_9_3_2
DEBUG 2017-11-15 07:24:56,856: 	 Loading required information from the environment
DEBUG 2017-11-15 07:24:56,856: 	 Found CMSSW_9_3_2 for slc6_amd64_gcc630 with base /uscms_data/d3/samuellh/WorkingArea/TauAnalysis/CMSSW_9_3_2
DEBUG 2017-11-15 07:24:56,869: 	 UNIQUE NAME: tarUUID 0f10a90c-1b3d-4205-8eed-2aafb8ec0118 
DEBUG 2017-11-15 07:24:56,870: 	 self.config: from WMCore.Configuration import Configuration
config = Configuration()
config.section_('General')
config.section_('JobType')
config.JobType.psetName = '../../../TT-MC-Up.py'
config.JobType.pluginName = 'Analysis'
config.JobType.inputFiles = ['../../../Configuration/data/PhaseIISummer16_25nsV3_MC.db']
config.JobType.outputFiles = ['analysis.root']
config.JobType.allowUndistributedCMSSW = True
config.section_('Data')
config.Data.inputDataset = '/SMS-TStauStau_mStau-300_mLSP-1_TuneCUETP8M1_14TeV-madgraphMLM-pythia8/PhaseIITDRFall17MiniAOD-PU200_93X_upgrade2023_realistic_v2-v1/MINIAODSIM'
config.Data.unitsPerJob = 1
config.Data.publication = False
config.Data.inputDBS = 'global'
config.Data.splitting = 'FileBased'
config.section_('Site')
config.Site.storageSite = 'T3_US_FNALLPC'
config.section_('User')
config.section_('Debug')

DEBUG 2017-11-15 07:24:56,870: 	 self.config.JobType.psetName: ../../../TT-MC-Up.py
INFO 2017-11-15 07:24:56,870: 	 Importing CMSSW configuration ../../../TT-MC-Up.py
INFO 2017-11-15 07:24:59,302: 	 Finished importing CMSSW configuration ../../../TT-MC-Up.py
DEBUG 2017-11-15 07:24:59,303: 	 Writing CMSSW configuration to /uscms_data/d3/samuellh/WorkingArea/TauAnalysis/CMSSW_9_3_2/src/PUAnalysis/VBFtt2017/crab/VBF25/crab_20171115_072450/inputs/PSet.py
DEBUG 2017-11-15 07:25:00,267: 	 The following EDM output files will be collected: []
DEBUG 2017-11-15 07:25:00,267: 	 The following TFile output files will be collected: ['analysis.root']
DEBUG 2017-11-15 07:25:00,267: 	 The following user output files will be collected: []
DEBUG 2017-11-15 07:25:00,267: 	 Loading required information from the environment
DEBUG 2017-11-15 07:25:00,267: 	 Found CMSSW_9_3_2 for slc6_amd64_gcc630 with base /uscms_data/d3/samuellh/WorkingArea/TauAnalysis/CMSSW_9_3_2
DEBUG 2017-11-15 07:25:00,267: 	 Making tarball in /uscms_data/d3/samuellh/WorkingArea/TauAnalysis/CMSSW_9_3_2/src/PUAnalysis/VBFtt2017/crab/VBF25/crab_20171115_072450/inputs/0f10a90c-1b3d-4205-8eed-2aafb8ec0118default.tgz
DEBUG 2017-11-15 07:25:00,272: 	 Checking directory /uscms_data/d3/samuellh/WorkingArea/TauAnalysis/CMSSW_9_3_2/lib
DEBUG 2017-11-15 07:25:00,272: 	 Adding directory /uscms_data/d3/samuellh/WorkingArea/TauAnalysis/CMSSW_9_3_2/lib to tarball
DEBUG 2017-11-15 07:25:00,956: 	 Checking directory /uscms_data/d3/samuellh/WorkingArea/TauAnalysis/CMSSW_9_3_2/biglib
DEBUG 2017-11-15 07:25:00,956: 	 Adding directory /uscms_data/d3/samuellh/WorkingArea/TauAnalysis/CMSSW_9_3_2/biglib to tarball
DEBUG 2017-11-15 07:25:00,959: 	 Checking directory /uscms_data/d3/samuellh/WorkingArea/TauAnalysis/CMSSW_9_3_2/module
DEBUG 2017-11-15 07:25:00,986: 	 Adding data directory /uscms_data/d3/samuellh/WorkingArea/TauAnalysis/CMSSW_9_3_2/src/PUAnalysis/Configuration/data to tarball
DEBUG 2017-11-15 07:25:03,515: 	 Adding data directory /uscms_data/d3/samuellh/WorkingArea/TauAnalysis/CMSSW_9_3_2/src/PUAnalysis/DataFormats/interface to tarball
DEBUG 2017-11-15 07:25:03,522: 	 Adding data directory /uscms_data/d3/samuellh/WorkingArea/TauAnalysis/CMSSW_9_3_2/src/PUAnalysis/NtupleTools/interface to tarball
DEBUG 2017-11-15 07:25:03,534: 	 Adding data directory /uscms_data/d3/samuellh/WorkingArea/TauAnalysis/CMSSW_9_3_2/src/PUAnalysis/RecoTools/interface to tarball
DEBUG 2017-11-15 07:25:03,706: 	 Adding file ../../../Configuration/data/PhaseIISummer16_25nsV3_MC.db to tarball
DEBUG 2017-11-15 07:25:04,237: 	 Uploading archive /uscms_data/d3/samuellh/WorkingArea/TauAnalysis/CMSSW_9_3_2/src/PUAnalysis/VBFtt2017/crab/VBF25/crab_20171115_072450/inputs/0f10a90c-1b3d-4205-8eed-2aafb8ec0118default.tgz (11 MB) to the CRAB cache. Using URI https://cmsweb.cern.ch/crabcache
DEBUG 2017-11-15 07:25:11,432: 	 Loading required information from the environment
DEBUG 2017-11-15 07:25:11,432: 	 Found CMSSW_9_3_2 for slc6_amd64_gcc630 with base /uscms_data/d3/samuellh/WorkingArea/TauAnalysis/CMSSW_9_3_2
DEBUG 2017-11-15 07:25:11,433: 	 Making tarball in /uscms_data/d3/samuellh/WorkingArea/TauAnalysis/CMSSW_9_3_2/src/PUAnalysis/VBFtt2017/crab/VBF25/crab_20171115_072450/inputs/debugFiles.tgz
DEBUG 2017-11-15 07:25:11,438: 	 Uploading archive /uscms_data/d3/samuellh/WorkingArea/TauAnalysis/CMSSW_9_3_2/src/PUAnalysis/VBFtt2017/crab/VBF25/crab_20171115_072450/inputs/debugFiles.tgz (2 KB) to the CRAB cache. Using URI https://cmsweb.cern.ch/crabcache
DEBUG 2017-11-15 07:25:13,313: 	 Result uploading input files: 4e198fb019d07e682a8bd09208595d4eb73bac82ae7f6e24154a54b4451cc952.tar.gz 
INFO 2017-11-15 07:25:13,313: 	 Sending the request to the server
DEBUG 2017-11-15 07:25:13,314: 	 Submitting {'maxjobruntime': 1250, 'extrajdl': [], 'ignorelocality': 0, 'savelogsflag': 0, 'useparent': 0, 'asyncdest': 'T3_US_FNALLPC', 'algoargs': 1, 'cachefilename': '4e198fb019d07e682a8bd09208595d4eb73bac82ae7f6e24154a54b4451cc952.tar.gz', 'numcores': 1, 'addoutputfiles': [], 'generator': 'pythia', 'maxmemory': 2000, 'publishdbsurl': 'https://cmsweb.cern.ch/dbs/prod/phys03/DBSWriter', 'priority': 10, 'jobsw': 'CMSSW_9_3_2', 'edmoutfiles': [], 'userfiles': [], 'primarydataset': '', 'inputdata': '/SMS-TStauStau_mStau-300_mLSP-1_TuneCUETP8M1_14TeV-madgraphMLM-pythia8/PhaseIITDRFall17MiniAOD-PU200_93X_upgrade2023_realistic_v2-v1/MINIAODSIM', 'dryrun': 0, 'workflow': 'crab_20171115_072450', 'cacheurl': u'https://cmsweb.cern.ch/crabcache', 'nonprodsw': 1, 'tfileoutfiles': ['analysis.root'], 'oneEventMode': 0, 'debugfilename': '6a3e251ba7e790174b822f6fe7232966dcab04651cd3c7fee28271a2e9d08915.tar.gz', 'saveoutput': 1, 'publication': 0, 'jobarch': 'slc6_amd64_gcc630', 'totalunits': 0, 'splitalgo': 'FileBased', 'ignoreglobalblacklist': 0, 'nonvaliddata': 0, 'dbsurl': 'https://cmsweb.cern.ch/dbs/prod/global/DBSReader', 'publishgroupname': 0, 'jobtype': 'Analysis', 'publishname2': ''} 
DEBUG 2017-11-15 07:25:13,314: 	 Encoded submit request: maxjobruntime=1250&ignorelocality=0&savelogsflag=0&useparent=0&asyncdest=T3_US_FNALLPC&algoargs=1&cachefilename=4e198fb019d07e682a8bd09208595d4eb73bac82ae7f6e24154a54b4451cc952.tar.gz&numcores=1&generator=pythia&maxmemory=2000&publishdbsurl=https%3A%2F%2Fcmsweb.cern.ch%2Fdbs%2Fprod%2Fphys03%2FDBSWriter&priority=10&jobsw=CMSSW_9_3_2&primarydataset=&inputdata=%2FSMS-TStauStau_mStau-300_mLSP-1_TuneCUETP8M1_14TeV-madgraphMLM-pythia8%2FPhaseIITDRFall17MiniAOD-PU200_93X_upgrade2023_realistic_v2-v1%2FMINIAODSIM&dryrun=0&workflow=crab_20171115_072450&cacheurl=https%3A%2F%2Fcmsweb.cern.ch%2Fcrabcache&nonprodsw=1&oneEventMode=0&debugfilename=6a3e251ba7e790174b822f6fe7232966dcab04651cd3c7fee28271a2e9d08915.tar.gz&saveoutput=1&publication=0&jobarch=slc6_amd64_gcc630&totalunits=0&splitalgo=FileBased&ignoreglobalblacklist=0&nonvaliddata=0&dbsurl=https%3A%2F%2Fcmsweb.cern.ch%2Fdbs%2Fprod%2Fglobal%2FDBSReader&publishgroupname=0&jobtype=Analysis&publishname2=&tfileoutfiles=analysis.root
DEBUG 2017-11-15 07:25:15,118: 	 Result: {u'result': [{u'RequestName': u'171115_132515:shigginb_crab_20171115_072450'}]}
INFO 2017-11-15 07:25:15,121: 	 Success: Your task has been delivered to the CRAB3 server.
INFO 2017-11-15 07:25:15,121: 	 Task name: 171115_132515:shigginb_crab_20171115_072450
INFO 2017-11-15 07:25:15,121: 	 Please use 'crab status' to check how the submission process proceeds.
DEBUG 2017-11-15 07:25:15,121: 	 About to return
INFO 2017-11-15 07:25:15,125: 	 Log file is /uscms_data/d3/samuellh/WorkingArea/TauAnalysis/CMSSW_9_3_2/src/PUAnalysis/VBFtt2017/crab/VBF25/crab_20171115_072450/crab.log
DEBUG 2017-11-15 07:59:30,506: 	 Executing command: 'status'
DEBUG 2017-11-15 07:59:30,506: 	 Found CRAB cache file /uscms/home/samuellh/.crab3
DEBUG 2017-11-15 07:59:30,525: 	 Checking credentials
DEBUG 2017-11-15 07:59:30,525: 	 Found proxy file /tmp/x509up_u52190
DEBUG 2017-11-15 07:59:30,525: 	 Getting proxy life time left
DEBUG 2017-11-15 07:59:30,628: 	 Executing : 
 command : voms-proxy-info -file /tmp/x509up_u52190 -timeleft
 output : 81313

 error: 
 retcode : 0
DEBUG 2017-11-15 07:59:30,731: 	 Executing : 
 command : voms-proxy-info -file /tmp/x509up_u52190 -actimeleft
 output : 81312

 error: 
 retcode : 0
DEBUG 2017-11-15 07:59:30,732: 	 Proxy valid for 22:35:13 hours
DEBUG 2017-11-15 07:59:30,844: 	 Executing : 
 command : openssl x509 -in ~/.globus/usercert.pem -subject -noout
 output : subject= /DC=ch/DC=cern/OU=Organic Units/OU=Users/CN=shigginb/CN=785176/CN=Sam Higginbotham

 error: 
 retcode : 0
DEBUG 2017-11-15 07:59:30,845: 	 Checking credentials
DEBUG 2017-11-15 07:59:30,845: 	 Found proxy file /tmp/x509up_u52190
DEBUG 2017-11-15 07:59:30,845: 	 Getting proxy life time left
DEBUG 2017-11-15 07:59:30,948: 	 Executing : 
 command : voms-proxy-info -file /tmp/x509up_u52190 -timeleft
 output : 81313

 error: 
 retcode : 0
DEBUG 2017-11-15 07:59:31,051: 	 Executing : 
 command : voms-proxy-info -file /tmp/x509up_u52190 -actimeleft
 output : 81311

 error: 
 retcode : 0
DEBUG 2017-11-15 07:59:31,052: 	 Proxy valid for 22:35:13 hours
DEBUG 2017-11-15 07:59:32,774: 	 Registering user credentials for server /DC=ch/DC=cern/OU=computers/CN=vocms(045|052|021|031|0118|0118a|0119|0108|0105|0109).cern.ch
DEBUG 2017-11-15 07:59:32,882: 	 Executing : 
 command : openssl x509 -in ~/.globus/usercert.pem -subject -noout
 output : subject= /DC=ch/DC=cern/OU=Organic Units/OU=Users/CN=shigginb/CN=785176/CN=Sam Higginbotham

 error: 
 retcode : 0
DEBUG 2017-11-15 07:59:32,882: 	 Getting myproxy life time left for myproxy.cern.ch
DEBUG 2017-11-15 07:59:32,882: 	 Calculating hash of /DC=ch/DC=cern/OU=Organic Units/OU=Users/CN=shigginb/CN=785176/CN=Sam Higginbotham_cmsweb.cern.ch for credential name
DEBUG 2017-11-15 07:59:33,687: 	 Executing : 
 command : myproxy-info -l 2f318c7a260d78734589f2cc772d26b8be79ec6c -s myproxy.cern.ch
 output : username: 2f318c7a260d78734589f2cc772d26b8be79ec6c
owner: /DC=ch/DC=cern/OU=Organic Units/OU=Users/CN=shigginb/CN=785176/CN=Sam Higginbotham
  renewal policy: /DC=ch/DC=cern/OU=computers/CN=vocms(045|052|021|031|0118|0118a|0119|0108|0105|0109).cern.ch
  trusted retrieval policy: /DC=ch/DC=cern/OU=computers/CN=vocms(045|052|021|031|0118|0118a|0119|0108|0105|0109).cern.ch
  timeleft: 431:24:08  (18.0 days)

 error: 
 retcode : 0
DEBUG 2017-11-15 07:59:33,688: 	 Myproxy is valid: 1553048
DEBUG 2017-11-15 07:59:33,688: 	 Command use: status
DEBUG 2017-11-15 07:59:33,688: 	 Options use: ['-d', 'crab_20171115_072450/']
DEBUG 2017-11-15 07:59:35,385: 	 CRABClient version: 3.3.1707.patch1
DEBUG 2017-11-15 07:59:35,385: 	 Instance is prod
DEBUG 2017-11-15 07:59:35,385: 	 Server base url is cmsweb.cern.ch
DEBUG 2017-11-15 07:59:35,385: 	 Command url /crabserver/prod/workflow
DEBUG 2017-11-15 07:59:37,199: 	 Got information from server oracle database: {u'result': [u'171115_132515:shigginb_crab_20171115_072450', u'None', u'SUBMITTED', u'2017-11-15 13:25:15.058479', u'None', u'2017-11-15 13:26:11.271533', u'None', u'CMSSW_9_3_2', u'slc6_amd64_gcc630', u'/SMS-TStauStau_mStau-300_mLSP-1_TuneCUETP8M1_14TeV-madgraphMLM-pythia8/PhaseIITDRFall17MiniAOD-PU200_93X_upgrade2023_realistic_v2-v1/MINIAODSIM', u'[]', u'[]', u'FileBased', u"{'splitOnRun': False, 'halt_job_on_file_boundaries': False, 'files_per_job': 1, 'runs': [], 'lumis': []}", u'0', u'4e198fb019d07e682a8bd09208595d4eb73bac82ae7f6e24154a54b4451cc952.tar.gz', u'https://cmsweb.cern.ch/crabcache', u'shigginb', u'/DC=ch/DC=cern/OU=Organic Units/OU=Users/CN=shigginb/CN=785176/CN=Sam Higginbotham', u'cms', u'None', u'None', u'crab_20171115_072450-00000000000000000000000000000000', u'T3_US_FNALLPC', u'https://cmsweb.cern.ch/dbs/prod/global/DBSReader', u'https://cmsweb.cern.ch/dbs/prod/phys03/DBSWriter', u'F', u'Analysis', u'{}', u'[]', u'F', u'vocms052', u'[]', u'1250', u'1', u'2000', u'10', u'None', u'http://vocms0197.cern.ch/mon/cms1359/171115_132515:shigginb_crab_20171115_072450', u'None', u'None', u'[]', u'[]', u'[]', u'pythia', u'[]', u"['analysis.root']", u'[]', u'https://cmsweb.cern.ch/crabserver/prod', u'None', u'0', u'cmssrv221.fnal.gov:9620', u'crab3@vocms0197.cern.ch', u'F', u'[]', u'T', u'/store/user/shigginb/', u'F', u'None', u'F', u'F', u'F', u'None', u'SMS-TStauStau_mStau-300_mLSP-1_TuneCUETP8M1_14TeV-madgraphMLM-pythia8', u'filetransfers', u'SUBMIT', u'12846914', u'6a3e251ba7e790174b822f6fe7232966dcab04651cd3c7fee28271a2e9d08915.tar.gz', u'131.225.190.56', u'F', u'None'], u'desc': {u'columns': [u'tm_taskname', u'panda_jobset_id', u'tm_task_status', u'tm_start_time', u'tm_start_injection', u'tm_end_injection', u'tm_task_failure', u'tm_job_sw', u'tm_job_arch', u'tm_input_dataset', u'tm_site_whitelist', u'tm_site_blacklist', u'tm_split_algo', u'tm_split_args', u'tm_totalunits', u'tm_user_sandbox', u'tm_cache_url', u'tm_username', u'tm_user_dn', u'tm_user_vo', u'tm_user_role', u'tm_user_group', u'tm_publish_name', u'tm_asyncdest', u'tm_dbs_url', u'tm_publish_dbs_url', u'tm_publication', u'tm_job_type', u'tm_arguments', u'panda_resubmitted_jobs', u'tm_save_logs', u'tw_name', u'tm_user_infiles', u'tm_maxjobruntime', u'tm_numcores', u'tm_maxmemory', u'tm_priority', u'tm_output_dataset', u'tm_user_webdir', u'tm_activity', u'tm_scriptexe', u'tm_scriptargs', u'tm_extrajdl', u'tm_task_warnings', u'tm_generator', u'tm_outfiles', u'tm_tfile_outfiles', u'tm_edm_outfiles', u'tm_asourl', u'tm_events_per_lumi', u'tm_use_parent', u'tm_collector', u'tm_schedd', u'tm_dry_run', u'tm_user_files', u'tm_transfer_outputs', u'tm_output_lfn', u'tm_ignore_locality', u'tm_fail_limit', u'tm_one_event_mode', u'tm_publish_groupname', u'tm_nonvalid_input_dataset', u'tm_secondary_input_dataset', u'tm_primary_dataset', u'tm_asodb', u'tm_task_command', u'clusterid', u'tm_debug_files', u'tm_submitter_ip_addr', u'tm_ignore_global_blacklist', u'tm_last_publication']}}
INFO 2017-11-15 07:59:37,200: 	 CRAB project directory:		/uscms_data/d3/samuellh/WorkingArea/TauAnalysis/CMSSW_9_3_2/src/PUAnalysis/VBFtt2017/crab/VBF25/crab_20171115_072450
INFO 2017-11-15 07:59:37,200: 	 Task name:			171115_132515:shigginb_crab_20171115_072450
INFO 2017-11-15 07:59:37,200: 	 Grid scheduler:			crab3@vocms0197.cern.ch
INFO 2017-11-15 07:59:37,200: 	 Status on the CRAB server:	SUBMITTED
INFO 2017-11-15 07:59:37,200: 	 Task URL to use for HELP:	https://cmsweb.cern.ch/crabserver/ui/task/171115_132515%3Ashigginb_crab_20171115_072450
INFO 2017-11-15 07:59:37,200: 	 Dashboard monitoring URL:	http://dashb-cms-job.cern.ch/dashboard/templates/task-analysis/#user=shigginb&refresh=0&table=Jobs&p=1&records=25&activemenu=2&status=&site=&tid=171115_132515%3Ashigginb_crab_20171115_072450
DEBUG 2017-11-15 07:59:37,201: 	 The CRAB server submitted your task to the Grid scheduler (cluster ID: 12846914)
DEBUG 2017-11-15 07:59:37,201: 	 Webdir is located at http://vocms0197.cern.ch/mon/cms1359/171115_132515:shigginb_crab_20171115_072450
DEBUG 2017-11-15 07:59:38,791: 	 Proxied webdir is located at https://cmsweb.cern.ch/scheddmon/0197/cms1359/171115_132515:shigginb_crab_20171115_072450
DEBUG 2017-11-15 07:59:38,791: 	 Retrieving 'status_cache' file from https://cmsweb.cern.ch/scheddmon/0197/cms1359/171115_132515:shigginb_crab_20171115_072450/status_cache
DEBUG 2017-11-15 07:59:40,558: 	 Got information from status cache file: {'1': {'Retries': 0, 'WallDurations': [188.0], 'StartTimes': [1510752427.0], 'SubmitTimes': [1510752385.0], 'JobIds': ['12846916.0'], 'EndTimes': [1510752615.0], 'Restarts': 0, 'RecordedSite': False, 'State': 'finished', 'ResidentSetSize': [219608], 'TotalUserCpuTimeHistory': [17], 'SiteHistory': ['Unknown'], 'TotalSysCpuTimeHistory': [1]}, '3': {'Retries': 0, 'WallDurations': [1772.0], 'StartTimes': [1510752429.0], 'SubmitTimes': [1510752386.0], 'JobIds': ['12846920.0'], 'EndTimes': [1510754201.0], 'Restarts': 0, 'RecordedSite': False, 'State': 'finished', 'ResidentSetSize': [749852], 'TotalUserCpuTimeHistory': [144], 'SiteHistory': ['Unknown'], 'TotalSysCpuTimeHistory': [20]}, '2': {'Retries': 0, 'WallDurations': [1510.0], 'StartTimes': [1510752428.0], 'SubmitTimes': [1510752386.0], 'JobIds': ['12846919.0'], 'EndTimes': [], 'Restarts': 0, 'RecordedSite': False, 'State': 'running', 'ResidentSetSize': [1412624], 'TotalUserCpuTimeHistory': [0], 'SiteHistory': ['Unknown'], 'TotalSysCpuTimeHistory': [0]}, '5': {'Retries': 0, 'WallDurations': [1510.0], 'StartTimes': [1510752432.0], 'SubmitTimes': [1510752385.0], 'JobIds': ['12846918.0'], 'EndTimes': [], 'Restarts': 0, 'RecordedSite': False, 'State': 'running', 'ResidentSetSize': [732452], 'TotalUserCpuTimeHistory': [0], 'SiteHistory': ['Unknown'], 'TotalSysCpuTimeHistory': [0]}, '4': {'Retries': 0, 'WallDurations': [1513.0], 'StartTimes': [1510752544.0], 'SubmitTimes': [1510752385.0], 'JobIds': ['12846917.0'], 'EndTimes': [], 'Restarts': 0, 'RecordedSite': False, 'State': 'running', 'ResidentSetSize': [800504], 'TotalUserCpuTimeHistory': [0], 'SiteHistory': ['Unknown'], 'TotalSysCpuTimeHistory': [0]}}
INFO 2017-11-15 07:59:40,558: 	 Status on the scheduler:	SUBMITTED
INFO 2017-11-15 07:59:40,558: 	 
Jobs status:                    finished       40.0% (2/5)
INFO 2017-11-15 07:59:40,558: 	 				running        60.0% (3/5)
INFO 2017-11-15 07:59:40,558: 	 
No publication information (publication has been disabled in the CRAB configuration file)
INFO 2017-11-15 07:59:40,576: 	 Log file is /uscms_data/d3/samuellh/WorkingArea/TauAnalysis/CMSSW_9_3_2/src/PUAnalysis/VBFtt2017/crab/VBF25/crab_20171115_072450/crab.log
DEBUG 2017-11-15 09:12:49,695: 	 Executing command: 'status'
DEBUG 2017-11-15 09:12:49,696: 	 Found CRAB cache file /uscms/home/samuellh/.crab3
DEBUG 2017-11-15 09:12:49,703: 	 Checking credentials
DEBUG 2017-11-15 09:12:49,704: 	 Found proxy file /tmp/x509up_u52190
DEBUG 2017-11-15 09:12:49,704: 	 Getting proxy life time left
DEBUG 2017-11-15 09:12:49,807: 	 Executing : 
 command : voms-proxy-info -file /tmp/x509up_u52190 -timeleft
 output : 76914

 error: 
 retcode : 0
DEBUG 2017-11-15 09:12:49,910: 	 Executing : 
 command : voms-proxy-info -file /tmp/x509up_u52190 -actimeleft
 output : 76913

 error: 
 retcode : 0
DEBUG 2017-11-15 09:12:49,911: 	 Proxy valid for 21:21:54 hours
DEBUG 2017-11-15 09:12:50,024: 	 Executing : 
 command : openssl x509 -in ~/.globus/usercert.pem -subject -noout
 output : subject= /DC=ch/DC=cern/OU=Organic Units/OU=Users/CN=shigginb/CN=785176/CN=Sam Higginbotham

 error: 
 retcode : 0
DEBUG 2017-11-15 09:12:50,024: 	 Checking credentials
DEBUG 2017-11-15 09:12:50,024: 	 Found proxy file /tmp/x509up_u52190
DEBUG 2017-11-15 09:12:50,025: 	 Getting proxy life time left
DEBUG 2017-11-15 09:12:50,128: 	 Executing : 
 command : voms-proxy-info -file /tmp/x509up_u52190 -timeleft
 output : 76913

 error: 
 retcode : 0
DEBUG 2017-11-15 09:12:50,231: 	 Executing : 
 command : voms-proxy-info -file /tmp/x509up_u52190 -actimeleft
 output : 76912

 error: 
 retcode : 0
DEBUG 2017-11-15 09:12:50,231: 	 Proxy valid for 21:21:53 hours
DEBUG 2017-11-15 09:12:52,058: 	 Registering user credentials for server /DC=ch/DC=cern/OU=computers/CN=vocms(045|052|021|031|0118|0118a|0119|0108|0105|0109).cern.ch
DEBUG 2017-11-15 09:12:52,166: 	 Executing : 
 command : openssl x509 -in ~/.globus/usercert.pem -subject -noout
 output : subject= /DC=ch/DC=cern/OU=Organic Units/OU=Users/CN=shigginb/CN=785176/CN=Sam Higginbotham

 error: 
 retcode : 0
DEBUG 2017-11-15 09:12:52,167: 	 Getting myproxy life time left for myproxy.cern.ch
DEBUG 2017-11-15 09:12:52,167: 	 Calculating hash of /DC=ch/DC=cern/OU=Organic Units/OU=Users/CN=shigginb/CN=785176/CN=Sam Higginbotham_cmsweb.cern.ch for credential name
DEBUG 2017-11-15 09:12:52,972: 	 Executing : 
 command : myproxy-info -l 2f318c7a260d78734589f2cc772d26b8be79ec6c -s myproxy.cern.ch
 output : username: 2f318c7a260d78734589f2cc772d26b8be79ec6c
owner: /DC=ch/DC=cern/OU=Organic Units/OU=Users/CN=shigginb/CN=785176/CN=Sam Higginbotham
  renewal policy: /DC=ch/DC=cern/OU=computers/CN=vocms(045|052|021|031|0118|0118a|0119|0108|0105|0109).cern.ch
  trusted retrieval policy: /DC=ch/DC=cern/OU=computers/CN=vocms(045|052|021|031|0118|0118a|0119|0108|0105|0109).cern.ch
  timeleft: 430:10:49  (17.9 days)

 error: 
 retcode : 0
DEBUG 2017-11-15 09:12:52,974: 	 Myproxy is valid: 1548649
DEBUG 2017-11-15 09:12:52,974: 	 Command use: status
DEBUG 2017-11-15 09:12:52,974: 	 Options use: ['-d', 'crab_20171115_072450/']
DEBUG 2017-11-15 09:12:54,678: 	 CRABClient version: 3.3.1707.patch1
DEBUG 2017-11-15 09:12:54,678: 	 Instance is prod
DEBUG 2017-11-15 09:12:54,678: 	 Server base url is cmsweb.cern.ch
DEBUG 2017-11-15 09:12:54,678: 	 Command url /crabserver/prod/workflow
DEBUG 2017-11-15 09:12:56,272: 	 Got information from server oracle database: {u'result': [u'171115_132515:shigginb_crab_20171115_072450', u'None', u'SUBMITTED', u'2017-11-15 13:25:15.058479', u'None', u'2017-11-15 13:26:11.271533', u'None', u'CMSSW_9_3_2', u'slc6_amd64_gcc630', u'/SMS-TStauStau_mStau-300_mLSP-1_TuneCUETP8M1_14TeV-madgraphMLM-pythia8/PhaseIITDRFall17MiniAOD-PU200_93X_upgrade2023_realistic_v2-v1/MINIAODSIM', u'[]', u'[]', u'FileBased', u"{'splitOnRun': False, 'halt_job_on_file_boundaries': False, 'files_per_job': 1, 'runs': [], 'lumis': []}", u'0', u'4e198fb019d07e682a8bd09208595d4eb73bac82ae7f6e24154a54b4451cc952.tar.gz', u'https://cmsweb.cern.ch/crabcache', u'shigginb', u'/DC=ch/DC=cern/OU=Organic Units/OU=Users/CN=shigginb/CN=785176/CN=Sam Higginbotham', u'cms', u'None', u'None', u'crab_20171115_072450-00000000000000000000000000000000', u'T3_US_FNALLPC', u'https://cmsweb.cern.ch/dbs/prod/global/DBSReader', u'https://cmsweb.cern.ch/dbs/prod/phys03/DBSWriter', u'F', u'Analysis', u'{}', u'[]', u'F', u'vocms052', u'[]', u'1250', u'1', u'2000', u'10', u'None', u'http://vocms0197.cern.ch/mon/cms1359/171115_132515:shigginb_crab_20171115_072450', u'None', u'None', u'[]', u'[]', u'[]', u'pythia', u'[]', u"['analysis.root']", u'[]', u'https://cmsweb.cern.ch/crabserver/prod', u'None', u'0', u'cmssrv221.fnal.gov:9620', u'crab3@vocms0197.cern.ch', u'F', u'[]', u'T', u'/store/user/shigginb/', u'F', u'None', u'F', u'F', u'F', u'None', u'SMS-TStauStau_mStau-300_mLSP-1_TuneCUETP8M1_14TeV-madgraphMLM-pythia8', u'filetransfers', u'SUBMIT', u'12846914', u'6a3e251ba7e790174b822f6fe7232966dcab04651cd3c7fee28271a2e9d08915.tar.gz', u'131.225.190.56', u'F', u'None'], u'desc': {u'columns': [u'tm_taskname', u'panda_jobset_id', u'tm_task_status', u'tm_start_time', u'tm_start_injection', u'tm_end_injection', u'tm_task_failure', u'tm_job_sw', u'tm_job_arch', u'tm_input_dataset', u'tm_site_whitelist', u'tm_site_blacklist', u'tm_split_algo', u'tm_split_args', u'tm_totalunits', u'tm_user_sandbox', u'tm_cache_url', u'tm_username', u'tm_user_dn', u'tm_user_vo', u'tm_user_role', u'tm_user_group', u'tm_publish_name', u'tm_asyncdest', u'tm_dbs_url', u'tm_publish_dbs_url', u'tm_publication', u'tm_job_type', u'tm_arguments', u'panda_resubmitted_jobs', u'tm_save_logs', u'tw_name', u'tm_user_infiles', u'tm_maxjobruntime', u'tm_numcores', u'tm_maxmemory', u'tm_priority', u'tm_output_dataset', u'tm_user_webdir', u'tm_activity', u'tm_scriptexe', u'tm_scriptargs', u'tm_extrajdl', u'tm_task_warnings', u'tm_generator', u'tm_outfiles', u'tm_tfile_outfiles', u'tm_edm_outfiles', u'tm_asourl', u'tm_events_per_lumi', u'tm_use_parent', u'tm_collector', u'tm_schedd', u'tm_dry_run', u'tm_user_files', u'tm_transfer_outputs', u'tm_output_lfn', u'tm_ignore_locality', u'tm_fail_limit', u'tm_one_event_mode', u'tm_publish_groupname', u'tm_nonvalid_input_dataset', u'tm_secondary_input_dataset', u'tm_primary_dataset', u'tm_asodb', u'tm_task_command', u'clusterid', u'tm_debug_files', u'tm_submitter_ip_addr', u'tm_ignore_global_blacklist', u'tm_last_publication']}}
INFO 2017-11-15 09:12:56,272: 	 CRAB project directory:		/uscms_data/d3/samuellh/WorkingArea/TauAnalysis/CMSSW_9_3_2/src/PUAnalysis/VBFtt2017/crab/VBF25/crab_20171115_072450
INFO 2017-11-15 09:12:56,273: 	 Task name:			171115_132515:shigginb_crab_20171115_072450
INFO 2017-11-15 09:12:56,273: 	 Grid scheduler:			crab3@vocms0197.cern.ch
INFO 2017-11-15 09:12:56,273: 	 Status on the CRAB server:	SUBMITTED
INFO 2017-11-15 09:12:56,273: 	 Task URL to use for HELP:	https://cmsweb.cern.ch/crabserver/ui/task/171115_132515%3Ashigginb_crab_20171115_072450
INFO 2017-11-15 09:12:56,273: 	 Dashboard monitoring URL:	http://dashb-cms-job.cern.ch/dashboard/templates/task-analysis/#user=shigginb&refresh=0&table=Jobs&p=1&records=25&activemenu=2&status=&site=&tid=171115_132515%3Ashigginb_crab_20171115_072450
DEBUG 2017-11-15 09:12:56,273: 	 The CRAB server submitted your task to the Grid scheduler (cluster ID: 12846914)
DEBUG 2017-11-15 09:12:56,273: 	 Webdir is located at http://vocms0197.cern.ch/mon/cms1359/171115_132515:shigginb_crab_20171115_072450
DEBUG 2017-11-15 09:12:58,070: 	 Proxied webdir is located at https://cmsweb.cern.ch/scheddmon/0197/cms1359/171115_132515:shigginb_crab_20171115_072450
DEBUG 2017-11-15 09:12:58,070: 	 Retrieving 'status_cache' file from https://cmsweb.cern.ch/scheddmon/0197/cms1359/171115_132515:shigginb_crab_20171115_072450/status_cache
DEBUG 2017-11-15 09:12:59,690: 	 Got information from status cache file: {'1': {'Retries': 0, 'WallDurations': [188.0], 'StartTimes': [1510752427.0], 'SubmitTimes': [1510752385.0], 'JobIds': ['12846916.0'], 'EndTimes': [1510752615.0], 'Restarts': 0, 'RecordedSite': False, 'State': 'finished', 'ResidentSetSize': [219608], 'TotalUserCpuTimeHistory': [17], 'SiteHistory': ['Unknown'], 'TotalSysCpuTimeHistory': [1]}, '3': {'Retries': 0, 'WallDurations': [1772.0], 'StartTimes': [1510752429.0], 'SubmitTimes': [1510752386.0], 'JobIds': ['12846920.0'], 'EndTimes': [1510754201.0], 'Restarts': 0, 'RecordedSite': False, 'State': 'finished', 'ResidentSetSize': [749852], 'TotalUserCpuTimeHistory': [144], 'SiteHistory': ['Unknown'], 'TotalSysCpuTimeHistory': [20]}, '2': {'Retries': 0, 'WallDurations': [3847.0], 'StartTimes': [1510752428.0], 'SubmitTimes': [1510752386.0], 'JobIds': ['12846919.0'], 'EndTimes': [1510756275.0], 'Restarts': 0, 'RecordedSite': False, 'State': 'finished', 'ResidentSetSize': [1874404], 'TotalUserCpuTimeHistory': [495], 'SiteHistory': ['Unknown'], 'TotalSysCpuTimeHistory': [26]}, '5': {'Retries': 0, 'WallDurations': [2358.0], 'StartTimes': [1510752432.0], 'SubmitTimes': [1510752385.0], 'JobIds': ['12846918.0'], 'EndTimes': [1510754790.0], 'Restarts': 0, 'RecordedSite': False, 'State': 'finished', 'ResidentSetSize': [732452], 'TotalUserCpuTimeHistory': [189], 'SiteHistory': ['Unknown'], 'TotalSysCpuTimeHistory': [17]}, '4': {'Retries': 0, 'WallDurations': [2028.0], 'StartTimes': [1510752544.0], 'SubmitTimes': [1510752385.0], 'JobIds': ['12846917.0'], 'EndTimes': [1510754572.0], 'Restarts': 0, 'RecordedSite': False, 'State': 'finished', 'ResidentSetSize': [805976], 'TotalUserCpuTimeHistory': [85], 'SiteHistory': ['Unknown'], 'TotalSysCpuTimeHistory': [4]}}
INFO 2017-11-15 09:12:59,690: 	 Status on the scheduler:	COMPLETED
INFO 2017-11-15 09:12:59,690: 	 
Jobs status:                    finished      100.0% (5/5)
INFO 2017-11-15 09:12:59,690: 	 
No publication information (publication has been disabled in the CRAB configuration file)
INFO 2017-11-15 09:12:59,711: 	 Log file is /uscms_data/d3/samuellh/WorkingArea/TauAnalysis/CMSSW_9_3_2/src/PUAnalysis/VBFtt2017/crab/VBF25/crab_20171115_072450/crab.log
