('The system path in the config file ', ['/cvmfs/cms.cern.ch/crab3/slc6_amd64_gcc493/cms/crabclient/3.3.1707.patch1/bin', '/uscms_data/d3/samuellh/WorkingArea/TauAnalysis/CMSSW_9_3_2/python', '/uscms_data/d3/samuellh/WorkingArea/TauAnalysis/CMSSW_9_3_2/lib/slc6_amd64_gcc630', '/cvmfs/cms.cern.ch/slc6_amd64_gcc630/cms/cmssw/CMSSW_9_3_2/python', '/cvmfs/cms.cern.ch/slc6_amd64_gcc630/cms/cmssw/CMSSW_9_3_2/lib/slc6_amd64_gcc630', '/cvmfs/cms.cern.ch/slc6_amd64_gcc630/cms/coral/CORAL_2_3_21-ghjeda6/slc6_amd64_gcc630/python', '/cvmfs/cms.cern.ch/slc6_amd64_gcc630/cms/coral/CORAL_2_3_21-ghjeda6/slc6_amd64_gcc630/lib', '/cvmfs/cms.cern.ch/slc6_amd64_gcc630/external/professor2/2.2.1-ghjeda6/lib/python2.7/site-packages', '/cvmfs/cms.cern.ch/slc6_amd64_gcc630/external/pyqt/4.11.4-mlhled2/lib/python2.7/site-packages', '/cvmfs/cms.cern.ch/slc6_amd64_gcc630/external/sherpa/2.2.4-ghjeda/lib/python2.7/site-packages', '/cvmfs/cms.cern.ch/slc6_amd64_gcc630/external/rivet/2.5.2-ghjeda4/lib/python2.7/site-packages', '/cvmfs/cms.cern.ch/slc6_amd64_gcc630/external/python-ldap/2.4.10-mlhled2/lib/python2.7/site-packages', '/cvmfs/cms.cern.ch/slc6_amd64_gcc630/external/py2-matplotlib/1.5.2-njopjo/lib/python2.7/site-packages', '/cvmfs/cms.cern.ch/slc6_amd64_gcc630/external/sip/4.17-mlhled2/lib/python2.7/site-packages', '/cvmfs/cms.cern.ch/slc6_amd64_gcc630/external/llvm/4.0.0-njopjo/lib64/python2.7/site-packages', '/cvmfs/cms.cern.ch/slc6_amd64_gcc630/external/py2-sqlalchemy/1.1.4-mlhled2/lib/python2.7/site-packages', '/cvmfs/cms.cern.ch/slc6_amd64_gcc630/external/py2-lint/0.25.1-mlhled2/lib/python2.7/site-packages', '/cvmfs/cms.cern.ch/slc6_amd64_gcc630/external/py2-dxr/1.0-ghjeda6/lib/python2.7/site-packages', '/cvmfs/cms.cern.ch/slc6_amd64_gcc630/external/py2-cx-oracle/5.2.1-mlhled2/lib/python2.7/site-packages', '/cvmfs/cms.cern.ch/slc6_amd64_gcc630/external/py2-numpy/1.12.1-mlhled2/lib/python2.7/site-packages', '/cvmfs/cms.cern.ch/slc6_amd64_gcc630/external/frontier_client/2.8.20-mlhled2/python/lib', '/cvmfs/cms.cern.ch/slc6_amd64_gcc630/cms/das_client/v03.01.00-mlhled2/bin', '/cvmfs/cms.cern.ch/slc6_amd64_gcc630/external/xrootd/4.6.1/lib/python2.7/site-packages', '/cvmfs/cms.cern.ch/slc6_amd64_gcc630/external/yoda/1.6.5-ghjeda4/lib/python2.7/site-packages', '/cvmfs/cms.cern.ch/slc6_amd64_gcc630/lcg/root/6.10.04-ghjeda/lib', '/cvmfs/cms.cern.ch/slc6_amd64_gcc630/external/pyminuit2/0.0.1-ghjeda4/lib/python2.7/site-packages', '/cvmfs/cms.cern.ch/slc6_amd64_gcc630/external/py2-PyYAML/3.11-mlhled2/lib/python2.7/site-packages', '/cvmfs/cms.cern.ch/slc6_amd64_gcc630/external/py2-pygithub/1.23.0-mlhled2/lib/python2.7/site-packages', '/cvmfs/cms.cern.ch/slc6_amd64_gcc630/external/py2-pip/9.0.1-mlhled2/lib/python2.7/site-packages', '/cvmfs/cms.cern.ch/slc6_amd64_gcc630/external/py2-dablooms/0.9.1-mlhled2/lib/python2.7/site-packages', '/cvmfs/cms.cern.ch/slc6_amd64_gcc630/external/py2-pippkgs_depscipy/3.0-ghjeda6/lib/python2.7/site-packages', '/cvmfs/cms.cern.ch/slc6_amd64_gcc630/external/py2-pippkgs/5.0-ghjeda6/lib/python2.7/site-packages', '/cvmfs/cms.cern.ch/slc6_amd64_gcc630/external/professor/1.4.0-ghjeda4/lib/python2.7/site-packages', '/cvmfs/cms.cern.ch/slc6_amd64_gcc630/cms/dbs-client/DBS_2_1_9-mlhled2/lib', '/cvmfs/cms.cern.ch/slc6_amd64_gcc630/cms/dbs-client/DBS_2_1_9-mlhled2/lib/DBSAPI', '/cvmfs/cms.cern.ch/slc6_amd64_gcc630/external/cvs2git/5419-mlhled2/lib', '/cvmfs/cms.cern.ch/crab3/slc6_amd64_gcc493/cms/crabclient/3.3.1707.patch1/lib/python2.7/site-packages', '/cvmfs/cms.cern.ch/crab3/slc6_amd64_gcc493/cms/dbs3-client/3.4.4/lib/python2.7/site-packages', '/cvmfs/cms.cern.ch/crab3/slc6_amd64_gcc493/cms/dbs3-pycurl-client/3.4.4/lib/python2.7/site-packages', '/cvmfs/cms.cern.ch/slc6_amd64_gcc630/external/py2-sqlalchemy/1.1.4-mlhled2/lib/python2.7/site-packages/SQLAlchemy-1.1.4-py2.7-linux-x86_64.egg', '/cvmfs/cms.cern.ch/slc6_amd64_gcc630/external/py2-numpy/1.12.1-mlhled2/lib/python2.7/site-packages/numpy-1.12.1-py2.7-linux-x86_64.egg', '/cvmfs/cms.cern.ch/slc6_amd64_gcc630/external/python/2.7.11-mlhled2/lib/python27.zip', '/cvmfs/cms.cern.ch/slc6_amd64_gcc630/external/python/2.7.11-mlhled2/lib/python2.7', '/cvmfs/cms.cern.ch/slc6_amd64_gcc630/external/python/2.7.11-mlhled2/lib/python2.7/plat-linux2', '/cvmfs/cms.cern.ch/slc6_amd64_gcc630/external/python/2.7.11-mlhled2/lib/python2.7/lib-tk', '/cvmfs/cms.cern.ch/slc6_amd64_gcc630/external/python/2.7.11-mlhled2/lib/python2.7/lib-old', '/cvmfs/cms.cern.ch/slc6_amd64_gcc630/external/python/2.7.11-mlhled2/lib/python2.7/lib-dynload', '/cvmfs/cms.cern.ch/slc6_amd64_gcc630/external/python/2.7.11-mlhled2/lib/python2.7/site-packages', '/uscms_data/d3/samuellh/WorkingArea/TauAnalysis/CMSSW_9_3_2/src/PUAnalysis/VBFtt2017/crab/VBF67'])
 ##################################################################### 
 # WARNING: the module CondCore.DBCommon.CondDBSetup is deprecated.  # 
 # Please import CondCore.CondDB.CondDB_cfi                          # 
 ##################################################################### 
recorrecting the jets
List Of Filters
['processedEvents', 'initialEventsTT', 'DiMuonCreation', 'AtLeastOneDiTau', 'TTTauPtEta', 'TTTauDecayFound', 'TTTauStandardDecayFound', 'TTTauDRSel', 'TTSync', 'TTAntiEle', 'TTAntiMu', 'TTIso', 'TTOS']
DEBUG 2017-11-15 07:46:16,137: 	 Executing command: 'submit'
DEBUG 2017-11-15 07:46:16,137: 	 Found CRAB cache file /uscms/home/samuellh/.crab3
DEBUG 2017-11-15 07:46:16,145: 	 Checking credentials
DEBUG 2017-11-15 07:46:16,146: 	 Found proxy file /tmp/x509up_u52190
DEBUG 2017-11-15 07:46:16,146: 	 Getting proxy life time left
DEBUG 2017-11-15 07:46:16,249: 	 Executing : 
 command : voms-proxy-info -file /tmp/x509up_u52190 -timeleft
 output : 82107

 error: 
 retcode : 0
DEBUG 2017-11-15 07:46:16,352: 	 Executing : 
 command : voms-proxy-info -file /tmp/x509up_u52190 -actimeleft
 output : 82106

 error: 
 retcode : 0
DEBUG 2017-11-15 07:46:16,352: 	 Proxy valid for 22:48:27 hours
INFO 2017-11-15 07:46:16,352: 	 Will use CRAB configuration file crab3_TT_MC.py
DEBUG 2017-11-15 07:46:16,352: 	 Loading CRAB configuration file.
DEBUG 2017-11-15 07:46:16,359: 	 Will use CRAB Analysis plugin (i.e. will run an analysis job type).
DEBUG 2017-11-15 07:46:16,473: 	 Executing : 
 command : openssl x509 -in ~/.globus/usercert.pem -subject -noout
 output : subject= /DC=ch/DC=cern/OU=Organic Units/OU=Users/CN=shigginb/CN=785176/CN=Sam Higginbotham

 error: 
 retcode : 0
DEBUG 2017-11-15 07:46:16,473: 	 Checking credentials
DEBUG 2017-11-15 07:46:16,473: 	 Found proxy file /tmp/x509up_u52190
DEBUG 2017-11-15 07:46:16,474: 	 Getting proxy life time left
DEBUG 2017-11-15 07:46:16,577: 	 Executing : 
 command : voms-proxy-info -file /tmp/x509up_u52190 -timeleft
 output : 82107

 error: 
 retcode : 0
DEBUG 2017-11-15 07:46:16,681: 	 Executing : 
 command : voms-proxy-info -file /tmp/x509up_u52190 -actimeleft
 output : 82106

 error: 
 retcode : 0
DEBUG 2017-11-15 07:46:16,681: 	 Proxy valid for 22:48:27 hours
DEBUG 2017-11-15 07:46:16,784: 	 Executing : 
 command : env X509_USER_PROXY=/tmp/x509up_u52190 voms-proxy-info -fqan
 output : /cms/Role=NULL/Capability=NULL

 error: 
 retcode : 0
DEBUG 2017-11-15 07:46:18,558: 	 Registering user credentials for server /DC=ch/DC=cern/OU=computers/CN=vocms(045|052|021|031|0118|0118a|0119|0108|0105|0109).cern.ch
DEBUG 2017-11-15 07:46:18,663: 	 Executing : 
 command : openssl x509 -in ~/.globus/usercert.pem -subject -noout
 output : subject= /DC=ch/DC=cern/OU=Organic Units/OU=Users/CN=shigginb/CN=785176/CN=Sam Higginbotham

 error: 
 retcode : 0
DEBUG 2017-11-15 07:46:18,663: 	 Getting myproxy life time left for myproxy.cern.ch
DEBUG 2017-11-15 07:46:18,663: 	 Calculating hash of /DC=ch/DC=cern/OU=Organic Units/OU=Users/CN=shigginb/CN=785176/CN=Sam Higginbotham_cmsweb.cern.ch for credential name
DEBUG 2017-11-15 07:46:19,467: 	 Executing : 
 command : myproxy-info -l 2f318c7a260d78734589f2cc772d26b8be79ec6c -s myproxy.cern.ch
 output : username: 2f318c7a260d78734589f2cc772d26b8be79ec6c
owner: /DC=ch/DC=cern/OU=Organic Units/OU=Users/CN=shigginb/CN=785176/CN=Sam Higginbotham
  renewal policy: /DC=ch/DC=cern/OU=computers/CN=vocms(045|052|021|031|0118|0118a|0119|0108|0105|0109).cern.ch
  trusted retrieval policy: /DC=ch/DC=cern/OU=computers/CN=vocms(045|052|021|031|0118|0118a|0119|0108|0105|0109).cern.ch
  timeleft: 431:37:22  (18.0 days)

 error: 
 retcode : 0
DEBUG 2017-11-15 07:46:19,469: 	 Myproxy is valid: 1553842
DEBUG 2017-11-15 07:46:19,469: 	 Command use: submit
DEBUG 2017-11-15 07:46:19,469: 	 Options use: ['-c', 'crab3_TT_MC.py']
DEBUG 2017-11-15 07:46:21,242: 	 CRABClient version: 3.3.1707.patch1
DEBUG 2017-11-15 07:46:21,242: 	 Instance is prod
DEBUG 2017-11-15 07:46:21,242: 	 Server base url is cmsweb.cern.ch
DEBUG 2017-11-15 07:46:21,242: 	 Command url /crabserver/prod/workflow
DEBUG 2017-11-15 07:46:21,242: 	 Started submission
DEBUG 2017-11-15 07:46:21,242: 	 Working on /uscms_data/d3/samuellh/WorkingArea/TauAnalysis/CMSSW_9_3_2/src/PUAnalysis/VBFtt2017/crab/VBF67/crab_20171115_074616
DEBUG 2017-11-15 07:46:22,859: 	 Loading required information from the environment
DEBUG 2017-11-15 07:46:22,859: 	 Found CMSSW_9_3_2 for slc6_amd64_gcc630 with base /uscms_data/d3/samuellh/WorkingArea/TauAnalysis/CMSSW_9_3_2
DEBUG 2017-11-15 07:46:22,859: 	 Loading required information from the environment
DEBUG 2017-11-15 07:46:22,859: 	 Found CMSSW_9_3_2 for slc6_amd64_gcc630 with base /uscms_data/d3/samuellh/WorkingArea/TauAnalysis/CMSSW_9_3_2
DEBUG 2017-11-15 07:46:22,870: 	 UNIQUE NAME: tarUUID 3ecc6bba-f9b6-430a-9461-489a89903162 
DEBUG 2017-11-15 07:46:22,871: 	 self.config: from WMCore.Configuration import Configuration
config = Configuration()
config.section_('General')
config.section_('JobType')
config.JobType.psetName = '../../../TT-MC-Up.py'
config.JobType.pluginName = 'Analysis'
config.JobType.inputFiles = ['../../../Configuration/data/PhaseIISummer16_25nsV3_MC.db']
config.JobType.outputFiles = ['analysis.root']
config.JobType.allowUndistributedCMSSW = True
config.section_('Data')
config.Data.inputDataset = '/VBF_RS_bulk_M3000_W05pc_14TeV-madgraph/PhaseIITDRFall17MiniAOD-PU200_93X_upgrade2023_realistic_v2-v1/MINIAODSIM'
config.Data.unitsPerJob = 1
config.Data.publication = False
config.Data.inputDBS = 'global'
config.Data.splitting = 'FileBased'
config.section_('Site')
config.Site.storageSite = 'T3_US_FNALLPC'
config.section_('User')
config.section_('Debug')

DEBUG 2017-11-15 07:46:22,871: 	 self.config.JobType.psetName: ../../../TT-MC-Up.py
INFO 2017-11-15 07:46:22,871: 	 Importing CMSSW configuration ../../../TT-MC-Up.py
INFO 2017-11-15 07:46:25,338: 	 Finished importing CMSSW configuration ../../../TT-MC-Up.py
DEBUG 2017-11-15 07:46:25,338: 	 Writing CMSSW configuration to /uscms_data/d3/samuellh/WorkingArea/TauAnalysis/CMSSW_9_3_2/src/PUAnalysis/VBFtt2017/crab/VBF67/crab_20171115_074616/inputs/PSet.py
DEBUG 2017-11-15 07:46:26,230: 	 The following EDM output files will be collected: []
DEBUG 2017-11-15 07:46:26,230: 	 The following TFile output files will be collected: ['analysis.root']
DEBUG 2017-11-15 07:46:26,231: 	 The following user output files will be collected: []
DEBUG 2017-11-15 07:46:26,231: 	 Loading required information from the environment
DEBUG 2017-11-15 07:46:26,231: 	 Found CMSSW_9_3_2 for slc6_amd64_gcc630 with base /uscms_data/d3/samuellh/WorkingArea/TauAnalysis/CMSSW_9_3_2
DEBUG 2017-11-15 07:46:26,231: 	 Making tarball in /uscms_data/d3/samuellh/WorkingArea/TauAnalysis/CMSSW_9_3_2/src/PUAnalysis/VBFtt2017/crab/VBF67/crab_20171115_074616/inputs/3ecc6bba-f9b6-430a-9461-489a89903162default.tgz
DEBUG 2017-11-15 07:46:26,235: 	 Checking directory /uscms_data/d3/samuellh/WorkingArea/TauAnalysis/CMSSW_9_3_2/lib
DEBUG 2017-11-15 07:46:26,235: 	 Adding directory /uscms_data/d3/samuellh/WorkingArea/TauAnalysis/CMSSW_9_3_2/lib to tarball
DEBUG 2017-11-15 07:46:26,872: 	 Checking directory /uscms_data/d3/samuellh/WorkingArea/TauAnalysis/CMSSW_9_3_2/biglib
DEBUG 2017-11-15 07:46:26,872: 	 Adding directory /uscms_data/d3/samuellh/WorkingArea/TauAnalysis/CMSSW_9_3_2/biglib to tarball
DEBUG 2017-11-15 07:46:26,875: 	 Checking directory /uscms_data/d3/samuellh/WorkingArea/TauAnalysis/CMSSW_9_3_2/module
DEBUG 2017-11-15 07:46:26,898: 	 Adding data directory /uscms_data/d3/samuellh/WorkingArea/TauAnalysis/CMSSW_9_3_2/src/PUAnalysis/Configuration/data to tarball
DEBUG 2017-11-15 07:46:30,005: 	 Adding data directory /uscms_data/d3/samuellh/WorkingArea/TauAnalysis/CMSSW_9_3_2/src/PUAnalysis/DataFormats/interface to tarball
DEBUG 2017-11-15 07:46:30,013: 	 Adding data directory /uscms_data/d3/samuellh/WorkingArea/TauAnalysis/CMSSW_9_3_2/src/PUAnalysis/NtupleTools/interface to tarball
DEBUG 2017-11-15 07:46:30,019: 	 Adding data directory /uscms_data/d3/samuellh/WorkingArea/TauAnalysis/CMSSW_9_3_2/src/PUAnalysis/RecoTools/interface to tarball
DEBUG 2017-11-15 07:46:30,222: 	 Adding file ../../../Configuration/data/PhaseIISummer16_25nsV3_MC.db to tarball
DEBUG 2017-11-15 07:46:30,607: 	 Uploading archive /uscms_data/d3/samuellh/WorkingArea/TauAnalysis/CMSSW_9_3_2/src/PUAnalysis/VBFtt2017/crab/VBF67/crab_20171115_074616/inputs/3ecc6bba-f9b6-430a-9461-489a89903162default.tgz (11 MB) to the CRAB cache. Using URI https://cmsweb.cern.ch/crabcache
DEBUG 2017-11-15 07:46:39,065: 	 Loading required information from the environment
DEBUG 2017-11-15 07:46:39,066: 	 Found CMSSW_9_3_2 for slc6_amd64_gcc630 with base /uscms_data/d3/samuellh/WorkingArea/TauAnalysis/CMSSW_9_3_2
DEBUG 2017-11-15 07:46:39,066: 	 Making tarball in /uscms_data/d3/samuellh/WorkingArea/TauAnalysis/CMSSW_9_3_2/src/PUAnalysis/VBFtt2017/crab/VBF67/crab_20171115_074616/inputs/debugFiles.tgz
DEBUG 2017-11-15 07:46:39,464: 	 Uploading archive /uscms_data/d3/samuellh/WorkingArea/TauAnalysis/CMSSW_9_3_2/src/PUAnalysis/VBFtt2017/crab/VBF67/crab_20171115_074616/inputs/debugFiles.tgz (2 KB) to the CRAB cache. Using URI https://cmsweb.cern.ch/crabcache
DEBUG 2017-11-15 07:46:41,322: 	 Result uploading input files: 4e198fb019d07e682a8bd09208595d4eb73bac82ae7f6e24154a54b4451cc952.tar.gz 
INFO 2017-11-15 07:46:41,323: 	 Sending the request to the server
DEBUG 2017-11-15 07:46:41,323: 	 Submitting {'maxjobruntime': 1250, 'extrajdl': [], 'ignorelocality': 0, 'savelogsflag': 0, 'useparent': 0, 'asyncdest': 'T3_US_FNALLPC', 'algoargs': 1, 'cachefilename': '4e198fb019d07e682a8bd09208595d4eb73bac82ae7f6e24154a54b4451cc952.tar.gz', 'numcores': 1, 'addoutputfiles': [], 'generator': 'pythia', 'maxmemory': 2000, 'publishdbsurl': 'https://cmsweb.cern.ch/dbs/prod/phys03/DBSWriter', 'priority': 10, 'jobsw': 'CMSSW_9_3_2', 'edmoutfiles': [], 'userfiles': [], 'primarydataset': '', 'inputdata': '/VBF_RS_bulk_M3000_W05pc_14TeV-madgraph/PhaseIITDRFall17MiniAOD-PU200_93X_upgrade2023_realistic_v2-v1/MINIAODSIM', 'dryrun': 0, 'workflow': 'crab_20171115_074616', 'cacheurl': u'https://cmsweb.cern.ch/crabcache', 'nonprodsw': 1, 'tfileoutfiles': ['analysis.root'], 'oneEventMode': 0, 'debugfilename': '31221d8c5031331125e4b9ebd6cfb8238369b7011e4af9ad9ce0a3dd80dd3a2a.tar.gz', 'saveoutput': 1, 'publication': 0, 'jobarch': 'slc6_amd64_gcc630', 'totalunits': 0, 'splitalgo': 'FileBased', 'ignoreglobalblacklist': 0, 'nonvaliddata': 0, 'dbsurl': 'https://cmsweb.cern.ch/dbs/prod/global/DBSReader', 'publishgroupname': 0, 'jobtype': 'Analysis', 'publishname2': ''} 
DEBUG 2017-11-15 07:46:41,323: 	 Encoded submit request: maxjobruntime=1250&ignorelocality=0&savelogsflag=0&useparent=0&asyncdest=T3_US_FNALLPC&algoargs=1&cachefilename=4e198fb019d07e682a8bd09208595d4eb73bac82ae7f6e24154a54b4451cc952.tar.gz&numcores=1&generator=pythia&maxmemory=2000&publishdbsurl=https%3A%2F%2Fcmsweb.cern.ch%2Fdbs%2Fprod%2Fphys03%2FDBSWriter&priority=10&jobsw=CMSSW_9_3_2&primarydataset=&inputdata=%2FVBF_RS_bulk_M3000_W05pc_14TeV-madgraph%2FPhaseIITDRFall17MiniAOD-PU200_93X_upgrade2023_realistic_v2-v1%2FMINIAODSIM&dryrun=0&workflow=crab_20171115_074616&cacheurl=https%3A%2F%2Fcmsweb.cern.ch%2Fcrabcache&nonprodsw=1&oneEventMode=0&debugfilename=31221d8c5031331125e4b9ebd6cfb8238369b7011e4af9ad9ce0a3dd80dd3a2a.tar.gz&saveoutput=1&publication=0&jobarch=slc6_amd64_gcc630&totalunits=0&splitalgo=FileBased&ignoreglobalblacklist=0&nonvaliddata=0&dbsurl=https%3A%2F%2Fcmsweb.cern.ch%2Fdbs%2Fprod%2Fglobal%2FDBSReader&publishgroupname=0&jobtype=Analysis&publishname2=&tfileoutfiles=analysis.root
DEBUG 2017-11-15 07:46:43,250: 	 Result: {u'result': [{u'RequestName': u'171115_134643:shigginb_crab_20171115_074616'}]}
INFO 2017-11-15 07:46:43,254: 	 Success: Your task has been delivered to the CRAB3 server.
INFO 2017-11-15 07:46:43,254: 	 Task name: 171115_134643:shigginb_crab_20171115_074616
INFO 2017-11-15 07:46:43,254: 	 Please use 'crab status' to check how the submission process proceeds.
DEBUG 2017-11-15 07:46:43,254: 	 About to return
INFO 2017-11-15 07:46:43,259: 	 Log file is /uscms_data/d3/samuellh/WorkingArea/TauAnalysis/CMSSW_9_3_2/src/PUAnalysis/VBFtt2017/crab/VBF67/crab_20171115_074616/crab.log
DEBUG 2017-11-15 08:08:00,123: 	 Executing command: 'status'
DEBUG 2017-11-15 08:08:00,124: 	 Found CRAB cache file /uscms/home/samuellh/.crab3
DEBUG 2017-11-15 08:08:00,130: 	 Checking credentials
DEBUG 2017-11-15 08:08:00,131: 	 Found proxy file /tmp/x509up_u52190
DEBUG 2017-11-15 08:08:00,131: 	 Getting proxy life time left
DEBUG 2017-11-15 08:08:00,234: 	 Executing : 
 command : voms-proxy-info -file /tmp/x509up_u52190 -timeleft
 output : 80803

 error: 
 retcode : 0
DEBUG 2017-11-15 08:08:00,337: 	 Executing : 
 command : voms-proxy-info -file /tmp/x509up_u52190 -actimeleft
 output : 80802

 error: 
 retcode : 0
DEBUG 2017-11-15 08:08:00,338: 	 Proxy valid for 22:26:43 hours
DEBUG 2017-11-15 08:08:00,450: 	 Executing : 
 command : openssl x509 -in ~/.globus/usercert.pem -subject -noout
 output : subject= /DC=ch/DC=cern/OU=Organic Units/OU=Users/CN=shigginb/CN=785176/CN=Sam Higginbotham

 error: 
 retcode : 0
DEBUG 2017-11-15 08:08:00,451: 	 Checking credentials
DEBUG 2017-11-15 08:08:00,451: 	 Found proxy file /tmp/x509up_u52190
DEBUG 2017-11-15 08:08:00,451: 	 Getting proxy life time left
DEBUG 2017-11-15 08:08:00,554: 	 Executing : 
 command : voms-proxy-info -file /tmp/x509up_u52190 -timeleft
 output : 80803

 error: 
 retcode : 0
DEBUG 2017-11-15 08:08:00,657: 	 Executing : 
 command : voms-proxy-info -file /tmp/x509up_u52190 -actimeleft
 output : 80802

 error: 
 retcode : 0
DEBUG 2017-11-15 08:08:00,658: 	 Proxy valid for 22:26:43 hours
DEBUG 2017-11-15 08:08:02,281: 	 Registering user credentials for server /DC=ch/DC=cern/OU=computers/CN=vocms(045|052|021|031|0118|0118a|0119|0108|0105|0109).cern.ch
DEBUG 2017-11-15 08:08:02,388: 	 Executing : 
 command : openssl x509 -in ~/.globus/usercert.pem -subject -noout
 output : subject= /DC=ch/DC=cern/OU=Organic Units/OU=Users/CN=shigginb/CN=785176/CN=Sam Higginbotham

 error: 
 retcode : 0
DEBUG 2017-11-15 08:08:02,389: 	 Getting myproxy life time left for myproxy.cern.ch
DEBUG 2017-11-15 08:08:02,389: 	 Calculating hash of /DC=ch/DC=cern/OU=Organic Units/OU=Users/CN=shigginb/CN=785176/CN=Sam Higginbotham_cmsweb.cern.ch for credential name
DEBUG 2017-11-15 08:08:03,093: 	 Executing : 
 command : myproxy-info -l 2f318c7a260d78734589f2cc772d26b8be79ec6c -s myproxy.cern.ch
 output : username: 2f318c7a260d78734589f2cc772d26b8be79ec6c
owner: /DC=ch/DC=cern/OU=Organic Units/OU=Users/CN=shigginb/CN=785176/CN=Sam Higginbotham
  renewal policy: /DC=ch/DC=cern/OU=computers/CN=vocms(045|052|021|031|0118|0118a|0119|0108|0105|0109).cern.ch
  trusted retrieval policy: /DC=ch/DC=cern/OU=computers/CN=vocms(045|052|021|031|0118|0118a|0119|0108|0105|0109).cern.ch
  timeleft: 431:15:38  (18.0 days)

 error: 
 retcode : 0
DEBUG 2017-11-15 08:08:03,094: 	 Myproxy is valid: 1552538
DEBUG 2017-11-15 08:08:03,095: 	 Command use: status
DEBUG 2017-11-15 08:08:03,095: 	 Options use: ['-d', 'crab_20171115_074616/']
DEBUG 2017-11-15 08:08:04,746: 	 CRABClient version: 3.3.1707.patch1
DEBUG 2017-11-15 08:08:04,746: 	 Instance is prod
DEBUG 2017-11-15 08:08:04,746: 	 Server base url is cmsweb.cern.ch
DEBUG 2017-11-15 08:08:04,746: 	 Command url /crabserver/prod/workflow
DEBUG 2017-11-15 08:08:06,688: 	 Got information from server oracle database: {u'result': [u'171115_134643:shigginb_crab_20171115_074616', u'None', u'SUBMITTED', u'2017-11-15 13:46:43.135477', u'None', u'2017-11-15 13:47:25.076890', u'None', u'CMSSW_9_3_2', u'slc6_amd64_gcc630', u'/VBF_RS_bulk_M3000_W05pc_14TeV-madgraph/PhaseIITDRFall17MiniAOD-PU200_93X_upgrade2023_realistic_v2-v1/MINIAODSIM', u'[]', u'[]', u'FileBased', u"{'splitOnRun': False, 'halt_job_on_file_boundaries': False, 'files_per_job': 1, 'runs': [], 'lumis': []}", u'0', u'4e198fb019d07e682a8bd09208595d4eb73bac82ae7f6e24154a54b4451cc952.tar.gz', u'https://cmsweb.cern.ch/crabcache', u'shigginb', u'/DC=ch/DC=cern/OU=Organic Units/OU=Users/CN=shigginb/CN=785176/CN=Sam Higginbotham', u'cms', u'None', u'None', u'crab_20171115_074616-00000000000000000000000000000000', u'T3_US_FNALLPC', u'https://cmsweb.cern.ch/dbs/prod/global/DBSReader', u'https://cmsweb.cern.ch/dbs/prod/phys03/DBSWriter', u'F', u'Analysis', u'{}', u'[]', u'F', u'vocms052', u'[]', u'1250', u'1', u'2000', u'10', u'None', u'http://vocms0144.cern.ch/mon/cms1359/171115_134643:shigginb_crab_20171115_074616', u'None', u'None', u'[]', u'[]', u'[]', u'pythia', u'[]', u"['analysis.root']", u'[]', u'https://cmsweb.cern.ch/crabserver/prod', u'None', u'0', u'cmssrv221.fnal.gov:9620', u'crab3@vocms0144.cern.ch', u'F', u'[]', u'T', u'/store/user/shigginb/', u'F', u'None', u'F', u'F', u'F', u'None', u'VBF_RS_bulk_M3000_W05pc_14TeV-madgraph', u'filetransfers', u'SUBMIT', u'15526840', u'31221d8c5031331125e4b9ebd6cfb8238369b7011e4af9ad9ce0a3dd80dd3a2a.tar.gz', u'131.225.190.56', u'F', u'None'], u'desc': {u'columns': [u'tm_taskname', u'panda_jobset_id', u'tm_task_status', u'tm_start_time', u'tm_start_injection', u'tm_end_injection', u'tm_task_failure', u'tm_job_sw', u'tm_job_arch', u'tm_input_dataset', u'tm_site_whitelist', u'tm_site_blacklist', u'tm_split_algo', u'tm_split_args', u'tm_totalunits', u'tm_user_sandbox', u'tm_cache_url', u'tm_username', u'tm_user_dn', u'tm_user_vo', u'tm_user_role', u'tm_user_group', u'tm_publish_name', u'tm_asyncdest', u'tm_dbs_url', u'tm_publish_dbs_url', u'tm_publication', u'tm_job_type', u'tm_arguments', u'panda_resubmitted_jobs', u'tm_save_logs', u'tw_name', u'tm_user_infiles', u'tm_maxjobruntime', u'tm_numcores', u'tm_maxmemory', u'tm_priority', u'tm_output_dataset', u'tm_user_webdir', u'tm_activity', u'tm_scriptexe', u'tm_scriptargs', u'tm_extrajdl', u'tm_task_warnings', u'tm_generator', u'tm_outfiles', u'tm_tfile_outfiles', u'tm_edm_outfiles', u'tm_asourl', u'tm_events_per_lumi', u'tm_use_parent', u'tm_collector', u'tm_schedd', u'tm_dry_run', u'tm_user_files', u'tm_transfer_outputs', u'tm_output_lfn', u'tm_ignore_locality', u'tm_fail_limit', u'tm_one_event_mode', u'tm_publish_groupname', u'tm_nonvalid_input_dataset', u'tm_secondary_input_dataset', u'tm_primary_dataset', u'tm_asodb', u'tm_task_command', u'clusterid', u'tm_debug_files', u'tm_submitter_ip_addr', u'tm_ignore_global_blacklist', u'tm_last_publication']}}
INFO 2017-11-15 08:08:06,688: 	 CRAB project directory:		/uscms_data/d3/samuellh/WorkingArea/TauAnalysis/CMSSW_9_3_2/src/PUAnalysis/VBFtt2017/crab/VBF67/crab_20171115_074616
INFO 2017-11-15 08:08:06,688: 	 Task name:			171115_134643:shigginb_crab_20171115_074616
INFO 2017-11-15 08:08:06,688: 	 Grid scheduler:			crab3@vocms0144.cern.ch
INFO 2017-11-15 08:08:06,689: 	 Status on the CRAB server:	SUBMITTED
INFO 2017-11-15 08:08:06,689: 	 Task URL to use for HELP:	https://cmsweb.cern.ch/crabserver/ui/task/171115_134643%3Ashigginb_crab_20171115_074616
INFO 2017-11-15 08:08:06,689: 	 Dashboard monitoring URL:	http://dashb-cms-job.cern.ch/dashboard/templates/task-analysis/#user=shigginb&refresh=0&table=Jobs&p=1&records=25&activemenu=2&status=&site=&tid=171115_134643%3Ashigginb_crab_20171115_074616
DEBUG 2017-11-15 08:08:06,689: 	 The CRAB server submitted your task to the Grid scheduler (cluster ID: 15526840)
DEBUG 2017-11-15 08:08:06,689: 	 Webdir is located at http://vocms0144.cern.ch/mon/cms1359/171115_134643:shigginb_crab_20171115_074616
DEBUG 2017-11-15 08:08:08,327: 	 Proxied webdir is located at https://cmsweb.cern.ch/scheddmon/0144/cms1359/171115_134643:shigginb_crab_20171115_074616
DEBUG 2017-11-15 08:08:08,327: 	 Retrieving 'status_cache' file from https://cmsweb.cern.ch/scheddmon/0144/cms1359/171115_134643:shigginb_crab_20171115_074616/status_cache
DEBUG 2017-11-15 08:08:10,096: 	 Got information from status cache file: {'1': {'Retries': 0, 'WallDurations': [9.0], 'StartTimes': [1510754546.0], 'SubmitTimes': [1510753662.0], 'JobIds': ['15526869.0'], 'EndTimes': [], 'Restarts': 0, 'RecordedSite': False, 'State': 'running', 'ResidentSetSize': [16948], 'TotalUserCpuTimeHistory': [0], 'SiteHistory': ['Unknown'], 'TotalSysCpuTimeHistory': [0]}, '3': {'Retries': 0, 'WallDurations': [9.0], 'StartTimes': [1510754546.0], 'SubmitTimes': [1510753673.0], 'JobIds': ['15526874.0'], 'EndTimes': [], 'Restarts': 0, 'RecordedSite': False, 'State': 'running', 'ResidentSetSize': [2244], 'TotalUserCpuTimeHistory': [0], 'SiteHistory': ['Unknown'], 'TotalSysCpuTimeHistory': [0]}, '2': {'Retries': 0, 'WallDurations': [9.0], 'StartTimes': [1510754547.0], 'SubmitTimes': [1510753661.0], 'JobIds': ['15526867.0'], 'EndTimes': [], 'Restarts': 0, 'RecordedSite': False, 'State': 'running', 'ResidentSetSize': [2100], 'TotalUserCpuTimeHistory': [0], 'SiteHistory': ['Unknown'], 'TotalSysCpuTimeHistory': [0]}, '5': {'Retries': 0, 'WallDurations': [8.0], 'StartTimes': [1510754458.0], 'SubmitTimes': [1510753659.0], 'JobIds': ['15526866.0'], 'EndTimes': [], 'Restarts': 0, 'RecordedSite': False, 'State': 'running', 'ResidentSetSize': [2620], 'TotalUserCpuTimeHistory': [0], 'SiteHistory': ['Unknown'], 'TotalSysCpuTimeHistory': [0]}, '4': {'Retries': 0, 'WallDurations': [9.0], 'StartTimes': [1510754546.0], 'SubmitTimes': [1510753671.0], 'JobIds': ['15526873.0'], 'EndTimes': [], 'Restarts': 0, 'RecordedSite': False, 'State': 'running', 'ResidentSetSize': [2624], 'TotalUserCpuTimeHistory': [0], 'SiteHistory': ['Unknown'], 'TotalSysCpuTimeHistory': [0]}, '7': {'Retries': 0, 'WallDurations': [406.0], 'StartTimes': [1510754050.0], 'SubmitTimes': [1510753678.0], 'JobIds': ['15526875.0'], 'EndTimes': [1510754456.0], 'Restarts': 0, 'RecordedSite': False, 'State': 'finished', 'ResidentSetSize': [1825840], 'TotalUserCpuTimeHistory': [263], 'SiteHistory': ['Unknown'], 'TotalSysCpuTimeHistory': [10]}, '6': {'Retries': 0, 'WallDurations': [310.0], 'StartTimes': [1510753796.0], 'SubmitTimes': [1510753669.0], 'JobIds': ['15526871.0'], 'EndTimes': [], 'Restarts': 0, 'RecordedSite': False, 'State': 'running', 'ResidentSetSize': [938720], 'TotalUserCpuTimeHistory': [0], 'SiteHistory': ['Unknown'], 'TotalSysCpuTimeHistory': [0]}}
INFO 2017-11-15 08:08:10,096: 	 Status on the scheduler:	SUBMITTED
INFO 2017-11-15 08:08:10,096: 	 
Jobs status:                    finished       14.3% (1/7)
INFO 2017-11-15 08:08:10,097: 	 				running        85.7% (6/7)
INFO 2017-11-15 08:08:10,097: 	 
No publication information (publication has been disabled in the CRAB configuration file)
INFO 2017-11-15 08:08:10,108: 	 Log file is /uscms_data/d3/samuellh/WorkingArea/TauAnalysis/CMSSW_9_3_2/src/PUAnalysis/VBFtt2017/crab/VBF67/crab_20171115_074616/crab.log
DEBUG 2017-11-15 09:20:56,135: 	 Executing command: 'status'
DEBUG 2017-11-15 09:20:56,136: 	 Found CRAB cache file /uscms/home/samuellh/.crab3
DEBUG 2017-11-15 09:20:56,143: 	 Checking credentials
DEBUG 2017-11-15 09:20:56,144: 	 Found proxy file /tmp/x509up_u52190
DEBUG 2017-11-15 09:20:56,144: 	 Getting proxy life time left
DEBUG 2017-11-15 09:20:56,247: 	 Executing : 
 command : voms-proxy-info -file /tmp/x509up_u52190 -timeleft
 output : 76427

 error: 
 retcode : 0
DEBUG 2017-11-15 09:20:56,350: 	 Executing : 
 command : voms-proxy-info -file /tmp/x509up_u52190 -actimeleft
 output : 76426

 error: 
 retcode : 0
DEBUG 2017-11-15 09:20:56,351: 	 Proxy valid for 21:13:47 hours
DEBUG 2017-11-15 09:20:56,463: 	 Executing : 
 command : openssl x509 -in ~/.globus/usercert.pem -subject -noout
 output : subject= /DC=ch/DC=cern/OU=Organic Units/OU=Users/CN=shigginb/CN=785176/CN=Sam Higginbotham

 error: 
 retcode : 0
DEBUG 2017-11-15 09:20:56,463: 	 Checking credentials
DEBUG 2017-11-15 09:20:56,463: 	 Found proxy file /tmp/x509up_u52190
DEBUG 2017-11-15 09:20:56,464: 	 Getting proxy life time left
DEBUG 2017-11-15 09:20:56,567: 	 Executing : 
 command : voms-proxy-info -file /tmp/x509up_u52190 -timeleft
 output : 76427

 error: 
 retcode : 0
DEBUG 2017-11-15 09:20:56,670: 	 Executing : 
 command : voms-proxy-info -file /tmp/x509up_u52190 -actimeleft
 output : 76426

 error: 
 retcode : 0
DEBUG 2017-11-15 09:20:56,670: 	 Proxy valid for 21:13:47 hours
DEBUG 2017-11-15 09:20:58,264: 	 Registering user credentials for server /DC=ch/DC=cern/OU=computers/CN=vocms(045|052|021|031|0118|0118a|0119|0108|0105|0109).cern.ch
DEBUG 2017-11-15 09:20:58,372: 	 Executing : 
 command : openssl x509 -in ~/.globus/usercert.pem -subject -noout
 output : subject= /DC=ch/DC=cern/OU=Organic Units/OU=Users/CN=shigginb/CN=785176/CN=Sam Higginbotham

 error: 
 retcode : 0
DEBUG 2017-11-15 09:20:58,372: 	 Getting myproxy life time left for myproxy.cern.ch
DEBUG 2017-11-15 09:20:58,372: 	 Calculating hash of /DC=ch/DC=cern/OU=Organic Units/OU=Users/CN=shigginb/CN=785176/CN=Sam Higginbotham_cmsweb.cern.ch for credential name
DEBUG 2017-11-15 09:20:59,177: 	 Executing : 
 command : myproxy-info -l 2f318c7a260d78734589f2cc772d26b8be79ec6c -s myproxy.cern.ch
 output : username: 2f318c7a260d78734589f2cc772d26b8be79ec6c
owner: /DC=ch/DC=cern/OU=Organic Units/OU=Users/CN=shigginb/CN=785176/CN=Sam Higginbotham
  renewal policy: /DC=ch/DC=cern/OU=computers/CN=vocms(045|052|021|031|0118|0118a|0119|0108|0105|0109).cern.ch
  trusted retrieval policy: /DC=ch/DC=cern/OU=computers/CN=vocms(045|052|021|031|0118|0118a|0119|0108|0105|0109).cern.ch
  timeleft: 430:02:42  (17.9 days)

 error: 
 retcode : 0
DEBUG 2017-11-15 09:20:59,179: 	 Myproxy is valid: 1548162
DEBUG 2017-11-15 09:20:59,179: 	 Command use: status
DEBUG 2017-11-15 09:20:59,179: 	 Options use: ['-d', 'crab_20171115_074616/']
DEBUG 2017-11-15 09:21:00,820: 	 CRABClient version: 3.3.1707.patch1
DEBUG 2017-11-15 09:21:00,820: 	 Instance is prod
DEBUG 2017-11-15 09:21:00,820: 	 Server base url is cmsweb.cern.ch
DEBUG 2017-11-15 09:21:00,821: 	 Command url /crabserver/prod/workflow
DEBUG 2017-11-15 09:21:02,577: 	 Got information from server oracle database: {u'result': [u'171115_134643:shigginb_crab_20171115_074616', u'None', u'SUBMITTED', u'2017-11-15 13:46:43.135477', u'None', u'2017-11-15 13:47:25.076890', u'None', u'CMSSW_9_3_2', u'slc6_amd64_gcc630', u'/VBF_RS_bulk_M3000_W05pc_14TeV-madgraph/PhaseIITDRFall17MiniAOD-PU200_93X_upgrade2023_realistic_v2-v1/MINIAODSIM', u'[]', u'[]', u'FileBased', u"{'splitOnRun': False, 'halt_job_on_file_boundaries': False, 'files_per_job': 1, 'runs': [], 'lumis': []}", u'0', u'4e198fb019d07e682a8bd09208595d4eb73bac82ae7f6e24154a54b4451cc952.tar.gz', u'https://cmsweb.cern.ch/crabcache', u'shigginb', u'/DC=ch/DC=cern/OU=Organic Units/OU=Users/CN=shigginb/CN=785176/CN=Sam Higginbotham', u'cms', u'None', u'None', u'crab_20171115_074616-00000000000000000000000000000000', u'T3_US_FNALLPC', u'https://cmsweb.cern.ch/dbs/prod/global/DBSReader', u'https://cmsweb.cern.ch/dbs/prod/phys03/DBSWriter', u'F', u'Analysis', u'{}', u'[]', u'F', u'vocms052', u'[]', u'1250', u'1', u'2000', u'10', u'None', u'http://vocms0144.cern.ch/mon/cms1359/171115_134643:shigginb_crab_20171115_074616', u'None', u'None', u'[]', u'[]', u'[]', u'pythia', u'[]', u"['analysis.root']", u'[]', u'https://cmsweb.cern.ch/crabserver/prod', u'None', u'0', u'cmssrv221.fnal.gov:9620', u'crab3@vocms0144.cern.ch', u'F', u'[]', u'T', u'/store/user/shigginb/', u'F', u'None', u'F', u'F', u'F', u'None', u'VBF_RS_bulk_M3000_W05pc_14TeV-madgraph', u'filetransfers', u'SUBMIT', u'15526840', u'31221d8c5031331125e4b9ebd6cfb8238369b7011e4af9ad9ce0a3dd80dd3a2a.tar.gz', u'131.225.190.56', u'F', u'None'], u'desc': {u'columns': [u'tm_taskname', u'panda_jobset_id', u'tm_task_status', u'tm_start_time', u'tm_start_injection', u'tm_end_injection', u'tm_task_failure', u'tm_job_sw', u'tm_job_arch', u'tm_input_dataset', u'tm_site_whitelist', u'tm_site_blacklist', u'tm_split_algo', u'tm_split_args', u'tm_totalunits', u'tm_user_sandbox', u'tm_cache_url', u'tm_username', u'tm_user_dn', u'tm_user_vo', u'tm_user_role', u'tm_user_group', u'tm_publish_name', u'tm_asyncdest', u'tm_dbs_url', u'tm_publish_dbs_url', u'tm_publication', u'tm_job_type', u'tm_arguments', u'panda_resubmitted_jobs', u'tm_save_logs', u'tw_name', u'tm_user_infiles', u'tm_maxjobruntime', u'tm_numcores', u'tm_maxmemory', u'tm_priority', u'tm_output_dataset', u'tm_user_webdir', u'tm_activity', u'tm_scriptexe', u'tm_scriptargs', u'tm_extrajdl', u'tm_task_warnings', u'tm_generator', u'tm_outfiles', u'tm_tfile_outfiles', u'tm_edm_outfiles', u'tm_asourl', u'tm_events_per_lumi', u'tm_use_parent', u'tm_collector', u'tm_schedd', u'tm_dry_run', u'tm_user_files', u'tm_transfer_outputs', u'tm_output_lfn', u'tm_ignore_locality', u'tm_fail_limit', u'tm_one_event_mode', u'tm_publish_groupname', u'tm_nonvalid_input_dataset', u'tm_secondary_input_dataset', u'tm_primary_dataset', u'tm_asodb', u'tm_task_command', u'clusterid', u'tm_debug_files', u'tm_submitter_ip_addr', u'tm_ignore_global_blacklist', u'tm_last_publication']}}
INFO 2017-11-15 09:21:02,578: 	 CRAB project directory:		/uscms_data/d3/samuellh/WorkingArea/TauAnalysis/CMSSW_9_3_2/src/PUAnalysis/VBFtt2017/crab/VBF67/crab_20171115_074616
INFO 2017-11-15 09:21:02,578: 	 Task name:			171115_134643:shigginb_crab_20171115_074616
INFO 2017-11-15 09:21:02,578: 	 Grid scheduler:			crab3@vocms0144.cern.ch
INFO 2017-11-15 09:21:02,578: 	 Status on the CRAB server:	SUBMITTED
INFO 2017-11-15 09:21:02,579: 	 Task URL to use for HELP:	https://cmsweb.cern.ch/crabserver/ui/task/171115_134643%3Ashigginb_crab_20171115_074616
INFO 2017-11-15 09:21:02,579: 	 Dashboard monitoring URL:	http://dashb-cms-job.cern.ch/dashboard/templates/task-analysis/#user=shigginb&refresh=0&table=Jobs&p=1&records=25&activemenu=2&status=&site=&tid=171115_134643%3Ashigginb_crab_20171115_074616
DEBUG 2017-11-15 09:21:02,579: 	 The CRAB server submitted your task to the Grid scheduler (cluster ID: 15526840)
DEBUG 2017-11-15 09:21:02,579: 	 Webdir is located at http://vocms0144.cern.ch/mon/cms1359/171115_134643:shigginb_crab_20171115_074616
DEBUG 2017-11-15 09:21:04,234: 	 Proxied webdir is located at https://cmsweb.cern.ch/scheddmon/0144/cms1359/171115_134643:shigginb_crab_20171115_074616
DEBUG 2017-11-15 09:21:04,234: 	 Retrieving 'status_cache' file from https://cmsweb.cern.ch/scheddmon/0144/cms1359/171115_134643:shigginb_crab_20171115_074616/status_cache
DEBUG 2017-11-15 09:21:06,006: 	 Got information from status cache file: {'1': {'Retries': 0, 'WallDurations': [865.0], 'StartTimes': [1510754546.0], 'SubmitTimes': [1510753662.0], 'JobIds': ['15526869.0'], 'EndTimes': [1510755411.0], 'Restarts': 0, 'RecordedSite': False, 'State': 'finished', 'ResidentSetSize': [729276], 'TotalUserCpuTimeHistory': [309], 'SiteHistory': ['Unknown'], 'TotalSysCpuTimeHistory': [10]}, '3': {'Retries': 0, 'WallDurations': [760.0], 'StartTimes': [1510754546.0], 'SubmitTimes': [1510753673.0], 'JobIds': ['15526874.0'], 'EndTimes': [1510755306.0], 'Restarts': 0, 'RecordedSite': False, 'State': 'finished', 'ResidentSetSize': [749956], 'TotalUserCpuTimeHistory': [179], 'SiteHistory': ['Unknown'], 'TotalSysCpuTimeHistory': [9]}, '2': {'Retries': 0, 'WallDurations': [992.0], 'StartTimes': [1510754547.0], 'SubmitTimes': [1510753661.0], 'JobIds': ['15526867.0'], 'EndTimes': [1510755539.0], 'Restarts': 0, 'RecordedSite': False, 'State': 'finished', 'ResidentSetSize': [740204], 'TotalUserCpuTimeHistory': [161], 'SiteHistory': ['Unknown'], 'TotalSysCpuTimeHistory': [11]}, '5': {'Retries': 0, 'WallDurations': [2306.0], 'StartTimes': [1510754458.0], 'SubmitTimes': [1510753659.0], 'JobIds': ['15526866.0'], 'EndTimes': [1510756764.0], 'Restarts': 0, 'RecordedSite': False, 'State': 'finished', 'ResidentSetSize': [1878296], 'TotalUserCpuTimeHistory': [1086], 'SiteHistory': ['Unknown'], 'TotalSysCpuTimeHistory': [23]}, '4': {'Retries': 0, 'WallDurations': [1406.0], 'StartTimes': [1510754546.0], 'SubmitTimes': [1510753671.0], 'JobIds': ['15526873.0'], 'EndTimes': [1510755952.0], 'Restarts': 0, 'RecordedSite': False, 'State': 'finished', 'ResidentSetSize': [1784552], 'TotalUserCpuTimeHistory': [326], 'SiteHistory': ['Unknown'], 'TotalSysCpuTimeHistory': [19]}, '7': {'Retries': 0, 'WallDurations': [406.0], 'StartTimes': [1510754050.0], 'SubmitTimes': [1510753678.0], 'JobIds': ['15526875.0'], 'EndTimes': [1510754456.0], 'Restarts': 0, 'RecordedSite': False, 'State': 'finished', 'ResidentSetSize': [1825840], 'TotalUserCpuTimeHistory': [263], 'SiteHistory': ['Unknown'], 'TotalSysCpuTimeHistory': [10]}, '6': {'Retries': 0, 'WallDurations': [2690.0], 'StartTimes': [1510753796.0], 'SubmitTimes': [1510753669.0], 'JobIds': ['15526871.0'], 'EndTimes': [1510756486.0], 'Restarts': 0, 'RecordedSite': False, 'State': 'finished', 'ResidentSetSize': [1938084], 'TotalUserCpuTimeHistory': [1479], 'SiteHistory': ['Unknown'], 'TotalSysCpuTimeHistory': [24]}}
INFO 2017-11-15 09:21:06,006: 	 Status on the scheduler:	COMPLETED
INFO 2017-11-15 09:21:06,006: 	 
Jobs status:                    finished      100.0% (7/7)
INFO 2017-11-15 09:21:06,006: 	 
No publication information (publication has been disabled in the CRAB configuration file)
INFO 2017-11-15 09:21:06,013: 	 Log file is /uscms_data/d3/samuellh/WorkingArea/TauAnalysis/CMSSW_9_3_2/src/PUAnalysis/VBFtt2017/crab/VBF67/crab_20171115_074616/crab.log
