# Conditions read from  CMS_CONDITIONS  via FrontierProd 
 ################################################################### 
 # WARNING: this module is deprecated.                             # 
 # Please use CondCore.CondDB.CondDB_cfi.py                        # 
 ################################################################### 
recorrecting the jets
List Of Filters
['processedEvents', 'initialEventsTT', 'AtLeastOneDiMuon', 'DiMuonCreation', 'AtLeastOneDiTau', 'TTTauPtEta', 'TTTauDecayFound', 'TTTauStandardDecayFound', 'TTTauDRSel', 'TTSync', 'TTAntiEle', 'TTAntiMu', 'TTIso', 'TTOS']
DEBUG 2018-02-23 15:30:53,074: 	 Executing command: 'submit'
DEBUG 2018-02-23 15:30:53,075: 	 Found CRAB cache file /uscms/home/samuellh/.crab3
DEBUG 2018-02-23 15:30:53,084: 	 Checking credentials
DEBUG 2018-02-23 15:30:53,084: 	 Found proxy file /tmp/x509up_u52190
DEBUG 2018-02-23 15:30:53,085: 	 Getting proxy life time left
DEBUG 2018-02-23 15:30:53,188: 	 Executing : 
 command : voms-proxy-info -file /tmp/x509up_u52190 -timeleft
 output : 38809

 error: 
 retcode : 0
DEBUG 2018-02-23 15:30:53,291: 	 Executing : 
 command : voms-proxy-info -file /tmp/x509up_u52190 -actimeleft
 output : 38808

 error: 
 retcode : 0
DEBUG 2018-02-23 15:30:53,292: 	 Proxy valid for 10:46:49 hours
INFO 2018-02-23 15:30:53,292: 	 Will use CRAB configuration file crab3_cp_mc.py
DEBUG 2018-02-23 15:30:53,292: 	 Loading CRAB configuration file.
DEBUG 2018-02-23 15:30:53,305: 	 Will use CRAB Analysis plugin (i.e. will run an analysis job type).
DEBUG 2018-02-23 15:30:53,425: 	 Executing : 
 command : openssl x509 -in ~/.globus/usercert.pem -subject -noout
 output : subject= /DC=ch/DC=cern/OU=Organic Units/OU=Users/CN=shigginb/CN=785176/CN=Sam Higginbotham

 error: 
 retcode : 0
DEBUG 2018-02-23 15:30:53,425: 	 Checking credentials
DEBUG 2018-02-23 15:30:53,425: 	 Found proxy file /tmp/x509up_u52190
DEBUG 2018-02-23 15:30:53,425: 	 Getting proxy life time left
DEBUG 2018-02-23 15:30:53,529: 	 Executing : 
 command : voms-proxy-info -file /tmp/x509up_u52190 -timeleft
 output : 38809

 error: 
 retcode : 0
DEBUG 2018-02-23 15:30:53,632: 	 Executing : 
 command : voms-proxy-info -file /tmp/x509up_u52190 -actimeleft
 output : 38808

 error: 
 retcode : 0
DEBUG 2018-02-23 15:30:53,633: 	 Proxy valid for 10:46:49 hours
DEBUG 2018-02-23 15:30:53,736: 	 Executing : 
 command : env X509_USER_PROXY=/tmp/x509up_u52190 voms-proxy-info -fqan
 output : /cms/Role=NULL/Capability=NULL

 error: 
 retcode : 0
DEBUG 2018-02-23 15:30:55,047: 	 Registering user credentials for server /DC=ch/DC=cern/OU=computers/CN=vocms(045|052|021|031|0118|0118a|0119|0108|0105|0109).cern.ch
DEBUG 2018-02-23 15:30:55,156: 	 Executing : 
 command : openssl x509 -in ~/.globus/usercert.pem -subject -noout
 output : subject= /DC=ch/DC=cern/OU=Organic Units/OU=Users/CN=shigginb/CN=785176/CN=Sam Higginbotham

 error: 
 retcode : 0
DEBUG 2018-02-23 15:30:55,156: 	 Getting myproxy life time left for myproxy.cern.ch
DEBUG 2018-02-23 15:30:55,156: 	 Calculating hash of /DC=ch/DC=cern/OU=Organic Units/OU=Users/CN=shigginb/CN=785176/CN=Sam Higginbotham_cmsweb.cern.ch for credential name
DEBUG 2018-02-23 15:30:55,961: 	 Executing : 
 command : myproxy-info -l 2f318c7a260d78734589f2cc772d26b8be79ec6c -s myproxy.cern.ch
 output : username: 2f318c7a260d78734589f2cc772d26b8be79ec6c
owner: /DC=ch/DC=cern/OU=Organic Units/OU=Users/CN=shigginb/CN=785176/CN=Sam Higginbotham
  renewal policy: /DC=ch/DC=cern/OU=computers/CN=vocms(045|052|021|031|0118|0118a|0119|0108|0105|0109).cern.ch
  trusted retrieval policy: /DC=ch/DC=cern/OU=computers/CN=vocms(045|052|021|031|0118|0118a|0119|0108|0105|0109).cern.ch
  timeleft: 478:36:30  (19.9 days)

 error: 
 retcode : 0
DEBUG 2018-02-23 15:30:55,963: 	 Myproxy is valid: 1722990
DEBUG 2018-02-23 15:30:55,963: 	 Command use: submit
DEBUG 2018-02-23 15:30:55,963: 	 Options use: ['-c', 'crab3_cp_mc.py']
DEBUG 2018-02-23 15:30:57,281: 	 CRABClient version: 3.3.1802
DEBUG 2018-02-23 15:30:57,281: 	 Instance is prod
DEBUG 2018-02-23 15:30:57,281: 	 Server base url is cmsweb.cern.ch
DEBUG 2018-02-23 15:30:57,281: 	 Command url /crabserver/prod/workflow
DEBUG 2018-02-23 15:30:57,281: 	 Started submission
DEBUG 2018-02-23 15:30:57,281: 	 Working on /uscms_data/d3/samuellh/WorkingArea/CpHiggs/CMSSW_8_0_21/src/PUAnalysis/CrabTools/crab/VBFHiggs0M_M/CP_Higgs_2016/crab_20180223_153053
DEBUG 2018-02-23 15:30:58,685: 	 Loading required information from the environment
DEBUG 2018-02-23 15:30:58,685: 	 Found CMSSW_8_0_21 for slc6_amd64_gcc530 with base /uscms_data/d3/samuellh/WorkingArea/CpHiggs/CMSSW_8_0_21
DEBUG 2018-02-23 15:30:58,685: 	 Loading required information from the environment
DEBUG 2018-02-23 15:30:58,685: 	 Found CMSSW_8_0_21 for slc6_amd64_gcc530 with base /uscms_data/d3/samuellh/WorkingArea/CpHiggs/CMSSW_8_0_21
DEBUG 2018-02-23 15:30:58,698: 	 UNIQUE NAME: tarUUID 435b7cec-0860-4ca8-b932-b6e2abb5f336 
DEBUG 2018-02-23 15:30:58,699: 	 self.config: from WMCore.Configuration import Configuration
config = Configuration()
config.section_('General')
config.General.workArea = 'CP_Higgs_2016'
config.General.requestName = ''
config.section_('JobType')
config.JobType.psetName = '../../../cp-mc.py'
config.JobType.pluginName = 'Analysis'
config.JobType.inputFiles = ['../../../Configuration/data/Summer16_23Sep2016V4_MC.db']
config.JobType.outputFiles = ['analysis.root']
config.JobType.allowUndistributedCMSSW = True
config.section_('Data')
config.Data.inputDataset = '/VBFHiggs0M_M-125_13TeV-JHUGenV6/RunIISummer16MiniAODv2-PUMoriond17_80X_mcRun2_asymptotic_2016_TrancheIV_v6-v1/MINIAODSIM'
config.Data.unitsPerJob = 1
config.Data.publication = False
config.Data.inputDBS = 'global'
config.Data.splitting = 'FileBased'
config.section_('Site')
config.Site.storageSite = 'T3_US_FNALLPC'
config.section_('User')
config.section_('Debug')

DEBUG 2018-02-23 15:30:58,699: 	 self.config.JobType.psetName: ../../../cp-mc.py
INFO 2018-02-23 15:30:58,699: 	 Importing CMSSW configuration ../../../cp-mc.py
INFO 2018-02-23 15:31:02,157: 	 Finished importing CMSSW configuration ../../../cp-mc.py
DEBUG 2018-02-23 15:31:02,158: 	 Writing CMSSW configuration to /uscms_data/d3/samuellh/WorkingArea/CpHiggs/CMSSW_8_0_21/src/PUAnalysis/CrabTools/crab/VBFHiggs0M_M/CP_Higgs_2016/crab_20180223_153053/inputs/PSet.py
DEBUG 2018-02-23 15:31:05,186: 	 The following EDM output files will be collected: []
DEBUG 2018-02-23 15:31:05,187: 	 The following TFile output files will be collected: ['analysis.root']
DEBUG 2018-02-23 15:31:05,187: 	 The following user output files will be collected: []
DEBUG 2018-02-23 15:31:05,187: 	 Loading required information from the environment
DEBUG 2018-02-23 15:31:05,187: 	 Found CMSSW_8_0_21 for slc6_amd64_gcc530 with base /uscms_data/d3/samuellh/WorkingArea/CpHiggs/CMSSW_8_0_21
DEBUG 2018-02-23 15:31:05,187: 	 Making tarball in /uscms_data/d3/samuellh/WorkingArea/CpHiggs/CMSSW_8_0_21/src/PUAnalysis/CrabTools/crab/VBFHiggs0M_M/CP_Higgs_2016/crab_20180223_153053/inputs/435b7cec-0860-4ca8-b932-b6e2abb5f336default.tgz
DEBUG 2018-02-23 15:31:05,261: 	 Checking directory /uscms_data/d3/samuellh/WorkingArea/CpHiggs/CMSSW_8_0_21/lib
DEBUG 2018-02-23 15:31:05,261: 	 Adding directory /uscms_data/d3/samuellh/WorkingArea/CpHiggs/CMSSW_8_0_21/lib to tarball
DEBUG 2018-02-23 15:31:15,184: 	 Checking directory /uscms_data/d3/samuellh/WorkingArea/CpHiggs/CMSSW_8_0_21/biglib
DEBUG 2018-02-23 15:31:15,185: 	 Adding directory /uscms_data/d3/samuellh/WorkingArea/CpHiggs/CMSSW_8_0_21/biglib to tarball
DEBUG 2018-02-23 15:31:15,186: 	 Checking directory /uscms_data/d3/samuellh/WorkingArea/CpHiggs/CMSSW_8_0_21/module
DEBUG 2018-02-23 15:31:15,556: 	 Adding data directory /uscms_data/d3/samuellh/WorkingArea/CpHiggs/CMSSW_8_0_21/src/PUAnalysis/Configuration/data to tarball
DEBUG 2018-02-23 15:31:18,788: 	 Adding data directory /uscms_data/d3/samuellh/WorkingArea/CpHiggs/CMSSW_8_0_21/src/PUAnalysis/DataFormats/interface to tarball
DEBUG 2018-02-23 15:31:18,797: 	 Adding data directory /uscms_data/d3/samuellh/WorkingArea/CpHiggs/CMSSW_8_0_21/src/PUAnalysis/NtupleTools/interface to tarball
DEBUG 2018-02-23 15:31:18,813: 	 Adding data directory /uscms_data/d3/samuellh/WorkingArea/CpHiggs/CMSSW_8_0_21/src/PUAnalysis/RecoTools/interface to tarball
DEBUG 2018-02-23 15:31:18,847: 	 Adding data directory /uscms_data/d3/samuellh/WorkingArea/CpHiggs/CMSSW_8_0_21/src/PUAnalysis/StatTools/ROOT/interface to tarball
DEBUG 2018-02-23 15:31:18,853: 	 Adding data directory /uscms_data/d3/samuellh/WorkingArea/CpHiggs/CMSSW_8_0_21/src/PUAnalysis/StatTools/data to tarball
DEBUG 2018-02-23 15:31:18,859: 	 Adding data directory /uscms_data/d3/samuellh/WorkingArea/CpHiggs/CMSSW_8_0_21/src/PUAnalysis/StatTools/interface to tarball
DEBUG 2018-02-23 15:31:19,145: 	 Adding data directory /uscms_data/d3/samuellh/WorkingArea/CpHiggs/CMSSW_8_0_21/src/ZZMatrixElement/MEKD/interface to tarball
DEBUG 2018-02-23 15:31:19,227: 	 Adding data directory /uscms_data/d3/samuellh/WorkingArea/CpHiggs/CMSSW_8_0_21/src/ZZMatrixElement/MELA/data to tarball
DEBUG 2018-02-23 15:31:44,440: 	 Adding data directory /uscms_data/d3/samuellh/WorkingArea/CpHiggs/CMSSW_8_0_21/src/ZZMatrixElement/MELA/interface to tarball
DEBUG 2018-02-23 15:31:44,595: 	 Adding data directory /uscms_data/d3/samuellh/WorkingArea/CpHiggs/CMSSW_8_0_21/src/ZZMatrixElement/MEMCalculators/interface to tarball
DEBUG 2018-02-23 15:31:44,601: 	 Adding data directory /uscms_data/d3/samuellh/WorkingArea/CpHiggs/CMSSW_8_0_21/src/ZZMatrixElement/PythonWrapper/interface to tarball
DEBUG 2018-02-23 15:31:44,618: 	 Adding data directory /uscms_data/d3/samuellh/WorkingArea/CpHiggs/CMSSW_8_0_21/src/TauAnalysis/SVfitStandalone/data to tarball
DEBUG 2018-02-23 15:31:44,627: 	 Adding data directory /uscms_data/d3/samuellh/WorkingArea/CpHiggs/CMSSW_8_0_21/src/TauAnalysis/SVfitStandalone/interface to tarball
DEBUG 2018-02-23 15:31:44,642: 	 Adding data directory /uscms_data/d3/samuellh/WorkingArea/CpHiggs/CMSSW_8_0_21/src/DataFormats/CTPPSReco/interface to tarball
DEBUG 2018-02-23 15:31:44,648: 	 Adding file ../../../Configuration/data/Summer16_23Sep2016V4_MC.db to tarball
DEBUG 2018-02-23 15:31:45,256: 	 Uploading archive /uscms_data/d3/samuellh/WorkingArea/CpHiggs/CMSSW_8_0_21/src/PUAnalysis/CrabTools/crab/VBFHiggs0M_M/CP_Higgs_2016/crab_20180223_153053/inputs/435b7cec-0860-4ca8-b932-b6e2abb5f336default.tgz (63 MB) to the CRAB cache. Using URI https://cmsweb.cern.ch/crabcache
DEBUG 2018-02-23 15:32:26,089: 	 Loading required information from the environment
DEBUG 2018-02-23 15:32:26,090: 	 Found CMSSW_8_0_21 for slc6_amd64_gcc530 with base /uscms_data/d3/samuellh/WorkingArea/CpHiggs/CMSSW_8_0_21
DEBUG 2018-02-23 15:32:26,090: 	 Making tarball in /uscms_data/d3/samuellh/WorkingArea/CpHiggs/CMSSW_8_0_21/src/PUAnalysis/CrabTools/crab/VBFHiggs0M_M/CP_Higgs_2016/crab_20180223_153053/inputs/debugFiles.tgz
DEBUG 2018-02-23 15:32:26,097: 	 Uploading archive /uscms_data/d3/samuellh/WorkingArea/CpHiggs/CMSSW_8_0_21/src/PUAnalysis/CrabTools/crab/VBFHiggs0M_M/CP_Higgs_2016/crab_20180223_153053/inputs/debugFiles.tgz (2 KB) to the CRAB cache. Using URI https://cmsweb.cern.ch/crabcache
DEBUG 2018-02-23 15:32:27,178: 	 Result uploading input files: 96ab15e7c14266e693aed3c1f6d4a65723f909417b130812bd0067a433ff65f9.tar.gz 
INFO 2018-02-23 15:32:27,179: 	 Sending the request to the server
DEBUG 2018-02-23 15:32:27,179: 	 Submitting {'maxjobruntime': 1250, 'extrajdl': [], 'ignorelocality': 0, 'savelogsflag': 0, 'useparent': 0, 'asyncdest': 'T3_US_FNALLPC', 'algoargs': 1, 'cachefilename': '96ab15e7c14266e693aed3c1f6d4a65723f909417b130812bd0067a433ff65f9.tar.gz', 'numcores': 1, 'addoutputfiles': [], 'generator': 'pythia', 'maxmemory': 2000, 'publishdbsurl': 'https://cmsweb.cern.ch/dbs/prod/phys03/DBSWriter', 'priority': 10, 'jobsw': 'CMSSW_8_0_21', 'edmoutfiles': [], 'userfiles': [], 'primarydataset': '', 'inputdata': '/VBFHiggs0M_M-125_13TeV-JHUGenV6/RunIISummer16MiniAODv2-PUMoriond17_80X_mcRun2_asymptotic_2016_TrancheIV_v6-v1/MINIAODSIM', 'dryrun': 0, 'workflow': 'crab_20180223_153053', 'cacheurl': u'https://cmsweb.cern.ch/crabcache', 'nonprodsw': 1, 'tfileoutfiles': ['analysis.root'], 'oneEventMode': 0, 'debugfilename': '33f88795c305e799dc1fbc8f097ff9dad99890aae8c95005b87b81a53ebd07cd.tar.gz', 'saveoutput': 1, 'publication': 0, 'jobarch': 'slc6_amd64_gcc530', 'totalunits': 0, 'splitalgo': 'FileBased', 'ignoreglobalblacklist': 0, 'nonvaliddata': 0, 'dbsurl': 'https://cmsweb.cern.ch/dbs/prod/global/DBSReader', 'publishgroupname': 0, 'jobtype': 'Analysis', 'publishname2': ''} 
DEBUG 2018-02-23 15:32:27,180: 	 Encoded submit request: maxjobruntime=1250&ignorelocality=0&savelogsflag=0&useparent=0&asyncdest=T3_US_FNALLPC&algoargs=1&cachefilename=96ab15e7c14266e693aed3c1f6d4a65723f909417b130812bd0067a433ff65f9.tar.gz&numcores=1&generator=pythia&maxmemory=2000&publishdbsurl=https%3A%2F%2Fcmsweb.cern.ch%2Fdbs%2Fprod%2Fphys03%2FDBSWriter&priority=10&jobsw=CMSSW_8_0_21&primarydataset=&inputdata=%2FVBFHiggs0M_M-125_13TeV-JHUGenV6%2FRunIISummer16MiniAODv2-PUMoriond17_80X_mcRun2_asymptotic_2016_TrancheIV_v6-v1%2FMINIAODSIM&dryrun=0&workflow=crab_20180223_153053&cacheurl=https%3A%2F%2Fcmsweb.cern.ch%2Fcrabcache&nonprodsw=1&oneEventMode=0&debugfilename=33f88795c305e799dc1fbc8f097ff9dad99890aae8c95005b87b81a53ebd07cd.tar.gz&saveoutput=1&publication=0&jobarch=slc6_amd64_gcc530&totalunits=0&splitalgo=FileBased&ignoreglobalblacklist=0&nonvaliddata=0&dbsurl=https%3A%2F%2Fcmsweb.cern.ch%2Fdbs%2Fprod%2Fglobal%2FDBSReader&publishgroupname=0&jobtype=Analysis&publishname2=&tfileoutfiles=analysis.root
DEBUG 2018-02-23 15:32:28,326: 	 Result: {u'result': [{u'RequestName': u'180223_213228:shigginb_crab_20180223_153053'}]}
INFO 2018-02-23 15:32:28,330: 	 Success: Your task has been delivered to the CRAB3 server.
INFO 2018-02-23 15:32:28,330: 	 Task name: 180223_213228:shigginb_crab_20180223_153053
INFO 2018-02-23 15:32:28,330: 	 Please use 'crab status' to check how the submission process proceeds.
DEBUG 2018-02-23 15:32:28,331: 	 About to return
INFO 2018-02-23 15:32:28,337: 	 Log file is /uscms_data/d3/samuellh/WorkingArea/CpHiggs/CMSSW_8_0_21/src/PUAnalysis/CrabTools/crab/VBFHiggs0M_M/CP_Higgs_2016/crab_20180223_153053/crab.log
DEBUG 2018-02-23 16:02:35,905: 	 Executing command: 'status'
DEBUG 2018-02-23 16:02:35,905: 	 Found CRAB cache file /uscms/home/samuellh/.crab3
DEBUG 2018-02-23 16:02:35,913: 	 Checking credentials
DEBUG 2018-02-23 16:02:35,914: 	 Found proxy file /tmp/x509up_u52190
DEBUG 2018-02-23 16:02:35,914: 	 Getting proxy life time left
DEBUG 2018-02-23 16:02:36,017: 	 Executing : 
 command : voms-proxy-info -file /tmp/x509up_u52190 -timeleft
 output : 36907

 error: 
 retcode : 0
DEBUG 2018-02-23 16:02:36,121: 	 Executing : 
 command : voms-proxy-info -file /tmp/x509up_u52190 -actimeleft
 output : 36905

 error: 
 retcode : 0
DEBUG 2018-02-23 16:02:36,121: 	 Proxy valid for 10:15:07 hours
DEBUG 2018-02-23 16:02:36,241: 	 Executing : 
 command : openssl x509 -in ~/.globus/usercert.pem -subject -noout
 output : subject= /DC=ch/DC=cern/OU=Organic Units/OU=Users/CN=shigginb/CN=785176/CN=Sam Higginbotham

 error: 
 retcode : 0
DEBUG 2018-02-23 16:02:36,241: 	 Checking credentials
DEBUG 2018-02-23 16:02:36,241: 	 Found proxy file /tmp/x509up_u52190
DEBUG 2018-02-23 16:02:36,241: 	 Getting proxy life time left
DEBUG 2018-02-23 16:02:36,345: 	 Executing : 
 command : voms-proxy-info -file /tmp/x509up_u52190 -timeleft
 output : 36906

 error: 
 retcode : 0
DEBUG 2018-02-23 16:02:36,448: 	 Executing : 
 command : voms-proxy-info -file /tmp/x509up_u52190 -actimeleft
 output : 36905

 error: 
 retcode : 0
DEBUG 2018-02-23 16:02:36,448: 	 Proxy valid for 10:15:06 hours
DEBUG 2018-02-23 16:02:37,351: 	 Registering user credentials for server /DC=ch/DC=cern/OU=computers/CN=vocms(045|052|021|031|0118|0118a|0119|0108|0105|0109).cern.ch
DEBUG 2018-02-23 16:02:37,460: 	 Executing : 
 command : openssl x509 -in ~/.globus/usercert.pem -subject -noout
 output : subject= /DC=ch/DC=cern/OU=Organic Units/OU=Users/CN=shigginb/CN=785176/CN=Sam Higginbotham

 error: 
 retcode : 0
DEBUG 2018-02-23 16:02:37,460: 	 Getting myproxy life time left for myproxy.cern.ch
DEBUG 2018-02-23 16:02:37,460: 	 Calculating hash of /DC=ch/DC=cern/OU=Organic Units/OU=Users/CN=shigginb/CN=785176/CN=Sam Higginbotham_cmsweb.cern.ch for credential name
DEBUG 2018-02-23 16:02:38,165: 	 Executing : 
 command : myproxy-info -l 2f318c7a260d78734589f2cc772d26b8be79ec6c -s myproxy.cern.ch
 output : username: 2f318c7a260d78734589f2cc772d26b8be79ec6c
owner: /DC=ch/DC=cern/OU=Organic Units/OU=Users/CN=shigginb/CN=785176/CN=Sam Higginbotham
  renewal policy: /DC=ch/DC=cern/OU=computers/CN=vocms(045|052|021|031|0118|0118a|0119|0108|0105|0109).cern.ch
  trusted retrieval policy: /DC=ch/DC=cern/OU=computers/CN=vocms(045|052|021|031|0118|0118a|0119|0108|0105|0109).cern.ch
  timeleft: 478:04:47  (19.9 days)

 error: 
 retcode : 0
DEBUG 2018-02-23 16:02:38,167: 	 Myproxy is valid: 1721087
DEBUG 2018-02-23 16:02:38,167: 	 Command use: status
DEBUG 2018-02-23 16:02:38,167: 	 Options use: ['-d', 'CP_Higgs_2016/crab_20180223_153053']
DEBUG 2018-02-23 16:02:39,275: 	 CRABClient version: 3.3.1802
DEBUG 2018-02-23 16:02:39,275: 	 Instance is prod
DEBUG 2018-02-23 16:02:39,275: 	 Server base url is cmsweb.cern.ch
DEBUG 2018-02-23 16:02:39,275: 	 Command url /crabserver/prod/workflow
DEBUG 2018-02-23 16:02:40,145: 	 Got information from server oracle database: {u'result': [u'180223_213228:shigginb_crab_20180223_153053', u'None', u'None', u'SUBMITTED', u'SUBMIT', u'2018-02-23 21:32:28.247229', u'None', u'2018-02-23 21:33:12.147373', u'None', u'CMSSW_8_0_21', u'slc6_amd64_gcc530', u'/VBFHiggs0M_M-125_13TeV-JHUGenV6/RunIISummer16MiniAODv2-PUMoriond17_80X_mcRun2_asymptotic_2016_TrancheIV_v6-v1/MINIAODSIM', u'F', u'0', u'[]', u'[]', u'FileBased', u"{'splitOnRun': False, 'halt_job_on_file_boundaries': False, 'files_per_job': 1, 'runs': [], 'lumis': []}", u'0', u'96ab15e7c14266e693aed3c1f6d4a65723f909417b130812bd0067a433ff65f9.tar.gz', u'https://cmsweb.cern.ch/crabcache', u'shigginb', u'/DC=ch/DC=cern/OU=Organic Units/OU=Users/CN=shigginb/CN=785176/CN=Sam Higginbotham', u'cms', u'None', u'None', u'crab_20180223_153053-00000000000000000000000000000000', u'F', u'T3_US_FNALLPC', u'https://cmsweb.cern.ch/dbs/prod/global/DBSReader', u'https://cmsweb.cern.ch/dbs/prod/phys03/DBSWriter', u'F', u'[]', u"['analysis.root']", u'[]', u'Analysis', u'pythia', u'None', u'{}', u'[]', u'F', u'vocms052', u'[]', u'1250', u'1', u'2000', u'10', u'None', u'[]', u'http://vocms0107.cern.ch/mon/cms1359/180223_213228:shigginb_crab_20180223_153053', u'None', u'[]', u'[]', u'https://cmsweb.cern.ch/crabserver/prod', u'cmsgwms-collector-global.cern.ch:9620,cmssrv221.fnal.gov:9620', u'crab3@vocms0107.cern.ch', u'F', u'[]', u'T', u'/store/user/shigginb/', u'F', u'None', u'F', u'None', u'VBFHiggs0M_M-125_13TeV-JHUGenV6', u'None', u'33f88795c305e799dc1fbc8f097ff9dad99890aae8c95005b87b81a53ebd07cd.tar.gz', u'19604083', u'filetransfers', u'F', u'131.225.189.130'], u'desc': {u'columns': [u'tm_taskname', u'tm_activity', u'panda_jobset_id', u'tm_task_status', u'tm_task_command', u'tm_start_time', u'tm_start_injection', u'tm_end_injection', u'tm_task_failure', u'tm_job_sw', u'tm_job_arch', u'tm_input_dataset', u'tm_nonvalid_input_dataset', u'tm_use_parent', u'tm_site_whitelist', u'tm_site_blacklist', u'tm_split_algo', u'tm_split_args', u'tm_totalunits', u'tm_user_sandbox', u'tm_cache_url', u'tm_username', u'tm_user_dn', u'tm_user_vo', u'tm_user_role', u'tm_user_group', u'tm_publish_name', u'tm_publish_groupname', u'tm_asyncdest', u'tm_dbs_url', u'tm_publish_dbs_url', u'tm_publication', u'tm_outfiles', u'tm_tfile_outfiles', u'tm_edm_outfiles', u'tm_job_type', u'tm_generator', u'tm_events_per_lumi', u'tm_arguments', u'panda_resubmitted_jobs', u'tm_save_logs', u'tw_name', u'tm_user_infiles', u'tm_maxjobruntime', u'tm_numcores', u'tm_maxmemory', u'tm_priority', u'tm_output_dataset', u'tm_task_warnings', u'tm_user_webdir', u'tm_scriptexe', u'tm_scriptargs', u'tm_extrajdl', u'tm_asourl', u'tm_collector', u'tm_schedd', u'tm_dry_run', u'tm_user_files', u'tm_transfer_outputs', u'tm_output_lfn', u'tm_ignore_locality', u'tm_fail_limit', u'tm_one_event_mode', u'tm_secondary_input_dataset', u'tm_primary_dataset', u'tm_last_publication', u'tm_debug_files', u'clusterid', u'tm_asodb', u'tm_ignore_global_blacklist', u'tm_submitter_ip_addr']}}
INFO 2018-02-23 16:02:40,145: 	 CRAB project directory:		/uscms_data/d3/samuellh/WorkingArea/CpHiggs/CMSSW_8_0_21/src/PUAnalysis/CrabTools/crab/VBFHiggs0M_M/CP_Higgs_2016/crab_20180223_153053
INFO 2018-02-23 16:02:40,145: 	 Task name:			180223_213228:shigginb_crab_20180223_153053
INFO 2018-02-23 16:02:40,145: 	 Grid scheduler:			crab3@vocms0107.cern.ch
INFO 2018-02-23 16:02:40,145: 	 Status on the CRAB server:	SUBMITTED
INFO 2018-02-23 16:02:40,145: 	 Task URL to use for HELP:	https://cmsweb.cern.ch/crabserver/ui/task/180223_213228%3Ashigginb_crab_20180223_153053
INFO 2018-02-23 16:02:40,146: 	 Dashboard monitoring URL:	http://dashb-cms-job.cern.ch/dashboard/templates/task-analysis/#user=shigginb&refresh=0&table=Jobs&p=1&records=25&activemenu=2&status=&site=&tid=180223_213228%3Ashigginb_crab_20180223_153053
DEBUG 2018-02-23 16:02:40,146: 	 The CRAB server submitted your task to the Grid scheduler (cluster ID: 19604083)
DEBUG 2018-02-23 16:02:40,146: 	 Webdir is located at http://vocms0107.cern.ch/mon/cms1359/180223_213228:shigginb_crab_20180223_153053
DEBUG 2018-02-23 16:02:41,280: 	 Proxied webdir is located at https://cmsweb.cern.ch/scheddmon/0107/cms1359/180223_213228:shigginb_crab_20180223_153053
DEBUG 2018-02-23 16:02:41,281: 	 Retrieving 'status_cache' file from https://cmsweb.cern.ch/scheddmon/0107/cms1359/180223_213228:shigginb_crab_20180223_153053/status_cache
DEBUG 2018-02-23 16:02:42,267: 	 Got information from status cache file: {'24': {'Retries': 1, 'WallDurations': [8.0, 287.0, 611.0], 'StartTimes': [1519421943.0, 1519422444.0], 'SubmitTimes': [1519421619.0, 1519422299.0], 'JobIds': ['19604179.0', '19604530.0'], 'EndTimes': [1519422230.0], 'Restarts': 0, 'RecordedSite': True, 'State': 'running', 'ResidentSetSize': [2584, 1359120], 'TotalUserCpuTimeHistory': [96, 471.0], 'SiteHistory': ['Unknown', 'T2_US_UCSD', 'T2_US_Wisconsin'], 'TotalSysCpuTimeHistory': [12, 68.0]}, '25': {'Retries': 0, 'WallDurations': [9.0, 867.0], 'StartTimes': [1519421912.0], 'SubmitTimes': [1519421619.0], 'JobIds': ['19604182.0'], 'EndTimes': [1519422779.0], 'Restarts': 0, 'RecordedSite': True, 'State': 'transferring', 'ResidentSetSize': [1206596], 'TotalUserCpuTimeHistory': [432], 'SiteHistory': ['Unknown', 'T2_US_UCSD'], 'TotalSysCpuTimeHistory': [53]}, '26': {'Retries': 0, 'WallDurations': [9.0, 1212.0], 'StartTimes': [1519421917.0], 'SubmitTimes': [1519421619.0], 'JobIds': ['19604185.0'], 'EndTimes': [], 'Restarts': 0, 'RecordedSite': True, 'State': 'running', 'ResidentSetSize': [1234724], 'TotalUserCpuTimeHistory': [732.0], 'SiteHistory': ['Unknown', 'T2_US_UCSD'], 'TotalSysCpuTimeHistory': [90.0]}, '27': {'Retries': 0, 'WallDurations': [9.0, 911.0], 'StartTimes': [1519422191.0], 'SubmitTimes': [1519421620.0], 'JobIds': ['19604188.0'], 'EndTimes': [], 'Restarts': 0, 'RecordedSite': True, 'State': 'running', 'ResidentSetSize': [1374528], 'TotalUserCpuTimeHistory': [547.0], 'SiteHistory': ['Unknown', 'T2_KR_KISTI'], 'TotalSysCpuTimeHistory': [23.0]}, '20': {'Retries': 0, 'WallDurations': [10.0, 1140.0], 'StartTimes': [1519421921.0], 'SubmitTimes': [1519421613.0], 'JobIds': ['19604160.0'], 'EndTimes': [1519423061.0], 'Restarts': 0, 'RecordedSite': True, 'State': 'transferring', 'ResidentSetSize': [1352408], 'TotalUserCpuTimeHistory': [705], 'SiteHistory': ['Unknown', 'T2_US_UCSD'], 'TotalSysCpuTimeHistory': [72]}, '21': {'Retries': 0, 'WallDurations': [9.0, 911.0], 'StartTimes': [1519422183.0], 'SubmitTimes': [1519421620.0], 'JobIds': ['19604199.0'], 'EndTimes': [], 'Restarts': 0, 'RecordedSite': True, 'State': 'running', 'ResidentSetSize': [1343020], 'TotalUserCpuTimeHistory': [564.0], 'SiteHistory': ['Unknown', 'T2_KR_KISTI'], 'TotalSysCpuTimeHistory': [24.0]}, '22': {'Retries': 0, 'WallDurations': [8.0, 966.0], 'StartTimes': [1519422186.0], 'SubmitTimes': [1519421619.0], 'JobIds': ['19604173.0'], 'EndTimes': [1519423152.0], 'Restarts': 0, 'RecordedSite': True, 'State': 'transferring', 'ResidentSetSize': [1349040], 'TotalUserCpuTimeHistory': [594], 'SiteHistory': ['Unknown', 'T2_KR_KISTI'], 'TotalSysCpuTimeHistory': [25]}, '23': {'Retries': 0, 'WallDurations': [8.0, 790.0], 'StartTimes': [1519421929.0], 'SubmitTimes': [1519421619.0], 'JobIds': ['19604176.0'], 'EndTimes': [1519422719.0], 'Restarts': 0, 'RecordedSite': True, 'State': 'transferring', 'ResidentSetSize': [1355324], 'TotalUserCpuTimeHistory': [511], 'SiteHistory': ['Unknown', 'T2_US_UCSD'], 'TotalSysCpuTimeHistory': [64]}, '28': {'Retries': 0, 'WallDurations': [8.0, 774.0], 'StartTimes': [1519422184.0], 'SubmitTimes': [1519421620.0], 'JobIds': ['19604191.0'], 'EndTimes': [1519422958.0], 'Restarts': 0, 'RecordedSite': True, 'State': 'transferring', 'ResidentSetSize': [1327564], 'TotalUserCpuTimeHistory': [390], 'SiteHistory': ['Unknown', 'T2_KR_KISTI'], 'TotalSysCpuTimeHistory': [20]}, '29': {'Retries': 0, 'WallDurations': [9.0, 720.0], 'StartTimes': [1519422183.0], 'SubmitTimes': [1519421620.0], 'JobIds': ['19604193.0'], 'EndTimes': [1519422903.0], 'Restarts': 0, 'RecordedSite': True, 'State': 'transferring', 'ResidentSetSize': [1327000], 'TotalUserCpuTimeHistory': [348], 'SiteHistory': ['Unknown', 'T2_KR_KISTI'], 'TotalSysCpuTimeHistory': [20]}, '1': {'Retries': 0, 'WallDurations': [9.0, 912.0], 'StartTimes': [1519422188.0], 'SubmitTimes': [1519421609.0], 'JobIds': ['19604119.0'], 'EndTimes': [], 'Restarts': 0, 'RecordedSite': True, 'State': 'running', 'ResidentSetSize': [1383564], 'TotalUserCpuTimeHistory': [503.0], 'SiteHistory': ['Unknown', 'T2_KR_KISTI'], 'TotalSysCpuTimeHistory': [21.0]}, '3': {'Retries': 0, 'WallDurations': [8.0, 911.0], 'StartTimes': [1519422187.0], 'SubmitTimes': [1519421610.0], 'JobIds': ['19604123.0'], 'EndTimes': [], 'Restarts': 0, 'RecordedSite': True, 'State': 'running', 'ResidentSetSize': [1359032], 'TotalUserCpuTimeHistory': [566.0], 'SiteHistory': ['Unknown', 'T2_KR_KISTI'], 'TotalSysCpuTimeHistory': [25.0]}, '2': {'Retries': 0, 'WallDurations': [8.0, 609.0], 'StartTimes': [1519422186.0], 'SubmitTimes': [1519421610.0], 'JobIds': ['19604121.0'], 'EndTimes': [], 'Restarts': 0, 'RecordedSite': True, 'State': 'running', 'ResidentSetSize': [1342920], 'TotalUserCpuTimeHistory': [253.0], 'SiteHistory': ['Unknown', 'T2_KR_KISTI'], 'TotalSysCpuTimeHistory': [17.0]}, '5': {'Retries': 0, 'WallDurations': [9.0, 611.0], 'StartTimes': [1519422188.0], 'SubmitTimes': [1519421610.0], 'JobIds': ['19604130.0'], 'EndTimes': [], 'Restarts': 0, 'RecordedSite': True, 'State': 'running', 'ResidentSetSize': [1357620], 'TotalUserCpuTimeHistory': [255.0], 'SiteHistory': ['Unknown', 'T2_KR_KISTI'], 'TotalSysCpuTimeHistory': [16.0]}, '4': {'Retries': 0, 'WallDurations': [10.0, 596.0], 'StartTimes': [1519422198.0], 'SubmitTimes': [1519421610.0], 'JobIds': ['19604127.0'], 'EndTimes': [1519422794.0], 'Restarts': 0, 'RecordedSite': True, 'State': 'transferring', 'ResidentSetSize': [1067752], 'TotalUserCpuTimeHistory': [185], 'SiteHistory': ['Unknown', 'T2_CN_Beijing'], 'TotalSysCpuTimeHistory': [19]}, '7': {'Retries': 0, 'WallDurations': [9.0, 1212.0], 'StartTimes': [1519421910.0], 'SubmitTimes': [1519421610.0], 'JobIds': ['19604133.0'], 'EndTimes': [], 'Restarts': 0, 'RecordedSite': True, 'State': 'running', 'ResidentSetSize': [1244688], 'TotalUserCpuTimeHistory': [853.0], 'SiteHistory': ['Unknown', 'T2_US_UCSD'], 'TotalSysCpuTimeHistory': [75.0]}, '6': {'Retries': 0, 'WallDurations': [9.0, 910.0], 'StartTimes': [1519421889.0], 'SubmitTimes': [1519421609.0], 'JobIds': ['19604116.0'], 'EndTimes': [], 'Restarts': 0, 'RecordedSite': True, 'State': 'running', 'ResidentSetSize': [1331360], 'TotalUserCpuTimeHistory': [717.0], 'SiteHistory': ['Unknown', 'T2_US_Wisconsin'], 'TotalSysCpuTimeHistory': [56.0]}, '9': {'Retries': 0, 'WallDurations': [9.0, 583.0], 'StartTimes': [1519421904.0], 'SubmitTimes': [1519421611.0], 'JobIds': ['19604139.0'], 'EndTimes': [1519422487.0], 'Restarts': 0, 'RecordedSite': True, 'State': 'transferring', 'ResidentSetSize': [1042456], 'TotalUserCpuTimeHistory': [379], 'SiteHistory': ['Unknown', 'T2_US_UCSD'], 'TotalSysCpuTimeHistory': [24]}, '8': {'Retries': 0, 'WallDurations': [9.0, 534.0], 'StartTimes': [1519421916.0], 'SubmitTimes': [1519421611.0], 'JobIds': ['19604136.0'], 'EndTimes': [1519422450.0], 'Restarts': 0, 'RecordedSite': True, 'State': 'transferring', 'ResidentSetSize': [1251812], 'TotalUserCpuTimeHistory': [300], 'SiteHistory': ['Unknown', 'T2_US_UCSD'], 'TotalSysCpuTimeHistory': [26]}, '11': {'Retries': 0, 'WallDurations': [9.0, 534.0], 'StartTimes': [1519421901.0], 'SubmitTimes': [1519421611.0], 'JobIds': ['19604144.0'], 'EndTimes': [1519422435.0], 'Restarts': 0, 'RecordedSite': True, 'State': 'transferring', 'ResidentSetSize': [773492], 'TotalUserCpuTimeHistory': [252], 'SiteHistory': ['Unknown', 'T2_US_UCSD'], 'TotalSysCpuTimeHistory': [28]}, '10': {'Retries': 0, 'WallDurations': [9.0, 1214.0], 'StartTimes': [1519421916.0], 'SubmitTimes': [1519421611.0], 'JobIds': ['19604142.0'], 'EndTimes': [], 'Restarts': 0, 'RecordedSite': True, 'State': 'running', 'ResidentSetSize': [1243660], 'TotalUserCpuTimeHistory': [842.0], 'SiteHistory': ['Unknown', 'T2_US_UCSD'], 'TotalSysCpuTimeHistory': [73.0]}, '13': {'Retries': 0, 'WallDurations': [8.0, 609.0], 'StartTimes': [1519421907.0], 'SubmitTimes': [1519421612.0], 'JobIds': ['19604149.0'], 'EndTimes': [], 'Restarts': 0, 'RecordedSite': True, 'State': 'running', 'ResidentSetSize': [1242700], 'TotalUserCpuTimeHistory': [346.0], 'SiteHistory': ['Unknown', 'T2_US_UCSD'], 'TotalSysCpuTimeHistory': [45.0]}, '12': {'Retries': 0, 'WallDurations': [9.0, 1212.0], 'StartTimes': [1519421904.0], 'SubmitTimes': [1519421612.0], 'JobIds': ['19604147.0'], 'EndTimes': [], 'Restarts': 0, 'RecordedSite': True, 'State': 'running', 'ResidentSetSize': [1378532], 'TotalUserCpuTimeHistory': [859.0], 'SiteHistory': ['Unknown', 'T2_US_UCSD'], 'TotalSysCpuTimeHistory': [27.0]}, '15': {'Retries': 0, 'WallDurations': [10.0, 1188.0], 'StartTimes': [1519421916.0], 'SubmitTimes': [1519421613.0], 'JobIds': ['19604154.0'], 'EndTimes': [1519423104.0], 'Restarts': 0, 'RecordedSite': True, 'State': 'transferring', 'ResidentSetSize': [1349800], 'TotalUserCpuTimeHistory': [806], 'SiteHistory': ['Unknown', 'T2_US_UCSD'], 'TotalSysCpuTimeHistory': [28]}, '14': {'Retries': 1, 'WallDurations': [9.0, 688.0, 309.0], 'StartTimes': [1519421907.0, 1519422765.0], 'SubmitTimes': [1519421612.0, 1519422663.0], 'JobIds': ['19604152.0', '19604582.0'], 'EndTimes': [1519422595.0], 'Restarts': 0, 'RecordedSite': True, 'State': 'running', 'ResidentSetSize': [1174188, 1288580], 'TotalUserCpuTimeHistory': [143, 157.0], 'SiteHistory': ['Unknown', 'T2_US_UCSD', 'T2_US_UCSD'], 'TotalSysCpuTimeHistory': [14, 12.0]}, '17': {'Retries': 0, 'WallDurations': [8.0, 1209.0], 'StartTimes': [1519421901.0], 'SubmitTimes': [1519421613.0], 'JobIds': ['19604157.0'], 'EndTimes': [], 'Restarts': 0, 'RecordedSite': True, 'State': 'running', 'ResidentSetSize': [1362336], 'TotalUserCpuTimeHistory': [1051.0], 'SiteHistory': ['Unknown', 'T2_US_Wisconsin'], 'TotalSysCpuTimeHistory': [43.0]}, '16': {'Retries': 0, 'WallDurations': [8.0, 1210.0], 'StartTimes': [1519421906.0], 'SubmitTimes': [1519421613.0], 'JobIds': ['19604156.0'], 'EndTimes': [], 'Restarts': 0, 'RecordedSite': True, 'State': 'running', 'ResidentSetSize': [1370704], 'TotalUserCpuTimeHistory': [790.0], 'SiteHistory': ['Unknown', 'T2_US_UCSD'], 'TotalSysCpuTimeHistory': [77.0]}, '19': {'Retries': 0, 'WallDurations': [9.0, 534.0], 'StartTimes': [1519421897.0], 'SubmitTimes': [1519421613.0], 'JobIds': ['19604159.0'], 'EndTimes': [1519422431.0], 'Restarts': 0, 'RecordedSite': True, 'State': 'transferring', 'ResidentSetSize': [1090940], 'TotalUserCpuTimeHistory': [333], 'SiteHistory': ['Unknown', 'T2_US_Wisconsin'], 'TotalSysCpuTimeHistory': [66]}, '18': {'Retries': 0, 'WallDurations': [8.0, 842.0], 'StartTimes': [1519421904.0], 'SubmitTimes': [1519421613.0], 'JobIds': ['19604158.0'], 'EndTimes': [1519422746.0], 'Restarts': 0, 'RecordedSite': True, 'State': 'transferring', 'ResidentSetSize': [1350428], 'TotalUserCpuTimeHistory': [543], 'SiteHistory': ['Unknown', 'T2_US_UCSD'], 'TotalSysCpuTimeHistory': [21]}, '30': {'Retries': 0, 'WallDurations': [9.0, 911.0], 'StartTimes': [1519422183.0], 'SubmitTimes': [1519421620.0], 'JobIds': ['19604196.0'], 'EndTimes': [], 'Restarts': 0, 'RecordedSite': True, 'State': 'running', 'ResidentSetSize': [1361632], 'TotalUserCpuTimeHistory': [513.0], 'SiteHistory': ['Unknown', 'T2_KR_KISTI'], 'TotalSysCpuTimeHistory': [21.0]}}
INFO 2018-02-23 16:02:42,267: 	 Status on the scheduler:	SUBMITTED
INFO 2018-02-23 16:02:42,268: 	 
Jobs status:                    running        56.7% (17/30)
INFO 2018-02-23 16:02:42,268: 	 				transferring   43.3% (13/30)
INFO 2018-02-23 16:02:42,268: 	 
No publication information (publication has been disabled in the CRAB configuration file)
INFO 2018-02-23 16:02:42,280: 	 Log file is /uscms_data/d3/samuellh/WorkingArea/CpHiggs/CMSSW_8_0_21/src/PUAnalysis/CrabTools/crab/VBFHiggs0M_M/CP_Higgs_2016/crab_20180223_153053/crab.log
