('The system path in the config file ', ['/cvmfs/cms.cern.ch/crab3/slc6_amd64_gcc493/cms/crabclient/3.3.1707.patch1/bin', '/uscms_data/d3/samuellh/WorkingArea/TauAnalysis/CMSSW_9_3_2/python', '/uscms_data/d3/samuellh/WorkingArea/TauAnalysis/CMSSW_9_3_2/lib/slc6_amd64_gcc630', '/cvmfs/cms.cern.ch/slc6_amd64_gcc630/cms/cmssw/CMSSW_9_3_2/python', '/cvmfs/cms.cern.ch/slc6_amd64_gcc630/cms/cmssw/CMSSW_9_3_2/lib/slc6_amd64_gcc630', '/cvmfs/cms.cern.ch/slc6_amd64_gcc630/cms/coral/CORAL_2_3_21-ghjeda6/slc6_amd64_gcc630/python', '/cvmfs/cms.cern.ch/slc6_amd64_gcc630/cms/coral/CORAL_2_3_21-ghjeda6/slc6_amd64_gcc630/lib', '/cvmfs/cms.cern.ch/slc6_amd64_gcc630/external/professor2/2.2.1-ghjeda6/lib/python2.7/site-packages', '/cvmfs/cms.cern.ch/slc6_amd64_gcc630/external/pyqt/4.11.4-mlhled2/lib/python2.7/site-packages', '/cvmfs/cms.cern.ch/slc6_amd64_gcc630/external/sherpa/2.2.4-ghjeda/lib/python2.7/site-packages', '/cvmfs/cms.cern.ch/slc6_amd64_gcc630/external/rivet/2.5.2-ghjeda4/lib/python2.7/site-packages', '/cvmfs/cms.cern.ch/slc6_amd64_gcc630/external/python-ldap/2.4.10-mlhled2/lib/python2.7/site-packages', '/cvmfs/cms.cern.ch/slc6_amd64_gcc630/external/py2-matplotlib/1.5.2-njopjo/lib/python2.7/site-packages', '/cvmfs/cms.cern.ch/slc6_amd64_gcc630/external/sip/4.17-mlhled2/lib/python2.7/site-packages', '/cvmfs/cms.cern.ch/slc6_amd64_gcc630/external/llvm/4.0.0-njopjo/lib64/python2.7/site-packages', '/cvmfs/cms.cern.ch/slc6_amd64_gcc630/external/py2-sqlalchemy/1.1.4-mlhled2/lib/python2.7/site-packages', '/cvmfs/cms.cern.ch/slc6_amd64_gcc630/external/py2-lint/0.25.1-mlhled2/lib/python2.7/site-packages', '/cvmfs/cms.cern.ch/slc6_amd64_gcc630/external/py2-dxr/1.0-ghjeda6/lib/python2.7/site-packages', '/cvmfs/cms.cern.ch/slc6_amd64_gcc630/external/py2-cx-oracle/5.2.1-mlhled2/lib/python2.7/site-packages', '/cvmfs/cms.cern.ch/slc6_amd64_gcc630/external/py2-numpy/1.12.1-mlhled2/lib/python2.7/site-packages', '/cvmfs/cms.cern.ch/slc6_amd64_gcc630/external/frontier_client/2.8.20-mlhled2/python/lib', '/cvmfs/cms.cern.ch/slc6_amd64_gcc630/cms/das_client/v03.01.00-mlhled2/bin', '/cvmfs/cms.cern.ch/slc6_amd64_gcc630/external/xrootd/4.6.1/lib/python2.7/site-packages', '/cvmfs/cms.cern.ch/slc6_amd64_gcc630/external/yoda/1.6.5-ghjeda4/lib/python2.7/site-packages', '/cvmfs/cms.cern.ch/slc6_amd64_gcc630/lcg/root/6.10.04-ghjeda/lib', '/cvmfs/cms.cern.ch/slc6_amd64_gcc630/external/pyminuit2/0.0.1-ghjeda4/lib/python2.7/site-packages', '/cvmfs/cms.cern.ch/slc6_amd64_gcc630/external/py2-PyYAML/3.11-mlhled2/lib/python2.7/site-packages', '/cvmfs/cms.cern.ch/slc6_amd64_gcc630/external/py2-pygithub/1.23.0-mlhled2/lib/python2.7/site-packages', '/cvmfs/cms.cern.ch/slc6_amd64_gcc630/external/py2-pip/9.0.1-mlhled2/lib/python2.7/site-packages', '/cvmfs/cms.cern.ch/slc6_amd64_gcc630/external/py2-dablooms/0.9.1-mlhled2/lib/python2.7/site-packages', '/cvmfs/cms.cern.ch/slc6_amd64_gcc630/external/py2-pippkgs_depscipy/3.0-ghjeda6/lib/python2.7/site-packages', '/cvmfs/cms.cern.ch/slc6_amd64_gcc630/external/py2-pippkgs/5.0-ghjeda6/lib/python2.7/site-packages', '/cvmfs/cms.cern.ch/slc6_amd64_gcc630/external/professor/1.4.0-ghjeda4/lib/python2.7/site-packages', '/cvmfs/cms.cern.ch/slc6_amd64_gcc630/cms/dbs-client/DBS_2_1_9-mlhled2/lib', '/cvmfs/cms.cern.ch/slc6_amd64_gcc630/cms/dbs-client/DBS_2_1_9-mlhled2/lib/DBSAPI', '/cvmfs/cms.cern.ch/slc6_amd64_gcc630/external/cvs2git/5419-mlhled2/lib', '/cvmfs/cms.cern.ch/crab3/slc6_amd64_gcc493/cms/crabclient/3.3.1707.patch1/lib/python2.7/site-packages', '/cvmfs/cms.cern.ch/crab3/slc6_amd64_gcc493/cms/dbs3-client/3.4.4/lib/python2.7/site-packages', '/cvmfs/cms.cern.ch/crab3/slc6_amd64_gcc493/cms/dbs3-pycurl-client/3.4.4/lib/python2.7/site-packages', '/cvmfs/cms.cern.ch/slc6_amd64_gcc630/external/py2-sqlalchemy/1.1.4-mlhled2/lib/python2.7/site-packages/SQLAlchemy-1.1.4-py2.7-linux-x86_64.egg', '/cvmfs/cms.cern.ch/slc6_amd64_gcc630/external/py2-numpy/1.12.1-mlhled2/lib/python2.7/site-packages/numpy-1.12.1-py2.7-linux-x86_64.egg', '/cvmfs/cms.cern.ch/slc6_amd64_gcc630/external/python/2.7.11-mlhled2/lib/python27.zip', '/cvmfs/cms.cern.ch/slc6_amd64_gcc630/external/python/2.7.11-mlhled2/lib/python2.7', '/cvmfs/cms.cern.ch/slc6_amd64_gcc630/external/python/2.7.11-mlhled2/lib/python2.7/plat-linux2', '/cvmfs/cms.cern.ch/slc6_amd64_gcc630/external/python/2.7.11-mlhled2/lib/python2.7/lib-tk', '/cvmfs/cms.cern.ch/slc6_amd64_gcc630/external/python/2.7.11-mlhled2/lib/python2.7/lib-old', '/cvmfs/cms.cern.ch/slc6_amd64_gcc630/external/python/2.7.11-mlhled2/lib/python2.7/lib-dynload', '/cvmfs/cms.cern.ch/slc6_amd64_gcc630/external/python/2.7.11-mlhled2/lib/python2.7/site-packages', '/uscms_data/d3/samuellh/WorkingArea/TauAnalysis/CMSSW_9_3_2/src/PUAnalysis/VBFtt2017/crab/VBF12'])
 ##################################################################### 
 # WARNING: the module CondCore.DBCommon.CondDBSetup is deprecated.  # 
 # Please import CondCore.CondDB.CondDB_cfi                          # 
 ##################################################################### 
recorrecting the jets
List Of Filters
['processedEvents', 'initialEventsTT', 'DiMuonCreation', 'AtLeastOneDiTau', 'TTTauPtEta', 'TTTauDecayFound', 'TTTauStandardDecayFound', 'TTTauDRSel', 'TTSync', 'TTAntiEle', 'TTAntiMu', 'TTIso', 'TTOS']
DEBUG 2017-11-15 07:18:33,463: 	 Executing command: 'submit'
DEBUG 2017-11-15 07:18:33,463: 	 Found CRAB cache file /uscms/home/samuellh/.crab3
DEBUG 2017-11-15 07:18:33,471: 	 Checking credentials
DEBUG 2017-11-15 07:18:33,472: 	 Found proxy file /tmp/x509up_u52190
DEBUG 2017-11-15 07:18:33,472: 	 Getting proxy life time left
DEBUG 2017-11-15 07:18:33,575: 	 Executing : 
 command : voms-proxy-info -file /tmp/x509up_u52190 -timeleft
 output : 83770

 error: 
 retcode : 0
DEBUG 2017-11-15 07:18:33,679: 	 Executing : 
 command : voms-proxy-info -file /tmp/x509up_u52190 -actimeleft
 output : 83769

 error: 
 retcode : 0
DEBUG 2017-11-15 07:18:33,679: 	 Proxy valid for 23:16:10 hours
INFO 2017-11-15 07:18:33,679: 	 Will use CRAB configuration file crab3_TT_MC.py
DEBUG 2017-11-15 07:18:33,679: 	 Loading CRAB configuration file.
DEBUG 2017-11-15 07:18:33,688: 	 Will use CRAB Analysis plugin (i.e. will run an analysis job type).
DEBUG 2017-11-15 07:18:33,803: 	 Executing : 
 command : openssl x509 -in ~/.globus/usercert.pem -subject -noout
 output : subject= /DC=ch/DC=cern/OU=Organic Units/OU=Users/CN=shigginb/CN=785176/CN=Sam Higginbotham

 error: 
 retcode : 0
DEBUG 2017-11-15 07:18:33,803: 	 Checking credentials
DEBUG 2017-11-15 07:18:33,804: 	 Found proxy file /tmp/x509up_u52190
DEBUG 2017-11-15 07:18:33,804: 	 Getting proxy life time left
DEBUG 2017-11-15 07:18:33,907: 	 Executing : 
 command : voms-proxy-info -file /tmp/x509up_u52190 -timeleft
 output : 83770

 error: 
 retcode : 0
DEBUG 2017-11-15 07:18:34,010: 	 Executing : 
 command : voms-proxy-info -file /tmp/x509up_u52190 -actimeleft
 output : 83769

 error: 
 retcode : 0
DEBUG 2017-11-15 07:18:34,011: 	 Proxy valid for 23:16:10 hours
DEBUG 2017-11-15 07:18:34,114: 	 Executing : 
 command : env X509_USER_PROXY=/tmp/x509up_u52190 voms-proxy-info -fqan
 output : /cms/Role=NULL/Capability=NULL

 error: 
 retcode : 0
DEBUG 2017-11-15 07:18:35,827: 	 Registering user credentials for server /DC=ch/DC=cern/OU=computers/CN=vocms(045|052|021|031|0118|0118a|0119|0108|0105|0109).cern.ch
DEBUG 2017-11-15 07:18:35,935: 	 Executing : 
 command : openssl x509 -in ~/.globus/usercert.pem -subject -noout
 output : subject= /DC=ch/DC=cern/OU=Organic Units/OU=Users/CN=shigginb/CN=785176/CN=Sam Higginbotham

 error: 
 retcode : 0
DEBUG 2017-11-15 07:18:35,936: 	 Getting myproxy life time left for myproxy.cern.ch
DEBUG 2017-11-15 07:18:35,936: 	 Calculating hash of /DC=ch/DC=cern/OU=Organic Units/OU=Users/CN=shigginb/CN=785176/CN=Sam Higginbotham_cmsweb.cern.ch for credential name
DEBUG 2017-11-15 07:18:36,740: 	 Executing : 
 command : myproxy-info -l 2f318c7a260d78734589f2cc772d26b8be79ec6c -s myproxy.cern.ch
 output : username: 2f318c7a260d78734589f2cc772d26b8be79ec6c
owner: /DC=ch/DC=cern/OU=Organic Units/OU=Users/CN=shigginb/CN=785176/CN=Sam Higginbotham
  renewal policy: /DC=ch/DC=cern/OU=computers/CN=vocms(045|052|021|031|0118|0118a|0119|0108|0105|0109).cern.ch
  trusted retrieval policy: /DC=ch/DC=cern/OU=computers/CN=vocms(045|052|021|031|0118|0118a|0119|0108|0105|0109).cern.ch
  timeleft: 432:05:05  (18.0 days)

 error: 
 retcode : 0
DEBUG 2017-11-15 07:18:36,742: 	 Myproxy is valid: 1555505
DEBUG 2017-11-15 07:18:36,742: 	 Command use: submit
DEBUG 2017-11-15 07:18:36,742: 	 Options use: ['-c', 'crab3_TT_MC.py']
DEBUG 2017-11-15 07:18:38,330: 	 CRABClient version: 3.3.1707.patch1
DEBUG 2017-11-15 07:18:38,330: 	 Instance is prod
DEBUG 2017-11-15 07:18:38,330: 	 Server base url is cmsweb.cern.ch
DEBUG 2017-11-15 07:18:38,330: 	 Command url /crabserver/prod/workflow
DEBUG 2017-11-15 07:18:38,330: 	 Started submission
DEBUG 2017-11-15 07:18:38,331: 	 Working on /uscms_data/d3/samuellh/WorkingArea/TauAnalysis/CMSSW_9_3_2/src/PUAnalysis/VBFtt2017/crab/VBF12/crab_20171115_071833
DEBUG 2017-11-15 07:18:40,152: 	 Loading required information from the environment
DEBUG 2017-11-15 07:18:40,153: 	 Found CMSSW_9_3_2 for slc6_amd64_gcc630 with base /uscms_data/d3/samuellh/WorkingArea/TauAnalysis/CMSSW_9_3_2
DEBUG 2017-11-15 07:18:40,153: 	 Loading required information from the environment
DEBUG 2017-11-15 07:18:40,153: 	 Found CMSSW_9_3_2 for slc6_amd64_gcc630 with base /uscms_data/d3/samuellh/WorkingArea/TauAnalysis/CMSSW_9_3_2
DEBUG 2017-11-15 07:18:40,169: 	 UNIQUE NAME: tarUUID f4cd93d1-4b36-4729-8f45-e0abbdf526eb 
DEBUG 2017-11-15 07:18:40,170: 	 self.config: from WMCore.Configuration import Configuration
config = Configuration()
config.section_('General')
config.section_('JobType')
config.JobType.psetName = '../../../TT-MC-Up.py'
config.JobType.pluginName = 'Analysis'
config.JobType.inputFiles = ['../../../Configuration/data/PhaseIISummer16_25nsV3_MC.db']
config.JobType.outputFiles = ['analysis.root']
config.JobType.allowUndistributedCMSSW = True
config.section_('Data')
config.Data.inputDataset = '/GluGluToHHTo4B_node_SM_14TeV-madgraph/PhaseIITDRFall17MiniAOD-PU200_93X_upgrade2023_realistic_v2-v1/MINIAODSIM'
config.Data.unitsPerJob = 1
config.Data.publication = False
config.Data.inputDBS = 'global'
config.Data.splitting = 'FileBased'
config.section_('Site')
config.Site.storageSite = 'T3_US_FNALLPC'
config.section_('User')
config.section_('Debug')

DEBUG 2017-11-15 07:18:40,170: 	 self.config.JobType.psetName: ../../../TT-MC-Up.py
INFO 2017-11-15 07:18:40,170: 	 Importing CMSSW configuration ../../../TT-MC-Up.py
INFO 2017-11-15 07:18:42,731: 	 Finished importing CMSSW configuration ../../../TT-MC-Up.py
DEBUG 2017-11-15 07:18:42,732: 	 Writing CMSSW configuration to /uscms_data/d3/samuellh/WorkingArea/TauAnalysis/CMSSW_9_3_2/src/PUAnalysis/VBFtt2017/crab/VBF12/crab_20171115_071833/inputs/PSet.py
DEBUG 2017-11-15 07:18:43,739: 	 The following EDM output files will be collected: []
DEBUG 2017-11-15 07:18:43,739: 	 The following TFile output files will be collected: ['analysis.root']
DEBUG 2017-11-15 07:18:43,739: 	 The following user output files will be collected: []
DEBUG 2017-11-15 07:18:43,739: 	 Loading required information from the environment
DEBUG 2017-11-15 07:18:43,739: 	 Found CMSSW_9_3_2 for slc6_amd64_gcc630 with base /uscms_data/d3/samuellh/WorkingArea/TauAnalysis/CMSSW_9_3_2
DEBUG 2017-11-15 07:18:43,740: 	 Making tarball in /uscms_data/d3/samuellh/WorkingArea/TauAnalysis/CMSSW_9_3_2/src/PUAnalysis/VBFtt2017/crab/VBF12/crab_20171115_071833/inputs/f4cd93d1-4b36-4729-8f45-e0abbdf526ebdefault.tgz
DEBUG 2017-11-15 07:18:43,762: 	 Checking directory /uscms_data/d3/samuellh/WorkingArea/TauAnalysis/CMSSW_9_3_2/lib
DEBUG 2017-11-15 07:18:43,762: 	 Adding directory /uscms_data/d3/samuellh/WorkingArea/TauAnalysis/CMSSW_9_3_2/lib to tarball
DEBUG 2017-11-15 07:18:44,673: 	 Checking directory /uscms_data/d3/samuellh/WorkingArea/TauAnalysis/CMSSW_9_3_2/biglib
DEBUG 2017-11-15 07:18:44,674: 	 Adding directory /uscms_data/d3/samuellh/WorkingArea/TauAnalysis/CMSSW_9_3_2/biglib to tarball
DEBUG 2017-11-15 07:18:44,676: 	 Checking directory /uscms_data/d3/samuellh/WorkingArea/TauAnalysis/CMSSW_9_3_2/module
DEBUG 2017-11-15 07:18:44,698: 	 Adding data directory /uscms_data/d3/samuellh/WorkingArea/TauAnalysis/CMSSW_9_3_2/src/PUAnalysis/Configuration/data to tarball
DEBUG 2017-11-15 07:18:47,601: 	 Adding data directory /uscms_data/d3/samuellh/WorkingArea/TauAnalysis/CMSSW_9_3_2/src/PUAnalysis/DataFormats/interface to tarball
DEBUG 2017-11-15 07:18:47,610: 	 Adding data directory /uscms_data/d3/samuellh/WorkingArea/TauAnalysis/CMSSW_9_3_2/src/PUAnalysis/NtupleTools/interface to tarball
DEBUG 2017-11-15 07:18:47,621: 	 Adding data directory /uscms_data/d3/samuellh/WorkingArea/TauAnalysis/CMSSW_9_3_2/src/PUAnalysis/RecoTools/interface to tarball
DEBUG 2017-11-15 07:18:47,785: 	 Adding file ../../../Configuration/data/PhaseIISummer16_25nsV3_MC.db to tarball
DEBUG 2017-11-15 07:18:48,101: 	 Uploading archive /uscms_data/d3/samuellh/WorkingArea/TauAnalysis/CMSSW_9_3_2/src/PUAnalysis/VBFtt2017/crab/VBF12/crab_20171115_071833/inputs/f4cd93d1-4b36-4729-8f45-e0abbdf526ebdefault.tgz (11 MB) to the CRAB cache. Using URI https://cmsweb.cern.ch/crabcache
DEBUG 2017-11-15 07:18:55,004: 	 Loading required information from the environment
DEBUG 2017-11-15 07:18:55,005: 	 Found CMSSW_9_3_2 for slc6_amd64_gcc630 with base /uscms_data/d3/samuellh/WorkingArea/TauAnalysis/CMSSW_9_3_2
DEBUG 2017-11-15 07:18:55,005: 	 Making tarball in /uscms_data/d3/samuellh/WorkingArea/TauAnalysis/CMSSW_9_3_2/src/PUAnalysis/VBFtt2017/crab/VBF12/crab_20171115_071833/inputs/debugFiles.tgz
DEBUG 2017-11-15 07:18:55,010: 	 Uploading archive /uscms_data/d3/samuellh/WorkingArea/TauAnalysis/CMSSW_9_3_2/src/PUAnalysis/VBFtt2017/crab/VBF12/crab_20171115_071833/inputs/debugFiles.tgz (2 KB) to the CRAB cache. Using URI https://cmsweb.cern.ch/crabcache
DEBUG 2017-11-15 07:18:56,847: 	 Result uploading input files: 4e198fb019d07e682a8bd09208595d4eb73bac82ae7f6e24154a54b4451cc952.tar.gz 
INFO 2017-11-15 07:18:56,847: 	 Sending the request to the server
DEBUG 2017-11-15 07:18:56,848: 	 Submitting {'maxjobruntime': 1250, 'extrajdl': [], 'ignorelocality': 0, 'savelogsflag': 0, 'useparent': 0, 'asyncdest': 'T3_US_FNALLPC', 'algoargs': 1, 'cachefilename': '4e198fb019d07e682a8bd09208595d4eb73bac82ae7f6e24154a54b4451cc952.tar.gz', 'numcores': 1, 'addoutputfiles': [], 'generator': 'pythia', 'maxmemory': 2000, 'publishdbsurl': 'https://cmsweb.cern.ch/dbs/prod/phys03/DBSWriter', 'priority': 10, 'jobsw': 'CMSSW_9_3_2', 'edmoutfiles': [], 'userfiles': [], 'primarydataset': '', 'inputdata': '/GluGluToHHTo4B_node_SM_14TeV-madgraph/PhaseIITDRFall17MiniAOD-PU200_93X_upgrade2023_realistic_v2-v1/MINIAODSIM', 'dryrun': 0, 'workflow': 'crab_20171115_071833', 'cacheurl': u'https://cmsweb.cern.ch/crabcache', 'nonprodsw': 1, 'tfileoutfiles': ['analysis.root'], 'oneEventMode': 0, 'debugfilename': '46cc900506f1123a00106b19b47982dead5185e36a92b3ace9624fbee06510a8.tar.gz', 'saveoutput': 1, 'publication': 0, 'jobarch': 'slc6_amd64_gcc630', 'totalunits': 0, 'splitalgo': 'FileBased', 'ignoreglobalblacklist': 0, 'nonvaliddata': 0, 'dbsurl': 'https://cmsweb.cern.ch/dbs/prod/global/DBSReader', 'publishgroupname': 0, 'jobtype': 'Analysis', 'publishname2': ''} 
DEBUG 2017-11-15 07:18:56,848: 	 Encoded submit request: maxjobruntime=1250&ignorelocality=0&savelogsflag=0&useparent=0&asyncdest=T3_US_FNALLPC&algoargs=1&cachefilename=4e198fb019d07e682a8bd09208595d4eb73bac82ae7f6e24154a54b4451cc952.tar.gz&numcores=1&generator=pythia&maxmemory=2000&publishdbsurl=https%3A%2F%2Fcmsweb.cern.ch%2Fdbs%2Fprod%2Fphys03%2FDBSWriter&priority=10&jobsw=CMSSW_9_3_2&primarydataset=&inputdata=%2FGluGluToHHTo4B_node_SM_14TeV-madgraph%2FPhaseIITDRFall17MiniAOD-PU200_93X_upgrade2023_realistic_v2-v1%2FMINIAODSIM&dryrun=0&workflow=crab_20171115_071833&cacheurl=https%3A%2F%2Fcmsweb.cern.ch%2Fcrabcache&nonprodsw=1&oneEventMode=0&debugfilename=46cc900506f1123a00106b19b47982dead5185e36a92b3ace9624fbee06510a8.tar.gz&saveoutput=1&publication=0&jobarch=slc6_amd64_gcc630&totalunits=0&splitalgo=FileBased&ignoreglobalblacklist=0&nonvaliddata=0&dbsurl=https%3A%2F%2Fcmsweb.cern.ch%2Fdbs%2Fprod%2Fglobal%2FDBSReader&publishgroupname=0&jobtype=Analysis&publishname2=&tfileoutfiles=analysis.root
DEBUG 2017-11-15 07:18:58,702: 	 Result: {u'result': [{u'RequestName': u'171115_131858:shigginb_crab_20171115_071833'}]}
INFO 2017-11-15 07:18:58,716: 	 Success: Your task has been delivered to the CRAB3 server.
INFO 2017-11-15 07:18:58,716: 	 Task name: 171115_131858:shigginb_crab_20171115_071833
INFO 2017-11-15 07:18:58,716: 	 Please use 'crab status' to check how the submission process proceeds.
DEBUG 2017-11-15 07:18:58,716: 	 About to return
INFO 2017-11-15 07:18:58,722: 	 Log file is /uscms_data/d3/samuellh/WorkingArea/TauAnalysis/CMSSW_9_3_2/src/PUAnalysis/VBFtt2017/crab/VBF12/crab_20171115_071833/crab.log
DEBUG 2017-11-15 07:57:00,745: 	 Executing command: 'status'
DEBUG 2017-11-15 07:57:00,746: 	 Found CRAB cache file /uscms/home/samuellh/.crab3
DEBUG 2017-11-15 07:57:00,753: 	 Checking credentials
DEBUG 2017-11-15 07:57:00,753: 	 Found proxy file /tmp/x509up_u52190
DEBUG 2017-11-15 07:57:00,753: 	 Getting proxy life time left
DEBUG 2017-11-15 07:57:00,856: 	 Executing : 
 command : voms-proxy-info -file /tmp/x509up_u52190 -timeleft
 output : 81463

 error: 
 retcode : 0
DEBUG 2017-11-15 07:57:00,959: 	 Executing : 
 command : voms-proxy-info -file /tmp/x509up_u52190 -actimeleft
 output : 81462

 error: 
 retcode : 0
DEBUG 2017-11-15 07:57:00,960: 	 Proxy valid for 22:37:43 hours
DEBUG 2017-11-15 07:57:01,073: 	 Executing : 
 command : openssl x509 -in ~/.globus/usercert.pem -subject -noout
 output : subject= /DC=ch/DC=cern/OU=Organic Units/OU=Users/CN=shigginb/CN=785176/CN=Sam Higginbotham

 error: 
 retcode : 0
DEBUG 2017-11-15 07:57:01,073: 	 Checking credentials
DEBUG 2017-11-15 07:57:01,073: 	 Found proxy file /tmp/x509up_u52190
DEBUG 2017-11-15 07:57:01,073: 	 Getting proxy life time left
DEBUG 2017-11-15 07:57:01,176: 	 Executing : 
 command : voms-proxy-info -file /tmp/x509up_u52190 -timeleft
 output : 81462

 error: 
 retcode : 0
DEBUG 2017-11-15 07:57:01,280: 	 Executing : 
 command : voms-proxy-info -file /tmp/x509up_u52190 -actimeleft
 output : 81461

 error: 
 retcode : 0
DEBUG 2017-11-15 07:57:01,280: 	 Proxy valid for 22:37:42 hours
DEBUG 2017-11-15 07:57:03,107: 	 Registering user credentials for server /DC=ch/DC=cern/OU=computers/CN=vocms(045|052|021|031|0118|0118a|0119|0108|0105|0109).cern.ch
DEBUG 2017-11-15 07:57:03,216: 	 Executing : 
 command : openssl x509 -in ~/.globus/usercert.pem -subject -noout
 output : subject= /DC=ch/DC=cern/OU=Organic Units/OU=Users/CN=shigginb/CN=785176/CN=Sam Higginbotham

 error: 
 retcode : 0
DEBUG 2017-11-15 07:57:03,216: 	 Getting myproxy life time left for myproxy.cern.ch
DEBUG 2017-11-15 07:57:03,216: 	 Calculating hash of /DC=ch/DC=cern/OU=Organic Units/OU=Users/CN=shigginb/CN=785176/CN=Sam Higginbotham_cmsweb.cern.ch for credential name
DEBUG 2017-11-15 07:57:04,321: 	 Executing : 
 command : myproxy-info -l 2f318c7a260d78734589f2cc772d26b8be79ec6c -s myproxy.cern.ch
 output : username: 2f318c7a260d78734589f2cc772d26b8be79ec6c
owner: /DC=ch/DC=cern/OU=Organic Units/OU=Users/CN=shigginb/CN=785176/CN=Sam Higginbotham
  renewal policy: /DC=ch/DC=cern/OU=computers/CN=vocms(045|052|021|031|0118|0118a|0119|0108|0105|0109).cern.ch
  trusted retrieval policy: /DC=ch/DC=cern/OU=computers/CN=vocms(045|052|021|031|0118|0118a|0119|0108|0105|0109).cern.ch
  timeleft: 431:26:37  (18.0 days)

 error: 
 retcode : 0
DEBUG 2017-11-15 07:57:04,323: 	 Myproxy is valid: 1553197
DEBUG 2017-11-15 07:57:04,323: 	 Command use: status
DEBUG 2017-11-15 07:57:04,323: 	 Options use: ['-d', 'crab_20171115_071833/']
DEBUG 2017-11-15 07:57:06,130: 	 CRABClient version: 3.3.1707.patch1
DEBUG 2017-11-15 07:57:06,130: 	 Instance is prod
DEBUG 2017-11-15 07:57:06,130: 	 Server base url is cmsweb.cern.ch
DEBUG 2017-11-15 07:57:06,130: 	 Command url /crabserver/prod/workflow
DEBUG 2017-11-15 07:57:07,772: 	 Got information from server oracle database: {u'result': [u'171115_131858:shigginb_crab_20171115_071833', u'None', u'SUBMITTED', u'2017-11-15 13:18:58.642422', u'None', u'2017-11-15 13:19:43.464833', u'None', u'CMSSW_9_3_2', u'slc6_amd64_gcc630', u'/GluGluToHHTo4B_node_SM_14TeV-madgraph/PhaseIITDRFall17MiniAOD-PU200_93X_upgrade2023_realistic_v2-v1/MINIAODSIM', u'[]', u'[]', u'FileBased', u"{'splitOnRun': False, 'halt_job_on_file_boundaries': False, 'files_per_job': 1, 'runs': [], 'lumis': []}", u'0', u'4e198fb019d07e682a8bd09208595d4eb73bac82ae7f6e24154a54b4451cc952.tar.gz', u'https://cmsweb.cern.ch/crabcache', u'shigginb', u'/DC=ch/DC=cern/OU=Organic Units/OU=Users/CN=shigginb/CN=785176/CN=Sam Higginbotham', u'cms', u'None', u'None', u'crab_20171115_071833-00000000000000000000000000000000', u'T3_US_FNALLPC', u'https://cmsweb.cern.ch/dbs/prod/global/DBSReader', u'https://cmsweb.cern.ch/dbs/prod/phys03/DBSWriter', u'F', u'Analysis', u'{}', u'[]', u'F', u'vocms052', u'[]', u'1250', u'1', u'2000', u'10', u'None', u'http://vocms0106.cern.ch/mon/cms1359/171115_131858:shigginb_crab_20171115_071833', u'None', u'None', u'[]', u'[]', u'[]', u'pythia', u'[]', u"['analysis.root']", u'[]', u'https://cmsweb.cern.ch/crabserver/prod', u'None', u'0', u'cmssrv221.fnal.gov:9620', u'crab3@vocms0106.cern.ch', u'F', u'[]', u'T', u'/store/user/shigginb/', u'F', u'None', u'F', u'F', u'F', u'None', u'GluGluToHHTo4B_node_SM_14TeV-madgraph', u'filetransfers', u'SUBMIT', u'26791742', u'46cc900506f1123a00106b19b47982dead5185e36a92b3ace9624fbee06510a8.tar.gz', u'131.225.190.56', u'F', u'None'], u'desc': {u'columns': [u'tm_taskname', u'panda_jobset_id', u'tm_task_status', u'tm_start_time', u'tm_start_injection', u'tm_end_injection', u'tm_task_failure', u'tm_job_sw', u'tm_job_arch', u'tm_input_dataset', u'tm_site_whitelist', u'tm_site_blacklist', u'tm_split_algo', u'tm_split_args', u'tm_totalunits', u'tm_user_sandbox', u'tm_cache_url', u'tm_username', u'tm_user_dn', u'tm_user_vo', u'tm_user_role', u'tm_user_group', u'tm_publish_name', u'tm_asyncdest', u'tm_dbs_url', u'tm_publish_dbs_url', u'tm_publication', u'tm_job_type', u'tm_arguments', u'panda_resubmitted_jobs', u'tm_save_logs', u'tw_name', u'tm_user_infiles', u'tm_maxjobruntime', u'tm_numcores', u'tm_maxmemory', u'tm_priority', u'tm_output_dataset', u'tm_user_webdir', u'tm_activity', u'tm_scriptexe', u'tm_scriptargs', u'tm_extrajdl', u'tm_task_warnings', u'tm_generator', u'tm_outfiles', u'tm_tfile_outfiles', u'tm_edm_outfiles', u'tm_asourl', u'tm_events_per_lumi', u'tm_use_parent', u'tm_collector', u'tm_schedd', u'tm_dry_run', u'tm_user_files', u'tm_transfer_outputs', u'tm_output_lfn', u'tm_ignore_locality', u'tm_fail_limit', u'tm_one_event_mode', u'tm_publish_groupname', u'tm_nonvalid_input_dataset', u'tm_secondary_input_dataset', u'tm_primary_dataset', u'tm_asodb', u'tm_task_command', u'clusterid', u'tm_debug_files', u'tm_submitter_ip_addr', u'tm_ignore_global_blacklist', u'tm_last_publication']}}
INFO 2017-11-15 07:57:07,773: 	 CRAB project directory:		/uscms_data/d3/samuellh/WorkingArea/TauAnalysis/CMSSW_9_3_2/src/PUAnalysis/VBFtt2017/crab/VBF12/crab_20171115_071833
INFO 2017-11-15 07:57:07,773: 	 Task name:			171115_131858:shigginb_crab_20171115_071833
INFO 2017-11-15 07:57:07,773: 	 Grid scheduler:			crab3@vocms0106.cern.ch
INFO 2017-11-15 07:57:07,773: 	 Status on the CRAB server:	SUBMITTED
INFO 2017-11-15 07:57:07,773: 	 Task URL to use for HELP:	https://cmsweb.cern.ch/crabserver/ui/task/171115_131858%3Ashigginb_crab_20171115_071833
INFO 2017-11-15 07:57:07,773: 	 Dashboard monitoring URL:	http://dashb-cms-job.cern.ch/dashboard/templates/task-analysis/#user=shigginb&refresh=0&table=Jobs&p=1&records=25&activemenu=2&status=&site=&tid=171115_131858%3Ashigginb_crab_20171115_071833
DEBUG 2017-11-15 07:57:07,773: 	 The CRAB server submitted your task to the Grid scheduler (cluster ID: 26791742)
DEBUG 2017-11-15 07:57:07,773: 	 Webdir is located at http://vocms0106.cern.ch/mon/cms1359/171115_131858:shigginb_crab_20171115_071833
DEBUG 2017-11-15 07:57:09,569: 	 Proxied webdir is located at https://cmsweb.cern.ch/scheddmon/0106/cms1359/171115_131858:shigginb_crab_20171115_071833
DEBUG 2017-11-15 07:57:09,569: 	 Retrieving 'status_cache' file from https://cmsweb.cern.ch/scheddmon/0106/cms1359/171115_131858:shigginb_crab_20171115_071833/status_cache
DEBUG 2017-11-15 07:57:11,204: 	 Got information from status cache file: {'1': {'Retries': 0, 'WallDurations': [630.0], 'StartTimes': [1510752166.0], 'SubmitTimes': [1510751995.0], 'JobIds': ['26791748.0'], 'EndTimes': [1510752796.0], 'Restarts': 0, 'RecordedSite': False, 'State': 'finished', 'ResidentSetSize': [761920], 'TotalUserCpuTimeHistory': [144], 'SiteHistory': ['Unknown'], 'TotalSysCpuTimeHistory': [6]}, '2': {'Retries': 0, 'WallDurations': [260.0], 'StartTimes': [1510752170.0], 'SubmitTimes': [1510751995.0], 'JobIds': ['26791749.0'], 'EndTimes': [1510752430.0], 'Restarts': 0, 'RecordedSite': False, 'State': 'finished', 'ResidentSetSize': [6868], 'TotalUserCpuTimeHistory': [94], 'SiteHistory': ['Unknown'], 'TotalSysCpuTimeHistory': [5]}}
INFO 2017-11-15 07:57:11,205: 	 Status on the scheduler:	COMPLETED
INFO 2017-11-15 07:57:11,205: 	 
Jobs status:                    finished      100.0% (2/2)
INFO 2017-11-15 07:57:11,205: 	 
No publication information (publication has been disabled in the CRAB configuration file)
INFO 2017-11-15 07:57:11,219: 	 Log file is /uscms_data/d3/samuellh/WorkingArea/TauAnalysis/CMSSW_9_3_2/src/PUAnalysis/VBFtt2017/crab/VBF12/crab_20171115_071833/crab.log
DEBUG 2017-11-15 09:10:23,753: 	 Executing command: 'status'
DEBUG 2017-11-15 09:10:23,754: 	 Found CRAB cache file /uscms/home/samuellh/.crab3
DEBUG 2017-11-15 09:10:23,761: 	 Checking credentials
DEBUG 2017-11-15 09:10:23,761: 	 Found proxy file /tmp/x509up_u52190
DEBUG 2017-11-15 09:10:23,761: 	 Getting proxy life time left
DEBUG 2017-11-15 09:10:23,864: 	 Executing : 
 command : voms-proxy-info -file /tmp/x509up_u52190 -timeleft
 output : 77060

 error: 
 retcode : 0
DEBUG 2017-11-15 09:10:23,968: 	 Executing : 
 command : voms-proxy-info -file /tmp/x509up_u52190 -actimeleft
 output : 77059

 error: 
 retcode : 0
DEBUG 2017-11-15 09:10:23,968: 	 Proxy valid for 21:24:20 hours
DEBUG 2017-11-15 09:10:24,153: 	 Executing : 
 command : openssl x509 -in ~/.globus/usercert.pem -subject -noout
 output : subject= /DC=ch/DC=cern/OU=Organic Units/OU=Users/CN=shigginb/CN=785176/CN=Sam Higginbotham

 error: 
 retcode : 0
DEBUG 2017-11-15 09:10:24,153: 	 Checking credentials
DEBUG 2017-11-15 09:10:24,153: 	 Found proxy file /tmp/x509up_u52190
DEBUG 2017-11-15 09:10:24,154: 	 Getting proxy life time left
DEBUG 2017-11-15 09:10:24,257: 	 Executing : 
 command : voms-proxy-info -file /tmp/x509up_u52190 -timeleft
 output : 77059

 error: 
 retcode : 0
DEBUG 2017-11-15 09:10:24,360: 	 Executing : 
 command : voms-proxy-info -file /tmp/x509up_u52190 -actimeleft
 output : 77058

 error: 
 retcode : 0
DEBUG 2017-11-15 09:10:24,361: 	 Proxy valid for 21:24:19 hours
DEBUG 2017-11-15 09:10:26,147: 	 Registering user credentials for server /DC=ch/DC=cern/OU=computers/CN=vocms(045|052|021|031|0118|0118a|0119|0108|0105|0109).cern.ch
DEBUG 2017-11-15 09:10:26,256: 	 Executing : 
 command : openssl x509 -in ~/.globus/usercert.pem -subject -noout
 output : subject= /DC=ch/DC=cern/OU=Organic Units/OU=Users/CN=shigginb/CN=785176/CN=Sam Higginbotham

 error: 
 retcode : 0
DEBUG 2017-11-15 09:10:26,256: 	 Getting myproxy life time left for myproxy.cern.ch
DEBUG 2017-11-15 09:10:26,256: 	 Calculating hash of /DC=ch/DC=cern/OU=Organic Units/OU=Users/CN=shigginb/CN=785176/CN=Sam Higginbotham_cmsweb.cern.ch for credential name
DEBUG 2017-11-15 09:10:27,061: 	 Executing : 
 command : myproxy-info -l 2f318c7a260d78734589f2cc772d26b8be79ec6c -s myproxy.cern.ch
 output : username: 2f318c7a260d78734589f2cc772d26b8be79ec6c
owner: /DC=ch/DC=cern/OU=Organic Units/OU=Users/CN=shigginb/CN=785176/CN=Sam Higginbotham
  renewal policy: /DC=ch/DC=cern/OU=computers/CN=vocms(045|052|021|031|0118|0118a|0119|0108|0105|0109).cern.ch
  trusted retrieval policy: /DC=ch/DC=cern/OU=computers/CN=vocms(045|052|021|031|0118|0118a|0119|0108|0105|0109).cern.ch
  timeleft: 430:13:14  (17.9 days)

 error: 
 retcode : 0
DEBUG 2017-11-15 09:10:27,063: 	 Myproxy is valid: 1548794
DEBUG 2017-11-15 09:10:27,063: 	 Command use: status
DEBUG 2017-11-15 09:10:27,063: 	 Options use: ['-d', 'crab_20171115_071833/']
DEBUG 2017-11-15 09:10:28,813: 	 CRABClient version: 3.3.1707.patch1
DEBUG 2017-11-15 09:10:28,813: 	 Instance is prod
DEBUG 2017-11-15 09:10:28,813: 	 Server base url is cmsweb.cern.ch
DEBUG 2017-11-15 09:10:28,813: 	 Command url /crabserver/prod/workflow
DEBUG 2017-11-15 09:10:30,603: 	 Got information from server oracle database: {u'result': [u'171115_131858:shigginb_crab_20171115_071833', u'None', u'SUBMITTED', u'2017-11-15 13:18:58.642422', u'None', u'2017-11-15 13:19:43.464833', u'None', u'CMSSW_9_3_2', u'slc6_amd64_gcc630', u'/GluGluToHHTo4B_node_SM_14TeV-madgraph/PhaseIITDRFall17MiniAOD-PU200_93X_upgrade2023_realistic_v2-v1/MINIAODSIM', u'[]', u'[]', u'FileBased', u"{'splitOnRun': False, 'halt_job_on_file_boundaries': False, 'files_per_job': 1, 'runs': [], 'lumis': []}", u'0', u'4e198fb019d07e682a8bd09208595d4eb73bac82ae7f6e24154a54b4451cc952.tar.gz', u'https://cmsweb.cern.ch/crabcache', u'shigginb', u'/DC=ch/DC=cern/OU=Organic Units/OU=Users/CN=shigginb/CN=785176/CN=Sam Higginbotham', u'cms', u'None', u'None', u'crab_20171115_071833-00000000000000000000000000000000', u'T3_US_FNALLPC', u'https://cmsweb.cern.ch/dbs/prod/global/DBSReader', u'https://cmsweb.cern.ch/dbs/prod/phys03/DBSWriter', u'F', u'Analysis', u'{}', u'[]', u'F', u'vocms052', u'[]', u'1250', u'1', u'2000', u'10', u'None', u'http://vocms0106.cern.ch/mon/cms1359/171115_131858:shigginb_crab_20171115_071833', u'None', u'None', u'[]', u'[]', u'[]', u'pythia', u'[]', u"['analysis.root']", u'[]', u'https://cmsweb.cern.ch/crabserver/prod', u'None', u'0', u'cmssrv221.fnal.gov:9620', u'crab3@vocms0106.cern.ch', u'F', u'[]', u'T', u'/store/user/shigginb/', u'F', u'None', u'F', u'F', u'F', u'None', u'GluGluToHHTo4B_node_SM_14TeV-madgraph', u'filetransfers', u'SUBMIT', u'26791742', u'46cc900506f1123a00106b19b47982dead5185e36a92b3ace9624fbee06510a8.tar.gz', u'131.225.190.56', u'F', u'None'], u'desc': {u'columns': [u'tm_taskname', u'panda_jobset_id', u'tm_task_status', u'tm_start_time', u'tm_start_injection', u'tm_end_injection', u'tm_task_failure', u'tm_job_sw', u'tm_job_arch', u'tm_input_dataset', u'tm_site_whitelist', u'tm_site_blacklist', u'tm_split_algo', u'tm_split_args', u'tm_totalunits', u'tm_user_sandbox', u'tm_cache_url', u'tm_username', u'tm_user_dn', u'tm_user_vo', u'tm_user_role', u'tm_user_group', u'tm_publish_name', u'tm_asyncdest', u'tm_dbs_url', u'tm_publish_dbs_url', u'tm_publication', u'tm_job_type', u'tm_arguments', u'panda_resubmitted_jobs', u'tm_save_logs', u'tw_name', u'tm_user_infiles', u'tm_maxjobruntime', u'tm_numcores', u'tm_maxmemory', u'tm_priority', u'tm_output_dataset', u'tm_user_webdir', u'tm_activity', u'tm_scriptexe', u'tm_scriptargs', u'tm_extrajdl', u'tm_task_warnings', u'tm_generator', u'tm_outfiles', u'tm_tfile_outfiles', u'tm_edm_outfiles', u'tm_asourl', u'tm_events_per_lumi', u'tm_use_parent', u'tm_collector', u'tm_schedd', u'tm_dry_run', u'tm_user_files', u'tm_transfer_outputs', u'tm_output_lfn', u'tm_ignore_locality', u'tm_fail_limit', u'tm_one_event_mode', u'tm_publish_groupname', u'tm_nonvalid_input_dataset', u'tm_secondary_input_dataset', u'tm_primary_dataset', u'tm_asodb', u'tm_task_command', u'clusterid', u'tm_debug_files', u'tm_submitter_ip_addr', u'tm_ignore_global_blacklist', u'tm_last_publication']}}
INFO 2017-11-15 09:10:30,604: 	 CRAB project directory:		/uscms_data/d3/samuellh/WorkingArea/TauAnalysis/CMSSW_9_3_2/src/PUAnalysis/VBFtt2017/crab/VBF12/crab_20171115_071833
INFO 2017-11-15 09:10:30,604: 	 Task name:			171115_131858:shigginb_crab_20171115_071833
INFO 2017-11-15 09:10:30,604: 	 Grid scheduler:			crab3@vocms0106.cern.ch
INFO 2017-11-15 09:10:30,604: 	 Status on the CRAB server:	SUBMITTED
INFO 2017-11-15 09:10:30,604: 	 Task URL to use for HELP:	https://cmsweb.cern.ch/crabserver/ui/task/171115_131858%3Ashigginb_crab_20171115_071833
INFO 2017-11-15 09:10:30,604: 	 Dashboard monitoring URL:	http://dashb-cms-job.cern.ch/dashboard/templates/task-analysis/#user=shigginb&refresh=0&table=Jobs&p=1&records=25&activemenu=2&status=&site=&tid=171115_131858%3Ashigginb_crab_20171115_071833
DEBUG 2017-11-15 09:10:30,604: 	 The CRAB server submitted your task to the Grid scheduler (cluster ID: 26791742)
DEBUG 2017-11-15 09:10:30,605: 	 Webdir is located at http://vocms0106.cern.ch/mon/cms1359/171115_131858:shigginb_crab_20171115_071833
DEBUG 2017-11-15 09:10:32,452: 	 Proxied webdir is located at https://cmsweb.cern.ch/scheddmon/0106/cms1359/171115_131858:shigginb_crab_20171115_071833
DEBUG 2017-11-15 09:10:32,452: 	 Retrieving 'status_cache' file from https://cmsweb.cern.ch/scheddmon/0106/cms1359/171115_131858:shigginb_crab_20171115_071833/status_cache
DEBUG 2017-11-15 09:10:34,349: 	 Got information from status cache file: {'1': {'Retries': 0, 'WallDurations': [630.0], 'StartTimes': [1510752166.0], 'SubmitTimes': [1510751995.0], 'JobIds': ['26791748.0'], 'EndTimes': [1510752796.0], 'Restarts': 0, 'RecordedSite': False, 'State': 'finished', 'ResidentSetSize': [761920], 'TotalUserCpuTimeHistory': [144], 'SiteHistory': ['Unknown'], 'TotalSysCpuTimeHistory': [6]}, '2': {'Retries': 0, 'WallDurations': [260.0], 'StartTimes': [1510752170.0], 'SubmitTimes': [1510751995.0], 'JobIds': ['26791749.0'], 'EndTimes': [1510752430.0], 'Restarts': 0, 'RecordedSite': False, 'State': 'finished', 'ResidentSetSize': [6868], 'TotalUserCpuTimeHistory': [94], 'SiteHistory': ['Unknown'], 'TotalSysCpuTimeHistory': [5]}}
INFO 2017-11-15 09:10:34,349: 	 Status on the scheduler:	COMPLETED
INFO 2017-11-15 09:10:34,349: 	 
Jobs status:                    finished      100.0% (2/2)
INFO 2017-11-15 09:10:34,349: 	 
No publication information (publication has been disabled in the CRAB configuration file)
INFO 2017-11-15 09:10:34,361: 	 Log file is /uscms_data/d3/samuellh/WorkingArea/TauAnalysis/CMSSW_9_3_2/src/PUAnalysis/VBFtt2017/crab/VBF12/crab_20171115_071833/crab.log
