('The system path in the config file ', ['/cvmfs/cms.cern.ch/crab3/slc6_amd64_gcc493/cms/crabclient/3.3.1707.patch1/bin', '/uscms_data/d3/samuellh/WorkingArea/TauAnalysis/CMSSW_9_3_2/python', '/uscms_data/d3/samuellh/WorkingArea/TauAnalysis/CMSSW_9_3_2/lib/slc6_amd64_gcc630', '/cvmfs/cms.cern.ch/slc6_amd64_gcc630/cms/cmssw/CMSSW_9_3_2/python', '/cvmfs/cms.cern.ch/slc6_amd64_gcc630/cms/cmssw/CMSSW_9_3_2/lib/slc6_amd64_gcc630', '/cvmfs/cms.cern.ch/slc6_amd64_gcc630/cms/coral/CORAL_2_3_21-ghjeda6/slc6_amd64_gcc630/python', '/cvmfs/cms.cern.ch/slc6_amd64_gcc630/cms/coral/CORAL_2_3_21-ghjeda6/slc6_amd64_gcc630/lib', '/cvmfs/cms.cern.ch/slc6_amd64_gcc630/external/professor2/2.2.1-ghjeda6/lib/python2.7/site-packages', '/cvmfs/cms.cern.ch/slc6_amd64_gcc630/external/pyqt/4.11.4-mlhled2/lib/python2.7/site-packages', '/cvmfs/cms.cern.ch/slc6_amd64_gcc630/external/sherpa/2.2.4-ghjeda/lib/python2.7/site-packages', '/cvmfs/cms.cern.ch/slc6_amd64_gcc630/external/rivet/2.5.2-ghjeda4/lib/python2.7/site-packages', '/cvmfs/cms.cern.ch/slc6_amd64_gcc630/external/python-ldap/2.4.10-mlhled2/lib/python2.7/site-packages', '/cvmfs/cms.cern.ch/slc6_amd64_gcc630/external/py2-matplotlib/1.5.2-njopjo/lib/python2.7/site-packages', '/cvmfs/cms.cern.ch/slc6_amd64_gcc630/external/sip/4.17-mlhled2/lib/python2.7/site-packages', '/cvmfs/cms.cern.ch/slc6_amd64_gcc630/external/llvm/4.0.0-njopjo/lib64/python2.7/site-packages', '/cvmfs/cms.cern.ch/slc6_amd64_gcc630/external/py2-sqlalchemy/1.1.4-mlhled2/lib/python2.7/site-packages', '/cvmfs/cms.cern.ch/slc6_amd64_gcc630/external/py2-lint/0.25.1-mlhled2/lib/python2.7/site-packages', '/cvmfs/cms.cern.ch/slc6_amd64_gcc630/external/py2-dxr/1.0-ghjeda6/lib/python2.7/site-packages', '/cvmfs/cms.cern.ch/slc6_amd64_gcc630/external/py2-cx-oracle/5.2.1-mlhled2/lib/python2.7/site-packages', '/cvmfs/cms.cern.ch/slc6_amd64_gcc630/external/py2-numpy/1.12.1-mlhled2/lib/python2.7/site-packages', '/cvmfs/cms.cern.ch/slc6_amd64_gcc630/external/frontier_client/2.8.20-mlhled2/python/lib', '/cvmfs/cms.cern.ch/slc6_amd64_gcc630/cms/das_client/v03.01.00-mlhled2/bin', '/cvmfs/cms.cern.ch/slc6_amd64_gcc630/external/xrootd/4.6.1/lib/python2.7/site-packages', '/cvmfs/cms.cern.ch/slc6_amd64_gcc630/external/yoda/1.6.5-ghjeda4/lib/python2.7/site-packages', '/cvmfs/cms.cern.ch/slc6_amd64_gcc630/lcg/root/6.10.04-ghjeda/lib', '/cvmfs/cms.cern.ch/slc6_amd64_gcc630/external/pyminuit2/0.0.1-ghjeda4/lib/python2.7/site-packages', '/cvmfs/cms.cern.ch/slc6_amd64_gcc630/external/py2-PyYAML/3.11-mlhled2/lib/python2.7/site-packages', '/cvmfs/cms.cern.ch/slc6_amd64_gcc630/external/py2-pygithub/1.23.0-mlhled2/lib/python2.7/site-packages', '/cvmfs/cms.cern.ch/slc6_amd64_gcc630/external/py2-pip/9.0.1-mlhled2/lib/python2.7/site-packages', '/cvmfs/cms.cern.ch/slc6_amd64_gcc630/external/py2-dablooms/0.9.1-mlhled2/lib/python2.7/site-packages', '/cvmfs/cms.cern.ch/slc6_amd64_gcc630/external/py2-pippkgs_depscipy/3.0-ghjeda6/lib/python2.7/site-packages', '/cvmfs/cms.cern.ch/slc6_amd64_gcc630/external/py2-pippkgs/5.0-ghjeda6/lib/python2.7/site-packages', '/cvmfs/cms.cern.ch/slc6_amd64_gcc630/external/professor/1.4.0-ghjeda4/lib/python2.7/site-packages', '/cvmfs/cms.cern.ch/slc6_amd64_gcc630/cms/dbs-client/DBS_2_1_9-mlhled2/lib', '/cvmfs/cms.cern.ch/slc6_amd64_gcc630/cms/dbs-client/DBS_2_1_9-mlhled2/lib/DBSAPI', '/cvmfs/cms.cern.ch/slc6_amd64_gcc630/external/cvs2git/5419-mlhled2/lib', '/cvmfs/cms.cern.ch/crab3/slc6_amd64_gcc493/cms/crabclient/3.3.1707.patch1/lib/python2.7/site-packages', '/cvmfs/cms.cern.ch/crab3/slc6_amd64_gcc493/cms/dbs3-client/3.4.4/lib/python2.7/site-packages', '/cvmfs/cms.cern.ch/crab3/slc6_amd64_gcc493/cms/dbs3-pycurl-client/3.4.4/lib/python2.7/site-packages', '/cvmfs/cms.cern.ch/slc6_amd64_gcc630/external/py2-sqlalchemy/1.1.4-mlhled2/lib/python2.7/site-packages/SQLAlchemy-1.1.4-py2.7-linux-x86_64.egg', '/cvmfs/cms.cern.ch/slc6_amd64_gcc630/external/py2-numpy/1.12.1-mlhled2/lib/python2.7/site-packages/numpy-1.12.1-py2.7-linux-x86_64.egg', '/cvmfs/cms.cern.ch/slc6_amd64_gcc630/external/python/2.7.11-mlhled2/lib/python27.zip', '/cvmfs/cms.cern.ch/slc6_amd64_gcc630/external/python/2.7.11-mlhled2/lib/python2.7', '/cvmfs/cms.cern.ch/slc6_amd64_gcc630/external/python/2.7.11-mlhled2/lib/python2.7/plat-linux2', '/cvmfs/cms.cern.ch/slc6_amd64_gcc630/external/python/2.7.11-mlhled2/lib/python2.7/lib-tk', '/cvmfs/cms.cern.ch/slc6_amd64_gcc630/external/python/2.7.11-mlhled2/lib/python2.7/lib-old', '/cvmfs/cms.cern.ch/slc6_amd64_gcc630/external/python/2.7.11-mlhled2/lib/python2.7/lib-dynload', '/cvmfs/cms.cern.ch/slc6_amd64_gcc630/external/python/2.7.11-mlhled2/lib/python2.7/site-packages', '/uscms_data/d3/samuellh/WorkingArea/TauAnalysis/CMSSW_9_3_2/src/PUAnalysis/VBFtt2017/crab/VBF45'])
 ##################################################################### 
 # WARNING: the module CondCore.DBCommon.CondDBSetup is deprecated.  # 
 # Please import CondCore.CondDB.CondDB_cfi                          # 
 ##################################################################### 
recorrecting the jets
List Of Filters
['processedEvents', 'initialEventsTT', 'DiMuonCreation', 'AtLeastOneDiTau', 'TTTauPtEta', 'TTTauDecayFound', 'TTTauStandardDecayFound', 'TTTauDRSel', 'TTSync', 'TTAntiEle', 'TTAntiMu', 'TTIso', 'TTOS']
DEBUG 2017-11-15 07:34:45,478: 	 Executing command: 'submit'
DEBUG 2017-11-15 07:34:45,478: 	 Found CRAB cache file /uscms/home/samuellh/.crab3
DEBUG 2017-11-15 07:34:45,486: 	 Checking credentials
DEBUG 2017-11-15 07:34:45,487: 	 Found proxy file /tmp/x509up_u52190
DEBUG 2017-11-15 07:34:45,487: 	 Getting proxy life time left
DEBUG 2017-11-15 07:34:45,590: 	 Executing : 
 command : voms-proxy-info -file /tmp/x509up_u52190 -timeleft
 output : 82798

 error: 
 retcode : 0
DEBUG 2017-11-15 07:34:45,693: 	 Executing : 
 command : voms-proxy-info -file /tmp/x509up_u52190 -actimeleft
 output : 82797

 error: 
 retcode : 0
DEBUG 2017-11-15 07:34:45,694: 	 Proxy valid for 22:59:58 hours
INFO 2017-11-15 07:34:45,694: 	 Will use CRAB configuration file crab3_TT_MC.py
DEBUG 2017-11-15 07:34:45,694: 	 Loading CRAB configuration file.
DEBUG 2017-11-15 07:34:45,701: 	 Will use CRAB Analysis plugin (i.e. will run an analysis job type).
DEBUG 2017-11-15 07:34:45,817: 	 Executing : 
 command : openssl x509 -in ~/.globus/usercert.pem -subject -noout
 output : subject= /DC=ch/DC=cern/OU=Organic Units/OU=Users/CN=shigginb/CN=785176/CN=Sam Higginbotham

 error: 
 retcode : 0
DEBUG 2017-11-15 07:34:45,817: 	 Checking credentials
DEBUG 2017-11-15 07:34:45,818: 	 Found proxy file /tmp/x509up_u52190
DEBUG 2017-11-15 07:34:45,818: 	 Getting proxy life time left
DEBUG 2017-11-15 07:34:45,920: 	 Executing : 
 command : voms-proxy-info -file /tmp/x509up_u52190 -timeleft
 output : 82798

 error: 
 retcode : 0
DEBUG 2017-11-15 07:34:46,024: 	 Executing : 
 command : voms-proxy-info -file /tmp/x509up_u52190 -actimeleft
 output : 82797

 error: 
 retcode : 0
DEBUG 2017-11-15 07:34:46,024: 	 Proxy valid for 22:59:58 hours
DEBUG 2017-11-15 07:34:46,127: 	 Executing : 
 command : env X509_USER_PROXY=/tmp/x509up_u52190 voms-proxy-info -fqan
 output : /cms/Role=NULL/Capability=NULL

 error: 
 retcode : 0
DEBUG 2017-11-15 07:34:47,783: 	 Registering user credentials for server /DC=ch/DC=cern/OU=computers/CN=vocms(045|052|021|031|0118|0118a|0119|0108|0105|0109).cern.ch
DEBUG 2017-11-15 07:34:47,891: 	 Executing : 
 command : openssl x509 -in ~/.globus/usercert.pem -subject -noout
 output : subject= /DC=ch/DC=cern/OU=Organic Units/OU=Users/CN=shigginb/CN=785176/CN=Sam Higginbotham

 error: 
 retcode : 0
DEBUG 2017-11-15 07:34:47,892: 	 Getting myproxy life time left for myproxy.cern.ch
DEBUG 2017-11-15 07:34:47,892: 	 Calculating hash of /DC=ch/DC=cern/OU=Organic Units/OU=Users/CN=shigginb/CN=785176/CN=Sam Higginbotham_cmsweb.cern.ch for credential name
DEBUG 2017-11-15 07:34:48,696: 	 Executing : 
 command : myproxy-info -l 2f318c7a260d78734589f2cc772d26b8be79ec6c -s myproxy.cern.ch
 output : username: 2f318c7a260d78734589f2cc772d26b8be79ec6c
owner: /DC=ch/DC=cern/OU=Organic Units/OU=Users/CN=shigginb/CN=785176/CN=Sam Higginbotham
  renewal policy: /DC=ch/DC=cern/OU=computers/CN=vocms(045|052|021|031|0118|0118a|0119|0108|0105|0109).cern.ch
  trusted retrieval policy: /DC=ch/DC=cern/OU=computers/CN=vocms(045|052|021|031|0118|0118a|0119|0108|0105|0109).cern.ch
  timeleft: 431:48:53  (18.0 days)

 error: 
 retcode : 0
DEBUG 2017-11-15 07:34:48,698: 	 Myproxy is valid: 1554533
DEBUG 2017-11-15 07:34:48,698: 	 Command use: submit
DEBUG 2017-11-15 07:34:48,698: 	 Options use: ['-c', 'crab3_TT_MC.py']
DEBUG 2017-11-15 07:34:50,552: 	 CRABClient version: 3.3.1707.patch1
DEBUG 2017-11-15 07:34:50,552: 	 Instance is prod
DEBUG 2017-11-15 07:34:50,552: 	 Server base url is cmsweb.cern.ch
DEBUG 2017-11-15 07:34:50,552: 	 Command url /crabserver/prod/workflow
DEBUG 2017-11-15 07:34:50,552: 	 Started submission
DEBUG 2017-11-15 07:34:50,552: 	 Working on /uscms_data/d3/samuellh/WorkingArea/TauAnalysis/CMSSW_9_3_2/src/PUAnalysis/VBFtt2017/crab/VBF45/crab_20171115_073445
DEBUG 2017-11-15 07:34:52,281: 	 Loading required information from the environment
DEBUG 2017-11-15 07:34:52,281: 	 Found CMSSW_9_3_2 for slc6_amd64_gcc630 with base /uscms_data/d3/samuellh/WorkingArea/TauAnalysis/CMSSW_9_3_2
DEBUG 2017-11-15 07:34:52,281: 	 Loading required information from the environment
DEBUG 2017-11-15 07:34:52,281: 	 Found CMSSW_9_3_2 for slc6_amd64_gcc630 with base /uscms_data/d3/samuellh/WorkingArea/TauAnalysis/CMSSW_9_3_2
DEBUG 2017-11-15 07:34:52,294: 	 UNIQUE NAME: tarUUID 0184c5f3-0c1f-4beb-b16a-c304e5aa3def 
DEBUG 2017-11-15 07:34:52,295: 	 self.config: from WMCore.Configuration import Configuration
config = Configuration()
config.section_('General')
config.section_('JobType')
config.JobType.psetName = '../../../TT-MC-Up.py'
config.JobType.pluginName = 'Analysis'
config.JobType.inputFiles = ['../../../Configuration/data/PhaseIISummer16_25nsV3_MC.db']
config.JobType.outputFiles = ['analysis.root']
config.JobType.allowUndistributedCMSSW = True
config.section_('Data')
config.Data.inputDataset = '/TT_TuneCUETP8M2T4_14TeV-powheg-pythia8/PhaseIITDRFall17MiniAOD-PU200_93X_upgrade2023_realistic_v2-v1/MINIAODSIM'
config.Data.unitsPerJob = 1
config.Data.publication = False
config.Data.inputDBS = 'global'
config.Data.splitting = 'FileBased'
config.section_('Site')
config.Site.storageSite = 'T3_US_FNALLPC'
config.section_('User')
config.section_('Debug')

DEBUG 2017-11-15 07:34:52,295: 	 self.config.JobType.psetName: ../../../TT-MC-Up.py
INFO 2017-11-15 07:34:52,295: 	 Importing CMSSW configuration ../../../TT-MC-Up.py
INFO 2017-11-15 07:34:54,836: 	 Finished importing CMSSW configuration ../../../TT-MC-Up.py
DEBUG 2017-11-15 07:34:54,837: 	 Writing CMSSW configuration to /uscms_data/d3/samuellh/WorkingArea/TauAnalysis/CMSSW_9_3_2/src/PUAnalysis/VBFtt2017/crab/VBF45/crab_20171115_073445/inputs/PSet.py
DEBUG 2017-11-15 07:34:55,608: 	 The following EDM output files will be collected: []
DEBUG 2017-11-15 07:34:55,608: 	 The following TFile output files will be collected: ['analysis.root']
DEBUG 2017-11-15 07:34:55,608: 	 The following user output files will be collected: []
DEBUG 2017-11-15 07:34:55,609: 	 Loading required information from the environment
DEBUG 2017-11-15 07:34:55,609: 	 Found CMSSW_9_3_2 for slc6_amd64_gcc630 with base /uscms_data/d3/samuellh/WorkingArea/TauAnalysis/CMSSW_9_3_2
DEBUG 2017-11-15 07:34:55,609: 	 Making tarball in /uscms_data/d3/samuellh/WorkingArea/TauAnalysis/CMSSW_9_3_2/src/PUAnalysis/VBFtt2017/crab/VBF45/crab_20171115_073445/inputs/0184c5f3-0c1f-4beb-b16a-c304e5aa3defdefault.tgz
DEBUG 2017-11-15 07:34:55,632: 	 Checking directory /uscms_data/d3/samuellh/WorkingArea/TauAnalysis/CMSSW_9_3_2/lib
DEBUG 2017-11-15 07:34:55,632: 	 Adding directory /uscms_data/d3/samuellh/WorkingArea/TauAnalysis/CMSSW_9_3_2/lib to tarball
DEBUG 2017-11-15 07:34:56,576: 	 Checking directory /uscms_data/d3/samuellh/WorkingArea/TauAnalysis/CMSSW_9_3_2/biglib
DEBUG 2017-11-15 07:34:56,576: 	 Adding directory /uscms_data/d3/samuellh/WorkingArea/TauAnalysis/CMSSW_9_3_2/biglib to tarball
DEBUG 2017-11-15 07:34:56,579: 	 Checking directory /uscms_data/d3/samuellh/WorkingArea/TauAnalysis/CMSSW_9_3_2/module
DEBUG 2017-11-15 07:34:56,611: 	 Adding data directory /uscms_data/d3/samuellh/WorkingArea/TauAnalysis/CMSSW_9_3_2/src/PUAnalysis/Configuration/data to tarball
DEBUG 2017-11-15 07:34:59,410: 	 Adding data directory /uscms_data/d3/samuellh/WorkingArea/TauAnalysis/CMSSW_9_3_2/src/PUAnalysis/DataFormats/interface to tarball
DEBUG 2017-11-15 07:34:59,420: 	 Adding data directory /uscms_data/d3/samuellh/WorkingArea/TauAnalysis/CMSSW_9_3_2/src/PUAnalysis/NtupleTools/interface to tarball
DEBUG 2017-11-15 07:34:59,433: 	 Adding data directory /uscms_data/d3/samuellh/WorkingArea/TauAnalysis/CMSSW_9_3_2/src/PUAnalysis/RecoTools/interface to tarball
DEBUG 2017-11-15 07:34:59,658: 	 Adding file ../../../Configuration/data/PhaseIISummer16_25nsV3_MC.db to tarball
DEBUG 2017-11-15 07:34:59,994: 	 Uploading archive /uscms_data/d3/samuellh/WorkingArea/TauAnalysis/CMSSW_9_3_2/src/PUAnalysis/VBFtt2017/crab/VBF45/crab_20171115_073445/inputs/0184c5f3-0c1f-4beb-b16a-c304e5aa3defdefault.tgz (11 MB) to the CRAB cache. Using URI https://cmsweb.cern.ch/crabcache
DEBUG 2017-11-15 07:35:07,470: 	 Loading required information from the environment
DEBUG 2017-11-15 07:35:07,471: 	 Found CMSSW_9_3_2 for slc6_amd64_gcc630 with base /uscms_data/d3/samuellh/WorkingArea/TauAnalysis/CMSSW_9_3_2
DEBUG 2017-11-15 07:35:07,471: 	 Making tarball in /uscms_data/d3/samuellh/WorkingArea/TauAnalysis/CMSSW_9_3_2/src/PUAnalysis/VBFtt2017/crab/VBF45/crab_20171115_073445/inputs/debugFiles.tgz
DEBUG 2017-11-15 07:35:07,477: 	 Uploading archive /uscms_data/d3/samuellh/WorkingArea/TauAnalysis/CMSSW_9_3_2/src/PUAnalysis/VBFtt2017/crab/VBF45/crab_20171115_073445/inputs/debugFiles.tgz (2 KB) to the CRAB cache. Using URI https://cmsweb.cern.ch/crabcache
DEBUG 2017-11-15 07:35:09,343: 	 Result uploading input files: 4e198fb019d07e682a8bd09208595d4eb73bac82ae7f6e24154a54b4451cc952.tar.gz 
INFO 2017-11-15 07:35:09,344: 	 Sending the request to the server
DEBUG 2017-11-15 07:35:09,344: 	 Submitting {'maxjobruntime': 1250, 'extrajdl': [], 'ignorelocality': 0, 'savelogsflag': 0, 'useparent': 0, 'asyncdest': 'T3_US_FNALLPC', 'algoargs': 1, 'cachefilename': '4e198fb019d07e682a8bd09208595d4eb73bac82ae7f6e24154a54b4451cc952.tar.gz', 'numcores': 1, 'addoutputfiles': [], 'generator': 'pythia', 'maxmemory': 2000, 'publishdbsurl': 'https://cmsweb.cern.ch/dbs/prod/phys03/DBSWriter', 'priority': 10, 'jobsw': 'CMSSW_9_3_2', 'edmoutfiles': [], 'userfiles': [], 'primarydataset': '', 'inputdata': '/TT_TuneCUETP8M2T4_14TeV-powheg-pythia8/PhaseIITDRFall17MiniAOD-PU200_93X_upgrade2023_realistic_v2-v1/MINIAODSIM', 'dryrun': 0, 'workflow': 'crab_20171115_073445', 'cacheurl': u'https://cmsweb.cern.ch/crabcache', 'nonprodsw': 1, 'tfileoutfiles': ['analysis.root'], 'oneEventMode': 0, 'debugfilename': 'e960627e6e32933659ce3595c8c1bcf34139b7f08fab58afdd11a809aed744b5.tar.gz', 'saveoutput': 1, 'publication': 0, 'jobarch': 'slc6_amd64_gcc630', 'totalunits': 0, 'splitalgo': 'FileBased', 'ignoreglobalblacklist': 0, 'nonvaliddata': 0, 'dbsurl': 'https://cmsweb.cern.ch/dbs/prod/global/DBSReader', 'publishgroupname': 0, 'jobtype': 'Analysis', 'publishname2': ''} 
DEBUG 2017-11-15 07:35:09,344: 	 Encoded submit request: maxjobruntime=1250&ignorelocality=0&savelogsflag=0&useparent=0&asyncdest=T3_US_FNALLPC&algoargs=1&cachefilename=4e198fb019d07e682a8bd09208595d4eb73bac82ae7f6e24154a54b4451cc952.tar.gz&numcores=1&generator=pythia&maxmemory=2000&publishdbsurl=https%3A%2F%2Fcmsweb.cern.ch%2Fdbs%2Fprod%2Fphys03%2FDBSWriter&priority=10&jobsw=CMSSW_9_3_2&primarydataset=&inputdata=%2FTT_TuneCUETP8M2T4_14TeV-powheg-pythia8%2FPhaseIITDRFall17MiniAOD-PU200_93X_upgrade2023_realistic_v2-v1%2FMINIAODSIM&dryrun=0&workflow=crab_20171115_073445&cacheurl=https%3A%2F%2Fcmsweb.cern.ch%2Fcrabcache&nonprodsw=1&oneEventMode=0&debugfilename=e960627e6e32933659ce3595c8c1bcf34139b7f08fab58afdd11a809aed744b5.tar.gz&saveoutput=1&publication=0&jobarch=slc6_amd64_gcc630&totalunits=0&splitalgo=FileBased&ignoreglobalblacklist=0&nonvaliddata=0&dbsurl=https%3A%2F%2Fcmsweb.cern.ch%2Fdbs%2Fprod%2Fglobal%2FDBSReader&publishgroupname=0&jobtype=Analysis&publishname2=&tfileoutfiles=analysis.root
DEBUG 2017-11-15 07:35:11,220: 	 Result: {u'result': [{u'RequestName': u'171115_133511:shigginb_crab_20171115_073445'}]}
INFO 2017-11-15 07:35:11,223: 	 Success: Your task has been delivered to the CRAB3 server.
INFO 2017-11-15 07:35:11,224: 	 Task name: 171115_133511:shigginb_crab_20171115_073445
INFO 2017-11-15 07:35:11,224: 	 Please use 'crab status' to check how the submission process proceeds.
DEBUG 2017-11-15 07:35:11,224: 	 About to return
INFO 2017-11-15 07:35:11,230: 	 Log file is /uscms_data/d3/samuellh/WorkingArea/TauAnalysis/CMSSW_9_3_2/src/PUAnalysis/VBFtt2017/crab/VBF45/crab_20171115_073445/crab.log
DEBUG 2017-11-15 08:03:38,474: 	 Executing command: 'status'
DEBUG 2017-11-15 08:03:38,475: 	 Found CRAB cache file /uscms/home/samuellh/.crab3
DEBUG 2017-11-15 08:03:38,483: 	 Checking credentials
DEBUG 2017-11-15 08:03:38,483: 	 Found proxy file /tmp/x509up_u52190
DEBUG 2017-11-15 08:03:38,483: 	 Getting proxy life time left
DEBUG 2017-11-15 08:03:38,586: 	 Executing : 
 command : voms-proxy-info -file /tmp/x509up_u52190 -timeleft
 output : 81065

 error: 
 retcode : 0
DEBUG 2017-11-15 08:03:38,689: 	 Executing : 
 command : voms-proxy-info -file /tmp/x509up_u52190 -actimeleft
 output : 81064

 error: 
 retcode : 0
DEBUG 2017-11-15 08:03:38,690: 	 Proxy valid for 22:31:05 hours
DEBUG 2017-11-15 08:03:38,803: 	 Executing : 
 command : openssl x509 -in ~/.globus/usercert.pem -subject -noout
 output : subject= /DC=ch/DC=cern/OU=Organic Units/OU=Users/CN=shigginb/CN=785176/CN=Sam Higginbotham

 error: 
 retcode : 0
DEBUG 2017-11-15 08:03:38,803: 	 Checking credentials
DEBUG 2017-11-15 08:03:38,804: 	 Found proxy file /tmp/x509up_u52190
DEBUG 2017-11-15 08:03:38,804: 	 Getting proxy life time left
DEBUG 2017-11-15 08:03:38,907: 	 Executing : 
 command : voms-proxy-info -file /tmp/x509up_u52190 -timeleft
 output : 81065

 error: 
 retcode : 0
DEBUG 2017-11-15 08:03:39,010: 	 Executing : 
 command : voms-proxy-info -file /tmp/x509up_u52190 -actimeleft
 output : 81064

 error: 
 retcode : 0
DEBUG 2017-11-15 08:03:39,011: 	 Proxy valid for 22:31:05 hours
DEBUG 2017-11-15 08:03:40,823: 	 Registering user credentials for server /DC=ch/DC=cern/OU=computers/CN=vocms(045|052|021|031|0118|0118a|0119|0108|0105|0109).cern.ch
DEBUG 2017-11-15 08:03:40,931: 	 Executing : 
 command : openssl x509 -in ~/.globus/usercert.pem -subject -noout
 output : subject= /DC=ch/DC=cern/OU=Organic Units/OU=Users/CN=shigginb/CN=785176/CN=Sam Higginbotham

 error: 
 retcode : 0
DEBUG 2017-11-15 08:03:40,931: 	 Getting myproxy life time left for myproxy.cern.ch
DEBUG 2017-11-15 08:03:40,931: 	 Calculating hash of /DC=ch/DC=cern/OU=Organic Units/OU=Users/CN=shigginb/CN=785176/CN=Sam Higginbotham_cmsweb.cern.ch for credential name
DEBUG 2017-11-15 08:03:41,636: 	 Executing : 
 command : myproxy-info -l 2f318c7a260d78734589f2cc772d26b8be79ec6c -s myproxy.cern.ch
 output : username: 2f318c7a260d78734589f2cc772d26b8be79ec6c
owner: /DC=ch/DC=cern/OU=Organic Units/OU=Users/CN=shigginb/CN=785176/CN=Sam Higginbotham
  renewal policy: /DC=ch/DC=cern/OU=computers/CN=vocms(045|052|021|031|0118|0118a|0119|0108|0105|0109).cern.ch
  trusted retrieval policy: /DC=ch/DC=cern/OU=computers/CN=vocms(045|052|021|031|0118|0118a|0119|0108|0105|0109).cern.ch
  timeleft: 431:20:00  (18.0 days)

 error: 
 retcode : 0
DEBUG 2017-11-15 08:03:41,637: 	 Myproxy is valid: 1552800
DEBUG 2017-11-15 08:03:41,637: 	 Command use: status
DEBUG 2017-11-15 08:03:41,637: 	 Options use: ['-d', 'crab_20171115_073445/']
DEBUG 2017-11-15 08:03:43,306: 	 CRABClient version: 3.3.1707.patch1
DEBUG 2017-11-15 08:03:43,306: 	 Instance is prod
DEBUG 2017-11-15 08:03:43,306: 	 Server base url is cmsweb.cern.ch
DEBUG 2017-11-15 08:03:43,306: 	 Command url /crabserver/prod/workflow
DEBUG 2017-11-15 08:03:45,117: 	 Got information from server oracle database: {u'result': [u'171115_133511:shigginb_crab_20171115_073445', u'None', u'SUBMITTED', u'2017-11-15 13:35:11.155858', u'None', u'2017-11-15 13:36:16.491303', u'None', u'CMSSW_9_3_2', u'slc6_amd64_gcc630', u'/TT_TuneCUETP8M2T4_14TeV-powheg-pythia8/PhaseIITDRFall17MiniAOD-PU200_93X_upgrade2023_realistic_v2-v1/MINIAODSIM', u'[]', u'[]', u'FileBased', u"{'splitOnRun': False, 'halt_job_on_file_boundaries': False, 'files_per_job': 1, 'runs': [], 'lumis': []}", u'0', u'4e198fb019d07e682a8bd09208595d4eb73bac82ae7f6e24154a54b4451cc952.tar.gz', u'https://cmsweb.cern.ch/crabcache', u'shigginb', u'/DC=ch/DC=cern/OU=Organic Units/OU=Users/CN=shigginb/CN=785176/CN=Sam Higginbotham', u'cms', u'None', u'None', u'crab_20171115_073445-00000000000000000000000000000000', u'T3_US_FNALLPC', u'https://cmsweb.cern.ch/dbs/prod/global/DBSReader', u'https://cmsweb.cern.ch/dbs/prod/phys03/DBSWriter', u'F', u'Analysis', u'{}', u'[]', u'F', u'vocms052', u'[]', u'1250', u'1', u'2000', u'10', u'None', u'http://vocms0137.cern.ch/mon/cms1359/171115_133511:shigginb_crab_20171115_073445', u'None', u'None', u'[]', u'[]', u'[]', u'pythia', u'[]', u"['analysis.root']", u'[]', u'https://cmsweb.cern.ch/crabserver/prod', u'None', u'0', u'cmssrv221.fnal.gov:9620', u'crab3@vocms0137.cern.ch', u'F', u'[]', u'T', u'/store/user/shigginb/', u'F', u'None', u'F', u'F', u'F', u'None', u'TT_TuneCUETP8M2T4_14TeV-powheg-pythia8', u'filetransfers', u'SUBMIT', u'15047985', u'e960627e6e32933659ce3595c8c1bcf34139b7f08fab58afdd11a809aed744b5.tar.gz', u'131.225.190.56', u'F', u'None'], u'desc': {u'columns': [u'tm_taskname', u'panda_jobset_id', u'tm_task_status', u'tm_start_time', u'tm_start_injection', u'tm_end_injection', u'tm_task_failure', u'tm_job_sw', u'tm_job_arch', u'tm_input_dataset', u'tm_site_whitelist', u'tm_site_blacklist', u'tm_split_algo', u'tm_split_args', u'tm_totalunits', u'tm_user_sandbox', u'tm_cache_url', u'tm_username', u'tm_user_dn', u'tm_user_vo', u'tm_user_role', u'tm_user_group', u'tm_publish_name', u'tm_asyncdest', u'tm_dbs_url', u'tm_publish_dbs_url', u'tm_publication', u'tm_job_type', u'tm_arguments', u'panda_resubmitted_jobs', u'tm_save_logs', u'tw_name', u'tm_user_infiles', u'tm_maxjobruntime', u'tm_numcores', u'tm_maxmemory', u'tm_priority', u'tm_output_dataset', u'tm_user_webdir', u'tm_activity', u'tm_scriptexe', u'tm_scriptargs', u'tm_extrajdl', u'tm_task_warnings', u'tm_generator', u'tm_outfiles', u'tm_tfile_outfiles', u'tm_edm_outfiles', u'tm_asourl', u'tm_events_per_lumi', u'tm_use_parent', u'tm_collector', u'tm_schedd', u'tm_dry_run', u'tm_user_files', u'tm_transfer_outputs', u'tm_output_lfn', u'tm_ignore_locality', u'tm_fail_limit', u'tm_one_event_mode', u'tm_publish_groupname', u'tm_nonvalid_input_dataset', u'tm_secondary_input_dataset', u'tm_primary_dataset', u'tm_asodb', u'tm_task_command', u'clusterid', u'tm_debug_files', u'tm_submitter_ip_addr', u'tm_ignore_global_blacklist', u'tm_last_publication']}}
INFO 2017-11-15 08:03:45,118: 	 CRAB project directory:		/uscms_data/d3/samuellh/WorkingArea/TauAnalysis/CMSSW_9_3_2/src/PUAnalysis/VBFtt2017/crab/VBF45/crab_20171115_073445
INFO 2017-11-15 08:03:45,118: 	 Task name:			171115_133511:shigginb_crab_20171115_073445
INFO 2017-11-15 08:03:45,118: 	 Grid scheduler:			crab3@vocms0137.cern.ch
INFO 2017-11-15 08:03:45,118: 	 Status on the CRAB server:	SUBMITTED
INFO 2017-11-15 08:03:45,119: 	 Task URL to use for HELP:	https://cmsweb.cern.ch/crabserver/ui/task/171115_133511%3Ashigginb_crab_20171115_073445
INFO 2017-11-15 08:03:45,119: 	 Dashboard monitoring URL:	http://dashb-cms-job.cern.ch/dashboard/templates/task-analysis/#user=shigginb&refresh=0&table=Jobs&p=1&records=25&activemenu=2&status=&site=&tid=171115_133511%3Ashigginb_crab_20171115_073445
DEBUG 2017-11-15 08:03:45,119: 	 The CRAB server submitted your task to the Grid scheduler (cluster ID: 15047985)
DEBUG 2017-11-15 08:03:45,119: 	 Webdir is located at http://vocms0137.cern.ch/mon/cms1359/171115_133511:shigginb_crab_20171115_073445
DEBUG 2017-11-15 08:03:46,766: 	 Proxied webdir is located at https://cmsweb.cern.ch/scheddmon/0137/cms1359/171115_133511:shigginb_crab_20171115_073445
DEBUG 2017-11-15 08:03:46,767: 	 Retrieving 'status_cache' file from https://cmsweb.cern.ch/scheddmon/0137/cms1359/171115_133511:shigginb_crab_20171115_073445/status_cache
DEBUG 2017-11-15 08:03:48,751: 	 Got information from status cache file: {'11': {'Retries': 0, 'WallDurations': [173.0], 'StartTimes': [1510753102.0], 'SubmitTimes': [1510753006.0], 'JobIds': ['15047990.0'], 'EndTimes': [1510753275.0], 'Restarts': 0, 'RecordedSite': False, 'State': 'finished', 'ResidentSetSize': [20384], 'TotalUserCpuTimeHistory': [110], 'SiteHistory': ['Unknown'], 'TotalSysCpuTimeHistory': [4]}, '10': {'Retries': 0, 'WallDurations': [588.0], 'StartTimes': [1510753126.0], 'SubmitTimes': [1510753015.0], 'JobIds': ['15048000.0'], 'EndTimes': [1510753714.0], 'Restarts': 0, 'RecordedSite': False, 'State': 'finished', 'ResidentSetSize': [1717072], 'TotalUserCpuTimeHistory': [514], 'SiteHistory': ['Unknown'], 'TotalSysCpuTimeHistory': [11]}, '12': {'Retries': 0, 'WallDurations': [1085.0], 'StartTimes': [1510753128.0], 'SubmitTimes': [1510753013.0], 'JobIds': ['15047996.0'], 'EndTimes': [1510754213.0], 'Restarts': 0, 'RecordedSite': False, 'State': 'finished', 'ResidentSetSize': [736748], 'TotalUserCpuTimeHistory': [176], 'SiteHistory': ['Unknown'], 'TotalSysCpuTimeHistory': [8]}, '1': {'Retries': 0, 'WallDurations': [301.0], 'StartTimes': [1510753079.0], 'SubmitTimes': [1510753013.0], 'JobIds': ['15047993.0'], 'EndTimes': [1510753380.0], 'Restarts': 0, 'RecordedSite': False, 'State': 'finished', 'ResidentSetSize': [4180], 'TotalUserCpuTimeHistory': [117], 'SiteHistory': ['Unknown'], 'TotalSysCpuTimeHistory': [5]}, '3': {'Retries': 0, 'WallDurations': [646.0], 'StartTimes': [1510753126.0], 'SubmitTimes': [1510753013.0], 'JobIds': ['15047998.0'], 'EndTimes': [1510753772.0], 'Restarts': 0, 'RecordedSite': False, 'State': 'finished', 'ResidentSetSize': [754132], 'TotalUserCpuTimeHistory': [178], 'SiteHistory': ['Unknown'], 'TotalSysCpuTimeHistory': [11]}, '2': {'Retries': 0, 'WallDurations': [265.0], 'StartTimes': [1510753127.0], 'SubmitTimes': [1510753008.0], 'JobIds': ['15047992.0'], 'EndTimes': [1510753392.0], 'Restarts': 0, 'RecordedSite': False, 'State': 'finished', 'ResidentSetSize': [258220], 'TotalUserCpuTimeHistory': [189], 'SiteHistory': ['Unknown'], 'TotalSysCpuTimeHistory': [3]}, '5': {'Retries': 0, 'WallDurations': [79.0], 'StartTimes': [1510753111.0], 'SubmitTimes': [1510753013.0], 'JobIds': ['15047995.0'], 'EndTimes': [1510753190.0], 'Restarts': 0, 'RecordedSite': False, 'State': 'finished', 'ResidentSetSize': [27052], 'TotalUserCpuTimeHistory': [53], 'SiteHistory': ['Unknown'], 'TotalSysCpuTimeHistory': [1]}, '4': {'Retries': 0, 'WallDurations': [229.0], 'StartTimes': [1510753018.0], 'SubmitTimes': [1510753004.0], 'JobIds': ['15047989.0'], 'EndTimes': [1510753247.0], 'Restarts': 0, 'RecordedSite': False, 'State': 'finished', 'ResidentSetSize': [16228], 'TotalUserCpuTimeHistory': [187], 'SiteHistory': ['Unknown'], 'TotalSysCpuTimeHistory': [4]}, '7': {'Retries': 0, 'WallDurations': [203.0], 'StartTimes': [1510753128.0], 'SubmitTimes': [1510753013.0], 'JobIds': ['15047994.0'], 'EndTimes': [1510753331.0], 'Restarts': 0, 'RecordedSite': False, 'State': 'finished', 'ResidentSetSize': [44760], 'TotalUserCpuTimeHistory': [143], 'SiteHistory': ['Unknown'], 'TotalSysCpuTimeHistory': [3]}, '6': {'Retries': 0, 'WallDurations': [143.0], 'StartTimes': [1510753047.0], 'SubmitTimes': [1510753015.0], 'JobIds': ['15047999.0'], 'EndTimes': [1510753190.0], 'Restarts': 0, 'RecordedSite': False, 'State': 'finished', 'ResidentSetSize': [26220], 'TotalUserCpuTimeHistory': [107], 'SiteHistory': ['Unknown'], 'TotalSysCpuTimeHistory': [2]}, '9': {'Retries': 0, 'WallDurations': [1349.0], 'StartTimes': [1510753099.0], 'SubmitTimes': [1510753004.0], 'JobIds': ['15047988.0'], 'EndTimes': [1510754448.0], 'Restarts': 0, 'RecordedSite': False, 'State': 'finished', 'ResidentSetSize': [1790848], 'TotalUserCpuTimeHistory': [462], 'SiteHistory': ['Unknown'], 'TotalSysCpuTimeHistory': [8]}, '8': {'Retries': 0, 'WallDurations': [1209.0], 'StartTimes': [1510753126.0], 'SubmitTimes': [1510753013.0], 'JobIds': ['15047997.0'], 'EndTimes': [], 'Restarts': 0, 'RecordedSite': False, 'State': 'running', 'ResidentSetSize': [1856004], 'TotalUserCpuTimeHistory': [0], 'SiteHistory': ['Unknown'], 'TotalSysCpuTimeHistory': [0]}}
INFO 2017-11-15 08:03:48,751: 	 Status on the scheduler:	SUBMITTED
INFO 2017-11-15 08:03:48,751: 	 
Jobs status:                    finished       91.7% (11/12)
INFO 2017-11-15 08:03:48,751: 	 				running         8.3% ( 1/12)
INFO 2017-11-15 08:03:48,752: 	 
No publication information (publication has been disabled in the CRAB configuration file)
INFO 2017-11-15 08:03:48,765: 	 Log file is /uscms_data/d3/samuellh/WorkingArea/TauAnalysis/CMSSW_9_3_2/src/PUAnalysis/VBFtt2017/crab/VBF45/crab_20171115_073445/crab.log
DEBUG 2017-11-15 09:16:46,850: 	 Executing command: 'status'
DEBUG 2017-11-15 09:16:46,851: 	 Found CRAB cache file /uscms/home/samuellh/.crab3
DEBUG 2017-11-15 09:16:46,858: 	 Checking credentials
DEBUG 2017-11-15 09:16:46,858: 	 Found proxy file /tmp/x509up_u52190
DEBUG 2017-11-15 09:16:46,858: 	 Getting proxy life time left
DEBUG 2017-11-15 09:16:46,962: 	 Executing : 
 command : voms-proxy-info -file /tmp/x509up_u52190 -timeleft
 output : 76677

 error: 
 retcode : 0
DEBUG 2017-11-15 09:16:47,066: 	 Executing : 
 command : voms-proxy-info -file /tmp/x509up_u52190 -actimeleft
 output : 76675

 error: 
 retcode : 0
DEBUG 2017-11-15 09:16:47,066: 	 Proxy valid for 21:17:57 hours
DEBUG 2017-11-15 09:16:47,179: 	 Executing : 
 command : openssl x509 -in ~/.globus/usercert.pem -subject -noout
 output : subject= /DC=ch/DC=cern/OU=Organic Units/OU=Users/CN=shigginb/CN=785176/CN=Sam Higginbotham

 error: 
 retcode : 0
DEBUG 2017-11-15 09:16:47,179: 	 Checking credentials
DEBUG 2017-11-15 09:16:47,179: 	 Found proxy file /tmp/x509up_u52190
DEBUG 2017-11-15 09:16:47,179: 	 Getting proxy life time left
DEBUG 2017-11-15 09:16:47,283: 	 Executing : 
 command : voms-proxy-info -file /tmp/x509up_u52190 -timeleft
 output : 76676

 error: 
 retcode : 0
DEBUG 2017-11-15 09:16:47,386: 	 Executing : 
 command : voms-proxy-info -file /tmp/x509up_u52190 -actimeleft
 output : 76675

 error: 
 retcode : 0
DEBUG 2017-11-15 09:16:47,387: 	 Proxy valid for 21:17:56 hours
DEBUG 2017-11-15 09:16:49,116: 	 Registering user credentials for server /DC=ch/DC=cern/OU=computers/CN=vocms(045|052|021|031|0118|0118a|0119|0108|0105|0109).cern.ch
DEBUG 2017-11-15 09:16:49,224: 	 Executing : 
 command : openssl x509 -in ~/.globus/usercert.pem -subject -noout
 output : subject= /DC=ch/DC=cern/OU=Organic Units/OU=Users/CN=shigginb/CN=785176/CN=Sam Higginbotham

 error: 
 retcode : 0
DEBUG 2017-11-15 09:16:49,224: 	 Getting myproxy life time left for myproxy.cern.ch
DEBUG 2017-11-15 09:16:49,224: 	 Calculating hash of /DC=ch/DC=cern/OU=Organic Units/OU=Users/CN=shigginb/CN=785176/CN=Sam Higginbotham_cmsweb.cern.ch for credential name
DEBUG 2017-11-15 09:16:50,029: 	 Executing : 
 command : myproxy-info -l 2f318c7a260d78734589f2cc772d26b8be79ec6c -s myproxy.cern.ch
 output : username: 2f318c7a260d78734589f2cc772d26b8be79ec6c
owner: /DC=ch/DC=cern/OU=Organic Units/OU=Users/CN=shigginb/CN=785176/CN=Sam Higginbotham
  renewal policy: /DC=ch/DC=cern/OU=computers/CN=vocms(045|052|021|031|0118|0118a|0119|0108|0105|0109).cern.ch
  trusted retrieval policy: /DC=ch/DC=cern/OU=computers/CN=vocms(045|052|021|031|0118|0118a|0119|0108|0105|0109).cern.ch
  timeleft: 430:06:52  (17.9 days)

 error: 
 retcode : 0
DEBUG 2017-11-15 09:16:50,031: 	 Myproxy is valid: 1548412
DEBUG 2017-11-15 09:16:50,031: 	 Command use: status
DEBUG 2017-11-15 09:16:50,031: 	 Options use: ['-d', 'crab_20171115_073445/']
DEBUG 2017-11-15 09:16:51,626: 	 CRABClient version: 3.3.1707.patch1
DEBUG 2017-11-15 09:16:51,626: 	 Instance is prod
DEBUG 2017-11-15 09:16:51,626: 	 Server base url is cmsweb.cern.ch
DEBUG 2017-11-15 09:16:51,626: 	 Command url /crabserver/prod/workflow
DEBUG 2017-11-15 09:16:53,248: 	 Got information from server oracle database: {u'result': [u'171115_133511:shigginb_crab_20171115_073445', u'None', u'SUBMITTED', u'2017-11-15 13:35:11.155858', u'None', u'2017-11-15 13:36:16.491303', u'None', u'CMSSW_9_3_2', u'slc6_amd64_gcc630', u'/TT_TuneCUETP8M2T4_14TeV-powheg-pythia8/PhaseIITDRFall17MiniAOD-PU200_93X_upgrade2023_realistic_v2-v1/MINIAODSIM', u'[]', u'[]', u'FileBased', u"{'splitOnRun': False, 'halt_job_on_file_boundaries': False, 'files_per_job': 1, 'runs': [], 'lumis': []}", u'0', u'4e198fb019d07e682a8bd09208595d4eb73bac82ae7f6e24154a54b4451cc952.tar.gz', u'https://cmsweb.cern.ch/crabcache', u'shigginb', u'/DC=ch/DC=cern/OU=Organic Units/OU=Users/CN=shigginb/CN=785176/CN=Sam Higginbotham', u'cms', u'None', u'None', u'crab_20171115_073445-00000000000000000000000000000000', u'T3_US_FNALLPC', u'https://cmsweb.cern.ch/dbs/prod/global/DBSReader', u'https://cmsweb.cern.ch/dbs/prod/phys03/DBSWriter', u'F', u'Analysis', u'{}', u'[]', u'F', u'vocms052', u'[]', u'1250', u'1', u'2000', u'10', u'None', u'http://vocms0137.cern.ch/mon/cms1359/171115_133511:shigginb_crab_20171115_073445', u'None', u'None', u'[]', u'[]', u'[]', u'pythia', u'[]', u"['analysis.root']", u'[]', u'https://cmsweb.cern.ch/crabserver/prod', u'None', u'0', u'cmssrv221.fnal.gov:9620', u'crab3@vocms0137.cern.ch', u'F', u'[]', u'T', u'/store/user/shigginb/', u'F', u'None', u'F', u'F', u'F', u'None', u'TT_TuneCUETP8M2T4_14TeV-powheg-pythia8', u'filetransfers', u'SUBMIT', u'15047985', u'e960627e6e32933659ce3595c8c1bcf34139b7f08fab58afdd11a809aed744b5.tar.gz', u'131.225.190.56', u'F', u'None'], u'desc': {u'columns': [u'tm_taskname', u'panda_jobset_id', u'tm_task_status', u'tm_start_time', u'tm_start_injection', u'tm_end_injection', u'tm_task_failure', u'tm_job_sw', u'tm_job_arch', u'tm_input_dataset', u'tm_site_whitelist', u'tm_site_blacklist', u'tm_split_algo', u'tm_split_args', u'tm_totalunits', u'tm_user_sandbox', u'tm_cache_url', u'tm_username', u'tm_user_dn', u'tm_user_vo', u'tm_user_role', u'tm_user_group', u'tm_publish_name', u'tm_asyncdest', u'tm_dbs_url', u'tm_publish_dbs_url', u'tm_publication', u'tm_job_type', u'tm_arguments', u'panda_resubmitted_jobs', u'tm_save_logs', u'tw_name', u'tm_user_infiles', u'tm_maxjobruntime', u'tm_numcores', u'tm_maxmemory', u'tm_priority', u'tm_output_dataset', u'tm_user_webdir', u'tm_activity', u'tm_scriptexe', u'tm_scriptargs', u'tm_extrajdl', u'tm_task_warnings', u'tm_generator', u'tm_outfiles', u'tm_tfile_outfiles', u'tm_edm_outfiles', u'tm_asourl', u'tm_events_per_lumi', u'tm_use_parent', u'tm_collector', u'tm_schedd', u'tm_dry_run', u'tm_user_files', u'tm_transfer_outputs', u'tm_output_lfn', u'tm_ignore_locality', u'tm_fail_limit', u'tm_one_event_mode', u'tm_publish_groupname', u'tm_nonvalid_input_dataset', u'tm_secondary_input_dataset', u'tm_primary_dataset', u'tm_asodb', u'tm_task_command', u'clusterid', u'tm_debug_files', u'tm_submitter_ip_addr', u'tm_ignore_global_blacklist', u'tm_last_publication']}}
INFO 2017-11-15 09:16:53,249: 	 CRAB project directory:		/uscms_data/d3/samuellh/WorkingArea/TauAnalysis/CMSSW_9_3_2/src/PUAnalysis/VBFtt2017/crab/VBF45/crab_20171115_073445
INFO 2017-11-15 09:16:53,249: 	 Task name:			171115_133511:shigginb_crab_20171115_073445
INFO 2017-11-15 09:16:53,249: 	 Grid scheduler:			crab3@vocms0137.cern.ch
INFO 2017-11-15 09:16:53,250: 	 Status on the CRAB server:	SUBMITTED
INFO 2017-11-15 09:16:53,250: 	 Task URL to use for HELP:	https://cmsweb.cern.ch/crabserver/ui/task/171115_133511%3Ashigginb_crab_20171115_073445
INFO 2017-11-15 09:16:53,250: 	 Dashboard monitoring URL:	http://dashb-cms-job.cern.ch/dashboard/templates/task-analysis/#user=shigginb&refresh=0&table=Jobs&p=1&records=25&activemenu=2&status=&site=&tid=171115_133511%3Ashigginb_crab_20171115_073445
DEBUG 2017-11-15 09:16:53,250: 	 The CRAB server submitted your task to the Grid scheduler (cluster ID: 15047985)
DEBUG 2017-11-15 09:16:53,250: 	 Webdir is located at http://vocms0137.cern.ch/mon/cms1359/171115_133511:shigginb_crab_20171115_073445
DEBUG 2017-11-15 09:16:55,028: 	 Proxied webdir is located at https://cmsweb.cern.ch/scheddmon/0137/cms1359/171115_133511:shigginb_crab_20171115_073445
DEBUG 2017-11-15 09:16:55,028: 	 Retrieving 'status_cache' file from https://cmsweb.cern.ch/scheddmon/0137/cms1359/171115_133511:shigginb_crab_20171115_073445/status_cache
DEBUG 2017-11-15 09:16:56,663: 	 Got information from status cache file: {'11': {'Retries': 0, 'WallDurations': [173.0], 'StartTimes': [1510753102.0], 'SubmitTimes': [1510753006.0], 'JobIds': ['15047990.0'], 'EndTimes': [1510753275.0], 'Restarts': 0, 'RecordedSite': False, 'State': 'finished', 'ResidentSetSize': [20384], 'TotalUserCpuTimeHistory': [110], 'SiteHistory': ['Unknown'], 'TotalSysCpuTimeHistory': [4]}, '10': {'Retries': 0, 'WallDurations': [588.0], 'StartTimes': [1510753126.0], 'SubmitTimes': [1510753015.0], 'JobIds': ['15048000.0'], 'EndTimes': [1510753714.0], 'Restarts': 0, 'RecordedSite': False, 'State': 'finished', 'ResidentSetSize': [1717072], 'TotalUserCpuTimeHistory': [514], 'SiteHistory': ['Unknown'], 'TotalSysCpuTimeHistory': [11]}, '12': {'Retries': 0, 'WallDurations': [1085.0], 'StartTimes': [1510753128.0], 'SubmitTimes': [1510753013.0], 'JobIds': ['15047996.0'], 'EndTimes': [1510754213.0], 'Restarts': 0, 'RecordedSite': False, 'State': 'finished', 'ResidentSetSize': [736748], 'TotalUserCpuTimeHistory': [176], 'SiteHistory': ['Unknown'], 'TotalSysCpuTimeHistory': [8]}, '1': {'Retries': 0, 'WallDurations': [301.0], 'StartTimes': [1510753079.0], 'SubmitTimes': [1510753013.0], 'JobIds': ['15047993.0'], 'EndTimes': [1510753380.0], 'Restarts': 0, 'RecordedSite': False, 'State': 'finished', 'ResidentSetSize': [4180], 'TotalUserCpuTimeHistory': [117], 'SiteHistory': ['Unknown'], 'TotalSysCpuTimeHistory': [5]}, '3': {'Retries': 0, 'WallDurations': [646.0], 'StartTimes': [1510753126.0], 'SubmitTimes': [1510753013.0], 'JobIds': ['15047998.0'], 'EndTimes': [1510753772.0], 'Restarts': 0, 'RecordedSite': False, 'State': 'finished', 'ResidentSetSize': [754132], 'TotalUserCpuTimeHistory': [178], 'SiteHistory': ['Unknown'], 'TotalSysCpuTimeHistory': [11]}, '2': {'Retries': 0, 'WallDurations': [265.0], 'StartTimes': [1510753127.0], 'SubmitTimes': [1510753008.0], 'JobIds': ['15047992.0'], 'EndTimes': [1510753392.0], 'Restarts': 0, 'RecordedSite': False, 'State': 'finished', 'ResidentSetSize': [258220], 'TotalUserCpuTimeHistory': [189], 'SiteHistory': ['Unknown'], 'TotalSysCpuTimeHistory': [3]}, '5': {'Retries': 0, 'WallDurations': [79.0], 'StartTimes': [1510753111.0], 'SubmitTimes': [1510753013.0], 'JobIds': ['15047995.0'], 'EndTimes': [1510753190.0], 'Restarts': 0, 'RecordedSite': False, 'State': 'finished', 'ResidentSetSize': [27052], 'TotalUserCpuTimeHistory': [53], 'SiteHistory': ['Unknown'], 'TotalSysCpuTimeHistory': [1]}, '4': {'Retries': 0, 'WallDurations': [229.0], 'StartTimes': [1510753018.0], 'SubmitTimes': [1510753004.0], 'JobIds': ['15047989.0'], 'EndTimes': [1510753247.0], 'Restarts': 0, 'RecordedSite': False, 'State': 'finished', 'ResidentSetSize': [16228], 'TotalUserCpuTimeHistory': [187], 'SiteHistory': ['Unknown'], 'TotalSysCpuTimeHistory': [4]}, '7': {'Retries': 0, 'WallDurations': [203.0], 'StartTimes': [1510753128.0], 'SubmitTimes': [1510753013.0], 'JobIds': ['15047994.0'], 'EndTimes': [1510753331.0], 'Restarts': 0, 'RecordedSite': False, 'State': 'finished', 'ResidentSetSize': [44760], 'TotalUserCpuTimeHistory': [143], 'SiteHistory': ['Unknown'], 'TotalSysCpuTimeHistory': [3]}, '6': {'Retries': 0, 'WallDurations': [143.0], 'StartTimes': [1510753047.0], 'SubmitTimes': [1510753015.0], 'JobIds': ['15047999.0'], 'EndTimes': [1510753190.0], 'Restarts': 0, 'RecordedSite': False, 'State': 'finished', 'ResidentSetSize': [26220], 'TotalUserCpuTimeHistory': [107], 'SiteHistory': ['Unknown'], 'TotalSysCpuTimeHistory': [2]}, '9': {'Retries': 0, 'WallDurations': [1349.0], 'StartTimes': [1510753099.0], 'SubmitTimes': [1510753004.0], 'JobIds': ['15047988.0'], 'EndTimes': [1510754448.0], 'Restarts': 0, 'RecordedSite': False, 'State': 'finished', 'ResidentSetSize': [1790848], 'TotalUserCpuTimeHistory': [462], 'SiteHistory': ['Unknown'], 'TotalSysCpuTimeHistory': [8]}, '8': {'Retries': 0, 'WallDurations': [1805.0], 'StartTimes': [1510753126.0], 'SubmitTimes': [1510753013.0], 'JobIds': ['15047997.0'], 'EndTimes': [1510754931.0], 'Restarts': 0, 'RecordedSite': False, 'State': 'finished', 'ResidentSetSize': [1900976], 'TotalUserCpuTimeHistory': [690], 'SiteHistory': ['Unknown'], 'TotalSysCpuTimeHistory': [15]}}
INFO 2017-11-15 09:16:56,663: 	 Status on the scheduler:	COMPLETED
INFO 2017-11-15 09:16:56,663: 	 
Jobs status:                    finished      100.0% (12/12)
INFO 2017-11-15 09:16:56,664: 	 
No publication information (publication has been disabled in the CRAB configuration file)
INFO 2017-11-15 09:16:56,674: 	 Log file is /uscms_data/d3/samuellh/WorkingArea/TauAnalysis/CMSSW_9_3_2/src/PUAnalysis/VBFtt2017/crab/VBF45/crab_20171115_073445/crab.log
