('The system path in the config file ', ['/cvmfs/cms.cern.ch/crab3/slc6_amd64_gcc493/cms/crabclient/3.3.1707.patch1/bin', '/uscms_data/d3/samuellh/WorkingArea/TauAnalysis/CMSSW_9_3_2/python', '/uscms_data/d3/samuellh/WorkingArea/TauAnalysis/CMSSW_9_3_2/lib/slc6_amd64_gcc630', '/cvmfs/cms.cern.ch/slc6_amd64_gcc630/cms/cmssw/CMSSW_9_3_2/python', '/cvmfs/cms.cern.ch/slc6_amd64_gcc630/cms/cmssw/CMSSW_9_3_2/lib/slc6_amd64_gcc630', '/cvmfs/cms.cern.ch/slc6_amd64_gcc630/cms/coral/CORAL_2_3_21-ghjeda6/slc6_amd64_gcc630/python', '/cvmfs/cms.cern.ch/slc6_amd64_gcc630/cms/coral/CORAL_2_3_21-ghjeda6/slc6_amd64_gcc630/lib', '/cvmfs/cms.cern.ch/slc6_amd64_gcc630/external/professor2/2.2.1-ghjeda6/lib/python2.7/site-packages', '/cvmfs/cms.cern.ch/slc6_amd64_gcc630/external/pyqt/4.11.4-mlhled2/lib/python2.7/site-packages', '/cvmfs/cms.cern.ch/slc6_amd64_gcc630/external/sherpa/2.2.4-ghjeda/lib/python2.7/site-packages', '/cvmfs/cms.cern.ch/slc6_amd64_gcc630/external/rivet/2.5.2-ghjeda4/lib/python2.7/site-packages', '/cvmfs/cms.cern.ch/slc6_amd64_gcc630/external/python-ldap/2.4.10-mlhled2/lib/python2.7/site-packages', '/cvmfs/cms.cern.ch/slc6_amd64_gcc630/external/py2-matplotlib/1.5.2-njopjo/lib/python2.7/site-packages', '/cvmfs/cms.cern.ch/slc6_amd64_gcc630/external/sip/4.17-mlhled2/lib/python2.7/site-packages', '/cvmfs/cms.cern.ch/slc6_amd64_gcc630/external/llvm/4.0.0-njopjo/lib64/python2.7/site-packages', '/cvmfs/cms.cern.ch/slc6_amd64_gcc630/external/py2-sqlalchemy/1.1.4-mlhled2/lib/python2.7/site-packages', '/cvmfs/cms.cern.ch/slc6_amd64_gcc630/external/py2-lint/0.25.1-mlhled2/lib/python2.7/site-packages', '/cvmfs/cms.cern.ch/slc6_amd64_gcc630/external/py2-dxr/1.0-ghjeda6/lib/python2.7/site-packages', '/cvmfs/cms.cern.ch/slc6_amd64_gcc630/external/py2-cx-oracle/5.2.1-mlhled2/lib/python2.7/site-packages', '/cvmfs/cms.cern.ch/slc6_amd64_gcc630/external/py2-numpy/1.12.1-mlhled2/lib/python2.7/site-packages', '/cvmfs/cms.cern.ch/slc6_amd64_gcc630/external/frontier_client/2.8.20-mlhled2/python/lib', '/cvmfs/cms.cern.ch/slc6_amd64_gcc630/cms/das_client/v03.01.00-mlhled2/bin', '/cvmfs/cms.cern.ch/slc6_amd64_gcc630/external/xrootd/4.6.1/lib/python2.7/site-packages', '/cvmfs/cms.cern.ch/slc6_amd64_gcc630/external/yoda/1.6.5-ghjeda4/lib/python2.7/site-packages', '/cvmfs/cms.cern.ch/slc6_amd64_gcc630/lcg/root/6.10.04-ghjeda/lib', '/cvmfs/cms.cern.ch/slc6_amd64_gcc630/external/pyminuit2/0.0.1-ghjeda4/lib/python2.7/site-packages', '/cvmfs/cms.cern.ch/slc6_amd64_gcc630/external/py2-PyYAML/3.11-mlhled2/lib/python2.7/site-packages', '/cvmfs/cms.cern.ch/slc6_amd64_gcc630/external/py2-pygithub/1.23.0-mlhled2/lib/python2.7/site-packages', '/cvmfs/cms.cern.ch/slc6_amd64_gcc630/external/py2-pip/9.0.1-mlhled2/lib/python2.7/site-packages', '/cvmfs/cms.cern.ch/slc6_amd64_gcc630/external/py2-dablooms/0.9.1-mlhled2/lib/python2.7/site-packages', '/cvmfs/cms.cern.ch/slc6_amd64_gcc630/external/py2-pippkgs_depscipy/3.0-ghjeda6/lib/python2.7/site-packages', '/cvmfs/cms.cern.ch/slc6_amd64_gcc630/external/py2-pippkgs/5.0-ghjeda6/lib/python2.7/site-packages', '/cvmfs/cms.cern.ch/slc6_amd64_gcc630/external/professor/1.4.0-ghjeda4/lib/python2.7/site-packages', '/cvmfs/cms.cern.ch/slc6_amd64_gcc630/cms/dbs-client/DBS_2_1_9-mlhled2/lib', '/cvmfs/cms.cern.ch/slc6_amd64_gcc630/cms/dbs-client/DBS_2_1_9-mlhled2/lib/DBSAPI', '/cvmfs/cms.cern.ch/slc6_amd64_gcc630/external/cvs2git/5419-mlhled2/lib', '/cvmfs/cms.cern.ch/crab3/slc6_amd64_gcc493/cms/crabclient/3.3.1707.patch1/lib/python2.7/site-packages', '/cvmfs/cms.cern.ch/crab3/slc6_amd64_gcc493/cms/dbs3-client/3.4.4/lib/python2.7/site-packages', '/cvmfs/cms.cern.ch/crab3/slc6_amd64_gcc493/cms/dbs3-pycurl-client/3.4.4/lib/python2.7/site-packages', '/cvmfs/cms.cern.ch/slc6_amd64_gcc630/external/py2-sqlalchemy/1.1.4-mlhled2/lib/python2.7/site-packages/SQLAlchemy-1.1.4-py2.7-linux-x86_64.egg', '/cvmfs/cms.cern.ch/slc6_amd64_gcc630/external/py2-numpy/1.12.1-mlhled2/lib/python2.7/site-packages/numpy-1.12.1-py2.7-linux-x86_64.egg', '/cvmfs/cms.cern.ch/slc6_amd64_gcc630/external/python/2.7.11-mlhled2/lib/python27.zip', '/cvmfs/cms.cern.ch/slc6_amd64_gcc630/external/python/2.7.11-mlhled2/lib/python2.7', '/cvmfs/cms.cern.ch/slc6_amd64_gcc630/external/python/2.7.11-mlhled2/lib/python2.7/plat-linux2', '/cvmfs/cms.cern.ch/slc6_amd64_gcc630/external/python/2.7.11-mlhled2/lib/python2.7/lib-tk', '/cvmfs/cms.cern.ch/slc6_amd64_gcc630/external/python/2.7.11-mlhled2/lib/python2.7/lib-old', '/cvmfs/cms.cern.ch/slc6_amd64_gcc630/external/python/2.7.11-mlhled2/lib/python2.7/lib-dynload', '/cvmfs/cms.cern.ch/slc6_amd64_gcc630/external/python/2.7.11-mlhled2/lib/python2.7/site-packages', '/uscms_data/d3/samuellh/WorkingArea/TauAnalysis/CMSSW_9_3_2/src/PUAnalysis/VBFtt2017/crab/VBF53'])
 ##################################################################### 
 # WARNING: the module CondCore.DBCommon.CondDBSetup is deprecated.  # 
 # Please import CondCore.CondDB.CondDB_cfi                          # 
 ##################################################################### 
recorrecting the jets
List Of Filters
['processedEvents', 'initialEventsTT', 'DiMuonCreation', 'AtLeastOneDiTau', 'TTTauPtEta', 'TTTauDecayFound', 'TTTauStandardDecayFound', 'TTTauDRSel', 'TTSync', 'TTAntiEle', 'TTAntiMu', 'TTIso', 'TTOS']
DEBUG 2017-11-15 07:38:56,132: 	 Executing command: 'submit'
DEBUG 2017-11-15 07:38:56,135: 	 Found CRAB cache file /uscms/home/samuellh/.crab3
DEBUG 2017-11-15 07:38:56,155: 	 Checking credentials
DEBUG 2017-11-15 07:38:56,155: 	 Found proxy file /tmp/x509up_u52190
DEBUG 2017-11-15 07:38:56,155: 	 Getting proxy life time left
DEBUG 2017-11-15 07:38:56,258: 	 Executing : 
 command : voms-proxy-info -file /tmp/x509up_u52190 -timeleft
 output : 82547

 error: 
 retcode : 0
DEBUG 2017-11-15 07:38:56,362: 	 Executing : 
 command : voms-proxy-info -file /tmp/x509up_u52190 -actimeleft
 output : 82546

 error: 
 retcode : 0
DEBUG 2017-11-15 07:38:56,362: 	 Proxy valid for 22:55:47 hours
INFO 2017-11-15 07:38:56,362: 	 Will use CRAB configuration file crab3_TT_MC.py
DEBUG 2017-11-15 07:38:56,362: 	 Loading CRAB configuration file.
DEBUG 2017-11-15 07:38:56,371: 	 Will use CRAB Analysis plugin (i.e. will run an analysis job type).
DEBUG 2017-11-15 07:38:56,488: 	 Executing : 
 command : openssl x509 -in ~/.globus/usercert.pem -subject -noout
 output : subject= /DC=ch/DC=cern/OU=Organic Units/OU=Users/CN=shigginb/CN=785176/CN=Sam Higginbotham

 error: 
 retcode : 0
DEBUG 2017-11-15 07:38:56,488: 	 Checking credentials
DEBUG 2017-11-15 07:38:56,488: 	 Found proxy file /tmp/x509up_u52190
DEBUG 2017-11-15 07:38:56,489: 	 Getting proxy life time left
DEBUG 2017-11-15 07:38:56,592: 	 Executing : 
 command : voms-proxy-info -file /tmp/x509up_u52190 -timeleft
 output : 82547

 error: 
 retcode : 0
DEBUG 2017-11-15 07:38:56,695: 	 Executing : 
 command : voms-proxy-info -file /tmp/x509up_u52190 -actimeleft
 output : 82546

 error: 
 retcode : 0
DEBUG 2017-11-15 07:38:56,696: 	 Proxy valid for 22:55:47 hours
DEBUG 2017-11-15 07:38:56,799: 	 Executing : 
 command : env X509_USER_PROXY=/tmp/x509up_u52190 voms-proxy-info -fqan
 output : /cms/Role=NULL/Capability=NULL

 error: 
 retcode : 0
DEBUG 2017-11-15 07:38:58,590: 	 Registering user credentials for server /DC=ch/DC=cern/OU=computers/CN=vocms(045|052|021|031|0118|0118a|0119|0108|0105|0109).cern.ch
DEBUG 2017-11-15 07:38:58,697: 	 Executing : 
 command : openssl x509 -in ~/.globus/usercert.pem -subject -noout
 output : subject= /DC=ch/DC=cern/OU=Organic Units/OU=Users/CN=shigginb/CN=785176/CN=Sam Higginbotham

 error: 
 retcode : 0
DEBUG 2017-11-15 07:38:58,697: 	 Getting myproxy life time left for myproxy.cern.ch
DEBUG 2017-11-15 07:38:58,697: 	 Calculating hash of /DC=ch/DC=cern/OU=Organic Units/OU=Users/CN=shigginb/CN=785176/CN=Sam Higginbotham_cmsweb.cern.ch for credential name
DEBUG 2017-11-15 07:38:59,502: 	 Executing : 
 command : myproxy-info -l 2f318c7a260d78734589f2cc772d26b8be79ec6c -s myproxy.cern.ch
 output : username: 2f318c7a260d78734589f2cc772d26b8be79ec6c
owner: /DC=ch/DC=cern/OU=Organic Units/OU=Users/CN=shigginb/CN=785176/CN=Sam Higginbotham
  renewal policy: /DC=ch/DC=cern/OU=computers/CN=vocms(045|052|021|031|0118|0118a|0119|0108|0105|0109).cern.ch
  trusted retrieval policy: /DC=ch/DC=cern/OU=computers/CN=vocms(045|052|021|031|0118|0118a|0119|0108|0105|0109).cern.ch
  timeleft: 431:44:42  (18.0 days)

 error: 
 retcode : 0
DEBUG 2017-11-15 07:38:59,505: 	 Myproxy is valid: 1554282
DEBUG 2017-11-15 07:38:59,505: 	 Command use: submit
DEBUG 2017-11-15 07:38:59,505: 	 Options use: ['-c', 'crab3_TT_MC.py']
DEBUG 2017-11-15 07:39:01,229: 	 CRABClient version: 3.3.1707.patch1
DEBUG 2017-11-15 07:39:01,229: 	 Instance is prod
DEBUG 2017-11-15 07:39:01,229: 	 Server base url is cmsweb.cern.ch
DEBUG 2017-11-15 07:39:01,229: 	 Command url /crabserver/prod/workflow
DEBUG 2017-11-15 07:39:01,229: 	 Started submission
DEBUG 2017-11-15 07:39:01,229: 	 Working on /uscms_data/d3/samuellh/WorkingArea/TauAnalysis/CMSSW_9_3_2/src/PUAnalysis/VBFtt2017/crab/VBF53/crab_20171115_073856
DEBUG 2017-11-15 07:39:02,862: 	 Loading required information from the environment
DEBUG 2017-11-15 07:39:02,862: 	 Found CMSSW_9_3_2 for slc6_amd64_gcc630 with base /uscms_data/d3/samuellh/WorkingArea/TauAnalysis/CMSSW_9_3_2
DEBUG 2017-11-15 07:39:02,862: 	 Loading required information from the environment
DEBUG 2017-11-15 07:39:02,862: 	 Found CMSSW_9_3_2 for slc6_amd64_gcc630 with base /uscms_data/d3/samuellh/WorkingArea/TauAnalysis/CMSSW_9_3_2
DEBUG 2017-11-15 07:39:02,878: 	 UNIQUE NAME: tarUUID a5fd40b2-20c9-4b83-b4c9-cd971c1985e0 
DEBUG 2017-11-15 07:39:02,879: 	 self.config: from WMCore.Configuration import Configuration
config = Configuration()
config.section_('General')
config.section_('JobType')
config.JobType.psetName = '../../../TT-MC-Up.py'
config.JobType.pluginName = 'Analysis'
config.JobType.inputFiles = ['../../../Configuration/data/PhaseIISummer16_25nsV3_MC.db']
config.JobType.outputFiles = ['analysis.root']
config.JobType.allowUndistributedCMSSW = True
config.section_('Data')
config.Data.inputDataset = '/TprimeBToTH_M-2500_Width-20p_LH_TuneCUETP8M2T4_14TeV-madgraph-pythia8/PhaseIITDRFall17MiniAOD-PU200_93X_upgrade2023_realistic_v2-v1/MINIAODSIM'
config.Data.unitsPerJob = 1
config.Data.publication = False
config.Data.inputDBS = 'global'
config.Data.splitting = 'FileBased'
config.section_('Site')
config.Site.storageSite = 'T3_US_FNALLPC'
config.section_('User')
config.section_('Debug')

DEBUG 2017-11-15 07:39:02,879: 	 self.config.JobType.psetName: ../../../TT-MC-Up.py
INFO 2017-11-15 07:39:02,880: 	 Importing CMSSW configuration ../../../TT-MC-Up.py
INFO 2017-11-15 07:39:06,091: 	 Finished importing CMSSW configuration ../../../TT-MC-Up.py
DEBUG 2017-11-15 07:39:06,091: 	 Writing CMSSW configuration to /uscms_data/d3/samuellh/WorkingArea/TauAnalysis/CMSSW_9_3_2/src/PUAnalysis/VBFtt2017/crab/VBF53/crab_20171115_073856/inputs/PSet.py
DEBUG 2017-11-15 07:39:08,739: 	 The following EDM output files will be collected: []
DEBUG 2017-11-15 07:39:08,739: 	 The following TFile output files will be collected: ['analysis.root']
DEBUG 2017-11-15 07:39:08,739: 	 The following user output files will be collected: []
DEBUG 2017-11-15 07:39:08,739: 	 Loading required information from the environment
DEBUG 2017-11-15 07:39:08,739: 	 Found CMSSW_9_3_2 for slc6_amd64_gcc630 with base /uscms_data/d3/samuellh/WorkingArea/TauAnalysis/CMSSW_9_3_2
DEBUG 2017-11-15 07:39:08,739: 	 Making tarball in /uscms_data/d3/samuellh/WorkingArea/TauAnalysis/CMSSW_9_3_2/src/PUAnalysis/VBFtt2017/crab/VBF53/crab_20171115_073856/inputs/a5fd40b2-20c9-4b83-b4c9-cd971c1985e0default.tgz
DEBUG 2017-11-15 07:39:08,772: 	 Checking directory /uscms_data/d3/samuellh/WorkingArea/TauAnalysis/CMSSW_9_3_2/lib
DEBUG 2017-11-15 07:39:08,772: 	 Adding directory /uscms_data/d3/samuellh/WorkingArea/TauAnalysis/CMSSW_9_3_2/lib to tarball
DEBUG 2017-11-15 07:39:09,687: 	 Checking directory /uscms_data/d3/samuellh/WorkingArea/TauAnalysis/CMSSW_9_3_2/biglib
DEBUG 2017-11-15 07:39:09,687: 	 Adding directory /uscms_data/d3/samuellh/WorkingArea/TauAnalysis/CMSSW_9_3_2/biglib to tarball
DEBUG 2017-11-15 07:39:09,688: 	 Checking directory /uscms_data/d3/samuellh/WorkingArea/TauAnalysis/CMSSW_9_3_2/module
DEBUG 2017-11-15 07:39:09,827: 	 Adding data directory /uscms_data/d3/samuellh/WorkingArea/TauAnalysis/CMSSW_9_3_2/src/PUAnalysis/Configuration/data to tarball
DEBUG 2017-11-15 07:39:12,283: 	 Adding data directory /uscms_data/d3/samuellh/WorkingArea/TauAnalysis/CMSSW_9_3_2/src/PUAnalysis/DataFormats/interface to tarball
DEBUG 2017-11-15 07:39:12,292: 	 Adding data directory /uscms_data/d3/samuellh/WorkingArea/TauAnalysis/CMSSW_9_3_2/src/PUAnalysis/NtupleTools/interface to tarball
DEBUG 2017-11-15 07:39:12,306: 	 Adding data directory /uscms_data/d3/samuellh/WorkingArea/TauAnalysis/CMSSW_9_3_2/src/PUAnalysis/RecoTools/interface to tarball
DEBUG 2017-11-15 07:39:12,519: 	 Adding file ../../../Configuration/data/PhaseIISummer16_25nsV3_MC.db to tarball
DEBUG 2017-11-15 07:39:12,859: 	 Uploading archive /uscms_data/d3/samuellh/WorkingArea/TauAnalysis/CMSSW_9_3_2/src/PUAnalysis/VBFtt2017/crab/VBF53/crab_20171115_073856/inputs/a5fd40b2-20c9-4b83-b4c9-cd971c1985e0default.tgz (11 MB) to the CRAB cache. Using URI https://cmsweb.cern.ch/crabcache
DEBUG 2017-11-15 07:39:19,967: 	 Loading required information from the environment
DEBUG 2017-11-15 07:39:19,968: 	 Found CMSSW_9_3_2 for slc6_amd64_gcc630 with base /uscms_data/d3/samuellh/WorkingArea/TauAnalysis/CMSSW_9_3_2
DEBUG 2017-11-15 07:39:19,968: 	 Making tarball in /uscms_data/d3/samuellh/WorkingArea/TauAnalysis/CMSSW_9_3_2/src/PUAnalysis/VBFtt2017/crab/VBF53/crab_20171115_073856/inputs/debugFiles.tgz
DEBUG 2017-11-15 07:39:19,985: 	 Uploading archive /uscms_data/d3/samuellh/WorkingArea/TauAnalysis/CMSSW_9_3_2/src/PUAnalysis/VBFtt2017/crab/VBF53/crab_20171115_073856/inputs/debugFiles.tgz (2 KB) to the CRAB cache. Using URI https://cmsweb.cern.ch/crabcache
DEBUG 2017-11-15 07:39:21,804: 	 Result uploading input files: 4e198fb019d07e682a8bd09208595d4eb73bac82ae7f6e24154a54b4451cc952.tar.gz 
INFO 2017-11-15 07:39:21,804: 	 Sending the request to the server
DEBUG 2017-11-15 07:39:21,804: 	 Submitting {'maxjobruntime': 1250, 'extrajdl': [], 'ignorelocality': 0, 'savelogsflag': 0, 'useparent': 0, 'asyncdest': 'T3_US_FNALLPC', 'algoargs': 1, 'cachefilename': '4e198fb019d07e682a8bd09208595d4eb73bac82ae7f6e24154a54b4451cc952.tar.gz', 'numcores': 1, 'addoutputfiles': [], 'generator': 'pythia', 'maxmemory': 2000, 'publishdbsurl': 'https://cmsweb.cern.ch/dbs/prod/phys03/DBSWriter', 'priority': 10, 'jobsw': 'CMSSW_9_3_2', 'edmoutfiles': [], 'userfiles': [], 'primarydataset': '', 'inputdata': '/TprimeBToTH_M-2500_Width-20p_LH_TuneCUETP8M2T4_14TeV-madgraph-pythia8/PhaseIITDRFall17MiniAOD-PU200_93X_upgrade2023_realistic_v2-v1/MINIAODSIM', 'dryrun': 0, 'workflow': 'crab_20171115_073856', 'cacheurl': u'https://cmsweb.cern.ch/crabcache', 'nonprodsw': 1, 'tfileoutfiles': ['analysis.root'], 'oneEventMode': 0, 'debugfilename': '26f01cac9c5761b3454ea56b511c15e759679662b62d5ac07937dd0e7f48b34a.tar.gz', 'saveoutput': 1, 'publication': 0, 'jobarch': 'slc6_amd64_gcc630', 'totalunits': 0, 'splitalgo': 'FileBased', 'ignoreglobalblacklist': 0, 'nonvaliddata': 0, 'dbsurl': 'https://cmsweb.cern.ch/dbs/prod/global/DBSReader', 'publishgroupname': 0, 'jobtype': 'Analysis', 'publishname2': ''} 
DEBUG 2017-11-15 07:39:21,805: 	 Encoded submit request: maxjobruntime=1250&ignorelocality=0&savelogsflag=0&useparent=0&asyncdest=T3_US_FNALLPC&algoargs=1&cachefilename=4e198fb019d07e682a8bd09208595d4eb73bac82ae7f6e24154a54b4451cc952.tar.gz&numcores=1&generator=pythia&maxmemory=2000&publishdbsurl=https%3A%2F%2Fcmsweb.cern.ch%2Fdbs%2Fprod%2Fphys03%2FDBSWriter&priority=10&jobsw=CMSSW_9_3_2&primarydataset=&inputdata=%2FTprimeBToTH_M-2500_Width-20p_LH_TuneCUETP8M2T4_14TeV-madgraph-pythia8%2FPhaseIITDRFall17MiniAOD-PU200_93X_upgrade2023_realistic_v2-v1%2FMINIAODSIM&dryrun=0&workflow=crab_20171115_073856&cacheurl=https%3A%2F%2Fcmsweb.cern.ch%2Fcrabcache&nonprodsw=1&oneEventMode=0&debugfilename=26f01cac9c5761b3454ea56b511c15e759679662b62d5ac07937dd0e7f48b34a.tar.gz&saveoutput=1&publication=0&jobarch=slc6_amd64_gcc630&totalunits=0&splitalgo=FileBased&ignoreglobalblacklist=0&nonvaliddata=0&dbsurl=https%3A%2F%2Fcmsweb.cern.ch%2Fdbs%2Fprod%2Fglobal%2FDBSReader&publishgroupname=0&jobtype=Analysis&publishname2=&tfileoutfiles=analysis.root
DEBUG 2017-11-15 07:39:23,657: 	 Result: {u'result': [{u'RequestName': u'171115_133923:shigginb_crab_20171115_073856'}]}
INFO 2017-11-15 07:39:23,660: 	 Success: Your task has been delivered to the CRAB3 server.
INFO 2017-11-15 07:39:23,661: 	 Task name: 171115_133923:shigginb_crab_20171115_073856
INFO 2017-11-15 07:39:23,661: 	 Please use 'crab status' to check how the submission process proceeds.
DEBUG 2017-11-15 07:39:23,661: 	 About to return
INFO 2017-11-15 07:39:23,667: 	 Log file is /uscms_data/d3/samuellh/WorkingArea/TauAnalysis/CMSSW_9_3_2/src/PUAnalysis/VBFtt2017/crab/VBF53/crab_20171115_073856/crab.log
DEBUG 2017-11-15 08:05:18,587: 	 Executing command: 'status'
DEBUG 2017-11-15 08:05:18,587: 	 Found CRAB cache file /uscms/home/samuellh/.crab3
DEBUG 2017-11-15 08:05:18,595: 	 Checking credentials
DEBUG 2017-11-15 08:05:18,595: 	 Found proxy file /tmp/x509up_u52190
DEBUG 2017-11-15 08:05:18,595: 	 Getting proxy life time left
DEBUG 2017-11-15 08:05:18,698: 	 Executing : 
 command : voms-proxy-info -file /tmp/x509up_u52190 -timeleft
 output : 80965

 error: 
 retcode : 0
DEBUG 2017-11-15 08:05:18,801: 	 Executing : 
 command : voms-proxy-info -file /tmp/x509up_u52190 -actimeleft
 output : 80964

 error: 
 retcode : 0
DEBUG 2017-11-15 08:05:18,801: 	 Proxy valid for 22:29:25 hours
DEBUG 2017-11-15 08:05:18,915: 	 Executing : 
 command : openssl x509 -in ~/.globus/usercert.pem -subject -noout
 output : subject= /DC=ch/DC=cern/OU=Organic Units/OU=Users/CN=shigginb/CN=785176/CN=Sam Higginbotham

 error: 
 retcode : 0
DEBUG 2017-11-15 08:05:18,915: 	 Checking credentials
DEBUG 2017-11-15 08:05:18,915: 	 Found proxy file /tmp/x509up_u52190
DEBUG 2017-11-15 08:05:18,916: 	 Getting proxy life time left
DEBUG 2017-11-15 08:05:19,018: 	 Executing : 
 command : voms-proxy-info -file /tmp/x509up_u52190 -timeleft
 output : 80965

 error: 
 retcode : 0
DEBUG 2017-11-15 08:05:19,122: 	 Executing : 
 command : voms-proxy-info -file /tmp/x509up_u52190 -actimeleft
 output : 80963

 error: 
 retcode : 0
DEBUG 2017-11-15 08:05:19,122: 	 Proxy valid for 22:29:25 hours
DEBUG 2017-11-15 08:05:20,770: 	 Registering user credentials for server /DC=ch/DC=cern/OU=computers/CN=vocms(045|052|021|031|0118|0118a|0119|0108|0105|0109).cern.ch
DEBUG 2017-11-15 08:05:20,877: 	 Executing : 
 command : openssl x509 -in ~/.globus/usercert.pem -subject -noout
 output : subject= /DC=ch/DC=cern/OU=Organic Units/OU=Users/CN=shigginb/CN=785176/CN=Sam Higginbotham

 error: 
 retcode : 0
DEBUG 2017-11-15 08:05:20,877: 	 Getting myproxy life time left for myproxy.cern.ch
DEBUG 2017-11-15 08:05:20,877: 	 Calculating hash of /DC=ch/DC=cern/OU=Organic Units/OU=Users/CN=shigginb/CN=785176/CN=Sam Higginbotham_cmsweb.cern.ch for credential name
DEBUG 2017-11-15 08:05:21,582: 	 Executing : 
 command : myproxy-info -l 2f318c7a260d78734589f2cc772d26b8be79ec6c -s myproxy.cern.ch
 output : username: 2f318c7a260d78734589f2cc772d26b8be79ec6c
owner: /DC=ch/DC=cern/OU=Organic Units/OU=Users/CN=shigginb/CN=785176/CN=Sam Higginbotham
  renewal policy: /DC=ch/DC=cern/OU=computers/CN=vocms(045|052|021|031|0118|0118a|0119|0108|0105|0109).cern.ch
  trusted retrieval policy: /DC=ch/DC=cern/OU=computers/CN=vocms(045|052|021|031|0118|0118a|0119|0108|0105|0109).cern.ch
  timeleft: 431:18:20  (18.0 days)

 error: 
 retcode : 0
DEBUG 2017-11-15 08:05:21,583: 	 Myproxy is valid: 1552700
DEBUG 2017-11-15 08:05:21,583: 	 Command use: status
DEBUG 2017-11-15 08:05:21,583: 	 Options use: ['-d', 'crab_20171115_073856/']
DEBUG 2017-11-15 08:05:23,463: 	 CRABClient version: 3.3.1707.patch1
DEBUG 2017-11-15 08:05:23,463: 	 Instance is prod
DEBUG 2017-11-15 08:05:23,463: 	 Server base url is cmsweb.cern.ch
DEBUG 2017-11-15 08:05:23,463: 	 Command url /crabserver/prod/workflow
DEBUG 2017-11-15 08:05:25,437: 	 Got information from server oracle database: {u'result': [u'171115_133923:shigginb_crab_20171115_073856', u'None', u'SUBMITTED', u'2017-11-15 13:39:23.596836', u'None', u'2017-11-15 13:40:09.284927', u'None', u'CMSSW_9_3_2', u'slc6_amd64_gcc630', u'/TprimeBToTH_M-2500_Width-20p_LH_TuneCUETP8M2T4_14TeV-madgraph-pythia8/PhaseIITDRFall17MiniAOD-PU200_93X_upgrade2023_realistic_v2-v1/MINIAODSIM', u'[]', u'[]', u'FileBased', u"{'splitOnRun': False, 'halt_job_on_file_boundaries': False, 'files_per_job': 1, 'runs': [], 'lumis': []}", u'0', u'4e198fb019d07e682a8bd09208595d4eb73bac82ae7f6e24154a54b4451cc952.tar.gz', u'https://cmsweb.cern.ch/crabcache', u'shigginb', u'/DC=ch/DC=cern/OU=Organic Units/OU=Users/CN=shigginb/CN=785176/CN=Sam Higginbotham', u'cms', u'None', u'None', u'crab_20171115_073856-00000000000000000000000000000000', u'T3_US_FNALLPC', u'https://cmsweb.cern.ch/dbs/prod/global/DBSReader', u'https://cmsweb.cern.ch/dbs/prod/phys03/DBSWriter', u'F', u'Analysis', u'{}', u'[]', u'F', u'vocms052', u'[]', u'1250', u'1', u'2000', u'10', u'None', u'http://vocms0194.cern.ch/mon/cms1359/171115_133923:shigginb_crab_20171115_073856', u'None', u'None', u'[]', u'[]', u'[]', u'pythia', u'[]', u"['analysis.root']", u'[]', u'https://cmsweb.cern.ch/crabserver/prod', u'None', u'0', u'cmssrv221.fnal.gov:9620', u'crab3@vocms0194.cern.ch', u'F', u'[]', u'T', u'/store/user/shigginb/', u'F', u'None', u'F', u'F', u'F', u'None', u'TprimeBToTH_M-2500_Width-20p_LH_TuneCUETP8M2T4_14TeV-madgraph-pythia8', u'filetransfers', u'SUBMIT', u'13796168', u'26f01cac9c5761b3454ea56b511c15e759679662b62d5ac07937dd0e7f48b34a.tar.gz', u'131.225.190.56', u'F', u'None'], u'desc': {u'columns': [u'tm_taskname', u'panda_jobset_id', u'tm_task_status', u'tm_start_time', u'tm_start_injection', u'tm_end_injection', u'tm_task_failure', u'tm_job_sw', u'tm_job_arch', u'tm_input_dataset', u'tm_site_whitelist', u'tm_site_blacklist', u'tm_split_algo', u'tm_split_args', u'tm_totalunits', u'tm_user_sandbox', u'tm_cache_url', u'tm_username', u'tm_user_dn', u'tm_user_vo', u'tm_user_role', u'tm_user_group', u'tm_publish_name', u'tm_asyncdest', u'tm_dbs_url', u'tm_publish_dbs_url', u'tm_publication', u'tm_job_type', u'tm_arguments', u'panda_resubmitted_jobs', u'tm_save_logs', u'tw_name', u'tm_user_infiles', u'tm_maxjobruntime', u'tm_numcores', u'tm_maxmemory', u'tm_priority', u'tm_output_dataset', u'tm_user_webdir', u'tm_activity', u'tm_scriptexe', u'tm_scriptargs', u'tm_extrajdl', u'tm_task_warnings', u'tm_generator', u'tm_outfiles', u'tm_tfile_outfiles', u'tm_edm_outfiles', u'tm_asourl', u'tm_events_per_lumi', u'tm_use_parent', u'tm_collector', u'tm_schedd', u'tm_dry_run', u'tm_user_files', u'tm_transfer_outputs', u'tm_output_lfn', u'tm_ignore_locality', u'tm_fail_limit', u'tm_one_event_mode', u'tm_publish_groupname', u'tm_nonvalid_input_dataset', u'tm_secondary_input_dataset', u'tm_primary_dataset', u'tm_asodb', u'tm_task_command', u'clusterid', u'tm_debug_files', u'tm_submitter_ip_addr', u'tm_ignore_global_blacklist', u'tm_last_publication']}}
INFO 2017-11-15 08:05:25,437: 	 CRAB project directory:		/uscms_data/d3/samuellh/WorkingArea/TauAnalysis/CMSSW_9_3_2/src/PUAnalysis/VBFtt2017/crab/VBF53/crab_20171115_073856
INFO 2017-11-15 08:05:25,437: 	 Task name:			171115_133923:shigginb_crab_20171115_073856
INFO 2017-11-15 08:05:25,437: 	 Grid scheduler:			crab3@vocms0194.cern.ch
INFO 2017-11-15 08:05:25,438: 	 Status on the CRAB server:	SUBMITTED
INFO 2017-11-15 08:05:25,438: 	 Task URL to use for HELP:	https://cmsweb.cern.ch/crabserver/ui/task/171115_133923%3Ashigginb_crab_20171115_073856
INFO 2017-11-15 08:05:25,438: 	 Dashboard monitoring URL:	http://dashb-cms-job.cern.ch/dashboard/templates/task-analysis/#user=shigginb&refresh=0&table=Jobs&p=1&records=25&activemenu=2&status=&site=&tid=171115_133923%3Ashigginb_crab_20171115_073856
DEBUG 2017-11-15 08:05:25,438: 	 The CRAB server submitted your task to the Grid scheduler (cluster ID: 13796168)
DEBUG 2017-11-15 08:05:25,438: 	 Webdir is located at http://vocms0194.cern.ch/mon/cms1359/171115_133923:shigginb_crab_20171115_073856
DEBUG 2017-11-15 08:05:27,173: 	 Proxied webdir is located at https://cmsweb.cern.ch/scheddmon/0194/cms1359/171115_133923:shigginb_crab_20171115_073856
DEBUG 2017-11-15 08:05:27,173: 	 Retrieving 'status_cache' file from https://cmsweb.cern.ch/scheddmon/0194/cms1359/171115_133923:shigginb_crab_20171115_073856/status_cache
DEBUG 2017-11-15 08:05:28,753: 	 Got information from status cache file: {'1': {'Retries': 0, 'WallDurations': [610.0], 'StartTimes': [1510753615.0], 'SubmitTimes': [1510753222.0], 'JobIds': ['13796186.0'], 'EndTimes': [], 'Restarts': 0, 'RecordedSite': False, 'State': 'running', 'ResidentSetSize': [774588], 'TotalUserCpuTimeHistory': [0], 'SiteHistory': ['Unknown'], 'TotalSysCpuTimeHistory': [0]}, '3': {'Retries': 0, 'WallDurations': [609.0], 'StartTimes': [1510753613.0], 'SubmitTimes': [1510753222.0], 'JobIds': ['13796187.0'], 'EndTimes': [], 'Restarts': 0, 'RecordedSite': False, 'State': 'running', 'ResidentSetSize': [747040], 'TotalUserCpuTimeHistory': [0], 'SiteHistory': ['Unknown'], 'TotalSysCpuTimeHistory': [0]}, '2': {'Retries': 0, 'WallDurations': [412.0], 'StartTimes': [1510753617.0], 'SubmitTimes': [1510753221.0], 'JobIds': ['13796183.0'], 'EndTimes': [1510754029.0], 'Restarts': 0, 'RecordedSite': False, 'State': 'finished', 'ResidentSetSize': [1745592], 'TotalUserCpuTimeHistory': [270], 'SiteHistory': ['Unknown'], 'TotalSysCpuTimeHistory': [9]}, '5': {'Retries': 0, 'WallDurations': [519.0], 'StartTimes': [1510753615.0], 'SubmitTimes': [1510753221.0], 'JobIds': ['13796184.0'], 'EndTimes': [1510754134.0], 'Restarts': 0, 'RecordedSite': False, 'State': 'finished', 'ResidentSetSize': [1846568], 'TotalUserCpuTimeHistory': [405], 'SiteHistory': ['Unknown'], 'TotalSysCpuTimeHistory': [13]}, '4': {'Retries': 0, 'WallDurations': [529.0], 'StartTimes': [1510753621.0], 'SubmitTimes': [1510753221.0], 'JobIds': ['13796181.0'], 'EndTimes': [1510754150.0], 'Restarts': 0, 'RecordedSite': False, 'State': 'finished', 'ResidentSetSize': [1940508], 'TotalUserCpuTimeHistory': [455], 'SiteHistory': ['Unknown'], 'TotalSysCpuTimeHistory': [6]}, '7': {'Retries': 0, 'WallDurations': [388.0], 'StartTimes': [1510753617.0], 'SubmitTimes': [1510753222.0], 'JobIds': ['13796188.0'], 'EndTimes': [1510754005.0], 'Restarts': 0, 'RecordedSite': False, 'State': 'finished', 'ResidentSetSize': [1951508], 'TotalUserCpuTimeHistory': [311], 'SiteHistory': ['Unknown'], 'TotalSysCpuTimeHistory': [7]}, '6': {'Retries': 0, 'WallDurations': [309.0], 'StartTimes': [1510753615.0], 'SubmitTimes': [1510753221.0], 'JobIds': ['13796185.0'], 'EndTimes': [], 'Restarts': 0, 'RecordedSite': False, 'State': 'running', 'ResidentSetSize': [920868], 'TotalUserCpuTimeHistory': [0], 'SiteHistory': ['Unknown'], 'TotalSysCpuTimeHistory': [0]}, '9': {'Retries': 0, 'WallDurations': [344.0], 'StartTimes': [1510753614.0], 'SubmitTimes': [1510753224.0], 'JobIds': ['13796189.0'], 'EndTimes': [1510753958.0], 'Restarts': 0, 'RecordedSite': False, 'State': 'finished', 'ResidentSetSize': [761300], 'TotalUserCpuTimeHistory': [188], 'SiteHistory': ['Unknown'], 'TotalSysCpuTimeHistory': [9]}, '8': {'Retries': 0, 'WallDurations': [205.0], 'StartTimes': [1510753615.0], 'SubmitTimes': [1510753221.0], 'JobIds': ['13796182.0'], 'EndTimes': [1510753820.0], 'Restarts': 0, 'RecordedSite': False, 'State': 'finished', 'ResidentSetSize': [2624], 'TotalUserCpuTimeHistory': [130], 'SiteHistory': ['Unknown'], 'TotalSysCpuTimeHistory': [6]}}
INFO 2017-11-15 08:05:28,753: 	 Status on the scheduler:	SUBMITTED
INFO 2017-11-15 08:05:28,753: 	 
Jobs status:                    finished       66.7% (6/9)
INFO 2017-11-15 08:05:28,753: 	 				running        33.3% (3/9)
INFO 2017-11-15 08:05:28,753: 	 
No publication information (publication has been disabled in the CRAB configuration file)
INFO 2017-11-15 08:05:28,764: 	 Log file is /uscms_data/d3/samuellh/WorkingArea/TauAnalysis/CMSSW_9_3_2/src/PUAnalysis/VBFtt2017/crab/VBF53/crab_20171115_073856/crab.log
DEBUG 2017-11-15 09:18:22,642: 	 Executing command: 'status'
DEBUG 2017-11-15 09:18:22,643: 	 Found CRAB cache file /uscms/home/samuellh/.crab3
DEBUG 2017-11-15 09:18:22,651: 	 Checking credentials
DEBUG 2017-11-15 09:18:22,651: 	 Found proxy file /tmp/x509up_u52190
DEBUG 2017-11-15 09:18:22,651: 	 Getting proxy life time left
DEBUG 2017-11-15 09:18:22,754: 	 Executing : 
 command : voms-proxy-info -file /tmp/x509up_u52190 -timeleft
 output : 76581

 error: 
 retcode : 0
DEBUG 2017-11-15 09:18:22,857: 	 Executing : 
 command : voms-proxy-info -file /tmp/x509up_u52190 -actimeleft
 output : 76580

 error: 
 retcode : 0
DEBUG 2017-11-15 09:18:22,857: 	 Proxy valid for 21:16:21 hours
DEBUG 2017-11-15 09:18:22,971: 	 Executing : 
 command : openssl x509 -in ~/.globus/usercert.pem -subject -noout
 output : subject= /DC=ch/DC=cern/OU=Organic Units/OU=Users/CN=shigginb/CN=785176/CN=Sam Higginbotham

 error: 
 retcode : 0
DEBUG 2017-11-15 09:18:22,971: 	 Checking credentials
DEBUG 2017-11-15 09:18:22,971: 	 Found proxy file /tmp/x509up_u52190
DEBUG 2017-11-15 09:18:22,971: 	 Getting proxy life time left
DEBUG 2017-11-15 09:18:23,074: 	 Executing : 
 command : voms-proxy-info -file /tmp/x509up_u52190 -timeleft
 output : 76580

 error: 
 retcode : 0
DEBUG 2017-11-15 09:18:23,177: 	 Executing : 
 command : voms-proxy-info -file /tmp/x509up_u52190 -actimeleft
 output : 76579

 error: 
 retcode : 0
DEBUG 2017-11-15 09:18:23,178: 	 Proxy valid for 21:16:20 hours
DEBUG 2017-11-15 09:18:24,803: 	 Registering user credentials for server /DC=ch/DC=cern/OU=computers/CN=vocms(045|052|021|031|0118|0118a|0119|0108|0105|0109).cern.ch
DEBUG 2017-11-15 09:18:24,911: 	 Executing : 
 command : openssl x509 -in ~/.globus/usercert.pem -subject -noout
 output : subject= /DC=ch/DC=cern/OU=Organic Units/OU=Users/CN=shigginb/CN=785176/CN=Sam Higginbotham

 error: 
 retcode : 0
DEBUG 2017-11-15 09:18:24,911: 	 Getting myproxy life time left for myproxy.cern.ch
DEBUG 2017-11-15 09:18:24,911: 	 Calculating hash of /DC=ch/DC=cern/OU=Organic Units/OU=Users/CN=shigginb/CN=785176/CN=Sam Higginbotham_cmsweb.cern.ch for credential name
DEBUG 2017-11-15 09:18:25,716: 	 Executing : 
 command : myproxy-info -l 2f318c7a260d78734589f2cc772d26b8be79ec6c -s myproxy.cern.ch
 output : username: 2f318c7a260d78734589f2cc772d26b8be79ec6c
owner: /DC=ch/DC=cern/OU=Organic Units/OU=Users/CN=shigginb/CN=785176/CN=Sam Higginbotham
  renewal policy: /DC=ch/DC=cern/OU=computers/CN=vocms(045|052|021|031|0118|0118a|0119|0108|0105|0109).cern.ch
  trusted retrieval policy: /DC=ch/DC=cern/OU=computers/CN=vocms(045|052|021|031|0118|0118a|0119|0108|0105|0109).cern.ch
  timeleft: 430:05:16  (17.9 days)

 error: 
 retcode : 0
DEBUG 2017-11-15 09:18:25,717: 	 Myproxy is valid: 1548316
DEBUG 2017-11-15 09:18:25,717: 	 Command use: status
DEBUG 2017-11-15 09:18:25,717: 	 Options use: ['-d', 'crab_20171115_073856/']
DEBUG 2017-11-15 09:18:27,506: 	 CRABClient version: 3.3.1707.patch1
DEBUG 2017-11-15 09:18:27,506: 	 Instance is prod
DEBUG 2017-11-15 09:18:27,506: 	 Server base url is cmsweb.cern.ch
DEBUG 2017-11-15 09:18:27,506: 	 Command url /crabserver/prod/workflow
DEBUG 2017-11-15 09:18:29,206: 	 Got information from server oracle database: {u'result': [u'171115_133923:shigginb_crab_20171115_073856', u'None', u'SUBMITTED', u'2017-11-15 13:39:23.596836', u'None', u'2017-11-15 13:40:09.284927', u'None', u'CMSSW_9_3_2', u'slc6_amd64_gcc630', u'/TprimeBToTH_M-2500_Width-20p_LH_TuneCUETP8M2T4_14TeV-madgraph-pythia8/PhaseIITDRFall17MiniAOD-PU200_93X_upgrade2023_realistic_v2-v1/MINIAODSIM', u'[]', u'[]', u'FileBased', u"{'splitOnRun': False, 'halt_job_on_file_boundaries': False, 'files_per_job': 1, 'runs': [], 'lumis': []}", u'0', u'4e198fb019d07e682a8bd09208595d4eb73bac82ae7f6e24154a54b4451cc952.tar.gz', u'https://cmsweb.cern.ch/crabcache', u'shigginb', u'/DC=ch/DC=cern/OU=Organic Units/OU=Users/CN=shigginb/CN=785176/CN=Sam Higginbotham', u'cms', u'None', u'None', u'crab_20171115_073856-00000000000000000000000000000000', u'T3_US_FNALLPC', u'https://cmsweb.cern.ch/dbs/prod/global/DBSReader', u'https://cmsweb.cern.ch/dbs/prod/phys03/DBSWriter', u'F', u'Analysis', u'{}', u'[]', u'F', u'vocms052', u'[]', u'1250', u'1', u'2000', u'10', u'None', u'http://vocms0194.cern.ch/mon/cms1359/171115_133923:shigginb_crab_20171115_073856', u'None', u'None', u'[]', u'[]', u'[]', u'pythia', u'[]', u"['analysis.root']", u'[]', u'https://cmsweb.cern.ch/crabserver/prod', u'None', u'0', u'cmssrv221.fnal.gov:9620', u'crab3@vocms0194.cern.ch', u'F', u'[]', u'T', u'/store/user/shigginb/', u'F', u'None', u'F', u'F', u'F', u'None', u'TprimeBToTH_M-2500_Width-20p_LH_TuneCUETP8M2T4_14TeV-madgraph-pythia8', u'filetransfers', u'SUBMIT', u'13796168', u'26f01cac9c5761b3454ea56b511c15e759679662b62d5ac07937dd0e7f48b34a.tar.gz', u'131.225.190.56', u'F', u'None'], u'desc': {u'columns': [u'tm_taskname', u'panda_jobset_id', u'tm_task_status', u'tm_start_time', u'tm_start_injection', u'tm_end_injection', u'tm_task_failure', u'tm_job_sw', u'tm_job_arch', u'tm_input_dataset', u'tm_site_whitelist', u'tm_site_blacklist', u'tm_split_algo', u'tm_split_args', u'tm_totalunits', u'tm_user_sandbox', u'tm_cache_url', u'tm_username', u'tm_user_dn', u'tm_user_vo', u'tm_user_role', u'tm_user_group', u'tm_publish_name', u'tm_asyncdest', u'tm_dbs_url', u'tm_publish_dbs_url', u'tm_publication', u'tm_job_type', u'tm_arguments', u'panda_resubmitted_jobs', u'tm_save_logs', u'tw_name', u'tm_user_infiles', u'tm_maxjobruntime', u'tm_numcores', u'tm_maxmemory', u'tm_priority', u'tm_output_dataset', u'tm_user_webdir', u'tm_activity', u'tm_scriptexe', u'tm_scriptargs', u'tm_extrajdl', u'tm_task_warnings', u'tm_generator', u'tm_outfiles', u'tm_tfile_outfiles', u'tm_edm_outfiles', u'tm_asourl', u'tm_events_per_lumi', u'tm_use_parent', u'tm_collector', u'tm_schedd', u'tm_dry_run', u'tm_user_files', u'tm_transfer_outputs', u'tm_output_lfn', u'tm_ignore_locality', u'tm_fail_limit', u'tm_one_event_mode', u'tm_publish_groupname', u'tm_nonvalid_input_dataset', u'tm_secondary_input_dataset', u'tm_primary_dataset', u'tm_asodb', u'tm_task_command', u'clusterid', u'tm_debug_files', u'tm_submitter_ip_addr', u'tm_ignore_global_blacklist', u'tm_last_publication']}}
INFO 2017-11-15 09:18:29,207: 	 CRAB project directory:		/uscms_data/d3/samuellh/WorkingArea/TauAnalysis/CMSSW_9_3_2/src/PUAnalysis/VBFtt2017/crab/VBF53/crab_20171115_073856
INFO 2017-11-15 09:18:29,207: 	 Task name:			171115_133923:shigginb_crab_20171115_073856
INFO 2017-11-15 09:18:29,207: 	 Grid scheduler:			crab3@vocms0194.cern.ch
INFO 2017-11-15 09:18:29,207: 	 Status on the CRAB server:	SUBMITTED
INFO 2017-11-15 09:18:29,207: 	 Task URL to use for HELP:	https://cmsweb.cern.ch/crabserver/ui/task/171115_133923%3Ashigginb_crab_20171115_073856
INFO 2017-11-15 09:18:29,207: 	 Dashboard monitoring URL:	http://dashb-cms-job.cern.ch/dashboard/templates/task-analysis/#user=shigginb&refresh=0&table=Jobs&p=1&records=25&activemenu=2&status=&site=&tid=171115_133923%3Ashigginb_crab_20171115_073856
DEBUG 2017-11-15 09:18:29,208: 	 The CRAB server submitted your task to the Grid scheduler (cluster ID: 13796168)
DEBUG 2017-11-15 09:18:29,208: 	 Webdir is located at http://vocms0194.cern.ch/mon/cms1359/171115_133923:shigginb_crab_20171115_073856
DEBUG 2017-11-15 09:18:30,829: 	 Proxied webdir is located at https://cmsweb.cern.ch/scheddmon/0194/cms1359/171115_133923:shigginb_crab_20171115_073856
DEBUG 2017-11-15 09:18:30,829: 	 Retrieving 'status_cache' file from https://cmsweb.cern.ch/scheddmon/0194/cms1359/171115_133923:shigginb_crab_20171115_073856/status_cache
DEBUG 2017-11-15 09:18:32,621: 	 Got information from status cache file: {'1': {'Retries': 0, 'WallDurations': [1516.0], 'StartTimes': [1510753615.0], 'SubmitTimes': [1510753222.0], 'JobIds': ['13796186.0'], 'EndTimes': [1510755131.0], 'Restarts': 0, 'RecordedSite': False, 'State': 'finished', 'ResidentSetSize': [1767812], 'TotalUserCpuTimeHistory': [958], 'SiteHistory': ['Unknown'], 'TotalSysCpuTimeHistory': [19]}, '3': {'Retries': 0, 'WallDurations': [1034.0], 'StartTimes': [1510753613.0], 'SubmitTimes': [1510753222.0], 'JobIds': ['13796187.0'], 'EndTimes': [1510754647.0], 'Restarts': 0, 'RecordedSite': False, 'State': 'finished', 'ResidentSetSize': [749088], 'TotalUserCpuTimeHistory': [172], 'SiteHistory': ['Unknown'], 'TotalSysCpuTimeHistory': [7]}, '2': {'Retries': 0, 'WallDurations': [412.0], 'StartTimes': [1510753617.0], 'SubmitTimes': [1510753221.0], 'JobIds': ['13796183.0'], 'EndTimes': [1510754029.0], 'Restarts': 0, 'RecordedSite': False, 'State': 'finished', 'ResidentSetSize': [1745592], 'TotalUserCpuTimeHistory': [270], 'SiteHistory': ['Unknown'], 'TotalSysCpuTimeHistory': [9]}, '5': {'Retries': 0, 'WallDurations': [519.0], 'StartTimes': [1510753615.0], 'SubmitTimes': [1510753221.0], 'JobIds': ['13796184.0'], 'EndTimes': [1510754134.0], 'Restarts': 0, 'RecordedSite': False, 'State': 'finished', 'ResidentSetSize': [1846568], 'TotalUserCpuTimeHistory': [405], 'SiteHistory': ['Unknown'], 'TotalSysCpuTimeHistory': [13]}, '4': {'Retries': 0, 'WallDurations': [529.0], 'StartTimes': [1510753621.0], 'SubmitTimes': [1510753221.0], 'JobIds': ['13796181.0'], 'EndTimes': [1510754150.0], 'Restarts': 0, 'RecordedSite': False, 'State': 'finished', 'ResidentSetSize': [1940508], 'TotalUserCpuTimeHistory': [455], 'SiteHistory': ['Unknown'], 'TotalSysCpuTimeHistory': [6]}, '7': {'Retries': 0, 'WallDurations': [388.0], 'StartTimes': [1510753617.0], 'SubmitTimes': [1510753222.0], 'JobIds': ['13796188.0'], 'EndTimes': [1510754005.0], 'Restarts': 0, 'RecordedSite': False, 'State': 'finished', 'ResidentSetSize': [1951508], 'TotalUserCpuTimeHistory': [311], 'SiteHistory': ['Unknown'], 'TotalSysCpuTimeHistory': [7]}, '6': {'Retries': 0, 'WallDurations': [1144.0], 'StartTimes': [1510753615.0], 'SubmitTimes': [1510753221.0], 'JobIds': ['13796185.0'], 'EndTimes': [1510754759.0], 'Restarts': 0, 'RecordedSite': False, 'State': 'finished', 'ResidentSetSize': [1879708], 'TotalUserCpuTimeHistory': [570], 'SiteHistory': ['Unknown'], 'TotalSysCpuTimeHistory': [12]}, '9': {'Retries': 0, 'WallDurations': [344.0], 'StartTimes': [1510753614.0], 'SubmitTimes': [1510753224.0], 'JobIds': ['13796189.0'], 'EndTimes': [1510753958.0], 'Restarts': 0, 'RecordedSite': False, 'State': 'finished', 'ResidentSetSize': [761300], 'TotalUserCpuTimeHistory': [188], 'SiteHistory': ['Unknown'], 'TotalSysCpuTimeHistory': [9]}, '8': {'Retries': 0, 'WallDurations': [205.0], 'StartTimes': [1510753615.0], 'SubmitTimes': [1510753221.0], 'JobIds': ['13796182.0'], 'EndTimes': [1510753820.0], 'Restarts': 0, 'RecordedSite': False, 'State': 'finished', 'ResidentSetSize': [2624], 'TotalUserCpuTimeHistory': [130], 'SiteHistory': ['Unknown'], 'TotalSysCpuTimeHistory': [6]}}
INFO 2017-11-15 09:18:32,621: 	 Status on the scheduler:	COMPLETED
INFO 2017-11-15 09:18:32,621: 	 
Jobs status:                    finished      100.0% (9/9)
INFO 2017-11-15 09:18:32,621: 	 
No publication information (publication has been disabled in the CRAB configuration file)
INFO 2017-11-15 09:18:32,631: 	 Log file is /uscms_data/d3/samuellh/WorkingArea/TauAnalysis/CMSSW_9_3_2/src/PUAnalysis/VBFtt2017/crab/VBF53/crab_20171115_073856/crab.log
