# Conditions read from  CMS_CONDITIONS  via FrontierProd 
 ################################################################### 
 # WARNING: this module is deprecated.                             # 
 # Please use CondCore.CondDB.CondDB_cfi.py                        # 
 ################################################################### 
recorrecting the jets
List Of Filters
['processedEvents', 'initialEventsTT', 'AtLeastOneDiMuon', 'DiMuonCreation', 'AtLeastOneDiTau', 'TTTauPtEta', 'TTTauDecayFound', 'TTTauStandardDecayFound', 'TTTauDRSel', 'TTSync', 'TTAntiEle', 'TTAntiMu', 'TTIso', 'TTOS']
DEBUG 2018-02-23 15:47:04,699: 	 Executing command: 'submit'
DEBUG 2018-02-23 15:47:04,699: 	 Found CRAB cache file /uscms/home/samuellh/.crab3
DEBUG 2018-02-23 15:47:04,708: 	 Checking credentials
DEBUG 2018-02-23 15:47:04,709: 	 Found proxy file /tmp/x509up_u52190
DEBUG 2018-02-23 15:47:04,709: 	 Getting proxy life time left
DEBUG 2018-02-23 15:47:04,811: 	 Executing : 
 command : voms-proxy-info -file /tmp/x509up_u52190 -timeleft
 output : 37838

 error: 
 retcode : 0
DEBUG 2018-02-23 15:47:04,915: 	 Executing : 
 command : voms-proxy-info -file /tmp/x509up_u52190 -actimeleft
 output : 37837

 error: 
 retcode : 0
DEBUG 2018-02-23 15:47:04,915: 	 Proxy valid for 10:30:38 hours
INFO 2018-02-23 15:47:04,916: 	 Will use CRAB configuration file crab3_cp_mc.py
DEBUG 2018-02-23 15:47:04,916: 	 Loading CRAB configuration file.
DEBUG 2018-02-23 15:47:05,257: 	 Will use CRAB Analysis plugin (i.e. will run an analysis job type).
DEBUG 2018-02-23 15:47:07,392: 	 Executing : 
 command : openssl x509 -in ~/.globus/usercert.pem -subject -noout
 output : subject= /DC=ch/DC=cern/OU=Organic Units/OU=Users/CN=shigginb/CN=785176/CN=Sam Higginbotham

 error: 
 retcode : 0
DEBUG 2018-02-23 15:47:07,392: 	 Checking credentials
DEBUG 2018-02-23 15:47:07,393: 	 Found proxy file /tmp/x509up_u52190
DEBUG 2018-02-23 15:47:07,393: 	 Getting proxy life time left
DEBUG 2018-02-23 15:47:07,496: 	 Executing : 
 command : voms-proxy-info -file /tmp/x509up_u52190 -timeleft
 output : 37835

 error: 
 retcode : 0
DEBUG 2018-02-23 15:47:07,599: 	 Executing : 
 command : voms-proxy-info -file /tmp/x509up_u52190 -actimeleft
 output : 37834

 error: 
 retcode : 0
DEBUG 2018-02-23 15:47:07,600: 	 Proxy valid for 10:30:35 hours
DEBUG 2018-02-23 15:47:07,703: 	 Executing : 
 command : env X509_USER_PROXY=/tmp/x509up_u52190 voms-proxy-info -fqan
 output : /cms/Role=NULL/Capability=NULL

 error: 
 retcode : 0
DEBUG 2018-02-23 15:47:08,815: 	 Registering user credentials for server /DC=ch/DC=cern/OU=computers/CN=vocms(045|052|021|031|0118|0118a|0119|0108|0105|0109).cern.ch
DEBUG 2018-02-23 15:47:08,924: 	 Executing : 
 command : openssl x509 -in ~/.globus/usercert.pem -subject -noout
 output : subject= /DC=ch/DC=cern/OU=Organic Units/OU=Users/CN=shigginb/CN=785176/CN=Sam Higginbotham

 error: 
 retcode : 0
DEBUG 2018-02-23 15:47:08,924: 	 Getting myproxy life time left for myproxy.cern.ch
DEBUG 2018-02-23 15:47:08,924: 	 Calculating hash of /DC=ch/DC=cern/OU=Organic Units/OU=Users/CN=shigginb/CN=785176/CN=Sam Higginbotham_cmsweb.cern.ch for credential name
DEBUG 2018-02-23 15:47:09,729: 	 Executing : 
 command : myproxy-info -l 2f318c7a260d78734589f2cc772d26b8be79ec6c -s myproxy.cern.ch
 output : username: 2f318c7a260d78734589f2cc772d26b8be79ec6c
owner: /DC=ch/DC=cern/OU=Organic Units/OU=Users/CN=shigginb/CN=785176/CN=Sam Higginbotham
  renewal policy: /DC=ch/DC=cern/OU=computers/CN=vocms(045|052|021|031|0118|0118a|0119|0108|0105|0109).cern.ch
  trusted retrieval policy: /DC=ch/DC=cern/OU=computers/CN=vocms(045|052|021|031|0118|0118a|0119|0108|0105|0109).cern.ch
  timeleft: 478:20:16  (19.9 days)

 error: 
 retcode : 0
DEBUG 2018-02-23 15:47:09,730: 	 Myproxy is valid: 1722016
DEBUG 2018-02-23 15:47:09,730: 	 Command use: submit
DEBUG 2018-02-23 15:47:09,730: 	 Options use: ['-c', 'crab3_cp_mc.py']
DEBUG 2018-02-23 15:47:10,838: 	 CRABClient version: 3.3.1802
DEBUG 2018-02-23 15:47:10,838: 	 Instance is prod
DEBUG 2018-02-23 15:47:10,838: 	 Server base url is cmsweb.cern.ch
DEBUG 2018-02-23 15:47:10,838: 	 Command url /crabserver/prod/workflow
DEBUG 2018-02-23 15:47:10,838: 	 Started submission
DEBUG 2018-02-23 15:47:10,838: 	 Working on /uscms_data/d3/samuellh/WorkingArea/CpHiggs/CMSSW_8_0_21/src/PUAnalysis/CrabTools/crab/WHiggs0L1/CP_Higgs_2016/crab_20180223_154707
DEBUG 2018-02-23 15:47:12,078: 	 Loading required information from the environment
DEBUG 2018-02-23 15:47:12,078: 	 Found CMSSW_8_0_21 for slc6_amd64_gcc530 with base /uscms_data/d3/samuellh/WorkingArea/CpHiggs/CMSSW_8_0_21
DEBUG 2018-02-23 15:47:12,078: 	 Loading required information from the environment
DEBUG 2018-02-23 15:47:12,078: 	 Found CMSSW_8_0_21 for slc6_amd64_gcc530 with base /uscms_data/d3/samuellh/WorkingArea/CpHiggs/CMSSW_8_0_21
DEBUG 2018-02-23 15:47:12,091: 	 UNIQUE NAME: tarUUID ed6fb869-e6dd-4d0f-a916-c654f160afc9 
DEBUG 2018-02-23 15:47:12,092: 	 self.config: from WMCore.Configuration import Configuration
config = Configuration()
config.section_('General')
config.General.workArea = 'CP_Higgs_2016'
config.General.requestName = ''
config.section_('JobType')
config.JobType.psetName = '../../../cp-mc.py'
config.JobType.pluginName = 'Analysis'
config.JobType.inputFiles = ['../../../Configuration/data/Summer16_23Sep2016V4_MC.db']
config.JobType.outputFiles = ['analysis.root']
config.JobType.allowUndistributedCMSSW = True
config.section_('Data')
config.Data.inputDataset = '/WHiggs0L1_Undecayed_M-125_13TeV-JHUgenV6/RunIISummer16MiniAODv2-PUMoriond17_80X_mcRun2_asymptotic_2016_TrancheIV_v6-v1/MINIAODSIM'
config.Data.unitsPerJob = 1
config.Data.publication = False
config.Data.inputDBS = 'global'
config.Data.splitting = 'FileBased'
config.section_('Site')
config.Site.storageSite = 'T3_US_FNALLPC'
config.section_('User')
config.section_('Debug')

DEBUG 2018-02-23 15:47:12,092: 	 self.config.JobType.psetName: ../../../cp-mc.py
INFO 2018-02-23 15:47:12,092: 	 Importing CMSSW configuration ../../../cp-mc.py
INFO 2018-02-23 15:47:16,570: 	 Finished importing CMSSW configuration ../../../cp-mc.py
DEBUG 2018-02-23 15:47:16,571: 	 Writing CMSSW configuration to /uscms_data/d3/samuellh/WorkingArea/CpHiggs/CMSSW_8_0_21/src/PUAnalysis/CrabTools/crab/WHiggs0L1/CP_Higgs_2016/crab_20180223_154707/inputs/PSet.py
DEBUG 2018-02-23 15:47:17,950: 	 The following EDM output files will be collected: []
DEBUG 2018-02-23 15:47:17,951: 	 The following TFile output files will be collected: ['analysis.root']
DEBUG 2018-02-23 15:47:17,951: 	 The following user output files will be collected: []
DEBUG 2018-02-23 15:47:17,951: 	 Loading required information from the environment
DEBUG 2018-02-23 15:47:17,951: 	 Found CMSSW_8_0_21 for slc6_amd64_gcc530 with base /uscms_data/d3/samuellh/WorkingArea/CpHiggs/CMSSW_8_0_21
DEBUG 2018-02-23 15:47:17,951: 	 Making tarball in /uscms_data/d3/samuellh/WorkingArea/CpHiggs/CMSSW_8_0_21/src/PUAnalysis/CrabTools/crab/WHiggs0L1/CP_Higgs_2016/crab_20180223_154707/inputs/ed6fb869-e6dd-4d0f-a916-c654f160afc9default.tgz
DEBUG 2018-02-23 15:47:18,050: 	 Checking directory /uscms_data/d3/samuellh/WorkingArea/CpHiggs/CMSSW_8_0_21/lib
DEBUG 2018-02-23 15:47:18,050: 	 Adding directory /uscms_data/d3/samuellh/WorkingArea/CpHiggs/CMSSW_8_0_21/lib to tarball
DEBUG 2018-02-23 15:47:28,006: 	 Checking directory /uscms_data/d3/samuellh/WorkingArea/CpHiggs/CMSSW_8_0_21/biglib
DEBUG 2018-02-23 15:47:28,006: 	 Adding directory /uscms_data/d3/samuellh/WorkingArea/CpHiggs/CMSSW_8_0_21/biglib to tarball
DEBUG 2018-02-23 15:47:28,008: 	 Checking directory /uscms_data/d3/samuellh/WorkingArea/CpHiggs/CMSSW_8_0_21/module
DEBUG 2018-02-23 15:47:28,355: 	 Adding data directory /uscms_data/d3/samuellh/WorkingArea/CpHiggs/CMSSW_8_0_21/src/PUAnalysis/Configuration/data to tarball
DEBUG 2018-02-23 15:47:35,884: 	 Adding data directory /uscms_data/d3/samuellh/WorkingArea/CpHiggs/CMSSW_8_0_21/src/PUAnalysis/DataFormats/interface to tarball
DEBUG 2018-02-23 15:47:35,899: 	 Adding data directory /uscms_data/d3/samuellh/WorkingArea/CpHiggs/CMSSW_8_0_21/src/PUAnalysis/NtupleTools/interface to tarball
DEBUG 2018-02-23 15:47:35,917: 	 Adding data directory /uscms_data/d3/samuellh/WorkingArea/CpHiggs/CMSSW_8_0_21/src/PUAnalysis/RecoTools/interface to tarball
DEBUG 2018-02-23 15:47:36,014: 	 Adding data directory /uscms_data/d3/samuellh/WorkingArea/CpHiggs/CMSSW_8_0_21/src/PUAnalysis/StatTools/ROOT/interface to tarball
DEBUG 2018-02-23 15:47:36,051: 	 Adding data directory /uscms_data/d3/samuellh/WorkingArea/CpHiggs/CMSSW_8_0_21/src/PUAnalysis/StatTools/data to tarball
DEBUG 2018-02-23 15:47:36,059: 	 Adding data directory /uscms_data/d3/samuellh/WorkingArea/CpHiggs/CMSSW_8_0_21/src/PUAnalysis/StatTools/interface to tarball
DEBUG 2018-02-23 15:47:36,411: 	 Adding data directory /uscms_data/d3/samuellh/WorkingArea/CpHiggs/CMSSW_8_0_21/src/ZZMatrixElement/MEKD/interface to tarball
DEBUG 2018-02-23 15:47:36,491: 	 Adding data directory /uscms_data/d3/samuellh/WorkingArea/CpHiggs/CMSSW_8_0_21/src/ZZMatrixElement/MELA/data to tarball
DEBUG 2018-02-23 15:48:02,317: 	 Adding data directory /uscms_data/d3/samuellh/WorkingArea/CpHiggs/CMSSW_8_0_21/src/ZZMatrixElement/MELA/interface to tarball
DEBUG 2018-02-23 15:48:03,941: 	 Adding data directory /uscms_data/d3/samuellh/WorkingArea/CpHiggs/CMSSW_8_0_21/src/ZZMatrixElement/MEMCalculators/interface to tarball
DEBUG 2018-02-23 15:48:04,039: 	 Adding data directory /uscms_data/d3/samuellh/WorkingArea/CpHiggs/CMSSW_8_0_21/src/ZZMatrixElement/PythonWrapper/interface to tarball
DEBUG 2018-02-23 15:48:04,271: 	 Adding data directory /uscms_data/d3/samuellh/WorkingArea/CpHiggs/CMSSW_8_0_21/src/TauAnalysis/SVfitStandalone/data to tarball
DEBUG 2018-02-23 15:48:04,286: 	 Adding data directory /uscms_data/d3/samuellh/WorkingArea/CpHiggs/CMSSW_8_0_21/src/TauAnalysis/SVfitStandalone/interface to tarball
DEBUG 2018-02-23 15:48:04,304: 	 Adding data directory /uscms_data/d3/samuellh/WorkingArea/CpHiggs/CMSSW_8_0_21/src/DataFormats/CTPPSReco/interface to tarball
DEBUG 2018-02-23 15:48:04,312: 	 Adding file ../../../Configuration/data/Summer16_23Sep2016V4_MC.db to tarball
DEBUG 2018-02-23 15:48:07,083: 	 Uploading archive /uscms_data/d3/samuellh/WorkingArea/CpHiggs/CMSSW_8_0_21/src/PUAnalysis/CrabTools/crab/WHiggs0L1/CP_Higgs_2016/crab_20180223_154707/inputs/ed6fb869-e6dd-4d0f-a916-c654f160afc9default.tgz (63 MB) to the CRAB cache. Using URI https://cmsweb.cern.ch/crabcache
DEBUG 2018-02-23 15:48:30,786: 	 Loading required information from the environment
DEBUG 2018-02-23 15:48:30,787: 	 Found CMSSW_8_0_21 for slc6_amd64_gcc530 with base /uscms_data/d3/samuellh/WorkingArea/CpHiggs/CMSSW_8_0_21
DEBUG 2018-02-23 15:48:30,787: 	 Making tarball in /uscms_data/d3/samuellh/WorkingArea/CpHiggs/CMSSW_8_0_21/src/PUAnalysis/CrabTools/crab/WHiggs0L1/CP_Higgs_2016/crab_20180223_154707/inputs/debugFiles.tgz
DEBUG 2018-02-23 15:48:30,793: 	 Uploading archive /uscms_data/d3/samuellh/WorkingArea/CpHiggs/CMSSW_8_0_21/src/PUAnalysis/CrabTools/crab/WHiggs0L1/CP_Higgs_2016/crab_20180223_154707/inputs/debugFiles.tgz (2 KB) to the CRAB cache. Using URI https://cmsweb.cern.ch/crabcache
DEBUG 2018-02-23 15:48:32,110: 	 Result uploading input files: 96ab15e7c14266e693aed3c1f6d4a65723f909417b130812bd0067a433ff65f9.tar.gz 
INFO 2018-02-23 15:48:32,110: 	 Sending the request to the server
DEBUG 2018-02-23 15:48:32,110: 	 Submitting {'maxjobruntime': 1250, 'extrajdl': [], 'ignorelocality': 0, 'savelogsflag': 0, 'useparent': 0, 'asyncdest': 'T3_US_FNALLPC', 'algoargs': 1, 'cachefilename': '96ab15e7c14266e693aed3c1f6d4a65723f909417b130812bd0067a433ff65f9.tar.gz', 'numcores': 1, 'addoutputfiles': [], 'generator': 'pythia', 'maxmemory': 2000, 'publishdbsurl': 'https://cmsweb.cern.ch/dbs/prod/phys03/DBSWriter', 'priority': 10, 'jobsw': 'CMSSW_8_0_21', 'edmoutfiles': [], 'userfiles': [], 'primarydataset': '', 'inputdata': '/WHiggs0L1_Undecayed_M-125_13TeV-JHUgenV6/RunIISummer16MiniAODv2-PUMoriond17_80X_mcRun2_asymptotic_2016_TrancheIV_v6-v1/MINIAODSIM', 'dryrun': 0, 'workflow': 'crab_20180223_154707', 'cacheurl': u'https://cmsweb.cern.ch/crabcache', 'nonprodsw': 1, 'tfileoutfiles': ['analysis.root'], 'oneEventMode': 0, 'debugfilename': '32de13650188f0cfe5c7c2b2a3fc0de34c63b1e2ac12402a4a6627dff510fafb.tar.gz', 'saveoutput': 1, 'publication': 0, 'jobarch': 'slc6_amd64_gcc530', 'totalunits': 0, 'splitalgo': 'FileBased', 'ignoreglobalblacklist': 0, 'nonvaliddata': 0, 'dbsurl': 'https://cmsweb.cern.ch/dbs/prod/global/DBSReader', 'publishgroupname': 0, 'jobtype': 'Analysis', 'publishname2': ''} 
DEBUG 2018-02-23 15:48:32,111: 	 Encoded submit request: maxjobruntime=1250&ignorelocality=0&savelogsflag=0&useparent=0&asyncdest=T3_US_FNALLPC&algoargs=1&cachefilename=96ab15e7c14266e693aed3c1f6d4a65723f909417b130812bd0067a433ff65f9.tar.gz&numcores=1&generator=pythia&maxmemory=2000&publishdbsurl=https%3A%2F%2Fcmsweb.cern.ch%2Fdbs%2Fprod%2Fphys03%2FDBSWriter&priority=10&jobsw=CMSSW_8_0_21&primarydataset=&inputdata=%2FWHiggs0L1_Undecayed_M-125_13TeV-JHUgenV6%2FRunIISummer16MiniAODv2-PUMoriond17_80X_mcRun2_asymptotic_2016_TrancheIV_v6-v1%2FMINIAODSIM&dryrun=0&workflow=crab_20180223_154707&cacheurl=https%3A%2F%2Fcmsweb.cern.ch%2Fcrabcache&nonprodsw=1&oneEventMode=0&debugfilename=32de13650188f0cfe5c7c2b2a3fc0de34c63b1e2ac12402a4a6627dff510fafb.tar.gz&saveoutput=1&publication=0&jobarch=slc6_amd64_gcc530&totalunits=0&splitalgo=FileBased&ignoreglobalblacklist=0&nonvaliddata=0&dbsurl=https%3A%2F%2Fcmsweb.cern.ch%2Fdbs%2Fprod%2Fglobal%2FDBSReader&publishgroupname=0&jobtype=Analysis&publishname2=&tfileoutfiles=analysis.root
DEBUG 2018-02-23 15:48:33,057: 	 Result: {u'result': [{u'RequestName': u'180223_214832:shigginb_crab_20180223_154707'}]}
INFO 2018-02-23 15:48:33,064: 	 Success: Your task has been delivered to the CRAB3 server.
INFO 2018-02-23 15:48:33,064: 	 Task name: 180223_214832:shigginb_crab_20180223_154707
INFO 2018-02-23 15:48:33,064: 	 Please use 'crab status' to check how the submission process proceeds.
DEBUG 2018-02-23 15:48:33,065: 	 About to return
INFO 2018-02-23 15:48:33,071: 	 Log file is /uscms_data/d3/samuellh/WorkingArea/CpHiggs/CMSSW_8_0_21/src/PUAnalysis/CrabTools/crab/WHiggs0L1/CP_Higgs_2016/crab_20180223_154707/crab.log
DEBUG 2018-02-23 16:03:44,262: 	 Executing command: 'status'
DEBUG 2018-02-23 16:03:44,262: 	 Found CRAB cache file /uscms/home/samuellh/.crab3
DEBUG 2018-02-23 16:03:44,270: 	 Checking credentials
DEBUG 2018-02-23 16:03:44,271: 	 Found proxy file /tmp/x509up_u52190
DEBUG 2018-02-23 16:03:44,271: 	 Getting proxy life time left
DEBUG 2018-02-23 16:03:44,374: 	 Executing : 
 command : voms-proxy-info -file /tmp/x509up_u52190 -timeleft
 output : 36838

 error: 
 retcode : 0
DEBUG 2018-02-23 16:03:44,478: 	 Executing : 
 command : voms-proxy-info -file /tmp/x509up_u52190 -actimeleft
 output : 36837

 error: 
 retcode : 0
DEBUG 2018-02-23 16:03:44,478: 	 Proxy valid for 10:13:58 hours
DEBUG 2018-02-23 16:03:44,600: 	 Executing : 
 command : openssl x509 -in ~/.globus/usercert.pem -subject -noout
 output : subject= /DC=ch/DC=cern/OU=Organic Units/OU=Users/CN=shigginb/CN=785176/CN=Sam Higginbotham

 error: 
 retcode : 0
DEBUG 2018-02-23 16:03:44,600: 	 Checking credentials
DEBUG 2018-02-23 16:03:44,600: 	 Found proxy file /tmp/x509up_u52190
DEBUG 2018-02-23 16:03:44,600: 	 Getting proxy life time left
DEBUG 2018-02-23 16:03:44,703: 	 Executing : 
 command : voms-proxy-info -file /tmp/x509up_u52190 -timeleft
 output : 36838

 error: 
 retcode : 0
DEBUG 2018-02-23 16:03:44,807: 	 Executing : 
 command : voms-proxy-info -file /tmp/x509up_u52190 -actimeleft
 output : 36837

 error: 
 retcode : 0
DEBUG 2018-02-23 16:03:44,807: 	 Proxy valid for 10:13:58 hours
DEBUG 2018-02-23 16:03:45,947: 	 Registering user credentials for server /DC=ch/DC=cern/OU=computers/CN=vocms(045|052|021|031|0118|0118a|0119|0108|0105|0109).cern.ch
DEBUG 2018-02-23 16:03:46,055: 	 Executing : 
 command : openssl x509 -in ~/.globus/usercert.pem -subject -noout
 output : subject= /DC=ch/DC=cern/OU=Organic Units/OU=Users/CN=shigginb/CN=785176/CN=Sam Higginbotham

 error: 
 retcode : 0
DEBUG 2018-02-23 16:03:46,055: 	 Getting myproxy life time left for myproxy.cern.ch
DEBUG 2018-02-23 16:03:46,055: 	 Calculating hash of /DC=ch/DC=cern/OU=Organic Units/OU=Users/CN=shigginb/CN=785176/CN=Sam Higginbotham_cmsweb.cern.ch for credential name
DEBUG 2018-02-23 16:03:46,760: 	 Executing : 
 command : myproxy-info -l 2f318c7a260d78734589f2cc772d26b8be79ec6c -s myproxy.cern.ch
 output : username: 2f318c7a260d78734589f2cc772d26b8be79ec6c
owner: /DC=ch/DC=cern/OU=Organic Units/OU=Users/CN=shigginb/CN=785176/CN=Sam Higginbotham
  renewal policy: /DC=ch/DC=cern/OU=computers/CN=vocms(045|052|021|031|0118|0118a|0119|0108|0105|0109).cern.ch
  trusted retrieval policy: /DC=ch/DC=cern/OU=computers/CN=vocms(045|052|021|031|0118|0118a|0119|0108|0105|0109).cern.ch
  timeleft: 478:03:39  (19.9 days)

 error: 
 retcode : 0
DEBUG 2018-02-23 16:03:46,762: 	 Myproxy is valid: 1721019
DEBUG 2018-02-23 16:03:46,762: 	 Command use: status
DEBUG 2018-02-23 16:03:46,762: 	 Options use: ['-d', 'CP_Higgs_2016/crab_20180223_154707']
DEBUG 2018-02-23 16:03:47,806: 	 CRABClient version: 3.3.1802
DEBUG 2018-02-23 16:03:47,806: 	 Instance is prod
DEBUG 2018-02-23 16:03:47,806: 	 Server base url is cmsweb.cern.ch
DEBUG 2018-02-23 16:03:47,806: 	 Command url /crabserver/prod/workflow
DEBUG 2018-02-23 16:03:48,956: 	 Got information from server oracle database: {u'result': [u'180223_214832:shigginb_crab_20180223_154707', u'None', u'None', u'SUBMITTED', u'SUBMIT', u'2018-02-23 21:48:32.979282', u'None', u'2018-02-23 21:49:12.213293', u'None', u'CMSSW_8_0_21', u'slc6_amd64_gcc530', u'/WHiggs0L1_Undecayed_M-125_13TeV-JHUgenV6/RunIISummer16MiniAODv2-PUMoriond17_80X_mcRun2_asymptotic_2016_TrancheIV_v6-v1/MINIAODSIM', u'F', u'0', u'[]', u'[]', u'FileBased', u"{'splitOnRun': False, 'halt_job_on_file_boundaries': False, 'files_per_job': 1, 'runs': [], 'lumis': []}", u'0', u'96ab15e7c14266e693aed3c1f6d4a65723f909417b130812bd0067a433ff65f9.tar.gz', u'https://cmsweb.cern.ch/crabcache', u'shigginb', u'/DC=ch/DC=cern/OU=Organic Units/OU=Users/CN=shigginb/CN=785176/CN=Sam Higginbotham', u'cms', u'None', u'None', u'crab_20180223_154707-00000000000000000000000000000000', u'F', u'T3_US_FNALLPC', u'https://cmsweb.cern.ch/dbs/prod/global/DBSReader', u'https://cmsweb.cern.ch/dbs/prod/phys03/DBSWriter', u'F', u'[]', u"['analysis.root']", u'[]', u'Analysis', u'pythia', u'None', u'{}', u'[]', u'F', u'vocms052', u'[]', u'1250', u'1', u'2000', u'10', u'None', u'[]', u'http://vocms0197.cern.ch/mon/cms1359/180223_214832:shigginb_crab_20180223_154707', u'None', u'[]', u'[]', u'https://cmsweb.cern.ch/crabserver/prod', u'cmsgwms-collector-global.cern.ch:9620,cmssrv221.fnal.gov:9620', u'crab3@vocms0197.cern.ch', u'F', u'[]', u'T', u'/store/user/shigginb/', u'F', u'None', u'F', u'None', u'WHiggs0L1_Undecayed_M-125_13TeV-JHUgenV6', u'None', u'32de13650188f0cfe5c7c2b2a3fc0de34c63b1e2ac12402a4a6627dff510fafb.tar.gz', u'17186741', u'filetransfers', u'F', u'131.225.189.130'], u'desc': {u'columns': [u'tm_taskname', u'tm_activity', u'panda_jobset_id', u'tm_task_status', u'tm_task_command', u'tm_start_time', u'tm_start_injection', u'tm_end_injection', u'tm_task_failure', u'tm_job_sw', u'tm_job_arch', u'tm_input_dataset', u'tm_nonvalid_input_dataset', u'tm_use_parent', u'tm_site_whitelist', u'tm_site_blacklist', u'tm_split_algo', u'tm_split_args', u'tm_totalunits', u'tm_user_sandbox', u'tm_cache_url', u'tm_username', u'tm_user_dn', u'tm_user_vo', u'tm_user_role', u'tm_user_group', u'tm_publish_name', u'tm_publish_groupname', u'tm_asyncdest', u'tm_dbs_url', u'tm_publish_dbs_url', u'tm_publication', u'tm_outfiles', u'tm_tfile_outfiles', u'tm_edm_outfiles', u'tm_job_type', u'tm_generator', u'tm_events_per_lumi', u'tm_arguments', u'panda_resubmitted_jobs', u'tm_save_logs', u'tw_name', u'tm_user_infiles', u'tm_maxjobruntime', u'tm_numcores', u'tm_maxmemory', u'tm_priority', u'tm_output_dataset', u'tm_task_warnings', u'tm_user_webdir', u'tm_scriptexe', u'tm_scriptargs', u'tm_extrajdl', u'tm_asourl', u'tm_collector', u'tm_schedd', u'tm_dry_run', u'tm_user_files', u'tm_transfer_outputs', u'tm_output_lfn', u'tm_ignore_locality', u'tm_fail_limit', u'tm_one_event_mode', u'tm_secondary_input_dataset', u'tm_primary_dataset', u'tm_last_publication', u'tm_debug_files', u'clusterid', u'tm_asodb', u'tm_ignore_global_blacklist', u'tm_submitter_ip_addr']}}
INFO 2018-02-23 16:03:48,957: 	 CRAB project directory:		/uscms_data/d3/samuellh/WorkingArea/CpHiggs/CMSSW_8_0_21/src/PUAnalysis/CrabTools/crab/WHiggs0L1/CP_Higgs_2016/crab_20180223_154707
INFO 2018-02-23 16:03:48,957: 	 Task name:			180223_214832:shigginb_crab_20180223_154707
INFO 2018-02-23 16:03:48,957: 	 Grid scheduler:			crab3@vocms0197.cern.ch
INFO 2018-02-23 16:03:48,957: 	 Status on the CRAB server:	SUBMITTED
INFO 2018-02-23 16:03:48,957: 	 Task URL to use for HELP:	https://cmsweb.cern.ch/crabserver/ui/task/180223_214832%3Ashigginb_crab_20180223_154707
INFO 2018-02-23 16:03:48,957: 	 Dashboard monitoring URL:	http://dashb-cms-job.cern.ch/dashboard/templates/task-analysis/#user=shigginb&refresh=0&table=Jobs&p=1&records=25&activemenu=2&status=&site=&tid=180223_214832%3Ashigginb_crab_20180223_154707
DEBUG 2018-02-23 16:03:48,957: 	 The CRAB server submitted your task to the Grid scheduler (cluster ID: 17186741)
DEBUG 2018-02-23 16:03:48,958: 	 Webdir is located at http://vocms0197.cern.ch/mon/cms1359/180223_214832:shigginb_crab_20180223_154707
DEBUG 2018-02-23 16:03:50,074: 	 Proxied webdir is located at https://cmsweb.cern.ch/scheddmon/0197/cms1359/180223_214832:shigginb_crab_20180223_154707
DEBUG 2018-02-23 16:03:50,074: 	 Retrieving 'status_cache' file from https://cmsweb.cern.ch/scheddmon/0197/cms1359/180223_214832:shigginb_crab_20180223_154707/status_cache
DEBUG 2018-02-23 16:03:51,292: 	 Got information from status cache file: {'24': {'Retries': 0, 'WallDurations': [9.0, 310.0], 'StartTimes': [1519422771.0], 'SubmitTimes': [1519422570.0], 'JobIds': ['17186770.0'], 'EndTimes': [], 'Restarts': 0, 'RecordedSite': True, 'State': 'running', 'ResidentSetSize': [1169968], 'TotalUserCpuTimeHistory': [146.0], 'SiteHistory': ['Unknown', 'T2_US_UCSD'], 'TotalSysCpuTimeHistory': [19.0]}, '25': {'Retries': 0, 'WallDurations': [8.0, 308.0], 'StartTimes': [1519422762.0], 'SubmitTimes': [1519422570.0], 'JobIds': ['17186772.0'], 'EndTimes': [], 'Restarts': 0, 'RecordedSite': True, 'State': 'running', 'ResidentSetSize': [1345540], 'TotalUserCpuTimeHistory': [239.0], 'SiteHistory': ['Unknown', 'T2_US_Purdue'], 'TotalSysCpuTimeHistory': [10.0]}, '26': {'Retries': 0, 'WallDurations': [8.0, 452.0], 'StartTimes': [1519422763.0], 'SubmitTimes': [1519422570.0], 'JobIds': ['17186773.0'], 'EndTimes': [1519423215.0], 'Restarts': 0, 'RecordedSite': True, 'State': 'transferring', 'ResidentSetSize': [1313964], 'TotalUserCpuTimeHistory': [338], 'SiteHistory': ['Unknown', 'T2_US_Wisconsin'], 'TotalSysCpuTimeHistory': [26]}, '27': {'Retries': 0, 'WallDurations': [9.0, 310.0], 'StartTimes': [1519422779.0], 'SubmitTimes': [1519422570.0], 'JobIds': ['17186774.0'], 'EndTimes': [], 'Restarts': 0, 'RecordedSite': True, 'State': 'running', 'ResidentSetSize': [922460], 'TotalUserCpuTimeHistory': [131.0], 'SiteHistory': ['Unknown', 'T2_US_UCSD'], 'TotalSysCpuTimeHistory': [32.0]}, '20': {'Retries': 0, 'WallDurations': [9.0, 310.0], 'StartTimes': [1519422761.0], 'SubmitTimes': [1519422568.0], 'JobIds': ['17186768.0'], 'EndTimes': [], 'Restarts': 0, 'RecordedSite': True, 'State': 'running', 'ResidentSetSize': [1304440], 'TotalUserCpuTimeHistory': [264.0], 'SiteHistory': ['Unknown', 'T2_US_Purdue'], 'TotalSysCpuTimeHistory': [13.0]}, '21': {'Retries': 0, 'WallDurations': [9.0, 309.0], 'StartTimes': [1519422923.0], 'SubmitTimes': [1519422571.0], 'JobIds': ['17186782.0'], 'EndTimes': [], 'Restarts': 0, 'RecordedSite': True, 'State': 'running', 'ResidentSetSize': [1257552], 'TotalUserCpuTimeHistory': [143.0], 'SiteHistory': ['Unknown', 'T2_US_UCSD'], 'TotalSysCpuTimeHistory': [13.0]}, '22': {'Retries': 0, 'WallDurations': [8.0, 308.0], 'StartTimes': [1519422762.0], 'SubmitTimes': [1519422568.0], 'JobIds': ['17186769.0'], 'EndTimes': [], 'Restarts': 0, 'RecordedSite': True, 'State': 'running', 'ResidentSetSize': [1310520], 'TotalUserCpuTimeHistory': [228.0], 'SiteHistory': ['Unknown', 'T2_US_Purdue'], 'TotalSysCpuTimeHistory': [13.0]}, '23': {'Retries': 0, 'WallDurations': [8.0, 308.0], 'StartTimes': [1519422765.0], 'SubmitTimes': [1519422570.0], 'JobIds': ['17186771.0'], 'EndTimes': [], 'Restarts': 0, 'RecordedSite': True, 'State': 'running', 'ResidentSetSize': [1328932], 'TotalUserCpuTimeHistory': [243.0], 'SiteHistory': ['Unknown', 'T2_US_Wisconsin'], 'TotalSysCpuTimeHistory': [17.0]}, '28': {'Retries': 0, 'WallDurations': [9.0, 310.0], 'StartTimes': [1519422771.0], 'SubmitTimes': [1519422571.0], 'JobIds': ['17186775.0'], 'EndTimes': [], 'Restarts': 0, 'RecordedSite': True, 'State': 'running', 'ResidentSetSize': [1239820], 'TotalUserCpuTimeHistory': [139.0], 'SiteHistory': ['Unknown', 'T2_US_UCSD'], 'TotalSysCpuTimeHistory': [17.0]}, '29': {'Retries': 0, 'WallDurations': [9.0, 310.0], 'StartTimes': [1519422770.0], 'SubmitTimes': [1519422571.0], 'JobIds': ['17186776.0'], 'EndTimes': [], 'Restarts': 0, 'RecordedSite': True, 'State': 'running', 'ResidentSetSize': [1208760], 'TotalUserCpuTimeHistory': [168.0], 'SiteHistory': ['Unknown', 'T2_US_UCSD'], 'TotalSysCpuTimeHistory': [13.0]}, '1': {'Retries': 0, 'WallDurations': [9.0, 273.5294919013977], 'StartTimes': [1519422968.0], 'SubmitTimes': [1519422566.0], 'JobIds': ['17186750.0'], 'EndTimes': [], 'Restarts': 0, 'RecordedSite': True, 'State': 'running', 'ResidentSetSize': [12604], 'TotalUserCpuTimeHistory': [0.0], 'SiteHistory': ['Unknown', 'T2_US_UCSD'], 'TotalSysCpuTimeHistory': [0.0]}, '3': {'Retries': 0, 'WallDurations': [9.0, 272.5294919013977], 'StartTimes': [1519422969.0], 'SubmitTimes': [1519422566.0], 'JobIds': ['17186752.0'], 'EndTimes': [], 'Restarts': 0, 'RecordedSite': True, 'State': 'running', 'ResidentSetSize': [11564], 'TotalUserCpuTimeHistory': [0.0], 'SiteHistory': ['Unknown', 'T2_US_UCSD'], 'TotalSysCpuTimeHistory': [0.0]}, '2': {'Retries': 0, 'WallDurations': [9.0, 311.0], 'StartTimes': [1519422915.0], 'SubmitTimes': [1519422566.0], 'JobIds': ['17186751.0'], 'EndTimes': [], 'Restarts': 0, 'RecordedSite': True, 'State': 'running', 'ResidentSetSize': [929512], 'TotalUserCpuTimeHistory': [136.0], 'SiteHistory': ['Unknown', 'T2_US_UCSD'], 'TotalSysCpuTimeHistory': [20.0]}, '5': {'Retries': 0, 'WallDurations': [9.0, 310.0], 'StartTimes': [1519422914.0], 'SubmitTimes': [1519422566.0], 'JobIds': ['17186749.0'], 'EndTimes': [], 'Restarts': 0, 'RecordedSite': True, 'State': 'running', 'ResidentSetSize': [942904], 'TotalUserCpuTimeHistory': [137.0], 'SiteHistory': ['Unknown', 'T2_US_UCSD'], 'TotalSysCpuTimeHistory': [20.0]}, '4': {'Retries': 0, 'WallDurations': [0, 8.0], 'StartTimes': [1519422940.0], 'SubmitTimes': [1519422567.0], 'JobIds': ['17186755.0'], 'EndTimes': [], 'Restarts': 0, 'RecordedSite': True, 'State': 'running', 'ResidentSetSize': [14620], 'TotalUserCpuTimeHistory': [0.0], 'SiteHistory': ['Unknown', 'T2_US_UCSD'], 'TotalSysCpuTimeHistory': [0.0]}, '7': {'Retries': 0, 'WallDurations': [9.0, 435.0], 'StartTimes': [1519422739.0], 'SubmitTimes': [1519422567.0], 'JobIds': ['17186756.0'], 'EndTimes': [1519423174.0], 'Restarts': 0, 'RecordedSite': True, 'State': 'transferring', 'ResidentSetSize': [937188], 'TotalUserCpuTimeHistory': [249], 'SiteHistory': ['Unknown', 'T2_US_UCSD'], 'TotalSysCpuTimeHistory': [28]}, '6': {'Retries': 0, 'WallDurations': [9.0, 309.0], 'StartTimes': [1519422742.0], 'SubmitTimes': [1519422566.0], 'JobIds': ['17186753.0'], 'EndTimes': [], 'Restarts': 0, 'RecordedSite': True, 'State': 'running', 'ResidentSetSize': [1250992], 'TotalUserCpuTimeHistory': [148.0], 'SiteHistory': ['Unknown', 'T2_US_UCSD'], 'TotalSysCpuTimeHistory': [17.0]}, '9': {'Retries': 0, 'WallDurations': [8.0, 309.0], 'StartTimes': [1519422740.0], 'SubmitTimes': [1519422567.0], 'JobIds': ['17186757.0'], 'EndTimes': [], 'Restarts': 0, 'RecordedSite': True, 'State': 'running', 'ResidentSetSize': [1313356], 'TotalUserCpuTimeHistory': [160.0], 'SiteHistory': ['Unknown', 'T2_US_UCSD'], 'TotalSysCpuTimeHistory': [15.0]}, '8': {'Retries': 0, 'WallDurations': [8.0, 309.0], 'StartTimes': [1519422739.0], 'SubmitTimes': [1519422566.0], 'JobIds': ['17186754.0'], 'EndTimes': [], 'Restarts': 0, 'RecordedSite': True, 'State': 'running', 'ResidentSetSize': [1247808], 'TotalUserCpuTimeHistory': [145.0], 'SiteHistory': ['Unknown', 'T2_US_UCSD'], 'TotalSysCpuTimeHistory': [17.0]}, '11': {'Retries': 0, 'WallDurations': [9.0, 309.0], 'StartTimes': [1519422738.0], 'SubmitTimes': [1519422567.0], 'JobIds': ['17186759.0'], 'EndTimes': [], 'Restarts': 0, 'RecordedSite': True, 'State': 'running', 'ResidentSetSize': [941296], 'TotalUserCpuTimeHistory': [145.0], 'SiteHistory': ['Unknown', 'T2_US_UCSD'], 'TotalSysCpuTimeHistory': [21.0]}, '10': {'Retries': 0, 'WallDurations': [9.0, 309.0], 'StartTimes': [1519422742.0], 'SubmitTimes': [1519422567.0], 'JobIds': ['17186758.0'], 'EndTimes': [], 'Restarts': 0, 'RecordedSite': True, 'State': 'running', 'ResidentSetSize': [952464], 'TotalUserCpuTimeHistory': [133.0], 'SiteHistory': ['Unknown', 'T2_US_UCSD'], 'TotalSysCpuTimeHistory': [31.0]}, '13': {'Retries': 0, 'WallDurations': [8.0, 308.0], 'StartTimes': [1519422770.0], 'SubmitTimes': [1519422567.0], 'JobIds': ['17186761.0'], 'EndTimes': [], 'Restarts': 0, 'RecordedSite': True, 'State': 'running', 'ResidentSetSize': [1265604], 'TotalUserCpuTimeHistory': [145.0], 'SiteHistory': ['Unknown', 'T2_US_UCSD'], 'TotalSysCpuTimeHistory': [14.0]}, '12': {'Retries': 0, 'WallDurations': [9.0, 310.0], 'StartTimes': [1519422771.0], 'SubmitTimes': [1519422567.0], 'JobIds': ['17186760.0'], 'EndTimes': [], 'Restarts': 0, 'RecordedSite': True, 'State': 'running', 'ResidentSetSize': [931436], 'TotalUserCpuTimeHistory': [132.0], 'SiteHistory': ['Unknown', 'T2_US_UCSD'], 'TotalSysCpuTimeHistory': [29.0]}, '15': {'Retries': 0, 'WallDurations': [9.0, 310.0], 'StartTimes': [1519422770.0], 'SubmitTimes': [1519422567.0], 'JobIds': ['17186762.0'], 'EndTimes': [], 'Restarts': 0, 'RecordedSite': True, 'State': 'running', 'ResidentSetSize': [1216516], 'TotalUserCpuTimeHistory': [133.0], 'SiteHistory': ['Unknown', 'T2_US_UCSD'], 'TotalSysCpuTimeHistory': [15.0]}, '14': {'Retries': 0, 'WallDurations': [9.0, 310.0], 'StartTimes': [1519422768.0], 'SubmitTimes': [1519422567.0], 'JobIds': ['17186763.0'], 'EndTimes': [], 'Restarts': 0, 'RecordedSite': True, 'State': 'running', 'ResidentSetSize': [1150152], 'TotalUserCpuTimeHistory': [159.0], 'SiteHistory': ['Unknown', 'T2_US_UCSD'], 'TotalSysCpuTimeHistory': [13.0]}, '17': {'Retries': 0, 'WallDurations': [9.0, 309.0], 'StartTimes': [1519422771.0], 'SubmitTimes': [1519422568.0], 'JobIds': ['17186765.0'], 'EndTimes': [], 'Restarts': 0, 'RecordedSite': True, 'State': 'running', 'ResidentSetSize': [894560], 'TotalUserCpuTimeHistory': [89.0], 'SiteHistory': ['Unknown', 'T2_US_UCSD'], 'TotalSysCpuTimeHistory': [15.0]}, '16': {'Retries': 0, 'WallDurations': [10.0, 310.0], 'StartTimes': [1519422770.0], 'SubmitTimes': [1519422568.0], 'JobIds': ['17186766.0'], 'EndTimes': [], 'Restarts': 0, 'RecordedSite': True, 'State': 'running', 'ResidentSetSize': [1258736], 'TotalUserCpuTimeHistory': [150.0], 'SiteHistory': ['Unknown', 'T2_US_UCSD'], 'TotalSysCpuTimeHistory': [13.0]}, '19': {'Retries': 0, 'WallDurations': [8.0, 308.0], 'StartTimes': [1519422771.0], 'SubmitTimes': [1519422568.0], 'JobIds': ['17186767.0'], 'EndTimes': [], 'Restarts': 0, 'RecordedSite': True, 'State': 'running', 'ResidentSetSize': [1234588], 'TotalUserCpuTimeHistory': [167.0], 'SiteHistory': ['Unknown', 'T2_US_UCSD'], 'TotalSysCpuTimeHistory': [24.0]}, '18': {'Retries': 0, 'WallDurations': [9.0, 309.0], 'StartTimes': [1519422792.0], 'SubmitTimes': [1519422568.0], 'JobIds': ['17186764.0'], 'EndTimes': [], 'Restarts': 0, 'RecordedSite': True, 'State': 'running', 'ResidentSetSize': [1199332], 'TotalUserCpuTimeHistory': [160.0], 'SiteHistory': ['Unknown', 'T2_US_UCSD'], 'TotalSysCpuTimeHistory': [14.0]}, '31': {'Retries': 0, 'WallDurations': [9.0, 404.0], 'StartTimes': [1519422810.0], 'SubmitTimes': [1519422571.0], 'JobIds': ['17186780.0'], 'EndTimes': [1519423214.0], 'Restarts': 0, 'RecordedSite': True, 'State': 'transferring', 'ResidentSetSize': [1268784], 'TotalUserCpuTimeHistory': [228], 'SiteHistory': ['Unknown', 'T2_US_UCSD'], 'TotalSysCpuTimeHistory': [14]}, '30': {'Retries': 0, 'WallDurations': [10.0, 310.0], 'StartTimes': [1519422790.0], 'SubmitTimes': [1519422571.0], 'JobIds': ['17186777.0'], 'EndTimes': [], 'Restarts': 0, 'RecordedSite': True, 'State': 'running', 'ResidentSetSize': [1313900], 'TotalUserCpuTimeHistory': [158.0], 'SiteHistory': ['Unknown', 'T2_US_UCSD'], 'TotalSysCpuTimeHistory': [20.0]}, '34': {'Retries': 0, 'WallDurations': [9.0, 310.0], 'StartTimes': [1519422789.0], 'SubmitTimes': [1519422571.0], 'JobIds': ['17186781.0'], 'EndTimes': [], 'Restarts': 0, 'RecordedSite': True, 'State': 'running', 'ResidentSetSize': [1227000], 'TotalUserCpuTimeHistory': [154.0], 'SiteHistory': ['Unknown', 'T2_US_UCSD'], 'TotalSysCpuTimeHistory': [14.0]}, '33': {'Retries': 0, 'WallDurations': [8.0, 309.0], 'StartTimes': [1519422788.0], 'SubmitTimes': [1519422571.0], 'JobIds': ['17186779.0'], 'EndTimes': [], 'Restarts': 0, 'RecordedSite': True, 'State': 'running', 'ResidentSetSize': [1320352], 'TotalUserCpuTimeHistory': [154.0], 'SiteHistory': ['Unknown', 'T2_US_UCSD'], 'TotalSysCpuTimeHistory': [12.0]}, '32': {'Retries': 0, 'WallDurations': [9.0, 310.0], 'StartTimes': [1519422788.0], 'SubmitTimes': [1519422571.0], 'JobIds': ['17186778.0'], 'EndTimes': [], 'Restarts': 0, 'RecordedSite': True, 'State': 'running', 'ResidentSetSize': [1242376], 'TotalUserCpuTimeHistory': [163.0], 'SiteHistory': ['Unknown', 'T2_US_UCSD'], 'TotalSysCpuTimeHistory': [13.0]}}
INFO 2018-02-23 16:03:51,292: 	 Status on the scheduler:	SUBMITTED
INFO 2018-02-23 16:03:51,293: 	 
Jobs status:                    running        91.2% (31/34)
INFO 2018-02-23 16:03:51,293: 	 				transferring    8.8% ( 3/34)
INFO 2018-02-23 16:03:51,293: 	 
No publication information (publication has been disabled in the CRAB configuration file)
INFO 2018-02-23 16:03:51,305: 	 Log file is /uscms_data/d3/samuellh/WorkingArea/CpHiggs/CMSSW_8_0_21/src/PUAnalysis/CrabTools/crab/WHiggs0L1/CP_Higgs_2016/crab_20180223_154707/crab.log
