('The system path in the config file ', ['/cvmfs/cms.cern.ch/crab3/slc6_amd64_gcc493/cms/crabclient/3.3.1707.patch1/bin', '/uscms_data/d3/samuellh/WorkingArea/TauAnalysis/CMSSW_9_3_2/python', '/uscms_data/d3/samuellh/WorkingArea/TauAnalysis/CMSSW_9_3_2/lib/slc6_amd64_gcc630', '/cvmfs/cms.cern.ch/slc6_amd64_gcc630/cms/cmssw/CMSSW_9_3_2/python', '/cvmfs/cms.cern.ch/slc6_amd64_gcc630/cms/cmssw/CMSSW_9_3_2/lib/slc6_amd64_gcc630', '/cvmfs/cms.cern.ch/slc6_amd64_gcc630/cms/coral/CORAL_2_3_21-ghjeda6/slc6_amd64_gcc630/python', '/cvmfs/cms.cern.ch/slc6_amd64_gcc630/cms/coral/CORAL_2_3_21-ghjeda6/slc6_amd64_gcc630/lib', '/cvmfs/cms.cern.ch/slc6_amd64_gcc630/external/professor2/2.2.1-ghjeda6/lib/python2.7/site-packages', '/cvmfs/cms.cern.ch/slc6_amd64_gcc630/external/pyqt/4.11.4-mlhled2/lib/python2.7/site-packages', '/cvmfs/cms.cern.ch/slc6_amd64_gcc630/external/sherpa/2.2.4-ghjeda/lib/python2.7/site-packages', '/cvmfs/cms.cern.ch/slc6_amd64_gcc630/external/rivet/2.5.2-ghjeda4/lib/python2.7/site-packages', '/cvmfs/cms.cern.ch/slc6_amd64_gcc630/external/python-ldap/2.4.10-mlhled2/lib/python2.7/site-packages', '/cvmfs/cms.cern.ch/slc6_amd64_gcc630/external/py2-matplotlib/1.5.2-njopjo/lib/python2.7/site-packages', '/cvmfs/cms.cern.ch/slc6_amd64_gcc630/external/sip/4.17-mlhled2/lib/python2.7/site-packages', '/cvmfs/cms.cern.ch/slc6_amd64_gcc630/external/llvm/4.0.0-njopjo/lib64/python2.7/site-packages', '/cvmfs/cms.cern.ch/slc6_amd64_gcc630/external/py2-sqlalchemy/1.1.4-mlhled2/lib/python2.7/site-packages', '/cvmfs/cms.cern.ch/slc6_amd64_gcc630/external/py2-lint/0.25.1-mlhled2/lib/python2.7/site-packages', '/cvmfs/cms.cern.ch/slc6_amd64_gcc630/external/py2-dxr/1.0-ghjeda6/lib/python2.7/site-packages', '/cvmfs/cms.cern.ch/slc6_amd64_gcc630/external/py2-cx-oracle/5.2.1-mlhled2/lib/python2.7/site-packages', '/cvmfs/cms.cern.ch/slc6_amd64_gcc630/external/py2-numpy/1.12.1-mlhled2/lib/python2.7/site-packages', '/cvmfs/cms.cern.ch/slc6_amd64_gcc630/external/frontier_client/2.8.20-mlhled2/python/lib', '/cvmfs/cms.cern.ch/slc6_amd64_gcc630/cms/das_client/v03.01.00-mlhled2/bin', '/cvmfs/cms.cern.ch/slc6_amd64_gcc630/external/xrootd/4.6.1/lib/python2.7/site-packages', '/cvmfs/cms.cern.ch/slc6_amd64_gcc630/external/yoda/1.6.5-ghjeda4/lib/python2.7/site-packages', '/cvmfs/cms.cern.ch/slc6_amd64_gcc630/lcg/root/6.10.04-ghjeda/lib', '/cvmfs/cms.cern.ch/slc6_amd64_gcc630/external/pyminuit2/0.0.1-ghjeda4/lib/python2.7/site-packages', '/cvmfs/cms.cern.ch/slc6_amd64_gcc630/external/py2-PyYAML/3.11-mlhled2/lib/python2.7/site-packages', '/cvmfs/cms.cern.ch/slc6_amd64_gcc630/external/py2-pygithub/1.23.0-mlhled2/lib/python2.7/site-packages', '/cvmfs/cms.cern.ch/slc6_amd64_gcc630/external/py2-pip/9.0.1-mlhled2/lib/python2.7/site-packages', '/cvmfs/cms.cern.ch/slc6_amd64_gcc630/external/py2-dablooms/0.9.1-mlhled2/lib/python2.7/site-packages', '/cvmfs/cms.cern.ch/slc6_amd64_gcc630/external/py2-pippkgs_depscipy/3.0-ghjeda6/lib/python2.7/site-packages', '/cvmfs/cms.cern.ch/slc6_amd64_gcc630/external/py2-pippkgs/5.0-ghjeda6/lib/python2.7/site-packages', '/cvmfs/cms.cern.ch/slc6_amd64_gcc630/external/professor/1.4.0-ghjeda4/lib/python2.7/site-packages', '/cvmfs/cms.cern.ch/slc6_amd64_gcc630/cms/dbs-client/DBS_2_1_9-mlhled2/lib', '/cvmfs/cms.cern.ch/slc6_amd64_gcc630/cms/dbs-client/DBS_2_1_9-mlhled2/lib/DBSAPI', '/cvmfs/cms.cern.ch/slc6_amd64_gcc630/external/cvs2git/5419-mlhled2/lib', '/cvmfs/cms.cern.ch/crab3/slc6_amd64_gcc493/cms/crabclient/3.3.1707.patch1/lib/python2.7/site-packages', '/cvmfs/cms.cern.ch/crab3/slc6_amd64_gcc493/cms/dbs3-client/3.4.4/lib/python2.7/site-packages', '/cvmfs/cms.cern.ch/crab3/slc6_amd64_gcc493/cms/dbs3-pycurl-client/3.4.4/lib/python2.7/site-packages', '/cvmfs/cms.cern.ch/slc6_amd64_gcc630/external/py2-sqlalchemy/1.1.4-mlhled2/lib/python2.7/site-packages/SQLAlchemy-1.1.4-py2.7-linux-x86_64.egg', '/cvmfs/cms.cern.ch/slc6_amd64_gcc630/external/py2-numpy/1.12.1-mlhled2/lib/python2.7/site-packages/numpy-1.12.1-py2.7-linux-x86_64.egg', '/cvmfs/cms.cern.ch/slc6_amd64_gcc630/external/python/2.7.11-mlhled2/lib/python27.zip', '/cvmfs/cms.cern.ch/slc6_amd64_gcc630/external/python/2.7.11-mlhled2/lib/python2.7', '/cvmfs/cms.cern.ch/slc6_amd64_gcc630/external/python/2.7.11-mlhled2/lib/python2.7/plat-linux2', '/cvmfs/cms.cern.ch/slc6_amd64_gcc630/external/python/2.7.11-mlhled2/lib/python2.7/lib-tk', '/cvmfs/cms.cern.ch/slc6_amd64_gcc630/external/python/2.7.11-mlhled2/lib/python2.7/lib-old', '/cvmfs/cms.cern.ch/slc6_amd64_gcc630/external/python/2.7.11-mlhled2/lib/python2.7/lib-dynload', '/cvmfs/cms.cern.ch/slc6_amd64_gcc630/external/python/2.7.11-mlhled2/lib/python2.7/site-packages', '/uscms_data/d3/samuellh/WorkingArea/TauAnalysis/CMSSW_9_3_2/src/PUAnalysis/VBFtt2017/crab/VBF14'])
 ##################################################################### 
 # WARNING: the module CondCore.DBCommon.CondDBSetup is deprecated.  # 
 # Please import CondCore.CondDB.CondDB_cfi                          # 
 ##################################################################### 
recorrecting the jets
List Of Filters
['processedEvents', 'initialEventsTT', 'DiMuonCreation', 'AtLeastOneDiTau', 'TTTauPtEta', 'TTTauDecayFound', 'TTTauStandardDecayFound', 'TTTauDRSel', 'TTSync', 'TTAntiEle', 'TTAntiMu', 'TTIso', 'TTOS']
DEBUG 2017-11-15 07:19:24,909: 	 Executing command: 'submit'
DEBUG 2017-11-15 07:19:24,910: 	 Found CRAB cache file /uscms/home/samuellh/.crab3
DEBUG 2017-11-15 07:19:24,919: 	 Checking credentials
DEBUG 2017-11-15 07:19:24,919: 	 Found proxy file /tmp/x509up_u52190
DEBUG 2017-11-15 07:19:24,919: 	 Getting proxy life time left
DEBUG 2017-11-15 07:19:25,022: 	 Executing : 
 command : voms-proxy-info -file /tmp/x509up_u52190 -timeleft
 output : 83719

 error: 
 retcode : 0
DEBUG 2017-11-15 07:19:25,125: 	 Executing : 
 command : voms-proxy-info -file /tmp/x509up_u52190 -actimeleft
 output : 83717

 error: 
 retcode : 0
DEBUG 2017-11-15 07:19:25,125: 	 Proxy valid for 23:15:19 hours
INFO 2017-11-15 07:19:25,126: 	 Will use CRAB configuration file crab3_TT_MC.py
DEBUG 2017-11-15 07:19:25,126: 	 Loading CRAB configuration file.
DEBUG 2017-11-15 07:19:25,134: 	 Will use CRAB Analysis plugin (i.e. will run an analysis job type).
DEBUG 2017-11-15 07:19:25,249: 	 Executing : 
 command : openssl x509 -in ~/.globus/usercert.pem -subject -noout
 output : subject= /DC=ch/DC=cern/OU=Organic Units/OU=Users/CN=shigginb/CN=785176/CN=Sam Higginbotham

 error: 
 retcode : 0
DEBUG 2017-11-15 07:19:25,250: 	 Checking credentials
DEBUG 2017-11-15 07:19:25,250: 	 Found proxy file /tmp/x509up_u52190
DEBUG 2017-11-15 07:19:25,250: 	 Getting proxy life time left
DEBUG 2017-11-15 07:19:25,353: 	 Executing : 
 command : voms-proxy-info -file /tmp/x509up_u52190 -timeleft
 output : 83718

 error: 
 retcode : 0
DEBUG 2017-11-15 07:19:25,457: 	 Executing : 
 command : voms-proxy-info -file /tmp/x509up_u52190 -actimeleft
 output : 83717

 error: 
 retcode : 0
DEBUG 2017-11-15 07:19:25,457: 	 Proxy valid for 23:15:18 hours
DEBUG 2017-11-15 07:19:25,561: 	 Executing : 
 command : env X509_USER_PROXY=/tmp/x509up_u52190 voms-proxy-info -fqan
 output : /cms/Role=NULL/Capability=NULL

 error: 
 retcode : 0
DEBUG 2017-11-15 07:19:27,274: 	 Registering user credentials for server /DC=ch/DC=cern/OU=computers/CN=vocms(045|052|021|031|0118|0118a|0119|0108|0105|0109).cern.ch
DEBUG 2017-11-15 07:19:27,382: 	 Executing : 
 command : openssl x509 -in ~/.globus/usercert.pem -subject -noout
 output : subject= /DC=ch/DC=cern/OU=Organic Units/OU=Users/CN=shigginb/CN=785176/CN=Sam Higginbotham

 error: 
 retcode : 0
DEBUG 2017-11-15 07:19:27,382: 	 Getting myproxy life time left for myproxy.cern.ch
DEBUG 2017-11-15 07:19:27,382: 	 Calculating hash of /DC=ch/DC=cern/OU=Organic Units/OU=Users/CN=shigginb/CN=785176/CN=Sam Higginbotham_cmsweb.cern.ch for credential name
DEBUG 2017-11-15 07:19:28,087: 	 Executing : 
 command : myproxy-info -l 2f318c7a260d78734589f2cc772d26b8be79ec6c -s myproxy.cern.ch
 output : username: 2f318c7a260d78734589f2cc772d26b8be79ec6c
owner: /DC=ch/DC=cern/OU=Organic Units/OU=Users/CN=shigginb/CN=785176/CN=Sam Higginbotham
  renewal policy: /DC=ch/DC=cern/OU=computers/CN=vocms(045|052|021|031|0118|0118a|0119|0108|0105|0109).cern.ch
  trusted retrieval policy: /DC=ch/DC=cern/OU=computers/CN=vocms(045|052|021|031|0118|0118a|0119|0108|0105|0109).cern.ch
  timeleft: 432:04:13  (18.0 days)

 error: 
 retcode : 0
DEBUG 2017-11-15 07:19:28,088: 	 Myproxy is valid: 1555453
DEBUG 2017-11-15 07:19:28,088: 	 Command use: submit
DEBUG 2017-11-15 07:19:28,088: 	 Options use: ['-c', 'crab3_TT_MC.py']
DEBUG 2017-11-15 07:19:29,743: 	 CRABClient version: 3.3.1707.patch1
DEBUG 2017-11-15 07:19:29,743: 	 Instance is prod
DEBUG 2017-11-15 07:19:29,743: 	 Server base url is cmsweb.cern.ch
DEBUG 2017-11-15 07:19:29,743: 	 Command url /crabserver/prod/workflow
DEBUG 2017-11-15 07:19:29,743: 	 Started submission
DEBUG 2017-11-15 07:19:29,743: 	 Working on /uscms_data/d3/samuellh/WorkingArea/TauAnalysis/CMSSW_9_3_2/src/PUAnalysis/VBFtt2017/crab/VBF14/crab_20171115_071925
DEBUG 2017-11-15 07:19:31,338: 	 Loading required information from the environment
DEBUG 2017-11-15 07:19:31,338: 	 Found CMSSW_9_3_2 for slc6_amd64_gcc630 with base /uscms_data/d3/samuellh/WorkingArea/TauAnalysis/CMSSW_9_3_2
DEBUG 2017-11-15 07:19:31,338: 	 Loading required information from the environment
DEBUG 2017-11-15 07:19:31,338: 	 Found CMSSW_9_3_2 for slc6_amd64_gcc630 with base /uscms_data/d3/samuellh/WorkingArea/TauAnalysis/CMSSW_9_3_2
DEBUG 2017-11-15 07:19:31,347: 	 UNIQUE NAME: tarUUID 3f3c61bd-43b8-4ccd-b6fa-154047dd3a49 
DEBUG 2017-11-15 07:19:31,348: 	 self.config: from WMCore.Configuration import Configuration
config = Configuration()
config.section_('General')
config.section_('JobType')
config.JobType.psetName = '../../../TT-MC-Up.py'
config.JobType.pluginName = 'Analysis'
config.JobType.inputFiles = ['../../../Configuration/data/PhaseIISummer16_25nsV3_MC.db']
config.JobType.outputFiles = ['analysis.root']
config.JobType.allowUndistributedCMSSW = True
config.section_('Data')
config.Data.inputDataset = '/QCD_Flat_Pt-15to7000_TuneCUETP8M1_14TeV_pythia8/PhaseIITDRFall17MiniAOD-PU200_93X_upgrade2023_realistic_v2-v1/MINIAODSIM'
config.Data.unitsPerJob = 1
config.Data.publication = False
config.Data.inputDBS = 'global'
config.Data.splitting = 'FileBased'
config.section_('Site')
config.Site.storageSite = 'T3_US_FNALLPC'
config.section_('User')
config.section_('Debug')

DEBUG 2017-11-15 07:19:31,348: 	 self.config.JobType.psetName: ../../../TT-MC-Up.py
INFO 2017-11-15 07:19:31,348: 	 Importing CMSSW configuration ../../../TT-MC-Up.py
INFO 2017-11-15 07:19:33,717: 	 Finished importing CMSSW configuration ../../../TT-MC-Up.py
DEBUG 2017-11-15 07:19:33,718: 	 Writing CMSSW configuration to /uscms_data/d3/samuellh/WorkingArea/TauAnalysis/CMSSW_9_3_2/src/PUAnalysis/VBFtt2017/crab/VBF14/crab_20171115_071925/inputs/PSet.py
DEBUG 2017-11-15 07:19:34,889: 	 The following EDM output files will be collected: []
DEBUG 2017-11-15 07:19:34,889: 	 The following TFile output files will be collected: ['analysis.root']
DEBUG 2017-11-15 07:19:34,889: 	 The following user output files will be collected: []
DEBUG 2017-11-15 07:19:34,889: 	 Loading required information from the environment
DEBUG 2017-11-15 07:19:34,889: 	 Found CMSSW_9_3_2 for slc6_amd64_gcc630 with base /uscms_data/d3/samuellh/WorkingArea/TauAnalysis/CMSSW_9_3_2
DEBUG 2017-11-15 07:19:34,889: 	 Making tarball in /uscms_data/d3/samuellh/WorkingArea/TauAnalysis/CMSSW_9_3_2/src/PUAnalysis/VBFtt2017/crab/VBF14/crab_20171115_071925/inputs/3f3c61bd-43b8-4ccd-b6fa-154047dd3a49default.tgz
DEBUG 2017-11-15 07:19:34,982: 	 Checking directory /uscms_data/d3/samuellh/WorkingArea/TauAnalysis/CMSSW_9_3_2/lib
DEBUG 2017-11-15 07:19:34,982: 	 Adding directory /uscms_data/d3/samuellh/WorkingArea/TauAnalysis/CMSSW_9_3_2/lib to tarball
DEBUG 2017-11-15 07:19:35,815: 	 Checking directory /uscms_data/d3/samuellh/WorkingArea/TauAnalysis/CMSSW_9_3_2/biglib
DEBUG 2017-11-15 07:19:35,815: 	 Adding directory /uscms_data/d3/samuellh/WorkingArea/TauAnalysis/CMSSW_9_3_2/biglib to tarball
DEBUG 2017-11-15 07:19:35,817: 	 Checking directory /uscms_data/d3/samuellh/WorkingArea/TauAnalysis/CMSSW_9_3_2/module
DEBUG 2017-11-15 07:19:35,835: 	 Adding data directory /uscms_data/d3/samuellh/WorkingArea/TauAnalysis/CMSSW_9_3_2/src/PUAnalysis/Configuration/data to tarball
DEBUG 2017-11-15 07:19:38,675: 	 Adding data directory /uscms_data/d3/samuellh/WorkingArea/TauAnalysis/CMSSW_9_3_2/src/PUAnalysis/DataFormats/interface to tarball
DEBUG 2017-11-15 07:19:38,685: 	 Adding data directory /uscms_data/d3/samuellh/WorkingArea/TauAnalysis/CMSSW_9_3_2/src/PUAnalysis/NtupleTools/interface to tarball
DEBUG 2017-11-15 07:19:38,702: 	 Adding data directory /uscms_data/d3/samuellh/WorkingArea/TauAnalysis/CMSSW_9_3_2/src/PUAnalysis/RecoTools/interface to tarball
DEBUG 2017-11-15 07:19:38,884: 	 Adding file ../../../Configuration/data/PhaseIISummer16_25nsV3_MC.db to tarball
DEBUG 2017-11-15 07:19:39,287: 	 Uploading archive /uscms_data/d3/samuellh/WorkingArea/TauAnalysis/CMSSW_9_3_2/src/PUAnalysis/VBFtt2017/crab/VBF14/crab_20171115_071925/inputs/3f3c61bd-43b8-4ccd-b6fa-154047dd3a49default.tgz (11 MB) to the CRAB cache. Using URI https://cmsweb.cern.ch/crabcache
DEBUG 2017-11-15 07:19:47,012: 	 Loading required information from the environment
DEBUG 2017-11-15 07:19:47,012: 	 Found CMSSW_9_3_2 for slc6_amd64_gcc630 with base /uscms_data/d3/samuellh/WorkingArea/TauAnalysis/CMSSW_9_3_2
DEBUG 2017-11-15 07:19:47,012: 	 Making tarball in /uscms_data/d3/samuellh/WorkingArea/TauAnalysis/CMSSW_9_3_2/src/PUAnalysis/VBFtt2017/crab/VBF14/crab_20171115_071925/inputs/debugFiles.tgz
DEBUG 2017-11-15 07:19:47,018: 	 Uploading archive /uscms_data/d3/samuellh/WorkingArea/TauAnalysis/CMSSW_9_3_2/src/PUAnalysis/VBFtt2017/crab/VBF14/crab_20171115_071925/inputs/debugFiles.tgz (2 KB) to the CRAB cache. Using URI https://cmsweb.cern.ch/crabcache
DEBUG 2017-11-15 07:19:48,812: 	 Result uploading input files: 4e198fb019d07e682a8bd09208595d4eb73bac82ae7f6e24154a54b4451cc952.tar.gz 
INFO 2017-11-15 07:19:48,812: 	 Sending the request to the server
DEBUG 2017-11-15 07:19:48,813: 	 Submitting {'maxjobruntime': 1250, 'extrajdl': [], 'ignorelocality': 0, 'savelogsflag': 0, 'useparent': 0, 'asyncdest': 'T3_US_FNALLPC', 'algoargs': 1, 'cachefilename': '4e198fb019d07e682a8bd09208595d4eb73bac82ae7f6e24154a54b4451cc952.tar.gz', 'numcores': 1, 'addoutputfiles': [], 'generator': 'pythia', 'maxmemory': 2000, 'publishdbsurl': 'https://cmsweb.cern.ch/dbs/prod/phys03/DBSWriter', 'priority': 10, 'jobsw': 'CMSSW_9_3_2', 'edmoutfiles': [], 'userfiles': [], 'primarydataset': '', 'inputdata': '/QCD_Flat_Pt-15to7000_TuneCUETP8M1_14TeV_pythia8/PhaseIITDRFall17MiniAOD-PU200_93X_upgrade2023_realistic_v2-v1/MINIAODSIM', 'dryrun': 0, 'workflow': 'crab_20171115_071925', 'cacheurl': u'https://cmsweb.cern.ch/crabcache', 'nonprodsw': 1, 'tfileoutfiles': ['analysis.root'], 'oneEventMode': 0, 'debugfilename': 'a0dab9386e667f9fec54e8313401d8851d3979cbb5f68771306f9f4b03a42405.tar.gz', 'saveoutput': 1, 'publication': 0, 'jobarch': 'slc6_amd64_gcc630', 'totalunits': 0, 'splitalgo': 'FileBased', 'ignoreglobalblacklist': 0, 'nonvaliddata': 0, 'dbsurl': 'https://cmsweb.cern.ch/dbs/prod/global/DBSReader', 'publishgroupname': 0, 'jobtype': 'Analysis', 'publishname2': ''} 
DEBUG 2017-11-15 07:19:48,813: 	 Encoded submit request: maxjobruntime=1250&ignorelocality=0&savelogsflag=0&useparent=0&asyncdest=T3_US_FNALLPC&algoargs=1&cachefilename=4e198fb019d07e682a8bd09208595d4eb73bac82ae7f6e24154a54b4451cc952.tar.gz&numcores=1&generator=pythia&maxmemory=2000&publishdbsurl=https%3A%2F%2Fcmsweb.cern.ch%2Fdbs%2Fprod%2Fphys03%2FDBSWriter&priority=10&jobsw=CMSSW_9_3_2&primarydataset=&inputdata=%2FQCD_Flat_Pt-15to7000_TuneCUETP8M1_14TeV_pythia8%2FPhaseIITDRFall17MiniAOD-PU200_93X_upgrade2023_realistic_v2-v1%2FMINIAODSIM&dryrun=0&workflow=crab_20171115_071925&cacheurl=https%3A%2F%2Fcmsweb.cern.ch%2Fcrabcache&nonprodsw=1&oneEventMode=0&debugfilename=a0dab9386e667f9fec54e8313401d8851d3979cbb5f68771306f9f4b03a42405.tar.gz&saveoutput=1&publication=0&jobarch=slc6_amd64_gcc630&totalunits=0&splitalgo=FileBased&ignoreglobalblacklist=0&nonvaliddata=0&dbsurl=https%3A%2F%2Fcmsweb.cern.ch%2Fdbs%2Fprod%2Fglobal%2FDBSReader&publishgroupname=0&jobtype=Analysis&publishname2=&tfileoutfiles=analysis.root
DEBUG 2017-11-15 07:19:50,618: 	 Result: {u'result': [{u'RequestName': u'171115_131950:shigginb_crab_20171115_071925'}]}
INFO 2017-11-15 07:19:50,621: 	 Success: Your task has been delivered to the CRAB3 server.
INFO 2017-11-15 07:19:50,621: 	 Task name: 171115_131950:shigginb_crab_20171115_071925
INFO 2017-11-15 07:19:50,621: 	 Please use 'crab status' to check how the submission process proceeds.
DEBUG 2017-11-15 07:19:50,621: 	 About to return
INFO 2017-11-15 07:19:50,624: 	 Log file is /uscms_data/d3/samuellh/WorkingArea/TauAnalysis/CMSSW_9_3_2/src/PUAnalysis/VBFtt2017/crab/VBF14/crab_20171115_071925/crab.log
DEBUG 2017-11-15 07:57:22,262: 	 Executing command: 'status'
DEBUG 2017-11-15 07:57:22,263: 	 Found CRAB cache file /uscms/home/samuellh/.crab3
DEBUG 2017-11-15 07:57:22,270: 	 Checking credentials
DEBUG 2017-11-15 07:57:22,270: 	 Found proxy file /tmp/x509up_u52190
DEBUG 2017-11-15 07:57:22,270: 	 Getting proxy life time left
DEBUG 2017-11-15 07:57:22,374: 	 Executing : 
 command : voms-proxy-info -file /tmp/x509up_u52190 -timeleft
 output : 81441

 error: 
 retcode : 0
DEBUG 2017-11-15 07:57:22,477: 	 Executing : 
 command : voms-proxy-info -file /tmp/x509up_u52190 -actimeleft
 output : 81440

 error: 
 retcode : 0
DEBUG 2017-11-15 07:57:22,477: 	 Proxy valid for 22:37:21 hours
DEBUG 2017-11-15 07:57:22,590: 	 Executing : 
 command : openssl x509 -in ~/.globus/usercert.pem -subject -noout
 output : subject= /DC=ch/DC=cern/OU=Organic Units/OU=Users/CN=shigginb/CN=785176/CN=Sam Higginbotham

 error: 
 retcode : 0
DEBUG 2017-11-15 07:57:22,591: 	 Checking credentials
DEBUG 2017-11-15 07:57:22,591: 	 Found proxy file /tmp/x509up_u52190
DEBUG 2017-11-15 07:57:22,591: 	 Getting proxy life time left
DEBUG 2017-11-15 07:57:22,694: 	 Executing : 
 command : voms-proxy-info -file /tmp/x509up_u52190 -timeleft
 output : 81441

 error: 
 retcode : 0
DEBUG 2017-11-15 07:57:22,798: 	 Executing : 
 command : voms-proxy-info -file /tmp/x509up_u52190 -actimeleft
 output : 81440

 error: 
 retcode : 0
DEBUG 2017-11-15 07:57:22,798: 	 Proxy valid for 22:37:21 hours
DEBUG 2017-11-15 07:57:24,811: 	 Registering user credentials for server /DC=ch/DC=cern/OU=computers/CN=vocms(045|052|021|031|0118|0118a|0119|0108|0105|0109).cern.ch
DEBUG 2017-11-15 07:57:24,919: 	 Executing : 
 command : openssl x509 -in ~/.globus/usercert.pem -subject -noout
 output : subject= /DC=ch/DC=cern/OU=Organic Units/OU=Users/CN=shigginb/CN=785176/CN=Sam Higginbotham

 error: 
 retcode : 0
DEBUG 2017-11-15 07:57:24,920: 	 Getting myproxy life time left for myproxy.cern.ch
DEBUG 2017-11-15 07:57:24,920: 	 Calculating hash of /DC=ch/DC=cern/OU=Organic Units/OU=Users/CN=shigginb/CN=785176/CN=Sam Higginbotham_cmsweb.cern.ch for credential name
DEBUG 2017-11-15 07:57:25,725: 	 Executing : 
 command : myproxy-info -l 2f318c7a260d78734589f2cc772d26b8be79ec6c -s myproxy.cern.ch
 output : username: 2f318c7a260d78734589f2cc772d26b8be79ec6c
owner: /DC=ch/DC=cern/OU=Organic Units/OU=Users/CN=shigginb/CN=785176/CN=Sam Higginbotham
  renewal policy: /DC=ch/DC=cern/OU=computers/CN=vocms(045|052|021|031|0118|0118a|0119|0108|0105|0109).cern.ch
  trusted retrieval policy: /DC=ch/DC=cern/OU=computers/CN=vocms(045|052|021|031|0118|0118a|0119|0108|0105|0109).cern.ch
  timeleft: 431:26:16  (18.0 days)

 error: 
 retcode : 0
DEBUG 2017-11-15 07:57:25,726: 	 Myproxy is valid: 1553176
DEBUG 2017-11-15 07:57:25,726: 	 Command use: status
DEBUG 2017-11-15 07:57:25,726: 	 Options use: ['-d', 'crab_20171115_071925/']
DEBUG 2017-11-15 07:57:27,366: 	 CRABClient version: 3.3.1707.patch1
DEBUG 2017-11-15 07:57:27,367: 	 Instance is prod
DEBUG 2017-11-15 07:57:27,367: 	 Server base url is cmsweb.cern.ch
DEBUG 2017-11-15 07:57:27,367: 	 Command url /crabserver/prod/workflow
DEBUG 2017-11-15 07:57:29,188: 	 Got information from server oracle database: {u'result': [u'171115_131950:shigginb_crab_20171115_071925', u'None', u'SUBMITTED', u'2017-11-15 13:19:50.558148', u'None', u'2017-11-15 13:21:08.811549', u'None', u'CMSSW_9_3_2', u'slc6_amd64_gcc630', u'/QCD_Flat_Pt-15to7000_TuneCUETP8M1_14TeV_pythia8/PhaseIITDRFall17MiniAOD-PU200_93X_upgrade2023_realistic_v2-v1/MINIAODSIM', u'[]', u'[]', u'FileBased', u"{'splitOnRun': False, 'halt_job_on_file_boundaries': False, 'files_per_job': 1, 'runs': [], 'lumis': []}", u'0', u'4e198fb019d07e682a8bd09208595d4eb73bac82ae7f6e24154a54b4451cc952.tar.gz', u'https://cmsweb.cern.ch/crabcache', u'shigginb', u'/DC=ch/DC=cern/OU=Organic Units/OU=Users/CN=shigginb/CN=785176/CN=Sam Higginbotham', u'cms', u'None', u'None', u'crab_20171115_071925-00000000000000000000000000000000', u'T3_US_FNALLPC', u'https://cmsweb.cern.ch/dbs/prod/global/DBSReader', u'https://cmsweb.cern.ch/dbs/prod/phys03/DBSWriter', u'F', u'Analysis', u'{}', u'[]', u'F', u'vocms052', u'[]', u'1250', u'1', u'2000', u'10', u'None', u'http://vocms0120.cern.ch/mon/cms1359/171115_131950:shigginb_crab_20171115_071925', u'None', u'None', u'[]', u'[]', u'[]', u'pythia', u'[]', u"['analysis.root']", u'[]', u'https://cmsweb.cern.ch/crabserver/prod', u'None', u'0', u'cmssrv221.fnal.gov:9620', u'crab3@vocms0120.cern.ch', u'F', u'[]', u'T', u'/store/user/shigginb/', u'F', u'None', u'F', u'F', u'F', u'None', u'QCD_Flat_Pt-15to7000_TuneCUETP8M1_14TeV_pythia8', u'filetransfers', u'SUBMIT', u'13785232', u'a0dab9386e667f9fec54e8313401d8851d3979cbb5f68771306f9f4b03a42405.tar.gz', u'131.225.190.56', u'F', u'None'], u'desc': {u'columns': [u'tm_taskname', u'panda_jobset_id', u'tm_task_status', u'tm_start_time', u'tm_start_injection', u'tm_end_injection', u'tm_task_failure', u'tm_job_sw', u'tm_job_arch', u'tm_input_dataset', u'tm_site_whitelist', u'tm_site_blacklist', u'tm_split_algo', u'tm_split_args', u'tm_totalunits', u'tm_user_sandbox', u'tm_cache_url', u'tm_username', u'tm_user_dn', u'tm_user_vo', u'tm_user_role', u'tm_user_group', u'tm_publish_name', u'tm_asyncdest', u'tm_dbs_url', u'tm_publish_dbs_url', u'tm_publication', u'tm_job_type', u'tm_arguments', u'panda_resubmitted_jobs', u'tm_save_logs', u'tw_name', u'tm_user_infiles', u'tm_maxjobruntime', u'tm_numcores', u'tm_maxmemory', u'tm_priority', u'tm_output_dataset', u'tm_user_webdir', u'tm_activity', u'tm_scriptexe', u'tm_scriptargs', u'tm_extrajdl', u'tm_task_warnings', u'tm_generator', u'tm_outfiles', u'tm_tfile_outfiles', u'tm_edm_outfiles', u'tm_asourl', u'tm_events_per_lumi', u'tm_use_parent', u'tm_collector', u'tm_schedd', u'tm_dry_run', u'tm_user_files', u'tm_transfer_outputs', u'tm_output_lfn', u'tm_ignore_locality', u'tm_fail_limit', u'tm_one_event_mode', u'tm_publish_groupname', u'tm_nonvalid_input_dataset', u'tm_secondary_input_dataset', u'tm_primary_dataset', u'tm_asodb', u'tm_task_command', u'clusterid', u'tm_debug_files', u'tm_submitter_ip_addr', u'tm_ignore_global_blacklist', u'tm_last_publication']}}
INFO 2017-11-15 07:57:29,189: 	 CRAB project directory:		/uscms_data/d3/samuellh/WorkingArea/TauAnalysis/CMSSW_9_3_2/src/PUAnalysis/VBFtt2017/crab/VBF14/crab_20171115_071925
INFO 2017-11-15 07:57:29,189: 	 Task name:			171115_131950:shigginb_crab_20171115_071925
INFO 2017-11-15 07:57:29,189: 	 Grid scheduler:			crab3@vocms0120.cern.ch
INFO 2017-11-15 07:57:29,189: 	 Status on the CRAB server:	SUBMITTED
INFO 2017-11-15 07:57:29,190: 	 Task URL to use for HELP:	https://cmsweb.cern.ch/crabserver/ui/task/171115_131950%3Ashigginb_crab_20171115_071925
INFO 2017-11-15 07:57:29,190: 	 Dashboard monitoring URL:	http://dashb-cms-job.cern.ch/dashboard/templates/task-analysis/#user=shigginb&refresh=0&table=Jobs&p=1&records=25&activemenu=2&status=&site=&tid=171115_131950%3Ashigginb_crab_20171115_071925
DEBUG 2017-11-15 07:57:29,190: 	 The CRAB server submitted your task to the Grid scheduler (cluster ID: 13785232)
DEBUG 2017-11-15 07:57:29,190: 	 Webdir is located at http://vocms0120.cern.ch/mon/cms1359/171115_131950:shigginb_crab_20171115_071925
DEBUG 2017-11-15 07:57:31,046: 	 Proxied webdir is located at https://cmsweb.cern.ch/scheddmon/0120/cms1359/171115_131950:shigginb_crab_20171115_071925
DEBUG 2017-11-15 07:57:31,046: 	 Retrieving 'status_cache' file from https://cmsweb.cern.ch/scheddmon/0120/cms1359/171115_131950:shigginb_crab_20171115_071925/status_cache
DEBUG 2017-11-15 07:57:32,824: 	 Got information from status cache file: {'58': {'Retries': 0, 'WallDurations': [1503.0], 'StartTimes': [1510752661.0], 'SubmitTimes': [1510752121.0], 'JobIds': ['13785338.0'], 'EndTimes': [1510754164.0], 'Restarts': 0, 'RecordedSite': False, 'State': 'finished', 'ResidentSetSize': [1753352], 'TotalUserCpuTimeHistory': [871], 'SiteHistory': ['Unknown'], 'TotalSysCpuTimeHistory': [32]}, '30': {'Retries': 0, 'WallDurations': [274.0], 'StartTimes': [1510752649.0], 'SubmitTimes': [1510752107.0], 'JobIds': ['13785265.0'], 'EndTimes': [1510752923.0], 'Restarts': 0, 'RecordedSite': False, 'State': 'finished', 'ResidentSetSize': [2612], 'TotalUserCpuTimeHistory': [200], 'SiteHistory': ['Unknown'], 'TotalSysCpuTimeHistory': [11]}, '42': {'Retries': 0, 'WallDurations': [1512.0], 'StartTimes': [1510752648.0], 'SubmitTimes': [1510752115.0], 'JobIds': ['13785319.0'], 'EndTimes': [], 'Restarts': 0, 'RecordedSite': False, 'State': 'running', 'ResidentSetSize': [1939160], 'TotalUserCpuTimeHistory': [0], 'SiteHistory': ['Unknown'], 'TotalSysCpuTimeHistory': [0]}, '43': {'Retries': 0, 'WallDurations': [1319.0], 'StartTimes': [1510752661.0], 'SubmitTimes': [1510752109.0], 'JobIds': ['13785296.0'], 'EndTimes': [1510753980.0], 'Restarts': 0, 'RecordedSite': False, 'State': 'finished', 'ResidentSetSize': [1800316], 'TotalUserCpuTimeHistory': [1023], 'SiteHistory': ['Unknown'], 'TotalSysCpuTimeHistory': [62]}, '60': {'Retries': 0, 'WallDurations': [1253.0], 'StartTimes': [1510752653.0], 'SubmitTimes': [1510752127.0], 'JobIds': ['13785344.0'], 'EndTimes': [1510753906.0], 'Restarts': 0, 'RecordedSite': False, 'State': 'finished', 'ResidentSetSize': [1697380], 'TotalUserCpuTimeHistory': [1075], 'SiteHistory': ['Unknown'], 'TotalSysCpuTimeHistory': [28]}, '61': {'Retries': 0, 'WallDurations': [1512.0], 'StartTimes': [1510752650.0], 'SubmitTimes': [1510752127.0], 'JobIds': ['13785345.0'], 'EndTimes': [], 'Restarts': 0, 'RecordedSite': False, 'State': 'running', 'ResidentSetSize': [1354364], 'TotalUserCpuTimeHistory': [0], 'SiteHistory': ['Unknown'], 'TotalSysCpuTimeHistory': [0]}, '62': {'Retries': 0, 'WallDurations': [808.0], 'StartTimes': [1510752655.0], 'SubmitTimes': [1510752127.0], 'JobIds': ['13785348.0'], 'EndTimes': [1510753463.0], 'Restarts': 0, 'RecordedSite': False, 'State': 'finished', 'ResidentSetSize': [1656612], 'TotalUserCpuTimeHistory': [609], 'SiteHistory': ['Unknown'], 'TotalSysCpuTimeHistory': [49]}, '63': {'Retries': 0, 'WallDurations': [738.0], 'StartTimes': [1510752655.0], 'SubmitTimes': [1510752127.0], 'JobIds': ['13785346.0'], 'EndTimes': [1510753393.0], 'Restarts': 0, 'RecordedSite': False, 'State': 'finished', 'ResidentSetSize': [1659916], 'TotalUserCpuTimeHistory': [248], 'SiteHistory': ['Unknown'], 'TotalSysCpuTimeHistory': [35]}, '64': {'Retries': 0, 'WallDurations': [352.0], 'StartTimes': [1510752659.0], 'SubmitTimes': [1510752127.0], 'JobIds': ['13785349.0'], 'EndTimes': [1510753011.0], 'Restarts': 0, 'RecordedSite': False, 'State': 'finished', 'ResidentSetSize': [622088], 'TotalUserCpuTimeHistory': [54], 'SiteHistory': ['Unknown'], 'TotalSysCpuTimeHistory': [2]}, '65': {'Retries': 0, 'WallDurations': [124.0], 'StartTimes': [1510752653.0], 'SubmitTimes': [1510752127.0], 'JobIds': ['13785347.0'], 'EndTimes': [1510752777.0], 'Restarts': 0, 'RecordedSite': False, 'State': 'finished', 'ResidentSetSize': [2164], 'TotalUserCpuTimeHistory': [59], 'SiteHistory': ['Unknown'], 'TotalSysCpuTimeHistory': [8]}, '66': {'Retries': 0, 'WallDurations': [1509.0], 'StartTimes': [1510752656.0], 'SubmitTimes': [1510752128.0], 'JobIds': ['13785351.0'], 'EndTimes': [], 'Restarts': 0, 'RecordedSite': False, 'State': 'running', 'ResidentSetSize': [686572], 'TotalUserCpuTimeHistory': [0], 'SiteHistory': ['Unknown'], 'TotalSysCpuTimeHistory': [0]}, '52': {'Retries': 0, 'WallDurations': [1211.0], 'StartTimes': [1510752659.0], 'SubmitTimes': [1510752117.0], 'JobIds': ['13785325.0'], 'EndTimes': [], 'Restarts': 0, 'RecordedSite': False, 'State': 'running', 'ResidentSetSize': [716216], 'TotalUserCpuTimeHistory': [0], 'SiteHistory': ['Unknown'], 'TotalSysCpuTimeHistory': [0]}, '53': {'Retries': 0, 'WallDurations': [1209.0], 'StartTimes': [1510752662.0], 'SubmitTimes': [1510752117.0], 'JobIds': ['13785326.0'], 'EndTimes': [], 'Restarts': 0, 'RecordedSite': False, 'State': 'running', 'ResidentSetSize': [1854396], 'TotalUserCpuTimeHistory': [0], 'SiteHistory': ['Unknown'], 'TotalSysCpuTimeHistory': [0]}, '24': {'Retries': 0, 'WallDurations': [955.0], 'StartTimes': [1510752653.0], 'SubmitTimes': [1510752105.0], 'JobIds': ['13785260.0'], 'EndTimes': [1510753608.0], 'Restarts': 0, 'RecordedSite': False, 'State': 'finished', 'ResidentSetSize': [1843432], 'TotalUserCpuTimeHistory': [794], 'SiteHistory': ['Unknown'], 'TotalSysCpuTimeHistory': [23]}, '25': {'Retries': 0, 'WallDurations': [1404.0], 'StartTimes': [1510752662.0], 'SubmitTimes': [1510752106.0], 'JobIds': ['13785261.0'], 'EndTimes': [1510754066.0], 'Restarts': 0, 'RecordedSite': False, 'State': 'finished', 'ResidentSetSize': [1000860], 'TotalUserCpuTimeHistory': [217], 'SiteHistory': ['Unknown'], 'TotalSysCpuTimeHistory': [6]}, '26': {'Retries': 0, 'WallDurations': [325.0], 'StartTimes': [1510752653.0], 'SubmitTimes': [1510752106.0], 'JobIds': ['13785262.0'], 'EndTimes': [1510752978.0], 'Restarts': 0, 'RecordedSite': False, 'State': 'finished', 'ResidentSetSize': [1802072], 'TotalUserCpuTimeHistory': [197], 'SiteHistory': ['Unknown'], 'TotalSysCpuTimeHistory': [37]}, '27': {'Retries': 0, 'WallDurations': [1513.0], 'StartTimes': [1510752661.0], 'SubmitTimes': [1510752106.0], 'JobIds': ['13785263.0'], 'EndTimes': [], 'Restarts': 0, 'RecordedSite': False, 'State': 'running', 'ResidentSetSize': [719280], 'TotalUserCpuTimeHistory': [0], 'SiteHistory': ['Unknown'], 'TotalSysCpuTimeHistory': [0]}, '20': {'Retries': 0, 'WallDurations': [572.0], 'StartTimes': [1510752650.0], 'SubmitTimes': [1510752105.0], 'JobIds': ['13785257.0'], 'EndTimes': [1510753222.0], 'Restarts': 0, 'RecordedSite': False, 'State': 'finished', 'ResidentSetSize': [623128], 'TotalUserCpuTimeHistory': [199], 'SiteHistory': ['Unknown'], 'TotalSysCpuTimeHistory': [25]}, '21': {'Retries': 0, 'WallDurations': [678.0], 'StartTimes': [1510752658.0], 'SubmitTimes': [1510752129.0], 'JobIds': ['13785353.0'], 'EndTimes': [1510753336.0], 'Restarts': 0, 'RecordedSite': False, 'State': 'finished', 'ResidentSetSize': [1773640], 'TotalUserCpuTimeHistory': [225], 'SiteHistory': ['Unknown'], 'TotalSysCpuTimeHistory': [17]}, '22': {'Retries': 0, 'WallDurations': [1212.0], 'StartTimes': [1510752662.0], 'SubmitTimes': [1510752105.0], 'JobIds': ['13785258.0'], 'EndTimes': [], 'Restarts': 0, 'RecordedSite': False, 'State': 'running', 'ResidentSetSize': [1774784], 'TotalUserCpuTimeHistory': [0], 'SiteHistory': ['Unknown'], 'TotalSysCpuTimeHistory': [0]}, '23': {'Retries': 0, 'WallDurations': [225.0], 'StartTimes': [1510752655.0], 'SubmitTimes': [1510752105.0], 'JobIds': ['13785259.0'], 'EndTimes': [1510752880.0], 'Restarts': 0, 'RecordedSite': False, 'State': 'finished', 'ResidentSetSize': [23424], 'TotalUserCpuTimeHistory': [121], 'SiteHistory': ['Unknown'], 'TotalSysCpuTimeHistory': [11]}, '46': {'Retries': 0, 'WallDurations': [1276.0], 'StartTimes': [1510752650.0], 'SubmitTimes': [1510752116.0], 'JobIds': ['13785321.0'], 'EndTimes': [1510753926.0], 'Restarts': 0, 'RecordedSite': False, 'State': 'finished', 'ResidentSetSize': [1812932], 'TotalUserCpuTimeHistory': [734], 'SiteHistory': ['Unknown'], 'TotalSysCpuTimeHistory': [20]}, '47': {'Retries': 0, 'WallDurations': [909.0], 'StartTimes': [1510752664.0], 'SubmitTimes': [1510752116.0], 'JobIds': ['13785323.0'], 'EndTimes': [], 'Restarts': 0, 'RecordedSite': False, 'State': 'running', 'ResidentSetSize': [725848], 'TotalUserCpuTimeHistory': [0], 'SiteHistory': ['Unknown'], 'TotalSysCpuTimeHistory': [0]}, '44': {'Retries': 0, 'WallDurations': [1509.0], 'StartTimes': [1510752670.0], 'SubmitTimes': [1510752110.0], 'JobIds': ['13785298.0'], 'EndTimes': [], 'Restarts': 0, 'RecordedSite': False, 'State': 'running', 'ResidentSetSize': [719384], 'TotalUserCpuTimeHistory': [0], 'SiteHistory': ['Unknown'], 'TotalSysCpuTimeHistory': [0]}, '45': {'Retries': 0, 'WallDurations': [1112.0], 'StartTimes': [1510752653.0], 'SubmitTimes': [1510752116.0], 'JobIds': ['13785320.0'], 'EndTimes': [1510753765.0], 'Restarts': 0, 'RecordedSite': False, 'State': 'finished', 'ResidentSetSize': [1686584], 'TotalUserCpuTimeHistory': [939], 'SiteHistory': ['Unknown'], 'TotalSysCpuTimeHistory': [31]}, '28': {'Retries': 0, 'WallDurations': [222.0], 'StartTimes': [1510752653.0], 'SubmitTimes': [1510752107.0], 'JobIds': ['13785270.0'], 'EndTimes': [1510752875.0], 'Restarts': 0, 'RecordedSite': False, 'State': 'finished', 'ResidentSetSize': [18404], 'TotalUserCpuTimeHistory': [108], 'SiteHistory': ['Unknown'], 'TotalSysCpuTimeHistory': [6]}, '29': {'Retries': 0, 'WallDurations': [292.0], 'StartTimes': [1510752653.0], 'SubmitTimes': [1510752108.0], 'JobIds': ['13785277.0'], 'EndTimes': [1510752945.0], 'Restarts': 0, 'RecordedSite': False, 'State': 'finished', 'ResidentSetSize': [2164], 'TotalUserCpuTimeHistory': [182], 'SiteHistory': ['Unknown'], 'TotalSysCpuTimeHistory': [23]}, '40': {'Retries': 0, 'WallDurations': [610.0], 'StartTimes': [1510752650.0], 'SubmitTimes': [1510752109.0], 'JobIds': ['13785290.0'], 'EndTimes': [], 'Restarts': 0, 'RecordedSite': False, 'State': 'running', 'ResidentSetSize': [1754180], 'TotalUserCpuTimeHistory': [0], 'SiteHistory': ['Unknown'], 'TotalSysCpuTimeHistory': [0]}, '41': {'Retries': 0, 'WallDurations': [317.0], 'StartTimes': [1510752653.0], 'SubmitTimes': [1510752109.0], 'JobIds': ['13785293.0'], 'EndTimes': [1510752970.0], 'Restarts': 0, 'RecordedSite': False, 'State': 'finished', 'ResidentSetSize': [1725240], 'TotalUserCpuTimeHistory': [200], 'SiteHistory': ['Unknown'], 'TotalSysCpuTimeHistory': [22]}, '1': {'Retries': 0, 'WallDurations': [1212.0], 'StartTimes': [1510752657.0], 'SubmitTimes': [1510752098.0], 'JobIds': ['13785242.0'], 'EndTimes': [], 'Restarts': 0, 'RecordedSite': False, 'State': 'running', 'ResidentSetSize': [1427300], 'TotalUserCpuTimeHistory': [0], 'SiteHistory': ['Unknown'], 'TotalSysCpuTimeHistory': [0]}, '3': {'Retries': 0, 'WallDurations': [919.0], 'StartTimes': [1510752653.0], 'SubmitTimes': [1510752083.0], 'JobIds': ['13785234.0'], 'EndTimes': [1510753572.0], 'Restarts': 0, 'RecordedSite': False, 'State': 'finished', 'ResidentSetSize': [1780796], 'TotalUserCpuTimeHistory': [631], 'SiteHistory': ['Unknown'], 'TotalSysCpuTimeHistory': [56]}, '2': {'Retries': 0, 'WallDurations': [960.0], 'StartTimes': [1510752653.0], 'SubmitTimes': [1510752083.0], 'JobIds': ['13785235.0'], 'EndTimes': [1510753613.0], 'Restarts': 0, 'RecordedSite': False, 'State': 'finished', 'ResidentSetSize': [1826620], 'TotalUserCpuTimeHistory': [538], 'SiteHistory': ['Unknown'], 'TotalSysCpuTimeHistory': [36]}, '5': {'Retries': 0, 'WallDurations': [633.0], 'StartTimes': [1510752653.0], 'SubmitTimes': [1510752098.0], 'JobIds': ['13785244.0'], 'EndTimes': [1510753286.0], 'Restarts': 0, 'RecordedSite': False, 'State': 'finished', 'ResidentSetSize': [1821324], 'TotalUserCpuTimeHistory': [543], 'SiteHistory': ['Unknown'], 'TotalSysCpuTimeHistory': [11]}, '4': {'Retries': 0, 'WallDurations': [921.0], 'StartTimes': [1510752668.0], 'SubmitTimes': [1510752087.0], 'JobIds': ['13785236.0'], 'EndTimes': [1510753589.0], 'Restarts': 0, 'RecordedSite': False, 'State': 'finished', 'ResidentSetSize': [1809536], 'TotalUserCpuTimeHistory': [671], 'SiteHistory': ['Unknown'], 'TotalSysCpuTimeHistory': [64]}, '7': {'Retries': 0, 'WallDurations': [116.0], 'StartTimes': [1510752645.0], 'SubmitTimes': [1510752098.0], 'JobIds': ['13785246.0'], 'EndTimes': [1510752761.0], 'Restarts': 0, 'RecordedSite': False, 'State': 'finished', 'ResidentSetSize': [49368], 'TotalUserCpuTimeHistory': [71], 'SiteHistory': ['Unknown'], 'TotalSysCpuTimeHistory': [1]}, '6': {'Retries': 0, 'WallDurations': [388.0], 'StartTimes': [1510752650.0], 'SubmitTimes': [1510752097.0], 'JobIds': ['13785239.0'], 'EndTimes': [1510753038.0], 'Restarts': 0, 'RecordedSite': False, 'State': 'finished', 'ResidentSetSize': [1788500], 'TotalUserCpuTimeHistory': [260], 'SiteHistory': ['Unknown'], 'TotalSysCpuTimeHistory': [9]}, '9': {'Retries': 0, 'WallDurations': [909.0], 'StartTimes': [1510752653.0], 'SubmitTimes': [1510752097.0], 'JobIds': ['13785240.0'], 'EndTimes': [], 'Restarts': 0, 'RecordedSite': False, 'State': 'running', 'ResidentSetSize': [1840604], 'TotalUserCpuTimeHistory': [0], 'SiteHistory': ['Unknown'], 'TotalSysCpuTimeHistory': [0]}, '8': {'Retries': 0, 'WallDurations': [430.0], 'StartTimes': [1510752650.0], 'SubmitTimes': [1510752097.0], 'JobIds': ['13785241.0'], 'EndTimes': [1510753080.0], 'Restarts': 0, 'RecordedSite': False, 'State': 'finished', 'ResidentSetSize': [1727068], 'TotalUserCpuTimeHistory': [290], 'SiteHistory': ['Unknown'], 'TotalSysCpuTimeHistory': [15]}, '49': {'Retries': 1, 'WallDurations': [989.0, 310.0], 'StartTimes': [1510752649.0, 1510753845.0], 'SubmitTimes': [1510752117.0, 1510753709.0], 'JobIds': ['13785324.0', '13787055.0'], 'EndTimes': [1510753638.0], 'Restarts': 0, 'RecordedSite': False, 'State': 'running', 'ResidentSetSize': [299928, 1817932], 'TotalUserCpuTimeHistory': [4, 0], 'SiteHistory': ['Unknown', 'Unknown'], 'TotalSysCpuTimeHistory': [0, 0]}, '39': {'Retries': 0, 'WallDurations': [475.0], 'StartTimes': [1510752653.0], 'SubmitTimes': [1510752108.0], 'JobIds': ['13785283.0'], 'EndTimes': [1510753128.0], 'Restarts': 0, 'RecordedSite': False, 'State': 'finished', 'ResidentSetSize': [1871372], 'TotalUserCpuTimeHistory': [264], 'SiteHistory': ['Unknown'], 'TotalSysCpuTimeHistory': [67]}, '38': {'Retries': 0, 'WallDurations': [1511.0], 'StartTimes': [1510752658.0], 'SubmitTimes': [1510752108.0], 'JobIds': ['13785274.0'], 'EndTimes': [], 'Restarts': 0, 'RecordedSite': False, 'State': 'running', 'ResidentSetSize': [720300], 'TotalUserCpuTimeHistory': [0], 'SiteHistory': ['Unknown'], 'TotalSysCpuTimeHistory': [0]}, '59': {'Retries': 0, 'WallDurations': [552.0], 'StartTimes': [1510752653.0], 'SubmitTimes': [1510752126.0], 'JobIds': ['13785343.0'], 'EndTimes': [1510753205.0], 'Restarts': 0, 'RecordedSite': False, 'State': 'finished', 'ResidentSetSize': [1697400], 'TotalUserCpuTimeHistory': [319], 'SiteHistory': ['Unknown'], 'TotalSysCpuTimeHistory': [20]}, '32': {'Retries': 0, 'WallDurations': [232.0], 'StartTimes': [1510752644.0], 'SubmitTimes': [1510752107.0], 'JobIds': ['13785266.0'], 'EndTimes': [1510752876.0], 'Restarts': 0, 'RecordedSite': False, 'State': 'finished', 'ResidentSetSize': [15272], 'TotalUserCpuTimeHistory': [154], 'SiteHistory': ['Unknown'], 'TotalSysCpuTimeHistory': [12]}, '14': {'Retries': 0, 'WallDurations': [544.0], 'StartTimes': [1510752664.0], 'SubmitTimes': [1510752104.0], 'JobIds': ['13785251.0'], 'EndTimes': [1510753208.0], 'Restarts': 0, 'RecordedSite': False, 'State': 'finished', 'ResidentSetSize': [1804692], 'TotalUserCpuTimeHistory': [399], 'SiteHistory': ['Unknown'], 'TotalSysCpuTimeHistory': [29]}, '11': {'Retries': 0, 'WallDurations': [1325.0], 'StartTimes': [1510752649.0], 'SubmitTimes': [1510752098.0], 'JobIds': ['13785248.0'], 'EndTimes': [1510753974.0], 'Restarts': 0, 'RecordedSite': False, 'State': 'finished', 'ResidentSetSize': [1749856], 'TotalUserCpuTimeHistory': [976], 'SiteHistory': ['Unknown'], 'TotalSysCpuTimeHistory': [115]}, '10': {'Retries': 0, 'WallDurations': [1509.0], 'StartTimes': [1510752650.0], 'SubmitTimes': [1510752098.0], 'JobIds': ['13785245.0'], 'EndTimes': [], 'Restarts': 0, 'RecordedSite': False, 'State': 'running', 'ResidentSetSize': [1869984], 'TotalUserCpuTimeHistory': [0], 'SiteHistory': ['Unknown'], 'TotalSysCpuTimeHistory': [0]}, '13': {'Retries': 0, 'WallDurations': [1214.0], 'StartTimes': [1510752670.0], 'SubmitTimes': [1510752099.0], 'JobIds': ['13785249.0'], 'EndTimes': [], 'Restarts': 0, 'RecordedSite': False, 'State': 'running', 'ResidentSetSize': [1705120], 'TotalUserCpuTimeHistory': [0], 'SiteHistory': ['Unknown'], 'TotalSysCpuTimeHistory': [0]}, '12': {'Retries': 0, 'WallDurations': [1510.0], 'StartTimes': [1510752649.0], 'SubmitTimes': [1510752098.0], 'JobIds': ['13785247.0'], 'EndTimes': [], 'Restarts': 0, 'RecordedSite': False, 'State': 'running', 'ResidentSetSize': [1440524], 'TotalUserCpuTimeHistory': [0], 'SiteHistory': ['Unknown'], 'TotalSysCpuTimeHistory': [0]}, '15': {'Retries': 0, 'WallDurations': [1511.0], 'StartTimes': [1510752667.0], 'SubmitTimes': [1510752105.0], 'JobIds': ['13785253.0'], 'EndTimes': [], 'Restarts': 0, 'RecordedSite': False, 'State': 'running', 'ResidentSetSize': [739932], 'TotalUserCpuTimeHistory': [0], 'SiteHistory': ['Unknown'], 'TotalSysCpuTimeHistory': [0]}, '48': {'Retries': 1, 'WallDurations': [939.0, 310.0], 'StartTimes': [1510752665.0, 1510753774.0], 'SubmitTimes': [1510752116.0, 1510753673.0], 'JobIds': ['13785322.0', '13787052.0'], 'EndTimes': [1510753604.0], 'Restarts': 0, 'RecordedSite': False, 'State': 'running', 'ResidentSetSize': [301132, 1727216], 'TotalUserCpuTimeHistory': [4, 0], 'SiteHistory': ['Unknown', 'Unknown'], 'TotalSysCpuTimeHistory': [0, 0]}, '17': {'Retries': 0, 'WallDurations': [309.0], 'StartTimes': [1510752665.0], 'SubmitTimes': [1510752104.0], 'JobIds': ['13785252.0'], 'EndTimes': [], 'Restarts': 0, 'RecordedSite': False, 'State': 'running', 'ResidentSetSize': [623156], 'TotalUserCpuTimeHistory': [0], 'SiteHistory': ['Unknown'], 'TotalSysCpuTimeHistory': [0]}, '16': {'Retries': 0, 'WallDurations': [1211.0], 'StartTimes': [1510752659.0], 'SubmitTimes': [1510752105.0], 'JobIds': ['13785254.0'], 'EndTimes': [], 'Restarts': 0, 'RecordedSite': False, 'State': 'running', 'ResidentSetSize': [710664], 'TotalUserCpuTimeHistory': [0], 'SiteHistory': ['Unknown'], 'TotalSysCpuTimeHistory': [0]}, '19': {'Retries': 0, 'WallDurations': [1214.0], 'StartTimes': [1510752787.0], 'SubmitTimes': [1510752105.0], 'JobIds': ['13785255.0'], 'EndTimes': [], 'Restarts': 0, 'RecordedSite': False, 'State': 'running', 'ResidentSetSize': [751060], 'TotalUserCpuTimeHistory': [0], 'SiteHistory': ['Unknown'], 'TotalSysCpuTimeHistory': [0]}, '54': {'Retries': 0, 'WallDurations': [1209.0], 'StartTimes': [1510752653.0], 'SubmitTimes': [1510752118.0], 'JobIds': ['13785335.0'], 'EndTimes': [], 'Restarts': 0, 'RecordedSite': False, 'State': 'running', 'ResidentSetSize': [1780552], 'TotalUserCpuTimeHistory': [0], 'SiteHistory': ['Unknown'], 'TotalSysCpuTimeHistory': [0]}, '31': {'Retries': 0, 'WallDurations': [469.0], 'StartTimes': [1510752648.0], 'SubmitTimes': [1510752107.0], 'JobIds': ['13785264.0'], 'EndTimes': [1510753117.0], 'Restarts': 0, 'RecordedSite': False, 'State': 'finished', 'ResidentSetSize': [1792648], 'TotalUserCpuTimeHistory': [361], 'SiteHistory': ['Unknown'], 'TotalSysCpuTimeHistory': [26]}, '56': {'Retries': 0, 'WallDurations': [1506.0], 'StartTimes': [1510752648.0], 'SubmitTimes': [1510752117.0], 'JobIds': ['13785327.0'], 'EndTimes': [1510754154.0], 'Restarts': 0, 'RecordedSite': False, 'State': 'finished', 'ResidentSetSize': [618456], 'TotalUserCpuTimeHistory': [284], 'SiteHistory': ['Unknown'], 'TotalSysCpuTimeHistory': [22]}, '51': {'Retries': 0, 'WallDurations': [1509.0], 'StartTimes': [1510752663.0], 'SubmitTimes': [1510752117.0], 'JobIds': ['13785328.0'], 'EndTimes': [], 'Restarts': 0, 'RecordedSite': False, 'State': 'running', 'ResidentSetSize': [930032], 'TotalUserCpuTimeHistory': [0], 'SiteHistory': ['Unknown'], 'TotalSysCpuTimeHistory': [0]}, '36': {'Retries': 0, 'WallDurations': [260.0], 'StartTimes': [1510752653.0], 'SubmitTimes': [1510752108.0], 'JobIds': ['13785279.0'], 'EndTimes': [1510752913.0], 'Restarts': 0, 'RecordedSite': False, 'State': 'finished', 'ResidentSetSize': [2340], 'TotalUserCpuTimeHistory': [144], 'SiteHistory': ['Unknown'], 'TotalSysCpuTimeHistory': [28]}, '35': {'Retries': 0, 'WallDurations': [808.0], 'StartTimes': [1510752655.0], 'SubmitTimes': [1510752107.0], 'JobIds': ['13785272.0'], 'EndTimes': [1510753463.0], 'Restarts': 0, 'RecordedSite': False, 'State': 'finished', 'ResidentSetSize': [890112], 'TotalUserCpuTimeHistory': [265], 'SiteHistory': ['Unknown'], 'TotalSysCpuTimeHistory': [16]}, '34': {'Retries': 0, 'WallDurations': [317.0], 'StartTimes': [1510752653.0], 'SubmitTimes': [1510752108.0], 'JobIds': ['13785287.0'], 'EndTimes': [1510752970.0], 'Restarts': 0, 'RecordedSite': False, 'State': 'finished', 'ResidentSetSize': [661268], 'TotalUserCpuTimeHistory': [196], 'SiteHistory': ['Unknown'], 'TotalSysCpuTimeHistory': [14]}, '33': {'Retries': 0, 'WallDurations': [1513.0], 'StartTimes': [1510752650.0], 'SubmitTimes': [1510752107.0], 'JobIds': ['13785268.0'], 'EndTimes': [], 'Restarts': 0, 'RecordedSite': False, 'State': 'running', 'ResidentSetSize': [754952], 'TotalUserCpuTimeHistory': [0], 'SiteHistory': ['Unknown'], 'TotalSysCpuTimeHistory': [0]}, '55': {'Retries': 0, 'WallDurations': [420.0], 'StartTimes': [1510752653.0], 'SubmitTimes': [1510752117.0], 'JobIds': ['13785331.0'], 'EndTimes': [1510753073.0], 'Restarts': 0, 'RecordedSite': False, 'State': 'finished', 'ResidentSetSize': [624380], 'TotalUserCpuTimeHistory': [91], 'SiteHistory': ['Unknown'], 'TotalSysCpuTimeHistory': [4]}, '37': {'Retries': 0, 'WallDurations': [1311.0], 'StartTimes': [1510752650.0], 'SubmitTimes': [1510752108.0], 'JobIds': ['13785281.0'], 'EndTimes': [1510753961.0], 'Restarts': 0, 'RecordedSite': False, 'State': 'finished', 'ResidentSetSize': [1775940], 'TotalUserCpuTimeHistory': [1079], 'SiteHistory': ['Unknown'], 'TotalSysCpuTimeHistory': [44]}, '18': {'Retries': 0, 'WallDurations': [1510.0], 'StartTimes': [1510752649.0], 'SubmitTimes': [1510752105.0], 'JobIds': ['13785256.0'], 'EndTimes': [], 'Restarts': 0, 'RecordedSite': False, 'State': 'running', 'ResidentSetSize': [1685148], 'TotalUserCpuTimeHistory': [0], 'SiteHistory': ['Unknown'], 'TotalSysCpuTimeHistory': [0]}, '57': {'Retries': 0, 'WallDurations': [718.0], 'StartTimes': [1510752653.0], 'SubmitTimes': [1510752117.0], 'JobIds': ['13785329.0'], 'EndTimes': [1510753371.0], 'Restarts': 0, 'RecordedSite': False, 'State': 'finished', 'ResidentSetSize': [1820204], 'TotalUserCpuTimeHistory': [542], 'SiteHistory': ['Unknown'], 'TotalSysCpuTimeHistory': [26]}, '50': {'Retries': 0, 'WallDurations': [1021.0], 'StartTimes': [1510752653.0], 'SubmitTimes': [1510752117.0], 'JobIds': ['13785333.0'], 'EndTimes': [1510753674.0], 'Restarts': 0, 'RecordedSite': False, 'State': 'finished', 'ResidentSetSize': [1746716], 'TotalUserCpuTimeHistory': [790], 'SiteHistory': ['Unknown'], 'TotalSysCpuTimeHistory': [58]}}
INFO 2017-11-15 07:57:32,824: 	 Status on the scheduler:	SUBMITTED
INFO 2017-11-15 07:57:32,825: 	 
Jobs status:                    finished       60.6% (40/66)
INFO 2017-11-15 07:57:32,825: 	 				running        39.4% (26/66)
INFO 2017-11-15 07:57:32,825: 	 
No publication information (publication has been disabled in the CRAB configuration file)
INFO 2017-11-15 07:57:32,853: 	 Log file is /uscms_data/d3/samuellh/WorkingArea/TauAnalysis/CMSSW_9_3_2/src/PUAnalysis/VBFtt2017/crab/VBF14/crab_20171115_071925/crab.log
DEBUG 2017-11-15 09:10:45,268: 	 Executing command: 'status'
DEBUG 2017-11-15 09:10:45,268: 	 Found CRAB cache file /uscms/home/samuellh/.crab3
DEBUG 2017-11-15 09:10:45,277: 	 Checking credentials
DEBUG 2017-11-15 09:10:45,277: 	 Found proxy file /tmp/x509up_u52190
DEBUG 2017-11-15 09:10:45,277: 	 Getting proxy life time left
DEBUG 2017-11-15 09:10:45,380: 	 Executing : 
 command : voms-proxy-info -file /tmp/x509up_u52190 -timeleft
 output : 77038

 error: 
 retcode : 0
DEBUG 2017-11-15 09:10:45,485: 	 Executing : 
 command : voms-proxy-info -file /tmp/x509up_u52190 -actimeleft
 output : 77037

 error: 
 retcode : 0
DEBUG 2017-11-15 09:10:45,485: 	 Proxy valid for 21:23:58 hours
DEBUG 2017-11-15 09:10:45,598: 	 Executing : 
 command : openssl x509 -in ~/.globus/usercert.pem -subject -noout
 output : subject= /DC=ch/DC=cern/OU=Organic Units/OU=Users/CN=shigginb/CN=785176/CN=Sam Higginbotham

 error: 
 retcode : 0
DEBUG 2017-11-15 09:10:45,598: 	 Checking credentials
DEBUG 2017-11-15 09:10:45,598: 	 Found proxy file /tmp/x509up_u52190
DEBUG 2017-11-15 09:10:45,598: 	 Getting proxy life time left
DEBUG 2017-11-15 09:10:45,701: 	 Executing : 
 command : voms-proxy-info -file /tmp/x509up_u52190 -timeleft
 output : 77038

 error: 
 retcode : 0
DEBUG 2017-11-15 09:10:45,804: 	 Executing : 
 command : voms-proxy-info -file /tmp/x509up_u52190 -actimeleft
 output : 77037

 error: 
 retcode : 0
DEBUG 2017-11-15 09:10:45,804: 	 Proxy valid for 21:23:58 hours
DEBUG 2017-11-15 09:10:47,642: 	 Registering user credentials for server /DC=ch/DC=cern/OU=computers/CN=vocms(045|052|021|031|0118|0118a|0119|0108|0105|0109).cern.ch
DEBUG 2017-11-15 09:10:47,751: 	 Executing : 
 command : openssl x509 -in ~/.globus/usercert.pem -subject -noout
 output : subject= /DC=ch/DC=cern/OU=Organic Units/OU=Users/CN=shigginb/CN=785176/CN=Sam Higginbotham

 error: 
 retcode : 0
DEBUG 2017-11-15 09:10:47,752: 	 Getting myproxy life time left for myproxy.cern.ch
DEBUG 2017-11-15 09:10:47,752: 	 Calculating hash of /DC=ch/DC=cern/OU=Organic Units/OU=Users/CN=shigginb/CN=785176/CN=Sam Higginbotham_cmsweb.cern.ch for credential name
DEBUG 2017-11-15 09:10:48,456: 	 Executing : 
 command : myproxy-info -l 2f318c7a260d78734589f2cc772d26b8be79ec6c -s myproxy.cern.ch
 output : username: 2f318c7a260d78734589f2cc772d26b8be79ec6c
owner: /DC=ch/DC=cern/OU=Organic Units/OU=Users/CN=shigginb/CN=785176/CN=Sam Higginbotham
  renewal policy: /DC=ch/DC=cern/OU=computers/CN=vocms(045|052|021|031|0118|0118a|0119|0108|0105|0109).cern.ch
  trusted retrieval policy: /DC=ch/DC=cern/OU=computers/CN=vocms(045|052|021|031|0118|0118a|0119|0108|0105|0109).cern.ch
  timeleft: 430:12:53  (17.9 days)

 error: 
 retcode : 0
DEBUG 2017-11-15 09:10:48,457: 	 Myproxy is valid: 1548773
DEBUG 2017-11-15 09:10:48,458: 	 Command use: status
DEBUG 2017-11-15 09:10:48,458: 	 Options use: ['-d', 'crab_20171115_071925/']
DEBUG 2017-11-15 09:10:50,207: 	 CRABClient version: 3.3.1707.patch1
DEBUG 2017-11-15 09:10:50,207: 	 Instance is prod
DEBUG 2017-11-15 09:10:50,207: 	 Server base url is cmsweb.cern.ch
DEBUG 2017-11-15 09:10:50,207: 	 Command url /crabserver/prod/workflow
DEBUG 2017-11-15 09:10:52,073: 	 Got information from server oracle database: {u'result': [u'171115_131950:shigginb_crab_20171115_071925', u'None', u'SUBMITTED', u'2017-11-15 13:19:50.558148', u'None', u'2017-11-15 13:21:08.811549', u'None', u'CMSSW_9_3_2', u'slc6_amd64_gcc630', u'/QCD_Flat_Pt-15to7000_TuneCUETP8M1_14TeV_pythia8/PhaseIITDRFall17MiniAOD-PU200_93X_upgrade2023_realistic_v2-v1/MINIAODSIM', u'[]', u'[]', u'FileBased', u"{'splitOnRun': False, 'halt_job_on_file_boundaries': False, 'files_per_job': 1, 'runs': [], 'lumis': []}", u'0', u'4e198fb019d07e682a8bd09208595d4eb73bac82ae7f6e24154a54b4451cc952.tar.gz', u'https://cmsweb.cern.ch/crabcache', u'shigginb', u'/DC=ch/DC=cern/OU=Organic Units/OU=Users/CN=shigginb/CN=785176/CN=Sam Higginbotham', u'cms', u'None', u'None', u'crab_20171115_071925-00000000000000000000000000000000', u'T3_US_FNALLPC', u'https://cmsweb.cern.ch/dbs/prod/global/DBSReader', u'https://cmsweb.cern.ch/dbs/prod/phys03/DBSWriter', u'F', u'Analysis', u'{}', u'[]', u'F', u'vocms052', u'[]', u'1250', u'1', u'2000', u'10', u'None', u'http://vocms0120.cern.ch/mon/cms1359/171115_131950:shigginb_crab_20171115_071925', u'None', u'None', u'[]', u'[]', u'[]', u'pythia', u'[]', u"['analysis.root']", u'[]', u'https://cmsweb.cern.ch/crabserver/prod', u'None', u'0', u'cmssrv221.fnal.gov:9620', u'crab3@vocms0120.cern.ch', u'F', u'[]', u'T', u'/store/user/shigginb/', u'F', u'None', u'F', u'F', u'F', u'None', u'QCD_Flat_Pt-15to7000_TuneCUETP8M1_14TeV_pythia8', u'filetransfers', u'SUBMIT', u'13785232', u'a0dab9386e667f9fec54e8313401d8851d3979cbb5f68771306f9f4b03a42405.tar.gz', u'131.225.190.56', u'F', u'None'], u'desc': {u'columns': [u'tm_taskname', u'panda_jobset_id', u'tm_task_status', u'tm_start_time', u'tm_start_injection', u'tm_end_injection', u'tm_task_failure', u'tm_job_sw', u'tm_job_arch', u'tm_input_dataset', u'tm_site_whitelist', u'tm_site_blacklist', u'tm_split_algo', u'tm_split_args', u'tm_totalunits', u'tm_user_sandbox', u'tm_cache_url', u'tm_username', u'tm_user_dn', u'tm_user_vo', u'tm_user_role', u'tm_user_group', u'tm_publish_name', u'tm_asyncdest', u'tm_dbs_url', u'tm_publish_dbs_url', u'tm_publication', u'tm_job_type', u'tm_arguments', u'panda_resubmitted_jobs', u'tm_save_logs', u'tw_name', u'tm_user_infiles', u'tm_maxjobruntime', u'tm_numcores', u'tm_maxmemory', u'tm_priority', u'tm_output_dataset', u'tm_user_webdir', u'tm_activity', u'tm_scriptexe', u'tm_scriptargs', u'tm_extrajdl', u'tm_task_warnings', u'tm_generator', u'tm_outfiles', u'tm_tfile_outfiles', u'tm_edm_outfiles', u'tm_asourl', u'tm_events_per_lumi', u'tm_use_parent', u'tm_collector', u'tm_schedd', u'tm_dry_run', u'tm_user_files', u'tm_transfer_outputs', u'tm_output_lfn', u'tm_ignore_locality', u'tm_fail_limit', u'tm_one_event_mode', u'tm_publish_groupname', u'tm_nonvalid_input_dataset', u'tm_secondary_input_dataset', u'tm_primary_dataset', u'tm_asodb', u'tm_task_command', u'clusterid', u'tm_debug_files', u'tm_submitter_ip_addr', u'tm_ignore_global_blacklist', u'tm_last_publication']}}
INFO 2017-11-15 09:10:52,073: 	 CRAB project directory:		/uscms_data/d3/samuellh/WorkingArea/TauAnalysis/CMSSW_9_3_2/src/PUAnalysis/VBFtt2017/crab/VBF14/crab_20171115_071925
INFO 2017-11-15 09:10:52,073: 	 Task name:			171115_131950:shigginb_crab_20171115_071925
INFO 2017-11-15 09:10:52,073: 	 Grid scheduler:			crab3@vocms0120.cern.ch
INFO 2017-11-15 09:10:52,074: 	 Status on the CRAB server:	SUBMITTED
INFO 2017-11-15 09:10:52,074: 	 Task URL to use for HELP:	https://cmsweb.cern.ch/crabserver/ui/task/171115_131950%3Ashigginb_crab_20171115_071925
INFO 2017-11-15 09:10:52,074: 	 Dashboard monitoring URL:	http://dashb-cms-job.cern.ch/dashboard/templates/task-analysis/#user=shigginb&refresh=0&table=Jobs&p=1&records=25&activemenu=2&status=&site=&tid=171115_131950%3Ashigginb_crab_20171115_071925
DEBUG 2017-11-15 09:10:52,074: 	 The CRAB server submitted your task to the Grid scheduler (cluster ID: 13785232)
DEBUG 2017-11-15 09:10:52,074: 	 Webdir is located at http://vocms0120.cern.ch/mon/cms1359/171115_131950:shigginb_crab_20171115_071925
DEBUG 2017-11-15 09:10:53,752: 	 Proxied webdir is located at https://cmsweb.cern.ch/scheddmon/0120/cms1359/171115_131950:shigginb_crab_20171115_071925
DEBUG 2017-11-15 09:10:53,752: 	 Retrieving 'status_cache' file from https://cmsweb.cern.ch/scheddmon/0120/cms1359/171115_131950:shigginb_crab_20171115_071925/status_cache
DEBUG 2017-11-15 09:10:55,640: 	 Got information from status cache file: {'30': {'Retries': 0, 'WallDurations': [274.0], 'StartTimes': [1510752649.0], 'SubmitTimes': [1510752107.0], 'JobIds': ['13785265.0'], 'EndTimes': [1510752923.0], 'Restarts': 0, 'RecordedSite': False, 'State': 'finished', 'ResidentSetSize': [2612], 'TotalUserCpuTimeHistory': [200], 'SiteHistory': ['Unknown'], 'TotalSysCpuTimeHistory': [11]}, '54': {'Retries': 0, 'WallDurations': [4211.0], 'StartTimes': [1510752653.0], 'SubmitTimes': [1510752118.0], 'JobIds': ['13785335.0'], 'EndTimes': [1510756864.0], 'Restarts': 0, 'RecordedSite': False, 'State': 'finished', 'ResidentSetSize': [1780612], 'TotalUserCpuTimeHistory': [721], 'SiteHistory': ['Unknown'], 'TotalSysCpuTimeHistory': [327]}, '42': {'Retries': 0, 'WallDurations': [3012.0], 'StartTimes': [1510752648.0], 'SubmitTimes': [1510752115.0], 'JobIds': ['13785319.0'], 'EndTimes': [], 'Restarts': 0, 'RecordedSite': False, 'State': 'running', 'ResidentSetSize': [1939160], 'TotalUserCpuTimeHistory': [0], 'SiteHistory': ['Unknown'], 'TotalSysCpuTimeHistory': [0]}, '22': {'Retries': 0, 'WallDurations': [1619.0], 'StartTimes': [1510752662.0], 'SubmitTimes': [1510752105.0], 'JobIds': ['13785258.0'], 'EndTimes': [1510754281.0], 'Restarts': 0, 'RecordedSite': False, 'State': 'finished', 'ResidentSetSize': [1774784], 'TotalUserCpuTimeHistory': [812], 'SiteHistory': ['Unknown'], 'TotalSysCpuTimeHistory': [109]}, '43': {'Retries': 0, 'WallDurations': [1319.0], 'StartTimes': [1510752661.0], 'SubmitTimes': [1510752109.0], 'JobIds': ['13785296.0'], 'EndTimes': [1510753980.0], 'Restarts': 0, 'RecordedSite': False, 'State': 'finished', 'ResidentSetSize': [1800316], 'TotalUserCpuTimeHistory': [1023], 'SiteHistory': ['Unknown'], 'TotalSysCpuTimeHistory': [62]}, '60': {'Retries': 0, 'WallDurations': [1253.0], 'StartTimes': [1510752653.0], 'SubmitTimes': [1510752127.0], 'JobIds': ['13785344.0'], 'EndTimes': [1510753906.0], 'Restarts': 0, 'RecordedSite': False, 'State': 'finished', 'ResidentSetSize': [1697380], 'TotalUserCpuTimeHistory': [1075], 'SiteHistory': ['Unknown'], 'TotalSysCpuTimeHistory': [28]}, '61': {'Retries': 0, 'WallDurations': [4516.0], 'StartTimes': [1510752650.0], 'SubmitTimes': [1510752127.0], 'JobIds': ['13785345.0'], 'EndTimes': [], 'Restarts': 0, 'RecordedSite': False, 'State': 'running', 'ResidentSetSize': [1384184], 'TotalUserCpuTimeHistory': [0], 'SiteHistory': ['Unknown'], 'TotalSysCpuTimeHistory': [0]}, '62': {'Retries': 0, 'WallDurations': [808.0], 'StartTimes': [1510752655.0], 'SubmitTimes': [1510752127.0], 'JobIds': ['13785348.0'], 'EndTimes': [1510753463.0], 'Restarts': 0, 'RecordedSite': False, 'State': 'finished', 'ResidentSetSize': [1656612], 'TotalUserCpuTimeHistory': [609], 'SiteHistory': ['Unknown'], 'TotalSysCpuTimeHistory': [49]}, '63': {'Retries': 0, 'WallDurations': [738.0], 'StartTimes': [1510752655.0], 'SubmitTimes': [1510752127.0], 'JobIds': ['13785346.0'], 'EndTimes': [1510753393.0], 'Restarts': 0, 'RecordedSite': False, 'State': 'finished', 'ResidentSetSize': [1659916], 'TotalUserCpuTimeHistory': [248], 'SiteHistory': ['Unknown'], 'TotalSysCpuTimeHistory': [35]}, '64': {'Retries': 0, 'WallDurations': [352.0], 'StartTimes': [1510752659.0], 'SubmitTimes': [1510752127.0], 'JobIds': ['13785349.0'], 'EndTimes': [1510753011.0], 'Restarts': 0, 'RecordedSite': False, 'State': 'finished', 'ResidentSetSize': [622088], 'TotalUserCpuTimeHistory': [54], 'SiteHistory': ['Unknown'], 'TotalSysCpuTimeHistory': [2]}, '65': {'Retries': 0, 'WallDurations': [124.0], 'StartTimes': [1510752653.0], 'SubmitTimes': [1510752127.0], 'JobIds': ['13785347.0'], 'EndTimes': [1510752777.0], 'Restarts': 0, 'RecordedSite': False, 'State': 'finished', 'ResidentSetSize': [2164], 'TotalUserCpuTimeHistory': [59], 'SiteHistory': ['Unknown'], 'TotalSysCpuTimeHistory': [8]}, '66': {'Retries': 1, 'WallDurations': [3562.0, 1596.0], 'StartTimes': [1510752656.0, 1510756660.0], 'SubmitTimes': [1510752128.0, 1510756289.0], 'JobIds': ['13785351.0', '13788610.0'], 'EndTimes': [1510756218.0, 1510758256.0], 'Restarts': 0, 'RecordedSite': False, 'State': 'finished', 'ResidentSetSize': [1686872, 1876644], 'TotalUserCpuTimeHistory': [209, 766], 'SiteHistory': ['Unknown', 'Unknown'], 'TotalSysCpuTimeHistory': [21, 29]}, '52': {'Retries': 0, 'WallDurations': [1211.0], 'StartTimes': [1510752659.0], 'SubmitTimes': [1510752117.0], 'JobIds': ['13785325.0'], 'EndTimes': [], 'Restarts': 0, 'RecordedSite': False, 'State': 'running', 'ResidentSetSize': [716216], 'TotalUserCpuTimeHistory': [0], 'SiteHistory': ['Unknown'], 'TotalSysCpuTimeHistory': [0]}, '53': {'Retries': 0, 'WallDurations': [1677.0], 'StartTimes': [1510752662.0], 'SubmitTimes': [1510752117.0], 'JobIds': ['13785326.0'], 'EndTimes': [1510754339.0], 'Restarts': 0, 'RecordedSite': False, 'State': 'finished', 'ResidentSetSize': [1854396], 'TotalUserCpuTimeHistory': [313], 'SiteHistory': ['Unknown'], 'TotalSysCpuTimeHistory': [11]}, '24': {'Retries': 0, 'WallDurations': [955.0], 'StartTimes': [1510752653.0], 'SubmitTimes': [1510752105.0], 'JobIds': ['13785260.0'], 'EndTimes': [1510753608.0], 'Restarts': 0, 'RecordedSite': False, 'State': 'finished', 'ResidentSetSize': [1843432], 'TotalUserCpuTimeHistory': [794], 'SiteHistory': ['Unknown'], 'TotalSysCpuTimeHistory': [23]}, '25': {'Retries': 0, 'WallDurations': [1404.0], 'StartTimes': [1510752662.0], 'SubmitTimes': [1510752106.0], 'JobIds': ['13785261.0'], 'EndTimes': [1510754066.0], 'Restarts': 0, 'RecordedSite': False, 'State': 'finished', 'ResidentSetSize': [1000860], 'TotalUserCpuTimeHistory': [217], 'SiteHistory': ['Unknown'], 'TotalSysCpuTimeHistory': [6]}, '26': {'Retries': 0, 'WallDurations': [325.0], 'StartTimes': [1510752653.0], 'SubmitTimes': [1510752106.0], 'JobIds': ['13785262.0'], 'EndTimes': [1510752978.0], 'Restarts': 0, 'RecordedSite': False, 'State': 'finished', 'ResidentSetSize': [1802072], 'TotalUserCpuTimeHistory': [197], 'SiteHistory': ['Unknown'], 'TotalSysCpuTimeHistory': [37]}, '27': {'Retries': 0, 'WallDurations': [4220.0], 'StartTimes': [1510752661.0], 'SubmitTimes': [1510752106.0], 'JobIds': ['13785263.0'], 'EndTimes': [], 'Restarts': 0, 'RecordedSite': False, 'State': 'running', 'ResidentSetSize': [1685716], 'TotalUserCpuTimeHistory': [0], 'SiteHistory': ['Unknown'], 'TotalSysCpuTimeHistory': [0]}, '20': {'Retries': 0, 'WallDurations': [572.0], 'StartTimes': [1510752650.0], 'SubmitTimes': [1510752105.0], 'JobIds': ['13785257.0'], 'EndTimes': [1510753222.0], 'Restarts': 0, 'RecordedSite': False, 'State': 'finished', 'ResidentSetSize': [623128], 'TotalUserCpuTimeHistory': [199], 'SiteHistory': ['Unknown'], 'TotalSysCpuTimeHistory': [25]}, '21': {'Retries': 0, 'WallDurations': [678.0], 'StartTimes': [1510752658.0], 'SubmitTimes': [1510752129.0], 'JobIds': ['13785353.0'], 'EndTimes': [1510753336.0], 'Restarts': 0, 'RecordedSite': False, 'State': 'finished', 'ResidentSetSize': [1773640], 'TotalUserCpuTimeHistory': [225], 'SiteHistory': ['Unknown'], 'TotalSysCpuTimeHistory': [17]}, '48': {'Retries': 1, 'WallDurations': [939.0, 1347.0], 'StartTimes': [1510752665.0, 1510753774.0], 'SubmitTimes': [1510752116.0, 1510753673.0], 'JobIds': ['13785322.0', '13787052.0'], 'EndTimes': [1510753604.0, 1510755121.0], 'Restarts': 0, 'RecordedSite': False, 'State': 'finished', 'ResidentSetSize': [301132, 1737968], 'TotalUserCpuTimeHistory': [4, 1098], 'SiteHistory': ['Unknown', 'Unknown'], 'TotalSysCpuTimeHistory': [0, 36]}, '23': {'Retries': 0, 'WallDurations': [225.0], 'StartTimes': [1510752655.0], 'SubmitTimes': [1510752105.0], 'JobIds': ['13785259.0'], 'EndTimes': [1510752880.0], 'Restarts': 0, 'RecordedSite': False, 'State': 'finished', 'ResidentSetSize': [23424], 'TotalUserCpuTimeHistory': [121], 'SiteHistory': ['Unknown'], 'TotalSysCpuTimeHistory': [11]}, '46': {'Retries': 0, 'WallDurations': [1276.0], 'StartTimes': [1510752650.0], 'SubmitTimes': [1510752116.0], 'JobIds': ['13785321.0'], 'EndTimes': [1510753926.0], 'Restarts': 0, 'RecordedSite': False, 'State': 'finished', 'ResidentSetSize': [1812932], 'TotalUserCpuTimeHistory': [734], 'SiteHistory': ['Unknown'], 'TotalSysCpuTimeHistory': [20]}, '47': {'Retries': 0, 'WallDurations': [4968.0], 'StartTimes': [1510752664.0], 'SubmitTimes': [1510752116.0], 'JobIds': ['13785323.0'], 'EndTimes': [1510757632.0], 'Restarts': 0, 'RecordedSite': False, 'State': 'finished', 'ResidentSetSize': [1735960], 'TotalUserCpuTimeHistory': [1054], 'SiteHistory': ['Unknown'], 'TotalSysCpuTimeHistory': [69]}, '44': {'Retries': 0, 'WallDurations': [4069.0], 'StartTimes': [1510752670.0], 'SubmitTimes': [1510752110.0], 'JobIds': ['13785298.0'], 'EndTimes': [1510756739.0], 'Restarts': 0, 'RecordedSite': False, 'State': 'finished', 'ResidentSetSize': [1673204], 'TotalUserCpuTimeHistory': [485], 'SiteHistory': ['Unknown'], 'TotalSysCpuTimeHistory': [45]}, '45': {'Retries': 0, 'WallDurations': [1112.0], 'StartTimes': [1510752653.0], 'SubmitTimes': [1510752116.0], 'JobIds': ['13785320.0'], 'EndTimes': [1510753765.0], 'Restarts': 0, 'RecordedSite': False, 'State': 'finished', 'ResidentSetSize': [1686584], 'TotalUserCpuTimeHistory': [939], 'SiteHistory': ['Unknown'], 'TotalSysCpuTimeHistory': [31]}, '28': {'Retries': 0, 'WallDurations': [222.0], 'StartTimes': [1510752653.0], 'SubmitTimes': [1510752107.0], 'JobIds': ['13785270.0'], 'EndTimes': [1510752875.0], 'Restarts': 0, 'RecordedSite': False, 'State': 'finished', 'ResidentSetSize': [18404], 'TotalUserCpuTimeHistory': [108], 'SiteHistory': ['Unknown'], 'TotalSysCpuTimeHistory': [6]}, '29': {'Retries': 0, 'WallDurations': [292.0], 'StartTimes': [1510752653.0], 'SubmitTimes': [1510752108.0], 'JobIds': ['13785277.0'], 'EndTimes': [1510752945.0], 'Restarts': 0, 'RecordedSite': False, 'State': 'finished', 'ResidentSetSize': [2164], 'TotalUserCpuTimeHistory': [182], 'SiteHistory': ['Unknown'], 'TotalSysCpuTimeHistory': [23]}, '40': {'Retries': 0, 'WallDurations': [610.0], 'StartTimes': [1510752650.0], 'SubmitTimes': [1510752109.0], 'JobIds': ['13785290.0'], 'EndTimes': [], 'Restarts': 0, 'RecordedSite': False, 'State': 'running', 'ResidentSetSize': [1754180], 'TotalUserCpuTimeHistory': [0], 'SiteHistory': ['Unknown'], 'TotalSysCpuTimeHistory': [0]}, '41': {'Retries': 0, 'WallDurations': [317.0], 'StartTimes': [1510752653.0], 'SubmitTimes': [1510752109.0], 'JobIds': ['13785293.0'], 'EndTimes': [1510752970.0], 'Restarts': 0, 'RecordedSite': False, 'State': 'finished', 'ResidentSetSize': [1725240], 'TotalUserCpuTimeHistory': [200], 'SiteHistory': ['Unknown'], 'TotalSysCpuTimeHistory': [22]}, '1': {'Retries': 0, 'WallDurations': [2729.0], 'StartTimes': [1510752657.0], 'SubmitTimes': [1510752098.0], 'JobIds': ['13785242.0'], 'EndTimes': [1510755386.0], 'Restarts': 0, 'RecordedSite': False, 'State': 'finished', 'ResidentSetSize': [1427300], 'TotalUserCpuTimeHistory': [364], 'SiteHistory': ['Unknown'], 'TotalSysCpuTimeHistory': [328]}, '3': {'Retries': 0, 'WallDurations': [919.0], 'StartTimes': [1510752653.0], 'SubmitTimes': [1510752083.0], 'JobIds': ['13785234.0'], 'EndTimes': [1510753572.0], 'Restarts': 0, 'RecordedSite': False, 'State': 'finished', 'ResidentSetSize': [1780796], 'TotalUserCpuTimeHistory': [631], 'SiteHistory': ['Unknown'], 'TotalSysCpuTimeHistory': [56]}, '2': {'Retries': 0, 'WallDurations': [960.0], 'StartTimes': [1510752653.0], 'SubmitTimes': [1510752083.0], 'JobIds': ['13785235.0'], 'EndTimes': [1510753613.0], 'Restarts': 0, 'RecordedSite': False, 'State': 'finished', 'ResidentSetSize': [1826620], 'TotalUserCpuTimeHistory': [538], 'SiteHistory': ['Unknown'], 'TotalSysCpuTimeHistory': [36]}, '5': {'Retries': 0, 'WallDurations': [633.0], 'StartTimes': [1510752653.0], 'SubmitTimes': [1510752098.0], 'JobIds': ['13785244.0'], 'EndTimes': [1510753286.0], 'Restarts': 0, 'RecordedSite': False, 'State': 'finished', 'ResidentSetSize': [1821324], 'TotalUserCpuTimeHistory': [543], 'SiteHistory': ['Unknown'], 'TotalSysCpuTimeHistory': [11]}, '4': {'Retries': 0, 'WallDurations': [921.0], 'StartTimes': [1510752668.0], 'SubmitTimes': [1510752087.0], 'JobIds': ['13785236.0'], 'EndTimes': [1510753589.0], 'Restarts': 0, 'RecordedSite': False, 'State': 'finished', 'ResidentSetSize': [1809536], 'TotalUserCpuTimeHistory': [671], 'SiteHistory': ['Unknown'], 'TotalSysCpuTimeHistory': [64]}, '7': {'Retries': 0, 'WallDurations': [116.0], 'StartTimes': [1510752645.0], 'SubmitTimes': [1510752098.0], 'JobIds': ['13785246.0'], 'EndTimes': [1510752761.0], 'Restarts': 0, 'RecordedSite': False, 'State': 'finished', 'ResidentSetSize': [49368], 'TotalUserCpuTimeHistory': [71], 'SiteHistory': ['Unknown'], 'TotalSysCpuTimeHistory': [1]}, '6': {'Retries': 0, 'WallDurations': [388.0], 'StartTimes': [1510752650.0], 'SubmitTimes': [1510752097.0], 'JobIds': ['13785239.0'], 'EndTimes': [1510753038.0], 'Restarts': 0, 'RecordedSite': False, 'State': 'finished', 'ResidentSetSize': [1788500], 'TotalUserCpuTimeHistory': [260], 'SiteHistory': ['Unknown'], 'TotalSysCpuTimeHistory': [9]}, '9': {'Retries': 0, 'WallDurations': [1679.0], 'StartTimes': [1510752653.0], 'SubmitTimes': [1510752097.0], 'JobIds': ['13785240.0'], 'EndTimes': [1510754332.0], 'Restarts': 0, 'RecordedSite': False, 'State': 'finished', 'ResidentSetSize': [1840604], 'TotalUserCpuTimeHistory': [878], 'SiteHistory': ['Unknown'], 'TotalSysCpuTimeHistory': [28]}, '8': {'Retries': 0, 'WallDurations': [430.0], 'StartTimes': [1510752650.0], 'SubmitTimes': [1510752097.0], 'JobIds': ['13785241.0'], 'EndTimes': [1510753080.0], 'Restarts': 0, 'RecordedSite': False, 'State': 'finished', 'ResidentSetSize': [1727068], 'TotalUserCpuTimeHistory': [290], 'SiteHistory': ['Unknown'], 'TotalSysCpuTimeHistory': [15]}, '49': {'Retries': 1, 'WallDurations': [989.0, 459.0], 'StartTimes': [1510752649.0, 1510753845.0], 'SubmitTimes': [1510752117.0, 1510753709.0], 'JobIds': ['13785324.0', '13787055.0'], 'EndTimes': [1510753638.0, 1510754304.0], 'Restarts': 0, 'RecordedSite': False, 'State': 'finished', 'ResidentSetSize': [299928, 1817932], 'TotalUserCpuTimeHistory': [4, 383], 'SiteHistory': ['Unknown', 'Unknown'], 'TotalSysCpuTimeHistory': [0, 7]}, '39': {'Retries': 0, 'WallDurations': [475.0], 'StartTimes': [1510752653.0], 'SubmitTimes': [1510752108.0], 'JobIds': ['13785283.0'], 'EndTimes': [1510753128.0], 'Restarts': 0, 'RecordedSite': False, 'State': 'finished', 'ResidentSetSize': [1871372], 'TotalUserCpuTimeHistory': [264], 'SiteHistory': ['Unknown'], 'TotalSysCpuTimeHistory': [67]}, '38': {'Retries': 0, 'WallDurations': [4598.0], 'StartTimes': [1510752658.0], 'SubmitTimes': [1510752108.0], 'JobIds': ['13785274.0'], 'EndTimes': [1510757256.0], 'Restarts': 0, 'RecordedSite': False, 'State': 'finished', 'ResidentSetSize': [1736988], 'TotalUserCpuTimeHistory': [866], 'SiteHistory': ['Unknown'], 'TotalSysCpuTimeHistory': [37]}, '59': {'Retries': 0, 'WallDurations': [552.0], 'StartTimes': [1510752653.0], 'SubmitTimes': [1510752126.0], 'JobIds': ['13785343.0'], 'EndTimes': [1510753205.0], 'Restarts': 0, 'RecordedSite': False, 'State': 'finished', 'ResidentSetSize': [1697400], 'TotalUserCpuTimeHistory': [319], 'SiteHistory': ['Unknown'], 'TotalSysCpuTimeHistory': [20]}, '14': {'Retries': 0, 'WallDurations': [544.0], 'StartTimes': [1510752664.0], 'SubmitTimes': [1510752104.0], 'JobIds': ['13785251.0'], 'EndTimes': [1510753208.0], 'Restarts': 0, 'RecordedSite': False, 'State': 'finished', 'ResidentSetSize': [1804692], 'TotalUserCpuTimeHistory': [399], 'SiteHistory': ['Unknown'], 'TotalSysCpuTimeHistory': [29]}, '11': {'Retries': 0, 'WallDurations': [1325.0], 'StartTimes': [1510752649.0], 'SubmitTimes': [1510752098.0], 'JobIds': ['13785248.0'], 'EndTimes': [1510753974.0], 'Restarts': 0, 'RecordedSite': False, 'State': 'finished', 'ResidentSetSize': [1749856], 'TotalUserCpuTimeHistory': [976], 'SiteHistory': ['Unknown'], 'TotalSysCpuTimeHistory': [115]}, '10': {'Retries': 0, 'WallDurations': [4513.0], 'StartTimes': [1510752650.0], 'SubmitTimes': [1510752098.0], 'JobIds': ['13785245.0'], 'EndTimes': [], 'Restarts': 0, 'RecordedSite': False, 'State': 'running', 'ResidentSetSize': [1869984], 'TotalUserCpuTimeHistory': [0], 'SiteHistory': ['Unknown'], 'TotalSysCpuTimeHistory': [0]}, '13': {'Retries': 0, 'WallDurations': [2081.0], 'StartTimes': [1510752670.0], 'SubmitTimes': [1510752099.0], 'JobIds': ['13785249.0'], 'EndTimes': [1510754751.0], 'Restarts': 0, 'RecordedSite': False, 'State': 'finished', 'ResidentSetSize': [1705120], 'TotalUserCpuTimeHistory': [668], 'SiteHistory': ['Unknown'], 'TotalSysCpuTimeHistory': [22]}, '12': {'Retries': 0, 'WallDurations': [2284.0], 'StartTimes': [1510752649.0], 'SubmitTimes': [1510752098.0], 'JobIds': ['13785247.0'], 'EndTimes': [1510754933.0], 'Restarts': 0, 'RecordedSite': False, 'State': 'finished', 'ResidentSetSize': [1440524], 'TotalUserCpuTimeHistory': [284], 'SiteHistory': ['Unknown'], 'TotalSysCpuTimeHistory': [208]}, '15': {'Retries': 0, 'WallDurations': [3880.0], 'StartTimes': [1510752667.0], 'SubmitTimes': [1510752105.0], 'JobIds': ['13785253.0'], 'EndTimes': [1510756547.0], 'Restarts': 0, 'RecordedSite': False, 'State': 'finished', 'ResidentSetSize': [937420], 'TotalUserCpuTimeHistory': [222], 'SiteHistory': ['Unknown'], 'TotalSysCpuTimeHistory': [46]}, '58': {'Retries': 0, 'WallDurations': [1503.0], 'StartTimes': [1510752661.0], 'SubmitTimes': [1510752121.0], 'JobIds': ['13785338.0'], 'EndTimes': [1510754164.0], 'Restarts': 0, 'RecordedSite': False, 'State': 'finished', 'ResidentSetSize': [1753352], 'TotalUserCpuTimeHistory': [871], 'SiteHistory': ['Unknown'], 'TotalSysCpuTimeHistory': [32]}, '17': {'Retries': 0, 'WallDurations': [4212.0], 'StartTimes': [1510752665.0], 'SubmitTimes': [1510752104.0], 'JobIds': ['13785252.0'], 'EndTimes': [], 'Restarts': 0, 'RecordedSite': False, 'State': 'running', 'ResidentSetSize': [623156], 'TotalUserCpuTimeHistory': [0], 'SiteHistory': ['Unknown'], 'TotalSysCpuTimeHistory': [0]}, '16': {'Retries': 0, 'WallDurations': [4120.0], 'StartTimes': [1510752659.0], 'SubmitTimes': [1510752105.0], 'JobIds': ['13785254.0'], 'EndTimes': [1510756779.0], 'Restarts': 0, 'RecordedSite': False, 'State': 'finished', 'ResidentSetSize': [717212], 'TotalUserCpuTimeHistory': [615], 'SiteHistory': ['Unknown'], 'TotalSysCpuTimeHistory': [91]}, '19': {'Retries': 0, 'WallDurations': [2114.0], 'StartTimes': [1510752787.0], 'SubmitTimes': [1510752105.0], 'JobIds': ['13785255.0'], 'EndTimes': [], 'Restarts': 0, 'RecordedSite': False, 'State': 'running', 'ResidentSetSize': [756232], 'TotalUserCpuTimeHistory': [0], 'SiteHistory': ['Unknown'], 'TotalSysCpuTimeHistory': [0]}, '18': {'Retries': 0, 'WallDurations': [2786.0], 'StartTimes': [1510752649.0], 'SubmitTimes': [1510752105.0], 'JobIds': ['13785256.0'], 'EndTimes': [1510755435.0], 'Restarts': 0, 'RecordedSite': False, 'State': 'finished', 'ResidentSetSize': [1788200], 'TotalUserCpuTimeHistory': [948], 'SiteHistory': ['Unknown'], 'TotalSysCpuTimeHistory': [26]}, '31': {'Retries': 0, 'WallDurations': [469.0], 'StartTimes': [1510752648.0], 'SubmitTimes': [1510752107.0], 'JobIds': ['13785264.0'], 'EndTimes': [1510753117.0], 'Restarts': 0, 'RecordedSite': False, 'State': 'finished', 'ResidentSetSize': [1792648], 'TotalUserCpuTimeHistory': [361], 'SiteHistory': ['Unknown'], 'TotalSysCpuTimeHistory': [26]}, '56': {'Retries': 0, 'WallDurations': [1506.0], 'StartTimes': [1510752648.0], 'SubmitTimes': [1510752117.0], 'JobIds': ['13785327.0'], 'EndTimes': [1510754154.0], 'Restarts': 0, 'RecordedSite': False, 'State': 'finished', 'ResidentSetSize': [618456], 'TotalUserCpuTimeHistory': [284], 'SiteHistory': ['Unknown'], 'TotalSysCpuTimeHistory': [22]}, '51': {'Retries': 0, 'WallDurations': [2832.0], 'StartTimes': [1510752663.0], 'SubmitTimes': [1510752117.0], 'JobIds': ['13785328.0'], 'EndTimes': [1510755495.0], 'Restarts': 0, 'RecordedSite': False, 'State': 'finished', 'ResidentSetSize': [1928468], 'TotalUserCpuTimeHistory': [601], 'SiteHistory': ['Unknown'], 'TotalSysCpuTimeHistory': [51]}, '36': {'Retries': 0, 'WallDurations': [260.0], 'StartTimes': [1510752653.0], 'SubmitTimes': [1510752108.0], 'JobIds': ['13785279.0'], 'EndTimes': [1510752913.0], 'Restarts': 0, 'RecordedSite': False, 'State': 'finished', 'ResidentSetSize': [2340], 'TotalUserCpuTimeHistory': [144], 'SiteHistory': ['Unknown'], 'TotalSysCpuTimeHistory': [28]}, '35': {'Retries': 0, 'WallDurations': [808.0], 'StartTimes': [1510752655.0], 'SubmitTimes': [1510752107.0], 'JobIds': ['13785272.0'], 'EndTimes': [1510753463.0], 'Restarts': 0, 'RecordedSite': False, 'State': 'finished', 'ResidentSetSize': [890112], 'TotalUserCpuTimeHistory': [265], 'SiteHistory': ['Unknown'], 'TotalSysCpuTimeHistory': [16]}, '34': {'Retries': 0, 'WallDurations': [317.0], 'StartTimes': [1510752653.0], 'SubmitTimes': [1510752108.0], 'JobIds': ['13785287.0'], 'EndTimes': [1510752970.0], 'Restarts': 0, 'RecordedSite': False, 'State': 'finished', 'ResidentSetSize': [661268], 'TotalUserCpuTimeHistory': [196], 'SiteHistory': ['Unknown'], 'TotalSysCpuTimeHistory': [14]}, '33': {'Retries': 0, 'WallDurations': [5116.0], 'StartTimes': [1510752650.0], 'SubmitTimes': [1510752107.0], 'JobIds': ['13785268.0'], 'EndTimes': [], 'Restarts': 0, 'RecordedSite': False, 'State': 'running', 'ResidentSetSize': [1829008], 'TotalUserCpuTimeHistory': [0], 'SiteHistory': ['Unknown'], 'TotalSysCpuTimeHistory': [0]}, '55': {'Retries': 0, 'WallDurations': [420.0], 'StartTimes': [1510752653.0], 'SubmitTimes': [1510752117.0], 'JobIds': ['13785331.0'], 'EndTimes': [1510753073.0], 'Restarts': 0, 'RecordedSite': False, 'State': 'finished', 'ResidentSetSize': [624380], 'TotalUserCpuTimeHistory': [91], 'SiteHistory': ['Unknown'], 'TotalSysCpuTimeHistory': [4]}, '37': {'Retries': 0, 'WallDurations': [1311.0], 'StartTimes': [1510752650.0], 'SubmitTimes': [1510752108.0], 'JobIds': ['13785281.0'], 'EndTimes': [1510753961.0], 'Restarts': 0, 'RecordedSite': False, 'State': 'finished', 'ResidentSetSize': [1775940], 'TotalUserCpuTimeHistory': [1079], 'SiteHistory': ['Unknown'], 'TotalSysCpuTimeHistory': [44]}, '32': {'Retries': 0, 'WallDurations': [232.0], 'StartTimes': [1510752644.0], 'SubmitTimes': [1510752107.0], 'JobIds': ['13785266.0'], 'EndTimes': [1510752876.0], 'Restarts': 0, 'RecordedSite': False, 'State': 'finished', 'ResidentSetSize': [15272], 'TotalUserCpuTimeHistory': [154], 'SiteHistory': ['Unknown'], 'TotalSysCpuTimeHistory': [12]}, '57': {'Retries': 0, 'WallDurations': [718.0], 'StartTimes': [1510752653.0], 'SubmitTimes': [1510752117.0], 'JobIds': ['13785329.0'], 'EndTimes': [1510753371.0], 'Restarts': 0, 'RecordedSite': False, 'State': 'finished', 'ResidentSetSize': [1820204], 'TotalUserCpuTimeHistory': [542], 'SiteHistory': ['Unknown'], 'TotalSysCpuTimeHistory': [26]}, '50': {'Retries': 0, 'WallDurations': [1021.0], 'StartTimes': [1510752653.0], 'SubmitTimes': [1510752117.0], 'JobIds': ['13785333.0'], 'EndTimes': [1510753674.0], 'Restarts': 0, 'RecordedSite': False, 'State': 'finished', 'ResidentSetSize': [1746716], 'TotalUserCpuTimeHistory': [790], 'SiteHistory': ['Unknown'], 'TotalSysCpuTimeHistory': [58]}}
INFO 2017-11-15 09:10:55,640: 	 Status on the scheduler:	SUBMITTED
INFO 2017-11-15 09:10:55,641: 	 
Jobs status:                    finished       86.4% (57/66)
INFO 2017-11-15 09:10:55,641: 	 				running        13.6% ( 9/66)
INFO 2017-11-15 09:10:55,641: 	 
No publication information (publication has been disabled in the CRAB configuration file)
INFO 2017-11-15 09:10:55,666: 	 Log file is /uscms_data/d3/samuellh/WorkingArea/TauAnalysis/CMSSW_9_3_2/src/PUAnalysis/VBFtt2017/crab/VBF14/crab_20171115_071925/crab.log
