('The system path in the config file ', ['/cvmfs/cms.cern.ch/crab3/slc6_amd64_gcc493/cms/crabclient/3.3.1707.patch1/bin', '/uscms_data/d3/samuellh/WorkingArea/TauAnalysis/CMSSW_9_3_2/python', '/uscms_data/d3/samuellh/WorkingArea/TauAnalysis/CMSSW_9_3_2/lib/slc6_amd64_gcc630', '/cvmfs/cms.cern.ch/slc6_amd64_gcc630/cms/cmssw/CMSSW_9_3_2/python', '/cvmfs/cms.cern.ch/slc6_amd64_gcc630/cms/cmssw/CMSSW_9_3_2/lib/slc6_amd64_gcc630', '/cvmfs/cms.cern.ch/slc6_amd64_gcc630/cms/coral/CORAL_2_3_21-ghjeda6/slc6_amd64_gcc630/python', '/cvmfs/cms.cern.ch/slc6_amd64_gcc630/cms/coral/CORAL_2_3_21-ghjeda6/slc6_amd64_gcc630/lib', '/cvmfs/cms.cern.ch/slc6_amd64_gcc630/external/professor2/2.2.1-ghjeda6/lib/python2.7/site-packages', '/cvmfs/cms.cern.ch/slc6_amd64_gcc630/external/pyqt/4.11.4-mlhled2/lib/python2.7/site-packages', '/cvmfs/cms.cern.ch/slc6_amd64_gcc630/external/sherpa/2.2.4-ghjeda/lib/python2.7/site-packages', '/cvmfs/cms.cern.ch/slc6_amd64_gcc630/external/rivet/2.5.2-ghjeda4/lib/python2.7/site-packages', '/cvmfs/cms.cern.ch/slc6_amd64_gcc630/external/python-ldap/2.4.10-mlhled2/lib/python2.7/site-packages', '/cvmfs/cms.cern.ch/slc6_amd64_gcc630/external/py2-matplotlib/1.5.2-njopjo/lib/python2.7/site-packages', '/cvmfs/cms.cern.ch/slc6_amd64_gcc630/external/sip/4.17-mlhled2/lib/python2.7/site-packages', '/cvmfs/cms.cern.ch/slc6_amd64_gcc630/external/llvm/4.0.0-njopjo/lib64/python2.7/site-packages', '/cvmfs/cms.cern.ch/slc6_amd64_gcc630/external/py2-sqlalchemy/1.1.4-mlhled2/lib/python2.7/site-packages', '/cvmfs/cms.cern.ch/slc6_amd64_gcc630/external/py2-lint/0.25.1-mlhled2/lib/python2.7/site-packages', '/cvmfs/cms.cern.ch/slc6_amd64_gcc630/external/py2-dxr/1.0-ghjeda6/lib/python2.7/site-packages', '/cvmfs/cms.cern.ch/slc6_amd64_gcc630/external/py2-cx-oracle/5.2.1-mlhled2/lib/python2.7/site-packages', '/cvmfs/cms.cern.ch/slc6_amd64_gcc630/external/py2-numpy/1.12.1-mlhled2/lib/python2.7/site-packages', '/cvmfs/cms.cern.ch/slc6_amd64_gcc630/external/frontier_client/2.8.20-mlhled2/python/lib', '/cvmfs/cms.cern.ch/slc6_amd64_gcc630/cms/das_client/v03.01.00-mlhled2/bin', '/cvmfs/cms.cern.ch/slc6_amd64_gcc630/external/xrootd/4.6.1/lib/python2.7/site-packages', '/cvmfs/cms.cern.ch/slc6_amd64_gcc630/external/yoda/1.6.5-ghjeda4/lib/python2.7/site-packages', '/cvmfs/cms.cern.ch/slc6_amd64_gcc630/lcg/root/6.10.04-ghjeda/lib', '/cvmfs/cms.cern.ch/slc6_amd64_gcc630/external/pyminuit2/0.0.1-ghjeda4/lib/python2.7/site-packages', '/cvmfs/cms.cern.ch/slc6_amd64_gcc630/external/py2-PyYAML/3.11-mlhled2/lib/python2.7/site-packages', '/cvmfs/cms.cern.ch/slc6_amd64_gcc630/external/py2-pygithub/1.23.0-mlhled2/lib/python2.7/site-packages', '/cvmfs/cms.cern.ch/slc6_amd64_gcc630/external/py2-pip/9.0.1-mlhled2/lib/python2.7/site-packages', '/cvmfs/cms.cern.ch/slc6_amd64_gcc630/external/py2-dablooms/0.9.1-mlhled2/lib/python2.7/site-packages', '/cvmfs/cms.cern.ch/slc6_amd64_gcc630/external/py2-pippkgs_depscipy/3.0-ghjeda6/lib/python2.7/site-packages', '/cvmfs/cms.cern.ch/slc6_amd64_gcc630/external/py2-pippkgs/5.0-ghjeda6/lib/python2.7/site-packages', '/cvmfs/cms.cern.ch/slc6_amd64_gcc630/external/professor/1.4.0-ghjeda4/lib/python2.7/site-packages', '/cvmfs/cms.cern.ch/slc6_amd64_gcc630/cms/dbs-client/DBS_2_1_9-mlhled2/lib', '/cvmfs/cms.cern.ch/slc6_amd64_gcc630/cms/dbs-client/DBS_2_1_9-mlhled2/lib/DBSAPI', '/cvmfs/cms.cern.ch/slc6_amd64_gcc630/external/cvs2git/5419-mlhled2/lib', '/cvmfs/cms.cern.ch/crab3/slc6_amd64_gcc493/cms/crabclient/3.3.1707.patch1/lib/python2.7/site-packages', '/cvmfs/cms.cern.ch/crab3/slc6_amd64_gcc493/cms/dbs3-client/3.4.4/lib/python2.7/site-packages', '/cvmfs/cms.cern.ch/crab3/slc6_amd64_gcc493/cms/dbs3-pycurl-client/3.4.4/lib/python2.7/site-packages', '/cvmfs/cms.cern.ch/slc6_amd64_gcc630/external/py2-sqlalchemy/1.1.4-mlhled2/lib/python2.7/site-packages/SQLAlchemy-1.1.4-py2.7-linux-x86_64.egg', '/cvmfs/cms.cern.ch/slc6_amd64_gcc630/external/py2-numpy/1.12.1-mlhled2/lib/python2.7/site-packages/numpy-1.12.1-py2.7-linux-x86_64.egg', '/cvmfs/cms.cern.ch/slc6_amd64_gcc630/external/python/2.7.11-mlhled2/lib/python27.zip', '/cvmfs/cms.cern.ch/slc6_amd64_gcc630/external/python/2.7.11-mlhled2/lib/python2.7', '/cvmfs/cms.cern.ch/slc6_amd64_gcc630/external/python/2.7.11-mlhled2/lib/python2.7/plat-linux2', '/cvmfs/cms.cern.ch/slc6_amd64_gcc630/external/python/2.7.11-mlhled2/lib/python2.7/lib-tk', '/cvmfs/cms.cern.ch/slc6_amd64_gcc630/external/python/2.7.11-mlhled2/lib/python2.7/lib-old', '/cvmfs/cms.cern.ch/slc6_amd64_gcc630/external/python/2.7.11-mlhled2/lib/python2.7/lib-dynload', '/cvmfs/cms.cern.ch/slc6_amd64_gcc630/external/python/2.7.11-mlhled2/lib/python2.7/site-packages', '/uscms_data/d3/samuellh/WorkingArea/TauAnalysis/CMSSW_9_3_2/src/PUAnalysis/VBFtt2017/crab/VBF38'])
 ##################################################################### 
 # WARNING: the module CondCore.DBCommon.CondDBSetup is deprecated.  # 
 # Please import CondCore.CondDB.CondDB_cfi                          # 
 ##################################################################### 
recorrecting the jets
List Of Filters
['processedEvents', 'initialEventsTT', 'DiMuonCreation', 'AtLeastOneDiTau', 'TTTauPtEta', 'TTTauDecayFound', 'TTTauStandardDecayFound', 'TTTauDRSel', 'TTSync', 'TTAntiEle', 'TTAntiMu', 'TTIso', 'TTOS']
DEBUG 2017-11-15 07:31:10,939: 	 Executing command: 'submit'
DEBUG 2017-11-15 07:31:10,940: 	 Found CRAB cache file /uscms/home/samuellh/.crab3
DEBUG 2017-11-15 07:31:10,947: 	 Checking credentials
DEBUG 2017-11-15 07:31:10,948: 	 Found proxy file /tmp/x509up_u52190
DEBUG 2017-11-15 07:31:10,948: 	 Getting proxy life time left
DEBUG 2017-11-15 07:31:11,051: 	 Executing : 
 command : voms-proxy-info -file /tmp/x509up_u52190 -timeleft
 output : 83012

 error: 
 retcode : 0
DEBUG 2017-11-15 07:31:11,154: 	 Executing : 
 command : voms-proxy-info -file /tmp/x509up_u52190 -actimeleft
 output : 83011

 error: 
 retcode : 0
DEBUG 2017-11-15 07:31:11,155: 	 Proxy valid for 23:03:32 hours
INFO 2017-11-15 07:31:11,155: 	 Will use CRAB configuration file crab3_TT_MC.py
DEBUG 2017-11-15 07:31:11,155: 	 Loading CRAB configuration file.
DEBUG 2017-11-15 07:31:11,162: 	 Will use CRAB Analysis plugin (i.e. will run an analysis job type).
DEBUG 2017-11-15 07:31:11,285: 	 Executing : 
 command : openssl x509 -in ~/.globus/usercert.pem -subject -noout
 output : subject= /DC=ch/DC=cern/OU=Organic Units/OU=Users/CN=shigginb/CN=785176/CN=Sam Higginbotham

 error: 
 retcode : 0
DEBUG 2017-11-15 07:31:11,285: 	 Checking credentials
DEBUG 2017-11-15 07:31:11,286: 	 Found proxy file /tmp/x509up_u52190
DEBUG 2017-11-15 07:31:11,286: 	 Getting proxy life time left
DEBUG 2017-11-15 07:31:11,389: 	 Executing : 
 command : voms-proxy-info -file /tmp/x509up_u52190 -timeleft
 output : 83012

 error: 
 retcode : 0
DEBUG 2017-11-15 07:31:11,492: 	 Executing : 
 command : voms-proxy-info -file /tmp/x509up_u52190 -actimeleft
 output : 83011

 error: 
 retcode : 0
DEBUG 2017-11-15 07:31:11,492: 	 Proxy valid for 23:03:32 hours
DEBUG 2017-11-15 07:31:11,595: 	 Executing : 
 command : env X509_USER_PROXY=/tmp/x509up_u52190 voms-proxy-info -fqan
 output : /cms/Role=NULL/Capability=NULL

 error: 
 retcode : 0
DEBUG 2017-11-15 07:31:13,264: 	 Registering user credentials for server /DC=ch/DC=cern/OU=computers/CN=vocms(045|052|021|031|0118|0118a|0119|0108|0105|0109).cern.ch
DEBUG 2017-11-15 07:31:13,372: 	 Executing : 
 command : openssl x509 -in ~/.globus/usercert.pem -subject -noout
 output : subject= /DC=ch/DC=cern/OU=Organic Units/OU=Users/CN=shigginb/CN=785176/CN=Sam Higginbotham

 error: 
 retcode : 0
DEBUG 2017-11-15 07:31:13,373: 	 Getting myproxy life time left for myproxy.cern.ch
DEBUG 2017-11-15 07:31:13,373: 	 Calculating hash of /DC=ch/DC=cern/OU=Organic Units/OU=Users/CN=shigginb/CN=785176/CN=Sam Higginbotham_cmsweb.cern.ch for credential name
DEBUG 2017-11-15 07:31:14,178: 	 Executing : 
 command : myproxy-info -l 2f318c7a260d78734589f2cc772d26b8be79ec6c -s myproxy.cern.ch
 output : username: 2f318c7a260d78734589f2cc772d26b8be79ec6c
owner: /DC=ch/DC=cern/OU=Organic Units/OU=Users/CN=shigginb/CN=785176/CN=Sam Higginbotham
  renewal policy: /DC=ch/DC=cern/OU=computers/CN=vocms(045|052|021|031|0118|0118a|0119|0108|0105|0109).cern.ch
  trusted retrieval policy: /DC=ch/DC=cern/OU=computers/CN=vocms(045|052|021|031|0118|0118a|0119|0108|0105|0109).cern.ch
  timeleft: 431:52:27  (18.0 days)

 error: 
 retcode : 0
DEBUG 2017-11-15 07:31:14,179: 	 Myproxy is valid: 1554747
DEBUG 2017-11-15 07:31:14,179: 	 Command use: submit
DEBUG 2017-11-15 07:31:14,179: 	 Options use: ['-c', 'crab3_TT_MC.py']
DEBUG 2017-11-15 07:31:15,812: 	 CRABClient version: 3.3.1707.patch1
DEBUG 2017-11-15 07:31:15,812: 	 Instance is prod
DEBUG 2017-11-15 07:31:15,812: 	 Server base url is cmsweb.cern.ch
DEBUG 2017-11-15 07:31:15,812: 	 Command url /crabserver/prod/workflow
DEBUG 2017-11-15 07:31:15,813: 	 Started submission
DEBUG 2017-11-15 07:31:15,813: 	 Working on /uscms_data/d3/samuellh/WorkingArea/TauAnalysis/CMSSW_9_3_2/src/PUAnalysis/VBFtt2017/crab/VBF38/crab_20171115_073111
DEBUG 2017-11-15 07:31:17,674: 	 Loading required information from the environment
DEBUG 2017-11-15 07:31:17,674: 	 Found CMSSW_9_3_2 for slc6_amd64_gcc630 with base /uscms_data/d3/samuellh/WorkingArea/TauAnalysis/CMSSW_9_3_2
DEBUG 2017-11-15 07:31:17,674: 	 Loading required information from the environment
DEBUG 2017-11-15 07:31:17,674: 	 Found CMSSW_9_3_2 for slc6_amd64_gcc630 with base /uscms_data/d3/samuellh/WorkingArea/TauAnalysis/CMSSW_9_3_2
DEBUG 2017-11-15 07:31:17,689: 	 UNIQUE NAME: tarUUID 86c1eba2-108b-4cc1-a461-617204b64493 
DEBUG 2017-11-15 07:31:17,689: 	 self.config: from WMCore.Configuration import Configuration
config = Configuration()
config.section_('General')
config.section_('JobType')
config.JobType.psetName = '../../../TT-MC-Up.py'
config.JobType.pluginName = 'Analysis'
config.JobType.inputFiles = ['../../../Configuration/data/PhaseIISummer16_25nsV3_MC.db']
config.JobType.outputFiles = ['analysis.root']
config.JobType.allowUndistributedCMSSW = True
config.section_('Data')
config.Data.inputDataset = '/SMS-TStauStau_mStau-600_mLSP-300_TuneCUETP8M1_14TeV-madgraphMLM-pythia8/PhaseIITDRFall17MiniAOD-PU200_93X_upgrade2023_realistic_v2-v1/MINIAODSIM'
config.Data.unitsPerJob = 1
config.Data.publication = False
config.Data.inputDBS = 'global'
config.Data.splitting = 'FileBased'
config.section_('Site')
config.Site.storageSite = 'T3_US_FNALLPC'
config.section_('User')
config.section_('Debug')

DEBUG 2017-11-15 07:31:17,689: 	 self.config.JobType.psetName: ../../../TT-MC-Up.py
INFO 2017-11-15 07:31:17,690: 	 Importing CMSSW configuration ../../../TT-MC-Up.py
INFO 2017-11-15 07:31:20,088: 	 Finished importing CMSSW configuration ../../../TT-MC-Up.py
DEBUG 2017-11-15 07:31:20,089: 	 Writing CMSSW configuration to /uscms_data/d3/samuellh/WorkingArea/TauAnalysis/CMSSW_9_3_2/src/PUAnalysis/VBFtt2017/crab/VBF38/crab_20171115_073111/inputs/PSet.py
DEBUG 2017-11-15 07:31:20,858: 	 The following EDM output files will be collected: []
DEBUG 2017-11-15 07:31:20,858: 	 The following TFile output files will be collected: ['analysis.root']
DEBUG 2017-11-15 07:31:20,858: 	 The following user output files will be collected: []
DEBUG 2017-11-15 07:31:20,858: 	 Loading required information from the environment
DEBUG 2017-11-15 07:31:20,858: 	 Found CMSSW_9_3_2 for slc6_amd64_gcc630 with base /uscms_data/d3/samuellh/WorkingArea/TauAnalysis/CMSSW_9_3_2
DEBUG 2017-11-15 07:31:20,858: 	 Making tarball in /uscms_data/d3/samuellh/WorkingArea/TauAnalysis/CMSSW_9_3_2/src/PUAnalysis/VBFtt2017/crab/VBF38/crab_20171115_073111/inputs/86c1eba2-108b-4cc1-a461-617204b64493default.tgz
DEBUG 2017-11-15 07:31:20,862: 	 Checking directory /uscms_data/d3/samuellh/WorkingArea/TauAnalysis/CMSSW_9_3_2/lib
DEBUG 2017-11-15 07:31:20,862: 	 Adding directory /uscms_data/d3/samuellh/WorkingArea/TauAnalysis/CMSSW_9_3_2/lib to tarball
DEBUG 2017-11-15 07:31:21,605: 	 Checking directory /uscms_data/d3/samuellh/WorkingArea/TauAnalysis/CMSSW_9_3_2/biglib
DEBUG 2017-11-15 07:31:21,605: 	 Adding directory /uscms_data/d3/samuellh/WorkingArea/TauAnalysis/CMSSW_9_3_2/biglib to tarball
DEBUG 2017-11-15 07:31:21,608: 	 Checking directory /uscms_data/d3/samuellh/WorkingArea/TauAnalysis/CMSSW_9_3_2/module
DEBUG 2017-11-15 07:31:21,744: 	 Adding data directory /uscms_data/d3/samuellh/WorkingArea/TauAnalysis/CMSSW_9_3_2/src/PUAnalysis/Configuration/data to tarball
DEBUG 2017-11-15 07:31:24,557: 	 Adding data directory /uscms_data/d3/samuellh/WorkingArea/TauAnalysis/CMSSW_9_3_2/src/PUAnalysis/DataFormats/interface to tarball
DEBUG 2017-11-15 07:31:24,563: 	 Adding data directory /uscms_data/d3/samuellh/WorkingArea/TauAnalysis/CMSSW_9_3_2/src/PUAnalysis/NtupleTools/interface to tarball
DEBUG 2017-11-15 07:31:24,567: 	 Adding data directory /uscms_data/d3/samuellh/WorkingArea/TauAnalysis/CMSSW_9_3_2/src/PUAnalysis/RecoTools/interface to tarball
DEBUG 2017-11-15 07:31:24,740: 	 Adding file ../../../Configuration/data/PhaseIISummer16_25nsV3_MC.db to tarball
DEBUG 2017-11-15 07:31:25,057: 	 Uploading archive /uscms_data/d3/samuellh/WorkingArea/TauAnalysis/CMSSW_9_3_2/src/PUAnalysis/VBFtt2017/crab/VBF38/crab_20171115_073111/inputs/86c1eba2-108b-4cc1-a461-617204b64493default.tgz (11 MB) to the CRAB cache. Using URI https://cmsweb.cern.ch/crabcache
DEBUG 2017-11-15 07:31:31,934: 	 Loading required information from the environment
DEBUG 2017-11-15 07:31:31,934: 	 Found CMSSW_9_3_2 for slc6_amd64_gcc630 with base /uscms_data/d3/samuellh/WorkingArea/TauAnalysis/CMSSW_9_3_2
DEBUG 2017-11-15 07:31:31,935: 	 Making tarball in /uscms_data/d3/samuellh/WorkingArea/TauAnalysis/CMSSW_9_3_2/src/PUAnalysis/VBFtt2017/crab/VBF38/crab_20171115_073111/inputs/debugFiles.tgz
DEBUG 2017-11-15 07:31:31,940: 	 Uploading archive /uscms_data/d3/samuellh/WorkingArea/TauAnalysis/CMSSW_9_3_2/src/PUAnalysis/VBFtt2017/crab/VBF38/crab_20171115_073111/inputs/debugFiles.tgz (2 KB) to the CRAB cache. Using URI https://cmsweb.cern.ch/crabcache
DEBUG 2017-11-15 07:31:33,796: 	 Result uploading input files: 4e198fb019d07e682a8bd09208595d4eb73bac82ae7f6e24154a54b4451cc952.tar.gz 
INFO 2017-11-15 07:31:33,796: 	 Sending the request to the server
DEBUG 2017-11-15 07:31:33,797: 	 Submitting {'maxjobruntime': 1250, 'extrajdl': [], 'ignorelocality': 0, 'savelogsflag': 0, 'useparent': 0, 'asyncdest': 'T3_US_FNALLPC', 'algoargs': 1, 'cachefilename': '4e198fb019d07e682a8bd09208595d4eb73bac82ae7f6e24154a54b4451cc952.tar.gz', 'numcores': 1, 'addoutputfiles': [], 'generator': 'pythia', 'maxmemory': 2000, 'publishdbsurl': 'https://cmsweb.cern.ch/dbs/prod/phys03/DBSWriter', 'priority': 10, 'jobsw': 'CMSSW_9_3_2', 'edmoutfiles': [], 'userfiles': [], 'primarydataset': '', 'inputdata': '/SMS-TStauStau_mStau-600_mLSP-300_TuneCUETP8M1_14TeV-madgraphMLM-pythia8/PhaseIITDRFall17MiniAOD-PU200_93X_upgrade2023_realistic_v2-v1/MINIAODSIM', 'dryrun': 0, 'workflow': 'crab_20171115_073111', 'cacheurl': u'https://cmsweb.cern.ch/crabcache', 'nonprodsw': 1, 'tfileoutfiles': ['analysis.root'], 'oneEventMode': 0, 'debugfilename': '78f192bb91dfbf680562e80f31f5b6b1eb4ba8574983de7a4f25ba408351ade7.tar.gz', 'saveoutput': 1, 'publication': 0, 'jobarch': 'slc6_amd64_gcc630', 'totalunits': 0, 'splitalgo': 'FileBased', 'ignoreglobalblacklist': 0, 'nonvaliddata': 0, 'dbsurl': 'https://cmsweb.cern.ch/dbs/prod/global/DBSReader', 'publishgroupname': 0, 'jobtype': 'Analysis', 'publishname2': ''} 
DEBUG 2017-11-15 07:31:33,797: 	 Encoded submit request: maxjobruntime=1250&ignorelocality=0&savelogsflag=0&useparent=0&asyncdest=T3_US_FNALLPC&algoargs=1&cachefilename=4e198fb019d07e682a8bd09208595d4eb73bac82ae7f6e24154a54b4451cc952.tar.gz&numcores=1&generator=pythia&maxmemory=2000&publishdbsurl=https%3A%2F%2Fcmsweb.cern.ch%2Fdbs%2Fprod%2Fphys03%2FDBSWriter&priority=10&jobsw=CMSSW_9_3_2&primarydataset=&inputdata=%2FSMS-TStauStau_mStau-600_mLSP-300_TuneCUETP8M1_14TeV-madgraphMLM-pythia8%2FPhaseIITDRFall17MiniAOD-PU200_93X_upgrade2023_realistic_v2-v1%2FMINIAODSIM&dryrun=0&workflow=crab_20171115_073111&cacheurl=https%3A%2F%2Fcmsweb.cern.ch%2Fcrabcache&nonprodsw=1&oneEventMode=0&debugfilename=78f192bb91dfbf680562e80f31f5b6b1eb4ba8574983de7a4f25ba408351ade7.tar.gz&saveoutput=1&publication=0&jobarch=slc6_amd64_gcc630&totalunits=0&splitalgo=FileBased&ignoreglobalblacklist=0&nonvaliddata=0&dbsurl=https%3A%2F%2Fcmsweb.cern.ch%2Fdbs%2Fprod%2Fglobal%2FDBSReader&publishgroupname=0&jobtype=Analysis&publishname2=&tfileoutfiles=analysis.root
DEBUG 2017-11-15 07:31:35,634: 	 Result: {u'result': [{u'RequestName': u'171115_133135:shigginb_crab_20171115_073111'}]}
INFO 2017-11-15 07:31:35,651: 	 Success: Your task has been delivered to the CRAB3 server.
INFO 2017-11-15 07:31:35,652: 	 Task name: 171115_133135:shigginb_crab_20171115_073111
INFO 2017-11-15 07:31:35,652: 	 Please use 'crab status' to check how the submission process proceeds.
DEBUG 2017-11-15 07:31:35,652: 	 About to return
INFO 2017-11-15 07:31:35,658: 	 Log file is /uscms_data/d3/samuellh/WorkingArea/TauAnalysis/CMSSW_9_3_2/src/PUAnalysis/VBFtt2017/crab/VBF38/crab_20171115_073111/crab.log
DEBUG 2017-11-15 08:02:11,596: 	 Executing command: 'status'
DEBUG 2017-11-15 08:02:11,596: 	 Found CRAB cache file /uscms/home/samuellh/.crab3
DEBUG 2017-11-15 08:02:11,604: 	 Checking credentials
DEBUG 2017-11-15 08:02:11,604: 	 Found proxy file /tmp/x509up_u52190
DEBUG 2017-11-15 08:02:11,604: 	 Getting proxy life time left
DEBUG 2017-11-15 08:02:11,707: 	 Executing : 
 command : voms-proxy-info -file /tmp/x509up_u52190 -timeleft
 output : 81152

 error: 
 retcode : 0
DEBUG 2017-11-15 08:02:11,811: 	 Executing : 
 command : voms-proxy-info -file /tmp/x509up_u52190 -actimeleft
 output : 81151

 error: 
 retcode : 0
DEBUG 2017-11-15 08:02:11,811: 	 Proxy valid for 22:32:32 hours
DEBUG 2017-11-15 08:02:11,973: 	 Executing : 
 command : openssl x509 -in ~/.globus/usercert.pem -subject -noout
 output : subject= /DC=ch/DC=cern/OU=Organic Units/OU=Users/CN=shigginb/CN=785176/CN=Sam Higginbotham

 error: 
 retcode : 0
DEBUG 2017-11-15 08:02:11,974: 	 Checking credentials
DEBUG 2017-11-15 08:02:11,974: 	 Found proxy file /tmp/x509up_u52190
DEBUG 2017-11-15 08:02:11,974: 	 Getting proxy life time left
DEBUG 2017-11-15 08:02:12,077: 	 Executing : 
 command : voms-proxy-info -file /tmp/x509up_u52190 -timeleft
 output : 81151

 error: 
 retcode : 0
DEBUG 2017-11-15 08:02:12,181: 	 Executing : 
 command : voms-proxy-info -file /tmp/x509up_u52190 -actimeleft
 output : 81150

 error: 
 retcode : 0
DEBUG 2017-11-15 08:02:12,181: 	 Proxy valid for 22:32:31 hours
DEBUG 2017-11-15 08:02:13,831: 	 Registering user credentials for server /DC=ch/DC=cern/OU=computers/CN=vocms(045|052|021|031|0118|0118a|0119|0108|0105|0109).cern.ch
DEBUG 2017-11-15 08:02:13,940: 	 Executing : 
 command : openssl x509 -in ~/.globus/usercert.pem -subject -noout
 output : subject= /DC=ch/DC=cern/OU=Organic Units/OU=Users/CN=shigginb/CN=785176/CN=Sam Higginbotham

 error: 
 retcode : 0
DEBUG 2017-11-15 08:02:13,940: 	 Getting myproxy life time left for myproxy.cern.ch
DEBUG 2017-11-15 08:02:13,940: 	 Calculating hash of /DC=ch/DC=cern/OU=Organic Units/OU=Users/CN=shigginb/CN=785176/CN=Sam Higginbotham_cmsweb.cern.ch for credential name
DEBUG 2017-11-15 08:02:14,645: 	 Executing : 
 command : myproxy-info -l 2f318c7a260d78734589f2cc772d26b8be79ec6c -s myproxy.cern.ch
 output : username: 2f318c7a260d78734589f2cc772d26b8be79ec6c
owner: /DC=ch/DC=cern/OU=Organic Units/OU=Users/CN=shigginb/CN=785176/CN=Sam Higginbotham
  renewal policy: /DC=ch/DC=cern/OU=computers/CN=vocms(045|052|021|031|0118|0118a|0119|0108|0105|0109).cern.ch
  trusted retrieval policy: /DC=ch/DC=cern/OU=computers/CN=vocms(045|052|021|031|0118|0118a|0119|0108|0105|0109).cern.ch
  timeleft: 431:21:27  (18.0 days)

 error: 
 retcode : 0
DEBUG 2017-11-15 08:02:14,646: 	 Myproxy is valid: 1552887
DEBUG 2017-11-15 08:02:14,646: 	 Command use: status
DEBUG 2017-11-15 08:02:14,646: 	 Options use: ['-d', 'crab_20171115_073111/']
DEBUG 2017-11-15 08:02:16,302: 	 CRABClient version: 3.3.1707.patch1
DEBUG 2017-11-15 08:02:16,302: 	 Instance is prod
DEBUG 2017-11-15 08:02:16,302: 	 Server base url is cmsweb.cern.ch
DEBUG 2017-11-15 08:02:16,302: 	 Command url /crabserver/prod/workflow
DEBUG 2017-11-15 08:02:18,097: 	 Got information from server oracle database: {u'result': [u'171115_133135:shigginb_crab_20171115_073111', u'None', u'SUBMITTED', u'2017-11-15 13:31:35.575138', u'None', u'2017-11-15 13:32:28.995487', u'None', u'CMSSW_9_3_2', u'slc6_amd64_gcc630', u'/SMS-TStauStau_mStau-600_mLSP-300_TuneCUETP8M1_14TeV-madgraphMLM-pythia8/PhaseIITDRFall17MiniAOD-PU200_93X_upgrade2023_realistic_v2-v1/MINIAODSIM', u'[]', u'[]', u'FileBased', u"{'splitOnRun': False, 'halt_job_on_file_boundaries': False, 'files_per_job': 1, 'runs': [], 'lumis': []}", u'0', u'4e198fb019d07e682a8bd09208595d4eb73bac82ae7f6e24154a54b4451cc952.tar.gz', u'https://cmsweb.cern.ch/crabcache', u'shigginb', u'/DC=ch/DC=cern/OU=Organic Units/OU=Users/CN=shigginb/CN=785176/CN=Sam Higginbotham', u'cms', u'None', u'None', u'crab_20171115_073111-00000000000000000000000000000000', u'T3_US_FNALLPC', u'https://cmsweb.cern.ch/dbs/prod/global/DBSReader', u'https://cmsweb.cern.ch/dbs/prod/phys03/DBSWriter', u'F', u'Analysis', u'{}', u'[]', u'F', u'vocms052', u'[]', u'1250', u'1', u'2000', u'10', u'None', u'http://vocms0197.cern.ch/mon/cms1359/171115_133135:shigginb_crab_20171115_073111', u'None', u'None', u'[]', u'[]', u'[]', u'pythia', u'[]', u"['analysis.root']", u'[]', u'https://cmsweb.cern.ch/crabserver/prod', u'None', u'0', u'cmssrv221.fnal.gov:9620', u'crab3@vocms0197.cern.ch', u'F', u'[]', u'T', u'/store/user/shigginb/', u'F', u'None', u'F', u'F', u'F', u'None', u'SMS-TStauStau_mStau-600_mLSP-300_TuneCUETP8M1_14TeV-madgraphMLM-pythia8', u'filetransfers', u'SUBMIT', u'12847147', u'78f192bb91dfbf680562e80f31f5b6b1eb4ba8574983de7a4f25ba408351ade7.tar.gz', u'131.225.190.56', u'F', u'None'], u'desc': {u'columns': [u'tm_taskname', u'panda_jobset_id', u'tm_task_status', u'tm_start_time', u'tm_start_injection', u'tm_end_injection', u'tm_task_failure', u'tm_job_sw', u'tm_job_arch', u'tm_input_dataset', u'tm_site_whitelist', u'tm_site_blacklist', u'tm_split_algo', u'tm_split_args', u'tm_totalunits', u'tm_user_sandbox', u'tm_cache_url', u'tm_username', u'tm_user_dn', u'tm_user_vo', u'tm_user_role', u'tm_user_group', u'tm_publish_name', u'tm_asyncdest', u'tm_dbs_url', u'tm_publish_dbs_url', u'tm_publication', u'tm_job_type', u'tm_arguments', u'panda_resubmitted_jobs', u'tm_save_logs', u'tw_name', u'tm_user_infiles', u'tm_maxjobruntime', u'tm_numcores', u'tm_maxmemory', u'tm_priority', u'tm_output_dataset', u'tm_user_webdir', u'tm_activity', u'tm_scriptexe', u'tm_scriptargs', u'tm_extrajdl', u'tm_task_warnings', u'tm_generator', u'tm_outfiles', u'tm_tfile_outfiles', u'tm_edm_outfiles', u'tm_asourl', u'tm_events_per_lumi', u'tm_use_parent', u'tm_collector', u'tm_schedd', u'tm_dry_run', u'tm_user_files', u'tm_transfer_outputs', u'tm_output_lfn', u'tm_ignore_locality', u'tm_fail_limit', u'tm_one_event_mode', u'tm_publish_groupname', u'tm_nonvalid_input_dataset', u'tm_secondary_input_dataset', u'tm_primary_dataset', u'tm_asodb', u'tm_task_command', u'clusterid', u'tm_debug_files', u'tm_submitter_ip_addr', u'tm_ignore_global_blacklist', u'tm_last_publication']}}
INFO 2017-11-15 08:02:18,098: 	 CRAB project directory:		/uscms_data/d3/samuellh/WorkingArea/TauAnalysis/CMSSW_9_3_2/src/PUAnalysis/VBFtt2017/crab/VBF38/crab_20171115_073111
INFO 2017-11-15 08:02:18,098: 	 Task name:			171115_133135:shigginb_crab_20171115_073111
INFO 2017-11-15 08:02:18,098: 	 Grid scheduler:			crab3@vocms0197.cern.ch
INFO 2017-11-15 08:02:18,098: 	 Status on the CRAB server:	SUBMITTED
INFO 2017-11-15 08:02:18,098: 	 Task URL to use for HELP:	https://cmsweb.cern.ch/crabserver/ui/task/171115_133135%3Ashigginb_crab_20171115_073111
INFO 2017-11-15 08:02:18,098: 	 Dashboard monitoring URL:	http://dashb-cms-job.cern.ch/dashboard/templates/task-analysis/#user=shigginb&refresh=0&table=Jobs&p=1&records=25&activemenu=2&status=&site=&tid=171115_133135%3Ashigginb_crab_20171115_073111
DEBUG 2017-11-15 08:02:18,098: 	 The CRAB server submitted your task to the Grid scheduler (cluster ID: 12847147)
DEBUG 2017-11-15 08:02:18,098: 	 Webdir is located at http://vocms0197.cern.ch/mon/cms1359/171115_133135:shigginb_crab_20171115_073111
DEBUG 2017-11-15 08:02:19,765: 	 Proxied webdir is located at https://cmsweb.cern.ch/scheddmon/0197/cms1359/171115_133135:shigginb_crab_20171115_073111
DEBUG 2017-11-15 08:02:19,766: 	 Retrieving 'status_cache' file from https://cmsweb.cern.ch/scheddmon/0197/cms1359/171115_133135:shigginb_crab_20171115_073111/status_cache
DEBUG 2017-11-15 08:02:21,320: 	 Got information from status cache file: {'1': {'Retries': 0, 'WallDurations': [228.0], 'StartTimes': [1510752844.0], 'SubmitTimes': [1510752761.0], 'JobIds': ['12847151.0'], 'EndTimes': [1510753072.0], 'Restarts': 0, 'RecordedSite': False, 'State': 'finished', 'ResidentSetSize': [19412], 'TotalUserCpuTimeHistory': [154], 'SiteHistory': ['Unknown'], 'TotalSysCpuTimeHistory': [13]}, '3': {'Retries': 0, 'WallDurations': [200.0], 'StartTimes': [1510752841.0], 'SubmitTimes': [1510752761.0], 'JobIds': ['12847154.0'], 'EndTimes': [1510753041.0], 'Restarts': 0, 'RecordedSite': False, 'State': 'finished', 'ResidentSetSize': [2136], 'TotalUserCpuTimeHistory': [125], 'SiteHistory': ['Unknown'], 'TotalSysCpuTimeHistory': [10]}, '2': {'Retries': 0, 'WallDurations': [534.0], 'StartTimes': [1510752881.0], 'SubmitTimes': [1510752761.0], 'JobIds': ['12847152.0'], 'EndTimes': [1510753415.0], 'Restarts': 0, 'RecordedSite': False, 'State': 'finished', 'ResidentSetSize': [1882764], 'TotalUserCpuTimeHistory': [451], 'SiteHistory': ['Unknown'], 'TotalSysCpuTimeHistory': [5]}, '4': {'Retries': 0, 'WallDurations': [321.0], 'StartTimes': [1510752838.0], 'SubmitTimes': [1510752761.0], 'JobIds': ['12847153.0'], 'EndTimes': [1510753159.0], 'Restarts': 0, 'RecordedSite': False, 'State': 'finished', 'ResidentSetSize': [1826192], 'TotalUserCpuTimeHistory': [246], 'SiteHistory': ['Unknown'], 'TotalSysCpuTimeHistory': [18]}}
INFO 2017-11-15 08:02:21,320: 	 Status on the scheduler:	COMPLETED
INFO 2017-11-15 08:02:21,320: 	 
Jobs status:                    finished      100.0% (4/4)
INFO 2017-11-15 08:02:21,320: 	 
No publication information (publication has been disabled in the CRAB configuration file)
INFO 2017-11-15 08:02:21,331: 	 Log file is /uscms_data/d3/samuellh/WorkingArea/TauAnalysis/CMSSW_9_3_2/src/PUAnalysis/VBFtt2017/crab/VBF38/crab_20171115_073111/crab.log
DEBUG 2017-11-15 09:15:22,681: 	 Executing command: 'status'
DEBUG 2017-11-15 09:15:22,682: 	 Found CRAB cache file /uscms/home/samuellh/.crab3
DEBUG 2017-11-15 09:15:22,689: 	 Checking credentials
DEBUG 2017-11-15 09:15:22,689: 	 Found proxy file /tmp/x509up_u52190
DEBUG 2017-11-15 09:15:22,689: 	 Getting proxy life time left
DEBUG 2017-11-15 09:15:22,792: 	 Executing : 
 command : voms-proxy-info -file /tmp/x509up_u52190 -timeleft
 output : 76761

 error: 
 retcode : 0
DEBUG 2017-11-15 09:15:22,896: 	 Executing : 
 command : voms-proxy-info -file /tmp/x509up_u52190 -actimeleft
 output : 76760

 error: 
 retcode : 0
DEBUG 2017-11-15 09:15:22,896: 	 Proxy valid for 21:19:21 hours
DEBUG 2017-11-15 09:15:23,009: 	 Executing : 
 command : openssl x509 -in ~/.globus/usercert.pem -subject -noout
 output : subject= /DC=ch/DC=cern/OU=Organic Units/OU=Users/CN=shigginb/CN=785176/CN=Sam Higginbotham

 error: 
 retcode : 0
DEBUG 2017-11-15 09:15:23,010: 	 Checking credentials
DEBUG 2017-11-15 09:15:23,010: 	 Found proxy file /tmp/x509up_u52190
DEBUG 2017-11-15 09:15:23,010: 	 Getting proxy life time left
DEBUG 2017-11-15 09:15:23,113: 	 Executing : 
 command : voms-proxy-info -file /tmp/x509up_u52190 -timeleft
 output : 76760

 error: 
 retcode : 0
DEBUG 2017-11-15 09:15:23,216: 	 Executing : 
 command : voms-proxy-info -file /tmp/x509up_u52190 -actimeleft
 output : 76759

 error: 
 retcode : 0
DEBUG 2017-11-15 09:15:23,216: 	 Proxy valid for 21:19:20 hours
DEBUG 2017-11-15 09:15:24,990: 	 Registering user credentials for server /DC=ch/DC=cern/OU=computers/CN=vocms(045|052|021|031|0118|0118a|0119|0108|0105|0109).cern.ch
DEBUG 2017-11-15 09:15:25,095: 	 Executing : 
 command : openssl x509 -in ~/.globus/usercert.pem -subject -noout
 output : subject= /DC=ch/DC=cern/OU=Organic Units/OU=Users/CN=shigginb/CN=785176/CN=Sam Higginbotham

 error: 
 retcode : 0
DEBUG 2017-11-15 09:15:25,095: 	 Getting myproxy life time left for myproxy.cern.ch
DEBUG 2017-11-15 09:15:25,095: 	 Calculating hash of /DC=ch/DC=cern/OU=Organic Units/OU=Users/CN=shigginb/CN=785176/CN=Sam Higginbotham_cmsweb.cern.ch for credential name
DEBUG 2017-11-15 09:15:25,900: 	 Executing : 
 command : myproxy-info -l 2f318c7a260d78734589f2cc772d26b8be79ec6c -s myproxy.cern.ch
 output : username: 2f318c7a260d78734589f2cc772d26b8be79ec6c
owner: /DC=ch/DC=cern/OU=Organic Units/OU=Users/CN=shigginb/CN=785176/CN=Sam Higginbotham
  renewal policy: /DC=ch/DC=cern/OU=computers/CN=vocms(045|052|021|031|0118|0118a|0119|0108|0105|0109).cern.ch
  trusted retrieval policy: /DC=ch/DC=cern/OU=computers/CN=vocms(045|052|021|031|0118|0118a|0119|0108|0105|0109).cern.ch
  timeleft: 430:08:16  (17.9 days)

 error: 
 retcode : 0
DEBUG 2017-11-15 09:15:25,901: 	 Myproxy is valid: 1548496
DEBUG 2017-11-15 09:15:25,901: 	 Command use: status
DEBUG 2017-11-15 09:15:25,901: 	 Options use: ['-d', 'crab_20171115_073111/']
DEBUG 2017-11-15 09:15:27,632: 	 CRABClient version: 3.3.1707.patch1
DEBUG 2017-11-15 09:15:27,632: 	 Instance is prod
DEBUG 2017-11-15 09:15:27,632: 	 Server base url is cmsweb.cern.ch
DEBUG 2017-11-15 09:15:27,632: 	 Command url /crabserver/prod/workflow
DEBUG 2017-11-15 09:15:29,270: 	 Got information from server oracle database: {u'result': [u'171115_133135:shigginb_crab_20171115_073111', u'None', u'SUBMITTED', u'2017-11-15 13:31:35.575138', u'None', u'2017-11-15 13:32:28.995487', u'None', u'CMSSW_9_3_2', u'slc6_amd64_gcc630', u'/SMS-TStauStau_mStau-600_mLSP-300_TuneCUETP8M1_14TeV-madgraphMLM-pythia8/PhaseIITDRFall17MiniAOD-PU200_93X_upgrade2023_realistic_v2-v1/MINIAODSIM', u'[]', u'[]', u'FileBased', u"{'splitOnRun': False, 'halt_job_on_file_boundaries': False, 'files_per_job': 1, 'runs': [], 'lumis': []}", u'0', u'4e198fb019d07e682a8bd09208595d4eb73bac82ae7f6e24154a54b4451cc952.tar.gz', u'https://cmsweb.cern.ch/crabcache', u'shigginb', u'/DC=ch/DC=cern/OU=Organic Units/OU=Users/CN=shigginb/CN=785176/CN=Sam Higginbotham', u'cms', u'None', u'None', u'crab_20171115_073111-00000000000000000000000000000000', u'T3_US_FNALLPC', u'https://cmsweb.cern.ch/dbs/prod/global/DBSReader', u'https://cmsweb.cern.ch/dbs/prod/phys03/DBSWriter', u'F', u'Analysis', u'{}', u'[]', u'F', u'vocms052', u'[]', u'1250', u'1', u'2000', u'10', u'None', u'http://vocms0197.cern.ch/mon/cms1359/171115_133135:shigginb_crab_20171115_073111', u'None', u'None', u'[]', u'[]', u'[]', u'pythia', u'[]', u"['analysis.root']", u'[]', u'https://cmsweb.cern.ch/crabserver/prod', u'None', u'0', u'cmssrv221.fnal.gov:9620', u'crab3@vocms0197.cern.ch', u'F', u'[]', u'T', u'/store/user/shigginb/', u'F', u'None', u'F', u'F', u'F', u'None', u'SMS-TStauStau_mStau-600_mLSP-300_TuneCUETP8M1_14TeV-madgraphMLM-pythia8', u'filetransfers', u'SUBMIT', u'12847147', u'78f192bb91dfbf680562e80f31f5b6b1eb4ba8574983de7a4f25ba408351ade7.tar.gz', u'131.225.190.56', u'F', u'None'], u'desc': {u'columns': [u'tm_taskname', u'panda_jobset_id', u'tm_task_status', u'tm_start_time', u'tm_start_injection', u'tm_end_injection', u'tm_task_failure', u'tm_job_sw', u'tm_job_arch', u'tm_input_dataset', u'tm_site_whitelist', u'tm_site_blacklist', u'tm_split_algo', u'tm_split_args', u'tm_totalunits', u'tm_user_sandbox', u'tm_cache_url', u'tm_username', u'tm_user_dn', u'tm_user_vo', u'tm_user_role', u'tm_user_group', u'tm_publish_name', u'tm_asyncdest', u'tm_dbs_url', u'tm_publish_dbs_url', u'tm_publication', u'tm_job_type', u'tm_arguments', u'panda_resubmitted_jobs', u'tm_save_logs', u'tw_name', u'tm_user_infiles', u'tm_maxjobruntime', u'tm_numcores', u'tm_maxmemory', u'tm_priority', u'tm_output_dataset', u'tm_user_webdir', u'tm_activity', u'tm_scriptexe', u'tm_scriptargs', u'tm_extrajdl', u'tm_task_warnings', u'tm_generator', u'tm_outfiles', u'tm_tfile_outfiles', u'tm_edm_outfiles', u'tm_asourl', u'tm_events_per_lumi', u'tm_use_parent', u'tm_collector', u'tm_schedd', u'tm_dry_run', u'tm_user_files', u'tm_transfer_outputs', u'tm_output_lfn', u'tm_ignore_locality', u'tm_fail_limit', u'tm_one_event_mode', u'tm_publish_groupname', u'tm_nonvalid_input_dataset', u'tm_secondary_input_dataset', u'tm_primary_dataset', u'tm_asodb', u'tm_task_command', u'clusterid', u'tm_debug_files', u'tm_submitter_ip_addr', u'tm_ignore_global_blacklist', u'tm_last_publication']}}
INFO 2017-11-15 09:15:29,271: 	 CRAB project directory:		/uscms_data/d3/samuellh/WorkingArea/TauAnalysis/CMSSW_9_3_2/src/PUAnalysis/VBFtt2017/crab/VBF38/crab_20171115_073111
INFO 2017-11-15 09:15:29,271: 	 Task name:			171115_133135:shigginb_crab_20171115_073111
INFO 2017-11-15 09:15:29,271: 	 Grid scheduler:			crab3@vocms0197.cern.ch
INFO 2017-11-15 09:15:29,271: 	 Status on the CRAB server:	SUBMITTED
INFO 2017-11-15 09:15:29,271: 	 Task URL to use for HELP:	https://cmsweb.cern.ch/crabserver/ui/task/171115_133135%3Ashigginb_crab_20171115_073111
INFO 2017-11-15 09:15:29,272: 	 Dashboard monitoring URL:	http://dashb-cms-job.cern.ch/dashboard/templates/task-analysis/#user=shigginb&refresh=0&table=Jobs&p=1&records=25&activemenu=2&status=&site=&tid=171115_133135%3Ashigginb_crab_20171115_073111
DEBUG 2017-11-15 09:15:29,272: 	 The CRAB server submitted your task to the Grid scheduler (cluster ID: 12847147)
DEBUG 2017-11-15 09:15:29,272: 	 Webdir is located at http://vocms0197.cern.ch/mon/cms1359/171115_133135:shigginb_crab_20171115_073111
DEBUG 2017-11-15 09:15:31,045: 	 Proxied webdir is located at https://cmsweb.cern.ch/scheddmon/0197/cms1359/171115_133135:shigginb_crab_20171115_073111
DEBUG 2017-11-15 09:15:31,046: 	 Retrieving 'status_cache' file from https://cmsweb.cern.ch/scheddmon/0197/cms1359/171115_133135:shigginb_crab_20171115_073111/status_cache
DEBUG 2017-11-15 09:15:32,684: 	 Got information from status cache file: {'1': {'Retries': 0, 'WallDurations': [228.0], 'StartTimes': [1510752844.0], 'SubmitTimes': [1510752761.0], 'JobIds': ['12847151.0'], 'EndTimes': [1510753072.0], 'Restarts': 0, 'RecordedSite': False, 'State': 'finished', 'ResidentSetSize': [19412], 'TotalUserCpuTimeHistory': [154], 'SiteHistory': ['Unknown'], 'TotalSysCpuTimeHistory': [13]}, '3': {'Retries': 0, 'WallDurations': [200.0], 'StartTimes': [1510752841.0], 'SubmitTimes': [1510752761.0], 'JobIds': ['12847154.0'], 'EndTimes': [1510753041.0], 'Restarts': 0, 'RecordedSite': False, 'State': 'finished', 'ResidentSetSize': [2136], 'TotalUserCpuTimeHistory': [125], 'SiteHistory': ['Unknown'], 'TotalSysCpuTimeHistory': [10]}, '2': {'Retries': 0, 'WallDurations': [534.0], 'StartTimes': [1510752881.0], 'SubmitTimes': [1510752761.0], 'JobIds': ['12847152.0'], 'EndTimes': [1510753415.0], 'Restarts': 0, 'RecordedSite': False, 'State': 'finished', 'ResidentSetSize': [1882764], 'TotalUserCpuTimeHistory': [451], 'SiteHistory': ['Unknown'], 'TotalSysCpuTimeHistory': [5]}, '4': {'Retries': 0, 'WallDurations': [321.0], 'StartTimes': [1510752838.0], 'SubmitTimes': [1510752761.0], 'JobIds': ['12847153.0'], 'EndTimes': [1510753159.0], 'Restarts': 0, 'RecordedSite': False, 'State': 'finished', 'ResidentSetSize': [1826192], 'TotalUserCpuTimeHistory': [246], 'SiteHistory': ['Unknown'], 'TotalSysCpuTimeHistory': [18]}}
INFO 2017-11-15 09:15:32,684: 	 Status on the scheduler:	COMPLETED
INFO 2017-11-15 09:15:32,684: 	 
Jobs status:                    finished      100.0% (4/4)
INFO 2017-11-15 09:15:32,685: 	 
No publication information (publication has been disabled in the CRAB configuration file)
INFO 2017-11-15 09:15:32,711: 	 Log file is /uscms_data/d3/samuellh/WorkingArea/TauAnalysis/CMSSW_9_3_2/src/PUAnalysis/VBFtt2017/crab/VBF38/crab_20171115_073111/crab.log
