# Conditions read from  CMS_CONDITIONS  via FrontierProd 
 ################################################################### 
 # WARNING: this module is deprecated.                             # 
 # Please use CondCore.CondDB.CondDB_cfi.py                        # 
 ################################################################### 
recorrecting the jets
List Of Filters
['processedEvents', 'initialEventsTT', 'AtLeastOneDiMuon', 'DiMuonCreation', 'AtLeastOneDiTau', 'TTTauPtEta', 'TTTauDecayFound', 'TTTauStandardDecayFound', 'TTTauDRSel', 'TTSync', 'TTAntiEle', 'TTAntiMu', 'TTIso', 'TTOS']
DEBUG 2018-02-23 15:58:59,575: 	 Executing command: 'submit'
DEBUG 2018-02-23 15:58:59,575: 	 Found CRAB cache file /uscms/home/samuellh/.crab3
DEBUG 2018-02-23 15:58:59,585: 	 Checking credentials
DEBUG 2018-02-23 15:58:59,585: 	 Found proxy file /tmp/x509up_u52190
DEBUG 2018-02-23 15:58:59,585: 	 Getting proxy life time left
DEBUG 2018-02-23 15:58:59,688: 	 Executing : 
 command : voms-proxy-info -file /tmp/x509up_u52190 -timeleft
 output : 37123

 error: 
 retcode : 0
DEBUG 2018-02-23 15:58:59,792: 	 Executing : 
 command : voms-proxy-info -file /tmp/x509up_u52190 -actimeleft
 output : 37122

 error: 
 retcode : 0
DEBUG 2018-02-23 15:58:59,792: 	 Proxy valid for 10:18:43 hours
INFO 2018-02-23 15:58:59,793: 	 Will use CRAB configuration file crab3_cp_mc.py
DEBUG 2018-02-23 15:58:59,793: 	 Loading CRAB configuration file.
DEBUG 2018-02-23 15:58:59,805: 	 Will use CRAB Analysis plugin (i.e. will run an analysis job type).
DEBUG 2018-02-23 15:58:59,923: 	 Executing : 
 command : openssl x509 -in ~/.globus/usercert.pem -subject -noout
 output : subject= /DC=ch/DC=cern/OU=Organic Units/OU=Users/CN=shigginb/CN=785176/CN=Sam Higginbotham

 error: 
 retcode : 0
DEBUG 2018-02-23 15:58:59,923: 	 Checking credentials
DEBUG 2018-02-23 15:58:59,923: 	 Found proxy file /tmp/x509up_u52190
DEBUG 2018-02-23 15:58:59,924: 	 Getting proxy life time left
DEBUG 2018-02-23 15:59:00,027: 	 Executing : 
 command : voms-proxy-info -file /tmp/x509up_u52190 -timeleft
 output : 37123

 error: 
 retcode : 0
DEBUG 2018-02-23 15:59:00,130: 	 Executing : 
 command : voms-proxy-info -file /tmp/x509up_u52190 -actimeleft
 output : 37121

 error: 
 retcode : 0
DEBUG 2018-02-23 15:59:00,131: 	 Proxy valid for 10:18:43 hours
DEBUG 2018-02-23 15:59:00,234: 	 Executing : 
 command : env X509_USER_PROXY=/tmp/x509up_u52190 voms-proxy-info -fqan
 output : /cms/Role=NULL/Capability=NULL

 error: 
 retcode : 0
DEBUG 2018-02-23 15:59:01,513: 	 Registering user credentials for server /DC=ch/DC=cern/OU=computers/CN=vocms(045|052|021|031|0118|0118a|0119|0108|0105|0109).cern.ch
DEBUG 2018-02-23 15:59:01,623: 	 Executing : 
 command : openssl x509 -in ~/.globus/usercert.pem -subject -noout
 output : subject= /DC=ch/DC=cern/OU=Organic Units/OU=Users/CN=shigginb/CN=785176/CN=Sam Higginbotham

 error: 
 retcode : 0
DEBUG 2018-02-23 15:59:01,623: 	 Getting myproxy life time left for myproxy.cern.ch
DEBUG 2018-02-23 15:59:01,623: 	 Calculating hash of /DC=ch/DC=cern/OU=Organic Units/OU=Users/CN=shigginb/CN=785176/CN=Sam Higginbotham_cmsweb.cern.ch for credential name
DEBUG 2018-02-23 15:59:02,528: 	 Executing : 
 command : myproxy-info -l 2f318c7a260d78734589f2cc772d26b8be79ec6c -s myproxy.cern.ch
 output : username: 2f318c7a260d78734589f2cc772d26b8be79ec6c
owner: /DC=ch/DC=cern/OU=Organic Units/OU=Users/CN=shigginb/CN=785176/CN=Sam Higginbotham
  renewal policy: /DC=ch/DC=cern/OU=computers/CN=vocms(045|052|021|031|0118|0118a|0119|0108|0105|0109).cern.ch
  trusted retrieval policy: /DC=ch/DC=cern/OU=computers/CN=vocms(045|052|021|031|0118|0118a|0119|0108|0105|0109).cern.ch
  timeleft: 478:08:23  (19.9 days)

 error: 
 retcode : 0
DEBUG 2018-02-23 15:59:02,530: 	 Myproxy is valid: 1721303
DEBUG 2018-02-23 15:59:02,530: 	 Command use: submit
DEBUG 2018-02-23 15:59:02,530: 	 Options use: ['-c', 'crab3_cp_mc.py']
DEBUG 2018-02-23 15:59:03,835: 	 CRABClient version: 3.3.1802
DEBUG 2018-02-23 15:59:03,835: 	 Instance is prod
DEBUG 2018-02-23 15:59:03,835: 	 Server base url is cmsweb.cern.ch
DEBUG 2018-02-23 15:59:03,835: 	 Command url /crabserver/prod/workflow
DEBUG 2018-02-23 15:59:03,835: 	 Started submission
DEBUG 2018-02-23 15:59:03,836: 	 Working on /uscms_data/d3/samuellh/WorkingArea/CpHiggs/CMSSW_8_0_21/src/PUAnalysis/CrabTools/crab/GluGluH2JetsToTauTau_sm/CP_Higgs_2016/crab_20180223_155859
DEBUG 2018-02-23 15:59:05,572: 	 Loading required information from the environment
DEBUG 2018-02-23 15:59:05,572: 	 Found CMSSW_8_0_21 for slc6_amd64_gcc530 with base /uscms_data/d3/samuellh/WorkingArea/CpHiggs/CMSSW_8_0_21
DEBUG 2018-02-23 15:59:05,572: 	 Loading required information from the environment
DEBUG 2018-02-23 15:59:05,572: 	 Found CMSSW_8_0_21 for slc6_amd64_gcc530 with base /uscms_data/d3/samuellh/WorkingArea/CpHiggs/CMSSW_8_0_21
DEBUG 2018-02-23 15:59:05,586: 	 UNIQUE NAME: tarUUID 8f664a64-7f22-4b66-983c-c4a528c27575 
DEBUG 2018-02-23 15:59:05,587: 	 self.config: from WMCore.Configuration import Configuration
config = Configuration()
config.section_('General')
config.General.workArea = 'CP_Higgs_2016'
config.General.requestName = ''
config.section_('JobType')
config.JobType.psetName = '../../../cp-mc.py'
config.JobType.pluginName = 'Analysis'
config.JobType.inputFiles = ['../../../Configuration/data/Summer16_23Sep2016V4_MC.db']
config.JobType.outputFiles = ['analysis.root']
config.JobType.allowUndistributedCMSSW = True
config.section_('Data')
config.Data.inputDataset = '/GluGluH2JetsToTauTau_M125_13TeV_CPmixing_sm_JHU/RunIISummer16MiniAODv2-PUMoriond17_80X_mcRun2_asymptotic_2016_TrancheIV_v6-v1/MINIAODSIM'
config.Data.unitsPerJob = 1
config.Data.publication = False
config.Data.inputDBS = 'global'
config.Data.splitting = 'FileBased'
config.section_('Site')
config.Site.storageSite = 'T3_US_FNALLPC'
config.section_('User')
config.section_('Debug')

DEBUG 2018-02-23 15:59:05,587: 	 self.config.JobType.psetName: ../../../cp-mc.py
INFO 2018-02-23 15:59:05,587: 	 Importing CMSSW configuration ../../../cp-mc.py
INFO 2018-02-23 15:59:09,069: 	 Finished importing CMSSW configuration ../../../cp-mc.py
DEBUG 2018-02-23 15:59:09,069: 	 Writing CMSSW configuration to /uscms_data/d3/samuellh/WorkingArea/CpHiggs/CMSSW_8_0_21/src/PUAnalysis/CrabTools/crab/GluGluH2JetsToTauTau_sm/CP_Higgs_2016/crab_20180223_155859/inputs/PSet.py
DEBUG 2018-02-23 15:59:10,167: 	 The following EDM output files will be collected: []
DEBUG 2018-02-23 15:59:10,167: 	 The following TFile output files will be collected: ['analysis.root']
DEBUG 2018-02-23 15:59:10,167: 	 The following user output files will be collected: []
DEBUG 2018-02-23 15:59:10,167: 	 Loading required information from the environment
DEBUG 2018-02-23 15:59:10,168: 	 Found CMSSW_8_0_21 for slc6_amd64_gcc530 with base /uscms_data/d3/samuellh/WorkingArea/CpHiggs/CMSSW_8_0_21
DEBUG 2018-02-23 15:59:10,168: 	 Making tarball in /uscms_data/d3/samuellh/WorkingArea/CpHiggs/CMSSW_8_0_21/src/PUAnalysis/CrabTools/crab/GluGluH2JetsToTauTau_sm/CP_Higgs_2016/crab_20180223_155859/inputs/8f664a64-7f22-4b66-983c-c4a528c27575default.tgz
DEBUG 2018-02-23 15:59:10,232: 	 Checking directory /uscms_data/d3/samuellh/WorkingArea/CpHiggs/CMSSW_8_0_21/lib
DEBUG 2018-02-23 15:59:10,232: 	 Adding directory /uscms_data/d3/samuellh/WorkingArea/CpHiggs/CMSSW_8_0_21/lib to tarball
DEBUG 2018-02-23 15:59:20,352: 	 Checking directory /uscms_data/d3/samuellh/WorkingArea/CpHiggs/CMSSW_8_0_21/biglib
DEBUG 2018-02-23 15:59:20,352: 	 Adding directory /uscms_data/d3/samuellh/WorkingArea/CpHiggs/CMSSW_8_0_21/biglib to tarball
DEBUG 2018-02-23 15:59:20,355: 	 Checking directory /uscms_data/d3/samuellh/WorkingArea/CpHiggs/CMSSW_8_0_21/module
DEBUG 2018-02-23 15:59:20,769: 	 Adding data directory /uscms_data/d3/samuellh/WorkingArea/CpHiggs/CMSSW_8_0_21/src/PUAnalysis/Configuration/data to tarball
DEBUG 2018-02-23 15:59:24,129: 	 Adding data directory /uscms_data/d3/samuellh/WorkingArea/CpHiggs/CMSSW_8_0_21/src/PUAnalysis/DataFormats/interface to tarball
DEBUG 2018-02-23 15:59:24,141: 	 Adding data directory /uscms_data/d3/samuellh/WorkingArea/CpHiggs/CMSSW_8_0_21/src/PUAnalysis/NtupleTools/interface to tarball
DEBUG 2018-02-23 15:59:24,158: 	 Adding data directory /uscms_data/d3/samuellh/WorkingArea/CpHiggs/CMSSW_8_0_21/src/PUAnalysis/RecoTools/interface to tarball
DEBUG 2018-02-23 15:59:24,196: 	 Adding data directory /uscms_data/d3/samuellh/WorkingArea/CpHiggs/CMSSW_8_0_21/src/PUAnalysis/StatTools/ROOT/interface to tarball
DEBUG 2018-02-23 15:59:24,201: 	 Adding data directory /uscms_data/d3/samuellh/WorkingArea/CpHiggs/CMSSW_8_0_21/src/PUAnalysis/StatTools/data to tarball
DEBUG 2018-02-23 15:59:24,207: 	 Adding data directory /uscms_data/d3/samuellh/WorkingArea/CpHiggs/CMSSW_8_0_21/src/PUAnalysis/StatTools/interface to tarball
DEBUG 2018-02-23 15:59:24,557: 	 Adding data directory /uscms_data/d3/samuellh/WorkingArea/CpHiggs/CMSSW_8_0_21/src/ZZMatrixElement/MEKD/interface to tarball
DEBUG 2018-02-23 15:59:24,644: 	 Adding data directory /uscms_data/d3/samuellh/WorkingArea/CpHiggs/CMSSW_8_0_21/src/ZZMatrixElement/MELA/data to tarball
DEBUG 2018-02-23 15:59:50,336: 	 Adding data directory /uscms_data/d3/samuellh/WorkingArea/CpHiggs/CMSSW_8_0_21/src/ZZMatrixElement/MELA/interface to tarball
DEBUG 2018-02-23 15:59:50,484: 	 Adding data directory /uscms_data/d3/samuellh/WorkingArea/CpHiggs/CMSSW_8_0_21/src/ZZMatrixElement/MEMCalculators/interface to tarball
DEBUG 2018-02-23 15:59:50,489: 	 Adding data directory /uscms_data/d3/samuellh/WorkingArea/CpHiggs/CMSSW_8_0_21/src/ZZMatrixElement/PythonWrapper/interface to tarball
DEBUG 2018-02-23 15:59:50,506: 	 Adding data directory /uscms_data/d3/samuellh/WorkingArea/CpHiggs/CMSSW_8_0_21/src/TauAnalysis/SVfitStandalone/data to tarball
DEBUG 2018-02-23 15:59:50,516: 	 Adding data directory /uscms_data/d3/samuellh/WorkingArea/CpHiggs/CMSSW_8_0_21/src/TauAnalysis/SVfitStandalone/interface to tarball
DEBUG 2018-02-23 15:59:50,530: 	 Adding data directory /uscms_data/d3/samuellh/WorkingArea/CpHiggs/CMSSW_8_0_21/src/DataFormats/CTPPSReco/interface to tarball
DEBUG 2018-02-23 15:59:50,537: 	 Adding file ../../../Configuration/data/Summer16_23Sep2016V4_MC.db to tarball
DEBUG 2018-02-23 15:59:51,093: 	 Uploading archive /uscms_data/d3/samuellh/WorkingArea/CpHiggs/CMSSW_8_0_21/src/PUAnalysis/CrabTools/crab/GluGluH2JetsToTauTau_sm/CP_Higgs_2016/crab_20180223_155859/inputs/8f664a64-7f22-4b66-983c-c4a528c27575default.tgz (63 MB) to the CRAB cache. Using URI https://cmsweb.cern.ch/crabcache
DEBUG 2018-02-23 16:00:20,408: 	 Loading required information from the environment
DEBUG 2018-02-23 16:00:20,408: 	 Found CMSSW_8_0_21 for slc6_amd64_gcc530 with base /uscms_data/d3/samuellh/WorkingArea/CpHiggs/CMSSW_8_0_21
DEBUG 2018-02-23 16:00:20,408: 	 Making tarball in /uscms_data/d3/samuellh/WorkingArea/CpHiggs/CMSSW_8_0_21/src/PUAnalysis/CrabTools/crab/GluGluH2JetsToTauTau_sm/CP_Higgs_2016/crab_20180223_155859/inputs/debugFiles.tgz
DEBUG 2018-02-23 16:00:20,447: 	 Uploading archive /uscms_data/d3/samuellh/WorkingArea/CpHiggs/CMSSW_8_0_21/src/PUAnalysis/CrabTools/crab/GluGluH2JetsToTauTau_sm/CP_Higgs_2016/crab_20180223_155859/inputs/debugFiles.tgz (2 KB) to the CRAB cache. Using URI https://cmsweb.cern.ch/crabcache
DEBUG 2018-02-23 16:00:21,768: 	 Result uploading input files: 96ab15e7c14266e693aed3c1f6d4a65723f909417b130812bd0067a433ff65f9.tar.gz 
INFO 2018-02-23 16:00:21,768: 	 Sending the request to the server
DEBUG 2018-02-23 16:00:21,769: 	 Submitting {'maxjobruntime': 1250, 'extrajdl': [], 'ignorelocality': 0, 'savelogsflag': 0, 'useparent': 0, 'asyncdest': 'T3_US_FNALLPC', 'algoargs': 1, 'cachefilename': '96ab15e7c14266e693aed3c1f6d4a65723f909417b130812bd0067a433ff65f9.tar.gz', 'numcores': 1, 'addoutputfiles': [], 'generator': 'pythia', 'maxmemory': 2000, 'publishdbsurl': 'https://cmsweb.cern.ch/dbs/prod/phys03/DBSWriter', 'priority': 10, 'jobsw': 'CMSSW_8_0_21', 'edmoutfiles': [], 'userfiles': [], 'primarydataset': '', 'inputdata': '/GluGluH2JetsToTauTau_M125_13TeV_CPmixing_sm_JHU/RunIISummer16MiniAODv2-PUMoriond17_80X_mcRun2_asymptotic_2016_TrancheIV_v6-v1/MINIAODSIM', 'dryrun': 0, 'workflow': 'crab_20180223_155859', 'cacheurl': u'https://cmsweb.cern.ch/crabcache', 'nonprodsw': 1, 'tfileoutfiles': ['analysis.root'], 'oneEventMode': 0, 'debugfilename': '2a37115cd5c20c87223ffe76a5c2ec6d606a464bcbc2810a1d34ebd62d079c9b.tar.gz', 'saveoutput': 1, 'publication': 0, 'jobarch': 'slc6_amd64_gcc530', 'totalunits': 0, 'splitalgo': 'FileBased', 'ignoreglobalblacklist': 0, 'nonvaliddata': 0, 'dbsurl': 'https://cmsweb.cern.ch/dbs/prod/global/DBSReader', 'publishgroupname': 0, 'jobtype': 'Analysis', 'publishname2': ''} 
DEBUG 2018-02-23 16:00:21,769: 	 Encoded submit request: maxjobruntime=1250&ignorelocality=0&savelogsflag=0&useparent=0&asyncdest=T3_US_FNALLPC&algoargs=1&cachefilename=96ab15e7c14266e693aed3c1f6d4a65723f909417b130812bd0067a433ff65f9.tar.gz&numcores=1&generator=pythia&maxmemory=2000&publishdbsurl=https%3A%2F%2Fcmsweb.cern.ch%2Fdbs%2Fprod%2Fphys03%2FDBSWriter&priority=10&jobsw=CMSSW_8_0_21&primarydataset=&inputdata=%2FGluGluH2JetsToTauTau_M125_13TeV_CPmixing_sm_JHU%2FRunIISummer16MiniAODv2-PUMoriond17_80X_mcRun2_asymptotic_2016_TrancheIV_v6-v1%2FMINIAODSIM&dryrun=0&workflow=crab_20180223_155859&cacheurl=https%3A%2F%2Fcmsweb.cern.ch%2Fcrabcache&nonprodsw=1&oneEventMode=0&debugfilename=2a37115cd5c20c87223ffe76a5c2ec6d606a464bcbc2810a1d34ebd62d079c9b.tar.gz&saveoutput=1&publication=0&jobarch=slc6_amd64_gcc530&totalunits=0&splitalgo=FileBased&ignoreglobalblacklist=0&nonvaliddata=0&dbsurl=https%3A%2F%2Fcmsweb.cern.ch%2Fdbs%2Fprod%2Fglobal%2FDBSReader&publishgroupname=0&jobtype=Analysis&publishname2=&tfileoutfiles=analysis.root
DEBUG 2018-02-23 16:00:22,904: 	 Result: {u'result': [{u'RequestName': u'180223_220022:shigginb_crab_20180223_155859'}]}
INFO 2018-02-23 16:00:22,908: 	 Success: Your task has been delivered to the CRAB3 server.
INFO 2018-02-23 16:00:22,908: 	 Task name: 180223_220022:shigginb_crab_20180223_155859
INFO 2018-02-23 16:00:22,908: 	 Please use 'crab status' to check how the submission process proceeds.
DEBUG 2018-02-23 16:00:22,908: 	 About to return
INFO 2018-02-23 16:00:22,915: 	 Log file is /uscms_data/d3/samuellh/WorkingArea/CpHiggs/CMSSW_8_0_21/src/PUAnalysis/CrabTools/crab/GluGluH2JetsToTauTau_sm/CP_Higgs_2016/crab_20180223_155859/crab.log
DEBUG 2018-02-23 16:04:36,991: 	 Executing command: 'status'
DEBUG 2018-02-23 16:04:36,992: 	 Found CRAB cache file /uscms/home/samuellh/.crab3
DEBUG 2018-02-23 16:04:37,000: 	 Checking credentials
DEBUG 2018-02-23 16:04:37,001: 	 Found proxy file /tmp/x509up_u52190
DEBUG 2018-02-23 16:04:37,001: 	 Getting proxy life time left
DEBUG 2018-02-23 16:04:37,104: 	 Executing : 
 command : voms-proxy-info -file /tmp/x509up_u52190 -timeleft
 output : 36785

 error: 
 retcode : 0
DEBUG 2018-02-23 16:04:37,207: 	 Executing : 
 command : voms-proxy-info -file /tmp/x509up_u52190 -actimeleft
 output : 36784

 error: 
 retcode : 0
DEBUG 2018-02-23 16:04:37,208: 	 Proxy valid for 10:13:05 hours
DEBUG 2018-02-23 16:04:37,320: 	 Executing : 
 command : openssl x509 -in ~/.globus/usercert.pem -subject -noout
 output : subject= /DC=ch/DC=cern/OU=Organic Units/OU=Users/CN=shigginb/CN=785176/CN=Sam Higginbotham

 error: 
 retcode : 0
DEBUG 2018-02-23 16:04:37,320: 	 Checking credentials
DEBUG 2018-02-23 16:04:37,320: 	 Found proxy file /tmp/x509up_u52190
DEBUG 2018-02-23 16:04:37,320: 	 Getting proxy life time left
DEBUG 2018-02-23 16:04:37,424: 	 Executing : 
 command : voms-proxy-info -file /tmp/x509up_u52190 -timeleft
 output : 36785

 error: 
 retcode : 0
DEBUG 2018-02-23 16:04:37,527: 	 Executing : 
 command : voms-proxy-info -file /tmp/x509up_u52190 -actimeleft
 output : 36784

 error: 
 retcode : 0
DEBUG 2018-02-23 16:04:37,528: 	 Proxy valid for 10:13:05 hours
DEBUG 2018-02-23 16:04:38,433: 	 Registering user credentials for server /DC=ch/DC=cern/OU=computers/CN=vocms(045|052|021|031|0118|0118a|0119|0108|0105|0109).cern.ch
DEBUG 2018-02-23 16:04:38,541: 	 Executing : 
 command : openssl x509 -in ~/.globus/usercert.pem -subject -noout
 output : subject= /DC=ch/DC=cern/OU=Organic Units/OU=Users/CN=shigginb/CN=785176/CN=Sam Higginbotham

 error: 
 retcode : 0
DEBUG 2018-02-23 16:04:38,541: 	 Getting myproxy life time left for myproxy.cern.ch
DEBUG 2018-02-23 16:04:38,541: 	 Calculating hash of /DC=ch/DC=cern/OU=Organic Units/OU=Users/CN=shigginb/CN=785176/CN=Sam Higginbotham_cmsweb.cern.ch for credential name
DEBUG 2018-02-23 16:04:39,246: 	 Executing : 
 command : myproxy-info -l 2f318c7a260d78734589f2cc772d26b8be79ec6c -s myproxy.cern.ch
 output : username: 2f318c7a260d78734589f2cc772d26b8be79ec6c
owner: /DC=ch/DC=cern/OU=Organic Units/OU=Users/CN=shigginb/CN=785176/CN=Sam Higginbotham
  renewal policy: /DC=ch/DC=cern/OU=computers/CN=vocms(045|052|021|031|0118|0118a|0119|0108|0105|0109).cern.ch
  trusted retrieval policy: /DC=ch/DC=cern/OU=computers/CN=vocms(045|052|021|031|0118|0118a|0119|0108|0105|0109).cern.ch
  timeleft: 478:02:46  (19.9 days)

 error: 
 retcode : 0
DEBUG 2018-02-23 16:04:39,248: 	 Myproxy is valid: 1720966
DEBUG 2018-02-23 16:04:39,248: 	 Command use: status
DEBUG 2018-02-23 16:04:39,248: 	 Options use: ['-d', 'CP_Higgs_2016/crab_20180223_155859']
DEBUG 2018-02-23 16:04:40,178: 	 CRABClient version: 3.3.1802
DEBUG 2018-02-23 16:04:40,178: 	 Instance is prod
DEBUG 2018-02-23 16:04:40,178: 	 Server base url is cmsweb.cern.ch
DEBUG 2018-02-23 16:04:40,178: 	 Command url /crabserver/prod/workflow
DEBUG 2018-02-23 16:04:41,094: 	 Got information from server oracle database: {u'result': [u'180223_220022:shigginb_crab_20180223_155859', u'None', u'None', u'SUBMITTED', u'SUBMIT', u'2018-02-23 22:00:22.839492', u'None', u'2018-02-23 22:01:24.914259', u'None', u'CMSSW_8_0_21', u'slc6_amd64_gcc530', u'/GluGluH2JetsToTauTau_M125_13TeV_CPmixing_sm_JHU/RunIISummer16MiniAODv2-PUMoriond17_80X_mcRun2_asymptotic_2016_TrancheIV_v6-v1/MINIAODSIM', u'F', u'0', u'[]', u'[]', u'FileBased', u"{'splitOnRun': False, 'halt_job_on_file_boundaries': False, 'files_per_job': 1, 'runs': [], 'lumis': []}", u'0', u'96ab15e7c14266e693aed3c1f6d4a65723f909417b130812bd0067a433ff65f9.tar.gz', u'https://cmsweb.cern.ch/crabcache', u'shigginb', u'/DC=ch/DC=cern/OU=Organic Units/OU=Users/CN=shigginb/CN=785176/CN=Sam Higginbotham', u'cms', u'None', u'None', u'crab_20180223_155859-00000000000000000000000000000000', u'F', u'T3_US_FNALLPC', u'https://cmsweb.cern.ch/dbs/prod/global/DBSReader', u'https://cmsweb.cern.ch/dbs/prod/phys03/DBSWriter', u'F', u'[]', u"['analysis.root']", u'[]', u'Analysis', u'pythia', u'None', u'{}', u'[]', u'F', u'vocms052', u'[]', u'1250', u'1', u'2000', u'10', u'None', u'[]', u'http://vocms0137.cern.ch/mon/cms1359/180223_220022:shigginb_crab_20180223_155859', u'None', u'[]', u'[]', u'https://cmsweb.cern.ch/crabserver/prod', u'cmsgwms-collector-global.cern.ch:9620,cmssrv221.fnal.gov:9620', u'crab3@vocms0137.cern.ch', u'F', u'[]', u'T', u'/store/user/shigginb/', u'F', u'None', u'F', u'None', u'GluGluH2JetsToTauTau_M125_13TeV_CPmixing_sm_JHU', u'None', u'2a37115cd5c20c87223ffe76a5c2ec6d606a464bcbc2810a1d34ebd62d079c9b.tar.gz', u'19009166', u'filetransfers', u'F', u'131.225.189.130'], u'desc': {u'columns': [u'tm_taskname', u'tm_activity', u'panda_jobset_id', u'tm_task_status', u'tm_task_command', u'tm_start_time', u'tm_start_injection', u'tm_end_injection', u'tm_task_failure', u'tm_job_sw', u'tm_job_arch', u'tm_input_dataset', u'tm_nonvalid_input_dataset', u'tm_use_parent', u'tm_site_whitelist', u'tm_site_blacklist', u'tm_split_algo', u'tm_split_args', u'tm_totalunits', u'tm_user_sandbox', u'tm_cache_url', u'tm_username', u'tm_user_dn', u'tm_user_vo', u'tm_user_role', u'tm_user_group', u'tm_publish_name', u'tm_publish_groupname', u'tm_asyncdest', u'tm_dbs_url', u'tm_publish_dbs_url', u'tm_publication', u'tm_outfiles', u'tm_tfile_outfiles', u'tm_edm_outfiles', u'tm_job_type', u'tm_generator', u'tm_events_per_lumi', u'tm_arguments', u'panda_resubmitted_jobs', u'tm_save_logs', u'tw_name', u'tm_user_infiles', u'tm_maxjobruntime', u'tm_numcores', u'tm_maxmemory', u'tm_priority', u'tm_output_dataset', u'tm_task_warnings', u'tm_user_webdir', u'tm_scriptexe', u'tm_scriptargs', u'tm_extrajdl', u'tm_asourl', u'tm_collector', u'tm_schedd', u'tm_dry_run', u'tm_user_files', u'tm_transfer_outputs', u'tm_output_lfn', u'tm_ignore_locality', u'tm_fail_limit', u'tm_one_event_mode', u'tm_secondary_input_dataset', u'tm_primary_dataset', u'tm_last_publication', u'tm_debug_files', u'clusterid', u'tm_asodb', u'tm_ignore_global_blacklist', u'tm_submitter_ip_addr']}}
INFO 2018-02-23 16:04:41,094: 	 CRAB project directory:		/uscms_data/d3/samuellh/WorkingArea/CpHiggs/CMSSW_8_0_21/src/PUAnalysis/CrabTools/crab/GluGluH2JetsToTauTau_sm/CP_Higgs_2016/crab_20180223_155859
INFO 2018-02-23 16:04:41,094: 	 Task name:			180223_220022:shigginb_crab_20180223_155859
INFO 2018-02-23 16:04:41,094: 	 Grid scheduler:			crab3@vocms0137.cern.ch
INFO 2018-02-23 16:04:41,094: 	 Status on the CRAB server:	SUBMITTED
INFO 2018-02-23 16:04:41,095: 	 Task URL to use for HELP:	https://cmsweb.cern.ch/crabserver/ui/task/180223_220022%3Ashigginb_crab_20180223_155859
INFO 2018-02-23 16:04:41,095: 	 Dashboard monitoring URL:	http://dashb-cms-job.cern.ch/dashboard/templates/task-analysis/#user=shigginb&refresh=0&table=Jobs&p=1&records=25&activemenu=2&status=&site=&tid=180223_220022%3Ashigginb_crab_20180223_155859
DEBUG 2018-02-23 16:04:41,095: 	 The CRAB server submitted your task to the Grid scheduler (cluster ID: 19009166)
DEBUG 2018-02-23 16:04:41,095: 	 Webdir is located at http://vocms0137.cern.ch/mon/cms1359/180223_220022:shigginb_crab_20180223_155859
DEBUG 2018-02-23 16:04:41,996: 	 Proxied webdir is located at https://cmsweb.cern.ch/scheddmon/0137/cms1359/180223_220022:shigginb_crab_20180223_155859
DEBUG 2018-02-23 16:04:41,996: 	 Retrieving 'status_cache' file from https://cmsweb.cern.ch/scheddmon/0137/cms1359/180223_220022:shigginb_crab_20180223_155859/status_cache
DEBUG 2018-02-23 16:04:42,846: 	 Got information from status cache file: {'24': {'Retries': 0, 'WallDurations': [0], 'StartTimes': [], 'SubmitTimes': [1519423307.0], 'JobIds': ['19009192.0'], 'EndTimes': [], 'Restarts': 0, 'RecordedSite': False, 'State': 'idle', 'ResidentSetSize': [0], 'TotalUserCpuTimeHistory': [0.0], 'SiteHistory': ['Unknown'], 'TotalSysCpuTimeHistory': [0.0]}, '25': {'Retries': 0, 'WallDurations': [0], 'StartTimes': [], 'SubmitTimes': [1519423307.0], 'JobIds': ['19009193.0'], 'EndTimes': [], 'Restarts': 0, 'RecordedSite': False, 'State': 'idle', 'ResidentSetSize': [0], 'TotalUserCpuTimeHistory': [0.0], 'SiteHistory': ['Unknown'], 'TotalSysCpuTimeHistory': [0.0]}, '26': {'Retries': 0, 'WallDurations': [0], 'StartTimes': [], 'SubmitTimes': [1519423307.0], 'JobIds': ['19009194.0'], 'EndTimes': [], 'Restarts': 0, 'RecordedSite': False, 'State': 'idle', 'ResidentSetSize': [0], 'TotalUserCpuTimeHistory': [0.0], 'SiteHistory': ['Unknown'], 'TotalSysCpuTimeHistory': [0.0]}, '27': {'Retries': 0, 'WallDurations': [0], 'StartTimes': [], 'SubmitTimes': [1519423308.0], 'JobIds': ['19009195.0'], 'EndTimes': [], 'Restarts': 0, 'RecordedSite': False, 'State': 'idle', 'ResidentSetSize': [0], 'TotalUserCpuTimeHistory': [0.0], 'SiteHistory': ['Unknown'], 'TotalSysCpuTimeHistory': [0.0]}, '20': {'Retries': 0, 'WallDurations': [0], 'StartTimes': [], 'SubmitTimes': [1519423307.0], 'JobIds': ['19009188.0'], 'EndTimes': [], 'Restarts': 0, 'RecordedSite': False, 'State': 'idle', 'ResidentSetSize': [0], 'TotalUserCpuTimeHistory': [0.0], 'SiteHistory': ['Unknown'], 'TotalSysCpuTimeHistory': [0.0]}, '21': {'Retries': 0, 'WallDurations': [0], 'StartTimes': [], 'SubmitTimes': [1519423307.0], 'JobIds': ['19009189.0'], 'EndTimes': [], 'Restarts': 0, 'RecordedSite': False, 'State': 'idle', 'ResidentSetSize': [0], 'TotalUserCpuTimeHistory': [0.0], 'SiteHistory': ['Unknown'], 'TotalSysCpuTimeHistory': [0.0]}, '22': {'Retries': 0, 'WallDurations': [0], 'StartTimes': [], 'SubmitTimes': [1519423307.0], 'JobIds': ['19009190.0'], 'EndTimes': [], 'Restarts': 0, 'RecordedSite': False, 'State': 'idle', 'ResidentSetSize': [0], 'TotalUserCpuTimeHistory': [0.0], 'SiteHistory': ['Unknown'], 'TotalSysCpuTimeHistory': [0.0]}, '23': {'Retries': 0, 'WallDurations': [0], 'StartTimes': [], 'SubmitTimes': [1519423307.0], 'JobIds': ['19009191.0'], 'EndTimes': [], 'Restarts': 0, 'RecordedSite': False, 'State': 'idle', 'ResidentSetSize': [0], 'TotalUserCpuTimeHistory': [0.0], 'SiteHistory': ['Unknown'], 'TotalSysCpuTimeHistory': [0.0]}, '1': {'Retries': 0, 'WallDurations': [0], 'StartTimes': [], 'SubmitTimes': [1519423295.0], 'JobIds': ['19009170.0'], 'EndTimes': [], 'Restarts': 0, 'RecordedSite': False, 'State': 'idle', 'ResidentSetSize': [0], 'TotalUserCpuTimeHistory': [0.0], 'SiteHistory': ['Unknown'], 'TotalSysCpuTimeHistory': [0.0]}, '3': {'Retries': 0, 'WallDurations': [0], 'StartTimes': [], 'SubmitTimes': [1519423296.0], 'JobIds': ['19009172.0'], 'EndTimes': [], 'Restarts': 0, 'RecordedSite': False, 'State': 'idle', 'ResidentSetSize': [0], 'TotalUserCpuTimeHistory': [0.0], 'SiteHistory': ['Unknown'], 'TotalSysCpuTimeHistory': [0.0]}, '2': {'Retries': 0, 'WallDurations': [0], 'StartTimes': [], 'SubmitTimes': [1519423296.0], 'JobIds': ['19009171.0'], 'EndTimes': [], 'Restarts': 0, 'RecordedSite': False, 'State': 'idle', 'ResidentSetSize': [0], 'TotalUserCpuTimeHistory': [0.0], 'SiteHistory': ['Unknown'], 'TotalSysCpuTimeHistory': [0.0]}, '5': {'Retries': 0, 'WallDurations': [0], 'StartTimes': [], 'SubmitTimes': [1519423295.0], 'JobIds': ['19009169.0'], 'EndTimes': [], 'Restarts': 0, 'RecordedSite': False, 'State': 'idle', 'ResidentSetSize': [0], 'TotalUserCpuTimeHistory': [0.0], 'SiteHistory': ['Unknown'], 'TotalSysCpuTimeHistory': [0.0]}, '4': {'Retries': 0, 'WallDurations': [0], 'StartTimes': [], 'SubmitTimes': [1519423297.0], 'JobIds': ['19009173.0'], 'EndTimes': [], 'Restarts': 0, 'RecordedSite': False, 'State': 'idle', 'ResidentSetSize': [0], 'TotalUserCpuTimeHistory': [0.0], 'SiteHistory': ['Unknown'], 'TotalSysCpuTimeHistory': [0.0]}, '7': {'Retries': 0, 'WallDurations': [0], 'StartTimes': [], 'SubmitTimes': [1519423297.0], 'JobIds': ['19009175.0'], 'EndTimes': [], 'Restarts': 0, 'RecordedSite': False, 'State': 'idle', 'ResidentSetSize': [0], 'TotalUserCpuTimeHistory': [0.0], 'SiteHistory': ['Unknown'], 'TotalSysCpuTimeHistory': [0.0]}, '6': {'Retries': 0, 'WallDurations': [0], 'StartTimes': [], 'SubmitTimes': [1519423297.0], 'JobIds': ['19009174.0'], 'EndTimes': [], 'Restarts': 0, 'RecordedSite': False, 'State': 'idle', 'ResidentSetSize': [0], 'TotalUserCpuTimeHistory': [0.0], 'SiteHistory': ['Unknown'], 'TotalSysCpuTimeHistory': [0.0]}, '9': {'Retries': 0, 'WallDurations': [0], 'StartTimes': [], 'SubmitTimes': [1519423298.0], 'JobIds': ['19009177.0'], 'EndTimes': [], 'Restarts': 0, 'RecordedSite': False, 'State': 'idle', 'ResidentSetSize': [0], 'TotalUserCpuTimeHistory': [0.0], 'SiteHistory': ['Unknown'], 'TotalSysCpuTimeHistory': [0.0]}, '8': {'Retries': 0, 'WallDurations': [0], 'StartTimes': [], 'SubmitTimes': [1519423297.0], 'JobIds': ['19009176.0'], 'EndTimes': [], 'Restarts': 0, 'RecordedSite': False, 'State': 'idle', 'ResidentSetSize': [0], 'TotalUserCpuTimeHistory': [0.0], 'SiteHistory': ['Unknown'], 'TotalSysCpuTimeHistory': [0.0]}, '11': {'Retries': 0, 'WallDurations': [0], 'StartTimes': [], 'SubmitTimes': [1519423298.0], 'JobIds': ['19009179.0'], 'EndTimes': [], 'Restarts': 0, 'RecordedSite': False, 'State': 'idle', 'ResidentSetSize': [0], 'TotalUserCpuTimeHistory': [0.0], 'SiteHistory': ['Unknown'], 'TotalSysCpuTimeHistory': [0.0]}, '10': {'Retries': 0, 'WallDurations': [0], 'StartTimes': [], 'SubmitTimes': [1519423298.0], 'JobIds': ['19009178.0'], 'EndTimes': [], 'Restarts': 0, 'RecordedSite': False, 'State': 'idle', 'ResidentSetSize': [0], 'TotalUserCpuTimeHistory': [0.0], 'SiteHistory': ['Unknown'], 'TotalSysCpuTimeHistory': [0.0]}, '13': {'Retries': 0, 'WallDurations': [0], 'StartTimes': [], 'SubmitTimes': [1519423298.0], 'JobIds': ['19009180.0'], 'EndTimes': [], 'Restarts': 0, 'RecordedSite': False, 'State': 'idle', 'ResidentSetSize': [0], 'TotalUserCpuTimeHistory': [0.0], 'SiteHistory': ['Unknown'], 'TotalSysCpuTimeHistory': [0.0]}, '12': {'Retries': 0, 'WallDurations': [0], 'StartTimes': [], 'SubmitTimes': [1519423298.0], 'JobIds': ['19009181.0'], 'EndTimes': [], 'Restarts': 0, 'RecordedSite': False, 'State': 'idle', 'ResidentSetSize': [0], 'TotalUserCpuTimeHistory': [0.0], 'SiteHistory': ['Unknown'], 'TotalSysCpuTimeHistory': [0.0]}, '15': {'Retries': 0, 'WallDurations': [0], 'StartTimes': [], 'SubmitTimes': [1519423306.0], 'JobIds': ['19009183.0'], 'EndTimes': [], 'Restarts': 0, 'RecordedSite': False, 'State': 'idle', 'ResidentSetSize': [0], 'TotalUserCpuTimeHistory': [0.0], 'SiteHistory': ['Unknown'], 'TotalSysCpuTimeHistory': [0.0]}, '14': {'Retries': 0, 'WallDurations': [0], 'StartTimes': [], 'SubmitTimes': [1519423299.0], 'JobIds': ['19009182.0'], 'EndTimes': [], 'Restarts': 0, 'RecordedSite': False, 'State': 'idle', 'ResidentSetSize': [0], 'TotalUserCpuTimeHistory': [0.0], 'SiteHistory': ['Unknown'], 'TotalSysCpuTimeHistory': [0.0]}, '17': {'Retries': 0, 'WallDurations': [0], 'StartTimes': [], 'SubmitTimes': [1519423306.0], 'JobIds': ['19009185.0'], 'EndTimes': [], 'Restarts': 0, 'RecordedSite': False, 'State': 'idle', 'ResidentSetSize': [0], 'TotalUserCpuTimeHistory': [0.0], 'SiteHistory': ['Unknown'], 'TotalSysCpuTimeHistory': [0.0]}, '16': {'Retries': 0, 'WallDurations': [0], 'StartTimes': [], 'SubmitTimes': [1519423306.0], 'JobIds': ['19009184.0'], 'EndTimes': [], 'Restarts': 0, 'RecordedSite': False, 'State': 'idle', 'ResidentSetSize': [0], 'TotalUserCpuTimeHistory': [0.0], 'SiteHistory': ['Unknown'], 'TotalSysCpuTimeHistory': [0.0]}, '19': {'Retries': 0, 'WallDurations': [0], 'StartTimes': [], 'SubmitTimes': [1519423306.0], 'JobIds': ['19009187.0'], 'EndTimes': [], 'Restarts': 0, 'RecordedSite': False, 'State': 'idle', 'ResidentSetSize': [0], 'TotalUserCpuTimeHistory': [0.0], 'SiteHistory': ['Unknown'], 'TotalSysCpuTimeHistory': [0.0]}, '18': {'Retries': 0, 'WallDurations': [0], 'StartTimes': [], 'SubmitTimes': [1519423306.0], 'JobIds': ['19009186.0'], 'EndTimes': [], 'Restarts': 0, 'RecordedSite': False, 'State': 'idle', 'ResidentSetSize': [0], 'TotalUserCpuTimeHistory': [0.0], 'SiteHistory': ['Unknown'], 'TotalSysCpuTimeHistory': [0.0]}}
INFO 2018-02-23 16:04:42,846: 	 Status on the scheduler:	SUBMITTED
INFO 2018-02-23 16:04:42,846: 	 
Jobs status:                    idle          100.0% (27/27)
INFO 2018-02-23 16:04:42,846: 	 
No publication information (publication has been disabled in the CRAB configuration file)
INFO 2018-02-23 16:04:42,858: 	 Log file is /uscms_data/d3/samuellh/WorkingArea/CpHiggs/CMSSW_8_0_21/src/PUAnalysis/CrabTools/crab/GluGluH2JetsToTauTau_sm/CP_Higgs_2016/crab_20180223_155859/crab.log
