('The system path in the config file ', ['/cvmfs/cms.cern.ch/crab3/slc6_amd64_gcc493/cms/crabclient/3.3.1707.patch1/bin', '/uscms_data/d3/samuellh/WorkingArea/TauAnalysis/CMSSW_9_3_2/python', '/uscms_data/d3/samuellh/WorkingArea/TauAnalysis/CMSSW_9_3_2/lib/slc6_amd64_gcc630', '/cvmfs/cms.cern.ch/slc6_amd64_gcc630/cms/cmssw/CMSSW_9_3_2/python', '/cvmfs/cms.cern.ch/slc6_amd64_gcc630/cms/cmssw/CMSSW_9_3_2/lib/slc6_amd64_gcc630', '/cvmfs/cms.cern.ch/slc6_amd64_gcc630/cms/coral/CORAL_2_3_21-ghjeda6/slc6_amd64_gcc630/python', '/cvmfs/cms.cern.ch/slc6_amd64_gcc630/cms/coral/CORAL_2_3_21-ghjeda6/slc6_amd64_gcc630/lib', '/cvmfs/cms.cern.ch/slc6_amd64_gcc630/external/professor2/2.2.1-ghjeda6/lib/python2.7/site-packages', '/cvmfs/cms.cern.ch/slc6_amd64_gcc630/external/pyqt/4.11.4-mlhled2/lib/python2.7/site-packages', '/cvmfs/cms.cern.ch/slc6_amd64_gcc630/external/sherpa/2.2.4-ghjeda/lib/python2.7/site-packages', '/cvmfs/cms.cern.ch/slc6_amd64_gcc630/external/rivet/2.5.2-ghjeda4/lib/python2.7/site-packages', '/cvmfs/cms.cern.ch/slc6_amd64_gcc630/external/python-ldap/2.4.10-mlhled2/lib/python2.7/site-packages', '/cvmfs/cms.cern.ch/slc6_amd64_gcc630/external/py2-matplotlib/1.5.2-njopjo/lib/python2.7/site-packages', '/cvmfs/cms.cern.ch/slc6_amd64_gcc630/external/sip/4.17-mlhled2/lib/python2.7/site-packages', '/cvmfs/cms.cern.ch/slc6_amd64_gcc630/external/llvm/4.0.0-njopjo/lib64/python2.7/site-packages', '/cvmfs/cms.cern.ch/slc6_amd64_gcc630/external/py2-sqlalchemy/1.1.4-mlhled2/lib/python2.7/site-packages', '/cvmfs/cms.cern.ch/slc6_amd64_gcc630/external/py2-lint/0.25.1-mlhled2/lib/python2.7/site-packages', '/cvmfs/cms.cern.ch/slc6_amd64_gcc630/external/py2-dxr/1.0-ghjeda6/lib/python2.7/site-packages', '/cvmfs/cms.cern.ch/slc6_amd64_gcc630/external/py2-cx-oracle/5.2.1-mlhled2/lib/python2.7/site-packages', '/cvmfs/cms.cern.ch/slc6_amd64_gcc630/external/py2-numpy/1.12.1-mlhled2/lib/python2.7/site-packages', '/cvmfs/cms.cern.ch/slc6_amd64_gcc630/external/frontier_client/2.8.20-mlhled2/python/lib', '/cvmfs/cms.cern.ch/slc6_amd64_gcc630/cms/das_client/v03.01.00-mlhled2/bin', '/cvmfs/cms.cern.ch/slc6_amd64_gcc630/external/xrootd/4.6.1/lib/python2.7/site-packages', '/cvmfs/cms.cern.ch/slc6_amd64_gcc630/external/yoda/1.6.5-ghjeda4/lib/python2.7/site-packages', '/cvmfs/cms.cern.ch/slc6_amd64_gcc630/lcg/root/6.10.04-ghjeda/lib', '/cvmfs/cms.cern.ch/slc6_amd64_gcc630/external/pyminuit2/0.0.1-ghjeda4/lib/python2.7/site-packages', '/cvmfs/cms.cern.ch/slc6_amd64_gcc630/external/py2-PyYAML/3.11-mlhled2/lib/python2.7/site-packages', '/cvmfs/cms.cern.ch/slc6_amd64_gcc630/external/py2-pygithub/1.23.0-mlhled2/lib/python2.7/site-packages', '/cvmfs/cms.cern.ch/slc6_amd64_gcc630/external/py2-pip/9.0.1-mlhled2/lib/python2.7/site-packages', '/cvmfs/cms.cern.ch/slc6_amd64_gcc630/external/py2-dablooms/0.9.1-mlhled2/lib/python2.7/site-packages', '/cvmfs/cms.cern.ch/slc6_amd64_gcc630/external/py2-pippkgs_depscipy/3.0-ghjeda6/lib/python2.7/site-packages', '/cvmfs/cms.cern.ch/slc6_amd64_gcc630/external/py2-pippkgs/5.0-ghjeda6/lib/python2.7/site-packages', '/cvmfs/cms.cern.ch/slc6_amd64_gcc630/external/professor/1.4.0-ghjeda4/lib/python2.7/site-packages', '/cvmfs/cms.cern.ch/slc6_amd64_gcc630/cms/dbs-client/DBS_2_1_9-mlhled2/lib', '/cvmfs/cms.cern.ch/slc6_amd64_gcc630/cms/dbs-client/DBS_2_1_9-mlhled2/lib/DBSAPI', '/cvmfs/cms.cern.ch/slc6_amd64_gcc630/external/cvs2git/5419-mlhled2/lib', '/cvmfs/cms.cern.ch/crab3/slc6_amd64_gcc493/cms/crabclient/3.3.1707.patch1/lib/python2.7/site-packages', '/cvmfs/cms.cern.ch/crab3/slc6_amd64_gcc493/cms/dbs3-client/3.4.4/lib/python2.7/site-packages', '/cvmfs/cms.cern.ch/crab3/slc6_amd64_gcc493/cms/dbs3-pycurl-client/3.4.4/lib/python2.7/site-packages', '/cvmfs/cms.cern.ch/slc6_amd64_gcc630/external/py2-sqlalchemy/1.1.4-mlhled2/lib/python2.7/site-packages/SQLAlchemy-1.1.4-py2.7-linux-x86_64.egg', '/cvmfs/cms.cern.ch/slc6_amd64_gcc630/external/py2-numpy/1.12.1-mlhled2/lib/python2.7/site-packages/numpy-1.12.1-py2.7-linux-x86_64.egg', '/cvmfs/cms.cern.ch/slc6_amd64_gcc630/external/python/2.7.11-mlhled2/lib/python27.zip', '/cvmfs/cms.cern.ch/slc6_amd64_gcc630/external/python/2.7.11-mlhled2/lib/python2.7', '/cvmfs/cms.cern.ch/slc6_amd64_gcc630/external/python/2.7.11-mlhled2/lib/python2.7/plat-linux2', '/cvmfs/cms.cern.ch/slc6_amd64_gcc630/external/python/2.7.11-mlhled2/lib/python2.7/lib-tk', '/cvmfs/cms.cern.ch/slc6_amd64_gcc630/external/python/2.7.11-mlhled2/lib/python2.7/lib-old', '/cvmfs/cms.cern.ch/slc6_amd64_gcc630/external/python/2.7.11-mlhled2/lib/python2.7/lib-dynload', '/cvmfs/cms.cern.ch/slc6_amd64_gcc630/external/python/2.7.11-mlhled2/lib/python2.7/site-packages', '/uscms_data/d3/samuellh/WorkingArea/TauAnalysis/CMSSW_9_3_2/src/PUAnalysis/VBFtt2017/crab/VBF65'])
 ##################################################################### 
 # WARNING: the module CondCore.DBCommon.CondDBSetup is deprecated.  # 
 # Please import CondCore.CondDB.CondDB_cfi                          # 
 ##################################################################### 
recorrecting the jets
List Of Filters
['processedEvents', 'initialEventsTT', 'DiMuonCreation', 'AtLeastOneDiTau', 'TTTauPtEta', 'TTTauDecayFound', 'TTTauStandardDecayFound', 'TTTauDRSel', 'TTSync', 'TTAntiEle', 'TTAntiMu', 'TTIso', 'TTOS']
DEBUG 2017-11-15 07:45:09,691: 	 Executing command: 'submit'
DEBUG 2017-11-15 07:45:09,692: 	 Found CRAB cache file /uscms/home/samuellh/.crab3
DEBUG 2017-11-15 07:45:09,701: 	 Checking credentials
DEBUG 2017-11-15 07:45:09,702: 	 Found proxy file /tmp/x509up_u52190
DEBUG 2017-11-15 07:45:09,702: 	 Getting proxy life time left
DEBUG 2017-11-15 07:45:09,805: 	 Executing : 
 command : voms-proxy-info -file /tmp/x509up_u52190 -timeleft
 output : 82174

 error: 
 retcode : 0
DEBUG 2017-11-15 07:45:09,908: 	 Executing : 
 command : voms-proxy-info -file /tmp/x509up_u52190 -actimeleft
 output : 82173

 error: 
 retcode : 0
DEBUG 2017-11-15 07:45:09,908: 	 Proxy valid for 22:49:34 hours
INFO 2017-11-15 07:45:09,908: 	 Will use CRAB configuration file crab3_TT_MC.py
DEBUG 2017-11-15 07:45:09,908: 	 Loading CRAB configuration file.
DEBUG 2017-11-15 07:45:09,917: 	 Will use CRAB Analysis plugin (i.e. will run an analysis job type).
DEBUG 2017-11-15 07:45:10,033: 	 Executing : 
 command : openssl x509 -in ~/.globus/usercert.pem -subject -noout
 output : subject= /DC=ch/DC=cern/OU=Organic Units/OU=Users/CN=shigginb/CN=785176/CN=Sam Higginbotham

 error: 
 retcode : 0
DEBUG 2017-11-15 07:45:10,034: 	 Checking credentials
DEBUG 2017-11-15 07:45:10,034: 	 Found proxy file /tmp/x509up_u52190
DEBUG 2017-11-15 07:45:10,034: 	 Getting proxy life time left
DEBUG 2017-11-15 07:45:10,137: 	 Executing : 
 command : voms-proxy-info -file /tmp/x509up_u52190 -timeleft
 output : 82173

 error: 
 retcode : 0
DEBUG 2017-11-15 07:45:10,241: 	 Executing : 
 command : voms-proxy-info -file /tmp/x509up_u52190 -actimeleft
 output : 82172

 error: 
 retcode : 0
DEBUG 2017-11-15 07:45:10,241: 	 Proxy valid for 22:49:33 hours
DEBUG 2017-11-15 07:45:10,344: 	 Executing : 
 command : env X509_USER_PROXY=/tmp/x509up_u52190 voms-proxy-info -fqan
 output : /cms/Role=NULL/Capability=NULL

 error: 
 retcode : 0
DEBUG 2017-11-15 07:45:12,196: 	 Registering user credentials for server /DC=ch/DC=cern/OU=computers/CN=vocms(045|052|021|031|0118|0118a|0119|0108|0105|0109).cern.ch
DEBUG 2017-11-15 07:45:12,305: 	 Executing : 
 command : openssl x509 -in ~/.globus/usercert.pem -subject -noout
 output : subject= /DC=ch/DC=cern/OU=Organic Units/OU=Users/CN=shigginb/CN=785176/CN=Sam Higginbotham

 error: 
 retcode : 0
DEBUG 2017-11-15 07:45:12,305: 	 Getting myproxy life time left for myproxy.cern.ch
DEBUG 2017-11-15 07:45:12,305: 	 Calculating hash of /DC=ch/DC=cern/OU=Organic Units/OU=Users/CN=shigginb/CN=785176/CN=Sam Higginbotham_cmsweb.cern.ch for credential name
DEBUG 2017-11-15 07:45:13,211: 	 Executing : 
 command : myproxy-info -l 2f318c7a260d78734589f2cc772d26b8be79ec6c -s myproxy.cern.ch
 output : username: 2f318c7a260d78734589f2cc772d26b8be79ec6c
owner: /DC=ch/DC=cern/OU=Organic Units/OU=Users/CN=shigginb/CN=785176/CN=Sam Higginbotham
  renewal policy: /DC=ch/DC=cern/OU=computers/CN=vocms(045|052|021|031|0118|0118a|0119|0108|0105|0109).cern.ch
  trusted retrieval policy: /DC=ch/DC=cern/OU=computers/CN=vocms(045|052|021|031|0118|0118a|0119|0108|0105|0109).cern.ch
  timeleft: 431:38:28  (18.0 days)

 error: 
 retcode : 0
DEBUG 2017-11-15 07:45:13,213: 	 Myproxy is valid: 1553908
DEBUG 2017-11-15 07:45:13,213: 	 Command use: submit
DEBUG 2017-11-15 07:45:13,213: 	 Options use: ['-c', 'crab3_TT_MC.py']
DEBUG 2017-11-15 07:45:14,817: 	 CRABClient version: 3.3.1707.patch1
DEBUG 2017-11-15 07:45:14,817: 	 Instance is prod
DEBUG 2017-11-15 07:45:14,817: 	 Server base url is cmsweb.cern.ch
DEBUG 2017-11-15 07:45:14,818: 	 Command url /crabserver/prod/workflow
DEBUG 2017-11-15 07:45:14,818: 	 Started submission
DEBUG 2017-11-15 07:45:14,818: 	 Working on /uscms_data/d3/samuellh/WorkingArea/TauAnalysis/CMSSW_9_3_2/src/PUAnalysis/VBFtt2017/crab/VBF65/crab_20171115_074509
DEBUG 2017-11-15 07:45:16,627: 	 Loading required information from the environment
DEBUG 2017-11-15 07:45:16,627: 	 Found CMSSW_9_3_2 for slc6_amd64_gcc630 with base /uscms_data/d3/samuellh/WorkingArea/TauAnalysis/CMSSW_9_3_2
DEBUG 2017-11-15 07:45:16,627: 	 Loading required information from the environment
DEBUG 2017-11-15 07:45:16,627: 	 Found CMSSW_9_3_2 for slc6_amd64_gcc630 with base /uscms_data/d3/samuellh/WorkingArea/TauAnalysis/CMSSW_9_3_2
DEBUG 2017-11-15 07:45:16,639: 	 UNIQUE NAME: tarUUID 5d783814-fac4-4836-946f-464a37c71ded 
DEBUG 2017-11-15 07:45:16,640: 	 self.config: from WMCore.Configuration import Configuration
config = Configuration()
config.section_('General')
config.section_('JobType')
config.JobType.psetName = '../../../TT-MC-Up.py'
config.JobType.pluginName = 'Analysis'
config.JobType.inputFiles = ['../../../Configuration/data/PhaseIISummer16_25nsV3_MC.db']
config.JobType.outputFiles = ['analysis.root']
config.JobType.allowUndistributedCMSSW = True
config.section_('Data')
config.Data.inputDataset = '/VBF_HToZZTo4L_M125_14TeV_powheg2_JHUgenV702_pythia8/PhaseIITDRFall17MiniAOD-PU200_93X_upgrade2023_realistic_v2-v1/MINIAODSIM'
config.Data.unitsPerJob = 1
config.Data.publication = False
config.Data.inputDBS = 'global'
config.Data.splitting = 'FileBased'
config.section_('Site')
config.Site.storageSite = 'T3_US_FNALLPC'
config.section_('User')
config.section_('Debug')

DEBUG 2017-11-15 07:45:16,640: 	 self.config.JobType.psetName: ../../../TT-MC-Up.py
INFO 2017-11-15 07:45:16,640: 	 Importing CMSSW configuration ../../../TT-MC-Up.py
INFO 2017-11-15 07:45:18,992: 	 Finished importing CMSSW configuration ../../../TT-MC-Up.py
DEBUG 2017-11-15 07:45:18,992: 	 Writing CMSSW configuration to /uscms_data/d3/samuellh/WorkingArea/TauAnalysis/CMSSW_9_3_2/src/PUAnalysis/VBFtt2017/crab/VBF65/crab_20171115_074509/inputs/PSet.py
DEBUG 2017-11-15 07:45:19,815: 	 The following EDM output files will be collected: []
DEBUG 2017-11-15 07:45:19,815: 	 The following TFile output files will be collected: ['analysis.root']
DEBUG 2017-11-15 07:45:19,815: 	 The following user output files will be collected: []
DEBUG 2017-11-15 07:45:19,815: 	 Loading required information from the environment
DEBUG 2017-11-15 07:45:19,815: 	 Found CMSSW_9_3_2 for slc6_amd64_gcc630 with base /uscms_data/d3/samuellh/WorkingArea/TauAnalysis/CMSSW_9_3_2
DEBUG 2017-11-15 07:45:19,815: 	 Making tarball in /uscms_data/d3/samuellh/WorkingArea/TauAnalysis/CMSSW_9_3_2/src/PUAnalysis/VBFtt2017/crab/VBF65/crab_20171115_074509/inputs/5d783814-fac4-4836-946f-464a37c71deddefault.tgz
DEBUG 2017-11-15 07:45:19,819: 	 Checking directory /uscms_data/d3/samuellh/WorkingArea/TauAnalysis/CMSSW_9_3_2/lib
DEBUG 2017-11-15 07:45:19,819: 	 Adding directory /uscms_data/d3/samuellh/WorkingArea/TauAnalysis/CMSSW_9_3_2/lib to tarball
DEBUG 2017-11-15 07:45:20,538: 	 Checking directory /uscms_data/d3/samuellh/WorkingArea/TauAnalysis/CMSSW_9_3_2/biglib
DEBUG 2017-11-15 07:45:20,538: 	 Adding directory /uscms_data/d3/samuellh/WorkingArea/TauAnalysis/CMSSW_9_3_2/biglib to tarball
DEBUG 2017-11-15 07:45:20,541: 	 Checking directory /uscms_data/d3/samuellh/WorkingArea/TauAnalysis/CMSSW_9_3_2/module
DEBUG 2017-11-15 07:45:20,564: 	 Adding data directory /uscms_data/d3/samuellh/WorkingArea/TauAnalysis/CMSSW_9_3_2/src/PUAnalysis/Configuration/data to tarball
DEBUG 2017-11-15 07:45:23,800: 	 Adding data directory /uscms_data/d3/samuellh/WorkingArea/TauAnalysis/CMSSW_9_3_2/src/PUAnalysis/DataFormats/interface to tarball
DEBUG 2017-11-15 07:45:23,808: 	 Adding data directory /uscms_data/d3/samuellh/WorkingArea/TauAnalysis/CMSSW_9_3_2/src/PUAnalysis/NtupleTools/interface to tarball
DEBUG 2017-11-15 07:45:23,813: 	 Adding data directory /uscms_data/d3/samuellh/WorkingArea/TauAnalysis/CMSSW_9_3_2/src/PUAnalysis/RecoTools/interface to tarball
DEBUG 2017-11-15 07:45:24,018: 	 Adding file ../../../Configuration/data/PhaseIISummer16_25nsV3_MC.db to tarball
DEBUG 2017-11-15 07:45:24,335: 	 Uploading archive /uscms_data/d3/samuellh/WorkingArea/TauAnalysis/CMSSW_9_3_2/src/PUAnalysis/VBFtt2017/crab/VBF65/crab_20171115_074509/inputs/5d783814-fac4-4836-946f-464a37c71deddefault.tgz (11 MB) to the CRAB cache. Using URI https://cmsweb.cern.ch/crabcache
DEBUG 2017-11-15 07:45:31,427: 	 Loading required information from the environment
DEBUG 2017-11-15 07:45:31,427: 	 Found CMSSW_9_3_2 for slc6_amd64_gcc630 with base /uscms_data/d3/samuellh/WorkingArea/TauAnalysis/CMSSW_9_3_2
DEBUG 2017-11-15 07:45:31,427: 	 Making tarball in /uscms_data/d3/samuellh/WorkingArea/TauAnalysis/CMSSW_9_3_2/src/PUAnalysis/VBFtt2017/crab/VBF65/crab_20171115_074509/inputs/debugFiles.tgz
DEBUG 2017-11-15 07:45:31,518: 	 Uploading archive /uscms_data/d3/samuellh/WorkingArea/TauAnalysis/CMSSW_9_3_2/src/PUAnalysis/VBFtt2017/crab/VBF65/crab_20171115_074509/inputs/debugFiles.tgz (2 KB) to the CRAB cache. Using URI https://cmsweb.cern.ch/crabcache
DEBUG 2017-11-15 07:45:33,350: 	 Result uploading input files: 4e198fb019d07e682a8bd09208595d4eb73bac82ae7f6e24154a54b4451cc952.tar.gz 
INFO 2017-11-15 07:45:33,350: 	 Sending the request to the server
DEBUG 2017-11-15 07:45:33,350: 	 Submitting {'maxjobruntime': 1250, 'extrajdl': [], 'ignorelocality': 0, 'savelogsflag': 0, 'useparent': 0, 'asyncdest': 'T3_US_FNALLPC', 'algoargs': 1, 'cachefilename': '4e198fb019d07e682a8bd09208595d4eb73bac82ae7f6e24154a54b4451cc952.tar.gz', 'numcores': 1, 'addoutputfiles': [], 'generator': 'pythia', 'maxmemory': 2000, 'publishdbsurl': 'https://cmsweb.cern.ch/dbs/prod/phys03/DBSWriter', 'priority': 10, 'jobsw': 'CMSSW_9_3_2', 'edmoutfiles': [], 'userfiles': [], 'primarydataset': '', 'inputdata': '/VBF_HToZZTo4L_M125_14TeV_powheg2_JHUgenV702_pythia8/PhaseIITDRFall17MiniAOD-PU200_93X_upgrade2023_realistic_v2-v1/MINIAODSIM', 'dryrun': 0, 'workflow': 'crab_20171115_074509', 'cacheurl': u'https://cmsweb.cern.ch/crabcache', 'nonprodsw': 1, 'tfileoutfiles': ['analysis.root'], 'oneEventMode': 0, 'debugfilename': '984a672b75c499ca7106c969bc2d6feda24b94805ee75dadfff12d54250d44da.tar.gz', 'saveoutput': 1, 'publication': 0, 'jobarch': 'slc6_amd64_gcc630', 'totalunits': 0, 'splitalgo': 'FileBased', 'ignoreglobalblacklist': 0, 'nonvaliddata': 0, 'dbsurl': 'https://cmsweb.cern.ch/dbs/prod/global/DBSReader', 'publishgroupname': 0, 'jobtype': 'Analysis', 'publishname2': ''} 
DEBUG 2017-11-15 07:45:33,351: 	 Encoded submit request: maxjobruntime=1250&ignorelocality=0&savelogsflag=0&useparent=0&asyncdest=T3_US_FNALLPC&algoargs=1&cachefilename=4e198fb019d07e682a8bd09208595d4eb73bac82ae7f6e24154a54b4451cc952.tar.gz&numcores=1&generator=pythia&maxmemory=2000&publishdbsurl=https%3A%2F%2Fcmsweb.cern.ch%2Fdbs%2Fprod%2Fphys03%2FDBSWriter&priority=10&jobsw=CMSSW_9_3_2&primarydataset=&inputdata=%2FVBF_HToZZTo4L_M125_14TeV_powheg2_JHUgenV702_pythia8%2FPhaseIITDRFall17MiniAOD-PU200_93X_upgrade2023_realistic_v2-v1%2FMINIAODSIM&dryrun=0&workflow=crab_20171115_074509&cacheurl=https%3A%2F%2Fcmsweb.cern.ch%2Fcrabcache&nonprodsw=1&oneEventMode=0&debugfilename=984a672b75c499ca7106c969bc2d6feda24b94805ee75dadfff12d54250d44da.tar.gz&saveoutput=1&publication=0&jobarch=slc6_amd64_gcc630&totalunits=0&splitalgo=FileBased&ignoreglobalblacklist=0&nonvaliddata=0&dbsurl=https%3A%2F%2Fcmsweb.cern.ch%2Fdbs%2Fprod%2Fglobal%2FDBSReader&publishgroupname=0&jobtype=Analysis&publishname2=&tfileoutfiles=analysis.root
DEBUG 2017-11-15 07:45:35,149: 	 Result: {u'result': [{u'RequestName': u'171115_134535:shigginb_crab_20171115_074509'}]}
INFO 2017-11-15 07:45:36,018: 	 Success: Your task has been delivered to the CRAB3 server.
INFO 2017-11-15 07:45:36,018: 	 Task name: 171115_134535:shigginb_crab_20171115_074509
INFO 2017-11-15 07:45:36,019: 	 Please use 'crab status' to check how the submission process proceeds.
DEBUG 2017-11-15 07:45:36,019: 	 About to return
INFO 2017-11-15 07:45:36,024: 	 Log file is /uscms_data/d3/samuellh/WorkingArea/TauAnalysis/CMSSW_9_3_2/src/PUAnalysis/VBFtt2017/crab/VBF65/crab_20171115_074509/crab.log
DEBUG 2017-11-15 08:07:38,934: 	 Executing command: 'status'
DEBUG 2017-11-15 08:07:38,935: 	 Found CRAB cache file /uscms/home/samuellh/.crab3
DEBUG 2017-11-15 08:07:38,942: 	 Checking credentials
DEBUG 2017-11-15 08:07:38,942: 	 Found proxy file /tmp/x509up_u52190
DEBUG 2017-11-15 08:07:38,942: 	 Getting proxy life time left
DEBUG 2017-11-15 08:07:39,045: 	 Executing : 
 command : voms-proxy-info -file /tmp/x509up_u52190 -timeleft
 output : 80824

 error: 
 retcode : 0
DEBUG 2017-11-15 08:07:39,148: 	 Executing : 
 command : voms-proxy-info -file /tmp/x509up_u52190 -actimeleft
 output : 80823

 error: 
 retcode : 0
DEBUG 2017-11-15 08:07:39,149: 	 Proxy valid for 22:27:04 hours
DEBUG 2017-11-15 08:07:39,261: 	 Executing : 
 command : openssl x509 -in ~/.globus/usercert.pem -subject -noout
 output : subject= /DC=ch/DC=cern/OU=Organic Units/OU=Users/CN=shigginb/CN=785176/CN=Sam Higginbotham

 error: 
 retcode : 0
DEBUG 2017-11-15 08:07:39,262: 	 Checking credentials
DEBUG 2017-11-15 08:07:39,262: 	 Found proxy file /tmp/x509up_u52190
DEBUG 2017-11-15 08:07:39,262: 	 Getting proxy life time left
DEBUG 2017-11-15 08:07:39,365: 	 Executing : 
 command : voms-proxy-info -file /tmp/x509up_u52190 -timeleft
 output : 80824

 error: 
 retcode : 0
DEBUG 2017-11-15 08:07:39,468: 	 Executing : 
 command : voms-proxy-info -file /tmp/x509up_u52190 -actimeleft
 output : 80823

 error: 
 retcode : 0
DEBUG 2017-11-15 08:07:39,468: 	 Proxy valid for 22:27:04 hours
DEBUG 2017-11-15 08:07:41,172: 	 Registering user credentials for server /DC=ch/DC=cern/OU=computers/CN=vocms(045|052|021|031|0118|0118a|0119|0108|0105|0109).cern.ch
DEBUG 2017-11-15 08:07:41,281: 	 Executing : 
 command : openssl x509 -in ~/.globus/usercert.pem -subject -noout
 output : subject= /DC=ch/DC=cern/OU=Organic Units/OU=Users/CN=shigginb/CN=785176/CN=Sam Higginbotham

 error: 
 retcode : 0
DEBUG 2017-11-15 08:07:41,281: 	 Getting myproxy life time left for myproxy.cern.ch
DEBUG 2017-11-15 08:07:41,281: 	 Calculating hash of /DC=ch/DC=cern/OU=Organic Units/OU=Users/CN=shigginb/CN=785176/CN=Sam Higginbotham_cmsweb.cern.ch for credential name
DEBUG 2017-11-15 08:07:41,985: 	 Executing : 
 command : myproxy-info -l 2f318c7a260d78734589f2cc772d26b8be79ec6c -s myproxy.cern.ch
 output : username: 2f318c7a260d78734589f2cc772d26b8be79ec6c
owner: /DC=ch/DC=cern/OU=Organic Units/OU=Users/CN=shigginb/CN=785176/CN=Sam Higginbotham
  renewal policy: /DC=ch/DC=cern/OU=computers/CN=vocms(045|052|021|031|0118|0118a|0119|0108|0105|0109).cern.ch
  trusted retrieval policy: /DC=ch/DC=cern/OU=computers/CN=vocms(045|052|021|031|0118|0118a|0119|0108|0105|0109).cern.ch
  timeleft: 431:16:00  (18.0 days)

 error: 
 retcode : 0
DEBUG 2017-11-15 08:07:41,987: 	 Myproxy is valid: 1552560
DEBUG 2017-11-15 08:07:41,987: 	 Command use: status
DEBUG 2017-11-15 08:07:41,987: 	 Options use: ['-d', 'crab_20171115_074509/']
DEBUG 2017-11-15 08:07:43,676: 	 CRABClient version: 3.3.1707.patch1
DEBUG 2017-11-15 08:07:43,676: 	 Instance is prod
DEBUG 2017-11-15 08:07:43,676: 	 Server base url is cmsweb.cern.ch
DEBUG 2017-11-15 08:07:43,676: 	 Command url /crabserver/prod/workflow
DEBUG 2017-11-15 08:07:45,379: 	 Got information from server oracle database: {u'result': [u'171115_134535:shigginb_crab_20171115_074509', u'None', u'SUBMITTED', u'2017-11-15 13:45:35.087850', u'None', u'2017-11-15 13:46:13.992868', u'None', u'CMSSW_9_3_2', u'slc6_amd64_gcc630', u'/VBF_HToZZTo4L_M125_14TeV_powheg2_JHUgenV702_pythia8/PhaseIITDRFall17MiniAOD-PU200_93X_upgrade2023_realistic_v2-v1/MINIAODSIM', u'[]', u'[]', u'FileBased', u"{'splitOnRun': False, 'halt_job_on_file_boundaries': False, 'files_per_job': 1, 'runs': [], 'lumis': []}", u'0', u'4e198fb019d07e682a8bd09208595d4eb73bac82ae7f6e24154a54b4451cc952.tar.gz', u'https://cmsweb.cern.ch/crabcache', u'shigginb', u'/DC=ch/DC=cern/OU=Organic Units/OU=Users/CN=shigginb/CN=785176/CN=Sam Higginbotham', u'cms', u'None', u'None', u'crab_20171115_074509-00000000000000000000000000000000', u'T3_US_FNALLPC', u'https://cmsweb.cern.ch/dbs/prod/global/DBSReader', u'https://cmsweb.cern.ch/dbs/prod/phys03/DBSWriter', u'F', u'Analysis', u'{}', u'[]', u'F', u'vocms052', u'[]', u'1250', u'1', u'2000', u'10', u'None', u'http://vocms0198.cern.ch/mon/cms1359/171115_134535:shigginb_crab_20171115_074509', u'None', u'None', u'[]', u'[]', u'[]', u'pythia', u'[]', u"['analysis.root']", u'[]', u'https://cmsweb.cern.ch/crabserver/prod', u'None', u'0', u'cmssrv221.fnal.gov:9620', u'crab3@vocms0198.cern.ch', u'F', u'[]', u'T', u'/store/user/shigginb/', u'F', u'None', u'F', u'F', u'F', u'None', u'VBF_HToZZTo4L_M125_14TeV_powheg2_JHUgenV702_pythia8', u'filetransfers', u'SUBMIT', u'13823400', u'984a672b75c499ca7106c969bc2d6feda24b94805ee75dadfff12d54250d44da.tar.gz', u'131.225.190.56', u'F', u'None'], u'desc': {u'columns': [u'tm_taskname', u'panda_jobset_id', u'tm_task_status', u'tm_start_time', u'tm_start_injection', u'tm_end_injection', u'tm_task_failure', u'tm_job_sw', u'tm_job_arch', u'tm_input_dataset', u'tm_site_whitelist', u'tm_site_blacklist', u'tm_split_algo', u'tm_split_args', u'tm_totalunits', u'tm_user_sandbox', u'tm_cache_url', u'tm_username', u'tm_user_dn', u'tm_user_vo', u'tm_user_role', u'tm_user_group', u'tm_publish_name', u'tm_asyncdest', u'tm_dbs_url', u'tm_publish_dbs_url', u'tm_publication', u'tm_job_type', u'tm_arguments', u'panda_resubmitted_jobs', u'tm_save_logs', u'tw_name', u'tm_user_infiles', u'tm_maxjobruntime', u'tm_numcores', u'tm_maxmemory', u'tm_priority', u'tm_output_dataset', u'tm_user_webdir', u'tm_activity', u'tm_scriptexe', u'tm_scriptargs', u'tm_extrajdl', u'tm_task_warnings', u'tm_generator', u'tm_outfiles', u'tm_tfile_outfiles', u'tm_edm_outfiles', u'tm_asourl', u'tm_events_per_lumi', u'tm_use_parent', u'tm_collector', u'tm_schedd', u'tm_dry_run', u'tm_user_files', u'tm_transfer_outputs', u'tm_output_lfn', u'tm_ignore_locality', u'tm_fail_limit', u'tm_one_event_mode', u'tm_publish_groupname', u'tm_nonvalid_input_dataset', u'tm_secondary_input_dataset', u'tm_primary_dataset', u'tm_asodb', u'tm_task_command', u'clusterid', u'tm_debug_files', u'tm_submitter_ip_addr', u'tm_ignore_global_blacklist', u'tm_last_publication']}}
INFO 2017-11-15 08:07:45,380: 	 CRAB project directory:		/uscms_data/d3/samuellh/WorkingArea/TauAnalysis/CMSSW_9_3_2/src/PUAnalysis/VBFtt2017/crab/VBF65/crab_20171115_074509
INFO 2017-11-15 08:07:45,380: 	 Task name:			171115_134535:shigginb_crab_20171115_074509
INFO 2017-11-15 08:07:45,380: 	 Grid scheduler:			crab3@vocms0198.cern.ch
INFO 2017-11-15 08:07:45,380: 	 Status on the CRAB server:	SUBMITTED
INFO 2017-11-15 08:07:45,381: 	 Task URL to use for HELP:	https://cmsweb.cern.ch/crabserver/ui/task/171115_134535%3Ashigginb_crab_20171115_074509
INFO 2017-11-15 08:07:45,381: 	 Dashboard monitoring URL:	http://dashb-cms-job.cern.ch/dashboard/templates/task-analysis/#user=shigginb&refresh=0&table=Jobs&p=1&records=25&activemenu=2&status=&site=&tid=171115_134535%3Ashigginb_crab_20171115_074509
DEBUG 2017-11-15 08:07:45,381: 	 The CRAB server submitted your task to the Grid scheduler (cluster ID: 13823400)
DEBUG 2017-11-15 08:07:45,381: 	 Webdir is located at http://vocms0198.cern.ch/mon/cms1359/171115_134535:shigginb_crab_20171115_074509
DEBUG 2017-11-15 08:07:47,429: 	 Proxied webdir is located at https://cmsweb.cern.ch/scheddmon/0198/cms1359/171115_134535:shigginb_crab_20171115_074509
DEBUG 2017-11-15 08:07:47,429: 	 Retrieving 'status_cache' file from https://cmsweb.cern.ch/scheddmon/0198/cms1359/171115_134535:shigginb_crab_20171115_074509/status_cache
DEBUG 2017-11-15 08:07:49,121: 	 Got information from status cache file: {'1': {'Retries': 0, 'WallDurations': [9.0], 'StartTimes': [1510754612.0], 'SubmitTimes': [1510753587.0], 'JobIds': ['13823405.0'], 'EndTimes': [], 'Restarts': 0, 'RecordedSite': False, 'State': 'running', 'ResidentSetSize': [2584], 'TotalUserCpuTimeHistory': [0], 'SiteHistory': ['Unknown'], 'TotalSysCpuTimeHistory': [0]}, '3': {'Retries': 0, 'WallDurations': [9.0], 'StartTimes': [1510754612.0], 'SubmitTimes': [1510753593.0], 'JobIds': ['13823413.0'], 'EndTimes': [], 'Restarts': 0, 'RecordedSite': False, 'State': 'running', 'ResidentSetSize': [2584], 'TotalUserCpuTimeHistory': [0], 'SiteHistory': ['Unknown'], 'TotalSysCpuTimeHistory': [0]}, '2': {'Retries': 0, 'WallDurations': [554.0], 'StartTimes': [1510754051.0], 'SubmitTimes': [1510753598.0], 'JobIds': ['13823420.0'], 'EndTimes': [1510754605.0], 'Restarts': 0, 'RecordedSite': False, 'State': 'finished', 'ResidentSetSize': [767680], 'TotalUserCpuTimeHistory': [222], 'SiteHistory': ['Unknown'], 'TotalSysCpuTimeHistory': [8]}, '5': {'Retries': 0, 'WallDurations': [708.0], 'StartTimes': [1510754050.0], 'SubmitTimes': [1510753598.0], 'JobIds': ['13823418.0'], 'EndTimes': [1510754758.0], 'Restarts': 0, 'RecordedSite': False, 'State': 'finished', 'ResidentSetSize': [1774844], 'TotalUserCpuTimeHistory': [453], 'SiteHistory': ['Unknown'], 'TotalSysCpuTimeHistory': [15]}, '4': {'Retries': 0, 'WallDurations': [153.0], 'StartTimes': [1510754049.0], 'SubmitTimes': [1510753589.0], 'JobIds': ['13823407.0'], 'EndTimes': [1510754202.0], 'Restarts': 0, 'RecordedSite': False, 'State': 'finished', 'ResidentSetSize': [31268], 'TotalUserCpuTimeHistory': [107], 'SiteHistory': ['Unknown'], 'TotalSysCpuTimeHistory': [4]}, '7': {'Retries': 0, 'WallDurations': [527.0], 'StartTimes': [1510754267.0], 'SubmitTimes': [1510753591.0], 'JobIds': ['13823409.0'], 'EndTimes': [1510754794.0], 'Restarts': 0, 'RecordedSite': False, 'State': 'finished', 'ResidentSetSize': [1822476], 'TotalUserCpuTimeHistory': [324], 'SiteHistory': ['Unknown'], 'TotalSysCpuTimeHistory': [6]}, '6': {'Retries': 0, 'WallDurations': [338.0], 'StartTimes': [1510754268.0], 'SubmitTimes': [1510753591.0], 'JobIds': ['13823411.0'], 'EndTimes': [1510754606.0], 'Restarts': 0, 'RecordedSite': False, 'State': 'finished', 'ResidentSetSize': [757740], 'TotalUserCpuTimeHistory': [117], 'SiteHistory': ['Unknown'], 'TotalSysCpuTimeHistory': [4]}}
INFO 2017-11-15 08:07:49,122: 	 Status on the scheduler:	SUBMITTED
INFO 2017-11-15 08:07:49,122: 	 
Jobs status:                    finished       71.4% (5/7)
INFO 2017-11-15 08:07:49,122: 	 				running        28.6% (2/7)
INFO 2017-11-15 08:07:49,122: 	 
No publication information (publication has been disabled in the CRAB configuration file)
INFO 2017-11-15 08:07:49,133: 	 Log file is /uscms_data/d3/samuellh/WorkingArea/TauAnalysis/CMSSW_9_3_2/src/PUAnalysis/VBFtt2017/crab/VBF65/crab_20171115_074509/crab.log
DEBUG 2017-11-15 09:20:34,246: 	 Executing command: 'status'
DEBUG 2017-11-15 09:20:34,248: 	 Found CRAB cache file /uscms/home/samuellh/.crab3
DEBUG 2017-11-15 09:20:34,256: 	 Checking credentials
DEBUG 2017-11-15 09:20:34,256: 	 Found proxy file /tmp/x509up_u52190
DEBUG 2017-11-15 09:20:34,256: 	 Getting proxy life time left
DEBUG 2017-11-15 09:20:34,359: 	 Executing : 
 command : voms-proxy-info -file /tmp/x509up_u52190 -timeleft
 output : 76449

 error: 
 retcode : 0
DEBUG 2017-11-15 09:20:34,462: 	 Executing : 
 command : voms-proxy-info -file /tmp/x509up_u52190 -actimeleft
 output : 76448

 error: 
 retcode : 0
DEBUG 2017-11-15 09:20:34,463: 	 Proxy valid for 21:14:09 hours
DEBUG 2017-11-15 09:20:34,575: 	 Executing : 
 command : openssl x509 -in ~/.globus/usercert.pem -subject -noout
 output : subject= /DC=ch/DC=cern/OU=Organic Units/OU=Users/CN=shigginb/CN=785176/CN=Sam Higginbotham

 error: 
 retcode : 0
DEBUG 2017-11-15 09:20:34,576: 	 Checking credentials
DEBUG 2017-11-15 09:20:34,576: 	 Found proxy file /tmp/x509up_u52190
DEBUG 2017-11-15 09:20:34,576: 	 Getting proxy life time left
DEBUG 2017-11-15 09:20:34,679: 	 Executing : 
 command : voms-proxy-info -file /tmp/x509up_u52190 -timeleft
 output : 76449

 error: 
 retcode : 0
DEBUG 2017-11-15 09:20:34,782: 	 Executing : 
 command : voms-proxy-info -file /tmp/x509up_u52190 -actimeleft
 output : 76448

 error: 
 retcode : 0
DEBUG 2017-11-15 09:20:34,783: 	 Proxy valid for 21:14:09 hours
DEBUG 2017-11-15 09:20:36,578: 	 Registering user credentials for server /DC=ch/DC=cern/OU=computers/CN=vocms(045|052|021|031|0118|0118a|0119|0108|0105|0109).cern.ch
DEBUG 2017-11-15 09:20:36,687: 	 Executing : 
 command : openssl x509 -in ~/.globus/usercert.pem -subject -noout
 output : subject= /DC=ch/DC=cern/OU=Organic Units/OU=Users/CN=shigginb/CN=785176/CN=Sam Higginbotham

 error: 
 retcode : 0
DEBUG 2017-11-15 09:20:36,687: 	 Getting myproxy life time left for myproxy.cern.ch
DEBUG 2017-11-15 09:20:36,687: 	 Calculating hash of /DC=ch/DC=cern/OU=Organic Units/OU=Users/CN=shigginb/CN=785176/CN=Sam Higginbotham_cmsweb.cern.ch for credential name
DEBUG 2017-11-15 09:20:37,391: 	 Executing : 
 command : myproxy-info -l 2f318c7a260d78734589f2cc772d26b8be79ec6c -s myproxy.cern.ch
 output : username: 2f318c7a260d78734589f2cc772d26b8be79ec6c
owner: /DC=ch/DC=cern/OU=Organic Units/OU=Users/CN=shigginb/CN=785176/CN=Sam Higginbotham
  renewal policy: /DC=ch/DC=cern/OU=computers/CN=vocms(045|052|021|031|0118|0118a|0119|0108|0105|0109).cern.ch
  trusted retrieval policy: /DC=ch/DC=cern/OU=computers/CN=vocms(045|052|021|031|0118|0118a|0119|0108|0105|0109).cern.ch
  timeleft: 430:03:04  (17.9 days)

 error: 
 retcode : 0
DEBUG 2017-11-15 09:20:37,394: 	 Myproxy is valid: 1548184
DEBUG 2017-11-15 09:20:37,394: 	 Command use: status
DEBUG 2017-11-15 09:20:37,394: 	 Options use: ['-d', 'crab_20171115_074509/']
DEBUG 2017-11-15 09:20:39,127: 	 CRABClient version: 3.3.1707.patch1
DEBUG 2017-11-15 09:20:39,127: 	 Instance is prod
DEBUG 2017-11-15 09:20:39,127: 	 Server base url is cmsweb.cern.ch
DEBUG 2017-11-15 09:20:39,127: 	 Command url /crabserver/prod/workflow
DEBUG 2017-11-15 09:20:40,752: 	 Got information from server oracle database: {u'result': [u'171115_134535:shigginb_crab_20171115_074509', u'None', u'SUBMITTED', u'2017-11-15 13:45:35.087850', u'None', u'2017-11-15 13:46:13.992868', u'None', u'CMSSW_9_3_2', u'slc6_amd64_gcc630', u'/VBF_HToZZTo4L_M125_14TeV_powheg2_JHUgenV702_pythia8/PhaseIITDRFall17MiniAOD-PU200_93X_upgrade2023_realistic_v2-v1/MINIAODSIM', u'[]', u'[]', u'FileBased', u"{'splitOnRun': False, 'halt_job_on_file_boundaries': False, 'files_per_job': 1, 'runs': [], 'lumis': []}", u'0', u'4e198fb019d07e682a8bd09208595d4eb73bac82ae7f6e24154a54b4451cc952.tar.gz', u'https://cmsweb.cern.ch/crabcache', u'shigginb', u'/DC=ch/DC=cern/OU=Organic Units/OU=Users/CN=shigginb/CN=785176/CN=Sam Higginbotham', u'cms', u'None', u'None', u'crab_20171115_074509-00000000000000000000000000000000', u'T3_US_FNALLPC', u'https://cmsweb.cern.ch/dbs/prod/global/DBSReader', u'https://cmsweb.cern.ch/dbs/prod/phys03/DBSWriter', u'F', u'Analysis', u'{}', u'[]', u'F', u'vocms052', u'[]', u'1250', u'1', u'2000', u'10', u'None', u'http://vocms0198.cern.ch/mon/cms1359/171115_134535:shigginb_crab_20171115_074509', u'None', u'None', u'[]', u'[]', u'[]', u'pythia', u'[]', u"['analysis.root']", u'[]', u'https://cmsweb.cern.ch/crabserver/prod', u'None', u'0', u'cmssrv221.fnal.gov:9620', u'crab3@vocms0198.cern.ch', u'F', u'[]', u'T', u'/store/user/shigginb/', u'F', u'None', u'F', u'F', u'F', u'None', u'VBF_HToZZTo4L_M125_14TeV_powheg2_JHUgenV702_pythia8', u'filetransfers', u'SUBMIT', u'13823400', u'984a672b75c499ca7106c969bc2d6feda24b94805ee75dadfff12d54250d44da.tar.gz', u'131.225.190.56', u'F', u'None'], u'desc': {u'columns': [u'tm_taskname', u'panda_jobset_id', u'tm_task_status', u'tm_start_time', u'tm_start_injection', u'tm_end_injection', u'tm_task_failure', u'tm_job_sw', u'tm_job_arch', u'tm_input_dataset', u'tm_site_whitelist', u'tm_site_blacklist', u'tm_split_algo', u'tm_split_args', u'tm_totalunits', u'tm_user_sandbox', u'tm_cache_url', u'tm_username', u'tm_user_dn', u'tm_user_vo', u'tm_user_role', u'tm_user_group', u'tm_publish_name', u'tm_asyncdest', u'tm_dbs_url', u'tm_publish_dbs_url', u'tm_publication', u'tm_job_type', u'tm_arguments', u'panda_resubmitted_jobs', u'tm_save_logs', u'tw_name', u'tm_user_infiles', u'tm_maxjobruntime', u'tm_numcores', u'tm_maxmemory', u'tm_priority', u'tm_output_dataset', u'tm_user_webdir', u'tm_activity', u'tm_scriptexe', u'tm_scriptargs', u'tm_extrajdl', u'tm_task_warnings', u'tm_generator', u'tm_outfiles', u'tm_tfile_outfiles', u'tm_edm_outfiles', u'tm_asourl', u'tm_events_per_lumi', u'tm_use_parent', u'tm_collector', u'tm_schedd', u'tm_dry_run', u'tm_user_files', u'tm_transfer_outputs', u'tm_output_lfn', u'tm_ignore_locality', u'tm_fail_limit', u'tm_one_event_mode', u'tm_publish_groupname', u'tm_nonvalid_input_dataset', u'tm_secondary_input_dataset', u'tm_primary_dataset', u'tm_asodb', u'tm_task_command', u'clusterid', u'tm_debug_files', u'tm_submitter_ip_addr', u'tm_ignore_global_blacklist', u'tm_last_publication']}}
INFO 2017-11-15 09:20:40,752: 	 CRAB project directory:		/uscms_data/d3/samuellh/WorkingArea/TauAnalysis/CMSSW_9_3_2/src/PUAnalysis/VBFtt2017/crab/VBF65/crab_20171115_074509
INFO 2017-11-15 09:20:40,752: 	 Task name:			171115_134535:shigginb_crab_20171115_074509
INFO 2017-11-15 09:20:40,753: 	 Grid scheduler:			crab3@vocms0198.cern.ch
INFO 2017-11-15 09:20:40,753: 	 Status on the CRAB server:	SUBMITTED
INFO 2017-11-15 09:20:40,753: 	 Task URL to use for HELP:	https://cmsweb.cern.ch/crabserver/ui/task/171115_134535%3Ashigginb_crab_20171115_074509
INFO 2017-11-15 09:20:40,753: 	 Dashboard monitoring URL:	http://dashb-cms-job.cern.ch/dashboard/templates/task-analysis/#user=shigginb&refresh=0&table=Jobs&p=1&records=25&activemenu=2&status=&site=&tid=171115_134535%3Ashigginb_crab_20171115_074509
DEBUG 2017-11-15 09:20:40,753: 	 The CRAB server submitted your task to the Grid scheduler (cluster ID: 13823400)
DEBUG 2017-11-15 09:20:40,753: 	 Webdir is located at http://vocms0198.cern.ch/mon/cms1359/171115_134535:shigginb_crab_20171115_074509
DEBUG 2017-11-15 09:20:42,573: 	 Proxied webdir is located at https://cmsweb.cern.ch/scheddmon/0198/cms1359/171115_134535:shigginb_crab_20171115_074509
DEBUG 2017-11-15 09:20:42,573: 	 Retrieving 'status_cache' file from https://cmsweb.cern.ch/scheddmon/0198/cms1359/171115_134535:shigginb_crab_20171115_074509/status_cache
DEBUG 2017-11-15 09:20:44,190: 	 Got information from status cache file: {'1': {'Retries': 0, 'WallDurations': [343.0], 'StartTimes': [1510754612.0], 'SubmitTimes': [1510753587.0], 'JobIds': ['13823405.0'], 'EndTimes': [1510754955.0], 'Restarts': 0, 'RecordedSite': False, 'State': 'finished', 'ResidentSetSize': [670244], 'TotalUserCpuTimeHistory': [134], 'SiteHistory': ['Unknown'], 'TotalSysCpuTimeHistory': [5]}, '3': {'Retries': 0, 'WallDurations': [319.0], 'StartTimes': [1510754612.0], 'SubmitTimes': [1510753593.0], 'JobIds': ['13823413.0'], 'EndTimes': [1510754931.0], 'Restarts': 0, 'RecordedSite': False, 'State': 'finished', 'ResidentSetSize': [748388], 'TotalUserCpuTimeHistory': [122], 'SiteHistory': ['Unknown'], 'TotalSysCpuTimeHistory': [4]}, '2': {'Retries': 0, 'WallDurations': [554.0], 'StartTimes': [1510754051.0], 'SubmitTimes': [1510753598.0], 'JobIds': ['13823420.0'], 'EndTimes': [1510754605.0], 'Restarts': 0, 'RecordedSite': False, 'State': 'finished', 'ResidentSetSize': [767680], 'TotalUserCpuTimeHistory': [222], 'SiteHistory': ['Unknown'], 'TotalSysCpuTimeHistory': [8]}, '5': {'Retries': 0, 'WallDurations': [708.0], 'StartTimes': [1510754050.0], 'SubmitTimes': [1510753598.0], 'JobIds': ['13823418.0'], 'EndTimes': [1510754758.0], 'Restarts': 0, 'RecordedSite': False, 'State': 'finished', 'ResidentSetSize': [1774844], 'TotalUserCpuTimeHistory': [453], 'SiteHistory': ['Unknown'], 'TotalSysCpuTimeHistory': [15]}, '4': {'Retries': 0, 'WallDurations': [153.0], 'StartTimes': [1510754049.0], 'SubmitTimes': [1510753589.0], 'JobIds': ['13823407.0'], 'EndTimes': [1510754202.0], 'Restarts': 0, 'RecordedSite': False, 'State': 'finished', 'ResidentSetSize': [31268], 'TotalUserCpuTimeHistory': [107], 'SiteHistory': ['Unknown'], 'TotalSysCpuTimeHistory': [4]}, '7': {'Retries': 0, 'WallDurations': [527.0], 'StartTimes': [1510754267.0], 'SubmitTimes': [1510753591.0], 'JobIds': ['13823409.0'], 'EndTimes': [1510754794.0], 'Restarts': 0, 'RecordedSite': False, 'State': 'finished', 'ResidentSetSize': [1822476], 'TotalUserCpuTimeHistory': [324], 'SiteHistory': ['Unknown'], 'TotalSysCpuTimeHistory': [6]}, '6': {'Retries': 0, 'WallDurations': [338.0], 'StartTimes': [1510754268.0], 'SubmitTimes': [1510753591.0], 'JobIds': ['13823411.0'], 'EndTimes': [1510754606.0], 'Restarts': 0, 'RecordedSite': False, 'State': 'finished', 'ResidentSetSize': [757740], 'TotalUserCpuTimeHistory': [117], 'SiteHistory': ['Unknown'], 'TotalSysCpuTimeHistory': [4]}}
INFO 2017-11-15 09:20:44,190: 	 Status on the scheduler:	COMPLETED
INFO 2017-11-15 09:20:44,191: 	 
Jobs status:                    finished      100.0% (7/7)
INFO 2017-11-15 09:20:44,191: 	 
No publication information (publication has been disabled in the CRAB configuration file)
INFO 2017-11-15 09:20:44,442: 	 Log file is /uscms_data/d3/samuellh/WorkingArea/TauAnalysis/CMSSW_9_3_2/src/PUAnalysis/VBFtt2017/crab/VBF65/crab_20171115_074509/crab.log
