# Conditions read from  CMS_CONDITIONS  via FrontierProd 
 ################################################################### 
 # WARNING: this module is deprecated.                             # 
 # Please use CondCore.CondDB.CondDB_cfi.py                        # 
 ################################################################### 
recorrecting the jets
List Of Filters
['processedEvents', 'initialEventsTT', 'AtLeastOneDiMuon', 'DiMuonCreation', 'AtLeastOneDiTau', 'TTTauPtEta', 'TTTauDecayFound', 'TTTauStandardDecayFound', 'TTTauDRSel', 'TTSync', 'TTAntiEle', 'TTAntiMu', 'TTIso', 'TTOS']
DEBUG 2018-02-23 15:56:20,128: 	 Executing command: 'submit'
DEBUG 2018-02-23 15:56:20,129: 	 Found CRAB cache file /uscms/home/samuellh/.crab3
DEBUG 2018-02-23 15:56:20,138: 	 Checking credentials
DEBUG 2018-02-23 15:56:20,138: 	 Found proxy file /tmp/x509up_u52190
DEBUG 2018-02-23 15:56:20,138: 	 Getting proxy life time left
DEBUG 2018-02-23 15:56:20,242: 	 Executing : 
 command : voms-proxy-info -file /tmp/x509up_u52190 -timeleft
 output : 37282

 error: 
 retcode : 0
DEBUG 2018-02-23 15:56:20,345: 	 Executing : 
 command : voms-proxy-info -file /tmp/x509up_u52190 -actimeleft
 output : 37281

 error: 
 retcode : 0
DEBUG 2018-02-23 15:56:20,346: 	 Proxy valid for 10:21:22 hours
INFO 2018-02-23 15:56:20,346: 	 Will use CRAB configuration file crab3_cp_mc.py
DEBUG 2018-02-23 15:56:20,346: 	 Loading CRAB configuration file.
DEBUG 2018-02-23 15:56:20,357: 	 Will use CRAB Analysis plugin (i.e. will run an analysis job type).
DEBUG 2018-02-23 15:56:20,474: 	 Executing : 
 command : openssl x509 -in ~/.globus/usercert.pem -subject -noout
 output : subject= /DC=ch/DC=cern/OU=Organic Units/OU=Users/CN=shigginb/CN=785176/CN=Sam Higginbotham

 error: 
 retcode : 0
DEBUG 2018-02-23 15:56:20,474: 	 Checking credentials
DEBUG 2018-02-23 15:56:20,475: 	 Found proxy file /tmp/x509up_u52190
DEBUG 2018-02-23 15:56:20,475: 	 Getting proxy life time left
DEBUG 2018-02-23 15:56:20,578: 	 Executing : 
 command : voms-proxy-info -file /tmp/x509up_u52190 -timeleft
 output : 37282

 error: 
 retcode : 0
DEBUG 2018-02-23 15:56:20,681: 	 Executing : 
 command : voms-proxy-info -file /tmp/x509up_u52190 -actimeleft
 output : 37281

 error: 
 retcode : 0
DEBUG 2018-02-23 15:56:20,682: 	 Proxy valid for 10:21:22 hours
DEBUG 2018-02-23 15:56:20,785: 	 Executing : 
 command : env X509_USER_PROXY=/tmp/x509up_u52190 voms-proxy-info -fqan
 output : /cms/Role=NULL/Capability=NULL

 error: 
 retcode : 0
DEBUG 2018-02-23 15:56:21,689: 	 Registering user credentials for server /DC=ch/DC=cern/OU=computers/CN=vocms(045|052|021|031|0118|0118a|0119|0108|0105|0109).cern.ch
DEBUG 2018-02-23 15:56:21,797: 	 Executing : 
 command : openssl x509 -in ~/.globus/usercert.pem -subject -noout
 output : subject= /DC=ch/DC=cern/OU=Organic Units/OU=Users/CN=shigginb/CN=785176/CN=Sam Higginbotham

 error: 
 retcode : 0
DEBUG 2018-02-23 15:56:21,797: 	 Getting myproxy life time left for myproxy.cern.ch
DEBUG 2018-02-23 15:56:21,798: 	 Calculating hash of /DC=ch/DC=cern/OU=Organic Units/OU=Users/CN=shigginb/CN=785176/CN=Sam Higginbotham_cmsweb.cern.ch for credential name
DEBUG 2018-02-23 15:56:22,502: 	 Executing : 
 command : myproxy-info -l 2f318c7a260d78734589f2cc772d26b8be79ec6c -s myproxy.cern.ch
 output : username: 2f318c7a260d78734589f2cc772d26b8be79ec6c
owner: /DC=ch/DC=cern/OU=Organic Units/OU=Users/CN=shigginb/CN=785176/CN=Sam Higginbotham
  renewal policy: /DC=ch/DC=cern/OU=computers/CN=vocms(045|052|021|031|0118|0118a|0119|0108|0105|0109).cern.ch
  trusted retrieval policy: /DC=ch/DC=cern/OU=computers/CN=vocms(045|052|021|031|0118|0118a|0119|0108|0105|0109).cern.ch
  timeleft: 478:11:03  (19.9 days)

 error: 
 retcode : 0
DEBUG 2018-02-23 15:56:22,504: 	 Myproxy is valid: 1721463
DEBUG 2018-02-23 15:56:22,504: 	 Command use: submit
DEBUG 2018-02-23 15:56:22,504: 	 Options use: ['-c', 'crab3_cp_mc.py']
DEBUG 2018-02-23 15:56:23,608: 	 CRABClient version: 3.3.1802
DEBUG 2018-02-23 15:56:23,608: 	 Instance is prod
DEBUG 2018-02-23 15:56:23,608: 	 Server base url is cmsweb.cern.ch
DEBUG 2018-02-23 15:56:23,608: 	 Command url /crabserver/prod/workflow
DEBUG 2018-02-23 15:56:23,608: 	 Started submission
DEBUG 2018-02-23 15:56:23,608: 	 Working on /uscms_data/d3/samuellh/WorkingArea/CpHiggs/CMSSW_8_0_21/src/PUAnalysis/CrabTools/crab/GluGluH2JetsToTauTau/CP_Higgs_2016/crab_20180223_155620
DEBUG 2018-02-23 15:56:24,790: 	 Loading required information from the environment
DEBUG 2018-02-23 15:56:24,790: 	 Found CMSSW_8_0_21 for slc6_amd64_gcc530 with base /uscms_data/d3/samuellh/WorkingArea/CpHiggs/CMSSW_8_0_21
DEBUG 2018-02-23 15:56:24,790: 	 Loading required information from the environment
DEBUG 2018-02-23 15:56:24,790: 	 Found CMSSW_8_0_21 for slc6_amd64_gcc530 with base /uscms_data/d3/samuellh/WorkingArea/CpHiggs/CMSSW_8_0_21
DEBUG 2018-02-23 15:56:24,805: 	 UNIQUE NAME: tarUUID cd447661-ac70-4570-b5e6-d82e31863a80 
DEBUG 2018-02-23 15:56:24,805: 	 self.config: from WMCore.Configuration import Configuration
config = Configuration()
config.section_('General')
config.General.workArea = 'CP_Higgs_2016'
config.General.requestName = ''
config.section_('JobType')
config.JobType.psetName = '../../../cp-mc.py'
config.JobType.pluginName = 'Analysis'
config.JobType.inputFiles = ['../../../Configuration/data/Summer16_23Sep2016V4_MC.db']
config.JobType.outputFiles = ['analysis.root']
config.JobType.allowUndistributedCMSSW = True
config.section_('Data')
config.Data.inputDataset = '/GluGluH2JetsToTauTau_M125_13TeV_CPmixing_maxmix_JHU/RunIISummer16MiniAODv2-PUMoriond17_80X_mcRun2_asymptotic_2016_TrancheIV_v6-v1/MINIAODSIM'
config.Data.unitsPerJob = 1
config.Data.publication = False
config.Data.inputDBS = 'global'
config.Data.splitting = 'FileBased'
config.section_('Site')
config.Site.storageSite = 'T3_US_FNALLPC'
config.section_('User')
config.section_('Debug')

DEBUG 2018-02-23 15:56:24,805: 	 self.config.JobType.psetName: ../../../cp-mc.py
INFO 2018-02-23 15:56:24,806: 	 Importing CMSSW configuration ../../../cp-mc.py
INFO 2018-02-23 15:56:27,524: 	 Finished importing CMSSW configuration ../../../cp-mc.py
DEBUG 2018-02-23 15:56:27,525: 	 Writing CMSSW configuration to /uscms_data/d3/samuellh/WorkingArea/CpHiggs/CMSSW_8_0_21/src/PUAnalysis/CrabTools/crab/GluGluH2JetsToTauTau/CP_Higgs_2016/crab_20180223_155620/inputs/PSet.py
DEBUG 2018-02-23 15:56:28,766: 	 The following EDM output files will be collected: []
DEBUG 2018-02-23 15:56:28,766: 	 The following TFile output files will be collected: ['analysis.root']
DEBUG 2018-02-23 15:56:28,766: 	 The following user output files will be collected: []
DEBUG 2018-02-23 15:56:28,766: 	 Loading required information from the environment
DEBUG 2018-02-23 15:56:28,766: 	 Found CMSSW_8_0_21 for slc6_amd64_gcc530 with base /uscms_data/d3/samuellh/WorkingArea/CpHiggs/CMSSW_8_0_21
DEBUG 2018-02-23 15:56:28,766: 	 Making tarball in /uscms_data/d3/samuellh/WorkingArea/CpHiggs/CMSSW_8_0_21/src/PUAnalysis/CrabTools/crab/GluGluH2JetsToTauTau/CP_Higgs_2016/crab_20180223_155620/inputs/cd447661-ac70-4570-b5e6-d82e31863a80default.tgz
DEBUG 2018-02-23 15:56:28,839: 	 Checking directory /uscms_data/d3/samuellh/WorkingArea/CpHiggs/CMSSW_8_0_21/lib
DEBUG 2018-02-23 15:56:28,840: 	 Adding directory /uscms_data/d3/samuellh/WorkingArea/CpHiggs/CMSSW_8_0_21/lib to tarball
DEBUG 2018-02-23 15:56:39,054: 	 Checking directory /uscms_data/d3/samuellh/WorkingArea/CpHiggs/CMSSW_8_0_21/biglib
DEBUG 2018-02-23 15:56:39,054: 	 Adding directory /uscms_data/d3/samuellh/WorkingArea/CpHiggs/CMSSW_8_0_21/biglib to tarball
DEBUG 2018-02-23 15:56:39,056: 	 Checking directory /uscms_data/d3/samuellh/WorkingArea/CpHiggs/CMSSW_8_0_21/module
DEBUG 2018-02-23 15:56:39,396: 	 Adding data directory /uscms_data/d3/samuellh/WorkingArea/CpHiggs/CMSSW_8_0_21/src/PUAnalysis/Configuration/data to tarball
DEBUG 2018-02-23 15:56:42,592: 	 Adding data directory /uscms_data/d3/samuellh/WorkingArea/CpHiggs/CMSSW_8_0_21/src/PUAnalysis/DataFormats/interface to tarball
DEBUG 2018-02-23 15:56:42,603: 	 Adding data directory /uscms_data/d3/samuellh/WorkingArea/CpHiggs/CMSSW_8_0_21/src/PUAnalysis/NtupleTools/interface to tarball
DEBUG 2018-02-23 15:56:42,620: 	 Adding data directory /uscms_data/d3/samuellh/WorkingArea/CpHiggs/CMSSW_8_0_21/src/PUAnalysis/RecoTools/interface to tarball
DEBUG 2018-02-23 15:56:42,655: 	 Adding data directory /uscms_data/d3/samuellh/WorkingArea/CpHiggs/CMSSW_8_0_21/src/PUAnalysis/StatTools/ROOT/interface to tarball
DEBUG 2018-02-23 15:56:42,661: 	 Adding data directory /uscms_data/d3/samuellh/WorkingArea/CpHiggs/CMSSW_8_0_21/src/PUAnalysis/StatTools/data to tarball
DEBUG 2018-02-23 15:56:42,667: 	 Adding data directory /uscms_data/d3/samuellh/WorkingArea/CpHiggs/CMSSW_8_0_21/src/PUAnalysis/StatTools/interface to tarball
DEBUG 2018-02-23 15:56:43,022: 	 Adding data directory /uscms_data/d3/samuellh/WorkingArea/CpHiggs/CMSSW_8_0_21/src/ZZMatrixElement/MEKD/interface to tarball
DEBUG 2018-02-23 15:56:43,107: 	 Adding data directory /uscms_data/d3/samuellh/WorkingArea/CpHiggs/CMSSW_8_0_21/src/ZZMatrixElement/MELA/data to tarball
DEBUG 2018-02-23 15:57:08,133: 	 Adding data directory /uscms_data/d3/samuellh/WorkingArea/CpHiggs/CMSSW_8_0_21/src/ZZMatrixElement/MELA/interface to tarball
DEBUG 2018-02-23 15:57:08,293: 	 Adding data directory /uscms_data/d3/samuellh/WorkingArea/CpHiggs/CMSSW_8_0_21/src/ZZMatrixElement/MEMCalculators/interface to tarball
DEBUG 2018-02-23 15:57:08,299: 	 Adding data directory /uscms_data/d3/samuellh/WorkingArea/CpHiggs/CMSSW_8_0_21/src/ZZMatrixElement/PythonWrapper/interface to tarball
DEBUG 2018-02-23 15:57:08,319: 	 Adding data directory /uscms_data/d3/samuellh/WorkingArea/CpHiggs/CMSSW_8_0_21/src/TauAnalysis/SVfitStandalone/data to tarball
DEBUG 2018-02-23 15:57:08,334: 	 Adding data directory /uscms_data/d3/samuellh/WorkingArea/CpHiggs/CMSSW_8_0_21/src/TauAnalysis/SVfitStandalone/interface to tarball
DEBUG 2018-02-23 15:57:08,353: 	 Adding data directory /uscms_data/d3/samuellh/WorkingArea/CpHiggs/CMSSW_8_0_21/src/DataFormats/CTPPSReco/interface to tarball
DEBUG 2018-02-23 15:57:08,362: 	 Adding file ../../../Configuration/data/Summer16_23Sep2016V4_MC.db to tarball
DEBUG 2018-02-23 15:57:09,099: 	 Uploading archive /uscms_data/d3/samuellh/WorkingArea/CpHiggs/CMSSW_8_0_21/src/PUAnalysis/CrabTools/crab/GluGluH2JetsToTauTau/CP_Higgs_2016/crab_20180223_155620/inputs/cd447661-ac70-4570-b5e6-d82e31863a80default.tgz (63 MB) to the CRAB cache. Using URI https://cmsweb.cern.ch/crabcache
DEBUG 2018-02-23 15:57:37,320: 	 Loading required information from the environment
DEBUG 2018-02-23 15:57:37,321: 	 Found CMSSW_8_0_21 for slc6_amd64_gcc530 with base /uscms_data/d3/samuellh/WorkingArea/CpHiggs/CMSSW_8_0_21
DEBUG 2018-02-23 15:57:37,321: 	 Making tarball in /uscms_data/d3/samuellh/WorkingArea/CpHiggs/CMSSW_8_0_21/src/PUAnalysis/CrabTools/crab/GluGluH2JetsToTauTau/CP_Higgs_2016/crab_20180223_155620/inputs/debugFiles.tgz
DEBUG 2018-02-23 15:57:37,327: 	 Uploading archive /uscms_data/d3/samuellh/WorkingArea/CpHiggs/CMSSW_8_0_21/src/PUAnalysis/CrabTools/crab/GluGluH2JetsToTauTau/CP_Higgs_2016/crab_20180223_155620/inputs/debugFiles.tgz (2 KB) to the CRAB cache. Using URI https://cmsweb.cern.ch/crabcache
DEBUG 2018-02-23 15:57:38,614: 	 Result uploading input files: 96ab15e7c14266e693aed3c1f6d4a65723f909417b130812bd0067a433ff65f9.tar.gz 
INFO 2018-02-23 15:57:38,614: 	 Sending the request to the server
DEBUG 2018-02-23 15:57:38,614: 	 Submitting {'maxjobruntime': 1250, 'extrajdl': [], 'ignorelocality': 0, 'savelogsflag': 0, 'useparent': 0, 'asyncdest': 'T3_US_FNALLPC', 'algoargs': 1, 'cachefilename': '96ab15e7c14266e693aed3c1f6d4a65723f909417b130812bd0067a433ff65f9.tar.gz', 'numcores': 1, 'addoutputfiles': [], 'generator': 'pythia', 'maxmemory': 2000, 'publishdbsurl': 'https://cmsweb.cern.ch/dbs/prod/phys03/DBSWriter', 'priority': 10, 'jobsw': 'CMSSW_8_0_21', 'edmoutfiles': [], 'userfiles': [], 'primarydataset': '', 'inputdata': '/GluGluH2JetsToTauTau_M125_13TeV_CPmixing_maxmix_JHU/RunIISummer16MiniAODv2-PUMoriond17_80X_mcRun2_asymptotic_2016_TrancheIV_v6-v1/MINIAODSIM', 'dryrun': 0, 'workflow': 'crab_20180223_155620', 'cacheurl': u'https://cmsweb.cern.ch/crabcache', 'nonprodsw': 1, 'tfileoutfiles': ['analysis.root'], 'oneEventMode': 0, 'debugfilename': '696e205b46804a203fbf9edf57ca4286005dc9bbf5af56d8793e9fe08667584c.tar.gz', 'saveoutput': 1, 'publication': 0, 'jobarch': 'slc6_amd64_gcc530', 'totalunits': 0, 'splitalgo': 'FileBased', 'ignoreglobalblacklist': 0, 'nonvaliddata': 0, 'dbsurl': 'https://cmsweb.cern.ch/dbs/prod/global/DBSReader', 'publishgroupname': 0, 'jobtype': 'Analysis', 'publishname2': ''} 
DEBUG 2018-02-23 15:57:38,614: 	 Encoded submit request: maxjobruntime=1250&ignorelocality=0&savelogsflag=0&useparent=0&asyncdest=T3_US_FNALLPC&algoargs=1&cachefilename=96ab15e7c14266e693aed3c1f6d4a65723f909417b130812bd0067a433ff65f9.tar.gz&numcores=1&generator=pythia&maxmemory=2000&publishdbsurl=https%3A%2F%2Fcmsweb.cern.ch%2Fdbs%2Fprod%2Fphys03%2FDBSWriter&priority=10&jobsw=CMSSW_8_0_21&primarydataset=&inputdata=%2FGluGluH2JetsToTauTau_M125_13TeV_CPmixing_maxmix_JHU%2FRunIISummer16MiniAODv2-PUMoriond17_80X_mcRun2_asymptotic_2016_TrancheIV_v6-v1%2FMINIAODSIM&dryrun=0&workflow=crab_20180223_155620&cacheurl=https%3A%2F%2Fcmsweb.cern.ch%2Fcrabcache&nonprodsw=1&oneEventMode=0&debugfilename=696e205b46804a203fbf9edf57ca4286005dc9bbf5af56d8793e9fe08667584c.tar.gz&saveoutput=1&publication=0&jobarch=slc6_amd64_gcc530&totalunits=0&splitalgo=FileBased&ignoreglobalblacklist=0&nonvaliddata=0&dbsurl=https%3A%2F%2Fcmsweb.cern.ch%2Fdbs%2Fprod%2Fglobal%2FDBSReader&publishgroupname=0&jobtype=Analysis&publishname2=&tfileoutfiles=analysis.root
DEBUG 2018-02-23 15:57:39,759: 	 Result: {u'result': [{u'RequestName': u'180223_215739:shigginb_crab_20180223_155620'}]}
INFO 2018-02-23 15:57:39,761: 	 Success: Your task has been delivered to the CRAB3 server.
INFO 2018-02-23 15:57:39,761: 	 Task name: 180223_215739:shigginb_crab_20180223_155620
INFO 2018-02-23 15:57:39,761: 	 Please use 'crab status' to check how the submission process proceeds.
DEBUG 2018-02-23 15:57:39,761: 	 About to return
INFO 2018-02-23 15:57:39,765: 	 Log file is /uscms_data/d3/samuellh/WorkingArea/CpHiggs/CMSSW_8_0_21/src/PUAnalysis/CrabTools/crab/GluGluH2JetsToTauTau/CP_Higgs_2016/crab_20180223_155620/crab.log
DEBUG 2018-02-23 16:04:22,261: 	 Executing command: 'status'
DEBUG 2018-02-23 16:04:22,261: 	 Found CRAB cache file /uscms/home/samuellh/.crab3
DEBUG 2018-02-23 16:04:22,270: 	 Checking credentials
DEBUG 2018-02-23 16:04:22,270: 	 Found proxy file /tmp/x509up_u52190
DEBUG 2018-02-23 16:04:22,270: 	 Getting proxy life time left
DEBUG 2018-02-23 16:04:22,374: 	 Executing : 
 command : voms-proxy-info -file /tmp/x509up_u52190 -timeleft
 output : 36800

 error: 
 retcode : 0
DEBUG 2018-02-23 16:04:22,477: 	 Executing : 
 command : voms-proxy-info -file /tmp/x509up_u52190 -actimeleft
 output : 36799

 error: 
 retcode : 0
DEBUG 2018-02-23 16:04:22,478: 	 Proxy valid for 10:13:20 hours
DEBUG 2018-02-23 16:04:22,590: 	 Executing : 
 command : openssl x509 -in ~/.globus/usercert.pem -subject -noout
 output : subject= /DC=ch/DC=cern/OU=Organic Units/OU=Users/CN=shigginb/CN=785176/CN=Sam Higginbotham

 error: 
 retcode : 0
DEBUG 2018-02-23 16:04:22,590: 	 Checking credentials
DEBUG 2018-02-23 16:04:22,591: 	 Found proxy file /tmp/x509up_u52190
DEBUG 2018-02-23 16:04:22,591: 	 Getting proxy life time left
DEBUG 2018-02-23 16:04:22,694: 	 Executing : 
 command : voms-proxy-info -file /tmp/x509up_u52190 -timeleft
 output : 36800

 error: 
 retcode : 0
DEBUG 2018-02-23 16:04:22,797: 	 Executing : 
 command : voms-proxy-info -file /tmp/x509up_u52190 -actimeleft
 output : 36799

 error: 
 retcode : 0
DEBUG 2018-02-23 16:04:22,798: 	 Proxy valid for 10:13:20 hours
DEBUG 2018-02-23 16:04:23,940: 	 Registering user credentials for server /DC=ch/DC=cern/OU=computers/CN=vocms(045|052|021|031|0118|0118a|0119|0108|0105|0109).cern.ch
DEBUG 2018-02-23 16:04:24,049: 	 Executing : 
 command : openssl x509 -in ~/.globus/usercert.pem -subject -noout
 output : subject= /DC=ch/DC=cern/OU=Organic Units/OU=Users/CN=shigginb/CN=785176/CN=Sam Higginbotham

 error: 
 retcode : 0
DEBUG 2018-02-23 16:04:24,049: 	 Getting myproxy life time left for myproxy.cern.ch
DEBUG 2018-02-23 16:04:24,049: 	 Calculating hash of /DC=ch/DC=cern/OU=Organic Units/OU=Users/CN=shigginb/CN=785176/CN=Sam Higginbotham_cmsweb.cern.ch for credential name
DEBUG 2018-02-23 16:04:24,754: 	 Executing : 
 command : myproxy-info -l 2f318c7a260d78734589f2cc772d26b8be79ec6c -s myproxy.cern.ch
 output : username: 2f318c7a260d78734589f2cc772d26b8be79ec6c
owner: /DC=ch/DC=cern/OU=Organic Units/OU=Users/CN=shigginb/CN=785176/CN=Sam Higginbotham
  renewal policy: /DC=ch/DC=cern/OU=computers/CN=vocms(045|052|021|031|0118|0118a|0119|0108|0105|0109).cern.ch
  trusted retrieval policy: /DC=ch/DC=cern/OU=computers/CN=vocms(045|052|021|031|0118|0118a|0119|0108|0105|0109).cern.ch
  timeleft: 478:03:01  (19.9 days)

 error: 
 retcode : 0
DEBUG 2018-02-23 16:04:24,756: 	 Myproxy is valid: 1720981
DEBUG 2018-02-23 16:04:24,756: 	 Command use: status
DEBUG 2018-02-23 16:04:24,756: 	 Options use: ['-d', 'CP_Higgs_2016/crab_20180223_155620']
DEBUG 2018-02-23 16:04:25,892: 	 CRABClient version: 3.3.1802
DEBUG 2018-02-23 16:04:25,892: 	 Instance is prod
DEBUG 2018-02-23 16:04:25,893: 	 Server base url is cmsweb.cern.ch
DEBUG 2018-02-23 16:04:25,893: 	 Command url /crabserver/prod/workflow
DEBUG 2018-02-23 16:04:27,005: 	 Got information from server oracle database: {u'result': [u'180223_215739:shigginb_crab_20180223_155620', u'None', u'None', u'SUBMITTED', u'SUBMIT', u'2018-02-23 21:57:39.693793', u'None', u'2018-02-23 21:58:22.362188', u'None', u'CMSSW_8_0_21', u'slc6_amd64_gcc530', u'/GluGluH2JetsToTauTau_M125_13TeV_CPmixing_maxmix_JHU/RunIISummer16MiniAODv2-PUMoriond17_80X_mcRun2_asymptotic_2016_TrancheIV_v6-v1/MINIAODSIM', u'F', u'0', u'[]', u'[]', u'FileBased', u"{'splitOnRun': False, 'halt_job_on_file_boundaries': False, 'files_per_job': 1, 'runs': [], 'lumis': []}", u'0', u'96ab15e7c14266e693aed3c1f6d4a65723f909417b130812bd0067a433ff65f9.tar.gz', u'https://cmsweb.cern.ch/crabcache', u'shigginb', u'/DC=ch/DC=cern/OU=Organic Units/OU=Users/CN=shigginb/CN=785176/CN=Sam Higginbotham', u'cms', u'None', u'None', u'crab_20180223_155620-00000000000000000000000000000000', u'F', u'T3_US_FNALLPC', u'https://cmsweb.cern.ch/dbs/prod/global/DBSReader', u'https://cmsweb.cern.ch/dbs/prod/phys03/DBSWriter', u'F', u'[]', u"['analysis.root']", u'[]', u'Analysis', u'pythia', u'None', u'{}', u'[]', u'F', u'vocms052', u'[]', u'1250', u'1', u'2000', u'10', u'None', u'[]', u'http://vocms0137.cern.ch/mon/cms1359/180223_215739:shigginb_crab_20180223_155620', u'None', u'[]', u'[]', u'https://cmsweb.cern.ch/crabserver/prod', u'cmsgwms-collector-global.cern.ch:9620,cmssrv221.fnal.gov:9620', u'crab3@vocms0137.cern.ch', u'F', u'[]', u'T', u'/store/user/shigginb/', u'F', u'None', u'F', u'None', u'GluGluH2JetsToTauTau_M125_13TeV_CPmixing_maxmix_JHU', u'None', u'696e205b46804a203fbf9edf57ca4286005dc9bbf5af56d8793e9fe08667584c.tar.gz', u'19009087', u'filetransfers', u'F', u'131.225.189.130'], u'desc': {u'columns': [u'tm_taskname', u'tm_activity', u'panda_jobset_id', u'tm_task_status', u'tm_task_command', u'tm_start_time', u'tm_start_injection', u'tm_end_injection', u'tm_task_failure', u'tm_job_sw', u'tm_job_arch', u'tm_input_dataset', u'tm_nonvalid_input_dataset', u'tm_use_parent', u'tm_site_whitelist', u'tm_site_blacklist', u'tm_split_algo', u'tm_split_args', u'tm_totalunits', u'tm_user_sandbox', u'tm_cache_url', u'tm_username', u'tm_user_dn', u'tm_user_vo', u'tm_user_role', u'tm_user_group', u'tm_publish_name', u'tm_publish_groupname', u'tm_asyncdest', u'tm_dbs_url', u'tm_publish_dbs_url', u'tm_publication', u'tm_outfiles', u'tm_tfile_outfiles', u'tm_edm_outfiles', u'tm_job_type', u'tm_generator', u'tm_events_per_lumi', u'tm_arguments', u'panda_resubmitted_jobs', u'tm_save_logs', u'tw_name', u'tm_user_infiles', u'tm_maxjobruntime', u'tm_numcores', u'tm_maxmemory', u'tm_priority', u'tm_output_dataset', u'tm_task_warnings', u'tm_user_webdir', u'tm_scriptexe', u'tm_scriptargs', u'tm_extrajdl', u'tm_asourl', u'tm_collector', u'tm_schedd', u'tm_dry_run', u'tm_user_files', u'tm_transfer_outputs', u'tm_output_lfn', u'tm_ignore_locality', u'tm_fail_limit', u'tm_one_event_mode', u'tm_secondary_input_dataset', u'tm_primary_dataset', u'tm_last_publication', u'tm_debug_files', u'clusterid', u'tm_asodb', u'tm_ignore_global_blacklist', u'tm_submitter_ip_addr']}}
INFO 2018-02-23 16:04:27,006: 	 CRAB project directory:		/uscms_data/d3/samuellh/WorkingArea/CpHiggs/CMSSW_8_0_21/src/PUAnalysis/CrabTools/crab/GluGluH2JetsToTauTau/CP_Higgs_2016/crab_20180223_155620
INFO 2018-02-23 16:04:27,006: 	 Task name:			180223_215739:shigginb_crab_20180223_155620
INFO 2018-02-23 16:04:27,006: 	 Grid scheduler:			crab3@vocms0137.cern.ch
INFO 2018-02-23 16:04:27,006: 	 Status on the CRAB server:	SUBMITTED
INFO 2018-02-23 16:04:27,007: 	 Task URL to use for HELP:	https://cmsweb.cern.ch/crabserver/ui/task/180223_215739%3Ashigginb_crab_20180223_155620
INFO 2018-02-23 16:04:27,007: 	 Dashboard monitoring URL:	http://dashb-cms-job.cern.ch/dashboard/templates/task-analysis/#user=shigginb&refresh=0&table=Jobs&p=1&records=25&activemenu=2&status=&site=&tid=180223_215739%3Ashigginb_crab_20180223_155620
DEBUG 2018-02-23 16:04:27,007: 	 The CRAB server submitted your task to the Grid scheduler (cluster ID: 19009087)
DEBUG 2018-02-23 16:04:27,007: 	 Webdir is located at http://vocms0137.cern.ch/mon/cms1359/180223_215739:shigginb_crab_20180223_155620
DEBUG 2018-02-23 16:04:28,112: 	 Proxied webdir is located at https://cmsweb.cern.ch/scheddmon/0137/cms1359/180223_215739:shigginb_crab_20180223_155620
DEBUG 2018-02-23 16:04:28,112: 	 Retrieving 'status_cache' file from https://cmsweb.cern.ch/scheddmon/0137/cms1359/180223_215739:shigginb_crab_20180223_155620/status_cache
DEBUG 2018-02-23 16:04:29,075: 	 Got information from status cache file: {'24': {'Retries': 0, 'WallDurations': [0], 'StartTimes': [], 'SubmitTimes': [1519423152.0], 'JobIds': ['19009119.0'], 'EndTimes': [], 'Restarts': 0, 'RecordedSite': False, 'State': 'unsubmitted', 'ResidentSetSize': [0], 'TotalUserCpuTimeHistory': [0.0], 'SiteHistory': ['Unknown'], 'TotalSysCpuTimeHistory': [0.0]}, '25': {'Retries': 0, 'WallDurations': [0], 'StartTimes': [], 'SubmitTimes': [1519423153.0], 'JobIds': ['19009121.0'], 'EndTimes': [], 'Restarts': 0, 'RecordedSite': False, 'State': 'unsubmitted', 'ResidentSetSize': [0], 'TotalUserCpuTimeHistory': [0.0], 'SiteHistory': ['Unknown'], 'TotalSysCpuTimeHistory': [0.0]}, '26': {'Retries': 0, 'WallDurations': [0], 'StartTimes': [], 'SubmitTimes': [1519423153.0], 'JobIds': ['19009120.0'], 'EndTimes': [], 'Restarts': 0, 'RecordedSite': False, 'State': 'unsubmitted', 'ResidentSetSize': [0], 'TotalUserCpuTimeHistory': [0.0], 'SiteHistory': ['Unknown'], 'TotalSysCpuTimeHistory': [0.0]}, '27': {'Retries': 0, 'WallDurations': [0], 'StartTimes': [], 'SubmitTimes': [1519423155.0], 'JobIds': ['19009123.0'], 'EndTimes': [], 'Restarts': 0, 'RecordedSite': False, 'State': 'unsubmitted', 'ResidentSetSize': [0], 'TotalUserCpuTimeHistory': [0.0], 'SiteHistory': ['Unknown'], 'TotalSysCpuTimeHistory': [0.0]}, '20': {'Retries': 0, 'WallDurations': [0], 'StartTimes': [], 'SubmitTimes': [1519423145.0], 'JobIds': ['19009116.0'], 'EndTimes': [], 'Restarts': 0, 'RecordedSite': False, 'State': 'idle', 'ResidentSetSize': [0], 'TotalUserCpuTimeHistory': [0.0], 'SiteHistory': ['Unknown'], 'TotalSysCpuTimeHistory': [0.0]}, '21': {'Retries': 0, 'WallDurations': [0], 'StartTimes': [], 'SubmitTimes': [1519423166.0], 'JobIds': ['19009135.0'], 'EndTimes': [], 'Restarts': 0, 'RecordedSite': False, 'State': 'unsubmitted', 'ResidentSetSize': [0], 'TotalUserCpuTimeHistory': [0.0], 'SiteHistory': ['Unknown'], 'TotalSysCpuTimeHistory': [0.0]}, '22': {'Retries': 0, 'WallDurations': [0], 'StartTimes': [], 'SubmitTimes': [1519423146.0], 'JobIds': ['19009117.0'], 'EndTimes': [], 'Restarts': 0, 'RecordedSite': False, 'State': 'idle', 'ResidentSetSize': [0], 'TotalUserCpuTimeHistory': [0.0], 'SiteHistory': ['Unknown'], 'TotalSysCpuTimeHistory': [0.0]}, '23': {'Retries': 0, 'WallDurations': [0], 'StartTimes': [], 'SubmitTimes': [1519423147.0], 'JobIds': ['19009118.0'], 'EndTimes': [], 'Restarts': 0, 'RecordedSite': False, 'State': 'idle', 'ResidentSetSize': [0], 'TotalUserCpuTimeHistory': [0.0], 'SiteHistory': ['Unknown'], 'TotalSysCpuTimeHistory': [0.0]}, '28': {'Retries': 0, 'WallDurations': [0], 'StartTimes': [], 'SubmitTimes': [1519423155.0], 'JobIds': ['19009122.0'], 'EndTimes': [], 'Restarts': 0, 'RecordedSite': False, 'State': 'unsubmitted', 'ResidentSetSize': [0], 'TotalUserCpuTimeHistory': [0.0], 'SiteHistory': ['Unknown'], 'TotalSysCpuTimeHistory': [0.0]}, '29': {'Retries': 0, 'WallDurations': [0], 'StartTimes': [], 'SubmitTimes': [1519423156.0], 'JobIds': ['19009124.0'], 'EndTimes': [], 'Restarts': 0, 'RecordedSite': False, 'State': 'unsubmitted', 'ResidentSetSize': [0], 'TotalUserCpuTimeHistory': [0.0], 'SiteHistory': ['Unknown'], 'TotalSysCpuTimeHistory': [0.0]}, '1': {'Retries': 0, 'WallDurations': [0], 'StartTimes': [], 'SubmitTimes': [1519423121.0], 'JobIds': ['19009097.0'], 'EndTimes': [], 'Restarts': 0, 'RecordedSite': False, 'State': 'idle', 'ResidentSetSize': [0], 'TotalUserCpuTimeHistory': [0.0], 'SiteHistory': ['Unknown'], 'TotalSysCpuTimeHistory': [0.0]}, '3': {'Retries': 0, 'WallDurations': [0], 'StartTimes': [], 'SubmitTimes': [1519423122.0], 'JobIds': ['19009099.0'], 'EndTimes': [], 'Restarts': 0, 'RecordedSite': False, 'State': 'idle', 'ResidentSetSize': [0], 'TotalUserCpuTimeHistory': [0.0], 'SiteHistory': ['Unknown'], 'TotalSysCpuTimeHistory': [0.0]}, '2': {'Retries': 0, 'WallDurations': [0], 'StartTimes': [], 'SubmitTimes': [1519423121.0], 'JobIds': ['19009096.0'], 'EndTimes': [], 'Restarts': 0, 'RecordedSite': False, 'State': 'idle', 'ResidentSetSize': [0], 'TotalUserCpuTimeHistory': [0.0], 'SiteHistory': ['Unknown'], 'TotalSysCpuTimeHistory': [0.0]}, '5': {'Retries': 0, 'WallDurations': [0], 'StartTimes': [], 'SubmitTimes': [1519423124.0], 'JobIds': ['19009101.0'], 'EndTimes': [], 'Restarts': 0, 'RecordedSite': False, 'State': 'idle', 'ResidentSetSize': [0], 'TotalUserCpuTimeHistory': [0.0], 'SiteHistory': ['Unknown'], 'TotalSysCpuTimeHistory': [0.0]}, '4': {'Retries': 0, 'WallDurations': [0], 'StartTimes': [], 'SubmitTimes': [1519423123.0], 'JobIds': ['19009100.0'], 'EndTimes': [], 'Restarts': 0, 'RecordedSite': False, 'State': 'idle', 'ResidentSetSize': [0], 'TotalUserCpuTimeHistory': [0.0], 'SiteHistory': ['Unknown'], 'TotalSysCpuTimeHistory': [0.0]}, '7': {'Retries': 0, 'WallDurations': [0], 'StartTimes': [], 'SubmitTimes': [1519423132.0], 'JobIds': ['19009103.0'], 'EndTimes': [], 'Restarts': 0, 'RecordedSite': False, 'State': 'idle', 'ResidentSetSize': [0], 'TotalUserCpuTimeHistory': [0.0], 'SiteHistory': ['Unknown'], 'TotalSysCpuTimeHistory': [0.0]}, '6': {'Retries': 0, 'WallDurations': [0], 'StartTimes': [], 'SubmitTimes': [1519423125.0], 'JobIds': ['19009102.0'], 'EndTimes': [], 'Restarts': 0, 'RecordedSite': False, 'State': 'idle', 'ResidentSetSize': [0], 'TotalUserCpuTimeHistory': [0.0], 'SiteHistory': ['Unknown'], 'TotalSysCpuTimeHistory': [0.0]}, '9': {'Retries': 0, 'WallDurations': [0], 'StartTimes': [], 'SubmitTimes': [1519423133.0], 'JobIds': ['19009105.0'], 'EndTimes': [], 'Restarts': 0, 'RecordedSite': False, 'State': 'idle', 'ResidentSetSize': [0], 'TotalUserCpuTimeHistory': [0.0], 'SiteHistory': ['Unknown'], 'TotalSysCpuTimeHistory': [0.0]}, '8': {'Retries': 0, 'WallDurations': [0], 'StartTimes': [], 'SubmitTimes': [1519423132.0], 'JobIds': ['19009104.0'], 'EndTimes': [], 'Restarts': 0, 'RecordedSite': False, 'State': 'idle', 'ResidentSetSize': [0], 'TotalUserCpuTimeHistory': [0.0], 'SiteHistory': ['Unknown'], 'TotalSysCpuTimeHistory': [0.0]}, '11': {'Retries': 0, 'WallDurations': [0], 'StartTimes': [], 'SubmitTimes': [1519423135.0], 'JobIds': ['19009107.0'], 'EndTimes': [], 'Restarts': 0, 'RecordedSite': False, 'State': 'idle', 'ResidentSetSize': [0], 'TotalUserCpuTimeHistory': [0.0], 'SiteHistory': ['Unknown'], 'TotalSysCpuTimeHistory': [0.0]}, '10': {'Retries': 0, 'WallDurations': [0], 'StartTimes': [], 'SubmitTimes': [1519423133.0], 'JobIds': ['19009106.0'], 'EndTimes': [], 'Restarts': 0, 'RecordedSite': False, 'State': 'idle', 'ResidentSetSize': [0], 'TotalUserCpuTimeHistory': [0.0], 'SiteHistory': ['Unknown'], 'TotalSysCpuTimeHistory': [0.0]}, '13': {'Retries': 0, 'WallDurations': [0], 'StartTimes': [], 'SubmitTimes': [1519423136.0], 'JobIds': ['19009109.0'], 'EndTimes': [], 'Restarts': 0, 'RecordedSite': False, 'State': 'idle', 'ResidentSetSize': [0], 'TotalUserCpuTimeHistory': [0.0], 'SiteHistory': ['Unknown'], 'TotalSysCpuTimeHistory': [0.0]}, '12': {'Retries': 0, 'WallDurations': [0], 'StartTimes': [], 'SubmitTimes': [1519423135.0], 'JobIds': ['19009108.0'], 'EndTimes': [], 'Restarts': 0, 'RecordedSite': False, 'State': 'idle', 'ResidentSetSize': [0], 'TotalUserCpuTimeHistory': [0.0], 'SiteHistory': ['Unknown'], 'TotalSysCpuTimeHistory': [0.0]}, '15': {'Retries': 0, 'WallDurations': [0], 'StartTimes': [], 'SubmitTimes': [1519423142.0], 'JobIds': ['19009111.0'], 'EndTimes': [], 'Restarts': 0, 'RecordedSite': False, 'State': 'idle', 'ResidentSetSize': [0], 'TotalUserCpuTimeHistory': [0.0], 'SiteHistory': ['Unknown'], 'TotalSysCpuTimeHistory': [0.0]}, '14': {'Retries': 0, 'WallDurations': [0], 'StartTimes': [], 'SubmitTimes': [1519423141.0], 'JobIds': ['19009110.0'], 'EndTimes': [], 'Restarts': 0, 'RecordedSite': False, 'State': 'idle', 'ResidentSetSize': [0], 'TotalUserCpuTimeHistory': [0.0], 'SiteHistory': ['Unknown'], 'TotalSysCpuTimeHistory': [0.0]}, '17': {'Retries': 0, 'WallDurations': [0], 'StartTimes': [], 'SubmitTimes': [1519423143.0], 'JobIds': ['19009113.0'], 'EndTimes': [], 'Restarts': 0, 'RecordedSite': False, 'State': 'idle', 'ResidentSetSize': [0], 'TotalUserCpuTimeHistory': [0.0], 'SiteHistory': ['Unknown'], 'TotalSysCpuTimeHistory': [0.0]}, '16': {'Retries': 0, 'WallDurations': [0], 'StartTimes': [], 'SubmitTimes': [1519423142.0], 'JobIds': ['19009112.0'], 'EndTimes': [], 'Restarts': 0, 'RecordedSite': False, 'State': 'idle', 'ResidentSetSize': [0], 'TotalUserCpuTimeHistory': [0.0], 'SiteHistory': ['Unknown'], 'TotalSysCpuTimeHistory': [0.0]}, '19': {'Retries': 0, 'WallDurations': [0], 'StartTimes': [], 'SubmitTimes': [1519423145.0], 'JobIds': ['19009115.0'], 'EndTimes': [], 'Restarts': 0, 'RecordedSite': False, 'State': 'idle', 'ResidentSetSize': [0], 'TotalUserCpuTimeHistory': [0.0], 'SiteHistory': ['Unknown'], 'TotalSysCpuTimeHistory': [0.0]}, '18': {'Retries': 0, 'WallDurations': [0], 'StartTimes': [], 'SubmitTimes': [1519423144.0], 'JobIds': ['19009114.0'], 'EndTimes': [], 'Restarts': 0, 'RecordedSite': False, 'State': 'idle', 'ResidentSetSize': [0], 'TotalUserCpuTimeHistory': [0.0], 'SiteHistory': ['Unknown'], 'TotalSysCpuTimeHistory': [0.0]}, '31': {'Retries': 0, 'WallDurations': [0], 'StartTimes': [], 'SubmitTimes': [1519423157.0], 'JobIds': ['19009126.0'], 'EndTimes': [], 'Restarts': 0, 'RecordedSite': False, 'State': 'unsubmitted', 'ResidentSetSize': [0], 'TotalUserCpuTimeHistory': [0.0], 'SiteHistory': ['Unknown'], 'TotalSysCpuTimeHistory': [0.0]}, '30': {'Retries': 0, 'WallDurations': [0], 'StartTimes': [], 'SubmitTimes': [1519423156.0], 'JobIds': ['19009125.0'], 'EndTimes': [], 'Restarts': 0, 'RecordedSite': False, 'State': 'unsubmitted', 'ResidentSetSize': [0], 'TotalUserCpuTimeHistory': [0.0], 'SiteHistory': ['Unknown'], 'TotalSysCpuTimeHistory': [0.0]}, '35': {'Retries': 0, 'WallDurations': [0], 'StartTimes': [], 'SubmitTimes': [1519423165.0], 'JobIds': ['19009133.0'], 'EndTimes': [], 'Restarts': 0, 'RecordedSite': False, 'State': 'unsubmitted', 'ResidentSetSize': [0], 'TotalUserCpuTimeHistory': [0.0], 'SiteHistory': ['Unknown'], 'TotalSysCpuTimeHistory': [0.0]}, '34': {'Retries': 0, 'WallDurations': [0], 'StartTimes': [], 'SubmitTimes': [1519423158.0], 'JobIds': ['19009128.0'], 'EndTimes': [], 'Restarts': 0, 'RecordedSite': False, 'State': 'unsubmitted', 'ResidentSetSize': [0], 'TotalUserCpuTimeHistory': [0.0], 'SiteHistory': ['Unknown'], 'TotalSysCpuTimeHistory': [0.0]}, '33': {'Retries': 0, 'WallDurations': [0], 'StartTimes': [], 'SubmitTimes': [1519423165.0], 'JobIds': ['19009131.0'], 'EndTimes': [], 'Restarts': 0, 'RecordedSite': False, 'State': 'unsubmitted', 'ResidentSetSize': [0], 'TotalUserCpuTimeHistory': [0.0], 'SiteHistory': ['Unknown'], 'TotalSysCpuTimeHistory': [0.0]}, '32': {'Retries': 0, 'WallDurations': [0], 'StartTimes': [], 'SubmitTimes': [1519423157.0], 'JobIds': ['19009127.0'], 'EndTimes': [], 'Restarts': 0, 'RecordedSite': False, 'State': 'unsubmitted', 'ResidentSetSize': [0], 'TotalUserCpuTimeHistory': [0.0], 'SiteHistory': ['Unknown'], 'TotalSysCpuTimeHistory': [0.0]}}
INFO 2018-02-23 16:04:29,075: 	 Status on the scheduler:	SUBMITTED
INFO 2018-02-23 16:04:29,075: 	 
Jobs status:                    idle           62.9% (22/35)
INFO 2018-02-23 16:04:29,076: 	 				unsubmitted    37.1% (13/35)
INFO 2018-02-23 16:04:29,076: 	 
No publication information (publication has been disabled in the CRAB configuration file)
INFO 2018-02-23 16:04:29,084: 	 Log file is /uscms_data/d3/samuellh/WorkingArea/CpHiggs/CMSSW_8_0_21/src/PUAnalysis/CrabTools/crab/GluGluH2JetsToTauTau/CP_Higgs_2016/crab_20180223_155620/crab.log
