('The system path in the config file ', ['/cvmfs/cms.cern.ch/crab3/slc6_amd64_gcc493/cms/crabclient/3.3.1707.patch1/bin', '/uscms_data/d3/samuellh/WorkingArea/TauAnalysis/CMSSW_9_3_2/python', '/uscms_data/d3/samuellh/WorkingArea/TauAnalysis/CMSSW_9_3_2/lib/slc6_amd64_gcc630', '/cvmfs/cms.cern.ch/slc6_amd64_gcc630/cms/cmssw/CMSSW_9_3_2/python', '/cvmfs/cms.cern.ch/slc6_amd64_gcc630/cms/cmssw/CMSSW_9_3_2/lib/slc6_amd64_gcc630', '/cvmfs/cms.cern.ch/slc6_amd64_gcc630/cms/coral/CORAL_2_3_21-ghjeda6/slc6_amd64_gcc630/python', '/cvmfs/cms.cern.ch/slc6_amd64_gcc630/cms/coral/CORAL_2_3_21-ghjeda6/slc6_amd64_gcc630/lib', '/cvmfs/cms.cern.ch/slc6_amd64_gcc630/external/professor2/2.2.1-ghjeda6/lib/python2.7/site-packages', '/cvmfs/cms.cern.ch/slc6_amd64_gcc630/external/pyqt/4.11.4-mlhled2/lib/python2.7/site-packages', '/cvmfs/cms.cern.ch/slc6_amd64_gcc630/external/sherpa/2.2.4-ghjeda/lib/python2.7/site-packages', '/cvmfs/cms.cern.ch/slc6_amd64_gcc630/external/rivet/2.5.2-ghjeda4/lib/python2.7/site-packages', '/cvmfs/cms.cern.ch/slc6_amd64_gcc630/external/python-ldap/2.4.10-mlhled2/lib/python2.7/site-packages', '/cvmfs/cms.cern.ch/slc6_amd64_gcc630/external/py2-matplotlib/1.5.2-njopjo/lib/python2.7/site-packages', '/cvmfs/cms.cern.ch/slc6_amd64_gcc630/external/sip/4.17-mlhled2/lib/python2.7/site-packages', '/cvmfs/cms.cern.ch/slc6_amd64_gcc630/external/llvm/4.0.0-njopjo/lib64/python2.7/site-packages', '/cvmfs/cms.cern.ch/slc6_amd64_gcc630/external/py2-sqlalchemy/1.1.4-mlhled2/lib/python2.7/site-packages', '/cvmfs/cms.cern.ch/slc6_amd64_gcc630/external/py2-lint/0.25.1-mlhled2/lib/python2.7/site-packages', '/cvmfs/cms.cern.ch/slc6_amd64_gcc630/external/py2-dxr/1.0-ghjeda6/lib/python2.7/site-packages', '/cvmfs/cms.cern.ch/slc6_amd64_gcc630/external/py2-cx-oracle/5.2.1-mlhled2/lib/python2.7/site-packages', '/cvmfs/cms.cern.ch/slc6_amd64_gcc630/external/py2-numpy/1.12.1-mlhled2/lib/python2.7/site-packages', '/cvmfs/cms.cern.ch/slc6_amd64_gcc630/external/frontier_client/2.8.20-mlhled2/python/lib', '/cvmfs/cms.cern.ch/slc6_amd64_gcc630/cms/das_client/v03.01.00-mlhled2/bin', '/cvmfs/cms.cern.ch/slc6_amd64_gcc630/external/xrootd/4.6.1/lib/python2.7/site-packages', '/cvmfs/cms.cern.ch/slc6_amd64_gcc630/external/yoda/1.6.5-ghjeda4/lib/python2.7/site-packages', '/cvmfs/cms.cern.ch/slc6_amd64_gcc630/lcg/root/6.10.04-ghjeda/lib', '/cvmfs/cms.cern.ch/slc6_amd64_gcc630/external/pyminuit2/0.0.1-ghjeda4/lib/python2.7/site-packages', '/cvmfs/cms.cern.ch/slc6_amd64_gcc630/external/py2-PyYAML/3.11-mlhled2/lib/python2.7/site-packages', '/cvmfs/cms.cern.ch/slc6_amd64_gcc630/external/py2-pygithub/1.23.0-mlhled2/lib/python2.7/site-packages', '/cvmfs/cms.cern.ch/slc6_amd64_gcc630/external/py2-pip/9.0.1-mlhled2/lib/python2.7/site-packages', '/cvmfs/cms.cern.ch/slc6_amd64_gcc630/external/py2-dablooms/0.9.1-mlhled2/lib/python2.7/site-packages', '/cvmfs/cms.cern.ch/slc6_amd64_gcc630/external/py2-pippkgs_depscipy/3.0-ghjeda6/lib/python2.7/site-packages', '/cvmfs/cms.cern.ch/slc6_amd64_gcc630/external/py2-pippkgs/5.0-ghjeda6/lib/python2.7/site-packages', '/cvmfs/cms.cern.ch/slc6_amd64_gcc630/external/professor/1.4.0-ghjeda4/lib/python2.7/site-packages', '/cvmfs/cms.cern.ch/slc6_amd64_gcc630/cms/dbs-client/DBS_2_1_9-mlhled2/lib', '/cvmfs/cms.cern.ch/slc6_amd64_gcc630/cms/dbs-client/DBS_2_1_9-mlhled2/lib/DBSAPI', '/cvmfs/cms.cern.ch/slc6_amd64_gcc630/external/cvs2git/5419-mlhled2/lib', '/cvmfs/cms.cern.ch/crab3/slc6_amd64_gcc493/cms/crabclient/3.3.1707.patch1/lib/python2.7/site-packages', '/cvmfs/cms.cern.ch/crab3/slc6_amd64_gcc493/cms/dbs3-client/3.4.4/lib/python2.7/site-packages', '/cvmfs/cms.cern.ch/crab3/slc6_amd64_gcc493/cms/dbs3-pycurl-client/3.4.4/lib/python2.7/site-packages', '/cvmfs/cms.cern.ch/slc6_amd64_gcc630/external/py2-sqlalchemy/1.1.4-mlhled2/lib/python2.7/site-packages/SQLAlchemy-1.1.4-py2.7-linux-x86_64.egg', '/cvmfs/cms.cern.ch/slc6_amd64_gcc630/external/py2-numpy/1.12.1-mlhled2/lib/python2.7/site-packages/numpy-1.12.1-py2.7-linux-x86_64.egg', '/cvmfs/cms.cern.ch/slc6_amd64_gcc630/external/python/2.7.11-mlhled2/lib/python27.zip', '/cvmfs/cms.cern.ch/slc6_amd64_gcc630/external/python/2.7.11-mlhled2/lib/python2.7', '/cvmfs/cms.cern.ch/slc6_amd64_gcc630/external/python/2.7.11-mlhled2/lib/python2.7/plat-linux2', '/cvmfs/cms.cern.ch/slc6_amd64_gcc630/external/python/2.7.11-mlhled2/lib/python2.7/lib-tk', '/cvmfs/cms.cern.ch/slc6_amd64_gcc630/external/python/2.7.11-mlhled2/lib/python2.7/lib-old', '/cvmfs/cms.cern.ch/slc6_amd64_gcc630/external/python/2.7.11-mlhled2/lib/python2.7/lib-dynload', '/cvmfs/cms.cern.ch/slc6_amd64_gcc630/external/python/2.7.11-mlhled2/lib/python2.7/site-packages', '/uscms_data/d3/samuellh/WorkingArea/TauAnalysis/CMSSW_9_3_2/src/PUAnalysis/VBFtt2017/crab/VBF69'])
 ##################################################################### 
 # WARNING: the module CondCore.DBCommon.CondDBSetup is deprecated.  # 
 # Please import CondCore.CondDB.CondDB_cfi                          # 
 ##################################################################### 
recorrecting the jets
List Of Filters
['processedEvents', 'initialEventsTT', 'DiMuonCreation', 'AtLeastOneDiTau', 'TTTauPtEta', 'TTTauDecayFound', 'TTTauStandardDecayFound', 'TTTauDRSel', 'TTSync', 'TTAntiEle', 'TTAntiMu', 'TTIso', 'TTOS']
DEBUG 2017-11-15 07:47:14,941: 	 Executing command: 'submit'
DEBUG 2017-11-15 07:47:14,941: 	 Found CRAB cache file /uscms/home/samuellh/.crab3
DEBUG 2017-11-15 07:47:14,950: 	 Checking credentials
DEBUG 2017-11-15 07:47:14,950: 	 Found proxy file /tmp/x509up_u52190
DEBUG 2017-11-15 07:47:14,950: 	 Getting proxy life time left
DEBUG 2017-11-15 07:47:15,054: 	 Executing : 
 command : voms-proxy-info -file /tmp/x509up_u52190 -timeleft
 output : 82048

 error: 
 retcode : 0
DEBUG 2017-11-15 07:47:15,157: 	 Executing : 
 command : voms-proxy-info -file /tmp/x509up_u52190 -actimeleft
 output : 82047

 error: 
 retcode : 0
DEBUG 2017-11-15 07:47:15,158: 	 Proxy valid for 22:47:28 hours
INFO 2017-11-15 07:47:15,158: 	 Will use CRAB configuration file crab3_TT_MC.py
DEBUG 2017-11-15 07:47:15,158: 	 Loading CRAB configuration file.
DEBUG 2017-11-15 07:47:15,168: 	 Will use CRAB Analysis plugin (i.e. will run an analysis job type).
DEBUG 2017-11-15 07:47:15,286: 	 Executing : 
 command : openssl x509 -in ~/.globus/usercert.pem -subject -noout
 output : subject= /DC=ch/DC=cern/OU=Organic Units/OU=Users/CN=shigginb/CN=785176/CN=Sam Higginbotham

 error: 
 retcode : 0
DEBUG 2017-11-15 07:47:15,286: 	 Checking credentials
DEBUG 2017-11-15 07:47:15,286: 	 Found proxy file /tmp/x509up_u52190
DEBUG 2017-11-15 07:47:15,287: 	 Getting proxy life time left
DEBUG 2017-11-15 07:47:15,390: 	 Executing : 
 command : voms-proxy-info -file /tmp/x509up_u52190 -timeleft
 output : 82048

 error: 
 retcode : 0
DEBUG 2017-11-15 07:47:15,494: 	 Executing : 
 command : voms-proxy-info -file /tmp/x509up_u52190 -actimeleft
 output : 82047

 error: 
 retcode : 0
DEBUG 2017-11-15 07:47:15,494: 	 Proxy valid for 22:47:28 hours
DEBUG 2017-11-15 07:47:15,597: 	 Executing : 
 command : env X509_USER_PROXY=/tmp/x509up_u52190 voms-proxy-info -fqan
 output : /cms/Role=NULL/Capability=NULL

 error: 
 retcode : 0
DEBUG 2017-11-15 07:47:17,274: 	 Registering user credentials for server /DC=ch/DC=cern/OU=computers/CN=vocms(045|052|021|031|0118|0118a|0119|0108|0105|0109).cern.ch
DEBUG 2017-11-15 07:47:17,386: 	 Executing : 
 command : openssl x509 -in ~/.globus/usercert.pem -subject -noout
 output : subject= /DC=ch/DC=cern/OU=Organic Units/OU=Users/CN=shigginb/CN=785176/CN=Sam Higginbotham

 error: 
 retcode : 0
DEBUG 2017-11-15 07:47:17,386: 	 Getting myproxy life time left for myproxy.cern.ch
DEBUG 2017-11-15 07:47:17,386: 	 Calculating hash of /DC=ch/DC=cern/OU=Organic Units/OU=Users/CN=shigginb/CN=785176/CN=Sam Higginbotham_cmsweb.cern.ch for credential name
DEBUG 2017-11-15 07:47:18,090: 	 Executing : 
 command : myproxy-info -l 2f318c7a260d78734589f2cc772d26b8be79ec6c -s myproxy.cern.ch
 output : username: 2f318c7a260d78734589f2cc772d26b8be79ec6c
owner: /DC=ch/DC=cern/OU=Organic Units/OU=Users/CN=shigginb/CN=785176/CN=Sam Higginbotham
  renewal policy: /DC=ch/DC=cern/OU=computers/CN=vocms(045|052|021|031|0118|0118a|0119|0108|0105|0109).cern.ch
  trusted retrieval policy: /DC=ch/DC=cern/OU=computers/CN=vocms(045|052|021|031|0118|0118a|0119|0108|0105|0109).cern.ch
  timeleft: 431:36:23  (18.0 days)

 error: 
 retcode : 0
DEBUG 2017-11-15 07:47:18,092: 	 Myproxy is valid: 1553783
DEBUG 2017-11-15 07:47:18,092: 	 Command use: submit
DEBUG 2017-11-15 07:47:18,092: 	 Options use: ['-c', 'crab3_TT_MC.py']
DEBUG 2017-11-15 07:47:19,760: 	 CRABClient version: 3.3.1707.patch1
DEBUG 2017-11-15 07:47:19,760: 	 Instance is prod
DEBUG 2017-11-15 07:47:19,760: 	 Server base url is cmsweb.cern.ch
DEBUG 2017-11-15 07:47:19,760: 	 Command url /crabserver/prod/workflow
DEBUG 2017-11-15 07:47:19,760: 	 Started submission
DEBUG 2017-11-15 07:47:19,760: 	 Working on /uscms_data/d3/samuellh/WorkingArea/TauAnalysis/CMSSW_9_3_2/src/PUAnalysis/VBFtt2017/crab/VBF69/crab_20171115_074715
DEBUG 2017-11-15 07:47:21,376: 	 Loading required information from the environment
DEBUG 2017-11-15 07:47:21,377: 	 Found CMSSW_9_3_2 for slc6_amd64_gcc630 with base /uscms_data/d3/samuellh/WorkingArea/TauAnalysis/CMSSW_9_3_2
DEBUG 2017-11-15 07:47:21,377: 	 Loading required information from the environment
DEBUG 2017-11-15 07:47:21,377: 	 Found CMSSW_9_3_2 for slc6_amd64_gcc630 with base /uscms_data/d3/samuellh/WorkingArea/TauAnalysis/CMSSW_9_3_2
DEBUG 2017-11-15 07:47:21,388: 	 UNIQUE NAME: tarUUID 1e7a17ee-92cd-40b9-933e-09da77f05214 
DEBUG 2017-11-15 07:47:21,388: 	 self.config: from WMCore.Configuration import Configuration
config = Configuration()
config.section_('General')
config.section_('JobType')
config.JobType.psetName = '../../../TT-MC-Up.py'
config.JobType.pluginName = 'Analysis'
config.JobType.inputFiles = ['../../../Configuration/data/PhaseIISummer16_25nsV3_MC.db']
config.JobType.outputFiles = ['analysis.root']
config.JobType.allowUndistributedCMSSW = True
config.section_('Data')
config.Data.inputDataset = '/WWG_TuneCUETP8M1_14TeV-amcatnlo-pythia8/PhaseIITDRFall17MiniAOD-PU200_93X_upgrade2023_realistic_v2-v1/MINIAODSIM'
config.Data.unitsPerJob = 1
config.Data.publication = False
config.Data.inputDBS = 'global'
config.Data.splitting = 'FileBased'
config.section_('Site')
config.Site.storageSite = 'T3_US_FNALLPC'
config.section_('User')
config.section_('Debug')

DEBUG 2017-11-15 07:47:21,388: 	 self.config.JobType.psetName: ../../../TT-MC-Up.py
INFO 2017-11-15 07:47:21,388: 	 Importing CMSSW configuration ../../../TT-MC-Up.py
INFO 2017-11-15 07:47:23,841: 	 Finished importing CMSSW configuration ../../../TT-MC-Up.py
DEBUG 2017-11-15 07:47:23,841: 	 Writing CMSSW configuration to /uscms_data/d3/samuellh/WorkingArea/TauAnalysis/CMSSW_9_3_2/src/PUAnalysis/VBFtt2017/crab/VBF69/crab_20171115_074715/inputs/PSet.py
DEBUG 2017-11-15 07:47:24,762: 	 The following EDM output files will be collected: []
DEBUG 2017-11-15 07:47:24,762: 	 The following TFile output files will be collected: ['analysis.root']
DEBUG 2017-11-15 07:47:24,762: 	 The following user output files will be collected: []
DEBUG 2017-11-15 07:47:24,762: 	 Loading required information from the environment
DEBUG 2017-11-15 07:47:24,762: 	 Found CMSSW_9_3_2 for slc6_amd64_gcc630 with base /uscms_data/d3/samuellh/WorkingArea/TauAnalysis/CMSSW_9_3_2
DEBUG 2017-11-15 07:47:24,762: 	 Making tarball in /uscms_data/d3/samuellh/WorkingArea/TauAnalysis/CMSSW_9_3_2/src/PUAnalysis/VBFtt2017/crab/VBF69/crab_20171115_074715/inputs/1e7a17ee-92cd-40b9-933e-09da77f05214default.tgz
DEBUG 2017-11-15 07:47:24,766: 	 Checking directory /uscms_data/d3/samuellh/WorkingArea/TauAnalysis/CMSSW_9_3_2/lib
DEBUG 2017-11-15 07:47:24,766: 	 Adding directory /uscms_data/d3/samuellh/WorkingArea/TauAnalysis/CMSSW_9_3_2/lib to tarball
DEBUG 2017-11-15 07:47:25,444: 	 Checking directory /uscms_data/d3/samuellh/WorkingArea/TauAnalysis/CMSSW_9_3_2/biglib
DEBUG 2017-11-15 07:47:25,445: 	 Adding directory /uscms_data/d3/samuellh/WorkingArea/TauAnalysis/CMSSW_9_3_2/biglib to tarball
DEBUG 2017-11-15 07:47:25,447: 	 Checking directory /uscms_data/d3/samuellh/WorkingArea/TauAnalysis/CMSSW_9_3_2/module
DEBUG 2017-11-15 07:47:25,481: 	 Adding data directory /uscms_data/d3/samuellh/WorkingArea/TauAnalysis/CMSSW_9_3_2/src/PUAnalysis/Configuration/data to tarball
DEBUG 2017-11-15 07:47:28,447: 	 Adding data directory /uscms_data/d3/samuellh/WorkingArea/TauAnalysis/CMSSW_9_3_2/src/PUAnalysis/DataFormats/interface to tarball
DEBUG 2017-11-15 07:47:28,452: 	 Adding data directory /uscms_data/d3/samuellh/WorkingArea/TauAnalysis/CMSSW_9_3_2/src/PUAnalysis/NtupleTools/interface to tarball
DEBUG 2017-11-15 07:47:28,455: 	 Adding data directory /uscms_data/d3/samuellh/WorkingArea/TauAnalysis/CMSSW_9_3_2/src/PUAnalysis/RecoTools/interface to tarball
DEBUG 2017-11-15 07:47:28,625: 	 Adding file ../../../Configuration/data/PhaseIISummer16_25nsV3_MC.db to tarball
DEBUG 2017-11-15 07:47:28,812: 	 Uploading archive /uscms_data/d3/samuellh/WorkingArea/TauAnalysis/CMSSW_9_3_2/src/PUAnalysis/VBFtt2017/crab/VBF69/crab_20171115_074715/inputs/1e7a17ee-92cd-40b9-933e-09da77f05214default.tgz (11 MB) to the CRAB cache. Using URI https://cmsweb.cern.ch/crabcache
DEBUG 2017-11-15 07:47:36,071: 	 Loading required information from the environment
DEBUG 2017-11-15 07:47:36,071: 	 Found CMSSW_9_3_2 for slc6_amd64_gcc630 with base /uscms_data/d3/samuellh/WorkingArea/TauAnalysis/CMSSW_9_3_2
DEBUG 2017-11-15 07:47:36,071: 	 Making tarball in /uscms_data/d3/samuellh/WorkingArea/TauAnalysis/CMSSW_9_3_2/src/PUAnalysis/VBFtt2017/crab/VBF69/crab_20171115_074715/inputs/debugFiles.tgz
DEBUG 2017-11-15 07:47:36,212: 	 Uploading archive /uscms_data/d3/samuellh/WorkingArea/TauAnalysis/CMSSW_9_3_2/src/PUAnalysis/VBFtt2017/crab/VBF69/crab_20171115_074715/inputs/debugFiles.tgz (2 KB) to the CRAB cache. Using URI https://cmsweb.cern.ch/crabcache
DEBUG 2017-11-15 07:47:37,913: 	 Result uploading input files: 4e198fb019d07e682a8bd09208595d4eb73bac82ae7f6e24154a54b4451cc952.tar.gz 
INFO 2017-11-15 07:47:37,913: 	 Sending the request to the server
DEBUG 2017-11-15 07:47:37,913: 	 Submitting {'maxjobruntime': 1250, 'extrajdl': [], 'ignorelocality': 0, 'savelogsflag': 0, 'useparent': 0, 'asyncdest': 'T3_US_FNALLPC', 'algoargs': 1, 'cachefilename': '4e198fb019d07e682a8bd09208595d4eb73bac82ae7f6e24154a54b4451cc952.tar.gz', 'numcores': 1, 'addoutputfiles': [], 'generator': 'pythia', 'maxmemory': 2000, 'publishdbsurl': 'https://cmsweb.cern.ch/dbs/prod/phys03/DBSWriter', 'priority': 10, 'jobsw': 'CMSSW_9_3_2', 'edmoutfiles': [], 'userfiles': [], 'primarydataset': '', 'inputdata': '/WWG_TuneCUETP8M1_14TeV-amcatnlo-pythia8/PhaseIITDRFall17MiniAOD-PU200_93X_upgrade2023_realistic_v2-v1/MINIAODSIM', 'dryrun': 0, 'workflow': 'crab_20171115_074715', 'cacheurl': u'https://cmsweb.cern.ch/crabcache', 'nonprodsw': 1, 'tfileoutfiles': ['analysis.root'], 'oneEventMode': 0, 'debugfilename': 'e16b4dbaaf0076f3a177400c2ab60ef52eade443cbd91a2d911ec16b63ee8e53.tar.gz', 'saveoutput': 1, 'publication': 0, 'jobarch': 'slc6_amd64_gcc630', 'totalunits': 0, 'splitalgo': 'FileBased', 'ignoreglobalblacklist': 0, 'nonvaliddata': 0, 'dbsurl': 'https://cmsweb.cern.ch/dbs/prod/global/DBSReader', 'publishgroupname': 0, 'jobtype': 'Analysis', 'publishname2': ''} 
DEBUG 2017-11-15 07:47:37,914: 	 Encoded submit request: maxjobruntime=1250&ignorelocality=0&savelogsflag=0&useparent=0&asyncdest=T3_US_FNALLPC&algoargs=1&cachefilename=4e198fb019d07e682a8bd09208595d4eb73bac82ae7f6e24154a54b4451cc952.tar.gz&numcores=1&generator=pythia&maxmemory=2000&publishdbsurl=https%3A%2F%2Fcmsweb.cern.ch%2Fdbs%2Fprod%2Fphys03%2FDBSWriter&priority=10&jobsw=CMSSW_9_3_2&primarydataset=&inputdata=%2FWWG_TuneCUETP8M1_14TeV-amcatnlo-pythia8%2FPhaseIITDRFall17MiniAOD-PU200_93X_upgrade2023_realistic_v2-v1%2FMINIAODSIM&dryrun=0&workflow=crab_20171115_074715&cacheurl=https%3A%2F%2Fcmsweb.cern.ch%2Fcrabcache&nonprodsw=1&oneEventMode=0&debugfilename=e16b4dbaaf0076f3a177400c2ab60ef52eade443cbd91a2d911ec16b63ee8e53.tar.gz&saveoutput=1&publication=0&jobarch=slc6_amd64_gcc630&totalunits=0&splitalgo=FileBased&ignoreglobalblacklist=0&nonvaliddata=0&dbsurl=https%3A%2F%2Fcmsweb.cern.ch%2Fdbs%2Fprod%2Fglobal%2FDBSReader&publishgroupname=0&jobtype=Analysis&publishname2=&tfileoutfiles=analysis.root
DEBUG 2017-11-15 07:47:39,678: 	 Result: {u'result': [{u'RequestName': u'171115_134739:shigginb_crab_20171115_074715'}]}
INFO 2017-11-15 07:47:39,681: 	 Success: Your task has been delivered to the CRAB3 server.
INFO 2017-11-15 07:47:39,681: 	 Task name: 171115_134739:shigginb_crab_20171115_074715
INFO 2017-11-15 07:47:39,681: 	 Please use 'crab status' to check how the submission process proceeds.
DEBUG 2017-11-15 07:47:39,682: 	 About to return
INFO 2017-11-15 07:47:39,687: 	 Log file is /uscms_data/d3/samuellh/WorkingArea/TauAnalysis/CMSSW_9_3_2/src/PUAnalysis/VBFtt2017/crab/VBF69/crab_20171115_074715/crab.log
DEBUG 2017-11-15 08:08:21,317: 	 Executing command: 'status'
DEBUG 2017-11-15 08:08:21,317: 	 Found CRAB cache file /uscms/home/samuellh/.crab3
DEBUG 2017-11-15 08:08:21,325: 	 Checking credentials
DEBUG 2017-11-15 08:08:21,325: 	 Found proxy file /tmp/x509up_u52190
DEBUG 2017-11-15 08:08:21,325: 	 Getting proxy life time left
DEBUG 2017-11-15 08:08:21,428: 	 Executing : 
 command : voms-proxy-info -file /tmp/x509up_u52190 -timeleft
 output : 80782

 error: 
 retcode : 0
DEBUG 2017-11-15 08:08:21,532: 	 Executing : 
 command : voms-proxy-info -file /tmp/x509up_u52190 -actimeleft
 output : 80781

 error: 
 retcode : 0
DEBUG 2017-11-15 08:08:21,532: 	 Proxy valid for 22:26:22 hours
DEBUG 2017-11-15 08:08:21,644: 	 Executing : 
 command : openssl x509 -in ~/.globus/usercert.pem -subject -noout
 output : subject= /DC=ch/DC=cern/OU=Organic Units/OU=Users/CN=shigginb/CN=785176/CN=Sam Higginbotham

 error: 
 retcode : 0
DEBUG 2017-11-15 08:08:21,645: 	 Checking credentials
DEBUG 2017-11-15 08:08:21,645: 	 Found proxy file /tmp/x509up_u52190
DEBUG 2017-11-15 08:08:21,645: 	 Getting proxy life time left
DEBUG 2017-11-15 08:08:21,748: 	 Executing : 
 command : voms-proxy-info -file /tmp/x509up_u52190 -timeleft
 output : 80782

 error: 
 retcode : 0
DEBUG 2017-11-15 08:08:21,851: 	 Executing : 
 command : voms-proxy-info -file /tmp/x509up_u52190 -actimeleft
 output : 80781

 error: 
 retcode : 0
DEBUG 2017-11-15 08:08:21,852: 	 Proxy valid for 22:26:22 hours
DEBUG 2017-11-15 08:08:23,640: 	 Registering user credentials for server /DC=ch/DC=cern/OU=computers/CN=vocms(045|052|021|031|0118|0118a|0119|0108|0105|0109).cern.ch
DEBUG 2017-11-15 08:08:23,749: 	 Executing : 
 command : openssl x509 -in ~/.globus/usercert.pem -subject -noout
 output : subject= /DC=ch/DC=cern/OU=Organic Units/OU=Users/CN=shigginb/CN=785176/CN=Sam Higginbotham

 error: 
 retcode : 0
DEBUG 2017-11-15 08:08:23,749: 	 Getting myproxy life time left for myproxy.cern.ch
DEBUG 2017-11-15 08:08:23,749: 	 Calculating hash of /DC=ch/DC=cern/OU=Organic Units/OU=Users/CN=shigginb/CN=785176/CN=Sam Higginbotham_cmsweb.cern.ch for credential name
DEBUG 2017-11-15 08:08:24,554: 	 Executing : 
 command : myproxy-info -l 2f318c7a260d78734589f2cc772d26b8be79ec6c -s myproxy.cern.ch
 output : username: 2f318c7a260d78734589f2cc772d26b8be79ec6c
owner: /DC=ch/DC=cern/OU=Organic Units/OU=Users/CN=shigginb/CN=785176/CN=Sam Higginbotham
  renewal policy: /DC=ch/DC=cern/OU=computers/CN=vocms(045|052|021|031|0118|0118a|0119|0108|0105|0109).cern.ch
  trusted retrieval policy: /DC=ch/DC=cern/OU=computers/CN=vocms(045|052|021|031|0118|0118a|0119|0108|0105|0109).cern.ch
  timeleft: 431:15:17  (18.0 days)

 error: 
 retcode : 0
DEBUG 2017-11-15 08:08:24,555: 	 Myproxy is valid: 1552517
DEBUG 2017-11-15 08:08:24,556: 	 Command use: status
DEBUG 2017-11-15 08:08:24,556: 	 Options use: ['-d', 'crab_20171115_074715/']
DEBUG 2017-11-15 08:08:26,252: 	 CRABClient version: 3.3.1707.patch1
DEBUG 2017-11-15 08:08:26,252: 	 Instance is prod
DEBUG 2017-11-15 08:08:26,252: 	 Server base url is cmsweb.cern.ch
DEBUG 2017-11-15 08:08:26,252: 	 Command url /crabserver/prod/workflow
DEBUG 2017-11-15 08:08:27,854: 	 Got information from server oracle database: {u'result': [u'171115_134739:shigginb_crab_20171115_074715', u'None', u'SUBMITFAILED', u'2017-11-15 13:47:39.616575', u'None', u'2017-11-15 13:48:26.536233', u"CRAB refuses to proceed in getting the details of the dataset /WWG_TuneCUETP8M1_14TeV-amcatnlo-pythia8/PhaseIITDRFall17MiniAOD-PU200_93X_upgrade2023_realistic_v2-v1/MINIAODSIM from DBS, because the dataset is not 'VALID' but 'PRODUCTION'. To allow CRAB to consider a dataset that is not 'VALID', set Data.allowNonValidInputDataset = True in the CRAB configuration. Notice that this will not force CRAB to run over all files in the dataset; CRAB will still check if there are any valid files in the dataset and run only over those files.", u'CMSSW_9_3_2', u'slc6_amd64_gcc630', u'/WWG_TuneCUETP8M1_14TeV-amcatnlo-pythia8/PhaseIITDRFall17MiniAOD-PU200_93X_upgrade2023_realistic_v2-v1/MINIAODSIM', u'[]', u'[]', u'FileBased', u"{'splitOnRun': False, 'halt_job_on_file_boundaries': False, 'files_per_job': 1, 'runs': [], 'lumis': []}", u'0', u'4e198fb019d07e682a8bd09208595d4eb73bac82ae7f6e24154a54b4451cc952.tar.gz', u'https://cmsweb.cern.ch/crabcache', u'shigginb', u'/DC=ch/DC=cern/OU=Organic Units/OU=Users/CN=shigginb/CN=785176/CN=Sam Higginbotham', u'cms', u'None', u'None', u'crab_20171115_074715-00000000000000000000000000000000', u'T3_US_FNALLPC', u'https://cmsweb.cern.ch/dbs/prod/global/DBSReader', u'https://cmsweb.cern.ch/dbs/prod/phys03/DBSWriter', u'F', u'Analysis', u'{}', u'[]', u'F', u'vocms052', u'[]', u'1250', u'1', u'2000', u'10', u'None', u'None', u'None', u'None', u'[]', u'[]', u'[]', u'pythia', u'[]', u"['analysis.root']", u'[]', u'https://cmsweb.cern.ch/crabserver/prod', u'None', u'0', u'cmssrv221.fnal.gov:9620', u'None', u'F', u'[]', u'T', u'/store/user/shigginb/', u'F', u'None', u'F', u'F', u'F', u'None', u'WWG_TuneCUETP8M1_14TeV-amcatnlo-pythia8', u'filetransfers', u'SUBMIT', u'None', u'e16b4dbaaf0076f3a177400c2ab60ef52eade443cbd91a2d911ec16b63ee8e53.tar.gz', u'131.225.190.56', u'F', u'None'], u'desc': {u'columns': [u'tm_taskname', u'panda_jobset_id', u'tm_task_status', u'tm_start_time', u'tm_start_injection', u'tm_end_injection', u'tm_task_failure', u'tm_job_sw', u'tm_job_arch', u'tm_input_dataset', u'tm_site_whitelist', u'tm_site_blacklist', u'tm_split_algo', u'tm_split_args', u'tm_totalunits', u'tm_user_sandbox', u'tm_cache_url', u'tm_username', u'tm_user_dn', u'tm_user_vo', u'tm_user_role', u'tm_user_group', u'tm_publish_name', u'tm_asyncdest', u'tm_dbs_url', u'tm_publish_dbs_url', u'tm_publication', u'tm_job_type', u'tm_arguments', u'panda_resubmitted_jobs', u'tm_save_logs', u'tw_name', u'tm_user_infiles', u'tm_maxjobruntime', u'tm_numcores', u'tm_maxmemory', u'tm_priority', u'tm_output_dataset', u'tm_user_webdir', u'tm_activity', u'tm_scriptexe', u'tm_scriptargs', u'tm_extrajdl', u'tm_task_warnings', u'tm_generator', u'tm_outfiles', u'tm_tfile_outfiles', u'tm_edm_outfiles', u'tm_asourl', u'tm_events_per_lumi', u'tm_use_parent', u'tm_collector', u'tm_schedd', u'tm_dry_run', u'tm_user_files', u'tm_transfer_outputs', u'tm_output_lfn', u'tm_ignore_locality', u'tm_fail_limit', u'tm_one_event_mode', u'tm_publish_groupname', u'tm_nonvalid_input_dataset', u'tm_secondary_input_dataset', u'tm_primary_dataset', u'tm_asodb', u'tm_task_command', u'clusterid', u'tm_debug_files', u'tm_submitter_ip_addr', u'tm_ignore_global_blacklist', u'tm_last_publication']}}
INFO 2017-11-15 08:08:27,854: 	 CRAB project directory:		/uscms_data/d3/samuellh/WorkingArea/TauAnalysis/CMSSW_9_3_2/src/PUAnalysis/VBFtt2017/crab/VBF69/crab_20171115_074715
INFO 2017-11-15 08:08:27,854: 	 Task name:			171115_134739:shigginb_crab_20171115_074715
INFO 2017-11-15 08:08:27,855: 	 Status on the CRAB server:	SUBMITFAILED
INFO 2017-11-15 08:08:27,855: 	 Task URL to use for HELP:	https://cmsweb.cern.ch/crabserver/ui/task/171115_134739%3Ashigginb_crab_20171115_074715
ERROR 2017-11-15 08:08:27,855: 	 Failure message from the server:		CRAB refuses to proceed in getting the details of the dataset /WWG_TuneCUETP8M1_14TeV-amcatnlo-pythia8/PhaseIITDRFall17MiniAOD-PU200_93X_upgrade2023_realistic_v2-v1/MINIAODSIM from DBS, because the dataset is not 'VALID' but 'PRODUCTION'. To allow CRAB to consider a dataset that is not 'VALID', set Data.allowNonValidInputDataset = True in the CRAB configuration. Notice that this will not force CRAB to run over all files in the dataset; CRAB will still check if there are any valid files in the dataset and run only over those files.
DEBUG 2017-11-15 08:08:27,855: 	 The task has not been submitted to the Grid scheduler yet. Not printing job information.
INFO 2017-11-15 08:08:27,879: 	 Log file is /uscms_data/d3/samuellh/WorkingArea/TauAnalysis/CMSSW_9_3_2/src/PUAnalysis/VBFtt2017/crab/VBF69/crab_20171115_074715/crab.log
DEBUG 2017-11-15 09:21:17,279: 	 Executing command: 'status'
DEBUG 2017-11-15 09:21:17,279: 	 Found CRAB cache file /uscms/home/samuellh/.crab3
DEBUG 2017-11-15 09:21:17,287: 	 Checking credentials
DEBUG 2017-11-15 09:21:17,288: 	 Found proxy file /tmp/x509up_u52190
DEBUG 2017-11-15 09:21:17,288: 	 Getting proxy life time left
DEBUG 2017-11-15 09:21:17,391: 	 Executing : 
 command : voms-proxy-info -file /tmp/x509up_u52190 -timeleft
 output : 76406

 error: 
 retcode : 0
DEBUG 2017-11-15 09:21:17,494: 	 Executing : 
 command : voms-proxy-info -file /tmp/x509up_u52190 -actimeleft
 output : 76405

 error: 
 retcode : 0
DEBUG 2017-11-15 09:21:17,494: 	 Proxy valid for 21:13:26 hours
DEBUG 2017-11-15 09:21:17,608: 	 Executing : 
 command : openssl x509 -in ~/.globus/usercert.pem -subject -noout
 output : subject= /DC=ch/DC=cern/OU=Organic Units/OU=Users/CN=shigginb/CN=785176/CN=Sam Higginbotham

 error: 
 retcode : 0
DEBUG 2017-11-15 09:21:17,608: 	 Checking credentials
DEBUG 2017-11-15 09:21:17,608: 	 Found proxy file /tmp/x509up_u52190
DEBUG 2017-11-15 09:21:17,608: 	 Getting proxy life time left
DEBUG 2017-11-15 09:21:17,711: 	 Executing : 
 command : voms-proxy-info -file /tmp/x509up_u52190 -timeleft
 output : 76406

 error: 
 retcode : 0
DEBUG 2017-11-15 09:21:17,815: 	 Executing : 
 command : voms-proxy-info -file /tmp/x509up_u52190 -actimeleft
 output : 76405

 error: 
 retcode : 0
DEBUG 2017-11-15 09:21:17,815: 	 Proxy valid for 21:13:26 hours
DEBUG 2017-11-15 09:21:19,612: 	 Registering user credentials for server /DC=ch/DC=cern/OU=computers/CN=vocms(045|052|021|031|0118|0118a|0119|0108|0105|0109).cern.ch
DEBUG 2017-11-15 09:21:19,721: 	 Executing : 
 command : openssl x509 -in ~/.globus/usercert.pem -subject -noout
 output : subject= /DC=ch/DC=cern/OU=Organic Units/OU=Users/CN=shigginb/CN=785176/CN=Sam Higginbotham

 error: 
 retcode : 0
DEBUG 2017-11-15 09:21:19,721: 	 Getting myproxy life time left for myproxy.cern.ch
DEBUG 2017-11-15 09:21:19,721: 	 Calculating hash of /DC=ch/DC=cern/OU=Organic Units/OU=Users/CN=shigginb/CN=785176/CN=Sam Higginbotham_cmsweb.cern.ch for credential name
DEBUG 2017-11-15 09:21:20,526: 	 Executing : 
 command : myproxy-info -l 2f318c7a260d78734589f2cc772d26b8be79ec6c -s myproxy.cern.ch
 output : username: 2f318c7a260d78734589f2cc772d26b8be79ec6c
owner: /DC=ch/DC=cern/OU=Organic Units/OU=Users/CN=shigginb/CN=785176/CN=Sam Higginbotham
  renewal policy: /DC=ch/DC=cern/OU=computers/CN=vocms(045|052|021|031|0118|0118a|0119|0108|0105|0109).cern.ch
  trusted retrieval policy: /DC=ch/DC=cern/OU=computers/CN=vocms(045|052|021|031|0118|0118a|0119|0108|0105|0109).cern.ch
  timeleft: 430:02:21  (17.9 days)

 error: 
 retcode : 0
DEBUG 2017-11-15 09:21:20,527: 	 Myproxy is valid: 1548141
DEBUG 2017-11-15 09:21:20,527: 	 Command use: status
DEBUG 2017-11-15 09:21:20,527: 	 Options use: ['-d', 'crab_20171115_074715/']
DEBUG 2017-11-15 09:21:22,201: 	 CRABClient version: 3.3.1707.patch1
DEBUG 2017-11-15 09:21:22,201: 	 Instance is prod
DEBUG 2017-11-15 09:21:22,202: 	 Server base url is cmsweb.cern.ch
DEBUG 2017-11-15 09:21:22,202: 	 Command url /crabserver/prod/workflow
DEBUG 2017-11-15 09:21:23,808: 	 Got information from server oracle database: {u'result': [u'171115_134739:shigginb_crab_20171115_074715', u'None', u'SUBMITFAILED', u'2017-11-15 13:47:39.616575', u'None', u'2017-11-15 13:48:26.536233', u"CRAB refuses to proceed in getting the details of the dataset /WWG_TuneCUETP8M1_14TeV-amcatnlo-pythia8/PhaseIITDRFall17MiniAOD-PU200_93X_upgrade2023_realistic_v2-v1/MINIAODSIM from DBS, because the dataset is not 'VALID' but 'PRODUCTION'. To allow CRAB to consider a dataset that is not 'VALID', set Data.allowNonValidInputDataset = True in the CRAB configuration. Notice that this will not force CRAB to run over all files in the dataset; CRAB will still check if there are any valid files in the dataset and run only over those files.", u'CMSSW_9_3_2', u'slc6_amd64_gcc630', u'/WWG_TuneCUETP8M1_14TeV-amcatnlo-pythia8/PhaseIITDRFall17MiniAOD-PU200_93X_upgrade2023_realistic_v2-v1/MINIAODSIM', u'[]', u'[]', u'FileBased', u"{'splitOnRun': False, 'halt_job_on_file_boundaries': False, 'files_per_job': 1, 'runs': [], 'lumis': []}", u'0', u'4e198fb019d07e682a8bd09208595d4eb73bac82ae7f6e24154a54b4451cc952.tar.gz', u'https://cmsweb.cern.ch/crabcache', u'shigginb', u'/DC=ch/DC=cern/OU=Organic Units/OU=Users/CN=shigginb/CN=785176/CN=Sam Higginbotham', u'cms', u'None', u'None', u'crab_20171115_074715-00000000000000000000000000000000', u'T3_US_FNALLPC', u'https://cmsweb.cern.ch/dbs/prod/global/DBSReader', u'https://cmsweb.cern.ch/dbs/prod/phys03/DBSWriter', u'F', u'Analysis', u'{}', u'[]', u'F', u'vocms052', u'[]', u'1250', u'1', u'2000', u'10', u'None', u'None', u'None', u'None', u'[]', u'[]', u'[]', u'pythia', u'[]', u"['analysis.root']", u'[]', u'https://cmsweb.cern.ch/crabserver/prod', u'None', u'0', u'cmssrv221.fnal.gov:9620', u'None', u'F', u'[]', u'T', u'/store/user/shigginb/', u'F', u'None', u'F', u'F', u'F', u'None', u'WWG_TuneCUETP8M1_14TeV-amcatnlo-pythia8', u'filetransfers', u'SUBMIT', u'None', u'e16b4dbaaf0076f3a177400c2ab60ef52eade443cbd91a2d911ec16b63ee8e53.tar.gz', u'131.225.190.56', u'F', u'None'], u'desc': {u'columns': [u'tm_taskname', u'panda_jobset_id', u'tm_task_status', u'tm_start_time', u'tm_start_injection', u'tm_end_injection', u'tm_task_failure', u'tm_job_sw', u'tm_job_arch', u'tm_input_dataset', u'tm_site_whitelist', u'tm_site_blacklist', u'tm_split_algo', u'tm_split_args', u'tm_totalunits', u'tm_user_sandbox', u'tm_cache_url', u'tm_username', u'tm_user_dn', u'tm_user_vo', u'tm_user_role', u'tm_user_group', u'tm_publish_name', u'tm_asyncdest', u'tm_dbs_url', u'tm_publish_dbs_url', u'tm_publication', u'tm_job_type', u'tm_arguments', u'panda_resubmitted_jobs', u'tm_save_logs', u'tw_name', u'tm_user_infiles', u'tm_maxjobruntime', u'tm_numcores', u'tm_maxmemory', u'tm_priority', u'tm_output_dataset', u'tm_user_webdir', u'tm_activity', u'tm_scriptexe', u'tm_scriptargs', u'tm_extrajdl', u'tm_task_warnings', u'tm_generator', u'tm_outfiles', u'tm_tfile_outfiles', u'tm_edm_outfiles', u'tm_asourl', u'tm_events_per_lumi', u'tm_use_parent', u'tm_collector', u'tm_schedd', u'tm_dry_run', u'tm_user_files', u'tm_transfer_outputs', u'tm_output_lfn', u'tm_ignore_locality', u'tm_fail_limit', u'tm_one_event_mode', u'tm_publish_groupname', u'tm_nonvalid_input_dataset', u'tm_secondary_input_dataset', u'tm_primary_dataset', u'tm_asodb', u'tm_task_command', u'clusterid', u'tm_debug_files', u'tm_submitter_ip_addr', u'tm_ignore_global_blacklist', u'tm_last_publication']}}
INFO 2017-11-15 09:21:23,808: 	 CRAB project directory:		/uscms_data/d3/samuellh/WorkingArea/TauAnalysis/CMSSW_9_3_2/src/PUAnalysis/VBFtt2017/crab/VBF69/crab_20171115_074715
INFO 2017-11-15 09:21:23,808: 	 Task name:			171115_134739:shigginb_crab_20171115_074715
INFO 2017-11-15 09:21:23,809: 	 Status on the CRAB server:	SUBMITFAILED
INFO 2017-11-15 09:21:23,809: 	 Task URL to use for HELP:	https://cmsweb.cern.ch/crabserver/ui/task/171115_134739%3Ashigginb_crab_20171115_074715
ERROR 2017-11-15 09:21:23,809: 	 Failure message from the server:		CRAB refuses to proceed in getting the details of the dataset /WWG_TuneCUETP8M1_14TeV-amcatnlo-pythia8/PhaseIITDRFall17MiniAOD-PU200_93X_upgrade2023_realistic_v2-v1/MINIAODSIM from DBS, because the dataset is not 'VALID' but 'PRODUCTION'. To allow CRAB to consider a dataset that is not 'VALID', set Data.allowNonValidInputDataset = True in the CRAB configuration. Notice that this will not force CRAB to run over all files in the dataset; CRAB will still check if there are any valid files in the dataset and run only over those files.
DEBUG 2017-11-15 09:21:23,809: 	 The task has not been submitted to the Grid scheduler yet. Not printing job information.
INFO 2017-11-15 09:21:23,821: 	 Log file is /uscms_data/d3/samuellh/WorkingArea/TauAnalysis/CMSSW_9_3_2/src/PUAnalysis/VBFtt2017/crab/VBF69/crab_20171115_074715/crab.log
