('The system path in the config file ', ['/cvmfs/cms.cern.ch/crab3/slc6_amd64_gcc493/cms/crabclient/3.3.1707.patch1/bin', '/uscms_data/d3/samuellh/WorkingArea/TauAnalysis/CMSSW_9_3_2/python', '/uscms_data/d3/samuellh/WorkingArea/TauAnalysis/CMSSW_9_3_2/lib/slc6_amd64_gcc630', '/cvmfs/cms.cern.ch/slc6_amd64_gcc630/cms/cmssw/CMSSW_9_3_2/python', '/cvmfs/cms.cern.ch/slc6_amd64_gcc630/cms/cmssw/CMSSW_9_3_2/lib/slc6_amd64_gcc630', '/cvmfs/cms.cern.ch/slc6_amd64_gcc630/cms/coral/CORAL_2_3_21-ghjeda6/slc6_amd64_gcc630/python', '/cvmfs/cms.cern.ch/slc6_amd64_gcc630/cms/coral/CORAL_2_3_21-ghjeda6/slc6_amd64_gcc630/lib', '/cvmfs/cms.cern.ch/slc6_amd64_gcc630/external/professor2/2.2.1-ghjeda6/lib/python2.7/site-packages', '/cvmfs/cms.cern.ch/slc6_amd64_gcc630/external/pyqt/4.11.4-mlhled2/lib/python2.7/site-packages', '/cvmfs/cms.cern.ch/slc6_amd64_gcc630/external/sherpa/2.2.4-ghjeda/lib/python2.7/site-packages', '/cvmfs/cms.cern.ch/slc6_amd64_gcc630/external/rivet/2.5.2-ghjeda4/lib/python2.7/site-packages', '/cvmfs/cms.cern.ch/slc6_amd64_gcc630/external/python-ldap/2.4.10-mlhled2/lib/python2.7/site-packages', '/cvmfs/cms.cern.ch/slc6_amd64_gcc630/external/py2-matplotlib/1.5.2-njopjo/lib/python2.7/site-packages', '/cvmfs/cms.cern.ch/slc6_amd64_gcc630/external/sip/4.17-mlhled2/lib/python2.7/site-packages', '/cvmfs/cms.cern.ch/slc6_amd64_gcc630/external/llvm/4.0.0-njopjo/lib64/python2.7/site-packages', '/cvmfs/cms.cern.ch/slc6_amd64_gcc630/external/py2-sqlalchemy/1.1.4-mlhled2/lib/python2.7/site-packages', '/cvmfs/cms.cern.ch/slc6_amd64_gcc630/external/py2-lint/0.25.1-mlhled2/lib/python2.7/site-packages', '/cvmfs/cms.cern.ch/slc6_amd64_gcc630/external/py2-dxr/1.0-ghjeda6/lib/python2.7/site-packages', '/cvmfs/cms.cern.ch/slc6_amd64_gcc630/external/py2-cx-oracle/5.2.1-mlhled2/lib/python2.7/site-packages', '/cvmfs/cms.cern.ch/slc6_amd64_gcc630/external/py2-numpy/1.12.1-mlhled2/lib/python2.7/site-packages', '/cvmfs/cms.cern.ch/slc6_amd64_gcc630/external/frontier_client/2.8.20-mlhled2/python/lib', '/cvmfs/cms.cern.ch/slc6_amd64_gcc630/cms/das_client/v03.01.00-mlhled2/bin', '/cvmfs/cms.cern.ch/slc6_amd64_gcc630/external/xrootd/4.6.1/lib/python2.7/site-packages', '/cvmfs/cms.cern.ch/slc6_amd64_gcc630/external/yoda/1.6.5-ghjeda4/lib/python2.7/site-packages', '/cvmfs/cms.cern.ch/slc6_amd64_gcc630/lcg/root/6.10.04-ghjeda/lib', '/cvmfs/cms.cern.ch/slc6_amd64_gcc630/external/pyminuit2/0.0.1-ghjeda4/lib/python2.7/site-packages', '/cvmfs/cms.cern.ch/slc6_amd64_gcc630/external/py2-PyYAML/3.11-mlhled2/lib/python2.7/site-packages', '/cvmfs/cms.cern.ch/slc6_amd64_gcc630/external/py2-pygithub/1.23.0-mlhled2/lib/python2.7/site-packages', '/cvmfs/cms.cern.ch/slc6_amd64_gcc630/external/py2-pip/9.0.1-mlhled2/lib/python2.7/site-packages', '/cvmfs/cms.cern.ch/slc6_amd64_gcc630/external/py2-dablooms/0.9.1-mlhled2/lib/python2.7/site-packages', '/cvmfs/cms.cern.ch/slc6_amd64_gcc630/external/py2-pippkgs_depscipy/3.0-ghjeda6/lib/python2.7/site-packages', '/cvmfs/cms.cern.ch/slc6_amd64_gcc630/external/py2-pippkgs/5.0-ghjeda6/lib/python2.7/site-packages', '/cvmfs/cms.cern.ch/slc6_amd64_gcc630/external/professor/1.4.0-ghjeda4/lib/python2.7/site-packages', '/cvmfs/cms.cern.ch/slc6_amd64_gcc630/cms/dbs-client/DBS_2_1_9-mlhled2/lib', '/cvmfs/cms.cern.ch/slc6_amd64_gcc630/cms/dbs-client/DBS_2_1_9-mlhled2/lib/DBSAPI', '/cvmfs/cms.cern.ch/slc6_amd64_gcc630/external/cvs2git/5419-mlhled2/lib', '/cvmfs/cms.cern.ch/crab3/slc6_amd64_gcc493/cms/crabclient/3.3.1707.patch1/lib/python2.7/site-packages', '/cvmfs/cms.cern.ch/crab3/slc6_amd64_gcc493/cms/dbs3-client/3.4.4/lib/python2.7/site-packages', '/cvmfs/cms.cern.ch/crab3/slc6_amd64_gcc493/cms/dbs3-pycurl-client/3.4.4/lib/python2.7/site-packages', '/cvmfs/cms.cern.ch/slc6_amd64_gcc630/external/py2-sqlalchemy/1.1.4-mlhled2/lib/python2.7/site-packages/SQLAlchemy-1.1.4-py2.7-linux-x86_64.egg', '/cvmfs/cms.cern.ch/slc6_amd64_gcc630/external/py2-numpy/1.12.1-mlhled2/lib/python2.7/site-packages/numpy-1.12.1-py2.7-linux-x86_64.egg', '/cvmfs/cms.cern.ch/slc6_amd64_gcc630/external/python/2.7.11-mlhled2/lib/python27.zip', '/cvmfs/cms.cern.ch/slc6_amd64_gcc630/external/python/2.7.11-mlhled2/lib/python2.7', '/cvmfs/cms.cern.ch/slc6_amd64_gcc630/external/python/2.7.11-mlhled2/lib/python2.7/plat-linux2', '/cvmfs/cms.cern.ch/slc6_amd64_gcc630/external/python/2.7.11-mlhled2/lib/python2.7/lib-tk', '/cvmfs/cms.cern.ch/slc6_amd64_gcc630/external/python/2.7.11-mlhled2/lib/python2.7/lib-old', '/cvmfs/cms.cern.ch/slc6_amd64_gcc630/external/python/2.7.11-mlhled2/lib/python2.7/lib-dynload', '/cvmfs/cms.cern.ch/slc6_amd64_gcc630/external/python/2.7.11-mlhled2/lib/python2.7/site-packages', '/uscms_data/d3/samuellh/WorkingArea/TauAnalysis/CMSSW_9_3_2/src/PUAnalysis/VBFtt2017/crab/VBF39'])
 ##################################################################### 
 # WARNING: the module CondCore.DBCommon.CondDBSetup is deprecated.  # 
 # Please import CondCore.CondDB.CondDB_cfi                          # 
 ##################################################################### 
recorrecting the jets
List Of Filters
['processedEvents', 'initialEventsTT', 'DiMuonCreation', 'AtLeastOneDiTau', 'TTTauPtEta', 'TTTauDecayFound', 'TTTauStandardDecayFound', 'TTTauDRSel', 'TTSync', 'TTAntiEle', 'TTAntiMu', 'TTIso', 'TTOS']
DEBUG 2017-11-15 07:31:36,396: 	 Executing command: 'submit'
DEBUG 2017-11-15 07:31:36,400: 	 Found CRAB cache file /uscms/home/samuellh/.crab3
DEBUG 2017-11-15 07:31:36,410: 	 Checking credentials
DEBUG 2017-11-15 07:31:36,410: 	 Found proxy file /tmp/x509up_u52190
DEBUG 2017-11-15 07:31:36,410: 	 Getting proxy life time left
DEBUG 2017-11-15 07:31:36,513: 	 Executing : 
 command : voms-proxy-info -file /tmp/x509up_u52190 -timeleft
 output : 82987

 error: 
 retcode : 0
DEBUG 2017-11-15 07:31:36,616: 	 Executing : 
 command : voms-proxy-info -file /tmp/x509up_u52190 -actimeleft
 output : 82986

 error: 
 retcode : 0
DEBUG 2017-11-15 07:31:36,616: 	 Proxy valid for 23:03:07 hours
INFO 2017-11-15 07:31:36,617: 	 Will use CRAB configuration file crab3_TT_MC.py
DEBUG 2017-11-15 07:31:36,617: 	 Loading CRAB configuration file.
DEBUG 2017-11-15 07:31:36,625: 	 Will use CRAB Analysis plugin (i.e. will run an analysis job type).
DEBUG 2017-11-15 07:31:36,741: 	 Executing : 
 command : openssl x509 -in ~/.globus/usercert.pem -subject -noout
 output : subject= /DC=ch/DC=cern/OU=Organic Units/OU=Users/CN=shigginb/CN=785176/CN=Sam Higginbotham

 error: 
 retcode : 0
DEBUG 2017-11-15 07:31:36,741: 	 Checking credentials
DEBUG 2017-11-15 07:31:36,741: 	 Found proxy file /tmp/x509up_u52190
DEBUG 2017-11-15 07:31:36,741: 	 Getting proxy life time left
DEBUG 2017-11-15 07:31:36,844: 	 Executing : 
 command : voms-proxy-info -file /tmp/x509up_u52190 -timeleft
 output : 82987

 error: 
 retcode : 0
DEBUG 2017-11-15 07:31:36,948: 	 Executing : 
 command : voms-proxy-info -file /tmp/x509up_u52190 -actimeleft
 output : 82986

 error: 
 retcode : 0
DEBUG 2017-11-15 07:31:36,948: 	 Proxy valid for 23:03:07 hours
DEBUG 2017-11-15 07:31:37,051: 	 Executing : 
 command : env X509_USER_PROXY=/tmp/x509up_u52190 voms-proxy-info -fqan
 output : /cms/Role=NULL/Capability=NULL

 error: 
 retcode : 0
DEBUG 2017-11-15 07:31:38,737: 	 Registering user credentials for server /DC=ch/DC=cern/OU=computers/CN=vocms(045|052|021|031|0118|0118a|0119|0108|0105|0109).cern.ch
DEBUG 2017-11-15 07:31:38,845: 	 Executing : 
 command : openssl x509 -in ~/.globus/usercert.pem -subject -noout
 output : subject= /DC=ch/DC=cern/OU=Organic Units/OU=Users/CN=shigginb/CN=785176/CN=Sam Higginbotham

 error: 
 retcode : 0
DEBUG 2017-11-15 07:31:38,846: 	 Getting myproxy life time left for myproxy.cern.ch
DEBUG 2017-11-15 07:31:38,846: 	 Calculating hash of /DC=ch/DC=cern/OU=Organic Units/OU=Users/CN=shigginb/CN=785176/CN=Sam Higginbotham_cmsweb.cern.ch for credential name
DEBUG 2017-11-15 07:31:39,650: 	 Executing : 
 command : myproxy-info -l 2f318c7a260d78734589f2cc772d26b8be79ec6c -s myproxy.cern.ch
 output : username: 2f318c7a260d78734589f2cc772d26b8be79ec6c
owner: /DC=ch/DC=cern/OU=Organic Units/OU=Users/CN=shigginb/CN=785176/CN=Sam Higginbotham
  renewal policy: /DC=ch/DC=cern/OU=computers/CN=vocms(045|052|021|031|0118|0118a|0119|0108|0105|0109).cern.ch
  trusted retrieval policy: /DC=ch/DC=cern/OU=computers/CN=vocms(045|052|021|031|0118|0118a|0119|0108|0105|0109).cern.ch
  timeleft: 431:52:02  (18.0 days)

 error: 
 retcode : 0
DEBUG 2017-11-15 07:31:39,652: 	 Myproxy is valid: 1554722
DEBUG 2017-11-15 07:31:39,652: 	 Command use: submit
DEBUG 2017-11-15 07:31:39,652: 	 Options use: ['-c', 'crab3_TT_MC.py']
DEBUG 2017-11-15 07:31:41,301: 	 CRABClient version: 3.3.1707.patch1
DEBUG 2017-11-15 07:31:41,301: 	 Instance is prod
DEBUG 2017-11-15 07:31:41,301: 	 Server base url is cmsweb.cern.ch
DEBUG 2017-11-15 07:31:41,301: 	 Command url /crabserver/prod/workflow
DEBUG 2017-11-15 07:31:41,301: 	 Started submission
DEBUG 2017-11-15 07:31:41,301: 	 Working on /uscms_data/d3/samuellh/WorkingArea/TauAnalysis/CMSSW_9_3_2/src/PUAnalysis/VBFtt2017/crab/VBF39/crab_20171115_073136
DEBUG 2017-11-15 07:31:43,136: 	 Loading required information from the environment
DEBUG 2017-11-15 07:31:43,136: 	 Found CMSSW_9_3_2 for slc6_amd64_gcc630 with base /uscms_data/d3/samuellh/WorkingArea/TauAnalysis/CMSSW_9_3_2
DEBUG 2017-11-15 07:31:43,136: 	 Loading required information from the environment
DEBUG 2017-11-15 07:31:43,136: 	 Found CMSSW_9_3_2 for slc6_amd64_gcc630 with base /uscms_data/d3/samuellh/WorkingArea/TauAnalysis/CMSSW_9_3_2
DEBUG 2017-11-15 07:31:43,146: 	 UNIQUE NAME: tarUUID 5e71154c-9b0f-4411-81f8-5a05abb3a8b4 
DEBUG 2017-11-15 07:31:43,147: 	 self.config: from WMCore.Configuration import Configuration
config = Configuration()
config.section_('General')
config.section_('JobType')
config.JobType.psetName = '../../../TT-MC-Up.py'
config.JobType.pluginName = 'Analysis'
config.JobType.inputFiles = ['../../../Configuration/data/PhaseIISummer16_25nsV3_MC.db']
config.JobType.outputFiles = ['analysis.root']
config.JobType.allowUndistributedCMSSW = True
config.section_('Data')
config.Data.inputDataset = '/SMS-TStauStau_mStau-800_mLSP-1_TuneCUETP8M1_14TeV-madgraphMLM-pythia8/PhaseIITDRFall17MiniAOD-PU200_93X_upgrade2023_realistic_v2-v1/MINIAODSIM'
config.Data.unitsPerJob = 1
config.Data.publication = False
config.Data.inputDBS = 'global'
config.Data.splitting = 'FileBased'
config.section_('Site')
config.Site.storageSite = 'T3_US_FNALLPC'
config.section_('User')
config.section_('Debug')

DEBUG 2017-11-15 07:31:43,147: 	 self.config.JobType.psetName: ../../../TT-MC-Up.py
INFO 2017-11-15 07:31:43,147: 	 Importing CMSSW configuration ../../../TT-MC-Up.py
INFO 2017-11-15 07:31:45,546: 	 Finished importing CMSSW configuration ../../../TT-MC-Up.py
DEBUG 2017-11-15 07:31:45,547: 	 Writing CMSSW configuration to /uscms_data/d3/samuellh/WorkingArea/TauAnalysis/CMSSW_9_3_2/src/PUAnalysis/VBFtt2017/crab/VBF39/crab_20171115_073136/inputs/PSet.py
DEBUG 2017-11-15 07:31:46,336: 	 The following EDM output files will be collected: []
DEBUG 2017-11-15 07:31:46,336: 	 The following TFile output files will be collected: ['analysis.root']
DEBUG 2017-11-15 07:31:46,336: 	 The following user output files will be collected: []
DEBUG 2017-11-15 07:31:46,336: 	 Loading required information from the environment
DEBUG 2017-11-15 07:31:46,336: 	 Found CMSSW_9_3_2 for slc6_amd64_gcc630 with base /uscms_data/d3/samuellh/WorkingArea/TauAnalysis/CMSSW_9_3_2
DEBUG 2017-11-15 07:31:46,336: 	 Making tarball in /uscms_data/d3/samuellh/WorkingArea/TauAnalysis/CMSSW_9_3_2/src/PUAnalysis/VBFtt2017/crab/VBF39/crab_20171115_073136/inputs/5e71154c-9b0f-4411-81f8-5a05abb3a8b4default.tgz
DEBUG 2017-11-15 07:31:46,340: 	 Checking directory /uscms_data/d3/samuellh/WorkingArea/TauAnalysis/CMSSW_9_3_2/lib
DEBUG 2017-11-15 07:31:46,340: 	 Adding directory /uscms_data/d3/samuellh/WorkingArea/TauAnalysis/CMSSW_9_3_2/lib to tarball
DEBUG 2017-11-15 07:31:47,066: 	 Checking directory /uscms_data/d3/samuellh/WorkingArea/TauAnalysis/CMSSW_9_3_2/biglib
DEBUG 2017-11-15 07:31:47,066: 	 Adding directory /uscms_data/d3/samuellh/WorkingArea/TauAnalysis/CMSSW_9_3_2/biglib to tarball
DEBUG 2017-11-15 07:31:47,069: 	 Checking directory /uscms_data/d3/samuellh/WorkingArea/TauAnalysis/CMSSW_9_3_2/module
DEBUG 2017-11-15 07:31:47,092: 	 Adding data directory /uscms_data/d3/samuellh/WorkingArea/TauAnalysis/CMSSW_9_3_2/src/PUAnalysis/Configuration/data to tarball
DEBUG 2017-11-15 07:31:49,810: 	 Adding data directory /uscms_data/d3/samuellh/WorkingArea/TauAnalysis/CMSSW_9_3_2/src/PUAnalysis/DataFormats/interface to tarball
DEBUG 2017-11-15 07:31:49,819: 	 Adding data directory /uscms_data/d3/samuellh/WorkingArea/TauAnalysis/CMSSW_9_3_2/src/PUAnalysis/NtupleTools/interface to tarball
DEBUG 2017-11-15 07:31:49,829: 	 Adding data directory /uscms_data/d3/samuellh/WorkingArea/TauAnalysis/CMSSW_9_3_2/src/PUAnalysis/RecoTools/interface to tarball
DEBUG 2017-11-15 07:31:50,012: 	 Adding file ../../../Configuration/data/PhaseIISummer16_25nsV3_MC.db to tarball
DEBUG 2017-11-15 07:31:50,330: 	 Uploading archive /uscms_data/d3/samuellh/WorkingArea/TauAnalysis/CMSSW_9_3_2/src/PUAnalysis/VBFtt2017/crab/VBF39/crab_20171115_073136/inputs/5e71154c-9b0f-4411-81f8-5a05abb3a8b4default.tgz (11 MB) to the CRAB cache. Using URI https://cmsweb.cern.ch/crabcache
DEBUG 2017-11-15 07:31:57,667: 	 Loading required information from the environment
DEBUG 2017-11-15 07:31:57,667: 	 Found CMSSW_9_3_2 for slc6_amd64_gcc630 with base /uscms_data/d3/samuellh/WorkingArea/TauAnalysis/CMSSW_9_3_2
DEBUG 2017-11-15 07:31:57,667: 	 Making tarball in /uscms_data/d3/samuellh/WorkingArea/TauAnalysis/CMSSW_9_3_2/src/PUAnalysis/VBFtt2017/crab/VBF39/crab_20171115_073136/inputs/debugFiles.tgz
DEBUG 2017-11-15 07:31:57,673: 	 Uploading archive /uscms_data/d3/samuellh/WorkingArea/TauAnalysis/CMSSW_9_3_2/src/PUAnalysis/VBFtt2017/crab/VBF39/crab_20171115_073136/inputs/debugFiles.tgz (2 KB) to the CRAB cache. Using URI https://cmsweb.cern.ch/crabcache
DEBUG 2017-11-15 07:31:59,654: 	 Result uploading input files: 4e198fb019d07e682a8bd09208595d4eb73bac82ae7f6e24154a54b4451cc952.tar.gz 
INFO 2017-11-15 07:31:59,655: 	 Sending the request to the server
DEBUG 2017-11-15 07:31:59,655: 	 Submitting {'maxjobruntime': 1250, 'extrajdl': [], 'ignorelocality': 0, 'savelogsflag': 0, 'useparent': 0, 'asyncdest': 'T3_US_FNALLPC', 'algoargs': 1, 'cachefilename': '4e198fb019d07e682a8bd09208595d4eb73bac82ae7f6e24154a54b4451cc952.tar.gz', 'numcores': 1, 'addoutputfiles': [], 'generator': 'pythia', 'maxmemory': 2000, 'publishdbsurl': 'https://cmsweb.cern.ch/dbs/prod/phys03/DBSWriter', 'priority': 10, 'jobsw': 'CMSSW_9_3_2', 'edmoutfiles': [], 'userfiles': [], 'primarydataset': '', 'inputdata': '/SMS-TStauStau_mStau-800_mLSP-1_TuneCUETP8M1_14TeV-madgraphMLM-pythia8/PhaseIITDRFall17MiniAOD-PU200_93X_upgrade2023_realistic_v2-v1/MINIAODSIM', 'dryrun': 0, 'workflow': 'crab_20171115_073136', 'cacheurl': u'https://cmsweb.cern.ch/crabcache', 'nonprodsw': 1, 'tfileoutfiles': ['analysis.root'], 'oneEventMode': 0, 'debugfilename': 'e225b4d087d2190028f607533b874862e57041768a8e77f11dcfc4c5f4db0cad.tar.gz', 'saveoutput': 1, 'publication': 0, 'jobarch': 'slc6_amd64_gcc630', 'totalunits': 0, 'splitalgo': 'FileBased', 'ignoreglobalblacklist': 0, 'nonvaliddata': 0, 'dbsurl': 'https://cmsweb.cern.ch/dbs/prod/global/DBSReader', 'publishgroupname': 0, 'jobtype': 'Analysis', 'publishname2': ''} 
DEBUG 2017-11-15 07:31:59,655: 	 Encoded submit request: maxjobruntime=1250&ignorelocality=0&savelogsflag=0&useparent=0&asyncdest=T3_US_FNALLPC&algoargs=1&cachefilename=4e198fb019d07e682a8bd09208595d4eb73bac82ae7f6e24154a54b4451cc952.tar.gz&numcores=1&generator=pythia&maxmemory=2000&publishdbsurl=https%3A%2F%2Fcmsweb.cern.ch%2Fdbs%2Fprod%2Fphys03%2FDBSWriter&priority=10&jobsw=CMSSW_9_3_2&primarydataset=&inputdata=%2FSMS-TStauStau_mStau-800_mLSP-1_TuneCUETP8M1_14TeV-madgraphMLM-pythia8%2FPhaseIITDRFall17MiniAOD-PU200_93X_upgrade2023_realistic_v2-v1%2FMINIAODSIM&dryrun=0&workflow=crab_20171115_073136&cacheurl=https%3A%2F%2Fcmsweb.cern.ch%2Fcrabcache&nonprodsw=1&oneEventMode=0&debugfilename=e225b4d087d2190028f607533b874862e57041768a8e77f11dcfc4c5f4db0cad.tar.gz&saveoutput=1&publication=0&jobarch=slc6_amd64_gcc630&totalunits=0&splitalgo=FileBased&ignoreglobalblacklist=0&nonvaliddata=0&dbsurl=https%3A%2F%2Fcmsweb.cern.ch%2Fdbs%2Fprod%2Fglobal%2FDBSReader&publishgroupname=0&jobtype=Analysis&publishname2=&tfileoutfiles=analysis.root
DEBUG 2017-11-15 07:32:01,337: 	 Result: {u'result': [{u'RequestName': u'171115_133201:shigginb_crab_20171115_073136'}]}
INFO 2017-11-15 07:32:01,340: 	 Success: Your task has been delivered to the CRAB3 server.
INFO 2017-11-15 07:32:01,340: 	 Task name: 171115_133201:shigginb_crab_20171115_073136
INFO 2017-11-15 07:32:01,340: 	 Please use 'crab status' to check how the submission process proceeds.
DEBUG 2017-11-15 07:32:01,341: 	 About to return
INFO 2017-11-15 07:32:01,346: 	 Log file is /uscms_data/d3/samuellh/WorkingArea/TauAnalysis/CMSSW_9_3_2/src/PUAnalysis/VBFtt2017/crab/VBF39/crab_20171115_073136/crab.log
DEBUG 2017-11-15 08:02:21,849: 	 Executing command: 'status'
DEBUG 2017-11-15 08:02:21,850: 	 Found CRAB cache file /uscms/home/samuellh/.crab3
DEBUG 2017-11-15 08:02:21,857: 	 Checking credentials
DEBUG 2017-11-15 08:02:21,857: 	 Found proxy file /tmp/x509up_u52190
DEBUG 2017-11-15 08:02:21,857: 	 Getting proxy life time left
DEBUG 2017-11-15 08:02:21,960: 	 Executing : 
 command : voms-proxy-info -file /tmp/x509up_u52190 -timeleft
 output : 81142

 error: 
 retcode : 0
DEBUG 2017-11-15 08:02:22,063: 	 Executing : 
 command : voms-proxy-info -file /tmp/x509up_u52190 -actimeleft
 output : 81140

 error: 
 retcode : 0
DEBUG 2017-11-15 08:02:22,064: 	 Proxy valid for 22:32:22 hours
DEBUG 2017-11-15 08:02:22,176: 	 Executing : 
 command : openssl x509 -in ~/.globus/usercert.pem -subject -noout
 output : subject= /DC=ch/DC=cern/OU=Organic Units/OU=Users/CN=shigginb/CN=785176/CN=Sam Higginbotham

 error: 
 retcode : 0
DEBUG 2017-11-15 08:02:22,176: 	 Checking credentials
DEBUG 2017-11-15 08:02:22,176: 	 Found proxy file /tmp/x509up_u52190
DEBUG 2017-11-15 08:02:22,177: 	 Getting proxy life time left
DEBUG 2017-11-15 08:02:22,279: 	 Executing : 
 command : voms-proxy-info -file /tmp/x509up_u52190 -timeleft
 output : 81141

 error: 
 retcode : 0
DEBUG 2017-11-15 08:02:22,382: 	 Executing : 
 command : voms-proxy-info -file /tmp/x509up_u52190 -actimeleft
 output : 81140

 error: 
 retcode : 0
DEBUG 2017-11-15 08:02:22,383: 	 Proxy valid for 22:32:21 hours
DEBUG 2017-11-15 08:02:24,128: 	 Registering user credentials for server /DC=ch/DC=cern/OU=computers/CN=vocms(045|052|021|031|0118|0118a|0119|0108|0105|0109).cern.ch
DEBUG 2017-11-15 08:02:24,237: 	 Executing : 
 command : openssl x509 -in ~/.globus/usercert.pem -subject -noout
 output : subject= /DC=ch/DC=cern/OU=Organic Units/OU=Users/CN=shigginb/CN=785176/CN=Sam Higginbotham

 error: 
 retcode : 0
DEBUG 2017-11-15 08:02:24,237: 	 Getting myproxy life time left for myproxy.cern.ch
DEBUG 2017-11-15 08:02:24,238: 	 Calculating hash of /DC=ch/DC=cern/OU=Organic Units/OU=Users/CN=shigginb/CN=785176/CN=Sam Higginbotham_cmsweb.cern.ch for credential name
DEBUG 2017-11-15 08:02:24,942: 	 Executing : 
 command : myproxy-info -l 2f318c7a260d78734589f2cc772d26b8be79ec6c -s myproxy.cern.ch
 output : username: 2f318c7a260d78734589f2cc772d26b8be79ec6c
owner: /DC=ch/DC=cern/OU=Organic Units/OU=Users/CN=shigginb/CN=785176/CN=Sam Higginbotham
  renewal policy: /DC=ch/DC=cern/OU=computers/CN=vocms(045|052|021|031|0118|0118a|0119|0108|0105|0109).cern.ch
  trusted retrieval policy: /DC=ch/DC=cern/OU=computers/CN=vocms(045|052|021|031|0118|0118a|0119|0108|0105|0109).cern.ch
  timeleft: 431:21:17  (18.0 days)

 error: 
 retcode : 0
DEBUG 2017-11-15 08:02:24,943: 	 Myproxy is valid: 1552877
DEBUG 2017-11-15 08:02:24,943: 	 Command use: status
DEBUG 2017-11-15 08:02:24,944: 	 Options use: ['-d', 'crab_20171115_073136/']
DEBUG 2017-11-15 08:02:26,669: 	 CRABClient version: 3.3.1707.patch1
DEBUG 2017-11-15 08:02:26,669: 	 Instance is prod
DEBUG 2017-11-15 08:02:26,669: 	 Server base url is cmsweb.cern.ch
DEBUG 2017-11-15 08:02:26,669: 	 Command url /crabserver/prod/workflow
DEBUG 2017-11-15 08:02:28,298: 	 Got information from server oracle database: {u'result': [u'171115_133201:shigginb_crab_20171115_073136', u'None', u'SUBMITTED', u'2017-11-15 13:32:01.274991', u'None', u'2017-11-15 13:33:08.973133', u'None', u'CMSSW_9_3_2', u'slc6_amd64_gcc630', u'/SMS-TStauStau_mStau-800_mLSP-1_TuneCUETP8M1_14TeV-madgraphMLM-pythia8/PhaseIITDRFall17MiniAOD-PU200_93X_upgrade2023_realistic_v2-v1/MINIAODSIM', u'[]', u'[]', u'FileBased', u"{'splitOnRun': False, 'halt_job_on_file_boundaries': False, 'files_per_job': 1, 'runs': [], 'lumis': []}", u'0', u'4e198fb019d07e682a8bd09208595d4eb73bac82ae7f6e24154a54b4451cc952.tar.gz', u'https://cmsweb.cern.ch/crabcache', u'shigginb', u'/DC=ch/DC=cern/OU=Organic Units/OU=Users/CN=shigginb/CN=785176/CN=Sam Higginbotham', u'cms', u'None', u'None', u'crab_20171115_073136-00000000000000000000000000000000', u'T3_US_FNALLPC', u'https://cmsweb.cern.ch/dbs/prod/global/DBSReader', u'https://cmsweb.cern.ch/dbs/prod/phys03/DBSWriter', u'F', u'Analysis', u'{}', u'[]', u'F', u'vocms052', u'[]', u'1250', u'1', u'2000', u'10', u'None', u'http://vocms0137.cern.ch/mon/cms1359/171115_133201:shigginb_crab_20171115_073136', u'None', u'None', u'[]', u'[]', u'[]', u'pythia', u'[]', u"['analysis.root']", u'[]', u'https://cmsweb.cern.ch/crabserver/prod', u'None', u'0', u'cmssrv221.fnal.gov:9620', u'crab3@vocms0137.cern.ch', u'F', u'[]', u'T', u'/store/user/shigginb/', u'F', u'None', u'F', u'F', u'F', u'None', u'SMS-TStauStau_mStau-800_mLSP-1_TuneCUETP8M1_14TeV-madgraphMLM-pythia8', u'filetransfers', u'SUBMIT', u'15047898', u'e225b4d087d2190028f607533b874862e57041768a8e77f11dcfc4c5f4db0cad.tar.gz', u'131.225.190.56', u'F', u'None'], u'desc': {u'columns': [u'tm_taskname', u'panda_jobset_id', u'tm_task_status', u'tm_start_time', u'tm_start_injection', u'tm_end_injection', u'tm_task_failure', u'tm_job_sw', u'tm_job_arch', u'tm_input_dataset', u'tm_site_whitelist', u'tm_site_blacklist', u'tm_split_algo', u'tm_split_args', u'tm_totalunits', u'tm_user_sandbox', u'tm_cache_url', u'tm_username', u'tm_user_dn', u'tm_user_vo', u'tm_user_role', u'tm_user_group', u'tm_publish_name', u'tm_asyncdest', u'tm_dbs_url', u'tm_publish_dbs_url', u'tm_publication', u'tm_job_type', u'tm_arguments', u'panda_resubmitted_jobs', u'tm_save_logs', u'tw_name', u'tm_user_infiles', u'tm_maxjobruntime', u'tm_numcores', u'tm_maxmemory', u'tm_priority', u'tm_output_dataset', u'tm_user_webdir', u'tm_activity', u'tm_scriptexe', u'tm_scriptargs', u'tm_extrajdl', u'tm_task_warnings', u'tm_generator', u'tm_outfiles', u'tm_tfile_outfiles', u'tm_edm_outfiles', u'tm_asourl', u'tm_events_per_lumi', u'tm_use_parent', u'tm_collector', u'tm_schedd', u'tm_dry_run', u'tm_user_files', u'tm_transfer_outputs', u'tm_output_lfn', u'tm_ignore_locality', u'tm_fail_limit', u'tm_one_event_mode', u'tm_publish_groupname', u'tm_nonvalid_input_dataset', u'tm_secondary_input_dataset', u'tm_primary_dataset', u'tm_asodb', u'tm_task_command', u'clusterid', u'tm_debug_files', u'tm_submitter_ip_addr', u'tm_ignore_global_blacklist', u'tm_last_publication']}}
INFO 2017-11-15 08:02:28,299: 	 CRAB project directory:		/uscms_data/d3/samuellh/WorkingArea/TauAnalysis/CMSSW_9_3_2/src/PUAnalysis/VBFtt2017/crab/VBF39/crab_20171115_073136
INFO 2017-11-15 08:02:28,299: 	 Task name:			171115_133201:shigginb_crab_20171115_073136
INFO 2017-11-15 08:02:28,299: 	 Grid scheduler:			crab3@vocms0137.cern.ch
INFO 2017-11-15 08:02:28,299: 	 Status on the CRAB server:	SUBMITTED
INFO 2017-11-15 08:02:28,299: 	 Task URL to use for HELP:	https://cmsweb.cern.ch/crabserver/ui/task/171115_133201%3Ashigginb_crab_20171115_073136
INFO 2017-11-15 08:02:28,300: 	 Dashboard monitoring URL:	http://dashb-cms-job.cern.ch/dashboard/templates/task-analysis/#user=shigginb&refresh=0&table=Jobs&p=1&records=25&activemenu=2&status=&site=&tid=171115_133201%3Ashigginb_crab_20171115_073136
DEBUG 2017-11-15 08:02:28,300: 	 The CRAB server submitted your task to the Grid scheduler (cluster ID: 15047898)
DEBUG 2017-11-15 08:02:28,300: 	 Webdir is located at http://vocms0137.cern.ch/mon/cms1359/171115_133201:shigginb_crab_20171115_073136
DEBUG 2017-11-15 08:02:30,098: 	 Proxied webdir is located at https://cmsweb.cern.ch/scheddmon/0137/cms1359/171115_133201:shigginb_crab_20171115_073136
DEBUG 2017-11-15 08:02:30,098: 	 Retrieving 'status_cache' file from https://cmsweb.cern.ch/scheddmon/0137/cms1359/171115_133201:shigginb_crab_20171115_073136/status_cache
DEBUG 2017-11-15 08:02:31,715: 	 Got information from status cache file: {'1': {'Retries': 0, 'WallDurations': [178.0], 'StartTimes': [1510752917.0], 'SubmitTimes': [1510752801.0], 'JobIds': ['15047902.0'], 'EndTimes': [1510753095.0], 'Restarts': 0, 'RecordedSite': False, 'State': 'finished', 'ResidentSetSize': [74428], 'TotalUserCpuTimeHistory': [106], 'SiteHistory': ['Unknown'], 'TotalSysCpuTimeHistory': [3]}, '3': {'Retries': 0, 'WallDurations': [416.0], 'StartTimes': [1510752915.0], 'SubmitTimes': [1510752801.0], 'JobIds': ['15047903.0'], 'EndTimes': [1510753331.0], 'Restarts': 0, 'RecordedSite': False, 'State': 'finished', 'ResidentSetSize': [1766512], 'TotalUserCpuTimeHistory': [323], 'SiteHistory': ['Unknown'], 'TotalSysCpuTimeHistory': [6]}, '2': {'Retries': 0, 'WallDurations': [471.0], 'StartTimes': [1510753085.0], 'SubmitTimes': [1510752801.0], 'JobIds': ['15047901.0'], 'EndTimes': [1510753556.0], 'Restarts': 0, 'RecordedSite': False, 'State': 'finished', 'ResidentSetSize': [747880], 'TotalUserCpuTimeHistory': [175], 'SiteHistory': ['Unknown'], 'TotalSysCpuTimeHistory': [26]}, '5': {'Retries': 0, 'WallDurations': [144.0], 'StartTimes': [1510753129.0], 'SubmitTimes': [1510752802.0], 'JobIds': ['15047906.0'], 'EndTimes': [1510753273.0], 'Restarts': 0, 'RecordedSite': False, 'State': 'finished', 'ResidentSetSize': [2584], 'TotalUserCpuTimeHistory': [102], 'SiteHistory': ['Unknown'], 'TotalSysCpuTimeHistory': [4]}, '4': {'Retries': 0, 'WallDurations': [87.0], 'StartTimes': [1510752915.0], 'SubmitTimes': [1510752801.0], 'JobIds': ['15047904.0'], 'EndTimes': [1510753002.0], 'Restarts': 0, 'RecordedSite': False, 'State': 'finished', 'ResidentSetSize': [2620], 'TotalUserCpuTimeHistory': [27], 'SiteHistory': ['Unknown'], 'TotalSysCpuTimeHistory': [1]}, '7': {'Retries': 0, 'WallDurations': [150.0], 'StartTimes': [1510752914.0], 'SubmitTimes': [1510752803.0], 'JobIds': ['15047909.0'], 'EndTimes': [1510753064.0], 'Restarts': 0, 'RecordedSite': False, 'State': 'finished', 'ResidentSetSize': [31752], 'TotalUserCpuTimeHistory': [86], 'SiteHistory': ['Unknown'], 'TotalSysCpuTimeHistory': [3]}, '6': {'Retries': 0, 'WallDurations': [89.0], 'StartTimes': [1510752915.0], 'SubmitTimes': [1510752803.0], 'JobIds': ['15047908.0'], 'EndTimes': [1510753004.0], 'Restarts': 0, 'RecordedSite': False, 'State': 'finished', 'ResidentSetSize': [2588], 'TotalUserCpuTimeHistory': [29], 'SiteHistory': ['Unknown'], 'TotalSysCpuTimeHistory': [1]}, '9': {'Retries': 0, 'WallDurations': [87.0], 'StartTimes': [1510752914.0], 'SubmitTimes': [1510752803.0], 'JobIds': ['15047907.0'], 'EndTimes': [1510753001.0], 'Restarts': 0, 'RecordedSite': False, 'State': 'finished', 'ResidentSetSize': [19820], 'TotalUserCpuTimeHistory': [25], 'SiteHistory': ['Unknown'], 'TotalSysCpuTimeHistory': [1]}, '8': {'Retries': 0, 'WallDurations': [610.0], 'StartTimes': [1510753006.0], 'SubmitTimes': [1510752802.0], 'JobIds': ['15047905.0'], 'EndTimes': [], 'Restarts': 0, 'RecordedSite': False, 'State': 'running', 'ResidentSetSize': [742544], 'TotalUserCpuTimeHistory': [0], 'SiteHistory': ['Unknown'], 'TotalSysCpuTimeHistory': [0]}}
INFO 2017-11-15 08:02:31,715: 	 Status on the scheduler:	SUBMITTED
INFO 2017-11-15 08:02:31,715: 	 
Jobs status:                    finished       88.9% (8/9)
INFO 2017-11-15 08:02:31,715: 	 				running        11.1% (1/9)
INFO 2017-11-15 08:02:31,715: 	 
No publication information (publication has been disabled in the CRAB configuration file)
INFO 2017-11-15 08:02:32,393: 	 Log file is /uscms_data/d3/samuellh/WorkingArea/TauAnalysis/CMSSW_9_3_2/src/PUAnalysis/VBFtt2017/crab/VBF39/crab_20171115_073136/crab.log
DEBUG 2017-11-15 09:15:33,228: 	 Executing command: 'status'
DEBUG 2017-11-15 09:15:33,229: 	 Found CRAB cache file /uscms/home/samuellh/.crab3
DEBUG 2017-11-15 09:15:33,236: 	 Checking credentials
DEBUG 2017-11-15 09:15:33,236: 	 Found proxy file /tmp/x509up_u52190
DEBUG 2017-11-15 09:15:33,236: 	 Getting proxy life time left
DEBUG 2017-11-15 09:15:33,339: 	 Executing : 
 command : voms-proxy-info -file /tmp/x509up_u52190 -timeleft
 output : 76750

 error: 
 retcode : 0
DEBUG 2017-11-15 09:15:33,443: 	 Executing : 
 command : voms-proxy-info -file /tmp/x509up_u52190 -actimeleft
 output : 76749

 error: 
 retcode : 0
DEBUG 2017-11-15 09:15:33,443: 	 Proxy valid for 21:19:10 hours
DEBUG 2017-11-15 09:15:33,556: 	 Executing : 
 command : openssl x509 -in ~/.globus/usercert.pem -subject -noout
 output : subject= /DC=ch/DC=cern/OU=Organic Units/OU=Users/CN=shigginb/CN=785176/CN=Sam Higginbotham

 error: 
 retcode : 0
DEBUG 2017-11-15 09:15:33,556: 	 Checking credentials
DEBUG 2017-11-15 09:15:33,556: 	 Found proxy file /tmp/x509up_u52190
DEBUG 2017-11-15 09:15:33,556: 	 Getting proxy life time left
DEBUG 2017-11-15 09:15:33,659: 	 Executing : 
 command : voms-proxy-info -file /tmp/x509up_u52190 -timeleft
 output : 76750

 error: 
 retcode : 0
DEBUG 2017-11-15 09:15:33,763: 	 Executing : 
 command : voms-proxy-info -file /tmp/x509up_u52190 -actimeleft
 output : 76749

 error: 
 retcode : 0
DEBUG 2017-11-15 09:15:33,763: 	 Proxy valid for 21:19:10 hours
DEBUG 2017-11-15 09:15:35,584: 	 Registering user credentials for server /DC=ch/DC=cern/OU=computers/CN=vocms(045|052|021|031|0118|0118a|0119|0108|0105|0109).cern.ch
DEBUG 2017-11-15 09:15:35,693: 	 Executing : 
 command : openssl x509 -in ~/.globus/usercert.pem -subject -noout
 output : subject= /DC=ch/DC=cern/OU=Organic Units/OU=Users/CN=shigginb/CN=785176/CN=Sam Higginbotham

 error: 
 retcode : 0
DEBUG 2017-11-15 09:15:35,693: 	 Getting myproxy life time left for myproxy.cern.ch
DEBUG 2017-11-15 09:15:35,693: 	 Calculating hash of /DC=ch/DC=cern/OU=Organic Units/OU=Users/CN=shigginb/CN=785176/CN=Sam Higginbotham_cmsweb.cern.ch for credential name
DEBUG 2017-11-15 09:15:36,498: 	 Executing : 
 command : myproxy-info -l 2f318c7a260d78734589f2cc772d26b8be79ec6c -s myproxy.cern.ch
 output : username: 2f318c7a260d78734589f2cc772d26b8be79ec6c
owner: /DC=ch/DC=cern/OU=Organic Units/OU=Users/CN=shigginb/CN=785176/CN=Sam Higginbotham
  renewal policy: /DC=ch/DC=cern/OU=computers/CN=vocms(045|052|021|031|0118|0118a|0119|0108|0105|0109).cern.ch
  trusted retrieval policy: /DC=ch/DC=cern/OU=computers/CN=vocms(045|052|021|031|0118|0118a|0119|0108|0105|0109).cern.ch
  timeleft: 430:08:05  (17.9 days)

 error: 
 retcode : 0
DEBUG 2017-11-15 09:15:36,499: 	 Myproxy is valid: 1548485
DEBUG 2017-11-15 09:15:36,500: 	 Command use: status
DEBUG 2017-11-15 09:15:36,500: 	 Options use: ['-d', 'crab_20171115_073136/']
DEBUG 2017-11-15 09:15:38,180: 	 CRABClient version: 3.3.1707.patch1
DEBUG 2017-11-15 09:15:38,180: 	 Instance is prod
DEBUG 2017-11-15 09:15:38,180: 	 Server base url is cmsweb.cern.ch
DEBUG 2017-11-15 09:15:38,181: 	 Command url /crabserver/prod/workflow
DEBUG 2017-11-15 09:15:39,829: 	 Got information from server oracle database: {u'result': [u'171115_133201:shigginb_crab_20171115_073136', u'None', u'SUBMITTED', u'2017-11-15 13:32:01.274991', u'None', u'2017-11-15 13:33:08.973133', u'None', u'CMSSW_9_3_2', u'slc6_amd64_gcc630', u'/SMS-TStauStau_mStau-800_mLSP-1_TuneCUETP8M1_14TeV-madgraphMLM-pythia8/PhaseIITDRFall17MiniAOD-PU200_93X_upgrade2023_realistic_v2-v1/MINIAODSIM', u'[]', u'[]', u'FileBased', u"{'splitOnRun': False, 'halt_job_on_file_boundaries': False, 'files_per_job': 1, 'runs': [], 'lumis': []}", u'0', u'4e198fb019d07e682a8bd09208595d4eb73bac82ae7f6e24154a54b4451cc952.tar.gz', u'https://cmsweb.cern.ch/crabcache', u'shigginb', u'/DC=ch/DC=cern/OU=Organic Units/OU=Users/CN=shigginb/CN=785176/CN=Sam Higginbotham', u'cms', u'None', u'None', u'crab_20171115_073136-00000000000000000000000000000000', u'T3_US_FNALLPC', u'https://cmsweb.cern.ch/dbs/prod/global/DBSReader', u'https://cmsweb.cern.ch/dbs/prod/phys03/DBSWriter', u'F', u'Analysis', u'{}', u'[]', u'F', u'vocms052', u'[]', u'1250', u'1', u'2000', u'10', u'None', u'http://vocms0137.cern.ch/mon/cms1359/171115_133201:shigginb_crab_20171115_073136', u'None', u'None', u'[]', u'[]', u'[]', u'pythia', u'[]', u"['analysis.root']", u'[]', u'https://cmsweb.cern.ch/crabserver/prod', u'None', u'0', u'cmssrv221.fnal.gov:9620', u'crab3@vocms0137.cern.ch', u'F', u'[]', u'T', u'/store/user/shigginb/', u'F', u'None', u'F', u'F', u'F', u'None', u'SMS-TStauStau_mStau-800_mLSP-1_TuneCUETP8M1_14TeV-madgraphMLM-pythia8', u'filetransfers', u'SUBMIT', u'15047898', u'e225b4d087d2190028f607533b874862e57041768a8e77f11dcfc4c5f4db0cad.tar.gz', u'131.225.190.56', u'F', u'None'], u'desc': {u'columns': [u'tm_taskname', u'panda_jobset_id', u'tm_task_status', u'tm_start_time', u'tm_start_injection', u'tm_end_injection', u'tm_task_failure', u'tm_job_sw', u'tm_job_arch', u'tm_input_dataset', u'tm_site_whitelist', u'tm_site_blacklist', u'tm_split_algo', u'tm_split_args', u'tm_totalunits', u'tm_user_sandbox', u'tm_cache_url', u'tm_username', u'tm_user_dn', u'tm_user_vo', u'tm_user_role', u'tm_user_group', u'tm_publish_name', u'tm_asyncdest', u'tm_dbs_url', u'tm_publish_dbs_url', u'tm_publication', u'tm_job_type', u'tm_arguments', u'panda_resubmitted_jobs', u'tm_save_logs', u'tw_name', u'tm_user_infiles', u'tm_maxjobruntime', u'tm_numcores', u'tm_maxmemory', u'tm_priority', u'tm_output_dataset', u'tm_user_webdir', u'tm_activity', u'tm_scriptexe', u'tm_scriptargs', u'tm_extrajdl', u'tm_task_warnings', u'tm_generator', u'tm_outfiles', u'tm_tfile_outfiles', u'tm_edm_outfiles', u'tm_asourl', u'tm_events_per_lumi', u'tm_use_parent', u'tm_collector', u'tm_schedd', u'tm_dry_run', u'tm_user_files', u'tm_transfer_outputs', u'tm_output_lfn', u'tm_ignore_locality', u'tm_fail_limit', u'tm_one_event_mode', u'tm_publish_groupname', u'tm_nonvalid_input_dataset', u'tm_secondary_input_dataset', u'tm_primary_dataset', u'tm_asodb', u'tm_task_command', u'clusterid', u'tm_debug_files', u'tm_submitter_ip_addr', u'tm_ignore_global_blacklist', u'tm_last_publication']}}
INFO 2017-11-15 09:15:39,829: 	 CRAB project directory:		/uscms_data/d3/samuellh/WorkingArea/TauAnalysis/CMSSW_9_3_2/src/PUAnalysis/VBFtt2017/crab/VBF39/crab_20171115_073136
INFO 2017-11-15 09:15:39,830: 	 Task name:			171115_133201:shigginb_crab_20171115_073136
INFO 2017-11-15 09:15:39,830: 	 Grid scheduler:			crab3@vocms0137.cern.ch
INFO 2017-11-15 09:15:39,830: 	 Status on the CRAB server:	SUBMITTED
INFO 2017-11-15 09:15:39,830: 	 Task URL to use for HELP:	https://cmsweb.cern.ch/crabserver/ui/task/171115_133201%3Ashigginb_crab_20171115_073136
INFO 2017-11-15 09:15:39,830: 	 Dashboard monitoring URL:	http://dashb-cms-job.cern.ch/dashboard/templates/task-analysis/#user=shigginb&refresh=0&table=Jobs&p=1&records=25&activemenu=2&status=&site=&tid=171115_133201%3Ashigginb_crab_20171115_073136
DEBUG 2017-11-15 09:15:39,830: 	 The CRAB server submitted your task to the Grid scheduler (cluster ID: 15047898)
DEBUG 2017-11-15 09:15:39,830: 	 Webdir is located at http://vocms0137.cern.ch/mon/cms1359/171115_133201:shigginb_crab_20171115_073136
DEBUG 2017-11-15 09:15:41,806: 	 Proxied webdir is located at https://cmsweb.cern.ch/scheddmon/0137/cms1359/171115_133201:shigginb_crab_20171115_073136
DEBUG 2017-11-15 09:15:41,807: 	 Retrieving 'status_cache' file from https://cmsweb.cern.ch/scheddmon/0137/cms1359/171115_133201:shigginb_crab_20171115_073136/status_cache
DEBUG 2017-11-15 09:15:43,563: 	 Got information from status cache file: {'1': {'Retries': 0, 'WallDurations': [178.0], 'StartTimes': [1510752917.0], 'SubmitTimes': [1510752801.0], 'JobIds': ['15047902.0'], 'EndTimes': [1510753095.0], 'Restarts': 0, 'RecordedSite': False, 'State': 'finished', 'ResidentSetSize': [74428], 'TotalUserCpuTimeHistory': [106], 'SiteHistory': ['Unknown'], 'TotalSysCpuTimeHistory': [3]}, '3': {'Retries': 0, 'WallDurations': [416.0], 'StartTimes': [1510752915.0], 'SubmitTimes': [1510752801.0], 'JobIds': ['15047903.0'], 'EndTimes': [1510753331.0], 'Restarts': 0, 'RecordedSite': False, 'State': 'finished', 'ResidentSetSize': [1766512], 'TotalUserCpuTimeHistory': [323], 'SiteHistory': ['Unknown'], 'TotalSysCpuTimeHistory': [6]}, '2': {'Retries': 0, 'WallDurations': [471.0], 'StartTimes': [1510753085.0], 'SubmitTimes': [1510752801.0], 'JobIds': ['15047901.0'], 'EndTimes': [1510753556.0], 'Restarts': 0, 'RecordedSite': False, 'State': 'finished', 'ResidentSetSize': [747880], 'TotalUserCpuTimeHistory': [175], 'SiteHistory': ['Unknown'], 'TotalSysCpuTimeHistory': [26]}, '5': {'Retries': 0, 'WallDurations': [144.0], 'StartTimes': [1510753129.0], 'SubmitTimes': [1510752802.0], 'JobIds': ['15047906.0'], 'EndTimes': [1510753273.0], 'Restarts': 0, 'RecordedSite': False, 'State': 'finished', 'ResidentSetSize': [2584], 'TotalUserCpuTimeHistory': [102], 'SiteHistory': ['Unknown'], 'TotalSysCpuTimeHistory': [4]}, '4': {'Retries': 0, 'WallDurations': [87.0], 'StartTimes': [1510752915.0], 'SubmitTimes': [1510752801.0], 'JobIds': ['15047904.0'], 'EndTimes': [1510753002.0], 'Restarts': 0, 'RecordedSite': False, 'State': 'finished', 'ResidentSetSize': [2620], 'TotalUserCpuTimeHistory': [27], 'SiteHistory': ['Unknown'], 'TotalSysCpuTimeHistory': [1]}, '7': {'Retries': 0, 'WallDurations': [150.0], 'StartTimes': [1510752914.0], 'SubmitTimes': [1510752803.0], 'JobIds': ['15047909.0'], 'EndTimes': [1510753064.0], 'Restarts': 0, 'RecordedSite': False, 'State': 'finished', 'ResidentSetSize': [31752], 'TotalUserCpuTimeHistory': [86], 'SiteHistory': ['Unknown'], 'TotalSysCpuTimeHistory': [3]}, '6': {'Retries': 0, 'WallDurations': [89.0], 'StartTimes': [1510752915.0], 'SubmitTimes': [1510752803.0], 'JobIds': ['15047908.0'], 'EndTimes': [1510753004.0], 'Restarts': 0, 'RecordedSite': False, 'State': 'finished', 'ResidentSetSize': [2588], 'TotalUserCpuTimeHistory': [29], 'SiteHistory': ['Unknown'], 'TotalSysCpuTimeHistory': [1]}, '9': {'Retries': 0, 'WallDurations': [87.0], 'StartTimes': [1510752914.0], 'SubmitTimes': [1510752803.0], 'JobIds': ['15047907.0'], 'EndTimes': [1510753001.0], 'Restarts': 0, 'RecordedSite': False, 'State': 'finished', 'ResidentSetSize': [19820], 'TotalUserCpuTimeHistory': [25], 'SiteHistory': ['Unknown'], 'TotalSysCpuTimeHistory': [1]}, '8': {'Retries': 0, 'WallDurations': [1721.0], 'StartTimes': [1510753006.0], 'SubmitTimes': [1510752802.0], 'JobIds': ['15047905.0'], 'EndTimes': [1510754727.0], 'Restarts': 0, 'RecordedSite': False, 'State': 'finished', 'ResidentSetSize': [742544], 'TotalUserCpuTimeHistory': [170], 'SiteHistory': ['Unknown'], 'TotalSysCpuTimeHistory': [7]}}
INFO 2017-11-15 09:15:43,563: 	 Status on the scheduler:	COMPLETED
INFO 2017-11-15 09:15:43,563: 	 
Jobs status:                    finished      100.0% (9/9)
INFO 2017-11-15 09:15:43,564: 	 
No publication information (publication has been disabled in the CRAB configuration file)
INFO 2017-11-15 09:15:43,574: 	 Log file is /uscms_data/d3/samuellh/WorkingArea/TauAnalysis/CMSSW_9_3_2/src/PUAnalysis/VBFtt2017/crab/VBF39/crab_20171115_073136/crab.log
