('The system path in the config file ', ['/cvmfs/cms.cern.ch/crab3/slc6_amd64_gcc493/cms/crabclient/3.3.1707.patch1/bin', '/uscms_data/d3/samuellh/WorkingArea/TauAnalysis/CMSSW_9_3_2/python', '/uscms_data/d3/samuellh/WorkingArea/TauAnalysis/CMSSW_9_3_2/lib/slc6_amd64_gcc630', '/cvmfs/cms.cern.ch/slc6_amd64_gcc630/cms/cmssw/CMSSW_9_3_2/python', '/cvmfs/cms.cern.ch/slc6_amd64_gcc630/cms/cmssw/CMSSW_9_3_2/lib/slc6_amd64_gcc630', '/cvmfs/cms.cern.ch/slc6_amd64_gcc630/cms/coral/CORAL_2_3_21-ghjeda6/slc6_amd64_gcc630/python', '/cvmfs/cms.cern.ch/slc6_amd64_gcc630/cms/coral/CORAL_2_3_21-ghjeda6/slc6_amd64_gcc630/lib', '/cvmfs/cms.cern.ch/slc6_amd64_gcc630/external/professor2/2.2.1-ghjeda6/lib/python2.7/site-packages', '/cvmfs/cms.cern.ch/slc6_amd64_gcc630/external/pyqt/4.11.4-mlhled2/lib/python2.7/site-packages', '/cvmfs/cms.cern.ch/slc6_amd64_gcc630/external/sherpa/2.2.4-ghjeda/lib/python2.7/site-packages', '/cvmfs/cms.cern.ch/slc6_amd64_gcc630/external/rivet/2.5.2-ghjeda4/lib/python2.7/site-packages', '/cvmfs/cms.cern.ch/slc6_amd64_gcc630/external/python-ldap/2.4.10-mlhled2/lib/python2.7/site-packages', '/cvmfs/cms.cern.ch/slc6_amd64_gcc630/external/py2-matplotlib/1.5.2-njopjo/lib/python2.7/site-packages', '/cvmfs/cms.cern.ch/slc6_amd64_gcc630/external/sip/4.17-mlhled2/lib/python2.7/site-packages', '/cvmfs/cms.cern.ch/slc6_amd64_gcc630/external/llvm/4.0.0-njopjo/lib64/python2.7/site-packages', '/cvmfs/cms.cern.ch/slc6_amd64_gcc630/external/py2-sqlalchemy/1.1.4-mlhled2/lib/python2.7/site-packages', '/cvmfs/cms.cern.ch/slc6_amd64_gcc630/external/py2-lint/0.25.1-mlhled2/lib/python2.7/site-packages', '/cvmfs/cms.cern.ch/slc6_amd64_gcc630/external/py2-dxr/1.0-ghjeda6/lib/python2.7/site-packages', '/cvmfs/cms.cern.ch/slc6_amd64_gcc630/external/py2-cx-oracle/5.2.1-mlhled2/lib/python2.7/site-packages', '/cvmfs/cms.cern.ch/slc6_amd64_gcc630/external/py2-numpy/1.12.1-mlhled2/lib/python2.7/site-packages', '/cvmfs/cms.cern.ch/slc6_amd64_gcc630/external/frontier_client/2.8.20-mlhled2/python/lib', '/cvmfs/cms.cern.ch/slc6_amd64_gcc630/cms/das_client/v03.01.00-mlhled2/bin', '/cvmfs/cms.cern.ch/slc6_amd64_gcc630/external/xrootd/4.6.1/lib/python2.7/site-packages', '/cvmfs/cms.cern.ch/slc6_amd64_gcc630/external/yoda/1.6.5-ghjeda4/lib/python2.7/site-packages', '/cvmfs/cms.cern.ch/slc6_amd64_gcc630/lcg/root/6.10.04-ghjeda/lib', '/cvmfs/cms.cern.ch/slc6_amd64_gcc630/external/pyminuit2/0.0.1-ghjeda4/lib/python2.7/site-packages', '/cvmfs/cms.cern.ch/slc6_amd64_gcc630/external/py2-PyYAML/3.11-mlhled2/lib/python2.7/site-packages', '/cvmfs/cms.cern.ch/slc6_amd64_gcc630/external/py2-pygithub/1.23.0-mlhled2/lib/python2.7/site-packages', '/cvmfs/cms.cern.ch/slc6_amd64_gcc630/external/py2-pip/9.0.1-mlhled2/lib/python2.7/site-packages', '/cvmfs/cms.cern.ch/slc6_amd64_gcc630/external/py2-dablooms/0.9.1-mlhled2/lib/python2.7/site-packages', '/cvmfs/cms.cern.ch/slc6_amd64_gcc630/external/py2-pippkgs_depscipy/3.0-ghjeda6/lib/python2.7/site-packages', '/cvmfs/cms.cern.ch/slc6_amd64_gcc630/external/py2-pippkgs/5.0-ghjeda6/lib/python2.7/site-packages', '/cvmfs/cms.cern.ch/slc6_amd64_gcc630/external/professor/1.4.0-ghjeda4/lib/python2.7/site-packages', '/cvmfs/cms.cern.ch/slc6_amd64_gcc630/cms/dbs-client/DBS_2_1_9-mlhled2/lib', '/cvmfs/cms.cern.ch/slc6_amd64_gcc630/cms/dbs-client/DBS_2_1_9-mlhled2/lib/DBSAPI', '/cvmfs/cms.cern.ch/slc6_amd64_gcc630/external/cvs2git/5419-mlhled2/lib', '/cvmfs/cms.cern.ch/crab3/slc6_amd64_gcc493/cms/crabclient/3.3.1707.patch1/lib/python2.7/site-packages', '/cvmfs/cms.cern.ch/crab3/slc6_amd64_gcc493/cms/dbs3-client/3.4.4/lib/python2.7/site-packages', '/cvmfs/cms.cern.ch/crab3/slc6_amd64_gcc493/cms/dbs3-pycurl-client/3.4.4/lib/python2.7/site-packages', '/cvmfs/cms.cern.ch/slc6_amd64_gcc630/external/py2-sqlalchemy/1.1.4-mlhled2/lib/python2.7/site-packages/SQLAlchemy-1.1.4-py2.7-linux-x86_64.egg', '/cvmfs/cms.cern.ch/slc6_amd64_gcc630/external/py2-numpy/1.12.1-mlhled2/lib/python2.7/site-packages/numpy-1.12.1-py2.7-linux-x86_64.egg', '/cvmfs/cms.cern.ch/slc6_amd64_gcc630/external/python/2.7.11-mlhled2/lib/python27.zip', '/cvmfs/cms.cern.ch/slc6_amd64_gcc630/external/python/2.7.11-mlhled2/lib/python2.7', '/cvmfs/cms.cern.ch/slc6_amd64_gcc630/external/python/2.7.11-mlhled2/lib/python2.7/plat-linux2', '/cvmfs/cms.cern.ch/slc6_amd64_gcc630/external/python/2.7.11-mlhled2/lib/python2.7/lib-tk', '/cvmfs/cms.cern.ch/slc6_amd64_gcc630/external/python/2.7.11-mlhled2/lib/python2.7/lib-old', '/cvmfs/cms.cern.ch/slc6_amd64_gcc630/external/python/2.7.11-mlhled2/lib/python2.7/lib-dynload', '/cvmfs/cms.cern.ch/slc6_amd64_gcc630/external/python/2.7.11-mlhled2/lib/python2.7/site-packages', '/uscms_data/d3/samuellh/WorkingArea/TauAnalysis/CMSSW_9_3_2/src/PUAnalysis/VBFtt2017/crab/VBF15'])
 ##################################################################### 
 # WARNING: the module CondCore.DBCommon.CondDBSetup is deprecated.  # 
 # Please import CondCore.CondDB.CondDB_cfi                          # 
 ##################################################################### 
recorrecting the jets
List Of Filters
['processedEvents', 'initialEventsTT', 'DiMuonCreation', 'AtLeastOneDiTau', 'TTTauPtEta', 'TTTauDecayFound', 'TTTauStandardDecayFound', 'TTTauDRSel', 'TTSync', 'TTAntiEle', 'TTAntiMu', 'TTIso', 'TTOS']
DEBUG 2017-11-15 07:19:51,882: 	 Executing command: 'submit'
DEBUG 2017-11-15 07:19:51,883: 	 Found CRAB cache file /uscms/home/samuellh/.crab3
DEBUG 2017-11-15 07:19:51,891: 	 Checking credentials
DEBUG 2017-11-15 07:19:51,891: 	 Found proxy file /tmp/x509up_u52190
DEBUG 2017-11-15 07:19:51,892: 	 Getting proxy life time left
DEBUG 2017-11-15 07:19:51,995: 	 Executing : 
 command : voms-proxy-info -file /tmp/x509up_u52190 -timeleft
 output : 83692

 error: 
 retcode : 0
DEBUG 2017-11-15 07:19:52,099: 	 Executing : 
 command : voms-proxy-info -file /tmp/x509up_u52190 -actimeleft
 output : 83690

 error: 
 retcode : 0
DEBUG 2017-11-15 07:19:52,099: 	 Proxy valid for 23:14:52 hours
INFO 2017-11-15 07:19:52,099: 	 Will use CRAB configuration file crab3_TT_MC.py
DEBUG 2017-11-15 07:19:52,099: 	 Loading CRAB configuration file.
DEBUG 2017-11-15 07:19:52,107: 	 Will use CRAB Analysis plugin (i.e. will run an analysis job type).
DEBUG 2017-11-15 07:19:52,222: 	 Executing : 
 command : openssl x509 -in ~/.globus/usercert.pem -subject -noout
 output : subject= /DC=ch/DC=cern/OU=Organic Units/OU=Users/CN=shigginb/CN=785176/CN=Sam Higginbotham

 error: 
 retcode : 0
DEBUG 2017-11-15 07:19:52,223: 	 Checking credentials
DEBUG 2017-11-15 07:19:52,223: 	 Found proxy file /tmp/x509up_u52190
DEBUG 2017-11-15 07:19:52,223: 	 Getting proxy life time left
DEBUG 2017-11-15 07:19:52,326: 	 Executing : 
 command : voms-proxy-info -file /tmp/x509up_u52190 -timeleft
 output : 83691

 error: 
 retcode : 0
DEBUG 2017-11-15 07:19:52,430: 	 Executing : 
 command : voms-proxy-info -file /tmp/x509up_u52190 -actimeleft
 output : 83690

 error: 
 retcode : 0
DEBUG 2017-11-15 07:19:52,430: 	 Proxy valid for 23:14:51 hours
DEBUG 2017-11-15 07:19:52,534: 	 Executing : 
 command : env X509_USER_PROXY=/tmp/x509up_u52190 voms-proxy-info -fqan
 output : /cms/Role=NULL/Capability=NULL

 error: 
 retcode : 0
DEBUG 2017-11-15 07:19:54,335: 	 Registering user credentials for server /DC=ch/DC=cern/OU=computers/CN=vocms(045|052|021|031|0118|0118a|0119|0108|0105|0109).cern.ch
DEBUG 2017-11-15 07:19:54,443: 	 Executing : 
 command : openssl x509 -in ~/.globus/usercert.pem -subject -noout
 output : subject= /DC=ch/DC=cern/OU=Organic Units/OU=Users/CN=shigginb/CN=785176/CN=Sam Higginbotham

 error: 
 retcode : 0
DEBUG 2017-11-15 07:19:54,444: 	 Getting myproxy life time left for myproxy.cern.ch
DEBUG 2017-11-15 07:19:54,444: 	 Calculating hash of /DC=ch/DC=cern/OU=Organic Units/OU=Users/CN=shigginb/CN=785176/CN=Sam Higginbotham_cmsweb.cern.ch for credential name
DEBUG 2017-11-15 07:19:55,148: 	 Executing : 
 command : myproxy-info -l 2f318c7a260d78734589f2cc772d26b8be79ec6c -s myproxy.cern.ch
 output : username: 2f318c7a260d78734589f2cc772d26b8be79ec6c
owner: /DC=ch/DC=cern/OU=Organic Units/OU=Users/CN=shigginb/CN=785176/CN=Sam Higginbotham
  renewal policy: /DC=ch/DC=cern/OU=computers/CN=vocms(045|052|021|031|0118|0118a|0119|0108|0105|0109).cern.ch
  trusted retrieval policy: /DC=ch/DC=cern/OU=computers/CN=vocms(045|052|021|031|0118|0118a|0119|0108|0105|0109).cern.ch
  timeleft: 432:03:46  (18.0 days)

 error: 
 retcode : 0
DEBUG 2017-11-15 07:19:55,150: 	 Myproxy is valid: 1555426
DEBUG 2017-11-15 07:19:55,150: 	 Command use: submit
DEBUG 2017-11-15 07:19:55,150: 	 Options use: ['-c', 'crab3_TT_MC.py']
DEBUG 2017-11-15 07:19:56,830: 	 CRABClient version: 3.3.1707.patch1
DEBUG 2017-11-15 07:19:56,830: 	 Instance is prod
DEBUG 2017-11-15 07:19:56,830: 	 Server base url is cmsweb.cern.ch
DEBUG 2017-11-15 07:19:56,830: 	 Command url /crabserver/prod/workflow
DEBUG 2017-11-15 07:19:56,831: 	 Started submission
DEBUG 2017-11-15 07:19:56,831: 	 Working on /uscms_data/d3/samuellh/WorkingArea/TauAnalysis/CMSSW_9_3_2/src/PUAnalysis/VBFtt2017/crab/VBF15/crab_20171115_071952
DEBUG 2017-11-15 07:19:58,682: 	 Loading required information from the environment
DEBUG 2017-11-15 07:19:58,682: 	 Found CMSSW_9_3_2 for slc6_amd64_gcc630 with base /uscms_data/d3/samuellh/WorkingArea/TauAnalysis/CMSSW_9_3_2
DEBUG 2017-11-15 07:19:58,682: 	 Loading required information from the environment
DEBUG 2017-11-15 07:19:58,682: 	 Found CMSSW_9_3_2 for slc6_amd64_gcc630 with base /uscms_data/d3/samuellh/WorkingArea/TauAnalysis/CMSSW_9_3_2
DEBUG 2017-11-15 07:19:58,696: 	 UNIQUE NAME: tarUUID 678259e2-5161-4307-886d-5ac25b1d5e19 
DEBUG 2017-11-15 07:19:58,696: 	 self.config: from WMCore.Configuration import Configuration
config = Configuration()
config.section_('General')
config.section_('JobType')
config.JobType.psetName = '../../../TT-MC-Up.py'
config.JobType.pluginName = 'Analysis'
config.JobType.inputFiles = ['../../../Configuration/data/PhaseIISummer16_25nsV3_MC.db']
config.JobType.outputFiles = ['analysis.root']
config.JobType.allowUndistributedCMSSW = True
config.section_('Data')
config.Data.inputDataset = '/QCD_Mdijet-1000toInf_TuneCUETP8M1_14TeV-pythia8/PhaseIITDRFall17MiniAOD-PU200_93X_upgrade2023_realistic_v2-v1/MINIAODSIM'
config.Data.unitsPerJob = 1
config.Data.publication = False
config.Data.inputDBS = 'global'
config.Data.splitting = 'FileBased'
config.section_('Site')
config.Site.storageSite = 'T3_US_FNALLPC'
config.section_('User')
config.section_('Debug')

DEBUG 2017-11-15 07:19:58,696: 	 self.config.JobType.psetName: ../../../TT-MC-Up.py
INFO 2017-11-15 07:19:58,696: 	 Importing CMSSW configuration ../../../TT-MC-Up.py
INFO 2017-11-15 07:20:01,240: 	 Finished importing CMSSW configuration ../../../TT-MC-Up.py
DEBUG 2017-11-15 07:20:01,240: 	 Writing CMSSW configuration to /uscms_data/d3/samuellh/WorkingArea/TauAnalysis/CMSSW_9_3_2/src/PUAnalysis/VBFtt2017/crab/VBF15/crab_20171115_071952/inputs/PSet.py
DEBUG 2017-11-15 07:20:02,227: 	 The following EDM output files will be collected: []
DEBUG 2017-11-15 07:20:02,227: 	 The following TFile output files will be collected: ['analysis.root']
DEBUG 2017-11-15 07:20:02,227: 	 The following user output files will be collected: []
DEBUG 2017-11-15 07:20:02,227: 	 Loading required information from the environment
DEBUG 2017-11-15 07:20:02,227: 	 Found CMSSW_9_3_2 for slc6_amd64_gcc630 with base /uscms_data/d3/samuellh/WorkingArea/TauAnalysis/CMSSW_9_3_2
DEBUG 2017-11-15 07:20:02,228: 	 Making tarball in /uscms_data/d3/samuellh/WorkingArea/TauAnalysis/CMSSW_9_3_2/src/PUAnalysis/VBFtt2017/crab/VBF15/crab_20171115_071952/inputs/678259e2-5161-4307-886d-5ac25b1d5e19default.tgz
DEBUG 2017-11-15 07:20:02,251: 	 Checking directory /uscms_data/d3/samuellh/WorkingArea/TauAnalysis/CMSSW_9_3_2/lib
DEBUG 2017-11-15 07:20:02,251: 	 Adding directory /uscms_data/d3/samuellh/WorkingArea/TauAnalysis/CMSSW_9_3_2/lib to tarball
DEBUG 2017-11-15 07:20:03,172: 	 Checking directory /uscms_data/d3/samuellh/WorkingArea/TauAnalysis/CMSSW_9_3_2/biglib
DEBUG 2017-11-15 07:20:03,173: 	 Adding directory /uscms_data/d3/samuellh/WorkingArea/TauAnalysis/CMSSW_9_3_2/biglib to tarball
DEBUG 2017-11-15 07:20:03,175: 	 Checking directory /uscms_data/d3/samuellh/WorkingArea/TauAnalysis/CMSSW_9_3_2/module
DEBUG 2017-11-15 07:20:03,204: 	 Adding data directory /uscms_data/d3/samuellh/WorkingArea/TauAnalysis/CMSSW_9_3_2/src/PUAnalysis/Configuration/data to tarball
DEBUG 2017-11-15 07:20:05,853: 	 Adding data directory /uscms_data/d3/samuellh/WorkingArea/TauAnalysis/CMSSW_9_3_2/src/PUAnalysis/DataFormats/interface to tarball
DEBUG 2017-11-15 07:20:05,862: 	 Adding data directory /uscms_data/d3/samuellh/WorkingArea/TauAnalysis/CMSSW_9_3_2/src/PUAnalysis/NtupleTools/interface to tarball
DEBUG 2017-11-15 07:20:05,878: 	 Adding data directory /uscms_data/d3/samuellh/WorkingArea/TauAnalysis/CMSSW_9_3_2/src/PUAnalysis/RecoTools/interface to tarball
DEBUG 2017-11-15 07:20:06,089: 	 Adding file ../../../Configuration/data/PhaseIISummer16_25nsV3_MC.db to tarball
DEBUG 2017-11-15 07:20:06,444: 	 Uploading archive /uscms_data/d3/samuellh/WorkingArea/TauAnalysis/CMSSW_9_3_2/src/PUAnalysis/VBFtt2017/crab/VBF15/crab_20171115_071952/inputs/678259e2-5161-4307-886d-5ac25b1d5e19default.tgz (11 MB) to the CRAB cache. Using URI https://cmsweb.cern.ch/crabcache
DEBUG 2017-11-15 07:20:13,413: 	 Loading required information from the environment
DEBUG 2017-11-15 07:20:13,414: 	 Found CMSSW_9_3_2 for slc6_amd64_gcc630 with base /uscms_data/d3/samuellh/WorkingArea/TauAnalysis/CMSSW_9_3_2
DEBUG 2017-11-15 07:20:13,414: 	 Making tarball in /uscms_data/d3/samuellh/WorkingArea/TauAnalysis/CMSSW_9_3_2/src/PUAnalysis/VBFtt2017/crab/VBF15/crab_20171115_071952/inputs/debugFiles.tgz
DEBUG 2017-11-15 07:20:13,420: 	 Uploading archive /uscms_data/d3/samuellh/WorkingArea/TauAnalysis/CMSSW_9_3_2/src/PUAnalysis/VBFtt2017/crab/VBF15/crab_20171115_071952/inputs/debugFiles.tgz (2 KB) to the CRAB cache. Using URI https://cmsweb.cern.ch/crabcache
DEBUG 2017-11-15 07:20:15,292: 	 Result uploading input files: 4e198fb019d07e682a8bd09208595d4eb73bac82ae7f6e24154a54b4451cc952.tar.gz 
INFO 2017-11-15 07:20:15,292: 	 Sending the request to the server
DEBUG 2017-11-15 07:20:15,292: 	 Submitting {'maxjobruntime': 1250, 'extrajdl': [], 'ignorelocality': 0, 'savelogsflag': 0, 'useparent': 0, 'asyncdest': 'T3_US_FNALLPC', 'algoargs': 1, 'cachefilename': '4e198fb019d07e682a8bd09208595d4eb73bac82ae7f6e24154a54b4451cc952.tar.gz', 'numcores': 1, 'addoutputfiles': [], 'generator': 'pythia', 'maxmemory': 2000, 'publishdbsurl': 'https://cmsweb.cern.ch/dbs/prod/phys03/DBSWriter', 'priority': 10, 'jobsw': 'CMSSW_9_3_2', 'edmoutfiles': [], 'userfiles': [], 'primarydataset': '', 'inputdata': '/QCD_Mdijet-1000toInf_TuneCUETP8M1_14TeV-pythia8/PhaseIITDRFall17MiniAOD-PU200_93X_upgrade2023_realistic_v2-v1/MINIAODSIM', 'dryrun': 0, 'workflow': 'crab_20171115_071952', 'cacheurl': u'https://cmsweb.cern.ch/crabcache', 'nonprodsw': 1, 'tfileoutfiles': ['analysis.root'], 'oneEventMode': 0, 'debugfilename': 'a884cf254dc97dd35a502c75c03bdfd730b434eda65b5de4927c40f02ba5b614.tar.gz', 'saveoutput': 1, 'publication': 0, 'jobarch': 'slc6_amd64_gcc630', 'totalunits': 0, 'splitalgo': 'FileBased', 'ignoreglobalblacklist': 0, 'nonvaliddata': 0, 'dbsurl': 'https://cmsweb.cern.ch/dbs/prod/global/DBSReader', 'publishgroupname': 0, 'jobtype': 'Analysis', 'publishname2': ''} 
DEBUG 2017-11-15 07:20:15,293: 	 Encoded submit request: maxjobruntime=1250&ignorelocality=0&savelogsflag=0&useparent=0&asyncdest=T3_US_FNALLPC&algoargs=1&cachefilename=4e198fb019d07e682a8bd09208595d4eb73bac82ae7f6e24154a54b4451cc952.tar.gz&numcores=1&generator=pythia&maxmemory=2000&publishdbsurl=https%3A%2F%2Fcmsweb.cern.ch%2Fdbs%2Fprod%2Fphys03%2FDBSWriter&priority=10&jobsw=CMSSW_9_3_2&primarydataset=&inputdata=%2FQCD_Mdijet-1000toInf_TuneCUETP8M1_14TeV-pythia8%2FPhaseIITDRFall17MiniAOD-PU200_93X_upgrade2023_realistic_v2-v1%2FMINIAODSIM&dryrun=0&workflow=crab_20171115_071952&cacheurl=https%3A%2F%2Fcmsweb.cern.ch%2Fcrabcache&nonprodsw=1&oneEventMode=0&debugfilename=a884cf254dc97dd35a502c75c03bdfd730b434eda65b5de4927c40f02ba5b614.tar.gz&saveoutput=1&publication=0&jobarch=slc6_amd64_gcc630&totalunits=0&splitalgo=FileBased&ignoreglobalblacklist=0&nonvaliddata=0&dbsurl=https%3A%2F%2Fcmsweb.cern.ch%2Fdbs%2Fprod%2Fglobal%2FDBSReader&publishgroupname=0&jobtype=Analysis&publishname2=&tfileoutfiles=analysis.root
DEBUG 2017-11-15 07:20:16,956: 	 Result: {u'result': [{u'RequestName': u'171115_132016:shigginb_crab_20171115_071952'}]}
INFO 2017-11-15 07:20:16,959: 	 Success: Your task has been delivered to the CRAB3 server.
INFO 2017-11-15 07:20:16,960: 	 Task name: 171115_132016:shigginb_crab_20171115_071952
INFO 2017-11-15 07:20:16,960: 	 Please use 'crab status' to check how the submission process proceeds.
DEBUG 2017-11-15 07:20:16,960: 	 About to return
INFO 2017-11-15 07:20:16,966: 	 Log file is /uscms_data/d3/samuellh/WorkingArea/TauAnalysis/CMSSW_9_3_2/src/PUAnalysis/VBFtt2017/crab/VBF15/crab_20171115_071952/crab.log
DEBUG 2017-11-15 07:57:34,250: 	 Executing command: 'status'
DEBUG 2017-11-15 07:57:34,251: 	 Found CRAB cache file /uscms/home/samuellh/.crab3
DEBUG 2017-11-15 07:57:34,259: 	 Checking credentials
DEBUG 2017-11-15 07:57:34,259: 	 Found proxy file /tmp/x509up_u52190
DEBUG 2017-11-15 07:57:34,259: 	 Getting proxy life time left
DEBUG 2017-11-15 07:57:34,362: 	 Executing : 
 command : voms-proxy-info -file /tmp/x509up_u52190 -timeleft
 output : 81429

 error: 
 retcode : 0
DEBUG 2017-11-15 07:57:34,465: 	 Executing : 
 command : voms-proxy-info -file /tmp/x509up_u52190 -actimeleft
 output : 81428

 error: 
 retcode : 0
DEBUG 2017-11-15 07:57:34,466: 	 Proxy valid for 22:37:09 hours
DEBUG 2017-11-15 07:57:34,580: 	 Executing : 
 command : openssl x509 -in ~/.globus/usercert.pem -subject -noout
 output : subject= /DC=ch/DC=cern/OU=Organic Units/OU=Users/CN=shigginb/CN=785176/CN=Sam Higginbotham

 error: 
 retcode : 0
DEBUG 2017-11-15 07:57:34,580: 	 Checking credentials
DEBUG 2017-11-15 07:57:34,580: 	 Found proxy file /tmp/x509up_u52190
DEBUG 2017-11-15 07:57:34,580: 	 Getting proxy life time left
DEBUG 2017-11-15 07:57:34,683: 	 Executing : 
 command : voms-proxy-info -file /tmp/x509up_u52190 -timeleft
 output : 81429

 error: 
 retcode : 0
DEBUG 2017-11-15 07:57:34,786: 	 Executing : 
 command : voms-proxy-info -file /tmp/x509up_u52190 -actimeleft
 output : 81428

 error: 
 retcode : 0
DEBUG 2017-11-15 07:57:34,786: 	 Proxy valid for 22:37:09 hours
DEBUG 2017-11-15 07:57:36,621: 	 Registering user credentials for server /DC=ch/DC=cern/OU=computers/CN=vocms(045|052|021|031|0118|0118a|0119|0108|0105|0109).cern.ch
DEBUG 2017-11-15 07:57:36,729: 	 Executing : 
 command : openssl x509 -in ~/.globus/usercert.pem -subject -noout
 output : subject= /DC=ch/DC=cern/OU=Organic Units/OU=Users/CN=shigginb/CN=785176/CN=Sam Higginbotham

 error: 
 retcode : 0
DEBUG 2017-11-15 07:57:36,729: 	 Getting myproxy life time left for myproxy.cern.ch
DEBUG 2017-11-15 07:57:36,730: 	 Calculating hash of /DC=ch/DC=cern/OU=Organic Units/OU=Users/CN=shigginb/CN=785176/CN=Sam Higginbotham_cmsweb.cern.ch for credential name
DEBUG 2017-11-15 07:57:37,534: 	 Executing : 
 command : myproxy-info -l 2f318c7a260d78734589f2cc772d26b8be79ec6c -s myproxy.cern.ch
 output : username: 2f318c7a260d78734589f2cc772d26b8be79ec6c
owner: /DC=ch/DC=cern/OU=Organic Units/OU=Users/CN=shigginb/CN=785176/CN=Sam Higginbotham
  renewal policy: /DC=ch/DC=cern/OU=computers/CN=vocms(045|052|021|031|0118|0118a|0119|0108|0105|0109).cern.ch
  trusted retrieval policy: /DC=ch/DC=cern/OU=computers/CN=vocms(045|052|021|031|0118|0118a|0119|0108|0105|0109).cern.ch
  timeleft: 431:26:04  (18.0 days)

 error: 
 retcode : 0
DEBUG 2017-11-15 07:57:37,536: 	 Myproxy is valid: 1553164
DEBUG 2017-11-15 07:57:37,537: 	 Command use: status
DEBUG 2017-11-15 07:57:37,537: 	 Options use: ['-d', 'crab_20171115_071952/']
DEBUG 2017-11-15 07:57:39,273: 	 CRABClient version: 3.3.1707.patch1
DEBUG 2017-11-15 07:57:39,273: 	 Instance is prod
DEBUG 2017-11-15 07:57:39,273: 	 Server base url is cmsweb.cern.ch
DEBUG 2017-11-15 07:57:39,273: 	 Command url /crabserver/prod/workflow
DEBUG 2017-11-15 07:57:41,065: 	 Got information from server oracle database: {u'result': [u'171115_132016:shigginb_crab_20171115_071952', u'None', u'SUBMITTED', u'2017-11-15 13:20:16.874475', u'None', u'2017-11-15 13:21:00.389913', u'None', u'CMSSW_9_3_2', u'slc6_amd64_gcc630', u'/QCD_Mdijet-1000toInf_TuneCUETP8M1_14TeV-pythia8/PhaseIITDRFall17MiniAOD-PU200_93X_upgrade2023_realistic_v2-v1/MINIAODSIM', u'[]', u'[]', u'FileBased', u"{'splitOnRun': False, 'halt_job_on_file_boundaries': False, 'files_per_job': 1, 'runs': [], 'lumis': []}", u'0', u'4e198fb019d07e682a8bd09208595d4eb73bac82ae7f6e24154a54b4451cc952.tar.gz', u'https://cmsweb.cern.ch/crabcache', u'shigginb', u'/DC=ch/DC=cern/OU=Organic Units/OU=Users/CN=shigginb/CN=785176/CN=Sam Higginbotham', u'cms', u'None', u'None', u'crab_20171115_071952-00000000000000000000000000000000', u'T3_US_FNALLPC', u'https://cmsweb.cern.ch/dbs/prod/global/DBSReader', u'https://cmsweb.cern.ch/dbs/prod/phys03/DBSWriter', u'F', u'Analysis', u'{}', u'[]', u'F', u'vocms052', u'[]', u'1250', u'1', u'2000', u'10', u'None', u'http://vocms0155.cern.ch/mon/cms1359/171115_132016:shigginb_crab_20171115_071952', u'None', u'None', u'[]', u'[]', u'[]', u'pythia', u'[]', u"['analysis.root']", u'[]', u'https://cmsweb.cern.ch/crabserver/prod', u'None', u'0', u'cmssrv221.fnal.gov:9620', u'crab3@vocms0155.cern.ch', u'F', u'[]', u'T', u'/store/user/shigginb/', u'F', u'None', u'F', u'F', u'F', u'None', u'QCD_Mdijet-1000toInf_TuneCUETP8M1_14TeV-pythia8', u'filetransfers', u'SUBMIT', u'15442808', u'a884cf254dc97dd35a502c75c03bdfd730b434eda65b5de4927c40f02ba5b614.tar.gz', u'131.225.190.56', u'F', u'None'], u'desc': {u'columns': [u'tm_taskname', u'panda_jobset_id', u'tm_task_status', u'tm_start_time', u'tm_start_injection', u'tm_end_injection', u'tm_task_failure', u'tm_job_sw', u'tm_job_arch', u'tm_input_dataset', u'tm_site_whitelist', u'tm_site_blacklist', u'tm_split_algo', u'tm_split_args', u'tm_totalunits', u'tm_user_sandbox', u'tm_cache_url', u'tm_username', u'tm_user_dn', u'tm_user_vo', u'tm_user_role', u'tm_user_group', u'tm_publish_name', u'tm_asyncdest', u'tm_dbs_url', u'tm_publish_dbs_url', u'tm_publication', u'tm_job_type', u'tm_arguments', u'panda_resubmitted_jobs', u'tm_save_logs', u'tw_name', u'tm_user_infiles', u'tm_maxjobruntime', u'tm_numcores', u'tm_maxmemory', u'tm_priority', u'tm_output_dataset', u'tm_user_webdir', u'tm_activity', u'tm_scriptexe', u'tm_scriptargs', u'tm_extrajdl', u'tm_task_warnings', u'tm_generator', u'tm_outfiles', u'tm_tfile_outfiles', u'tm_edm_outfiles', u'tm_asourl', u'tm_events_per_lumi', u'tm_use_parent', u'tm_collector', u'tm_schedd', u'tm_dry_run', u'tm_user_files', u'tm_transfer_outputs', u'tm_output_lfn', u'tm_ignore_locality', u'tm_fail_limit', u'tm_one_event_mode', u'tm_publish_groupname', u'tm_nonvalid_input_dataset', u'tm_secondary_input_dataset', u'tm_primary_dataset', u'tm_asodb', u'tm_task_command', u'clusterid', u'tm_debug_files', u'tm_submitter_ip_addr', u'tm_ignore_global_blacklist', u'tm_last_publication']}}
INFO 2017-11-15 07:57:41,065: 	 CRAB project directory:		/uscms_data/d3/samuellh/WorkingArea/TauAnalysis/CMSSW_9_3_2/src/PUAnalysis/VBFtt2017/crab/VBF15/crab_20171115_071952
INFO 2017-11-15 07:57:41,065: 	 Task name:			171115_132016:shigginb_crab_20171115_071952
INFO 2017-11-15 07:57:41,065: 	 Grid scheduler:			crab3@vocms0155.cern.ch
INFO 2017-11-15 07:57:41,065: 	 Status on the CRAB server:	SUBMITTED
INFO 2017-11-15 07:57:41,065: 	 Task URL to use for HELP:	https://cmsweb.cern.ch/crabserver/ui/task/171115_132016%3Ashigginb_crab_20171115_071952
INFO 2017-11-15 07:57:41,065: 	 Dashboard monitoring URL:	http://dashb-cms-job.cern.ch/dashboard/templates/task-analysis/#user=shigginb&refresh=0&table=Jobs&p=1&records=25&activemenu=2&status=&site=&tid=171115_132016%3Ashigginb_crab_20171115_071952
DEBUG 2017-11-15 07:57:41,066: 	 The CRAB server submitted your task to the Grid scheduler (cluster ID: 15442808)
DEBUG 2017-11-15 07:57:41,066: 	 Webdir is located at http://vocms0155.cern.ch/mon/cms1359/171115_132016:shigginb_crab_20171115_071952
DEBUG 2017-11-15 07:57:42,742: 	 Proxied webdir is located at https://cmsweb.cern.ch/scheddmon/0155/cms1359/171115_132016:shigginb_crab_20171115_071952
DEBUG 2017-11-15 07:57:42,742: 	 Retrieving 'status_cache' file from https://cmsweb.cern.ch/scheddmon/0155/cms1359/171115_132016:shigginb_crab_20171115_071952/status_cache
DEBUG 2017-11-15 07:57:44,646: 	 Got information from status cache file: {'24': {'Retries': 0, 'WallDurations': [898.0], 'StartTimes': [1510752673.0], 'SubmitTimes': [1510752088.0], 'JobIds': ['15442833.0'], 'EndTimes': [1510753571.0], 'Restarts': 0, 'RecordedSite': False, 'State': 'finished', 'ResidentSetSize': [1782460], 'TotalUserCpuTimeHistory': [660], 'SiteHistory': ['Unknown'], 'TotalSysCpuTimeHistory': [28]}, '25': {'Retries': 0, 'WallDurations': [1512.0], 'StartTimes': [1510752674.0], 'SubmitTimes': [1510752089.0], 'JobIds': ['15442838.0'], 'EndTimes': [], 'Restarts': 0, 'RecordedSite': False, 'State': 'running', 'ResidentSetSize': [1092088], 'TotalUserCpuTimeHistory': [0], 'SiteHistory': ['Unknown'], 'TotalSysCpuTimeHistory': [0]}, '26': {'Retries': 0, 'WallDurations': [1272.0], 'StartTimes': [1510752675.0], 'SubmitTimes': [1510752088.0], 'JobIds': ['15442835.0'], 'EndTimes': [1510753947.0], 'Restarts': 0, 'RecordedSite': False, 'State': 'finished', 'ResidentSetSize': [684280], 'TotalUserCpuTimeHistory': [162], 'SiteHistory': ['Unknown'], 'TotalSysCpuTimeHistory': [14]}, '27': {'Retries': 0, 'WallDurations': [219.0], 'StartTimes': [1510752676.0], 'SubmitTimes': [1510752089.0], 'JobIds': ['15442837.0'], 'EndTimes': [1510752895.0], 'Restarts': 0, 'RecordedSite': False, 'State': 'finished', 'ResidentSetSize': [2652], 'TotalUserCpuTimeHistory': [176], 'SiteHistory': ['Unknown'], 'TotalSysCpuTimeHistory': [7]}, '20': {'Retries': 0, 'WallDurations': [575.0], 'StartTimes': [1510752832.0], 'SubmitTimes': [1510752088.0], 'JobIds': ['15442831.0'], 'EndTimes': [1510753407.0], 'Restarts': 0, 'RecordedSite': False, 'State': 'finished', 'ResidentSetSize': [1722756], 'TotalUserCpuTimeHistory': [478], 'SiteHistory': ['Unknown'], 'TotalSysCpuTimeHistory': [13]}, '21': {'Retries': 0, 'WallDurations': [1044.0], 'StartTimes': [1510752675.0], 'SubmitTimes': [1510752095.0], 'JobIds': ['15442843.0'], 'EndTimes': [1510753719.0], 'Restarts': 0, 'RecordedSite': False, 'State': 'finished', 'ResidentSetSize': [1754304], 'TotalUserCpuTimeHistory': [876], 'SiteHistory': ['Unknown'], 'TotalSysCpuTimeHistory': [26]}, '22': {'Retries': 0, 'WallDurations': [548.0], 'StartTimes': [1510752672.0], 'SubmitTimes': [1510752088.0], 'JobIds': ['15442832.0'], 'EndTimes': [1510753220.0], 'Restarts': 0, 'RecordedSite': False, 'State': 'finished', 'ResidentSetSize': [1796928], 'TotalUserCpuTimeHistory': [441], 'SiteHistory': ['Unknown'], 'TotalSysCpuTimeHistory': [24]}, '23': {'Retries': 0, 'WallDurations': [687.0], 'StartTimes': [1510752671.0], 'SubmitTimes': [1510752088.0], 'JobIds': ['15442834.0'], 'EndTimes': [1510753358.0], 'Restarts': 0, 'RecordedSite': False, 'State': 'finished', 'ResidentSetSize': [1721784], 'TotalUserCpuTimeHistory': [585], 'SiteHistory': ['Unknown'], 'TotalSysCpuTimeHistory': [15]}, '28': {'Retries': 0, 'WallDurations': [472.0], 'StartTimes': [1510752679.0], 'SubmitTimes': [1510752088.0], 'JobIds': ['15442836.0'], 'EndTimes': [1510753151.0], 'Restarts': 0, 'RecordedSite': False, 'State': 'finished', 'ResidentSetSize': [1793196], 'TotalUserCpuTimeHistory': [344], 'SiteHistory': ['Unknown'], 'TotalSysCpuTimeHistory': [40]}, '29': {'Retries': 0, 'WallDurations': [1212.0], 'StartTimes': [1510752806.0], 'SubmitTimes': [1510752089.0], 'JobIds': ['15442839.0'], 'EndTimes': [], 'Restarts': 0, 'RecordedSite': False, 'State': 'running', 'ResidentSetSize': [710480], 'TotalUserCpuTimeHistory': [0], 'SiteHistory': ['Unknown'], 'TotalSysCpuTimeHistory': [0]}, '1': {'Retries': 0, 'WallDurations': [1512.0], 'StartTimes': [1510752676.0], 'SubmitTimes': [1510752075.0], 'JobIds': ['15442811.0'], 'EndTimes': [], 'Restarts': 0, 'RecordedSite': False, 'State': 'running', 'ResidentSetSize': [734392], 'TotalUserCpuTimeHistory': [0], 'SiteHistory': ['Unknown'], 'TotalSysCpuTimeHistory': [0]}, '3': {'Retries': 0, 'WallDurations': [242.0], 'StartTimes': [1510752672.0], 'SubmitTimes': [1510752078.0], 'JobIds': ['15442825.0'], 'EndTimes': [1510752914.0], 'Restarts': 0, 'RecordedSite': False, 'State': 'finished', 'ResidentSetSize': [2624], 'TotalUserCpuTimeHistory': [171], 'SiteHistory': ['Unknown'], 'TotalSysCpuTimeHistory': [9]}, '2': {'Retries': 0, 'WallDurations': [1514.0], 'StartTimes': [1510752680.0], 'SubmitTimes': [1510752077.0], 'JobIds': ['15442813.0'], 'EndTimes': [], 'Restarts': 0, 'RecordedSite': False, 'State': 'running', 'ResidentSetSize': [739196], 'TotalUserCpuTimeHistory': [0], 'SiteHistory': ['Unknown'], 'TotalSysCpuTimeHistory': [0]}, '5': {'Retries': 0, 'WallDurations': [1021.0], 'StartTimes': [1510752672.0], 'SubmitTimes': [1510752077.0], 'JobIds': ['15442815.0'], 'EndTimes': [1510753693.0], 'Restarts': 0, 'RecordedSite': False, 'State': 'finished', 'ResidentSetSize': [1741892], 'TotalUserCpuTimeHistory': [886], 'SiteHistory': ['Unknown'], 'TotalSysCpuTimeHistory': [34]}, '4': {'Retries': 0, 'WallDurations': [672.0], 'StartTimes': [1510752672.0], 'SubmitTimes': [1510752077.0], 'JobIds': ['15442814.0'], 'EndTimes': [1510753344.0], 'Restarts': 0, 'RecordedSite': False, 'State': 'finished', 'ResidentSetSize': [1815592], 'TotalUserCpuTimeHistory': [537], 'SiteHistory': ['Unknown'], 'TotalSysCpuTimeHistory': [32]}, '7': {'Retries': 0, 'WallDurations': [621.0], 'StartTimes': [1510752671.0], 'SubmitTimes': [1510752077.0], 'JobIds': ['15442817.0'], 'EndTimes': [1510753292.0], 'Restarts': 0, 'RecordedSite': False, 'State': 'finished', 'ResidentSetSize': [1662696], 'TotalUserCpuTimeHistory': [428], 'SiteHistory': ['Unknown'], 'TotalSysCpuTimeHistory': [38]}, '6': {'Retries': 0, 'WallDurations': [867.0], 'StartTimes': [1510752672.0], 'SubmitTimes': [1510752077.0], 'JobIds': ['15442816.0'], 'EndTimes': [1510753539.0], 'Restarts': 0, 'RecordedSite': False, 'State': 'finished', 'ResidentSetSize': [1738684], 'TotalUserCpuTimeHistory': [600], 'SiteHistory': ['Unknown'], 'TotalSysCpuTimeHistory': [19]}, '9': {'Retries': 0, 'WallDurations': [1142.0], 'StartTimes': [1510752672.0], 'SubmitTimes': [1510752077.0], 'JobIds': ['15442818.0'], 'EndTimes': [1510753814.0], 'Restarts': 0, 'RecordedSite': False, 'State': 'finished', 'ResidentSetSize': [1775940], 'TotalUserCpuTimeHistory': [780], 'SiteHistory': ['Unknown'], 'TotalSysCpuTimeHistory': [225]}, '8': {'Retries': 0, 'WallDurations': [849.0], 'StartTimes': [1510752671.0], 'SubmitTimes': [1510752078.0], 'JobIds': ['15442826.0'], 'EndTimes': [1510753520.0], 'Restarts': 0, 'RecordedSite': False, 'State': 'finished', 'ResidentSetSize': [1739132], 'TotalUserCpuTimeHistory': [647], 'SiteHistory': ['Unknown'], 'TotalSysCpuTimeHistory': [28]}, '11': {'Retries': 0, 'WallDurations': [1209.0], 'StartTimes': [1510752673.0], 'SubmitTimes': [1510752077.0], 'JobIds': ['15442820.0'], 'EndTimes': [], 'Restarts': 0, 'RecordedSite': False, 'State': 'running', 'ResidentSetSize': [1744352], 'TotalUserCpuTimeHistory': [0], 'SiteHistory': ['Unknown'], 'TotalSysCpuTimeHistory': [0]}, '10': {'Retries': 0, 'WallDurations': [527.0], 'StartTimes': [1510752672.0], 'SubmitTimes': [1510752077.0], 'JobIds': ['15442819.0'], 'EndTimes': [1510753199.0], 'Restarts': 0, 'RecordedSite': False, 'State': 'finished', 'ResidentSetSize': [1788388], 'TotalUserCpuTimeHistory': [428], 'SiteHistory': ['Unknown'], 'TotalSysCpuTimeHistory': [16]}, '13': {'Retries': 0, 'WallDurations': [713.0], 'StartTimes': [1510752815.0], 'SubmitTimes': [1510752078.0], 'JobIds': ['15442822.0'], 'EndTimes': [1510753528.0], 'Restarts': 0, 'RecordedSite': False, 'State': 'finished', 'ResidentSetSize': [1732648], 'TotalUserCpuTimeHistory': [608], 'SiteHistory': ['Unknown'], 'TotalSysCpuTimeHistory': [22]}, '12': {'Retries': 0, 'WallDurations': [136.0], 'StartTimes': [1510752672.0], 'SubmitTimes': [1510752078.0], 'JobIds': ['15442821.0'], 'EndTimes': [1510752808.0], 'Restarts': 0, 'RecordedSite': False, 'State': 'finished', 'ResidentSetSize': [28660], 'TotalUserCpuTimeHistory': [71], 'SiteHistory': ['Unknown'], 'TotalSysCpuTimeHistory': [6]}, '15': {'Retries': 0, 'WallDurations': [366.0], 'StartTimes': [1510752671.0], 'SubmitTimes': [1510752078.0], 'JobIds': ['15442824.0'], 'EndTimes': [1510753037.0], 'Restarts': 0, 'RecordedSite': False, 'State': 'finished', 'ResidentSetSize': [1729176], 'TotalUserCpuTimeHistory': [189], 'SiteHistory': ['Unknown'], 'TotalSysCpuTimeHistory': [11]}, '14': {'Retries': 0, 'WallDurations': [1510.0], 'StartTimes': [1510752672.0], 'SubmitTimes': [1510752078.0], 'JobIds': ['15442823.0'], 'EndTimes': [], 'Restarts': 0, 'RecordedSite': False, 'State': 'running', 'ResidentSetSize': [1755152], 'TotalUserCpuTimeHistory': [0], 'SiteHistory': ['Unknown'], 'TotalSysCpuTimeHistory': [0]}, '17': {'Retries': 0, 'WallDurations': [1210.0], 'StartTimes': [1510752679.0], 'SubmitTimes': [1510752079.0], 'JobIds': ['15442828.0'], 'EndTimes': [], 'Restarts': 0, 'RecordedSite': False, 'State': 'running', 'ResidentSetSize': [1898664], 'TotalUserCpuTimeHistory': [0], 'SiteHistory': ['Unknown'], 'TotalSysCpuTimeHistory': [0]}, '16': {'Retries': 0, 'WallDurations': [804.0], 'StartTimes': [1510752672.0], 'SubmitTimes': [1510752078.0], 'JobIds': ['15442827.0'], 'EndTimes': [1510753476.0], 'Restarts': 0, 'RecordedSite': False, 'State': 'finished', 'ResidentSetSize': [1783708], 'TotalUserCpuTimeHistory': [647], 'SiteHistory': ['Unknown'], 'TotalSysCpuTimeHistory': [18]}, '19': {'Retries': 0, 'WallDurations': [309.0], 'StartTimes': [1510752683.0], 'SubmitTimes': [1510752087.0], 'JobIds': ['15442830.0'], 'EndTimes': [], 'Restarts': 0, 'RecordedSite': False, 'State': 'running', 'ResidentSetSize': [1741528], 'TotalUserCpuTimeHistory': [0], 'SiteHistory': ['Unknown'], 'TotalSysCpuTimeHistory': [0]}, '18': {'Retries': 0, 'WallDurations': [924.0], 'StartTimes': [1510752679.0], 'SubmitTimes': [1510752087.0], 'JobIds': ['15442829.0'], 'EndTimes': [1510753603.0], 'Restarts': 0, 'RecordedSite': False, 'State': 'finished', 'ResidentSetSize': [1228832], 'TotalUserCpuTimeHistory': [345], 'SiteHistory': ['Unknown'], 'TotalSysCpuTimeHistory': [490]}, '31': {'Retries': 0, 'WallDurations': [88.0], 'StartTimes': [1510752923.0], 'SubmitTimes': [1510752089.0], 'JobIds': ['15442840.0'], 'EndTimes': [1510753011.0], 'Restarts': 0, 'RecordedSite': False, 'State': 'finished', 'ResidentSetSize': [24820], 'TotalUserCpuTimeHistory': [61], 'SiteHistory': ['Unknown'], 'TotalSysCpuTimeHistory': [1]}, '30': {'Retries': 0, 'WallDurations': [703.0], 'StartTimes': [1510752672.0], 'SubmitTimes': [1510752090.0], 'JobIds': ['15442842.0'], 'EndTimes': [1510753375.0], 'Restarts': 0, 'RecordedSite': False, 'State': 'finished', 'ResidentSetSize': [1778228], 'TotalUserCpuTimeHistory': [508], 'SiteHistory': ['Unknown'], 'TotalSysCpuTimeHistory': [25]}, '32': {'Retries': 0, 'WallDurations': [1094.0], 'StartTimes': [1510752833.0], 'SubmitTimes': [1510752089.0], 'JobIds': ['15442841.0'], 'EndTimes': [1510753927.0], 'Restarts': 0, 'RecordedSite': False, 'State': 'finished', 'ResidentSetSize': [1821220], 'TotalUserCpuTimeHistory': [944], 'SiteHistory': ['Unknown'], 'TotalSysCpuTimeHistory': [27]}}
INFO 2017-11-15 07:57:44,646: 	 Status on the scheduler:	SUBMITTED
INFO 2017-11-15 07:57:44,647: 	 
Jobs status:                    finished       75.0% (24/32)
INFO 2017-11-15 07:57:44,647: 	 				running        25.0% ( 8/32)
INFO 2017-11-15 07:57:44,647: 	 
No publication information (publication has been disabled in the CRAB configuration file)
INFO 2017-11-15 07:57:44,670: 	 Log file is /uscms_data/d3/samuellh/WorkingArea/TauAnalysis/CMSSW_9_3_2/src/PUAnalysis/VBFtt2017/crab/VBF15/crab_20171115_071952/crab.log
DEBUG 2017-11-15 09:10:57,154: 	 Executing command: 'status'
DEBUG 2017-11-15 09:10:57,155: 	 Found CRAB cache file /uscms/home/samuellh/.crab3
DEBUG 2017-11-15 09:10:57,162: 	 Checking credentials
DEBUG 2017-11-15 09:10:57,162: 	 Found proxy file /tmp/x509up_u52190
DEBUG 2017-11-15 09:10:57,162: 	 Getting proxy life time left
DEBUG 2017-11-15 09:10:57,265: 	 Executing : 
 command : voms-proxy-info -file /tmp/x509up_u52190 -timeleft
 output : 77026

 error: 
 retcode : 0
DEBUG 2017-11-15 09:10:57,368: 	 Executing : 
 command : voms-proxy-info -file /tmp/x509up_u52190 -actimeleft
 output : 77025

 error: 
 retcode : 0
DEBUG 2017-11-15 09:10:57,368: 	 Proxy valid for 21:23:46 hours
DEBUG 2017-11-15 09:10:57,485: 	 Executing : 
 command : openssl x509 -in ~/.globus/usercert.pem -subject -noout
 output : subject= /DC=ch/DC=cern/OU=Organic Units/OU=Users/CN=shigginb/CN=785176/CN=Sam Higginbotham

 error: 
 retcode : 0
DEBUG 2017-11-15 09:10:57,485: 	 Checking credentials
DEBUG 2017-11-15 09:10:57,485: 	 Found proxy file /tmp/x509up_u52190
DEBUG 2017-11-15 09:10:57,485: 	 Getting proxy life time left
DEBUG 2017-11-15 09:10:57,588: 	 Executing : 
 command : voms-proxy-info -file /tmp/x509up_u52190 -timeleft
 output : 77026

 error: 
 retcode : 0
DEBUG 2017-11-15 09:10:57,692: 	 Executing : 
 command : voms-proxy-info -file /tmp/x509up_u52190 -actimeleft
 output : 77025

 error: 
 retcode : 0
DEBUG 2017-11-15 09:10:57,692: 	 Proxy valid for 21:23:46 hours
DEBUG 2017-11-15 09:10:59,287: 	 Registering user credentials for server /DC=ch/DC=cern/OU=computers/CN=vocms(045|052|021|031|0118|0118a|0119|0108|0105|0109).cern.ch
DEBUG 2017-11-15 09:10:59,396: 	 Executing : 
 command : openssl x509 -in ~/.globus/usercert.pem -subject -noout
 output : subject= /DC=ch/DC=cern/OU=Organic Units/OU=Users/CN=shigginb/CN=785176/CN=Sam Higginbotham

 error: 
 retcode : 0
DEBUG 2017-11-15 09:10:59,396: 	 Getting myproxy life time left for myproxy.cern.ch
DEBUG 2017-11-15 09:10:59,396: 	 Calculating hash of /DC=ch/DC=cern/OU=Organic Units/OU=Users/CN=shigginb/CN=785176/CN=Sam Higginbotham_cmsweb.cern.ch for credential name
DEBUG 2017-11-15 09:11:00,100: 	 Executing : 
 command : myproxy-info -l 2f318c7a260d78734589f2cc772d26b8be79ec6c -s myproxy.cern.ch
 output : username: 2f318c7a260d78734589f2cc772d26b8be79ec6c
owner: /DC=ch/DC=cern/OU=Organic Units/OU=Users/CN=shigginb/CN=785176/CN=Sam Higginbotham
  renewal policy: /DC=ch/DC=cern/OU=computers/CN=vocms(045|052|021|031|0118|0118a|0119|0108|0105|0109).cern.ch
  trusted retrieval policy: /DC=ch/DC=cern/OU=computers/CN=vocms(045|052|021|031|0118|0118a|0119|0108|0105|0109).cern.ch
  timeleft: 430:12:41  (17.9 days)

 error: 
 retcode : 0
DEBUG 2017-11-15 09:11:00,102: 	 Myproxy is valid: 1548761
DEBUG 2017-11-15 09:11:00,102: 	 Command use: status
DEBUG 2017-11-15 09:11:00,102: 	 Options use: ['-d', 'crab_20171115_071952/']
DEBUG 2017-11-15 09:11:01,742: 	 CRABClient version: 3.3.1707.patch1
DEBUG 2017-11-15 09:11:01,743: 	 Instance is prod
DEBUG 2017-11-15 09:11:01,743: 	 Server base url is cmsweb.cern.ch
DEBUG 2017-11-15 09:11:01,743: 	 Command url /crabserver/prod/workflow
DEBUG 2017-11-15 09:11:03,518: 	 Got information from server oracle database: {u'result': [u'171115_132016:shigginb_crab_20171115_071952', u'None', u'SUBMITTED', u'2017-11-15 13:20:16.874475', u'None', u'2017-11-15 13:21:00.389913', u'None', u'CMSSW_9_3_2', u'slc6_amd64_gcc630', u'/QCD_Mdijet-1000toInf_TuneCUETP8M1_14TeV-pythia8/PhaseIITDRFall17MiniAOD-PU200_93X_upgrade2023_realistic_v2-v1/MINIAODSIM', u'[]', u'[]', u'FileBased', u"{'splitOnRun': False, 'halt_job_on_file_boundaries': False, 'files_per_job': 1, 'runs': [], 'lumis': []}", u'0', u'4e198fb019d07e682a8bd09208595d4eb73bac82ae7f6e24154a54b4451cc952.tar.gz', u'https://cmsweb.cern.ch/crabcache', u'shigginb', u'/DC=ch/DC=cern/OU=Organic Units/OU=Users/CN=shigginb/CN=785176/CN=Sam Higginbotham', u'cms', u'None', u'None', u'crab_20171115_071952-00000000000000000000000000000000', u'T3_US_FNALLPC', u'https://cmsweb.cern.ch/dbs/prod/global/DBSReader', u'https://cmsweb.cern.ch/dbs/prod/phys03/DBSWriter', u'F', u'Analysis', u'{}', u'[]', u'F', u'vocms052', u'[]', u'1250', u'1', u'2000', u'10', u'None', u'http://vocms0155.cern.ch/mon/cms1359/171115_132016:shigginb_crab_20171115_071952', u'None', u'None', u'[]', u'[]', u'[]', u'pythia', u'[]', u"['analysis.root']", u'[]', u'https://cmsweb.cern.ch/crabserver/prod', u'None', u'0', u'cmssrv221.fnal.gov:9620', u'crab3@vocms0155.cern.ch', u'F', u'[]', u'T', u'/store/user/shigginb/', u'F', u'None', u'F', u'F', u'F', u'None', u'QCD_Mdijet-1000toInf_TuneCUETP8M1_14TeV-pythia8', u'filetransfers', u'SUBMIT', u'15442808', u'a884cf254dc97dd35a502c75c03bdfd730b434eda65b5de4927c40f02ba5b614.tar.gz', u'131.225.190.56', u'F', u'None'], u'desc': {u'columns': [u'tm_taskname', u'panda_jobset_id', u'tm_task_status', u'tm_start_time', u'tm_start_injection', u'tm_end_injection', u'tm_task_failure', u'tm_job_sw', u'tm_job_arch', u'tm_input_dataset', u'tm_site_whitelist', u'tm_site_blacklist', u'tm_split_algo', u'tm_split_args', u'tm_totalunits', u'tm_user_sandbox', u'tm_cache_url', u'tm_username', u'tm_user_dn', u'tm_user_vo', u'tm_user_role', u'tm_user_group', u'tm_publish_name', u'tm_asyncdest', u'tm_dbs_url', u'tm_publish_dbs_url', u'tm_publication', u'tm_job_type', u'tm_arguments', u'panda_resubmitted_jobs', u'tm_save_logs', u'tw_name', u'tm_user_infiles', u'tm_maxjobruntime', u'tm_numcores', u'tm_maxmemory', u'tm_priority', u'tm_output_dataset', u'tm_user_webdir', u'tm_activity', u'tm_scriptexe', u'tm_scriptargs', u'tm_extrajdl', u'tm_task_warnings', u'tm_generator', u'tm_outfiles', u'tm_tfile_outfiles', u'tm_edm_outfiles', u'tm_asourl', u'tm_events_per_lumi', u'tm_use_parent', u'tm_collector', u'tm_schedd', u'tm_dry_run', u'tm_user_files', u'tm_transfer_outputs', u'tm_output_lfn', u'tm_ignore_locality', u'tm_fail_limit', u'tm_one_event_mode', u'tm_publish_groupname', u'tm_nonvalid_input_dataset', u'tm_secondary_input_dataset', u'tm_primary_dataset', u'tm_asodb', u'tm_task_command', u'clusterid', u'tm_debug_files', u'tm_submitter_ip_addr', u'tm_ignore_global_blacklist', u'tm_last_publication']}}
INFO 2017-11-15 09:11:03,519: 	 CRAB project directory:		/uscms_data/d3/samuellh/WorkingArea/TauAnalysis/CMSSW_9_3_2/src/PUAnalysis/VBFtt2017/crab/VBF15/crab_20171115_071952
INFO 2017-11-15 09:11:03,519: 	 Task name:			171115_132016:shigginb_crab_20171115_071952
INFO 2017-11-15 09:11:03,519: 	 Grid scheduler:			crab3@vocms0155.cern.ch
INFO 2017-11-15 09:11:03,519: 	 Status on the CRAB server:	SUBMITTED
INFO 2017-11-15 09:11:03,519: 	 Task URL to use for HELP:	https://cmsweb.cern.ch/crabserver/ui/task/171115_132016%3Ashigginb_crab_20171115_071952
INFO 2017-11-15 09:11:03,519: 	 Dashboard monitoring URL:	http://dashb-cms-job.cern.ch/dashboard/templates/task-analysis/#user=shigginb&refresh=0&table=Jobs&p=1&records=25&activemenu=2&status=&site=&tid=171115_132016%3Ashigginb_crab_20171115_071952
DEBUG 2017-11-15 09:11:03,519: 	 The CRAB server submitted your task to the Grid scheduler (cluster ID: 15442808)
DEBUG 2017-11-15 09:11:03,519: 	 Webdir is located at http://vocms0155.cern.ch/mon/cms1359/171115_132016:shigginb_crab_20171115_071952
DEBUG 2017-11-15 09:11:05,198: 	 Proxied webdir is located at https://cmsweb.cern.ch/scheddmon/0155/cms1359/171115_132016:shigginb_crab_20171115_071952
DEBUG 2017-11-15 09:11:05,198: 	 Retrieving 'status_cache' file from https://cmsweb.cern.ch/scheddmon/0155/cms1359/171115_132016:shigginb_crab_20171115_071952/status_cache
DEBUG 2017-11-15 09:11:06,864: 	 Got information from status cache file: {'24': {'Retries': 0, 'WallDurations': [898.0], 'StartTimes': [1510752673.0], 'SubmitTimes': [1510752088.0], 'JobIds': ['15442833.0'], 'EndTimes': [1510753571.0], 'Restarts': 0, 'RecordedSite': False, 'State': 'finished', 'ResidentSetSize': [1782460], 'TotalUserCpuTimeHistory': [660], 'SiteHistory': ['Unknown'], 'TotalSysCpuTimeHistory': [28]}, '25': {'Retries': 0, 'WallDurations': [3368.0], 'StartTimes': [1510752674.0], 'SubmitTimes': [1510752089.0], 'JobIds': ['15442838.0'], 'EndTimes': [1510756042.0], 'Restarts': 0, 'RecordedSite': False, 'State': 'finished', 'ResidentSetSize': [1756988], 'TotalUserCpuTimeHistory': [1690], 'SiteHistory': ['Unknown'], 'TotalSysCpuTimeHistory': [45]}, '26': {'Retries': 0, 'WallDurations': [1272.0], 'StartTimes': [1510752675.0], 'SubmitTimes': [1510752088.0], 'JobIds': ['15442835.0'], 'EndTimes': [1510753947.0], 'Restarts': 0, 'RecordedSite': False, 'State': 'finished', 'ResidentSetSize': [684280], 'TotalUserCpuTimeHistory': [162], 'SiteHistory': ['Unknown'], 'TotalSysCpuTimeHistory': [14]}, '27': {'Retries': 0, 'WallDurations': [219.0], 'StartTimes': [1510752676.0], 'SubmitTimes': [1510752089.0], 'JobIds': ['15442837.0'], 'EndTimes': [1510752895.0], 'Restarts': 0, 'RecordedSite': False, 'State': 'finished', 'ResidentSetSize': [2652], 'TotalUserCpuTimeHistory': [176], 'SiteHistory': ['Unknown'], 'TotalSysCpuTimeHistory': [7]}, '20': {'Retries': 0, 'WallDurations': [575.0], 'StartTimes': [1510752832.0], 'SubmitTimes': [1510752088.0], 'JobIds': ['15442831.0'], 'EndTimes': [1510753407.0], 'Restarts': 0, 'RecordedSite': False, 'State': 'finished', 'ResidentSetSize': [1722756], 'TotalUserCpuTimeHistory': [478], 'SiteHistory': ['Unknown'], 'TotalSysCpuTimeHistory': [13]}, '21': {'Retries': 0, 'WallDurations': [1044.0], 'StartTimes': [1510752675.0], 'SubmitTimes': [1510752095.0], 'JobIds': ['15442843.0'], 'EndTimes': [1510753719.0], 'Restarts': 0, 'RecordedSite': False, 'State': 'finished', 'ResidentSetSize': [1754304], 'TotalUserCpuTimeHistory': [876], 'SiteHistory': ['Unknown'], 'TotalSysCpuTimeHistory': [26]}, '22': {'Retries': 0, 'WallDurations': [548.0], 'StartTimes': [1510752672.0], 'SubmitTimes': [1510752088.0], 'JobIds': ['15442832.0'], 'EndTimes': [1510753220.0], 'Restarts': 0, 'RecordedSite': False, 'State': 'finished', 'ResidentSetSize': [1796928], 'TotalUserCpuTimeHistory': [441], 'SiteHistory': ['Unknown'], 'TotalSysCpuTimeHistory': [24]}, '23': {'Retries': 0, 'WallDurations': [687.0], 'StartTimes': [1510752671.0], 'SubmitTimes': [1510752088.0], 'JobIds': ['15442834.0'], 'EndTimes': [1510753358.0], 'Restarts': 0, 'RecordedSite': False, 'State': 'finished', 'ResidentSetSize': [1721784], 'TotalUserCpuTimeHistory': [585], 'SiteHistory': ['Unknown'], 'TotalSysCpuTimeHistory': [15]}, '28': {'Retries': 0, 'WallDurations': [472.0], 'StartTimes': [1510752679.0], 'SubmitTimes': [1510752088.0], 'JobIds': ['15442836.0'], 'EndTimes': [1510753151.0], 'Restarts': 0, 'RecordedSite': False, 'State': 'finished', 'ResidentSetSize': [1793196], 'TotalUserCpuTimeHistory': [344], 'SiteHistory': ['Unknown'], 'TotalSysCpuTimeHistory': [40]}, '29': {'Retries': 0, 'WallDurations': [4990.0], 'StartTimes': [1510752806.0], 'SubmitTimes': [1510752089.0], 'JobIds': ['15442839.0'], 'EndTimes': [1510757796.0], 'Restarts': 0, 'RecordedSite': False, 'State': 'finished', 'ResidentSetSize': [1693392], 'TotalUserCpuTimeHistory': [1574], 'SiteHistory': ['Unknown'], 'TotalSysCpuTimeHistory': [179]}, '1': {'Retries': 0, 'WallDurations': [2428.0], 'StartTimes': [1510752676.0], 'SubmitTimes': [1510752075.0], 'JobIds': ['15442811.0'], 'EndTimes': [1510755104.0], 'Restarts': 0, 'RecordedSite': False, 'State': 'finished', 'ResidentSetSize': [1883360], 'TotalUserCpuTimeHistory': [879], 'SiteHistory': ['Unknown'], 'TotalSysCpuTimeHistory': [39]}, '3': {'Retries': 0, 'WallDurations': [242.0], 'StartTimes': [1510752672.0], 'SubmitTimes': [1510752078.0], 'JobIds': ['15442825.0'], 'EndTimes': [1510752914.0], 'Restarts': 0, 'RecordedSite': False, 'State': 'finished', 'ResidentSetSize': [2624], 'TotalUserCpuTimeHistory': [171], 'SiteHistory': ['Unknown'], 'TotalSysCpuTimeHistory': [9]}, '2': {'Retries': 0, 'WallDurations': [2856.0], 'StartTimes': [1510752680.0], 'SubmitTimes': [1510752077.0], 'JobIds': ['15442813.0'], 'EndTimes': [1510755536.0], 'Restarts': 0, 'RecordedSite': False, 'State': 'finished', 'ResidentSetSize': [1708712], 'TotalUserCpuTimeHistory': [233], 'SiteHistory': ['Unknown'], 'TotalSysCpuTimeHistory': [11]}, '5': {'Retries': 0, 'WallDurations': [1021.0], 'StartTimes': [1510752672.0], 'SubmitTimes': [1510752077.0], 'JobIds': ['15442815.0'], 'EndTimes': [1510753693.0], 'Restarts': 0, 'RecordedSite': False, 'State': 'finished', 'ResidentSetSize': [1741892], 'TotalUserCpuTimeHistory': [886], 'SiteHistory': ['Unknown'], 'TotalSysCpuTimeHistory': [34]}, '4': {'Retries': 0, 'WallDurations': [672.0], 'StartTimes': [1510752672.0], 'SubmitTimes': [1510752077.0], 'JobIds': ['15442814.0'], 'EndTimes': [1510753344.0], 'Restarts': 0, 'RecordedSite': False, 'State': 'finished', 'ResidentSetSize': [1815592], 'TotalUserCpuTimeHistory': [537], 'SiteHistory': ['Unknown'], 'TotalSysCpuTimeHistory': [32]}, '7': {'Retries': 0, 'WallDurations': [621.0], 'StartTimes': [1510752671.0], 'SubmitTimes': [1510752077.0], 'JobIds': ['15442817.0'], 'EndTimes': [1510753292.0], 'Restarts': 0, 'RecordedSite': False, 'State': 'finished', 'ResidentSetSize': [1662696], 'TotalUserCpuTimeHistory': [428], 'SiteHistory': ['Unknown'], 'TotalSysCpuTimeHistory': [38]}, '6': {'Retries': 0, 'WallDurations': [867.0], 'StartTimes': [1510752672.0], 'SubmitTimes': [1510752077.0], 'JobIds': ['15442816.0'], 'EndTimes': [1510753539.0], 'Restarts': 0, 'RecordedSite': False, 'State': 'finished', 'ResidentSetSize': [1738684], 'TotalUserCpuTimeHistory': [600], 'SiteHistory': ['Unknown'], 'TotalSysCpuTimeHistory': [19]}, '9': {'Retries': 0, 'WallDurations': [1142.0], 'StartTimes': [1510752672.0], 'SubmitTimes': [1510752077.0], 'JobIds': ['15442818.0'], 'EndTimes': [1510753814.0], 'Restarts': 0, 'RecordedSite': False, 'State': 'finished', 'ResidentSetSize': [1775940], 'TotalUserCpuTimeHistory': [780], 'SiteHistory': ['Unknown'], 'TotalSysCpuTimeHistory': [225]}, '8': {'Retries': 0, 'WallDurations': [849.0], 'StartTimes': [1510752671.0], 'SubmitTimes': [1510752078.0], 'JobIds': ['15442826.0'], 'EndTimes': [1510753520.0], 'Restarts': 0, 'RecordedSite': False, 'State': 'finished', 'ResidentSetSize': [1739132], 'TotalUserCpuTimeHistory': [647], 'SiteHistory': ['Unknown'], 'TotalSysCpuTimeHistory': [28]}, '11': {'Retries': 0, 'WallDurations': [2594.0], 'StartTimes': [1510752673.0], 'SubmitTimes': [1510752077.0], 'JobIds': ['15442820.0'], 'EndTimes': [1510755267.0], 'Restarts': 0, 'RecordedSite': False, 'State': 'finished', 'ResidentSetSize': [1744352], 'TotalUserCpuTimeHistory': [1586], 'SiteHistory': ['Unknown'], 'TotalSysCpuTimeHistory': [759]}, '10': {'Retries': 0, 'WallDurations': [527.0], 'StartTimes': [1510752672.0], 'SubmitTimes': [1510752077.0], 'JobIds': ['15442819.0'], 'EndTimes': [1510753199.0], 'Restarts': 0, 'RecordedSite': False, 'State': 'finished', 'ResidentSetSize': [1788388], 'TotalUserCpuTimeHistory': [428], 'SiteHistory': ['Unknown'], 'TotalSysCpuTimeHistory': [16]}, '13': {'Retries': 0, 'WallDurations': [713.0], 'StartTimes': [1510752815.0], 'SubmitTimes': [1510752078.0], 'JobIds': ['15442822.0'], 'EndTimes': [1510753528.0], 'Restarts': 0, 'RecordedSite': False, 'State': 'finished', 'ResidentSetSize': [1732648], 'TotalUserCpuTimeHistory': [608], 'SiteHistory': ['Unknown'], 'TotalSysCpuTimeHistory': [22]}, '12': {'Retries': 0, 'WallDurations': [136.0], 'StartTimes': [1510752672.0], 'SubmitTimes': [1510752078.0], 'JobIds': ['15442821.0'], 'EndTimes': [1510752808.0], 'Restarts': 0, 'RecordedSite': False, 'State': 'finished', 'ResidentSetSize': [28660], 'TotalUserCpuTimeHistory': [71], 'SiteHistory': ['Unknown'], 'TotalSysCpuTimeHistory': [6]}, '15': {'Retries': 0, 'WallDurations': [366.0], 'StartTimes': [1510752671.0], 'SubmitTimes': [1510752078.0], 'JobIds': ['15442824.0'], 'EndTimes': [1510753037.0], 'Restarts': 0, 'RecordedSite': False, 'State': 'finished', 'ResidentSetSize': [1729176], 'TotalUserCpuTimeHistory': [189], 'SiteHistory': ['Unknown'], 'TotalSysCpuTimeHistory': [11]}, '14': {'Retries': 0, 'WallDurations': [1877.0], 'StartTimes': [1510752672.0], 'SubmitTimes': [1510752078.0], 'JobIds': ['15442823.0'], 'EndTimes': [1510754549.0], 'Restarts': 0, 'RecordedSite': False, 'State': 'finished', 'ResidentSetSize': [1756220], 'TotalUserCpuTimeHistory': [1105], 'SiteHistory': ['Unknown'], 'TotalSysCpuTimeHistory': [570]}, '17': {'Retries': 0, 'WallDurations': [3181.0], 'StartTimes': [1510752679.0], 'SubmitTimes': [1510752079.0], 'JobIds': ['15442828.0'], 'EndTimes': [1510755860.0], 'Restarts': 0, 'RecordedSite': False, 'State': 'finished', 'ResidentSetSize': [1898664], 'TotalUserCpuTimeHistory': [856], 'SiteHistory': ['Unknown'], 'TotalSysCpuTimeHistory': [20]}, '16': {'Retries': 0, 'WallDurations': [804.0], 'StartTimes': [1510752672.0], 'SubmitTimes': [1510752078.0], 'JobIds': ['15442827.0'], 'EndTimes': [1510753476.0], 'Restarts': 0, 'RecordedSite': False, 'State': 'finished', 'ResidentSetSize': [1783708], 'TotalUserCpuTimeHistory': [647], 'SiteHistory': ['Unknown'], 'TotalSysCpuTimeHistory': [18]}, '19': {'Retries': 0, 'WallDurations': [3108.0], 'StartTimes': [1510752683.0], 'SubmitTimes': [1510752087.0], 'JobIds': ['15442830.0'], 'EndTimes': [1510755791.0], 'Restarts': 0, 'RecordedSite': False, 'State': 'finished', 'ResidentSetSize': [1741528], 'TotalUserCpuTimeHistory': [637], 'SiteHistory': ['Unknown'], 'TotalSysCpuTimeHistory': [32]}, '18': {'Retries': 0, 'WallDurations': [924.0], 'StartTimes': [1510752679.0], 'SubmitTimes': [1510752087.0], 'JobIds': ['15442829.0'], 'EndTimes': [1510753603.0], 'Restarts': 0, 'RecordedSite': False, 'State': 'finished', 'ResidentSetSize': [1228832], 'TotalUserCpuTimeHistory': [345], 'SiteHistory': ['Unknown'], 'TotalSysCpuTimeHistory': [490]}, '31': {'Retries': 0, 'WallDurations': [88.0], 'StartTimes': [1510752923.0], 'SubmitTimes': [1510752089.0], 'JobIds': ['15442840.0'], 'EndTimes': [1510753011.0], 'Restarts': 0, 'RecordedSite': False, 'State': 'finished', 'ResidentSetSize': [24820], 'TotalUserCpuTimeHistory': [61], 'SiteHistory': ['Unknown'], 'TotalSysCpuTimeHistory': [1]}, '30': {'Retries': 0, 'WallDurations': [703.0], 'StartTimes': [1510752672.0], 'SubmitTimes': [1510752090.0], 'JobIds': ['15442842.0'], 'EndTimes': [1510753375.0], 'Restarts': 0, 'RecordedSite': False, 'State': 'finished', 'ResidentSetSize': [1778228], 'TotalUserCpuTimeHistory': [508], 'SiteHistory': ['Unknown'], 'TotalSysCpuTimeHistory': [25]}, '32': {'Retries': 0, 'WallDurations': [1094.0], 'StartTimes': [1510752833.0], 'SubmitTimes': [1510752089.0], 'JobIds': ['15442841.0'], 'EndTimes': [1510753927.0], 'Restarts': 0, 'RecordedSite': False, 'State': 'finished', 'ResidentSetSize': [1821220], 'TotalUserCpuTimeHistory': [944], 'SiteHistory': ['Unknown'], 'TotalSysCpuTimeHistory': [27]}}
INFO 2017-11-15 09:11:06,864: 	 Status on the scheduler:	COMPLETED
INFO 2017-11-15 09:11:06,865: 	 
Jobs status:                    finished      100.0% (32/32)
INFO 2017-11-15 09:11:06,865: 	 
No publication information (publication has been disabled in the CRAB configuration file)
INFO 2017-11-15 09:11:06,889: 	 Log file is /uscms_data/d3/samuellh/WorkingArea/TauAnalysis/CMSSW_9_3_2/src/PUAnalysis/VBFtt2017/crab/VBF15/crab_20171115_071952/crab.log
