('The system path in the config file ', ['/cvmfs/cms.cern.ch/crab3/slc6_amd64_gcc493/cms/crabclient/3.3.1707.patch1/bin', '/uscms_data/d3/samuellh/WorkingArea/TauAnalysis/CMSSW_9_3_2/python', '/uscms_data/d3/samuellh/WorkingArea/TauAnalysis/CMSSW_9_3_2/lib/slc6_amd64_gcc630', '/cvmfs/cms.cern.ch/slc6_amd64_gcc630/cms/cmssw/CMSSW_9_3_2/python', '/cvmfs/cms.cern.ch/slc6_amd64_gcc630/cms/cmssw/CMSSW_9_3_2/lib/slc6_amd64_gcc630', '/cvmfs/cms.cern.ch/slc6_amd64_gcc630/cms/coral/CORAL_2_3_21-ghjeda6/slc6_amd64_gcc630/python', '/cvmfs/cms.cern.ch/slc6_amd64_gcc630/cms/coral/CORAL_2_3_21-ghjeda6/slc6_amd64_gcc630/lib', '/cvmfs/cms.cern.ch/slc6_amd64_gcc630/external/professor2/2.2.1-ghjeda6/lib/python2.7/site-packages', '/cvmfs/cms.cern.ch/slc6_amd64_gcc630/external/pyqt/4.11.4-mlhled2/lib/python2.7/site-packages', '/cvmfs/cms.cern.ch/slc6_amd64_gcc630/external/sherpa/2.2.4-ghjeda/lib/python2.7/site-packages', '/cvmfs/cms.cern.ch/slc6_amd64_gcc630/external/rivet/2.5.2-ghjeda4/lib/python2.7/site-packages', '/cvmfs/cms.cern.ch/slc6_amd64_gcc630/external/python-ldap/2.4.10-mlhled2/lib/python2.7/site-packages', '/cvmfs/cms.cern.ch/slc6_amd64_gcc630/external/py2-matplotlib/1.5.2-njopjo/lib/python2.7/site-packages', '/cvmfs/cms.cern.ch/slc6_amd64_gcc630/external/sip/4.17-mlhled2/lib/python2.7/site-packages', '/cvmfs/cms.cern.ch/slc6_amd64_gcc630/external/llvm/4.0.0-njopjo/lib64/python2.7/site-packages', '/cvmfs/cms.cern.ch/slc6_amd64_gcc630/external/py2-sqlalchemy/1.1.4-mlhled2/lib/python2.7/site-packages', '/cvmfs/cms.cern.ch/slc6_amd64_gcc630/external/py2-lint/0.25.1-mlhled2/lib/python2.7/site-packages', '/cvmfs/cms.cern.ch/slc6_amd64_gcc630/external/py2-dxr/1.0-ghjeda6/lib/python2.7/site-packages', '/cvmfs/cms.cern.ch/slc6_amd64_gcc630/external/py2-cx-oracle/5.2.1-mlhled2/lib/python2.7/site-packages', '/cvmfs/cms.cern.ch/slc6_amd64_gcc630/external/py2-numpy/1.12.1-mlhled2/lib/python2.7/site-packages', '/cvmfs/cms.cern.ch/slc6_amd64_gcc630/external/frontier_client/2.8.20-mlhled2/python/lib', '/cvmfs/cms.cern.ch/slc6_amd64_gcc630/cms/das_client/v03.01.00-mlhled2/bin', '/cvmfs/cms.cern.ch/slc6_amd64_gcc630/external/xrootd/4.6.1/lib/python2.7/site-packages', '/cvmfs/cms.cern.ch/slc6_amd64_gcc630/external/yoda/1.6.5-ghjeda4/lib/python2.7/site-packages', '/cvmfs/cms.cern.ch/slc6_amd64_gcc630/lcg/root/6.10.04-ghjeda/lib', '/cvmfs/cms.cern.ch/slc6_amd64_gcc630/external/pyminuit2/0.0.1-ghjeda4/lib/python2.7/site-packages', '/cvmfs/cms.cern.ch/slc6_amd64_gcc630/external/py2-PyYAML/3.11-mlhled2/lib/python2.7/site-packages', '/cvmfs/cms.cern.ch/slc6_amd64_gcc630/external/py2-pygithub/1.23.0-mlhled2/lib/python2.7/site-packages', '/cvmfs/cms.cern.ch/slc6_amd64_gcc630/external/py2-pip/9.0.1-mlhled2/lib/python2.7/site-packages', '/cvmfs/cms.cern.ch/slc6_amd64_gcc630/external/py2-dablooms/0.9.1-mlhled2/lib/python2.7/site-packages', '/cvmfs/cms.cern.ch/slc6_amd64_gcc630/external/py2-pippkgs_depscipy/3.0-ghjeda6/lib/python2.7/site-packages', '/cvmfs/cms.cern.ch/slc6_amd64_gcc630/external/py2-pippkgs/5.0-ghjeda6/lib/python2.7/site-packages', '/cvmfs/cms.cern.ch/slc6_amd64_gcc630/external/professor/1.4.0-ghjeda4/lib/python2.7/site-packages', '/cvmfs/cms.cern.ch/slc6_amd64_gcc630/cms/dbs-client/DBS_2_1_9-mlhled2/lib', '/cvmfs/cms.cern.ch/slc6_amd64_gcc630/cms/dbs-client/DBS_2_1_9-mlhled2/lib/DBSAPI', '/cvmfs/cms.cern.ch/slc6_amd64_gcc630/external/cvs2git/5419-mlhled2/lib', '/cvmfs/cms.cern.ch/crab3/slc6_amd64_gcc493/cms/crabclient/3.3.1707.patch1/lib/python2.7/site-packages', '/cvmfs/cms.cern.ch/crab3/slc6_amd64_gcc493/cms/dbs3-client/3.4.4/lib/python2.7/site-packages', '/cvmfs/cms.cern.ch/crab3/slc6_amd64_gcc493/cms/dbs3-pycurl-client/3.4.4/lib/python2.7/site-packages', '/cvmfs/cms.cern.ch/slc6_amd64_gcc630/external/py2-sqlalchemy/1.1.4-mlhled2/lib/python2.7/site-packages/SQLAlchemy-1.1.4-py2.7-linux-x86_64.egg', '/cvmfs/cms.cern.ch/slc6_amd64_gcc630/external/py2-numpy/1.12.1-mlhled2/lib/python2.7/site-packages/numpy-1.12.1-py2.7-linux-x86_64.egg', '/cvmfs/cms.cern.ch/slc6_amd64_gcc630/external/python/2.7.11-mlhled2/lib/python27.zip', '/cvmfs/cms.cern.ch/slc6_amd64_gcc630/external/python/2.7.11-mlhled2/lib/python2.7', '/cvmfs/cms.cern.ch/slc6_amd64_gcc630/external/python/2.7.11-mlhled2/lib/python2.7/plat-linux2', '/cvmfs/cms.cern.ch/slc6_amd64_gcc630/external/python/2.7.11-mlhled2/lib/python2.7/lib-tk', '/cvmfs/cms.cern.ch/slc6_amd64_gcc630/external/python/2.7.11-mlhled2/lib/python2.7/lib-old', '/cvmfs/cms.cern.ch/slc6_amd64_gcc630/external/python/2.7.11-mlhled2/lib/python2.7/lib-dynload', '/cvmfs/cms.cern.ch/slc6_amd64_gcc630/external/python/2.7.11-mlhled2/lib/python2.7/site-packages', '/uscms_data/d3/samuellh/WorkingArea/TauAnalysis/CMSSW_9_3_2/src/PUAnalysis/VBFtt2017/crab/VBF4'])
 ##################################################################### 
 # WARNING: the module CondCore.DBCommon.CondDBSetup is deprecated.  # 
 # Please import CondCore.CondDB.CondDB_cfi                          # 
 ##################################################################### 
recorrecting the jets
List Of Filters
['processedEvents', 'initialEventsTT', 'DiMuonCreation', 'AtLeastOneDiTau', 'TTTauPtEta', 'TTTauDecayFound', 'TTTauStandardDecayFound', 'TTTauDRSel', 'TTSync', 'TTAntiEle', 'TTAntiMu', 'TTIso', 'TTOS']
DEBUG 2017-11-15 17:39:02,064: 	 Executing command: 'submit'
DEBUG 2017-11-15 17:39:02,065: 	 Found CRAB cache file /uscms/home/samuellh/.crab3
DEBUG 2017-11-15 17:39:02,071: 	 Checking credentials
DEBUG 2017-11-15 17:39:02,071: 	 Found proxy file /tmp/x509up_u52190
DEBUG 2017-11-15 17:39:02,071: 	 Getting proxy life time left
DEBUG 2017-11-15 17:39:02,174: 	 Executing : 
 command : voms-proxy-info -file /tmp/x509up_u52190 -timeleft
 output : 37345

 error: 
 retcode : 0
DEBUG 2017-11-15 17:39:02,277: 	 Executing : 
 command : voms-proxy-info -file /tmp/x509up_u52190 -actimeleft
 output : 37345

 error: 
 retcode : 0
DEBUG 2017-11-15 17:39:02,278: 	 Proxy valid for 10:22:25 hours
INFO 2017-11-15 17:39:02,278: 	 Will use CRAB configuration file crab3_TT_MC.py
DEBUG 2017-11-15 17:39:02,278: 	 Loading CRAB configuration file.
DEBUG 2017-11-15 17:39:02,288: 	 Will use CRAB Analysis plugin (i.e. will run an analysis job type).
DEBUG 2017-11-15 17:39:02,402: 	 Executing : 
 command : openssl x509 -in ~/.globus/usercert.pem -subject -noout
 output : subject= /DC=ch/DC=cern/OU=Organic Units/OU=Users/CN=shigginb/CN=785176/CN=Sam Higginbotham

 error: 
 retcode : 0
DEBUG 2017-11-15 17:39:02,403: 	 Checking credentials
DEBUG 2017-11-15 17:39:02,403: 	 Found proxy file /tmp/x509up_u52190
DEBUG 2017-11-15 17:39:02,403: 	 Getting proxy life time left
DEBUG 2017-11-15 17:39:02,506: 	 Executing : 
 command : voms-proxy-info -file /tmp/x509up_u52190 -timeleft
 output : 37345

 error: 
 retcode : 0
DEBUG 2017-11-15 17:39:02,609: 	 Executing : 
 command : voms-proxy-info -file /tmp/x509up_u52190 -actimeleft
 output : 37345

 error: 
 retcode : 0
DEBUG 2017-11-15 17:39:02,609: 	 Proxy valid for 10:22:25 hours
DEBUG 2017-11-15 17:39:02,713: 	 Executing : 
 command : env X509_USER_PROXY=/tmp/x509up_u52190 voms-proxy-info -fqan
 output : /cms/Role=NULL/Capability=NULL

 error: 
 retcode : 0
DEBUG 2017-11-15 17:39:04,384: 	 Registering user credentials for server /DC=ch/DC=cern/OU=computers/CN=vocms(045|052|021|031|0118|0118a|0119|0108|0105|0109).cern.ch
DEBUG 2017-11-15 17:39:04,491: 	 Executing : 
 command : openssl x509 -in ~/.globus/usercert.pem -subject -noout
 output : subject= /DC=ch/DC=cern/OU=Organic Units/OU=Users/CN=shigginb/CN=785176/CN=Sam Higginbotham

 error: 
 retcode : 0
DEBUG 2017-11-15 17:39:04,492: 	 Getting myproxy life time left for myproxy.cern.ch
DEBUG 2017-11-15 17:39:04,492: 	 Calculating hash of /DC=ch/DC=cern/OU=Organic Units/OU=Users/CN=shigginb/CN=785176/CN=Sam Higginbotham_cmsweb.cern.ch for credential name
DEBUG 2017-11-15 17:39:05,597: 	 Executing : 
 command : myproxy-info -l 2f318c7a260d78734589f2cc772d26b8be79ec6c -s myproxy.cern.ch
 output : username: 2f318c7a260d78734589f2cc772d26b8be79ec6c
owner: /DC=ch/DC=cern/OU=Organic Units/OU=Users/CN=shigginb/CN=785176/CN=Sam Higginbotham
  renewal policy: /DC=ch/DC=cern/OU=computers/CN=vocms(045|052|021|031|0118|0118a|0119|0108|0105|0109).cern.ch
  trusted retrieval policy: /DC=ch/DC=cern/OU=computers/CN=vocms(045|052|021|031|0118|0118a|0119|0108|0105|0109).cern.ch
  timeleft: 421:44:36  (17.6 days)

 error: 
 retcode : 0
DEBUG 2017-11-15 17:39:05,598: 	 Myproxy is valid: 1518276
DEBUG 2017-11-15 17:39:05,598: 	 Command use: submit
DEBUG 2017-11-15 17:39:05,599: 	 Options use: ['-c', 'crab3_TT_MC.py']
DEBUG 2017-11-15 17:39:07,358: 	 CRABClient version: 3.3.1707.patch1
DEBUG 2017-11-15 17:39:07,358: 	 Instance is prod
DEBUG 2017-11-15 17:39:07,358: 	 Server base url is cmsweb.cern.ch
DEBUG 2017-11-15 17:39:07,359: 	 Command url /crabserver/prod/workflow
DEBUG 2017-11-15 17:39:07,359: 	 Started submission
DEBUG 2017-11-15 17:39:07,359: 	 Working on /uscms_data/d3/samuellh/WorkingArea/TauAnalysis/CMSSW_9_3_2/src/PUAnalysis/VBFtt2017/crab/VBF4/crab_20171115_173902
DEBUG 2017-11-15 17:39:09,032: 	 Loading required information from the environment
DEBUG 2017-11-15 17:39:09,032: 	 Found CMSSW_9_3_2 for slc6_amd64_gcc630 with base /uscms_data/d3/samuellh/WorkingArea/TauAnalysis/CMSSW_9_3_2
DEBUG 2017-11-15 17:39:09,032: 	 Loading required information from the environment
DEBUG 2017-11-15 17:39:09,032: 	 Found CMSSW_9_3_2 for slc6_amd64_gcc630 with base /uscms_data/d3/samuellh/WorkingArea/TauAnalysis/CMSSW_9_3_2
DEBUG 2017-11-15 17:39:09,045: 	 UNIQUE NAME: tarUUID 15f35b13-4941-4649-9c89-fe08f59369a7 
DEBUG 2017-11-15 17:39:09,045: 	 self.config: from WMCore.Configuration import Configuration
config = Configuration()
config.section_('General')
config.section_('JobType')
config.JobType.psetName = '../../../TT-MC-Up.py'
config.JobType.pluginName = 'Analysis'
config.JobType.inputFiles = ['../../../Configuration/data/PhaseIISummer16_25nsV3_MC.db']
config.JobType.outputFiles = ['analysis.root']
config.JobType.allowUndistributedCMSSW = True
config.section_('Data')
config.Data.inputDataset = '/DYToLL-M-50_2J_14TeV-madgraphMLM-pythia8/PhaseIITDRFall17MiniAOD-PU200_93X_upgrade2023_realistic_v2-v1/MINIAODSIM'
config.Data.allowNonValidInputDataset = True
config.Data.publication = False
config.Data.unitsPerJob = 1
config.Data.inputDBS = 'global'
config.Data.splitting = 'FileBased'
config.section_('Site')
config.Site.storageSite = 'T3_US_FNALLPC'
config.section_('User')
config.section_('Debug')

DEBUG 2017-11-15 17:39:09,046: 	 self.config.JobType.psetName: ../../../TT-MC-Up.py
INFO 2017-11-15 17:39:09,046: 	 Importing CMSSW configuration ../../../TT-MC-Up.py
INFO 2017-11-15 17:39:11,667: 	 Finished importing CMSSW configuration ../../../TT-MC-Up.py
DEBUG 2017-11-15 17:39:11,667: 	 Writing CMSSW configuration to /uscms_data/d3/samuellh/WorkingArea/TauAnalysis/CMSSW_9_3_2/src/PUAnalysis/VBFtt2017/crab/VBF4/crab_20171115_173902/inputs/PSet.py
DEBUG 2017-11-15 17:39:12,457: 	 The following EDM output files will be collected: []
DEBUG 2017-11-15 17:39:12,457: 	 The following TFile output files will be collected: ['analysis.root']
DEBUG 2017-11-15 17:39:12,457: 	 The following user output files will be collected: []
DEBUG 2017-11-15 17:39:12,457: 	 Loading required information from the environment
DEBUG 2017-11-15 17:39:12,457: 	 Found CMSSW_9_3_2 for slc6_amd64_gcc630 with base /uscms_data/d3/samuellh/WorkingArea/TauAnalysis/CMSSW_9_3_2
DEBUG 2017-11-15 17:39:12,457: 	 Making tarball in /uscms_data/d3/samuellh/WorkingArea/TauAnalysis/CMSSW_9_3_2/src/PUAnalysis/VBFtt2017/crab/VBF4/crab_20171115_173902/inputs/15f35b13-4941-4649-9c89-fe08f59369a7default.tgz
DEBUG 2017-11-15 17:39:12,492: 	 Checking directory /uscms_data/d3/samuellh/WorkingArea/TauAnalysis/CMSSW_9_3_2/lib
DEBUG 2017-11-15 17:39:12,492: 	 Adding directory /uscms_data/d3/samuellh/WorkingArea/TauAnalysis/CMSSW_9_3_2/lib to tarball
DEBUG 2017-11-15 17:39:13,011: 	 Checking directory /uscms_data/d3/samuellh/WorkingArea/TauAnalysis/CMSSW_9_3_2/biglib
DEBUG 2017-11-15 17:39:13,011: 	 Adding directory /uscms_data/d3/samuellh/WorkingArea/TauAnalysis/CMSSW_9_3_2/biglib to tarball
DEBUG 2017-11-15 17:39:13,012: 	 Checking directory /uscms_data/d3/samuellh/WorkingArea/TauAnalysis/CMSSW_9_3_2/module
DEBUG 2017-11-15 17:39:13,336: 	 Adding data directory /uscms_data/d3/samuellh/WorkingArea/TauAnalysis/CMSSW_9_3_2/src/PUAnalysis/Configuration/data to tarball
DEBUG 2017-11-15 17:39:15,714: 	 Adding data directory /uscms_data/d3/samuellh/WorkingArea/TauAnalysis/CMSSW_9_3_2/src/PUAnalysis/DataFormats/interface to tarball
DEBUG 2017-11-15 17:39:15,723: 	 Adding data directory /uscms_data/d3/samuellh/WorkingArea/TauAnalysis/CMSSW_9_3_2/src/PUAnalysis/NtupleTools/interface to tarball
DEBUG 2017-11-15 17:39:15,741: 	 Adding data directory /uscms_data/d3/samuellh/WorkingArea/TauAnalysis/CMSSW_9_3_2/src/PUAnalysis/RecoTools/interface to tarball
DEBUG 2017-11-15 17:39:16,120: 	 Adding file ../../../Configuration/data/PhaseIISummer16_25nsV3_MC.db to tarball
DEBUG 2017-11-15 17:39:16,471: 	 Uploading archive /uscms_data/d3/samuellh/WorkingArea/TauAnalysis/CMSSW_9_3_2/src/PUAnalysis/VBFtt2017/crab/VBF4/crab_20171115_173902/inputs/15f35b13-4941-4649-9c89-fe08f59369a7default.tgz (11 MB) to the CRAB cache. Using URI https://cmsweb.cern.ch/crabcache
DEBUG 2017-11-15 17:39:23,998: 	 Loading required information from the environment
DEBUG 2017-11-15 17:39:23,998: 	 Found CMSSW_9_3_2 for slc6_amd64_gcc630 with base /uscms_data/d3/samuellh/WorkingArea/TauAnalysis/CMSSW_9_3_2
DEBUG 2017-11-15 17:39:23,998: 	 Making tarball in /uscms_data/d3/samuellh/WorkingArea/TauAnalysis/CMSSW_9_3_2/src/PUAnalysis/VBFtt2017/crab/VBF4/crab_20171115_173902/inputs/debugFiles.tgz
DEBUG 2017-11-15 17:39:24,004: 	 Uploading archive /uscms_data/d3/samuellh/WorkingArea/TauAnalysis/CMSSW_9_3_2/src/PUAnalysis/VBFtt2017/crab/VBF4/crab_20171115_173902/inputs/debugFiles.tgz (2 KB) to the CRAB cache. Using URI https://cmsweb.cern.ch/crabcache
DEBUG 2017-11-15 17:39:25,888: 	 Result uploading input files: 4e198fb019d07e682a8bd09208595d4eb73bac82ae7f6e24154a54b4451cc952.tar.gz 
INFO 2017-11-15 17:39:25,888: 	 Sending the request to the server
DEBUG 2017-11-15 17:39:25,888: 	 Submitting {'maxjobruntime': 1250, 'extrajdl': [], 'ignorelocality': 0, 'savelogsflag': 0, 'useparent': 0, 'asyncdest': 'T3_US_FNALLPC', 'algoargs': 1, 'cachefilename': '4e198fb019d07e682a8bd09208595d4eb73bac82ae7f6e24154a54b4451cc952.tar.gz', 'numcores': 1, 'addoutputfiles': [], 'generator': 'pythia', 'maxmemory': 2000, 'publishdbsurl': 'https://cmsweb.cern.ch/dbs/prod/phys03/DBSWriter', 'priority': 10, 'jobsw': 'CMSSW_9_3_2', 'edmoutfiles': [], 'userfiles': [], 'primarydataset': '', 'inputdata': '/DYToLL-M-50_2J_14TeV-madgraphMLM-pythia8/PhaseIITDRFall17MiniAOD-PU200_93X_upgrade2023_realistic_v2-v1/MINIAODSIM', 'dryrun': 0, 'workflow': 'crab_20171115_173902', 'cacheurl': u'https://cmsweb.cern.ch/crabcache', 'nonprodsw': 1, 'tfileoutfiles': ['analysis.root'], 'oneEventMode': 0, 'debugfilename': 'aa9ed74fd8644136cf820697e9f2e685bca2c12fb96dd46895e43cdb3020139d.tar.gz', 'saveoutput': 1, 'publication': 0, 'jobarch': 'slc6_amd64_gcc630', 'totalunits': 0, 'splitalgo': 'FileBased', 'ignoreglobalblacklist': 0, 'nonvaliddata': 1, 'dbsurl': 'https://cmsweb.cern.ch/dbs/prod/global/DBSReader', 'publishgroupname': 0, 'jobtype': 'Analysis', 'publishname2': ''} 
DEBUG 2017-11-15 17:39:25,889: 	 Encoded submit request: maxjobruntime=1250&ignorelocality=0&savelogsflag=0&useparent=0&asyncdest=T3_US_FNALLPC&algoargs=1&cachefilename=4e198fb019d07e682a8bd09208595d4eb73bac82ae7f6e24154a54b4451cc952.tar.gz&numcores=1&generator=pythia&maxmemory=2000&publishdbsurl=https%3A%2F%2Fcmsweb.cern.ch%2Fdbs%2Fprod%2Fphys03%2FDBSWriter&priority=10&jobsw=CMSSW_9_3_2&primarydataset=&inputdata=%2FDYToLL-M-50_2J_14TeV-madgraphMLM-pythia8%2FPhaseIITDRFall17MiniAOD-PU200_93X_upgrade2023_realistic_v2-v1%2FMINIAODSIM&dryrun=0&workflow=crab_20171115_173902&cacheurl=https%3A%2F%2Fcmsweb.cern.ch%2Fcrabcache&nonprodsw=1&oneEventMode=0&debugfilename=aa9ed74fd8644136cf820697e9f2e685bca2c12fb96dd46895e43cdb3020139d.tar.gz&saveoutput=1&publication=0&jobarch=slc6_amd64_gcc630&totalunits=0&splitalgo=FileBased&ignoreglobalblacklist=0&nonvaliddata=1&dbsurl=https%3A%2F%2Fcmsweb.cern.ch%2Fdbs%2Fprod%2Fglobal%2FDBSReader&publishgroupname=0&jobtype=Analysis&publishname2=&tfileoutfiles=analysis.root
DEBUG 2017-11-15 17:39:27,529: 	 Result: {u'result': [{u'RequestName': u'171115_233927:shigginb_crab_20171115_173902'}]}
INFO 2017-11-15 17:39:27,533: 	 Success: Your task has been delivered to the CRAB3 server.
INFO 2017-11-15 17:39:27,533: 	 Task name: 171115_233927:shigginb_crab_20171115_173902
INFO 2017-11-15 17:39:27,533: 	 Please use 'crab status' to check how the submission process proceeds.
DEBUG 2017-11-15 17:39:27,533: 	 About to return
INFO 2017-11-15 17:39:27,539: 	 Log file is /uscms_data/d3/samuellh/WorkingArea/TauAnalysis/CMSSW_9_3_2/src/PUAnalysis/VBFtt2017/crab/VBF4/crab_20171115_173902/crab.log
DEBUG 2017-11-15 17:55:50,537: 	 Executing command: 'status'
DEBUG 2017-11-15 17:55:50,537: 	 Found CRAB cache file /uscms/home/samuellh/.crab3
DEBUG 2017-11-15 17:55:50,545: 	 Checking credentials
DEBUG 2017-11-15 17:55:50,545: 	 Found proxy file /tmp/x509up_u52190
DEBUG 2017-11-15 17:55:50,545: 	 Getting proxy life time left
DEBUG 2017-11-15 17:55:50,648: 	 Executing : 
 command : voms-proxy-info -file /tmp/x509up_u52190 -timeleft
 output : 80171

 error: 
 retcode : 0
DEBUG 2017-11-15 17:55:50,751: 	 Executing : 
 command : voms-proxy-info -file /tmp/x509up_u52190 -actimeleft
 output : 80170

 error: 
 retcode : 0
DEBUG 2017-11-15 17:55:50,752: 	 Proxy valid for 22:16:11 hours
DEBUG 2017-11-15 17:55:50,865: 	 Executing : 
 command : openssl x509 -in ~/.globus/usercert.pem -subject -noout
 output : subject= /DC=ch/DC=cern/OU=Organic Units/OU=Users/CN=shigginb/CN=785176/CN=Sam Higginbotham

 error: 
 retcode : 0
DEBUG 2017-11-15 17:55:50,866: 	 Checking credentials
DEBUG 2017-11-15 17:55:50,866: 	 Found proxy file /tmp/x509up_u52190
DEBUG 2017-11-15 17:55:50,866: 	 Getting proxy life time left
DEBUG 2017-11-15 17:55:50,969: 	 Executing : 
 command : voms-proxy-info -file /tmp/x509up_u52190 -timeleft
 output : 80171

 error: 
 retcode : 0
DEBUG 2017-11-15 17:55:51,073: 	 Executing : 
 command : voms-proxy-info -file /tmp/x509up_u52190 -actimeleft
 output : 80169

 error: 
 retcode : 0
DEBUG 2017-11-15 17:55:51,073: 	 Proxy valid for 22:16:11 hours
DEBUG 2017-11-15 17:55:52,732: 	 Registering user credentials for server /DC=ch/DC=cern/OU=computers/CN=vocms(045|052|021|031|0118|0118a|0119|0108|0105|0109).cern.ch
DEBUG 2017-11-15 17:55:52,840: 	 Executing : 
 command : openssl x509 -in ~/.globus/usercert.pem -subject -noout
 output : subject= /DC=ch/DC=cern/OU=Organic Units/OU=Users/CN=shigginb/CN=785176/CN=Sam Higginbotham

 error: 
 retcode : 0
DEBUG 2017-11-15 17:55:52,840: 	 Getting myproxy life time left for myproxy.cern.ch
DEBUG 2017-11-15 17:55:52,840: 	 Calculating hash of /DC=ch/DC=cern/OU=Organic Units/OU=Users/CN=shigginb/CN=785176/CN=Sam Higginbotham_cmsweb.cern.ch for credential name
DEBUG 2017-11-15 17:55:53,645: 	 Executing : 
 command : myproxy-info -l 2f318c7a260d78734589f2cc772d26b8be79ec6c -s myproxy.cern.ch
 output : username: 2f318c7a260d78734589f2cc772d26b8be79ec6c
owner: /DC=ch/DC=cern/OU=Organic Units/OU=Users/CN=shigginb/CN=785176/CN=Sam Higginbotham
  renewal policy: /DC=ch/DC=cern/OU=computers/CN=vocms(045|052|021|031|0118|0118a|0119|0108|0105|0109).cern.ch
  trusted retrieval policy: /DC=ch/DC=cern/OU=computers/CN=vocms(045|052|021|031|0118|0118a|0119|0108|0105|0109).cern.ch
  timeleft: 421:27:48  (17.6 days)

 error: 
 retcode : 0
DEBUG 2017-11-15 17:55:53,646: 	 Myproxy is valid: 1517268
DEBUG 2017-11-15 17:55:53,646: 	 Command use: status
DEBUG 2017-11-15 17:55:53,646: 	 Options use: ['-d', 'crab_20171115_173902/']
DEBUG 2017-11-15 17:55:55,228: 	 CRABClient version: 3.3.1707.patch1
DEBUG 2017-11-15 17:55:55,228: 	 Instance is prod
DEBUG 2017-11-15 17:55:55,228: 	 Server base url is cmsweb.cern.ch
DEBUG 2017-11-15 17:55:55,229: 	 Command url /crabserver/prod/workflow
DEBUG 2017-11-15 17:55:57,169: 	 Got information from server oracle database: {u'result': [u'171115_233927:shigginb_crab_20171115_173902', u'None', u'SUBMITTED', u'2017-11-15 23:39:27.458899', u'None', u'2017-11-15 23:40:17.505823', u'None', u'CMSSW_9_3_2', u'slc6_amd64_gcc630', u'/DYToLL-M-50_2J_14TeV-madgraphMLM-pythia8/PhaseIITDRFall17MiniAOD-PU200_93X_upgrade2023_realistic_v2-v1/MINIAODSIM', u'[]', u'[]', u'FileBased', u"{'splitOnRun': False, 'halt_job_on_file_boundaries': False, 'files_per_job': 1, 'runs': [], 'lumis': []}", u'0', u'4e198fb019d07e682a8bd09208595d4eb73bac82ae7f6e24154a54b4451cc952.tar.gz', u'https://cmsweb.cern.ch/crabcache', u'shigginb', u'/DC=ch/DC=cern/OU=Organic Units/OU=Users/CN=shigginb/CN=785176/CN=Sam Higginbotham', u'cms', u'None', u'None', u'crab_20171115_173902-00000000000000000000000000000000', u'T3_US_FNALLPC', u'https://cmsweb.cern.ch/dbs/prod/global/DBSReader', u'https://cmsweb.cern.ch/dbs/prod/phys03/DBSWriter', u'F', u'Analysis', u'{}', u'[]', u'F', u'vocms052', u'[]', u'1250', u'1', u'2000', u'10', u'None', u'http://vocms0199.cern.ch/mon/cms1359/171115_233927:shigginb_crab_20171115_173902', u'None', u'None', u'[]', u'[]', u'[]', u'pythia', u'[]', u"['analysis.root']", u'[]', u'https://cmsweb.cern.ch/crabserver/prod', u'None', u'0', u'cmssrv221.fnal.gov:9620', u'crab3@vocms0199.cern.ch', u'F', u'[]', u'T', u'/store/user/shigginb/', u'F', u'None', u'F', u'F', u'T', u'None', u'DYToLL-M-50_2J_14TeV-madgraphMLM-pythia8', u'filetransfers', u'SUBMIT', u'13391999', u'aa9ed74fd8644136cf820697e9f2e685bca2c12fb96dd46895e43cdb3020139d.tar.gz', u'131.225.189.130', u'F', u'None'], u'desc': {u'columns': [u'tm_taskname', u'panda_jobset_id', u'tm_task_status', u'tm_start_time', u'tm_start_injection', u'tm_end_injection', u'tm_task_failure', u'tm_job_sw', u'tm_job_arch', u'tm_input_dataset', u'tm_site_whitelist', u'tm_site_blacklist', u'tm_split_algo', u'tm_split_args', u'tm_totalunits', u'tm_user_sandbox', u'tm_cache_url', u'tm_username', u'tm_user_dn', u'tm_user_vo', u'tm_user_role', u'tm_user_group', u'tm_publish_name', u'tm_asyncdest', u'tm_dbs_url', u'tm_publish_dbs_url', u'tm_publication', u'tm_job_type', u'tm_arguments', u'panda_resubmitted_jobs', u'tm_save_logs', u'tw_name', u'tm_user_infiles', u'tm_maxjobruntime', u'tm_numcores', u'tm_maxmemory', u'tm_priority', u'tm_output_dataset', u'tm_user_webdir', u'tm_activity', u'tm_scriptexe', u'tm_scriptargs', u'tm_extrajdl', u'tm_task_warnings', u'tm_generator', u'tm_outfiles', u'tm_tfile_outfiles', u'tm_edm_outfiles', u'tm_asourl', u'tm_events_per_lumi', u'tm_use_parent', u'tm_collector', u'tm_schedd', u'tm_dry_run', u'tm_user_files', u'tm_transfer_outputs', u'tm_output_lfn', u'tm_ignore_locality', u'tm_fail_limit', u'tm_one_event_mode', u'tm_publish_groupname', u'tm_nonvalid_input_dataset', u'tm_secondary_input_dataset', u'tm_primary_dataset', u'tm_asodb', u'tm_task_command', u'clusterid', u'tm_debug_files', u'tm_submitter_ip_addr', u'tm_ignore_global_blacklist', u'tm_last_publication']}}
INFO 2017-11-15 17:55:57,170: 	 CRAB project directory:		/uscms_data/d3/samuellh/WorkingArea/TauAnalysis/CMSSW_9_3_2/src/PUAnalysis/VBFtt2017/crab/VBF4/crab_20171115_173902
INFO 2017-11-15 17:55:57,170: 	 Task name:			171115_233927:shigginb_crab_20171115_173902
INFO 2017-11-15 17:55:57,170: 	 Grid scheduler:			crab3@vocms0199.cern.ch
INFO 2017-11-15 17:55:57,170: 	 Status on the CRAB server:	SUBMITTED
INFO 2017-11-15 17:55:57,170: 	 Task URL to use for HELP:	https://cmsweb.cern.ch/crabserver/ui/task/171115_233927%3Ashigginb_crab_20171115_173902
INFO 2017-11-15 17:55:57,170: 	 Dashboard monitoring URL:	http://dashb-cms-job.cern.ch/dashboard/templates/task-analysis/#user=shigginb&refresh=0&table=Jobs&p=1&records=25&activemenu=2&status=&site=&tid=171115_233927%3Ashigginb_crab_20171115_173902
DEBUG 2017-11-15 17:55:57,171: 	 The CRAB server submitted your task to the Grid scheduler (cluster ID: 13391999)
DEBUG 2017-11-15 17:55:57,171: 	 Webdir is located at http://vocms0199.cern.ch/mon/cms1359/171115_233927:shigginb_crab_20171115_173902
DEBUG 2017-11-15 17:55:58,982: 	 Proxied webdir is located at https://cmsweb.cern.ch/scheddmon/0199/cms1359/171115_233927:shigginb_crab_20171115_173902
DEBUG 2017-11-15 17:55:58,982: 	 Retrieving 'status_cache' file from https://cmsweb.cern.ch/scheddmon/0199/cms1359/171115_233927:shigginb_crab_20171115_173902/status_cache
DEBUG 2017-11-15 17:56:00,830: 	 Got information from status cache file: {'24': {'Retries': 0, 'WallDurations': [9.0], 'StartTimes': [1510789833.0], 'SubmitTimes': [1510789230.0], 'JobIds': ['13392024.0'], 'EndTimes': [], 'Restarts': 0, 'RecordedSite': False, 'State': 'running', 'ResidentSetSize': [17352], 'TotalUserCpuTimeHistory': [0], 'SiteHistory': ['Unknown'], 'TotalSysCpuTimeHistory': [0]}, '25': {'Retries': 0, 'WallDurations': [9.0], 'StartTimes': [1510789836.0], 'SubmitTimes': [1510789230.0], 'JobIds': ['13392023.0'], 'EndTimes': [], 'Restarts': 0, 'RecordedSite': False, 'State': 'running', 'ResidentSetSize': [2620], 'TotalUserCpuTimeHistory': [0], 'SiteHistory': ['Unknown'], 'TotalSysCpuTimeHistory': [0]}, '26': {'Retries': 0, 'WallDurations': [9.0], 'StartTimes': [1510789836.0], 'SubmitTimes': [1510789232.0], 'JobIds': ['13392028.0'], 'EndTimes': [], 'Restarts': 0, 'RecordedSite': False, 'State': 'running', 'ResidentSetSize': [2624], 'TotalUserCpuTimeHistory': [0], 'SiteHistory': ['Unknown'], 'TotalSysCpuTimeHistory': [0]}, '27': {'Retries': 0, 'WallDurations': [9.0], 'StartTimes': [1510789833.0], 'SubmitTimes': [1510789230.0], 'JobIds': ['13392025.0'], 'EndTimes': [], 'Restarts': 0, 'RecordedSite': False, 'State': 'running', 'ResidentSetSize': [4908], 'TotalUserCpuTimeHistory': [0], 'SiteHistory': ['Unknown'], 'TotalSysCpuTimeHistory': [0]}, '20': {'Retries': 0, 'WallDurations': [8.0], 'StartTimes': [1510789832.0], 'SubmitTimes': [1510789230.0], 'JobIds': ['13392020.0'], 'EndTimes': [], 'Restarts': 0, 'RecordedSite': False, 'State': 'running', 'ResidentSetSize': [2688], 'TotalUserCpuTimeHistory': [0], 'SiteHistory': ['Unknown'], 'TotalSysCpuTimeHistory': [0]}, '21': {'Retries': 0, 'WallDurations': [9.0], 'StartTimes': [1510789836.0], 'SubmitTimes': [1510789233.0], 'JobIds': ['13392039.0'], 'EndTimes': [], 'Restarts': 0, 'RecordedSite': False, 'State': 'running', 'ResidentSetSize': [2620], 'TotalUserCpuTimeHistory': [0], 'SiteHistory': ['Unknown'], 'TotalSysCpuTimeHistory': [0]}, '22': {'Retries': 0, 'WallDurations': [9.0], 'StartTimes': [1510789833.0], 'SubmitTimes': [1510789230.0], 'JobIds': ['13392021.0'], 'EndTimes': [], 'Restarts': 0, 'RecordedSite': False, 'State': 'running', 'ResidentSetSize': [2604], 'TotalUserCpuTimeHistory': [0], 'SiteHistory': ['Unknown'], 'TotalSysCpuTimeHistory': [0]}, '23': {'Retries': 0, 'WallDurations': [8.0], 'StartTimes': [1510789831.0], 'SubmitTimes': [1510789230.0], 'JobIds': ['13392022.0'], 'EndTimes': [], 'Restarts': 0, 'RecordedSite': False, 'State': 'running', 'ResidentSetSize': [2684], 'TotalUserCpuTimeHistory': [0], 'SiteHistory': ['Unknown'], 'TotalSysCpuTimeHistory': [0]}, '28': {'Retries': 0, 'WallDurations': [9.0], 'StartTimes': [1510789836.0], 'SubmitTimes': [1510789232.0], 'JobIds': ['13392027.0'], 'EndTimes': [], 'Restarts': 0, 'RecordedSite': False, 'State': 'running', 'ResidentSetSize': [15076], 'TotalUserCpuTimeHistory': [0], 'SiteHistory': ['Unknown'], 'TotalSysCpuTimeHistory': [0]}, '29': {'Retries': 0, 'WallDurations': [10.0], 'StartTimes': [1510789837.0], 'SubmitTimes': [1510789232.0], 'JobIds': ['13392030.0'], 'EndTimes': [], 'Restarts': 0, 'RecordedSite': False, 'State': 'running', 'ResidentSetSize': [43232], 'TotalUserCpuTimeHistory': [0], 'SiteHistory': ['Unknown'], 'TotalSysCpuTimeHistory': [0]}, '1': {'Retries': 0, 'WallDurations': [9.0], 'StartTimes': [1510789836.0], 'SubmitTimes': [1510789228.0], 'JobIds': ['13392001.0'], 'EndTimes': [], 'Restarts': 0, 'RecordedSite': False, 'State': 'running', 'ResidentSetSize': [2624], 'TotalUserCpuTimeHistory': [0], 'SiteHistory': ['Unknown'], 'TotalSysCpuTimeHistory': [0]}, '3': {'Retries': 0, 'WallDurations': [10.0], 'StartTimes': [1510789837.0], 'SubmitTimes': [1510789228.0], 'JobIds': ['13392005.0'], 'EndTimes': [], 'Restarts': 0, 'RecordedSite': False, 'State': 'running', 'ResidentSetSize': [22516], 'TotalUserCpuTimeHistory': [0], 'SiteHistory': ['Unknown'], 'TotalSysCpuTimeHistory': [0]}, '2': {'Retries': 0, 'WallDurations': [9.0], 'StartTimes': [1510789836.0], 'SubmitTimes': [1510789228.0], 'JobIds': ['13392004.0'], 'EndTimes': [], 'Restarts': 0, 'RecordedSite': False, 'State': 'running', 'ResidentSetSize': [2624], 'TotalUserCpuTimeHistory': [0], 'SiteHistory': ['Unknown'], 'TotalSysCpuTimeHistory': [0]}, '5': {'Retries': 0, 'WallDurations': [9.0], 'StartTimes': [1510789834.0], 'SubmitTimes': [1510789229.0], 'JobIds': ['13392007.0'], 'EndTimes': [], 'Restarts': 0, 'RecordedSite': False, 'State': 'running', 'ResidentSetSize': [2624], 'TotalUserCpuTimeHistory': [0], 'SiteHistory': ['Unknown'], 'TotalSysCpuTimeHistory': [0]}, '4': {'Retries': 0, 'WallDurations': [9.0], 'StartTimes': [1510789836.0], 'SubmitTimes': [1510789228.0], 'JobIds': ['13392006.0'], 'EndTimes': [], 'Restarts': 0, 'RecordedSite': False, 'State': 'running', 'ResidentSetSize': [2688], 'TotalUserCpuTimeHistory': [0], 'SiteHistory': ['Unknown'], 'TotalSysCpuTimeHistory': [0]}, '7': {'Retries': 0, 'WallDurations': [10.0], 'StartTimes': [1510789836.0], 'SubmitTimes': [1510789229.0], 'JobIds': ['13392009.0'], 'EndTimes': [], 'Restarts': 0, 'RecordedSite': False, 'State': 'running', 'ResidentSetSize': [2624], 'TotalUserCpuTimeHistory': [0], 'SiteHistory': ['Unknown'], 'TotalSysCpuTimeHistory': [0]}, '6': {'Retries': 0, 'WallDurations': [9.0], 'StartTimes': [1510789833.0], 'SubmitTimes': [1510789229.0], 'JobIds': ['13392008.0'], 'EndTimes': [], 'Restarts': 0, 'RecordedSite': False, 'State': 'running', 'ResidentSetSize': [16692], 'TotalUserCpuTimeHistory': [0], 'SiteHistory': ['Unknown'], 'TotalSysCpuTimeHistory': [0]}, '9': {'Retries': 0, 'WallDurations': [9.0], 'StartTimes': [1510789833.0], 'SubmitTimes': [1510789229.0], 'JobIds': ['13392010.0'], 'EndTimes': [], 'Restarts': 0, 'RecordedSite': False, 'State': 'running', 'ResidentSetSize': [16920], 'TotalUserCpuTimeHistory': [0], 'SiteHistory': ['Unknown'], 'TotalSysCpuTimeHistory': [0]}, '8': {'Retries': 0, 'WallDurations': [9.0], 'StartTimes': [1510789836.0], 'SubmitTimes': [1510789228.0], 'JobIds': ['13392002.0'], 'EndTimes': [], 'Restarts': 0, 'RecordedSite': False, 'State': 'running', 'ResidentSetSize': [2688], 'TotalUserCpuTimeHistory': [0], 'SiteHistory': ['Unknown'], 'TotalSysCpuTimeHistory': [0]}, '13': {'Retries': 0, 'WallDurations': [9.0], 'StartTimes': [1510789837.0], 'SubmitTimes': [1510789229.0], 'JobIds': ['13392013.0'], 'EndTimes': [], 'Restarts': 0, 'RecordedSite': False, 'State': 'running', 'ResidentSetSize': [34924], 'TotalUserCpuTimeHistory': [0], 'SiteHistory': ['Unknown'], 'TotalSysCpuTimeHistory': [0]}, '12': {'Retries': 0, 'WallDurations': [9.0], 'StartTimes': [1510789837.0], 'SubmitTimes': [1510789228.0], 'JobIds': ['13392003.0'], 'EndTimes': [], 'Restarts': 0, 'RecordedSite': False, 'State': 'running', 'ResidentSetSize': [39468], 'TotalUserCpuTimeHistory': [0], 'SiteHistory': ['Unknown'], 'TotalSysCpuTimeHistory': [0]}, '11': {'Retries': 0, 'WallDurations': [9.0], 'StartTimes': [1510789833.0], 'SubmitTimes': [1510789229.0], 'JobIds': ['13392012.0'], 'EndTimes': [], 'Restarts': 0, 'RecordedSite': False, 'State': 'running', 'ResidentSetSize': [2660], 'TotalUserCpuTimeHistory': [0], 'SiteHistory': ['Unknown'], 'TotalSysCpuTimeHistory': [0]}, '10': {'Retries': 0, 'WallDurations': [9.0], 'StartTimes': [1510789833.0], 'SubmitTimes': [1510789229.0], 'JobIds': ['13392011.0'], 'EndTimes': [], 'Restarts': 0, 'RecordedSite': False, 'State': 'running', 'ResidentSetSize': [23744], 'TotalUserCpuTimeHistory': [0], 'SiteHistory': ['Unknown'], 'TotalSysCpuTimeHistory': [0]}, '39': {'Retries': 0, 'WallDurations': [10.0], 'StartTimes': [1510789837.0], 'SubmitTimes': [1510789233.0], 'JobIds': ['13392038.0'], 'EndTimes': [], 'Restarts': 0, 'RecordedSite': False, 'State': 'running', 'ResidentSetSize': [2620], 'TotalUserCpuTimeHistory': [0], 'SiteHistory': ['Unknown'], 'TotalSysCpuTimeHistory': [0]}, '38': {'Retries': 0, 'WallDurations': [9.0], 'StartTimes': [1510789835.0], 'SubmitTimes': [1510789233.0], 'JobIds': ['13392036.0'], 'EndTimes': [], 'Restarts': 0, 'RecordedSite': False, 'State': 'running', 'ResidentSetSize': [2620], 'TotalUserCpuTimeHistory': [0], 'SiteHistory': ['Unknown'], 'TotalSysCpuTimeHistory': [0]}, '15': {'Retries': 0, 'WallDurations': [0], 'StartTimes': [], 'SubmitTimes': [1510789229.0], 'JobIds': ['13392015.0'], 'EndTimes': [], 'Restarts': 0, 'RecordedSite': False, 'State': 'idle', 'ResidentSetSize': [0], 'TotalUserCpuTimeHistory': [0], 'SiteHistory': ['Unknown'], 'TotalSysCpuTimeHistory': [0]}, '14': {'Retries': 0, 'WallDurations': [62.0], 'StartTimes': [1510789833.0], 'SubmitTimes': [1510789229.0], 'JobIds': ['13392014.0'], 'EndTimes': [1510789895.0], 'Restarts': 0, 'RecordedSite': False, 'State': 'cooloff', 'ResidentSetSize': [2628], 'TotalUserCpuTimeHistory': [0], 'SiteHistory': ['Unknown'], 'TotalSysCpuTimeHistory': [0]}, '17': {'Retries': 0, 'WallDurations': [9.0], 'StartTimes': [1510789837.0], 'SubmitTimes': [1510789229.0], 'JobIds': ['13392017.0'], 'EndTimes': [], 'Restarts': 0, 'RecordedSite': False, 'State': 'running', 'ResidentSetSize': [60472], 'TotalUserCpuTimeHistory': [0], 'SiteHistory': ['Unknown'], 'TotalSysCpuTimeHistory': [0]}, '16': {'Retries': 0, 'WallDurations': [9.0], 'StartTimes': [1510789836.0], 'SubmitTimes': [1510789229.0], 'JobIds': ['13392016.0'], 'EndTimes': [], 'Restarts': 0, 'RecordedSite': False, 'State': 'running', 'ResidentSetSize': [13356], 'TotalUserCpuTimeHistory': [0], 'SiteHistory': ['Unknown'], 'TotalSysCpuTimeHistory': [0]}, '19': {'Retries': 0, 'WallDurations': [9.0], 'StartTimes': [1510789833.0], 'SubmitTimes': [1510789230.0], 'JobIds': ['13392019.0'], 'EndTimes': [], 'Restarts': 0, 'RecordedSite': False, 'State': 'running', 'ResidentSetSize': [1972], 'TotalUserCpuTimeHistory': [0], 'SiteHistory': ['Unknown'], 'TotalSysCpuTimeHistory': [0]}, '18': {'Retries': 0, 'WallDurations': [9.0], 'StartTimes': [1510789831.0], 'SubmitTimes': [1510789230.0], 'JobIds': ['13392018.0'], 'EndTimes': [], 'Restarts': 0, 'RecordedSite': False, 'State': 'running', 'ResidentSetSize': [2296], 'TotalUserCpuTimeHistory': [0], 'SiteHistory': ['Unknown'], 'TotalSysCpuTimeHistory': [0]}, '31': {'Retries': 0, 'WallDurations': [9.0], 'StartTimes': [1510789836.0], 'SubmitTimes': [1510789232.0], 'JobIds': ['13392026.0'], 'EndTimes': [], 'Restarts': 0, 'RecordedSite': False, 'State': 'running', 'ResidentSetSize': [2680], 'TotalUserCpuTimeHistory': [0], 'SiteHistory': ['Unknown'], 'TotalSysCpuTimeHistory': [0]}, '30': {'Retries': 0, 'WallDurations': [9.0], 'StartTimes': [1510789837.0], 'SubmitTimes': [1510789232.0], 'JobIds': ['13392031.0'], 'EndTimes': [], 'Restarts': 0, 'RecordedSite': False, 'State': 'running', 'ResidentSetSize': [39452], 'TotalUserCpuTimeHistory': [0], 'SiteHistory': ['Unknown'], 'TotalSysCpuTimeHistory': [0]}, '37': {'Retries': 0, 'WallDurations': [9.0], 'StartTimes': [1510789836.0], 'SubmitTimes': [1510789233.0], 'JobIds': ['13392035.0'], 'EndTimes': [], 'Restarts': 0, 'RecordedSite': False, 'State': 'running', 'ResidentSetSize': [2644], 'TotalUserCpuTimeHistory': [0], 'SiteHistory': ['Unknown'], 'TotalSysCpuTimeHistory': [0]}, '36': {'Retries': 0, 'WallDurations': [9.0], 'StartTimes': [1510789837.0], 'SubmitTimes': [1510789233.0], 'JobIds': ['13392033.0'], 'EndTimes': [], 'Restarts': 0, 'RecordedSite': False, 'State': 'running', 'ResidentSetSize': [35496], 'TotalUserCpuTimeHistory': [0], 'SiteHistory': ['Unknown'], 'TotalSysCpuTimeHistory': [0]}, '35': {'Retries': 0, 'WallDurations': [9.0], 'StartTimes': [1510789836.0], 'SubmitTimes': [1510789233.0], 'JobIds': ['13392037.0'], 'EndTimes': [], 'Restarts': 0, 'RecordedSite': False, 'State': 'running', 'ResidentSetSize': [2620], 'TotalUserCpuTimeHistory': [0], 'SiteHistory': ['Unknown'], 'TotalSysCpuTimeHistory': [0]}, '34': {'Retries': 0, 'WallDurations': [9.0], 'StartTimes': [1510789834.0], 'SubmitTimes': [1510789232.0], 'JobIds': ['13392032.0'], 'EndTimes': [], 'Restarts': 0, 'RecordedSite': False, 'State': 'running', 'ResidentSetSize': [2688], 'TotalUserCpuTimeHistory': [0], 'SiteHistory': ['Unknown'], 'TotalSysCpuTimeHistory': [0]}, '33': {'Retries': 0, 'WallDurations': [9.0], 'StartTimes': [1510789834.0], 'SubmitTimes': [1510789233.0], 'JobIds': ['13392034.0'], 'EndTimes': [], 'Restarts': 0, 'RecordedSite': False, 'State': 'running', 'ResidentSetSize': [2624], 'TotalUserCpuTimeHistory': [0], 'SiteHistory': ['Unknown'], 'TotalSysCpuTimeHistory': [0]}, '32': {'Retries': 0, 'WallDurations': [9.0], 'StartTimes': [1510789834.0], 'SubmitTimes': [1510789232.0], 'JobIds': ['13392029.0'], 'EndTimes': [], 'Restarts': 0, 'RecordedSite': False, 'State': 'running', 'ResidentSetSize': [2684], 'TotalUserCpuTimeHistory': [0], 'SiteHistory': ['Unknown'], 'TotalSysCpuTimeHistory': [0]}}
INFO 2017-11-15 17:56:00,830: 	 Status on the scheduler:	SUBMITTED
INFO 2017-11-15 17:56:00,830: 	 
Jobs status:                    cooloff         2.6% ( 1/39)
INFO 2017-11-15 17:56:00,830: 	 				idle            2.6% ( 1/39)
INFO 2017-11-15 17:56:00,830: 	 				running        94.9% (37/39)
INFO 2017-11-15 17:56:00,830: 	 
No publication information (publication has been disabled in the CRAB configuration file)
INFO 2017-11-15 17:56:00,841: 	 Log file is /uscms_data/d3/samuellh/WorkingArea/TauAnalysis/CMSSW_9_3_2/src/PUAnalysis/VBFtt2017/crab/VBF4/crab_20171115_173902/crab.log
DEBUG 2017-11-16 04:04:35,302: 	 Executing command: 'status'
DEBUG 2017-11-16 04:04:35,302: 	 Found CRAB cache file /uscms/home/samuellh/.crab3
DEBUG 2017-11-16 04:04:35,307: 	 Checking credentials
DEBUG 2017-11-16 04:04:35,307: 	 Found proxy file /tmp/x509up_u52190
DEBUG 2017-11-16 04:04:35,307: 	 Getting proxy life time left
DEBUG 2017-11-16 04:04:35,409: 	 Executing : 
 command : voms-proxy-info -file /tmp/x509up_u52190 -timeleft
 output : 9008

 error: 
 retcode : 0
DEBUG 2017-11-16 04:04:35,511: 	 Executing : 
 command : voms-proxy-info -file /tmp/x509up_u52190 -actimeleft
 output : 9007

 error: 
 retcode : 0
DEBUG 2017-11-16 04:04:35,511: 	 Proxy valid for 02:30:08 hours
DEBUG 2017-11-16 04:04:35,626: 	 Executing : 
 command : openssl x509 -in ~/.globus/usercert.pem -subject -noout
 output : subject= /DC=ch/DC=cern/OU=Organic Units/OU=Users/CN=shigginb/CN=785176/CN=Sam Higginbotham

 error: 
 retcode : 0
DEBUG 2017-11-16 04:04:35,626: 	 Checking credentials
DEBUG 2017-11-16 04:04:35,626: 	 Found proxy file /tmp/x509up_u52190
DEBUG 2017-11-16 04:04:35,626: 	 Getting proxy life time left
DEBUG 2017-11-16 04:04:35,728: 	 Executing : 
 command : voms-proxy-info -file /tmp/x509up_u52190 -timeleft
 output : 9008

 error: 
 retcode : 0
DEBUG 2017-11-16 04:04:35,831: 	 Executing : 
 command : voms-proxy-info -file /tmp/x509up_u52190 -actimeleft
 output : 9007

 error: 
 retcode : 0
DEBUG 2017-11-16 04:04:35,831: 	 Proxy valid for 02:30:08 hours
DEBUG 2017-11-16 04:04:37,198: 	 Registering user credentials for server /DC=ch/DC=cern/OU=computers/CN=vocms(045|052|021|031|0118|0118a|0119|0108|0105|0109).cern.ch
DEBUG 2017-11-16 04:04:37,303: 	 Executing : 
 command : openssl x509 -in ~/.globus/usercert.pem -subject -noout
 output : subject= /DC=ch/DC=cern/OU=Organic Units/OU=Users/CN=shigginb/CN=785176/CN=Sam Higginbotham

 error: 
 retcode : 0
DEBUG 2017-11-16 04:04:37,303: 	 Getting myproxy life time left for myproxy.cern.ch
DEBUG 2017-11-16 04:04:37,303: 	 Calculating hash of /DC=ch/DC=cern/OU=Organic Units/OU=Users/CN=shigginb/CN=785176/CN=Sam Higginbotham_cmsweb.cern.ch for credential name
DEBUG 2017-11-16 04:04:37,907: 	 Executing : 
 command : myproxy-info -l 2f318c7a260d78734589f2cc772d26b8be79ec6c -s myproxy.cern.ch
 output : username: 2f318c7a260d78734589f2cc772d26b8be79ec6c
owner: /DC=ch/DC=cern/OU=Organic Units/OU=Users/CN=shigginb/CN=785176/CN=Sam Higginbotham
  renewal policy: /DC=ch/DC=cern/OU=computers/CN=vocms(045|052|021|031|0118|0118a|0119|0108|0105|0109).cern.ch
  trusted retrieval policy: /DC=ch/DC=cern/OU=computers/CN=vocms(045|052|021|031|0118|0118a|0119|0108|0105|0109).cern.ch
  timeleft: 411:19:04  (17.1 days)

 error: 
 retcode : 0
DEBUG 2017-11-16 04:04:37,908: 	 Myproxy is valid: 1480744
DEBUG 2017-11-16 04:04:37,908: 	 Command use: status
DEBUG 2017-11-16 04:04:37,908: 	 Options use: ['-d', 'crab_20171115_173902/']
DEBUG 2017-11-16 04:04:39,279: 	 CRABClient version: 3.3.1707.patch1
DEBUG 2017-11-16 04:04:39,279: 	 Instance is prod
DEBUG 2017-11-16 04:04:39,279: 	 Server base url is cmsweb.cern.ch
DEBUG 2017-11-16 04:04:39,279: 	 Command url /crabserver/prod/workflow
DEBUG 2017-11-16 04:04:40,691: 	 Got information from server oracle database: {u'result': [u'171115_233927:shigginb_crab_20171115_173902', u'None', u'SUBMITTED', u'2017-11-15 23:39:27.458899', u'None', u'2017-11-15 23:40:17.505823', u'None', u'CMSSW_9_3_2', u'slc6_amd64_gcc630', u'/DYToLL-M-50_2J_14TeV-madgraphMLM-pythia8/PhaseIITDRFall17MiniAOD-PU200_93X_upgrade2023_realistic_v2-v1/MINIAODSIM', u'[]', u'[]', u'FileBased', u"{'splitOnRun': False, 'halt_job_on_file_boundaries': False, 'files_per_job': 1, 'runs': [], 'lumis': []}", u'0', u'4e198fb019d07e682a8bd09208595d4eb73bac82ae7f6e24154a54b4451cc952.tar.gz', u'https://cmsweb.cern.ch/crabcache', u'shigginb', u'/DC=ch/DC=cern/OU=Organic Units/OU=Users/CN=shigginb/CN=785176/CN=Sam Higginbotham', u'cms', u'None', u'None', u'crab_20171115_173902-00000000000000000000000000000000', u'T3_US_FNALLPC', u'https://cmsweb.cern.ch/dbs/prod/global/DBSReader', u'https://cmsweb.cern.ch/dbs/prod/phys03/DBSWriter', u'F', u'Analysis', u'{}', u'[]', u'F', u'vocms052', u'[]', u'1250', u'1', u'2000', u'10', u'None', u'http://vocms0199.cern.ch/mon/cms1359/171115_233927:shigginb_crab_20171115_173902', u'None', u'None', u'[]', u'[]', u'[]', u'pythia', u'[]', u"['analysis.root']", u'[]', u'https://cmsweb.cern.ch/crabserver/prod', u'None', u'0', u'cmssrv221.fnal.gov:9620', u'crab3@vocms0199.cern.ch', u'F', u'[]', u'T', u'/store/user/shigginb/', u'F', u'None', u'F', u'F', u'T', u'None', u'DYToLL-M-50_2J_14TeV-madgraphMLM-pythia8', u'filetransfers', u'SUBMIT', u'13391999', u'aa9ed74fd8644136cf820697e9f2e685bca2c12fb96dd46895e43cdb3020139d.tar.gz', u'131.225.189.130', u'F', u'None'], u'desc': {u'columns': [u'tm_taskname', u'panda_jobset_id', u'tm_task_status', u'tm_start_time', u'tm_start_injection', u'tm_end_injection', u'tm_task_failure', u'tm_job_sw', u'tm_job_arch', u'tm_input_dataset', u'tm_site_whitelist', u'tm_site_blacklist', u'tm_split_algo', u'tm_split_args', u'tm_totalunits', u'tm_user_sandbox', u'tm_cache_url', u'tm_username', u'tm_user_dn', u'tm_user_vo', u'tm_user_role', u'tm_user_group', u'tm_publish_name', u'tm_asyncdest', u'tm_dbs_url', u'tm_publish_dbs_url', u'tm_publication', u'tm_job_type', u'tm_arguments', u'panda_resubmitted_jobs', u'tm_save_logs', u'tw_name', u'tm_user_infiles', u'tm_maxjobruntime', u'tm_numcores', u'tm_maxmemory', u'tm_priority', u'tm_output_dataset', u'tm_user_webdir', u'tm_activity', u'tm_scriptexe', u'tm_scriptargs', u'tm_extrajdl', u'tm_task_warnings', u'tm_generator', u'tm_outfiles', u'tm_tfile_outfiles', u'tm_edm_outfiles', u'tm_asourl', u'tm_events_per_lumi', u'tm_use_parent', u'tm_collector', u'tm_schedd', u'tm_dry_run', u'tm_user_files', u'tm_transfer_outputs', u'tm_output_lfn', u'tm_ignore_locality', u'tm_fail_limit', u'tm_one_event_mode', u'tm_publish_groupname', u'tm_nonvalid_input_dataset', u'tm_secondary_input_dataset', u'tm_primary_dataset', u'tm_asodb', u'tm_task_command', u'clusterid', u'tm_debug_files', u'tm_submitter_ip_addr', u'tm_ignore_global_blacklist', u'tm_last_publication']}}
INFO 2017-11-16 04:04:40,692: 	 CRAB project directory:		/uscms_data/d3/samuellh/WorkingArea/TauAnalysis/CMSSW_9_3_2/src/PUAnalysis/VBFtt2017/crab/VBF4/crab_20171115_173902
INFO 2017-11-16 04:04:40,692: 	 Task name:			171115_233927:shigginb_crab_20171115_173902
INFO 2017-11-16 04:04:40,692: 	 Grid scheduler:			crab3@vocms0199.cern.ch
INFO 2017-11-16 04:04:40,692: 	 Status on the CRAB server:	SUBMITTED
INFO 2017-11-16 04:04:40,692: 	 Task URL to use for HELP:	https://cmsweb.cern.ch/crabserver/ui/task/171115_233927%3Ashigginb_crab_20171115_173902
INFO 2017-11-16 04:04:40,692: 	 Dashboard monitoring URL:	http://dashb-cms-job.cern.ch/dashboard/templates/task-analysis/#user=shigginb&refresh=0&table=Jobs&p=1&records=25&activemenu=2&status=&site=&tid=171115_233927%3Ashigginb_crab_20171115_173902
DEBUG 2017-11-16 04:04:40,692: 	 The CRAB server submitted your task to the Grid scheduler (cluster ID: 13391999)
DEBUG 2017-11-16 04:04:40,692: 	 Webdir is located at http://vocms0199.cern.ch/mon/cms1359/171115_233927:shigginb_crab_20171115_173902
DEBUG 2017-11-16 04:04:42,062: 	 Proxied webdir is located at https://cmsweb.cern.ch/scheddmon/0199/cms1359/171115_233927:shigginb_crab_20171115_173902
DEBUG 2017-11-16 04:04:42,062: 	 Retrieving 'status_cache' file from https://cmsweb.cern.ch/scheddmon/0199/cms1359/171115_233927:shigginb_crab_20171115_173902/status_cache
DEBUG 2017-11-16 04:04:43,546: 	 Got information from status cache file: {'24': {'Retries': 0, 'WallDurations': [632.0], 'StartTimes': [1510789833.0], 'SubmitTimes': [1510789230.0], 'JobIds': ['13392024.0'], 'EndTimes': [1510790465.0], 'Restarts': 0, 'RecordedSite': False, 'State': 'finished', 'ResidentSetSize': [736916], 'TotalUserCpuTimeHistory': [100], 'SiteHistory': ['Unknown'], 'TotalSysCpuTimeHistory': [6]}, '25': {'Retries': 0, 'WallDurations': [743.0], 'StartTimes': [1510789836.0], 'SubmitTimes': [1510789230.0], 'JobIds': ['13392023.0'], 'EndTimes': [1510790579.0], 'Restarts': 0, 'RecordedSite': False, 'State': 'finished', 'ResidentSetSize': [1880876], 'TotalUserCpuTimeHistory': [464], 'SiteHistory': ['Unknown'], 'TotalSysCpuTimeHistory': [16]}, '26': {'Retries': 0, 'WallDurations': [1085.0], 'StartTimes': [1510789836.0], 'SubmitTimes': [1510789232.0], 'JobIds': ['13392028.0'], 'EndTimes': [1510790921.0], 'Restarts': 0, 'RecordedSite': False, 'State': 'finished', 'ResidentSetSize': [1823148], 'TotalUserCpuTimeHistory': [931], 'SiteHistory': ['Unknown'], 'TotalSysCpuTimeHistory': [20]}, '27': {'Retries': 0, 'WallDurations': [1136.0], 'StartTimes': [1510789833.0], 'SubmitTimes': [1510789230.0], 'JobIds': ['13392025.0'], 'EndTimes': [1510790969.0], 'Restarts': 0, 'RecordedSite': False, 'State': 'finished', 'ResidentSetSize': [748688], 'TotalUserCpuTimeHistory': [207], 'SiteHistory': ['Unknown'], 'TotalSysCpuTimeHistory': [16]}, '20': {'Retries': 0, 'WallDurations': [423.0], 'StartTimes': [1510789832.0], 'SubmitTimes': [1510789230.0], 'JobIds': ['13392020.0'], 'EndTimes': [1510790255.0], 'Restarts': 0, 'RecordedSite': False, 'State': 'finished', 'ResidentSetSize': [641848], 'TotalUserCpuTimeHistory': [89], 'SiteHistory': ['Unknown'], 'TotalSysCpuTimeHistory': [4]}, '21': {'Retries': 0, 'WallDurations': [20447.0], 'StartTimes': [1510789836.0], 'SubmitTimes': [1510789233.0], 'JobIds': ['13392039.0'], 'EndTimes': [], 'Restarts': 0, 'RecordedSite': False, 'State': 'running', 'ResidentSetSize': [1844656], 'TotalUserCpuTimeHistory': [0], 'SiteHistory': ['Unknown'], 'TotalSysCpuTimeHistory': [0]}, '22': {'Retries': 0, 'WallDurations': [390.0], 'StartTimes': [1510789833.0], 'SubmitTimes': [1510789230.0], 'JobIds': ['13392021.0'], 'EndTimes': [1510790223.0], 'Restarts': 0, 'RecordedSite': False, 'State': 'finished', 'ResidentSetSize': [1931756], 'TotalUserCpuTimeHistory': [300], 'SiteHistory': ['Unknown'], 'TotalSysCpuTimeHistory': [5]}, '23': {'Retries': 0, 'WallDurations': [171.0], 'StartTimes': [1510789831.0], 'SubmitTimes': [1510789230.0], 'JobIds': ['13392022.0'], 'EndTimes': [1510790002.0], 'Restarts': 0, 'RecordedSite': False, 'State': 'finished', 'ResidentSetSize': [2684], 'TotalUserCpuTimeHistory': [95], 'SiteHistory': ['Unknown'], 'TotalSysCpuTimeHistory': [5]}, '28': {'Retries': 0, 'WallDurations': [4016.0], 'StartTimes': [1510789836.0], 'SubmitTimes': [1510789232.0], 'JobIds': ['13392027.0'], 'EndTimes': [1510793852.0], 'Restarts': 0, 'RecordedSite': False, 'State': 'finished', 'ResidentSetSize': [1841256], 'TotalUserCpuTimeHistory': [2384], 'SiteHistory': ['Unknown'], 'TotalSysCpuTimeHistory': [45]}, '29': {'Retries': 0, 'WallDurations': [241.0], 'StartTimes': [1510789837.0], 'SubmitTimes': [1510789232.0], 'JobIds': ['13392030.0'], 'EndTimes': [1510790078.0], 'Restarts': 0, 'RecordedSite': False, 'State': 'finished', 'ResidentSetSize': [43232], 'TotalUserCpuTimeHistory': [159], 'SiteHistory': ['Unknown'], 'TotalSysCpuTimeHistory': [4]}, '1': {'Retries': 0, 'WallDurations': [539.0], 'StartTimes': [1510789836.0], 'SubmitTimes': [1510789228.0], 'JobIds': ['13392001.0'], 'EndTimes': [1510790375.0], 'Restarts': 0, 'RecordedSite': False, 'State': 'finished', 'ResidentSetSize': [1766168], 'TotalUserCpuTimeHistory': [441], 'SiteHistory': ['Unknown'], 'TotalSysCpuTimeHistory': [9]}, '3': {'Retries': 0, 'WallDurations': [285.0], 'StartTimes': [1510789837.0], 'SubmitTimes': [1510789228.0], 'JobIds': ['13392005.0'], 'EndTimes': [1510790122.0], 'Restarts': 0, 'RecordedSite': False, 'State': 'finished', 'ResidentSetSize': [22516], 'TotalUserCpuTimeHistory': [114], 'SiteHistory': ['Unknown'], 'TotalSysCpuTimeHistory': [4]}, '2': {'Retries': 0, 'WallDurations': [124.0], 'StartTimes': [1510789836.0], 'SubmitTimes': [1510789228.0], 'JobIds': ['13392004.0'], 'EndTimes': [1510789960.0], 'Restarts': 0, 'RecordedSite': False, 'State': 'finished', 'ResidentSetSize': [2624], 'TotalUserCpuTimeHistory': [57], 'SiteHistory': ['Unknown'], 'TotalSysCpuTimeHistory': [2]}, '5': {'Retries': 0, 'WallDurations': [1389.0], 'StartTimes': [1510789834.0], 'SubmitTimes': [1510789229.0], 'JobIds': ['13392007.0'], 'EndTimes': [1510791223.0], 'Restarts': 0, 'RecordedSite': False, 'State': 'finished', 'ResidentSetSize': [1928672], 'TotalUserCpuTimeHistory': [861], 'SiteHistory': ['Unknown'], 'TotalSysCpuTimeHistory': [17]}, '4': {'Retries': 0, 'WallDurations': [694.0], 'StartTimes': [1510789836.0], 'SubmitTimes': [1510789228.0], 'JobIds': ['13392006.0'], 'EndTimes': [1510790530.0], 'Restarts': 0, 'RecordedSite': False, 'State': 'finished', 'ResidentSetSize': [1898972], 'TotalUserCpuTimeHistory': [573], 'SiteHistory': ['Unknown'], 'TotalSysCpuTimeHistory': [11]}, '7': {'Retries': 0, 'WallDurations': [188.0], 'StartTimes': [1510789836.0], 'SubmitTimes': [1510789229.0], 'JobIds': ['13392009.0'], 'EndTimes': [1510790024.0], 'Restarts': 0, 'RecordedSite': False, 'State': 'finished', 'ResidentSetSize': [2624], 'TotalUserCpuTimeHistory': [101], 'SiteHistory': ['Unknown'], 'TotalSysCpuTimeHistory': [4]}, '6': {'Retries': 0, 'WallDurations': [372.0], 'StartTimes': [1510789833.0], 'SubmitTimes': [1510789229.0], 'JobIds': ['13392008.0'], 'EndTimes': [1510790205.0], 'Restarts': 0, 'RecordedSite': False, 'State': 'finished', 'ResidentSetSize': [741868], 'TotalUserCpuTimeHistory': [65], 'SiteHistory': ['Unknown'], 'TotalSysCpuTimeHistory': [3]}, '9': {'Retries': 0, 'WallDurations': [2200.0], 'StartTimes': [1510789833.0], 'SubmitTimes': [1510789229.0], 'JobIds': ['13392010.0'], 'EndTimes': [1510792033.0], 'Restarts': 0, 'RecordedSite': False, 'State': 'finished', 'ResidentSetSize': [1895552], 'TotalUserCpuTimeHistory': [970], 'SiteHistory': ['Unknown'], 'TotalSysCpuTimeHistory': [23]}, '8': {'Retries': 0, 'WallDurations': [1085.0], 'StartTimes': [1510789836.0], 'SubmitTimes': [1510789228.0], 'JobIds': ['13392002.0'], 'EndTimes': [1510790921.0], 'Restarts': 0, 'RecordedSite': False, 'State': 'finished', 'ResidentSetSize': [763840], 'TotalUserCpuTimeHistory': [236], 'SiteHistory': ['Unknown'], 'TotalSysCpuTimeHistory': [12]}, '13': {'Retries': 0, 'WallDurations': [1384.0], 'StartTimes': [1510789837.0], 'SubmitTimes': [1510789229.0], 'JobIds': ['13392013.0'], 'EndTimes': [1510791221.0], 'Restarts': 0, 'RecordedSite': False, 'State': 'finished', 'ResidentSetSize': [1902996], 'TotalUserCpuTimeHistory': [1026], 'SiteHistory': ['Unknown'], 'TotalSysCpuTimeHistory': [14]}, '12': {'Retries': 0, 'WallDurations': [1105.0], 'StartTimes': [1510789837.0], 'SubmitTimes': [1510789228.0], 'JobIds': ['13392003.0'], 'EndTimes': [1510790942.0], 'Restarts': 0, 'RecordedSite': False, 'State': 'finished', 'ResidentSetSize': [1683724], 'TotalUserCpuTimeHistory': [465], 'SiteHistory': ['Unknown'], 'TotalSysCpuTimeHistory': [507]}, '11': {'Retries': 0, 'WallDurations': [992.0], 'StartTimes': [1510789833.0], 'SubmitTimes': [1510789229.0], 'JobIds': ['13392012.0'], 'EndTimes': [1510790825.0], 'Restarts': 0, 'RecordedSite': False, 'State': 'finished', 'ResidentSetSize': [1875976], 'TotalUserCpuTimeHistory': [795], 'SiteHistory': ['Unknown'], 'TotalSysCpuTimeHistory': [25]}, '10': {'Retries': 0, 'WallDurations': [929.0], 'StartTimes': [1510789833.0], 'SubmitTimes': [1510789229.0], 'JobIds': ['13392011.0'], 'EndTimes': [1510790762.0], 'Restarts': 0, 'RecordedSite': False, 'State': 'finished', 'ResidentSetSize': [1900180], 'TotalUserCpuTimeHistory': [784], 'SiteHistory': ['Unknown'], 'TotalSysCpuTimeHistory': [14]}, '39': {'Retries': 0, 'WallDurations': [811.0], 'StartTimes': [1510789837.0], 'SubmitTimes': [1510789233.0], 'JobIds': ['13392038.0'], 'EndTimes': [1510790648.0], 'Restarts': 0, 'RecordedSite': False, 'State': 'finished', 'ResidentSetSize': [1856148], 'TotalUserCpuTimeHistory': [451], 'SiteHistory': ['Unknown'], 'TotalSysCpuTimeHistory': [24]}, '38': {'Retries': 0, 'WallDurations': [513.0], 'StartTimes': [1510789835.0], 'SubmitTimes': [1510789233.0], 'JobIds': ['13392036.0'], 'EndTimes': [1510790348.0], 'Restarts': 0, 'RecordedSite': False, 'State': 'finished', 'ResidentSetSize': [1853224], 'TotalUserCpuTimeHistory': [400], 'SiteHistory': ['Unknown'], 'TotalSysCpuTimeHistory': [9]}, '15': {'Retries': 0, 'WallDurations': [186.0], 'StartTimes': [1510789963.0], 'SubmitTimes': [1510789229.0], 'JobIds': ['13392015.0'], 'EndTimes': [1510790149.0], 'Restarts': 0, 'RecordedSite': False, 'State': 'finished', 'ResidentSetSize': [16636], 'TotalUserCpuTimeHistory': [125], 'SiteHistory': ['Unknown'], 'TotalSysCpuTimeHistory': [7]}, '14': {'Retries': 1, 'WallDurations': [62.0, 355.0], 'StartTimes': [1510789833.0, 1510790004.0], 'SubmitTimes': [1510789229.0, 1510789964.0], 'JobIds': ['13392014.0', '13392180.0'], 'EndTimes': [1510789895.0, 1510790359.0], 'Restarts': 0, 'RecordedSite': False, 'State': 'finished', 'ResidentSetSize': [2628, 737044], 'TotalUserCpuTimeHistory': [0, 70], 'SiteHistory': ['Unknown', 'Unknown'], 'TotalSysCpuTimeHistory': [0, 3]}, '17': {'Retries': 0, 'WallDurations': [239.0], 'StartTimes': [1510789837.0], 'SubmitTimes': [1510789229.0], 'JobIds': ['13392017.0'], 'EndTimes': [1510790076.0], 'Restarts': 0, 'RecordedSite': False, 'State': 'finished', 'ResidentSetSize': [60472], 'TotalUserCpuTimeHistory': [161], 'SiteHistory': ['Unknown'], 'TotalSysCpuTimeHistory': [4]}, '16': {'Retries': 0, 'WallDurations': [2518.0], 'StartTimes': [1510789836.0], 'SubmitTimes': [1510789229.0], 'JobIds': ['13392016.0'], 'EndTimes': [1510792354.0], 'Restarts': 0, 'RecordedSite': False, 'State': 'finished', 'ResidentSetSize': [1667208], 'TotalUserCpuTimeHistory': [668], 'SiteHistory': ['Unknown'], 'TotalSysCpuTimeHistory': [24]}, '19': {'Retries': 0, 'WallDurations': [1316.0], 'StartTimes': [1510789833.0], 'SubmitTimes': [1510789230.0], 'JobIds': ['13392019.0'], 'EndTimes': [1510791149.0], 'Restarts': 0, 'RecordedSite': False, 'State': 'finished', 'ResidentSetSize': [1853348], 'TotalUserCpuTimeHistory': [397], 'SiteHistory': ['Unknown'], 'TotalSysCpuTimeHistory': [11]}, '18': {'Retries': 0, 'WallDurations': [995.0], 'StartTimes': [1510789831.0], 'SubmitTimes': [1510789230.0], 'JobIds': ['13392018.0'], 'EndTimes': [1510790826.0], 'Restarts': 0, 'RecordedSite': False, 'State': 'finished', 'ResidentSetSize': [1130044], 'TotalUserCpuTimeHistory': [211], 'SiteHistory': ['Unknown'], 'TotalSysCpuTimeHistory': [10]}, '31': {'Retries': 0, 'WallDurations': [1162.0], 'StartTimes': [1510789836.0], 'SubmitTimes': [1510789232.0], 'JobIds': ['13392026.0'], 'EndTimes': [1510790998.0], 'Restarts': 0, 'RecordedSite': False, 'State': 'finished', 'ResidentSetSize': [1836488], 'TotalUserCpuTimeHistory': [1031], 'SiteHistory': ['Unknown'], 'TotalSysCpuTimeHistory': [14]}, '30': {'Retries': 0, 'WallDurations': [356.0], 'StartTimes': [1510789837.0], 'SubmitTimes': [1510789232.0], 'JobIds': ['13392031.0'], 'EndTimes': [1510790193.0], 'Restarts': 0, 'RecordedSite': False, 'State': 'finished', 'ResidentSetSize': [1937624], 'TotalUserCpuTimeHistory': [284], 'SiteHistory': ['Unknown'], 'TotalSysCpuTimeHistory': [6]}, '37': {'Retries': 0, 'WallDurations': [2149.0], 'StartTimes': [1510789836.0], 'SubmitTimes': [1510789233.0], 'JobIds': ['13392035.0'], 'EndTimes': [1510791985.0], 'Restarts': 0, 'RecordedSite': False, 'State': 'finished', 'ResidentSetSize': [1837948], 'TotalUserCpuTimeHistory': [1097], 'SiteHistory': ['Unknown'], 'TotalSysCpuTimeHistory': [24]}, '36': {'Retries': 0, 'WallDurations': [415.0], 'StartTimes': [1510789837.0], 'SubmitTimes': [1510789233.0], 'JobIds': ['13392033.0'], 'EndTimes': [1510790252.0], 'Restarts': 0, 'RecordedSite': False, 'State': 'finished', 'ResidentSetSize': [1797216], 'TotalUserCpuTimeHistory': [240], 'SiteHistory': ['Unknown'], 'TotalSysCpuTimeHistory': [6]}, '35': {'Retries': 0, 'WallDurations': [420.0], 'StartTimes': [1510789836.0], 'SubmitTimes': [1510789233.0], 'JobIds': ['13392037.0'], 'EndTimes': [1510790256.0], 'Restarts': 0, 'RecordedSite': False, 'State': 'finished', 'ResidentSetSize': [1741900], 'TotalUserCpuTimeHistory': [253], 'SiteHistory': ['Unknown'], 'TotalSysCpuTimeHistory': [10]}, '34': {'Retries': 0, 'WallDurations': [425.0], 'StartTimes': [1510789834.0], 'SubmitTimes': [1510789232.0], 'JobIds': ['13392032.0'], 'EndTimes': [1510790259.0], 'Restarts': 0, 'RecordedSite': False, 'State': 'finished', 'ResidentSetSize': [1864252], 'TotalUserCpuTimeHistory': [326], 'SiteHistory': ['Unknown'], 'TotalSysCpuTimeHistory': [8]}, '33': {'Retries': 0, 'WallDurations': [2235.0], 'StartTimes': [1510789834.0], 'SubmitTimes': [1510789233.0], 'JobIds': ['13392034.0'], 'EndTimes': [1510792069.0], 'Restarts': 0, 'RecordedSite': False, 'State': 'finished', 'ResidentSetSize': [1863488], 'TotalUserCpuTimeHistory': [847], 'SiteHistory': ['Unknown'], 'TotalSysCpuTimeHistory': [55]}, '32': {'Retries': 0, 'WallDurations': [310.0], 'StartTimes': [1510789834.0], 'SubmitTimes': [1510789232.0], 'JobIds': ['13392029.0'], 'TotalUserCpuTimeHistory': [0], 'EndTimes': [], 'Restarts': 0, 'RecordedSite': False, 'State': 'failed', 'ResidentSetSize': [2051884], 'Error': [50660, 'Job killed by HTCondor due to excessive memory use (RSS=2250 MB). Will not retry it.', {}], 'SiteHistory': ['Unknown'], 'TotalSysCpuTimeHistory': [0]}}
INFO 2017-11-16 04:04:43,546: 	 Status on the scheduler:	SUBMITTED
INFO 2017-11-16 04:04:43,546: 	 
Jobs status:                    failed          2.6% ( 1/39)
INFO 2017-11-16 04:04:43,546: 	 				finished       94.9% (37/39)
INFO 2017-11-16 04:04:43,546: 	 				running         2.6% ( 1/39)
INFO 2017-11-16 04:04:43,546: 	 
No publication information (publication has been disabled in the CRAB configuration file)
INFO 2017-11-16 04:04:43,546: 	 
Error Summary: (use crab status --verboseErrors for details about the errors)

 1 jobs failed with exit code 50660

Have a look at https://twiki.cern.ch/twiki/bin/viewauth/CMSPublic/JobExitCodes for a description of the exit codes.
INFO 2017-11-16 04:04:43,553: 	 Log file is /uscms_data/d3/samuellh/WorkingArea/TauAnalysis/CMSSW_9_3_2/src/PUAnalysis/VBFtt2017/crab/VBF4/crab_20171115_173902/crab.log
