('The system path in the config file ', ['/cvmfs/cms.cern.ch/crab3/slc6_amd64_gcc493/cms/crabclient/3.3.1707.patch1/bin', '/uscms_data/d3/samuellh/WorkingArea/TauAnalysis/CMSSW_9_3_2/python', '/uscms_data/d3/samuellh/WorkingArea/TauAnalysis/CMSSW_9_3_2/lib/slc6_amd64_gcc630', '/cvmfs/cms.cern.ch/slc6_amd64_gcc630/cms/cmssw/CMSSW_9_3_2/python', '/cvmfs/cms.cern.ch/slc6_amd64_gcc630/cms/cmssw/CMSSW_9_3_2/lib/slc6_amd64_gcc630', '/cvmfs/cms.cern.ch/slc6_amd64_gcc630/cms/coral/CORAL_2_3_21-ghjeda6/slc6_amd64_gcc630/python', '/cvmfs/cms.cern.ch/slc6_amd64_gcc630/cms/coral/CORAL_2_3_21-ghjeda6/slc6_amd64_gcc630/lib', '/cvmfs/cms.cern.ch/slc6_amd64_gcc630/external/professor2/2.2.1-ghjeda6/lib/python2.7/site-packages', '/cvmfs/cms.cern.ch/slc6_amd64_gcc630/external/pyqt/4.11.4-mlhled2/lib/python2.7/site-packages', '/cvmfs/cms.cern.ch/slc6_amd64_gcc630/external/sherpa/2.2.4-ghjeda/lib/python2.7/site-packages', '/cvmfs/cms.cern.ch/slc6_amd64_gcc630/external/rivet/2.5.2-ghjeda4/lib/python2.7/site-packages', '/cvmfs/cms.cern.ch/slc6_amd64_gcc630/external/python-ldap/2.4.10-mlhled2/lib/python2.7/site-packages', '/cvmfs/cms.cern.ch/slc6_amd64_gcc630/external/py2-matplotlib/1.5.2-njopjo/lib/python2.7/site-packages', '/cvmfs/cms.cern.ch/slc6_amd64_gcc630/external/sip/4.17-mlhled2/lib/python2.7/site-packages', '/cvmfs/cms.cern.ch/slc6_amd64_gcc630/external/llvm/4.0.0-njopjo/lib64/python2.7/site-packages', '/cvmfs/cms.cern.ch/slc6_amd64_gcc630/external/py2-sqlalchemy/1.1.4-mlhled2/lib/python2.7/site-packages', '/cvmfs/cms.cern.ch/slc6_amd64_gcc630/external/py2-lint/0.25.1-mlhled2/lib/python2.7/site-packages', '/cvmfs/cms.cern.ch/slc6_amd64_gcc630/external/py2-dxr/1.0-ghjeda6/lib/python2.7/site-packages', '/cvmfs/cms.cern.ch/slc6_amd64_gcc630/external/py2-cx-oracle/5.2.1-mlhled2/lib/python2.7/site-packages', '/cvmfs/cms.cern.ch/slc6_amd64_gcc630/external/py2-numpy/1.12.1-mlhled2/lib/python2.7/site-packages', '/cvmfs/cms.cern.ch/slc6_amd64_gcc630/external/frontier_client/2.8.20-mlhled2/python/lib', '/cvmfs/cms.cern.ch/slc6_amd64_gcc630/cms/das_client/v03.01.00-mlhled2/bin', '/cvmfs/cms.cern.ch/slc6_amd64_gcc630/external/xrootd/4.6.1/lib/python2.7/site-packages', '/cvmfs/cms.cern.ch/slc6_amd64_gcc630/external/yoda/1.6.5-ghjeda4/lib/python2.7/site-packages', '/cvmfs/cms.cern.ch/slc6_amd64_gcc630/lcg/root/6.10.04-ghjeda/lib', '/cvmfs/cms.cern.ch/slc6_amd64_gcc630/external/pyminuit2/0.0.1-ghjeda4/lib/python2.7/site-packages', '/cvmfs/cms.cern.ch/slc6_amd64_gcc630/external/py2-PyYAML/3.11-mlhled2/lib/python2.7/site-packages', '/cvmfs/cms.cern.ch/slc6_amd64_gcc630/external/py2-pygithub/1.23.0-mlhled2/lib/python2.7/site-packages', '/cvmfs/cms.cern.ch/slc6_amd64_gcc630/external/py2-pip/9.0.1-mlhled2/lib/python2.7/site-packages', '/cvmfs/cms.cern.ch/slc6_amd64_gcc630/external/py2-dablooms/0.9.1-mlhled2/lib/python2.7/site-packages', '/cvmfs/cms.cern.ch/slc6_amd64_gcc630/external/py2-pippkgs_depscipy/3.0-ghjeda6/lib/python2.7/site-packages', '/cvmfs/cms.cern.ch/slc6_amd64_gcc630/external/py2-pippkgs/5.0-ghjeda6/lib/python2.7/site-packages', '/cvmfs/cms.cern.ch/slc6_amd64_gcc630/external/professor/1.4.0-ghjeda4/lib/python2.7/site-packages', '/cvmfs/cms.cern.ch/slc6_amd64_gcc630/cms/dbs-client/DBS_2_1_9-mlhled2/lib', '/cvmfs/cms.cern.ch/slc6_amd64_gcc630/cms/dbs-client/DBS_2_1_9-mlhled2/lib/DBSAPI', '/cvmfs/cms.cern.ch/slc6_amd64_gcc630/external/cvs2git/5419-mlhled2/lib', '/cvmfs/cms.cern.ch/crab3/slc6_amd64_gcc493/cms/crabclient/3.3.1707.patch1/lib/python2.7/site-packages', '/cvmfs/cms.cern.ch/crab3/slc6_amd64_gcc493/cms/dbs3-client/3.4.4/lib/python2.7/site-packages', '/cvmfs/cms.cern.ch/crab3/slc6_amd64_gcc493/cms/dbs3-pycurl-client/3.4.4/lib/python2.7/site-packages', '/cvmfs/cms.cern.ch/slc6_amd64_gcc630/external/py2-sqlalchemy/1.1.4-mlhled2/lib/python2.7/site-packages/SQLAlchemy-1.1.4-py2.7-linux-x86_64.egg', '/cvmfs/cms.cern.ch/slc6_amd64_gcc630/external/py2-numpy/1.12.1-mlhled2/lib/python2.7/site-packages/numpy-1.12.1-py2.7-linux-x86_64.egg', '/cvmfs/cms.cern.ch/slc6_amd64_gcc630/external/python/2.7.11-mlhled2/lib/python27.zip', '/cvmfs/cms.cern.ch/slc6_amd64_gcc630/external/python/2.7.11-mlhled2/lib/python2.7', '/cvmfs/cms.cern.ch/slc6_amd64_gcc630/external/python/2.7.11-mlhled2/lib/python2.7/plat-linux2', '/cvmfs/cms.cern.ch/slc6_amd64_gcc630/external/python/2.7.11-mlhled2/lib/python2.7/lib-tk', '/cvmfs/cms.cern.ch/slc6_amd64_gcc630/external/python/2.7.11-mlhled2/lib/python2.7/lib-old', '/cvmfs/cms.cern.ch/slc6_amd64_gcc630/external/python/2.7.11-mlhled2/lib/python2.7/lib-dynload', '/cvmfs/cms.cern.ch/slc6_amd64_gcc630/external/python/2.7.11-mlhled2/lib/python2.7/site-packages', '/uscms_data/d3/samuellh/WorkingArea/TauAnalysis/CMSSW_9_3_2/src/PUAnalysis/VBFtt2017/crab/VBF20'])
 ##################################################################### 
 # WARNING: the module CondCore.DBCommon.CondDBSetup is deprecated.  # 
 # Please import CondCore.CondDB.CondDB_cfi                          # 
 ##################################################################### 
recorrecting the jets
List Of Filters
['processedEvents', 'initialEventsTT', 'DiMuonCreation', 'AtLeastOneDiTau', 'TTTauPtEta', 'TTTauDecayFound', 'TTTauStandardDecayFound', 'TTTauDRSel', 'TTSync', 'TTAntiEle', 'TTAntiMu', 'TTIso', 'TTOS']
DEBUG 2017-11-15 07:22:36,559: 	 Executing command: 'submit'
DEBUG 2017-11-15 07:22:36,559: 	 Found CRAB cache file /uscms/home/samuellh/.crab3
DEBUG 2017-11-15 07:22:36,568: 	 Checking credentials
DEBUG 2017-11-15 07:22:36,568: 	 Found proxy file /tmp/x509up_u52190
DEBUG 2017-11-15 07:22:36,568: 	 Getting proxy life time left
DEBUG 2017-11-15 07:22:36,671: 	 Executing : 
 command : voms-proxy-info -file /tmp/x509up_u52190 -timeleft
 output : 83527

 error: 
 retcode : 0
DEBUG 2017-11-15 07:22:36,774: 	 Executing : 
 command : voms-proxy-info -file /tmp/x509up_u52190 -actimeleft
 output : 83526

 error: 
 retcode : 0
DEBUG 2017-11-15 07:22:36,775: 	 Proxy valid for 23:12:07 hours
INFO 2017-11-15 07:22:36,775: 	 Will use CRAB configuration file crab3_TT_MC.py
DEBUG 2017-11-15 07:22:36,775: 	 Loading CRAB configuration file.
DEBUG 2017-11-15 07:22:36,785: 	 Will use CRAB Analysis plugin (i.e. will run an analysis job type).
DEBUG 2017-11-15 07:22:36,903: 	 Executing : 
 command : openssl x509 -in ~/.globus/usercert.pem -subject -noout
 output : subject= /DC=ch/DC=cern/OU=Organic Units/OU=Users/CN=shigginb/CN=785176/CN=Sam Higginbotham

 error: 
 retcode : 0
DEBUG 2017-11-15 07:22:36,904: 	 Checking credentials
DEBUG 2017-11-15 07:22:36,904: 	 Found proxy file /tmp/x509up_u52190
DEBUG 2017-11-15 07:22:36,904: 	 Getting proxy life time left
DEBUG 2017-11-15 07:22:37,007: 	 Executing : 
 command : voms-proxy-info -file /tmp/x509up_u52190 -timeleft
 output : 83527

 error: 
 retcode : 0
DEBUG 2017-11-15 07:22:37,109: 	 Executing : 
 command : voms-proxy-info -file /tmp/x509up_u52190 -actimeleft
 output : 83525

 error: 
 retcode : 0
DEBUG 2017-11-15 07:22:37,110: 	 Proxy valid for 23:12:07 hours
DEBUG 2017-11-15 07:22:37,213: 	 Executing : 
 command : env X509_USER_PROXY=/tmp/x509up_u52190 voms-proxy-info -fqan
 output : /cms/Role=NULL/Capability=NULL

 error: 
 retcode : 0
DEBUG 2017-11-15 07:22:38,848: 	 Registering user credentials for server /DC=ch/DC=cern/OU=computers/CN=vocms(045|052|021|031|0118|0118a|0119|0108|0105|0109).cern.ch
DEBUG 2017-11-15 07:22:38,957: 	 Executing : 
 command : openssl x509 -in ~/.globus/usercert.pem -subject -noout
 output : subject= /DC=ch/DC=cern/OU=Organic Units/OU=Users/CN=shigginb/CN=785176/CN=Sam Higginbotham

 error: 
 retcode : 0
DEBUG 2017-11-15 07:22:38,957: 	 Getting myproxy life time left for myproxy.cern.ch
DEBUG 2017-11-15 07:22:38,957: 	 Calculating hash of /DC=ch/DC=cern/OU=Organic Units/OU=Users/CN=shigginb/CN=785176/CN=Sam Higginbotham_cmsweb.cern.ch for credential name
DEBUG 2017-11-15 07:22:39,661: 	 Executing : 
 command : myproxy-info -l 2f318c7a260d78734589f2cc772d26b8be79ec6c -s myproxy.cern.ch
 output : username: 2f318c7a260d78734589f2cc772d26b8be79ec6c
owner: /DC=ch/DC=cern/OU=Organic Units/OU=Users/CN=shigginb/CN=785176/CN=Sam Higginbotham
  renewal policy: /DC=ch/DC=cern/OU=computers/CN=vocms(045|052|021|031|0118|0118a|0119|0108|0105|0109).cern.ch
  trusted retrieval policy: /DC=ch/DC=cern/OU=computers/CN=vocms(045|052|021|031|0118|0118a|0119|0108|0105|0109).cern.ch
  timeleft: 432:01:02  (18.0 days)

 error: 
 retcode : 0
DEBUG 2017-11-15 07:22:39,663: 	 Myproxy is valid: 1555262
DEBUG 2017-11-15 07:22:39,663: 	 Command use: submit
DEBUG 2017-11-15 07:22:39,663: 	 Options use: ['-c', 'crab3_TT_MC.py']
DEBUG 2017-11-15 07:22:41,506: 	 CRABClient version: 3.3.1707.patch1
DEBUG 2017-11-15 07:22:41,506: 	 Instance is prod
DEBUG 2017-11-15 07:22:41,506: 	 Server base url is cmsweb.cern.ch
DEBUG 2017-11-15 07:22:41,507: 	 Command url /crabserver/prod/workflow
DEBUG 2017-11-15 07:22:41,507: 	 Started submission
DEBUG 2017-11-15 07:22:41,507: 	 Working on /uscms_data/d3/samuellh/WorkingArea/TauAnalysis/CMSSW_9_3_2/src/PUAnalysis/VBFtt2017/crab/VBF20/crab_20171115_072236
DEBUG 2017-11-15 07:22:43,346: 	 Loading required information from the environment
DEBUG 2017-11-15 07:22:43,346: 	 Found CMSSW_9_3_2 for slc6_amd64_gcc630 with base /uscms_data/d3/samuellh/WorkingArea/TauAnalysis/CMSSW_9_3_2
DEBUG 2017-11-15 07:22:43,346: 	 Loading required information from the environment
DEBUG 2017-11-15 07:22:43,346: 	 Found CMSSW_9_3_2 for slc6_amd64_gcc630 with base /uscms_data/d3/samuellh/WorkingArea/TauAnalysis/CMSSW_9_3_2
DEBUG 2017-11-15 07:22:43,360: 	 UNIQUE NAME: tarUUID cbad2cbb-3d3d-47c7-a3a9-0b107eef6b73 
DEBUG 2017-11-15 07:22:43,361: 	 self.config: from WMCore.Configuration import Configuration
config = Configuration()
config.section_('General')
config.section_('JobType')
config.JobType.psetName = '../../../TT-MC-Up.py'
config.JobType.pluginName = 'Analysis'
config.JobType.inputFiles = ['../../../Configuration/data/PhaseIISummer16_25nsV3_MC.db']
config.JobType.outputFiles = ['analysis.root']
config.JobType.allowUndistributedCMSSW = True
config.section_('Data')
config.Data.inputDataset = '/SMS-TChiWZ_ZToLL_mChargino-400_mLsp-375_TuneCUETP8M1_14TeV-madgraphMLM-pythia8/PhaseIITDRFall17MiniAOD-PU200_93X_upgrade2023_realistic_v2-v1/MINIAODSIM'
config.Data.unitsPerJob = 1
config.Data.publication = False
config.Data.inputDBS = 'global'
config.Data.splitting = 'FileBased'
config.section_('Site')
config.Site.storageSite = 'T3_US_FNALLPC'
config.section_('User')
config.section_('Debug')

DEBUG 2017-11-15 07:22:43,361: 	 self.config.JobType.psetName: ../../../TT-MC-Up.py
INFO 2017-11-15 07:22:43,361: 	 Importing CMSSW configuration ../../../TT-MC-Up.py
INFO 2017-11-15 07:22:45,980: 	 Finished importing CMSSW configuration ../../../TT-MC-Up.py
DEBUG 2017-11-15 07:22:45,980: 	 Writing CMSSW configuration to /uscms_data/d3/samuellh/WorkingArea/TauAnalysis/CMSSW_9_3_2/src/PUAnalysis/VBFtt2017/crab/VBF20/crab_20171115_072236/inputs/PSet.py
DEBUG 2017-11-15 07:22:46,806: 	 The following EDM output files will be collected: []
DEBUG 2017-11-15 07:22:46,806: 	 The following TFile output files will be collected: ['analysis.root']
DEBUG 2017-11-15 07:22:46,806: 	 The following user output files will be collected: []
DEBUG 2017-11-15 07:22:46,806: 	 Loading required information from the environment
DEBUG 2017-11-15 07:22:46,806: 	 Found CMSSW_9_3_2 for slc6_amd64_gcc630 with base /uscms_data/d3/samuellh/WorkingArea/TauAnalysis/CMSSW_9_3_2
DEBUG 2017-11-15 07:22:46,806: 	 Making tarball in /uscms_data/d3/samuellh/WorkingArea/TauAnalysis/CMSSW_9_3_2/src/PUAnalysis/VBFtt2017/crab/VBF20/crab_20171115_072236/inputs/cbad2cbb-3d3d-47c7-a3a9-0b107eef6b73default.tgz
DEBUG 2017-11-15 07:22:46,827: 	 Checking directory /uscms_data/d3/samuellh/WorkingArea/TauAnalysis/CMSSW_9_3_2/lib
DEBUG 2017-11-15 07:22:46,827: 	 Adding directory /uscms_data/d3/samuellh/WorkingArea/TauAnalysis/CMSSW_9_3_2/lib to tarball
DEBUG 2017-11-15 07:22:47,550: 	 Checking directory /uscms_data/d3/samuellh/WorkingArea/TauAnalysis/CMSSW_9_3_2/biglib
DEBUG 2017-11-15 07:22:47,550: 	 Adding directory /uscms_data/d3/samuellh/WorkingArea/TauAnalysis/CMSSW_9_3_2/biglib to tarball
DEBUG 2017-11-15 07:22:47,553: 	 Checking directory /uscms_data/d3/samuellh/WorkingArea/TauAnalysis/CMSSW_9_3_2/module
DEBUG 2017-11-15 07:22:47,591: 	 Adding data directory /uscms_data/d3/samuellh/WorkingArea/TauAnalysis/CMSSW_9_3_2/src/PUAnalysis/Configuration/data to tarball
DEBUG 2017-11-15 07:22:50,287: 	 Adding data directory /uscms_data/d3/samuellh/WorkingArea/TauAnalysis/CMSSW_9_3_2/src/PUAnalysis/DataFormats/interface to tarball
DEBUG 2017-11-15 07:22:50,297: 	 Adding data directory /uscms_data/d3/samuellh/WorkingArea/TauAnalysis/CMSSW_9_3_2/src/PUAnalysis/NtupleTools/interface to tarball
DEBUG 2017-11-15 07:22:50,315: 	 Adding data directory /uscms_data/d3/samuellh/WorkingArea/TauAnalysis/CMSSW_9_3_2/src/PUAnalysis/RecoTools/interface to tarball
DEBUG 2017-11-15 07:22:50,516: 	 Adding file ../../../Configuration/data/PhaseIISummer16_25nsV3_MC.db to tarball
DEBUG 2017-11-15 07:22:50,873: 	 Uploading archive /uscms_data/d3/samuellh/WorkingArea/TauAnalysis/CMSSW_9_3_2/src/PUAnalysis/VBFtt2017/crab/VBF20/crab_20171115_072236/inputs/cbad2cbb-3d3d-47c7-a3a9-0b107eef6b73default.tgz (11 MB) to the CRAB cache. Using URI https://cmsweb.cern.ch/crabcache
DEBUG 2017-11-15 07:22:59,250: 	 Loading required information from the environment
DEBUG 2017-11-15 07:22:59,250: 	 Found CMSSW_9_3_2 for slc6_amd64_gcc630 with base /uscms_data/d3/samuellh/WorkingArea/TauAnalysis/CMSSW_9_3_2
DEBUG 2017-11-15 07:22:59,250: 	 Making tarball in /uscms_data/d3/samuellh/WorkingArea/TauAnalysis/CMSSW_9_3_2/src/PUAnalysis/VBFtt2017/crab/VBF20/crab_20171115_072236/inputs/debugFiles.tgz
DEBUG 2017-11-15 07:22:59,272: 	 Uploading archive /uscms_data/d3/samuellh/WorkingArea/TauAnalysis/CMSSW_9_3_2/src/PUAnalysis/VBFtt2017/crab/VBF20/crab_20171115_072236/inputs/debugFiles.tgz (2 KB) to the CRAB cache. Using URI https://cmsweb.cern.ch/crabcache
DEBUG 2017-11-15 07:23:00,969: 	 Result uploading input files: 4e198fb019d07e682a8bd09208595d4eb73bac82ae7f6e24154a54b4451cc952.tar.gz 
INFO 2017-11-15 07:23:00,969: 	 Sending the request to the server
DEBUG 2017-11-15 07:23:00,969: 	 Submitting {'maxjobruntime': 1250, 'extrajdl': [], 'ignorelocality': 0, 'savelogsflag': 0, 'useparent': 0, 'asyncdest': 'T3_US_FNALLPC', 'algoargs': 1, 'cachefilename': '4e198fb019d07e682a8bd09208595d4eb73bac82ae7f6e24154a54b4451cc952.tar.gz', 'numcores': 1, 'addoutputfiles': [], 'generator': 'pythia', 'maxmemory': 2000, 'publishdbsurl': 'https://cmsweb.cern.ch/dbs/prod/phys03/DBSWriter', 'priority': 10, 'jobsw': 'CMSSW_9_3_2', 'edmoutfiles': [], 'userfiles': [], 'primarydataset': '', 'inputdata': '/SMS-TChiWZ_ZToLL_mChargino-400_mLsp-375_TuneCUETP8M1_14TeV-madgraphMLM-pythia8/PhaseIITDRFall17MiniAOD-PU200_93X_upgrade2023_realistic_v2-v1/MINIAODSIM', 'dryrun': 0, 'workflow': 'crab_20171115_072236', 'cacheurl': u'https://cmsweb.cern.ch/crabcache', 'nonprodsw': 1, 'tfileoutfiles': ['analysis.root'], 'oneEventMode': 0, 'debugfilename': '248e63d1abffc7416ac93efca48a99c03a75c7fd2743a747eb43da732964404c.tar.gz', 'saveoutput': 1, 'publication': 0, 'jobarch': 'slc6_amd64_gcc630', 'totalunits': 0, 'splitalgo': 'FileBased', 'ignoreglobalblacklist': 0, 'nonvaliddata': 0, 'dbsurl': 'https://cmsweb.cern.ch/dbs/prod/global/DBSReader', 'publishgroupname': 0, 'jobtype': 'Analysis', 'publishname2': ''} 
DEBUG 2017-11-15 07:23:00,970: 	 Encoded submit request: maxjobruntime=1250&ignorelocality=0&savelogsflag=0&useparent=0&asyncdest=T3_US_FNALLPC&algoargs=1&cachefilename=4e198fb019d07e682a8bd09208595d4eb73bac82ae7f6e24154a54b4451cc952.tar.gz&numcores=1&generator=pythia&maxmemory=2000&publishdbsurl=https%3A%2F%2Fcmsweb.cern.ch%2Fdbs%2Fprod%2Fphys03%2FDBSWriter&priority=10&jobsw=CMSSW_9_3_2&primarydataset=&inputdata=%2FSMS-TChiWZ_ZToLL_mChargino-400_mLsp-375_TuneCUETP8M1_14TeV-madgraphMLM-pythia8%2FPhaseIITDRFall17MiniAOD-PU200_93X_upgrade2023_realistic_v2-v1%2FMINIAODSIM&dryrun=0&workflow=crab_20171115_072236&cacheurl=https%3A%2F%2Fcmsweb.cern.ch%2Fcrabcache&nonprodsw=1&oneEventMode=0&debugfilename=248e63d1abffc7416ac93efca48a99c03a75c7fd2743a747eb43da732964404c.tar.gz&saveoutput=1&publication=0&jobarch=slc6_amd64_gcc630&totalunits=0&splitalgo=FileBased&ignoreglobalblacklist=0&nonvaliddata=0&dbsurl=https%3A%2F%2Fcmsweb.cern.ch%2Fdbs%2Fprod%2Fglobal%2FDBSReader&publishgroupname=0&jobtype=Analysis&publishname2=&tfileoutfiles=analysis.root
DEBUG 2017-11-15 07:23:03,022: 	 Result: {u'result': [{u'RequestName': u'171115_132302:shigginb_crab_20171115_072236'}]}
INFO 2017-11-15 07:23:03,025: 	 Success: Your task has been delivered to the CRAB3 server.
INFO 2017-11-15 07:23:03,026: 	 Task name: 171115_132302:shigginb_crab_20171115_072236
INFO 2017-11-15 07:23:03,026: 	 Please use 'crab status' to check how the submission process proceeds.
DEBUG 2017-11-15 07:23:03,026: 	 About to return
INFO 2017-11-15 07:23:03,032: 	 Log file is /uscms_data/d3/samuellh/WorkingArea/TauAnalysis/CMSSW_9_3_2/src/PUAnalysis/VBFtt2017/crab/VBF20/crab_20171115_072236/crab.log
DEBUG 2017-11-15 07:58:35,894: 	 Executing command: 'status'
DEBUG 2017-11-15 07:58:35,894: 	 Found CRAB cache file /uscms/home/samuellh/.crab3
DEBUG 2017-11-15 07:58:35,902: 	 Checking credentials
DEBUG 2017-11-15 07:58:35,902: 	 Found proxy file /tmp/x509up_u52190
DEBUG 2017-11-15 07:58:35,902: 	 Getting proxy life time left
DEBUG 2017-11-15 07:58:36,005: 	 Executing : 
 command : voms-proxy-info -file /tmp/x509up_u52190 -timeleft
 output : 81368

 error: 
 retcode : 0
DEBUG 2017-11-15 07:58:36,109: 	 Executing : 
 command : voms-proxy-info -file /tmp/x509up_u52190 -actimeleft
 output : 81366

 error: 
 retcode : 0
DEBUG 2017-11-15 07:58:36,109: 	 Proxy valid for 22:36:08 hours
DEBUG 2017-11-15 07:58:40,408: 	 Executing : 
 command : openssl x509 -in ~/.globus/usercert.pem -subject -noout
 output : subject= /DC=ch/DC=cern/OU=Organic Units/OU=Users/CN=shigginb/CN=785176/CN=Sam Higginbotham

 error: 
 retcode : 0
DEBUG 2017-11-15 07:58:40,408: 	 Checking credentials
DEBUG 2017-11-15 07:58:40,408: 	 Found proxy file /tmp/x509up_u52190
DEBUG 2017-11-15 07:58:40,408: 	 Getting proxy life time left
DEBUG 2017-11-15 07:58:40,511: 	 Executing : 
 command : voms-proxy-info -file /tmp/x509up_u52190 -timeleft
 output : 81363

 error: 
 retcode : 0
DEBUG 2017-11-15 07:58:40,615: 	 Executing : 
 command : voms-proxy-info -file /tmp/x509up_u52190 -actimeleft
 output : 81362

 error: 
 retcode : 0
DEBUG 2017-11-15 07:58:40,615: 	 Proxy valid for 22:36:03 hours
DEBUG 2017-11-15 07:58:42,375: 	 Registering user credentials for server /DC=ch/DC=cern/OU=computers/CN=vocms(045|052|021|031|0118|0118a|0119|0108|0105|0109).cern.ch
DEBUG 2017-11-15 07:58:42,483: 	 Executing : 
 command : openssl x509 -in ~/.globus/usercert.pem -subject -noout
 output : subject= /DC=ch/DC=cern/OU=Organic Units/OU=Users/CN=shigginb/CN=785176/CN=Sam Higginbotham

 error: 
 retcode : 0
DEBUG 2017-11-15 07:58:42,483: 	 Getting myproxy life time left for myproxy.cern.ch
DEBUG 2017-11-15 07:58:42,483: 	 Calculating hash of /DC=ch/DC=cern/OU=Organic Units/OU=Users/CN=shigginb/CN=785176/CN=Sam Higginbotham_cmsweb.cern.ch for credential name
DEBUG 2017-11-15 07:58:43,288: 	 Executing : 
 command : myproxy-info -l 2f318c7a260d78734589f2cc772d26b8be79ec6c -s myproxy.cern.ch
 output : username: 2f318c7a260d78734589f2cc772d26b8be79ec6c
owner: /DC=ch/DC=cern/OU=Organic Units/OU=Users/CN=shigginb/CN=785176/CN=Sam Higginbotham
  renewal policy: /DC=ch/DC=cern/OU=computers/CN=vocms(045|052|021|031|0118|0118a|0119|0108|0105|0109).cern.ch
  trusted retrieval policy: /DC=ch/DC=cern/OU=computers/CN=vocms(045|052|021|031|0118|0118a|0119|0108|0105|0109).cern.ch
  timeleft: 431:24:58  (18.0 days)

 error: 
 retcode : 0
DEBUG 2017-11-15 07:58:43,290: 	 Myproxy is valid: 1553098
DEBUG 2017-11-15 07:58:43,290: 	 Command use: status
DEBUG 2017-11-15 07:58:43,290: 	 Options use: ['-d', 'crab_20171115_072236/']
DEBUG 2017-11-15 07:58:45,080: 	 CRABClient version: 3.3.1707.patch1
DEBUG 2017-11-15 07:58:45,080: 	 Instance is prod
DEBUG 2017-11-15 07:58:45,080: 	 Server base url is cmsweb.cern.ch
DEBUG 2017-11-15 07:58:45,080: 	 Command url /crabserver/prod/workflow
DEBUG 2017-11-15 07:58:46,753: 	 Got information from server oracle database: {u'result': [u'171115_132302:shigginb_crab_20171115_072236', u'None', u'SUBMITFAILED', u'2017-11-15 13:23:02.685615', u'None', u'2017-11-15 13:24:04.964756', u"CRAB refuses to proceed in getting the details of the dataset /SMS-TChiWZ_ZToLL_mChargino-400_mLsp-375_TuneCUETP8M1_14TeV-madgraphMLM-pythia8/PhaseIITDRFall17MiniAOD-PU200_93X_upgrade2023_realistic_v2-v1/MINIAODSIM from DBS, because the dataset is not 'VALID' but 'PRODUCTION'. To allow CRAB to consider a dataset that is not 'VALID', set Data.allowNonValidInputDataset = True in the CRAB configuration. Notice that this will not force CRAB to run over all files in the dataset; CRAB will still check if there are any valid files in the dataset and run only over those files.", u'CMSSW_9_3_2', u'slc6_amd64_gcc630', u'/SMS-TChiWZ_ZToLL_mChargino-400_mLsp-375_TuneCUETP8M1_14TeV-madgraphMLM-pythia8/PhaseIITDRFall17MiniAOD-PU200_93X_upgrade2023_realistic_v2-v1/MINIAODSIM', u'[]', u'[]', u'FileBased', u"{'splitOnRun': False, 'halt_job_on_file_boundaries': False, 'files_per_job': 1, 'runs': [], 'lumis': []}", u'0', u'4e198fb019d07e682a8bd09208595d4eb73bac82ae7f6e24154a54b4451cc952.tar.gz', u'https://cmsweb.cern.ch/crabcache', u'shigginb', u'/DC=ch/DC=cern/OU=Organic Units/OU=Users/CN=shigginb/CN=785176/CN=Sam Higginbotham', u'cms', u'None', u'None', u'crab_20171115_072236-00000000000000000000000000000000', u'T3_US_FNALLPC', u'https://cmsweb.cern.ch/dbs/prod/global/DBSReader', u'https://cmsweb.cern.ch/dbs/prod/phys03/DBSWriter', u'F', u'Analysis', u'{}', u'[]', u'F', u'vocms052', u'[]', u'1250', u'1', u'2000', u'10', u'None', u'None', u'None', u'None', u'[]', u'[]', u'[]', u'pythia', u'[]', u"['analysis.root']", u'[]', u'https://cmsweb.cern.ch/crabserver/prod', u'None', u'0', u'cmssrv221.fnal.gov:9620', u'None', u'F', u'[]', u'T', u'/store/user/shigginb/', u'F', u'None', u'F', u'F', u'F', u'None', u'SMS-TChiWZ_ZToLL_mChargino-400_mLsp-375_TuneCUETP8M1_14TeV-madgraphMLM-pythia8', u'filetransfers', u'SUBMIT', u'None', u'248e63d1abffc7416ac93efca48a99c03a75c7fd2743a747eb43da732964404c.tar.gz', u'131.225.190.56', u'F', u'None'], u'desc': {u'columns': [u'tm_taskname', u'panda_jobset_id', u'tm_task_status', u'tm_start_time', u'tm_start_injection', u'tm_end_injection', u'tm_task_failure', u'tm_job_sw', u'tm_job_arch', u'tm_input_dataset', u'tm_site_whitelist', u'tm_site_blacklist', u'tm_split_algo', u'tm_split_args', u'tm_totalunits', u'tm_user_sandbox', u'tm_cache_url', u'tm_username', u'tm_user_dn', u'tm_user_vo', u'tm_user_role', u'tm_user_group', u'tm_publish_name', u'tm_asyncdest', u'tm_dbs_url', u'tm_publish_dbs_url', u'tm_publication', u'tm_job_type', u'tm_arguments', u'panda_resubmitted_jobs', u'tm_save_logs', u'tw_name', u'tm_user_infiles', u'tm_maxjobruntime', u'tm_numcores', u'tm_maxmemory', u'tm_priority', u'tm_output_dataset', u'tm_user_webdir', u'tm_activity', u'tm_scriptexe', u'tm_scriptargs', u'tm_extrajdl', u'tm_task_warnings', u'tm_generator', u'tm_outfiles', u'tm_tfile_outfiles', u'tm_edm_outfiles', u'tm_asourl', u'tm_events_per_lumi', u'tm_use_parent', u'tm_collector', u'tm_schedd', u'tm_dry_run', u'tm_user_files', u'tm_transfer_outputs', u'tm_output_lfn', u'tm_ignore_locality', u'tm_fail_limit', u'tm_one_event_mode', u'tm_publish_groupname', u'tm_nonvalid_input_dataset', u'tm_secondary_input_dataset', u'tm_primary_dataset', u'tm_asodb', u'tm_task_command', u'clusterid', u'tm_debug_files', u'tm_submitter_ip_addr', u'tm_ignore_global_blacklist', u'tm_last_publication']}}
INFO 2017-11-15 07:58:46,754: 	 CRAB project directory:		/uscms_data/d3/samuellh/WorkingArea/TauAnalysis/CMSSW_9_3_2/src/PUAnalysis/VBFtt2017/crab/VBF20/crab_20171115_072236
INFO 2017-11-15 07:58:46,754: 	 Task name:			171115_132302:shigginb_crab_20171115_072236
INFO 2017-11-15 07:58:46,754: 	 Status on the CRAB server:	SUBMITFAILED
INFO 2017-11-15 07:58:46,754: 	 Task URL to use for HELP:	https://cmsweb.cern.ch/crabserver/ui/task/171115_132302%3Ashigginb_crab_20171115_072236
ERROR 2017-11-15 07:58:46,754: 	 Failure message from the server:		CRAB refuses to proceed in getting the details of the dataset /SMS-TChiWZ_ZToLL_mChargino-400_mLsp-375_TuneCUETP8M1_14TeV-madgraphMLM-pythia8/PhaseIITDRFall17MiniAOD-PU200_93X_upgrade2023_realistic_v2-v1/MINIAODSIM from DBS, because the dataset is not 'VALID' but 'PRODUCTION'. To allow CRAB to consider a dataset that is not 'VALID', set Data.allowNonValidInputDataset = True in the CRAB configuration. Notice that this will not force CRAB to run over all files in the dataset; CRAB will still check if there are any valid files in the dataset and run only over those files.
DEBUG 2017-11-15 07:58:46,755: 	 The task has not been submitted to the Grid scheduler yet. Not printing job information.
INFO 2017-11-15 07:58:46,783: 	 Log file is /uscms_data/d3/samuellh/WorkingArea/TauAnalysis/CMSSW_9_3_2/src/PUAnalysis/VBFtt2017/crab/VBF20/crab_20171115_072236/crab.log
DEBUG 2017-11-15 09:12:00,346: 	 Executing command: 'status'
DEBUG 2017-11-15 09:12:00,347: 	 Found CRAB cache file /uscms/home/samuellh/.crab3
DEBUG 2017-11-15 09:12:00,355: 	 Checking credentials
DEBUG 2017-11-15 09:12:00,355: 	 Found proxy file /tmp/x509up_u52190
DEBUG 2017-11-15 09:12:00,355: 	 Getting proxy life time left
DEBUG 2017-11-15 09:12:00,458: 	 Executing : 
 command : voms-proxy-info -file /tmp/x509up_u52190 -timeleft
 output : 76963

 error: 
 retcode : 0
DEBUG 2017-11-15 09:12:00,562: 	 Executing : 
 command : voms-proxy-info -file /tmp/x509up_u52190 -actimeleft
 output : 76962

 error: 
 retcode : 0
DEBUG 2017-11-15 09:12:00,562: 	 Proxy valid for 21:22:43 hours
DEBUG 2017-11-15 09:12:00,675: 	 Executing : 
 command : openssl x509 -in ~/.globus/usercert.pem -subject -noout
 output : subject= /DC=ch/DC=cern/OU=Organic Units/OU=Users/CN=shigginb/CN=785176/CN=Sam Higginbotham

 error: 
 retcode : 0
DEBUG 2017-11-15 09:12:00,676: 	 Checking credentials
DEBUG 2017-11-15 09:12:00,676: 	 Found proxy file /tmp/x509up_u52190
DEBUG 2017-11-15 09:12:00,676: 	 Getting proxy life time left
DEBUG 2017-11-15 09:12:00,779: 	 Executing : 
 command : voms-proxy-info -file /tmp/x509up_u52190 -timeleft
 output : 76963

 error: 
 retcode : 0
DEBUG 2017-11-15 09:12:00,882: 	 Executing : 
 command : voms-proxy-info -file /tmp/x509up_u52190 -actimeleft
 output : 76962

 error: 
 retcode : 0
DEBUG 2017-11-15 09:12:00,882: 	 Proxy valid for 21:22:43 hours
DEBUG 2017-11-15 09:12:02,630: 	 Registering user credentials for server /DC=ch/DC=cern/OU=computers/CN=vocms(045|052|021|031|0118|0118a|0119|0108|0105|0109).cern.ch
DEBUG 2017-11-15 09:12:02,738: 	 Executing : 
 command : openssl x509 -in ~/.globus/usercert.pem -subject -noout
 output : subject= /DC=ch/DC=cern/OU=Organic Units/OU=Users/CN=shigginb/CN=785176/CN=Sam Higginbotham

 error: 
 retcode : 0
DEBUG 2017-11-15 09:12:02,738: 	 Getting myproxy life time left for myproxy.cern.ch
DEBUG 2017-11-15 09:12:02,738: 	 Calculating hash of /DC=ch/DC=cern/OU=Organic Units/OU=Users/CN=shigginb/CN=785176/CN=Sam Higginbotham_cmsweb.cern.ch for credential name
DEBUG 2017-11-15 09:12:03,543: 	 Executing : 
 command : myproxy-info -l 2f318c7a260d78734589f2cc772d26b8be79ec6c -s myproxy.cern.ch
 output : username: 2f318c7a260d78734589f2cc772d26b8be79ec6c
owner: /DC=ch/DC=cern/OU=Organic Units/OU=Users/CN=shigginb/CN=785176/CN=Sam Higginbotham
  renewal policy: /DC=ch/DC=cern/OU=computers/CN=vocms(045|052|021|031|0118|0118a|0119|0108|0105|0109).cern.ch
  trusted retrieval policy: /DC=ch/DC=cern/OU=computers/CN=vocms(045|052|021|031|0118|0118a|0119|0108|0105|0109).cern.ch
  timeleft: 430:11:38  (17.9 days)

 error: 
 retcode : 0
DEBUG 2017-11-15 09:12:03,544: 	 Myproxy is valid: 1548698
DEBUG 2017-11-15 09:12:03,544: 	 Command use: status
DEBUG 2017-11-15 09:12:03,545: 	 Options use: ['-d', 'crab_20171115_072236/']
DEBUG 2017-11-15 09:12:05,216: 	 CRABClient version: 3.3.1707.patch1
DEBUG 2017-11-15 09:12:05,216: 	 Instance is prod
DEBUG 2017-11-15 09:12:05,216: 	 Server base url is cmsweb.cern.ch
DEBUG 2017-11-15 09:12:05,216: 	 Command url /crabserver/prod/workflow
DEBUG 2017-11-15 09:12:06,795: 	 Got information from server oracle database: {u'result': [u'171115_132302:shigginb_crab_20171115_072236', u'None', u'SUBMITFAILED', u'2017-11-15 13:23:02.685615', u'None', u'2017-11-15 13:24:04.964756', u"CRAB refuses to proceed in getting the details of the dataset /SMS-TChiWZ_ZToLL_mChargino-400_mLsp-375_TuneCUETP8M1_14TeV-madgraphMLM-pythia8/PhaseIITDRFall17MiniAOD-PU200_93X_upgrade2023_realistic_v2-v1/MINIAODSIM from DBS, because the dataset is not 'VALID' but 'PRODUCTION'. To allow CRAB to consider a dataset that is not 'VALID', set Data.allowNonValidInputDataset = True in the CRAB configuration. Notice that this will not force CRAB to run over all files in the dataset; CRAB will still check if there are any valid files in the dataset and run only over those files.", u'CMSSW_9_3_2', u'slc6_amd64_gcc630', u'/SMS-TChiWZ_ZToLL_mChargino-400_mLsp-375_TuneCUETP8M1_14TeV-madgraphMLM-pythia8/PhaseIITDRFall17MiniAOD-PU200_93X_upgrade2023_realistic_v2-v1/MINIAODSIM', u'[]', u'[]', u'FileBased', u"{'splitOnRun': False, 'halt_job_on_file_boundaries': False, 'files_per_job': 1, 'runs': [], 'lumis': []}", u'0', u'4e198fb019d07e682a8bd09208595d4eb73bac82ae7f6e24154a54b4451cc952.tar.gz', u'https://cmsweb.cern.ch/crabcache', u'shigginb', u'/DC=ch/DC=cern/OU=Organic Units/OU=Users/CN=shigginb/CN=785176/CN=Sam Higginbotham', u'cms', u'None', u'None', u'crab_20171115_072236-00000000000000000000000000000000', u'T3_US_FNALLPC', u'https://cmsweb.cern.ch/dbs/prod/global/DBSReader', u'https://cmsweb.cern.ch/dbs/prod/phys03/DBSWriter', u'F', u'Analysis', u'{}', u'[]', u'F', u'vocms052', u'[]', u'1250', u'1', u'2000', u'10', u'None', u'None', u'None', u'None', u'[]', u'[]', u'[]', u'pythia', u'[]', u"['analysis.root']", u'[]', u'https://cmsweb.cern.ch/crabserver/prod', u'None', u'0', u'cmssrv221.fnal.gov:9620', u'None', u'F', u'[]', u'T', u'/store/user/shigginb/', u'F', u'None', u'F', u'F', u'F', u'None', u'SMS-TChiWZ_ZToLL_mChargino-400_mLsp-375_TuneCUETP8M1_14TeV-madgraphMLM-pythia8', u'filetransfers', u'SUBMIT', u'None', u'248e63d1abffc7416ac93efca48a99c03a75c7fd2743a747eb43da732964404c.tar.gz', u'131.225.190.56', u'F', u'None'], u'desc': {u'columns': [u'tm_taskname', u'panda_jobset_id', u'tm_task_status', u'tm_start_time', u'tm_start_injection', u'tm_end_injection', u'tm_task_failure', u'tm_job_sw', u'tm_job_arch', u'tm_input_dataset', u'tm_site_whitelist', u'tm_site_blacklist', u'tm_split_algo', u'tm_split_args', u'tm_totalunits', u'tm_user_sandbox', u'tm_cache_url', u'tm_username', u'tm_user_dn', u'tm_user_vo', u'tm_user_role', u'tm_user_group', u'tm_publish_name', u'tm_asyncdest', u'tm_dbs_url', u'tm_publish_dbs_url', u'tm_publication', u'tm_job_type', u'tm_arguments', u'panda_resubmitted_jobs', u'tm_save_logs', u'tw_name', u'tm_user_infiles', u'tm_maxjobruntime', u'tm_numcores', u'tm_maxmemory', u'tm_priority', u'tm_output_dataset', u'tm_user_webdir', u'tm_activity', u'tm_scriptexe', u'tm_scriptargs', u'tm_extrajdl', u'tm_task_warnings', u'tm_generator', u'tm_outfiles', u'tm_tfile_outfiles', u'tm_edm_outfiles', u'tm_asourl', u'tm_events_per_lumi', u'tm_use_parent', u'tm_collector', u'tm_schedd', u'tm_dry_run', u'tm_user_files', u'tm_transfer_outputs', u'tm_output_lfn', u'tm_ignore_locality', u'tm_fail_limit', u'tm_one_event_mode', u'tm_publish_groupname', u'tm_nonvalid_input_dataset', u'tm_secondary_input_dataset', u'tm_primary_dataset', u'tm_asodb', u'tm_task_command', u'clusterid', u'tm_debug_files', u'tm_submitter_ip_addr', u'tm_ignore_global_blacklist', u'tm_last_publication']}}
INFO 2017-11-15 09:12:06,796: 	 CRAB project directory:		/uscms_data/d3/samuellh/WorkingArea/TauAnalysis/CMSSW_9_3_2/src/PUAnalysis/VBFtt2017/crab/VBF20/crab_20171115_072236
INFO 2017-11-15 09:12:06,796: 	 Task name:			171115_132302:shigginb_crab_20171115_072236
INFO 2017-11-15 09:12:06,796: 	 Status on the CRAB server:	SUBMITFAILED
INFO 2017-11-15 09:12:06,796: 	 Task URL to use for HELP:	https://cmsweb.cern.ch/crabserver/ui/task/171115_132302%3Ashigginb_crab_20171115_072236
ERROR 2017-11-15 09:12:06,796: 	 Failure message from the server:		CRAB refuses to proceed in getting the details of the dataset /SMS-TChiWZ_ZToLL_mChargino-400_mLsp-375_TuneCUETP8M1_14TeV-madgraphMLM-pythia8/PhaseIITDRFall17MiniAOD-PU200_93X_upgrade2023_realistic_v2-v1/MINIAODSIM from DBS, because the dataset is not 'VALID' but 'PRODUCTION'. To allow CRAB to consider a dataset that is not 'VALID', set Data.allowNonValidInputDataset = True in the CRAB configuration. Notice that this will not force CRAB to run over all files in the dataset; CRAB will still check if there are any valid files in the dataset and run only over those files.
DEBUG 2017-11-15 09:12:06,796: 	 The task has not been submitted to the Grid scheduler yet. Not printing job information.
INFO 2017-11-15 09:12:06,807: 	 Log file is /uscms_data/d3/samuellh/WorkingArea/TauAnalysis/CMSSW_9_3_2/src/PUAnalysis/VBFtt2017/crab/VBF20/crab_20171115_072236/crab.log
