('The system path in the config file ', ['/cvmfs/cms.cern.ch/crab3/slc6_amd64_gcc493/cms/crabclient/3.3.1707.patch1/bin', '/uscms_data/d3/samuellh/WorkingArea/TauAnalysis/CMSSW_9_3_2/python', '/uscms_data/d3/samuellh/WorkingArea/TauAnalysis/CMSSW_9_3_2/lib/slc6_amd64_gcc630', '/cvmfs/cms.cern.ch/slc6_amd64_gcc630/cms/cmssw/CMSSW_9_3_2/python', '/cvmfs/cms.cern.ch/slc6_amd64_gcc630/cms/cmssw/CMSSW_9_3_2/lib/slc6_amd64_gcc630', '/cvmfs/cms.cern.ch/slc6_amd64_gcc630/cms/coral/CORAL_2_3_21-ghjeda6/slc6_amd64_gcc630/python', '/cvmfs/cms.cern.ch/slc6_amd64_gcc630/cms/coral/CORAL_2_3_21-ghjeda6/slc6_amd64_gcc630/lib', '/cvmfs/cms.cern.ch/slc6_amd64_gcc630/external/professor2/2.2.1-ghjeda6/lib/python2.7/site-packages', '/cvmfs/cms.cern.ch/slc6_amd64_gcc630/external/pyqt/4.11.4-mlhled2/lib/python2.7/site-packages', '/cvmfs/cms.cern.ch/slc6_amd64_gcc630/external/sherpa/2.2.4-ghjeda/lib/python2.7/site-packages', '/cvmfs/cms.cern.ch/slc6_amd64_gcc630/external/rivet/2.5.2-ghjeda4/lib/python2.7/site-packages', '/cvmfs/cms.cern.ch/slc6_amd64_gcc630/external/python-ldap/2.4.10-mlhled2/lib/python2.7/site-packages', '/cvmfs/cms.cern.ch/slc6_amd64_gcc630/external/py2-matplotlib/1.5.2-njopjo/lib/python2.7/site-packages', '/cvmfs/cms.cern.ch/slc6_amd64_gcc630/external/sip/4.17-mlhled2/lib/python2.7/site-packages', '/cvmfs/cms.cern.ch/slc6_amd64_gcc630/external/llvm/4.0.0-njopjo/lib64/python2.7/site-packages', '/cvmfs/cms.cern.ch/slc6_amd64_gcc630/external/py2-sqlalchemy/1.1.4-mlhled2/lib/python2.7/site-packages', '/cvmfs/cms.cern.ch/slc6_amd64_gcc630/external/py2-lint/0.25.1-mlhled2/lib/python2.7/site-packages', '/cvmfs/cms.cern.ch/slc6_amd64_gcc630/external/py2-dxr/1.0-ghjeda6/lib/python2.7/site-packages', '/cvmfs/cms.cern.ch/slc6_amd64_gcc630/external/py2-cx-oracle/5.2.1-mlhled2/lib/python2.7/site-packages', '/cvmfs/cms.cern.ch/slc6_amd64_gcc630/external/py2-numpy/1.12.1-mlhled2/lib/python2.7/site-packages', '/cvmfs/cms.cern.ch/slc6_amd64_gcc630/external/frontier_client/2.8.20-mlhled2/python/lib', '/cvmfs/cms.cern.ch/slc6_amd64_gcc630/cms/das_client/v03.01.00-mlhled2/bin', '/cvmfs/cms.cern.ch/slc6_amd64_gcc630/external/xrootd/4.6.1/lib/python2.7/site-packages', '/cvmfs/cms.cern.ch/slc6_amd64_gcc630/external/yoda/1.6.5-ghjeda4/lib/python2.7/site-packages', '/cvmfs/cms.cern.ch/slc6_amd64_gcc630/lcg/root/6.10.04-ghjeda/lib', '/cvmfs/cms.cern.ch/slc6_amd64_gcc630/external/pyminuit2/0.0.1-ghjeda4/lib/python2.7/site-packages', '/cvmfs/cms.cern.ch/slc6_amd64_gcc630/external/py2-PyYAML/3.11-mlhled2/lib/python2.7/site-packages', '/cvmfs/cms.cern.ch/slc6_amd64_gcc630/external/py2-pygithub/1.23.0-mlhled2/lib/python2.7/site-packages', '/cvmfs/cms.cern.ch/slc6_amd64_gcc630/external/py2-pip/9.0.1-mlhled2/lib/python2.7/site-packages', '/cvmfs/cms.cern.ch/slc6_amd64_gcc630/external/py2-dablooms/0.9.1-mlhled2/lib/python2.7/site-packages', '/cvmfs/cms.cern.ch/slc6_amd64_gcc630/external/py2-pippkgs_depscipy/3.0-ghjeda6/lib/python2.7/site-packages', '/cvmfs/cms.cern.ch/slc6_amd64_gcc630/external/py2-pippkgs/5.0-ghjeda6/lib/python2.7/site-packages', '/cvmfs/cms.cern.ch/slc6_amd64_gcc630/external/professor/1.4.0-ghjeda4/lib/python2.7/site-packages', '/cvmfs/cms.cern.ch/slc6_amd64_gcc630/cms/dbs-client/DBS_2_1_9-mlhled2/lib', '/cvmfs/cms.cern.ch/slc6_amd64_gcc630/cms/dbs-client/DBS_2_1_9-mlhled2/lib/DBSAPI', '/cvmfs/cms.cern.ch/slc6_amd64_gcc630/external/cvs2git/5419-mlhled2/lib', '/cvmfs/cms.cern.ch/crab3/slc6_amd64_gcc493/cms/crabclient/3.3.1707.patch1/lib/python2.7/site-packages', '/cvmfs/cms.cern.ch/crab3/slc6_amd64_gcc493/cms/dbs3-client/3.4.4/lib/python2.7/site-packages', '/cvmfs/cms.cern.ch/crab3/slc6_amd64_gcc493/cms/dbs3-pycurl-client/3.4.4/lib/python2.7/site-packages', '/cvmfs/cms.cern.ch/slc6_amd64_gcc630/external/py2-sqlalchemy/1.1.4-mlhled2/lib/python2.7/site-packages/SQLAlchemy-1.1.4-py2.7-linux-x86_64.egg', '/cvmfs/cms.cern.ch/slc6_amd64_gcc630/external/py2-numpy/1.12.1-mlhled2/lib/python2.7/site-packages/numpy-1.12.1-py2.7-linux-x86_64.egg', '/cvmfs/cms.cern.ch/slc6_amd64_gcc630/external/python/2.7.11-mlhled2/lib/python27.zip', '/cvmfs/cms.cern.ch/slc6_amd64_gcc630/external/python/2.7.11-mlhled2/lib/python2.7', '/cvmfs/cms.cern.ch/slc6_amd64_gcc630/external/python/2.7.11-mlhled2/lib/python2.7/plat-linux2', '/cvmfs/cms.cern.ch/slc6_amd64_gcc630/external/python/2.7.11-mlhled2/lib/python2.7/lib-tk', '/cvmfs/cms.cern.ch/slc6_amd64_gcc630/external/python/2.7.11-mlhled2/lib/python2.7/lib-old', '/cvmfs/cms.cern.ch/slc6_amd64_gcc630/external/python/2.7.11-mlhled2/lib/python2.7/lib-dynload', '/cvmfs/cms.cern.ch/slc6_amd64_gcc630/external/python/2.7.11-mlhled2/lib/python2.7/site-packages', '/uscms_data/d3/samuellh/WorkingArea/TauAnalysis/CMSSW_9_3_2/src/PUAnalysis/VBFtt2017/crab/VBF5'])
 ##################################################################### 
 # WARNING: the module CondCore.DBCommon.CondDBSetup is deprecated.  # 
 # Please import CondCore.CondDB.CondDB_cfi                          # 
 ##################################################################### 
recorrecting the jets
List Of Filters
['processedEvents', 'initialEventsTT', 'DiMuonCreation', 'AtLeastOneDiTau', 'TTTauPtEta', 'TTTauDecayFound', 'TTTauStandardDecayFound', 'TTTauDRSel', 'TTSync', 'TTAntiEle', 'TTAntiMu', 'TTIso', 'TTOS']
DEBUG 2017-11-15 07:36:59,974: 	 Executing command: 'submit'
DEBUG 2017-11-15 07:36:59,974: 	 Found CRAB cache file /uscms/home/samuellh/.crab3
DEBUG 2017-11-15 07:36:59,982: 	 Checking credentials
DEBUG 2017-11-15 07:36:59,983: 	 Found proxy file /tmp/x509up_u52190
DEBUG 2017-11-15 07:36:59,983: 	 Getting proxy life time left
DEBUG 2017-11-15 07:37:00,086: 	 Executing : 
 command : voms-proxy-info -file /tmp/x509up_u52190 -timeleft
 output : 82663

 error: 
 retcode : 0
DEBUG 2017-11-15 07:37:00,189: 	 Executing : 
 command : voms-proxy-info -file /tmp/x509up_u52190 -actimeleft
 output : 82662

 error: 
 retcode : 0
DEBUG 2017-11-15 07:37:00,190: 	 Proxy valid for 22:57:43 hours
INFO 2017-11-15 07:37:00,190: 	 Will use CRAB configuration file crab3_TT_MC.py
DEBUG 2017-11-15 07:37:00,190: 	 Loading CRAB configuration file.
DEBUG 2017-11-15 07:37:00,197: 	 Will use CRAB Analysis plugin (i.e. will run an analysis job type).
DEBUG 2017-11-15 07:37:00,312: 	 Executing : 
 command : openssl x509 -in ~/.globus/usercert.pem -subject -noout
 output : subject= /DC=ch/DC=cern/OU=Organic Units/OU=Users/CN=shigginb/CN=785176/CN=Sam Higginbotham

 error: 
 retcode : 0
DEBUG 2017-11-15 07:37:00,313: 	 Checking credentials
DEBUG 2017-11-15 07:37:00,313: 	 Found proxy file /tmp/x509up_u52190
DEBUG 2017-11-15 07:37:00,313: 	 Getting proxy life time left
DEBUG 2017-11-15 07:37:00,417: 	 Executing : 
 command : voms-proxy-info -file /tmp/x509up_u52190 -timeleft
 output : 82663

 error: 
 retcode : 0
DEBUG 2017-11-15 07:37:00,520: 	 Executing : 
 command : voms-proxy-info -file /tmp/x509up_u52190 -actimeleft
 output : 82662

 error: 
 retcode : 0
DEBUG 2017-11-15 07:37:00,520: 	 Proxy valid for 22:57:43 hours
DEBUG 2017-11-15 07:37:00,623: 	 Executing : 
 command : env X509_USER_PROXY=/tmp/x509up_u52190 voms-proxy-info -fqan
 output : /cms/Role=NULL/Capability=NULL

 error: 
 retcode : 0
DEBUG 2017-11-15 07:37:02,274: 	 Registering user credentials for server /DC=ch/DC=cern/OU=computers/CN=vocms(045|052|021|031|0118|0118a|0119|0108|0105|0109).cern.ch
DEBUG 2017-11-15 07:37:02,382: 	 Executing : 
 command : openssl x509 -in ~/.globus/usercert.pem -subject -noout
 output : subject= /DC=ch/DC=cern/OU=Organic Units/OU=Users/CN=shigginb/CN=785176/CN=Sam Higginbotham

 error: 
 retcode : 0
DEBUG 2017-11-15 07:37:02,382: 	 Getting myproxy life time left for myproxy.cern.ch
DEBUG 2017-11-15 07:37:02,382: 	 Calculating hash of /DC=ch/DC=cern/OU=Organic Units/OU=Users/CN=shigginb/CN=785176/CN=Sam Higginbotham_cmsweb.cern.ch for credential name
DEBUG 2017-11-15 07:37:03,087: 	 Executing : 
 command : myproxy-info -l 2f318c7a260d78734589f2cc772d26b8be79ec6c -s myproxy.cern.ch
 output : username: 2f318c7a260d78734589f2cc772d26b8be79ec6c
owner: /DC=ch/DC=cern/OU=Organic Units/OU=Users/CN=shigginb/CN=785176/CN=Sam Higginbotham
  renewal policy: /DC=ch/DC=cern/OU=computers/CN=vocms(045|052|021|031|0118|0118a|0119|0108|0105|0109).cern.ch
  trusted retrieval policy: /DC=ch/DC=cern/OU=computers/CN=vocms(045|052|021|031|0118|0118a|0119|0108|0105|0109).cern.ch
  timeleft: 431:46:38  (18.0 days)

 error: 
 retcode : 0
DEBUG 2017-11-15 07:37:03,088: 	 Myproxy is valid: 1554398
DEBUG 2017-11-15 07:37:03,088: 	 Command use: submit
DEBUG 2017-11-15 07:37:03,088: 	 Options use: ['-c', 'crab3_TT_MC.py']
DEBUG 2017-11-15 07:37:04,745: 	 CRABClient version: 3.3.1707.patch1
DEBUG 2017-11-15 07:37:04,745: 	 Instance is prod
DEBUG 2017-11-15 07:37:04,745: 	 Server base url is cmsweb.cern.ch
DEBUG 2017-11-15 07:37:04,745: 	 Command url /crabserver/prod/workflow
DEBUG 2017-11-15 07:37:04,745: 	 Started submission
DEBUG 2017-11-15 07:37:04,745: 	 Working on /uscms_data/d3/samuellh/WorkingArea/TauAnalysis/CMSSW_9_3_2/src/PUAnalysis/VBFtt2017/crab/VBF5/crab_20171115_073700
DEBUG 2017-11-15 07:37:06,338: 	 Loading required information from the environment
DEBUG 2017-11-15 07:37:06,338: 	 Found CMSSW_9_3_2 for slc6_amd64_gcc630 with base /uscms_data/d3/samuellh/WorkingArea/TauAnalysis/CMSSW_9_3_2
DEBUG 2017-11-15 07:37:06,338: 	 Loading required information from the environment
DEBUG 2017-11-15 07:37:06,338: 	 Found CMSSW_9_3_2 for slc6_amd64_gcc630 with base /uscms_data/d3/samuellh/WorkingArea/TauAnalysis/CMSSW_9_3_2
DEBUG 2017-11-15 07:37:06,350: 	 UNIQUE NAME: tarUUID 48319a8e-f352-46a8-b51e-1373aac8b47a 
DEBUG 2017-11-15 07:37:06,351: 	 self.config: from WMCore.Configuration import Configuration
config = Configuration()
config.section_('General')
config.section_('JobType')
config.JobType.psetName = '../../../TT-MC-Up.py'
config.JobType.pluginName = 'Analysis'
config.JobType.inputFiles = ['../../../Configuration/data/PhaseIISummer16_25nsV3_MC.db']
config.JobType.outputFiles = ['analysis.root']
config.JobType.allowUndistributedCMSSW = True
config.section_('Data')
config.Data.inputDataset = '/DYToLL-M-50_3J_14TeV-madgraphMLM-pythia8/PhaseIITDRFall17MiniAOD-PU200_93X_upgrade2023_realistic_v2-v1/MINIAODSIM'
config.Data.unitsPerJob = 1
config.Data.publication = False
config.Data.inputDBS = 'global'
config.Data.splitting = 'FileBased'
config.section_('Site')
config.Site.storageSite = 'T3_US_FNALLPC'
config.section_('User')
config.section_('Debug')

DEBUG 2017-11-15 07:37:06,351: 	 self.config.JobType.psetName: ../../../TT-MC-Up.py
INFO 2017-11-15 07:37:06,351: 	 Importing CMSSW configuration ../../../TT-MC-Up.py
INFO 2017-11-15 07:37:08,863: 	 Finished importing CMSSW configuration ../../../TT-MC-Up.py
DEBUG 2017-11-15 07:37:08,863: 	 Writing CMSSW configuration to /uscms_data/d3/samuellh/WorkingArea/TauAnalysis/CMSSW_9_3_2/src/PUAnalysis/VBFtt2017/crab/VBF5/crab_20171115_073700/inputs/PSet.py
DEBUG 2017-11-15 07:37:09,932: 	 The following EDM output files will be collected: []
DEBUG 2017-11-15 07:37:09,932: 	 The following TFile output files will be collected: ['analysis.root']
DEBUG 2017-11-15 07:37:09,932: 	 The following user output files will be collected: []
DEBUG 2017-11-15 07:37:09,933: 	 Loading required information from the environment
DEBUG 2017-11-15 07:37:09,933: 	 Found CMSSW_9_3_2 for slc6_amd64_gcc630 with base /uscms_data/d3/samuellh/WorkingArea/TauAnalysis/CMSSW_9_3_2
DEBUG 2017-11-15 07:37:09,933: 	 Making tarball in /uscms_data/d3/samuellh/WorkingArea/TauAnalysis/CMSSW_9_3_2/src/PUAnalysis/VBFtt2017/crab/VBF5/crab_20171115_073700/inputs/48319a8e-f352-46a8-b51e-1373aac8b47adefault.tgz
DEBUG 2017-11-15 07:37:09,943: 	 Checking directory /uscms_data/d3/samuellh/WorkingArea/TauAnalysis/CMSSW_9_3_2/lib
DEBUG 2017-11-15 07:37:09,943: 	 Adding directory /uscms_data/d3/samuellh/WorkingArea/TauAnalysis/CMSSW_9_3_2/lib to tarball
DEBUG 2017-11-15 07:37:10,731: 	 Checking directory /uscms_data/d3/samuellh/WorkingArea/TauAnalysis/CMSSW_9_3_2/biglib
DEBUG 2017-11-15 07:37:10,731: 	 Adding directory /uscms_data/d3/samuellh/WorkingArea/TauAnalysis/CMSSW_9_3_2/biglib to tarball
DEBUG 2017-11-15 07:37:10,757: 	 Checking directory /uscms_data/d3/samuellh/WorkingArea/TauAnalysis/CMSSW_9_3_2/module
DEBUG 2017-11-15 07:37:11,049: 	 Adding data directory /uscms_data/d3/samuellh/WorkingArea/TauAnalysis/CMSSW_9_3_2/src/PUAnalysis/Configuration/data to tarball
DEBUG 2017-11-15 07:37:14,271: 	 Adding data directory /uscms_data/d3/samuellh/WorkingArea/TauAnalysis/CMSSW_9_3_2/src/PUAnalysis/DataFormats/interface to tarball
DEBUG 2017-11-15 07:37:14,280: 	 Adding data directory /uscms_data/d3/samuellh/WorkingArea/TauAnalysis/CMSSW_9_3_2/src/PUAnalysis/NtupleTools/interface to tarball
DEBUG 2017-11-15 07:37:14,289: 	 Adding data directory /uscms_data/d3/samuellh/WorkingArea/TauAnalysis/CMSSW_9_3_2/src/PUAnalysis/RecoTools/interface to tarball
DEBUG 2017-11-15 07:37:14,498: 	 Adding file ../../../Configuration/data/PhaseIISummer16_25nsV3_MC.db to tarball
DEBUG 2017-11-15 07:37:15,045: 	 Uploading archive /uscms_data/d3/samuellh/WorkingArea/TauAnalysis/CMSSW_9_3_2/src/PUAnalysis/VBFtt2017/crab/VBF5/crab_20171115_073700/inputs/48319a8e-f352-46a8-b51e-1373aac8b47adefault.tgz (11 MB) to the CRAB cache. Using URI https://cmsweb.cern.ch/crabcache
DEBUG 2017-11-15 07:37:24,750: 	 Loading required information from the environment
DEBUG 2017-11-15 07:37:24,750: 	 Found CMSSW_9_3_2 for slc6_amd64_gcc630 with base /uscms_data/d3/samuellh/WorkingArea/TauAnalysis/CMSSW_9_3_2
DEBUG 2017-11-15 07:37:24,750: 	 Making tarball in /uscms_data/d3/samuellh/WorkingArea/TauAnalysis/CMSSW_9_3_2/src/PUAnalysis/VBFtt2017/crab/VBF5/crab_20171115_073700/inputs/debugFiles.tgz
DEBUG 2017-11-15 07:37:24,756: 	 Uploading archive /uscms_data/d3/samuellh/WorkingArea/TauAnalysis/CMSSW_9_3_2/src/PUAnalysis/VBFtt2017/crab/VBF5/crab_20171115_073700/inputs/debugFiles.tgz (2 KB) to the CRAB cache. Using URI https://cmsweb.cern.ch/crabcache
DEBUG 2017-11-15 07:37:26,678: 	 Result uploading input files: 4e198fb019d07e682a8bd09208595d4eb73bac82ae7f6e24154a54b4451cc952.tar.gz 
INFO 2017-11-15 07:37:26,678: 	 Sending the request to the server
DEBUG 2017-11-15 07:37:26,679: 	 Submitting {'maxjobruntime': 1250, 'extrajdl': [], 'ignorelocality': 0, 'savelogsflag': 0, 'useparent': 0, 'asyncdest': 'T3_US_FNALLPC', 'algoargs': 1, 'cachefilename': '4e198fb019d07e682a8bd09208595d4eb73bac82ae7f6e24154a54b4451cc952.tar.gz', 'numcores': 1, 'addoutputfiles': [], 'generator': 'pythia', 'maxmemory': 2000, 'publishdbsurl': 'https://cmsweb.cern.ch/dbs/prod/phys03/DBSWriter', 'priority': 10, 'jobsw': 'CMSSW_9_3_2', 'edmoutfiles': [], 'userfiles': [], 'primarydataset': '', 'inputdata': '/DYToLL-M-50_3J_14TeV-madgraphMLM-pythia8/PhaseIITDRFall17MiniAOD-PU200_93X_upgrade2023_realistic_v2-v1/MINIAODSIM', 'dryrun': 0, 'workflow': 'crab_20171115_073700', 'cacheurl': u'https://cmsweb.cern.ch/crabcache', 'nonprodsw': 1, 'tfileoutfiles': ['analysis.root'], 'oneEventMode': 0, 'debugfilename': '47402bebb0745ce07fb8e51f9d8f10ba3412b630de577dfc11460dbd462eb855.tar.gz', 'saveoutput': 1, 'publication': 0, 'jobarch': 'slc6_amd64_gcc630', 'totalunits': 0, 'splitalgo': 'FileBased', 'ignoreglobalblacklist': 0, 'nonvaliddata': 0, 'dbsurl': 'https://cmsweb.cern.ch/dbs/prod/global/DBSReader', 'publishgroupname': 0, 'jobtype': 'Analysis', 'publishname2': ''} 
DEBUG 2017-11-15 07:37:26,679: 	 Encoded submit request: maxjobruntime=1250&ignorelocality=0&savelogsflag=0&useparent=0&asyncdest=T3_US_FNALLPC&algoargs=1&cachefilename=4e198fb019d07e682a8bd09208595d4eb73bac82ae7f6e24154a54b4451cc952.tar.gz&numcores=1&generator=pythia&maxmemory=2000&publishdbsurl=https%3A%2F%2Fcmsweb.cern.ch%2Fdbs%2Fprod%2Fphys03%2FDBSWriter&priority=10&jobsw=CMSSW_9_3_2&primarydataset=&inputdata=%2FDYToLL-M-50_3J_14TeV-madgraphMLM-pythia8%2FPhaseIITDRFall17MiniAOD-PU200_93X_upgrade2023_realistic_v2-v1%2FMINIAODSIM&dryrun=0&workflow=crab_20171115_073700&cacheurl=https%3A%2F%2Fcmsweb.cern.ch%2Fcrabcache&nonprodsw=1&oneEventMode=0&debugfilename=47402bebb0745ce07fb8e51f9d8f10ba3412b630de577dfc11460dbd462eb855.tar.gz&saveoutput=1&publication=0&jobarch=slc6_amd64_gcc630&totalunits=0&splitalgo=FileBased&ignoreglobalblacklist=0&nonvaliddata=0&dbsurl=https%3A%2F%2Fcmsweb.cern.ch%2Fdbs%2Fprod%2Fglobal%2FDBSReader&publishgroupname=0&jobtype=Analysis&publishname2=&tfileoutfiles=analysis.root
DEBUG 2017-11-15 07:37:28,291: 	 Result: {u'result': [{u'RequestName': u'171115_133728:shigginb_crab_20171115_073700'}]}
INFO 2017-11-15 07:37:28,345: 	 Success: Your task has been delivered to the CRAB3 server.
INFO 2017-11-15 07:37:28,345: 	 Task name: 171115_133728:shigginb_crab_20171115_073700
INFO 2017-11-15 07:37:28,345: 	 Please use 'crab status' to check how the submission process proceeds.
DEBUG 2017-11-15 07:37:28,345: 	 About to return
INFO 2017-11-15 07:37:28,351: 	 Log file is /uscms_data/d3/samuellh/WorkingArea/TauAnalysis/CMSSW_9_3_2/src/PUAnalysis/VBFtt2017/crab/VBF5/crab_20171115_073700/crab.log
DEBUG 2017-11-15 08:04:33,146: 	 Executing command: 'status'
DEBUG 2017-11-15 08:04:33,146: 	 Found CRAB cache file /uscms/home/samuellh/.crab3
DEBUG 2017-11-15 08:04:33,153: 	 Checking credentials
DEBUG 2017-11-15 08:04:33,154: 	 Found proxy file /tmp/x509up_u52190
DEBUG 2017-11-15 08:04:33,154: 	 Getting proxy life time left
DEBUG 2017-11-15 08:04:33,257: 	 Executing : 
 command : voms-proxy-info -file /tmp/x509up_u52190 -timeleft
 output : 81010

 error: 
 retcode : 0
DEBUG 2017-11-15 08:04:33,360: 	 Executing : 
 command : voms-proxy-info -file /tmp/x509up_u52190 -actimeleft
 output : 81009

 error: 
 retcode : 0
DEBUG 2017-11-15 08:04:33,360: 	 Proxy valid for 22:30:10 hours
DEBUG 2017-11-15 08:04:33,473: 	 Executing : 
 command : openssl x509 -in ~/.globus/usercert.pem -subject -noout
 output : subject= /DC=ch/DC=cern/OU=Organic Units/OU=Users/CN=shigginb/CN=785176/CN=Sam Higginbotham

 error: 
 retcode : 0
DEBUG 2017-11-15 08:04:33,474: 	 Checking credentials
DEBUG 2017-11-15 08:04:33,474: 	 Found proxy file /tmp/x509up_u52190
DEBUG 2017-11-15 08:04:33,474: 	 Getting proxy life time left
DEBUG 2017-11-15 08:04:33,577: 	 Executing : 
 command : voms-proxy-info -file /tmp/x509up_u52190 -timeleft
 output : 81010

 error: 
 retcode : 0
DEBUG 2017-11-15 08:04:33,680: 	 Executing : 
 command : voms-proxy-info -file /tmp/x509up_u52190 -actimeleft
 output : 81009

 error: 
 retcode : 0
DEBUG 2017-11-15 08:04:33,680: 	 Proxy valid for 22:30:10 hours
DEBUG 2017-11-15 08:04:35,545: 	 Registering user credentials for server /DC=ch/DC=cern/OU=computers/CN=vocms(045|052|021|031|0118|0118a|0119|0108|0105|0109).cern.ch
DEBUG 2017-11-15 08:04:35,651: 	 Executing : 
 command : openssl x509 -in ~/.globus/usercert.pem -subject -noout
 output : subject= /DC=ch/DC=cern/OU=Organic Units/OU=Users/CN=shigginb/CN=785176/CN=Sam Higginbotham

 error: 
 retcode : 0
DEBUG 2017-11-15 08:04:35,651: 	 Getting myproxy life time left for myproxy.cern.ch
DEBUG 2017-11-15 08:04:35,651: 	 Calculating hash of /DC=ch/DC=cern/OU=Organic Units/OU=Users/CN=shigginb/CN=785176/CN=Sam Higginbotham_cmsweb.cern.ch for credential name
DEBUG 2017-11-15 08:04:36,356: 	 Executing : 
 command : myproxy-info -l 2f318c7a260d78734589f2cc772d26b8be79ec6c -s myproxy.cern.ch
 output : username: 2f318c7a260d78734589f2cc772d26b8be79ec6c
owner: /DC=ch/DC=cern/OU=Organic Units/OU=Users/CN=shigginb/CN=785176/CN=Sam Higginbotham
  renewal policy: /DC=ch/DC=cern/OU=computers/CN=vocms(045|052|021|031|0118|0118a|0119|0108|0105|0109).cern.ch
  trusted retrieval policy: /DC=ch/DC=cern/OU=computers/CN=vocms(045|052|021|031|0118|0118a|0119|0108|0105|0109).cern.ch
  timeleft: 431:19:05  (18.0 days)

 error: 
 retcode : 0
DEBUG 2017-11-15 08:04:36,357: 	 Myproxy is valid: 1552745
DEBUG 2017-11-15 08:04:36,357: 	 Command use: status
DEBUG 2017-11-15 08:04:36,357: 	 Options use: ['-d', 'crab_20171115_073700/']
DEBUG 2017-11-15 08:04:38,152: 	 CRABClient version: 3.3.1707.patch1
DEBUG 2017-11-15 08:04:38,153: 	 Instance is prod
DEBUG 2017-11-15 08:04:38,153: 	 Server base url is cmsweb.cern.ch
DEBUG 2017-11-15 08:04:38,153: 	 Command url /crabserver/prod/workflow
DEBUG 2017-11-15 08:04:39,801: 	 Got information from server oracle database: {u'result': [u'171115_133728:shigginb_crab_20171115_073700', u'None', u'SUBMITTED', u'2017-11-15 13:37:28.231763', u'None', u'2017-11-15 13:38:08.131389', u'None', u'CMSSW_9_3_2', u'slc6_amd64_gcc630', u'/DYToLL-M-50_3J_14TeV-madgraphMLM-pythia8/PhaseIITDRFall17MiniAOD-PU200_93X_upgrade2023_realistic_v2-v1/MINIAODSIM', u'[]', u'[]', u'FileBased', u"{'splitOnRun': False, 'halt_job_on_file_boundaries': False, 'files_per_job': 1, 'runs': [], 'lumis': []}", u'0', u'4e198fb019d07e682a8bd09208595d4eb73bac82ae7f6e24154a54b4451cc952.tar.gz', u'https://cmsweb.cern.ch/crabcache', u'shigginb', u'/DC=ch/DC=cern/OU=Organic Units/OU=Users/CN=shigginb/CN=785176/CN=Sam Higginbotham', u'cms', u'None', u'None', u'crab_20171115_073700-00000000000000000000000000000000', u'T3_US_FNALLPC', u'https://cmsweb.cern.ch/dbs/prod/global/DBSReader', u'https://cmsweb.cern.ch/dbs/prod/phys03/DBSWriter', u'F', u'Analysis', u'{}', u'[]', u'F', u'vocms052', u'[]', u'1250', u'1', u'2000', u'10', u'None', u'http://vocms0197.cern.ch/mon/cms1359/171115_133728:shigginb_crab_20171115_073700', u'None', u'None', u'[]', u'[]', u'[]', u'pythia', u'[]', u"['analysis.root']", u'[]', u'https://cmsweb.cern.ch/crabserver/prod', u'None', u'0', u'cmssrv221.fnal.gov:9620', u'crab3@vocms0197.cern.ch', u'F', u'[]', u'T', u'/store/user/shigginb/', u'F', u'None', u'F', u'F', u'F', u'None', u'DYToLL-M-50_3J_14TeV-madgraphMLM-pythia8', u'filetransfers', u'SUBMIT', u'12847423', u'47402bebb0745ce07fb8e51f9d8f10ba3412b630de577dfc11460dbd462eb855.tar.gz', u'131.225.190.56', u'F', u'None'], u'desc': {u'columns': [u'tm_taskname', u'panda_jobset_id', u'tm_task_status', u'tm_start_time', u'tm_start_injection', u'tm_end_injection', u'tm_task_failure', u'tm_job_sw', u'tm_job_arch', u'tm_input_dataset', u'tm_site_whitelist', u'tm_site_blacklist', u'tm_split_algo', u'tm_split_args', u'tm_totalunits', u'tm_user_sandbox', u'tm_cache_url', u'tm_username', u'tm_user_dn', u'tm_user_vo', u'tm_user_role', u'tm_user_group', u'tm_publish_name', u'tm_asyncdest', u'tm_dbs_url', u'tm_publish_dbs_url', u'tm_publication', u'tm_job_type', u'tm_arguments', u'panda_resubmitted_jobs', u'tm_save_logs', u'tw_name', u'tm_user_infiles', u'tm_maxjobruntime', u'tm_numcores', u'tm_maxmemory', u'tm_priority', u'tm_output_dataset', u'tm_user_webdir', u'tm_activity', u'tm_scriptexe', u'tm_scriptargs', u'tm_extrajdl', u'tm_task_warnings', u'tm_generator', u'tm_outfiles', u'tm_tfile_outfiles', u'tm_edm_outfiles', u'tm_asourl', u'tm_events_per_lumi', u'tm_use_parent', u'tm_collector', u'tm_schedd', u'tm_dry_run', u'tm_user_files', u'tm_transfer_outputs', u'tm_output_lfn', u'tm_ignore_locality', u'tm_fail_limit', u'tm_one_event_mode', u'tm_publish_groupname', u'tm_nonvalid_input_dataset', u'tm_secondary_input_dataset', u'tm_primary_dataset', u'tm_asodb', u'tm_task_command', u'clusterid', u'tm_debug_files', u'tm_submitter_ip_addr', u'tm_ignore_global_blacklist', u'tm_last_publication']}}
INFO 2017-11-15 08:04:39,801: 	 CRAB project directory:		/uscms_data/d3/samuellh/WorkingArea/TauAnalysis/CMSSW_9_3_2/src/PUAnalysis/VBFtt2017/crab/VBF5/crab_20171115_073700
INFO 2017-11-15 08:04:39,802: 	 Task name:			171115_133728:shigginb_crab_20171115_073700
INFO 2017-11-15 08:04:39,802: 	 Grid scheduler:			crab3@vocms0197.cern.ch
INFO 2017-11-15 08:04:39,802: 	 Status on the CRAB server:	SUBMITTED
INFO 2017-11-15 08:04:39,802: 	 Task URL to use for HELP:	https://cmsweb.cern.ch/crabserver/ui/task/171115_133728%3Ashigginb_crab_20171115_073700
INFO 2017-11-15 08:04:39,802: 	 Dashboard monitoring URL:	http://dashb-cms-job.cern.ch/dashboard/templates/task-analysis/#user=shigginb&refresh=0&table=Jobs&p=1&records=25&activemenu=2&status=&site=&tid=171115_133728%3Ashigginb_crab_20171115_073700
DEBUG 2017-11-15 08:04:39,802: 	 The CRAB server submitted your task to the Grid scheduler (cluster ID: 12847423)
DEBUG 2017-11-15 08:04:39,802: 	 Webdir is located at http://vocms0197.cern.ch/mon/cms1359/171115_133728:shigginb_crab_20171115_073700
DEBUG 2017-11-15 08:04:41,631: 	 Proxied webdir is located at https://cmsweb.cern.ch/scheddmon/0197/cms1359/171115_133728:shigginb_crab_20171115_073700
DEBUG 2017-11-15 08:04:41,631: 	 Retrieving 'status_cache' file from https://cmsweb.cern.ch/scheddmon/0197/cms1359/171115_133728:shigginb_crab_20171115_073700/status_cache
DEBUG 2017-11-15 08:04:43,257: 	 Got information from status cache file: {'11': {'Retries': 0, 'WallDurations': [1210.0], 'StartTimes': [1510753255.0], 'SubmitTimes': [1510753101.0], 'JobIds': ['12847440.0'], 'EndTimes': [], 'Restarts': 0, 'RecordedSite': False, 'State': 'running', 'ResidentSetSize': [1698748], 'TotalUserCpuTimeHistory': [0], 'SiteHistory': ['Unknown'], 'TotalSysCpuTimeHistory': [0]}, '10': {'Retries': 0, 'WallDurations': [611.0], 'StartTimes': [1510753155.0], 'SubmitTimes': [1510753101.0], 'JobIds': ['12847439.0'], 'EndTimes': [], 'Restarts': 0, 'RecordedSite': False, 'State': 'running', 'ResidentSetSize': [1725636], 'TotalUserCpuTimeHistory': [0], 'SiteHistory': ['Unknown'], 'TotalSysCpuTimeHistory': [0]}, '13': {'Retries': 0, 'WallDurations': [848.0], 'StartTimes': [1510753297.0], 'SubmitTimes': [1510753102.0], 'JobIds': ['12847442.0'], 'EndTimes': [1510754145.0], 'Restarts': 0, 'RecordedSite': False, 'State': 'finished', 'ResidentSetSize': [1751836], 'TotalUserCpuTimeHistory': [726], 'SiteHistory': ['Unknown'], 'TotalSysCpuTimeHistory': [21]}, '12': {'Retries': 0, 'WallDurations': [1045.0], 'StartTimes': [1510753128.0], 'SubmitTimes': [1510753101.0], 'JobIds': ['12847433.0'], 'EndTimes': [1510754173.0], 'Restarts': 0, 'RecordedSite': False, 'State': 'finished', 'ResidentSetSize': [1788928], 'TotalUserCpuTimeHistory': [429], 'SiteHistory': ['Unknown'], 'TotalSysCpuTimeHistory': [17]}, '14': {'Retries': 0, 'WallDurations': [1308.0], 'StartTimes': [1510753276.0], 'SubmitTimes': [1510753101.0], 'JobIds': ['12847441.0'], 'EndTimes': [1510754584.0], 'Restarts': 0, 'RecordedSite': False, 'State': 'finished', 'ResidentSetSize': [1855188], 'TotalUserCpuTimeHistory': [245], 'SiteHistory': ['Unknown'], 'TotalSysCpuTimeHistory': [10]}, '1': {'Retries': 0, 'WallDurations': [348.0], 'StartTimes': [1510753371.0], 'SubmitTimes': [1510753101.0], 'JobIds': ['12847437.0'], 'EndTimes': [1510753719.0], 'Restarts': 0, 'RecordedSite': False, 'State': 'finished', 'ResidentSetSize': [1845732], 'TotalUserCpuTimeHistory': [303], 'SiteHistory': ['Unknown'], 'TotalSysCpuTimeHistory': [3]}, '3': {'Retries': 0, 'WallDurations': [86.0], 'StartTimes': [1510753480.0], 'SubmitTimes': [1510753101.0], 'JobIds': ['12847431.0'], 'EndTimes': [1510753566.0], 'Restarts': 0, 'RecordedSite': False, 'State': 'finished', 'ResidentSetSize': [20088], 'TotalUserCpuTimeHistory': [44], 'SiteHistory': ['Unknown'], 'TotalSysCpuTimeHistory': [1]}, '2': {'Retries': 0, 'WallDurations': [995.0], 'StartTimes': [1510753130.0], 'SubmitTimes': [1510753101.0], 'JobIds': ['12847434.0'], 'EndTimes': [1510754125.0], 'Restarts': 0, 'RecordedSite': False, 'State': 'finished', 'ResidentSetSize': [1903004], 'TotalUserCpuTimeHistory': [904], 'SiteHistory': ['Unknown'], 'TotalSysCpuTimeHistory': [11]}, '5': {'Retries': 0, 'WallDurations': [95.0], 'StartTimes': [1510753381.0], 'SubmitTimes': [1510753100.0], 'JobIds': ['12847429.0'], 'EndTimes': [1510753476.0], 'Restarts': 0, 'RecordedSite': False, 'State': 'finished', 'ResidentSetSize': [2656], 'TotalUserCpuTimeHistory': [54], 'SiteHistory': ['Unknown'], 'TotalSysCpuTimeHistory': [1]}, '4': {'Retries': 0, 'WallDurations': [434.0], 'StartTimes': [1510753526.0], 'SubmitTimes': [1510753101.0], 'JobIds': ['12847435.0'], 'EndTimes': [1510753960.0], 'Restarts': 0, 'RecordedSite': False, 'State': 'finished', 'ResidentSetSize': [738996], 'TotalUserCpuTimeHistory': [126], 'SiteHistory': ['Unknown'], 'TotalSysCpuTimeHistory': [52]}, '7': {'Retries': 0, 'WallDurations': [814.0], 'StartTimes': [1510753191.0], 'SubmitTimes': [1510753101.0], 'JobIds': ['12847438.0'], 'EndTimes': [1510754005.0], 'Restarts': 0, 'RecordedSite': False, 'State': 'finished', 'ResidentSetSize': [765728], 'TotalUserCpuTimeHistory': [205], 'SiteHistory': ['Unknown'], 'TotalSysCpuTimeHistory': [18]}, '6': {'Retries': 0, 'WallDurations': [192.0], 'StartTimes': [1510753170.0], 'SubmitTimes': [1510753101.0], 'JobIds': ['12847436.0'], 'EndTimes': [1510753362.0], 'Restarts': 0, 'RecordedSite': False, 'State': 'finished', 'ResidentSetSize': [2704], 'TotalUserCpuTimeHistory': [42], 'SiteHistory': ['Unknown'], 'TotalSysCpuTimeHistory': [1]}, '9': {'Retries': 0, 'WallDurations': [1509.0], 'StartTimes': [1510753127.0], 'SubmitTimes': [1510753101.0], 'JobIds': ['12847432.0'], 'EndTimes': [], 'Restarts': 0, 'RecordedSite': False, 'State': 'running', 'ResidentSetSize': [1913648], 'TotalUserCpuTimeHistory': [0], 'SiteHistory': ['Unknown'], 'TotalSysCpuTimeHistory': [0]}, '8': {'Retries': 0, 'WallDurations': [1512.0], 'StartTimes': [1510753126.0], 'SubmitTimes': [1510753101.0], 'JobIds': ['12847430.0'], 'EndTimes': [], 'Restarts': 0, 'RecordedSite': False, 'State': 'running', 'ResidentSetSize': [1744648], 'TotalUserCpuTimeHistory': [0], 'SiteHistory': ['Unknown'], 'TotalSysCpuTimeHistory': [0]}}
INFO 2017-11-15 08:04:43,257: 	 Status on the scheduler:	SUBMITTED
INFO 2017-11-15 08:04:43,258: 	 
Jobs status:                    finished       71.4% (10/14)
INFO 2017-11-15 08:04:43,258: 	 				running        28.6% ( 4/14)
INFO 2017-11-15 08:04:43,258: 	 
No publication information (publication has been disabled in the CRAB configuration file)
INFO 2017-11-15 08:04:43,269: 	 Log file is /uscms_data/d3/samuellh/WorkingArea/TauAnalysis/CMSSW_9_3_2/src/PUAnalysis/VBFtt2017/crab/VBF5/crab_20171115_073700/crab.log
DEBUG 2017-11-15 09:17:39,800: 	 Executing command: 'status'
DEBUG 2017-11-15 09:17:39,801: 	 Found CRAB cache file /uscms/home/samuellh/.crab3
DEBUG 2017-11-15 09:17:39,808: 	 Checking credentials
DEBUG 2017-11-15 09:17:39,808: 	 Found proxy file /tmp/x509up_u52190
DEBUG 2017-11-15 09:17:39,808: 	 Getting proxy life time left
DEBUG 2017-11-15 09:17:39,911: 	 Executing : 
 command : voms-proxy-info -file /tmp/x509up_u52190 -timeleft
 output : 76624

 error: 
 retcode : 0
DEBUG 2017-11-15 09:17:40,014: 	 Executing : 
 command : voms-proxy-info -file /tmp/x509up_u52190 -actimeleft
 output : 76623

 error: 
 retcode : 0
DEBUG 2017-11-15 09:17:40,015: 	 Proxy valid for 21:17:04 hours
DEBUG 2017-11-15 09:17:40,127: 	 Executing : 
 command : openssl x509 -in ~/.globus/usercert.pem -subject -noout
 output : subject= /DC=ch/DC=cern/OU=Organic Units/OU=Users/CN=shigginb/CN=785176/CN=Sam Higginbotham

 error: 
 retcode : 0
DEBUG 2017-11-15 09:17:40,128: 	 Checking credentials
DEBUG 2017-11-15 09:17:40,128: 	 Found proxy file /tmp/x509up_u52190
DEBUG 2017-11-15 09:17:40,128: 	 Getting proxy life time left
DEBUG 2017-11-15 09:17:40,231: 	 Executing : 
 command : voms-proxy-info -file /tmp/x509up_u52190 -timeleft
 output : 76623

 error: 
 retcode : 0
DEBUG 2017-11-15 09:17:40,334: 	 Executing : 
 command : voms-proxy-info -file /tmp/x509up_u52190 -actimeleft
 output : 76622

 error: 
 retcode : 0
DEBUG 2017-11-15 09:17:40,334: 	 Proxy valid for 21:17:03 hours
DEBUG 2017-11-15 09:17:42,297: 	 Registering user credentials for server /DC=ch/DC=cern/OU=computers/CN=vocms(045|052|021|031|0118|0118a|0119|0108|0105|0109).cern.ch
DEBUG 2017-11-15 09:17:42,405: 	 Executing : 
 command : openssl x509 -in ~/.globus/usercert.pem -subject -noout
 output : subject= /DC=ch/DC=cern/OU=Organic Units/OU=Users/CN=shigginb/CN=785176/CN=Sam Higginbotham

 error: 
 retcode : 0
DEBUG 2017-11-15 09:17:42,406: 	 Getting myproxy life time left for myproxy.cern.ch
DEBUG 2017-11-15 09:17:42,406: 	 Calculating hash of /DC=ch/DC=cern/OU=Organic Units/OU=Users/CN=shigginb/CN=785176/CN=Sam Higginbotham_cmsweb.cern.ch for credential name
DEBUG 2017-11-15 09:17:43,110: 	 Executing : 
 command : myproxy-info -l 2f318c7a260d78734589f2cc772d26b8be79ec6c -s myproxy.cern.ch
 output : username: 2f318c7a260d78734589f2cc772d26b8be79ec6c
owner: /DC=ch/DC=cern/OU=Organic Units/OU=Users/CN=shigginb/CN=785176/CN=Sam Higginbotham
  renewal policy: /DC=ch/DC=cern/OU=computers/CN=vocms(045|052|021|031|0118|0118a|0119|0108|0105|0109).cern.ch
  trusted retrieval policy: /DC=ch/DC=cern/OU=computers/CN=vocms(045|052|021|031|0118|0118a|0119|0108|0105|0109).cern.ch
  timeleft: 430:05:58  (17.9 days)

 error: 
 retcode : 0
DEBUG 2017-11-15 09:17:43,112: 	 Myproxy is valid: 1548358
DEBUG 2017-11-15 09:17:43,112: 	 Command use: status
DEBUG 2017-11-15 09:17:43,112: 	 Options use: ['-d', 'crab_20171115_073700/']
DEBUG 2017-11-15 09:17:44,751: 	 CRABClient version: 3.3.1707.patch1
DEBUG 2017-11-15 09:17:44,751: 	 Instance is prod
DEBUG 2017-11-15 09:17:44,751: 	 Server base url is cmsweb.cern.ch
DEBUG 2017-11-15 09:17:44,751: 	 Command url /crabserver/prod/workflow
DEBUG 2017-11-15 09:17:46,545: 	 Got information from server oracle database: {u'result': [u'171115_133728:shigginb_crab_20171115_073700', u'None', u'SUBMITTED', u'2017-11-15 13:37:28.231763', u'None', u'2017-11-15 13:38:08.131389', u'None', u'CMSSW_9_3_2', u'slc6_amd64_gcc630', u'/DYToLL-M-50_3J_14TeV-madgraphMLM-pythia8/PhaseIITDRFall17MiniAOD-PU200_93X_upgrade2023_realistic_v2-v1/MINIAODSIM', u'[]', u'[]', u'FileBased', u"{'splitOnRun': False, 'halt_job_on_file_boundaries': False, 'files_per_job': 1, 'runs': [], 'lumis': []}", u'0', u'4e198fb019d07e682a8bd09208595d4eb73bac82ae7f6e24154a54b4451cc952.tar.gz', u'https://cmsweb.cern.ch/crabcache', u'shigginb', u'/DC=ch/DC=cern/OU=Organic Units/OU=Users/CN=shigginb/CN=785176/CN=Sam Higginbotham', u'cms', u'None', u'None', u'crab_20171115_073700-00000000000000000000000000000000', u'T3_US_FNALLPC', u'https://cmsweb.cern.ch/dbs/prod/global/DBSReader', u'https://cmsweb.cern.ch/dbs/prod/phys03/DBSWriter', u'F', u'Analysis', u'{}', u'[]', u'F', u'vocms052', u'[]', u'1250', u'1', u'2000', u'10', u'None', u'http://vocms0197.cern.ch/mon/cms1359/171115_133728:shigginb_crab_20171115_073700', u'None', u'None', u'[]', u'[]', u'[]', u'pythia', u'[]', u"['analysis.root']", u'[]', u'https://cmsweb.cern.ch/crabserver/prod', u'None', u'0', u'cmssrv221.fnal.gov:9620', u'crab3@vocms0197.cern.ch', u'F', u'[]', u'T', u'/store/user/shigginb/', u'F', u'None', u'F', u'F', u'F', u'None', u'DYToLL-M-50_3J_14TeV-madgraphMLM-pythia8', u'filetransfers', u'SUBMIT', u'12847423', u'47402bebb0745ce07fb8e51f9d8f10ba3412b630de577dfc11460dbd462eb855.tar.gz', u'131.225.190.56', u'F', u'None'], u'desc': {u'columns': [u'tm_taskname', u'panda_jobset_id', u'tm_task_status', u'tm_start_time', u'tm_start_injection', u'tm_end_injection', u'tm_task_failure', u'tm_job_sw', u'tm_job_arch', u'tm_input_dataset', u'tm_site_whitelist', u'tm_site_blacklist', u'tm_split_algo', u'tm_split_args', u'tm_totalunits', u'tm_user_sandbox', u'tm_cache_url', u'tm_username', u'tm_user_dn', u'tm_user_vo', u'tm_user_role', u'tm_user_group', u'tm_publish_name', u'tm_asyncdest', u'tm_dbs_url', u'tm_publish_dbs_url', u'tm_publication', u'tm_job_type', u'tm_arguments', u'panda_resubmitted_jobs', u'tm_save_logs', u'tw_name', u'tm_user_infiles', u'tm_maxjobruntime', u'tm_numcores', u'tm_maxmemory', u'tm_priority', u'tm_output_dataset', u'tm_user_webdir', u'tm_activity', u'tm_scriptexe', u'tm_scriptargs', u'tm_extrajdl', u'tm_task_warnings', u'tm_generator', u'tm_outfiles', u'tm_tfile_outfiles', u'tm_edm_outfiles', u'tm_asourl', u'tm_events_per_lumi', u'tm_use_parent', u'tm_collector', u'tm_schedd', u'tm_dry_run', u'tm_user_files', u'tm_transfer_outputs', u'tm_output_lfn', u'tm_ignore_locality', u'tm_fail_limit', u'tm_one_event_mode', u'tm_publish_groupname', u'tm_nonvalid_input_dataset', u'tm_secondary_input_dataset', u'tm_primary_dataset', u'tm_asodb', u'tm_task_command', u'clusterid', u'tm_debug_files', u'tm_submitter_ip_addr', u'tm_ignore_global_blacklist', u'tm_last_publication']}}
INFO 2017-11-15 09:17:46,545: 	 CRAB project directory:		/uscms_data/d3/samuellh/WorkingArea/TauAnalysis/CMSSW_9_3_2/src/PUAnalysis/VBFtt2017/crab/VBF5/crab_20171115_073700
INFO 2017-11-15 09:17:46,545: 	 Task name:			171115_133728:shigginb_crab_20171115_073700
INFO 2017-11-15 09:17:46,546: 	 Grid scheduler:			crab3@vocms0197.cern.ch
INFO 2017-11-15 09:17:46,546: 	 Status on the CRAB server:	SUBMITTED
INFO 2017-11-15 09:17:46,546: 	 Task URL to use for HELP:	https://cmsweb.cern.ch/crabserver/ui/task/171115_133728%3Ashigginb_crab_20171115_073700
INFO 2017-11-15 09:17:46,546: 	 Dashboard monitoring URL:	http://dashb-cms-job.cern.ch/dashboard/templates/task-analysis/#user=shigginb&refresh=0&table=Jobs&p=1&records=25&activemenu=2&status=&site=&tid=171115_133728%3Ashigginb_crab_20171115_073700
DEBUG 2017-11-15 09:17:46,546: 	 The CRAB server submitted your task to the Grid scheduler (cluster ID: 12847423)
DEBUG 2017-11-15 09:17:46,546: 	 Webdir is located at http://vocms0197.cern.ch/mon/cms1359/171115_133728:shigginb_crab_20171115_073700
DEBUG 2017-11-15 09:17:48,214: 	 Proxied webdir is located at https://cmsweb.cern.ch/scheddmon/0197/cms1359/171115_133728:shigginb_crab_20171115_073700
DEBUG 2017-11-15 09:17:48,214: 	 Retrieving 'status_cache' file from https://cmsweb.cern.ch/scheddmon/0197/cms1359/171115_133728:shigginb_crab_20171115_073700/status_cache
DEBUG 2017-11-15 09:17:49,768: 	 Got information from status cache file: {'11': {'Retries': 0, 'WallDurations': [3060.0], 'StartTimes': [1510753255.0], 'SubmitTimes': [1510753101.0], 'JobIds': ['12847440.0'], 'EndTimes': [1510756315.0], 'Restarts': 0, 'RecordedSite': False, 'State': 'finished', 'ResidentSetSize': [1818352], 'TotalUserCpuTimeHistory': [1400], 'SiteHistory': ['Unknown'], 'TotalSysCpuTimeHistory': [52]}, '10': {'Retries': 0, 'WallDurations': [1770.0], 'StartTimes': [1510753155.0], 'SubmitTimes': [1510753101.0], 'JobIds': ['12847439.0'], 'EndTimes': [1510754925.0], 'Restarts': 0, 'RecordedSite': False, 'State': 'finished', 'ResidentSetSize': [1725636], 'TotalUserCpuTimeHistory': [1380], 'SiteHistory': ['Unknown'], 'TotalSysCpuTimeHistory': [146]}, '13': {'Retries': 0, 'WallDurations': [848.0], 'StartTimes': [1510753297.0], 'SubmitTimes': [1510753102.0], 'JobIds': ['12847442.0'], 'EndTimes': [1510754145.0], 'Restarts': 0, 'RecordedSite': False, 'State': 'finished', 'ResidentSetSize': [1751836], 'TotalUserCpuTimeHistory': [726], 'SiteHistory': ['Unknown'], 'TotalSysCpuTimeHistory': [21]}, '12': {'Retries': 0, 'WallDurations': [1045.0], 'StartTimes': [1510753128.0], 'SubmitTimes': [1510753101.0], 'JobIds': ['12847433.0'], 'EndTimes': [1510754173.0], 'Restarts': 0, 'RecordedSite': False, 'State': 'finished', 'ResidentSetSize': [1788928], 'TotalUserCpuTimeHistory': [429], 'SiteHistory': ['Unknown'], 'TotalSysCpuTimeHistory': [17]}, '14': {'Retries': 0, 'WallDurations': [1308.0], 'StartTimes': [1510753276.0], 'SubmitTimes': [1510753101.0], 'JobIds': ['12847441.0'], 'EndTimes': [1510754584.0], 'Restarts': 0, 'RecordedSite': False, 'State': 'finished', 'ResidentSetSize': [1855188], 'TotalUserCpuTimeHistory': [245], 'SiteHistory': ['Unknown'], 'TotalSysCpuTimeHistory': [10]}, '1': {'Retries': 0, 'WallDurations': [348.0], 'StartTimes': [1510753371.0], 'SubmitTimes': [1510753101.0], 'JobIds': ['12847437.0'], 'EndTimes': [1510753719.0], 'Restarts': 0, 'RecordedSite': False, 'State': 'finished', 'ResidentSetSize': [1845732], 'TotalUserCpuTimeHistory': [303], 'SiteHistory': ['Unknown'], 'TotalSysCpuTimeHistory': [3]}, '3': {'Retries': 0, 'WallDurations': [86.0], 'StartTimes': [1510753480.0], 'SubmitTimes': [1510753101.0], 'JobIds': ['12847431.0'], 'EndTimes': [1510753566.0], 'Restarts': 0, 'RecordedSite': False, 'State': 'finished', 'ResidentSetSize': [20088], 'TotalUserCpuTimeHistory': [44], 'SiteHistory': ['Unknown'], 'TotalSysCpuTimeHistory': [1]}, '2': {'Retries': 0, 'WallDurations': [995.0], 'StartTimes': [1510753130.0], 'SubmitTimes': [1510753101.0], 'JobIds': ['12847434.0'], 'EndTimes': [1510754125.0], 'Restarts': 0, 'RecordedSite': False, 'State': 'finished', 'ResidentSetSize': [1903004], 'TotalUserCpuTimeHistory': [904], 'SiteHistory': ['Unknown'], 'TotalSysCpuTimeHistory': [11]}, '5': {'Retries': 0, 'WallDurations': [95.0], 'StartTimes': [1510753381.0], 'SubmitTimes': [1510753100.0], 'JobIds': ['12847429.0'], 'EndTimes': [1510753476.0], 'Restarts': 0, 'RecordedSite': False, 'State': 'finished', 'ResidentSetSize': [2656], 'TotalUserCpuTimeHistory': [54], 'SiteHistory': ['Unknown'], 'TotalSysCpuTimeHistory': [1]}, '4': {'Retries': 0, 'WallDurations': [434.0], 'StartTimes': [1510753526.0], 'SubmitTimes': [1510753101.0], 'JobIds': ['12847435.0'], 'EndTimes': [1510753960.0], 'Restarts': 0, 'RecordedSite': False, 'State': 'finished', 'ResidentSetSize': [738996], 'TotalUserCpuTimeHistory': [126], 'SiteHistory': ['Unknown'], 'TotalSysCpuTimeHistory': [52]}, '7': {'Retries': 0, 'WallDurations': [814.0], 'StartTimes': [1510753191.0], 'SubmitTimes': [1510753101.0], 'JobIds': ['12847438.0'], 'EndTimes': [1510754005.0], 'Restarts': 0, 'RecordedSite': False, 'State': 'finished', 'ResidentSetSize': [765728], 'TotalUserCpuTimeHistory': [205], 'SiteHistory': ['Unknown'], 'TotalSysCpuTimeHistory': [18]}, '6': {'Retries': 0, 'WallDurations': [192.0], 'StartTimes': [1510753170.0], 'SubmitTimes': [1510753101.0], 'JobIds': ['12847436.0'], 'EndTimes': [1510753362.0], 'Restarts': 0, 'RecordedSite': False, 'State': 'finished', 'ResidentSetSize': [2704], 'TotalUserCpuTimeHistory': [42], 'SiteHistory': ['Unknown'], 'TotalSysCpuTimeHistory': [1]}, '9': {'Retries': 0, 'WallDurations': [1844.0], 'StartTimes': [1510753127.0], 'SubmitTimes': [1510753101.0], 'JobIds': ['12847432.0'], 'EndTimes': [1510754971.0], 'Restarts': 0, 'RecordedSite': False, 'State': 'finished', 'ResidentSetSize': [1915112], 'TotalUserCpuTimeHistory': [1659], 'SiteHistory': ['Unknown'], 'TotalSysCpuTimeHistory': [21]}, '8': {'Retries': 0, 'WallDurations': [2679.0], 'StartTimes': [1510753126.0], 'SubmitTimes': [1510753101.0], 'JobIds': ['12847430.0'], 'EndTimes': [1510755805.0], 'Restarts': 0, 'RecordedSite': False, 'State': 'finished', 'ResidentSetSize': [1789680], 'TotalUserCpuTimeHistory': [1574], 'SiteHistory': ['Unknown'], 'TotalSysCpuTimeHistory': [35]}}
INFO 2017-11-15 09:17:49,768: 	 Status on the scheduler:	COMPLETED
INFO 2017-11-15 09:17:49,768: 	 
Jobs status:                    finished      100.0% (14/14)
INFO 2017-11-15 09:17:49,768: 	 
No publication information (publication has been disabled in the CRAB configuration file)
INFO 2017-11-15 09:17:49,779: 	 Log file is /uscms_data/d3/samuellh/WorkingArea/TauAnalysis/CMSSW_9_3_2/src/PUAnalysis/VBFtt2017/crab/VBF5/crab_20171115_073700/crab.log
