('The system path in the config file ', ['/cvmfs/cms.cern.ch/crab3/slc6_amd64_gcc493/cms/crabclient/3.3.1707.patch1/bin', '/uscms_data/d3/samuellh/WorkingArea/TauAnalysis/CMSSW_9_3_2/python', '/uscms_data/d3/samuellh/WorkingArea/TauAnalysis/CMSSW_9_3_2/lib/slc6_amd64_gcc630', '/cvmfs/cms.cern.ch/slc6_amd64_gcc630/cms/cmssw/CMSSW_9_3_2/python', '/cvmfs/cms.cern.ch/slc6_amd64_gcc630/cms/cmssw/CMSSW_9_3_2/lib/slc6_amd64_gcc630', '/cvmfs/cms.cern.ch/slc6_amd64_gcc630/cms/coral/CORAL_2_3_21-ghjeda6/slc6_amd64_gcc630/python', '/cvmfs/cms.cern.ch/slc6_amd64_gcc630/cms/coral/CORAL_2_3_21-ghjeda6/slc6_amd64_gcc630/lib', '/cvmfs/cms.cern.ch/slc6_amd64_gcc630/external/professor2/2.2.1-ghjeda6/lib/python2.7/site-packages', '/cvmfs/cms.cern.ch/slc6_amd64_gcc630/external/pyqt/4.11.4-mlhled2/lib/python2.7/site-packages', '/cvmfs/cms.cern.ch/slc6_amd64_gcc630/external/sherpa/2.2.4-ghjeda/lib/python2.7/site-packages', '/cvmfs/cms.cern.ch/slc6_amd64_gcc630/external/rivet/2.5.2-ghjeda4/lib/python2.7/site-packages', '/cvmfs/cms.cern.ch/slc6_amd64_gcc630/external/python-ldap/2.4.10-mlhled2/lib/python2.7/site-packages', '/cvmfs/cms.cern.ch/slc6_amd64_gcc630/external/py2-matplotlib/1.5.2-njopjo/lib/python2.7/site-packages', '/cvmfs/cms.cern.ch/slc6_amd64_gcc630/external/sip/4.17-mlhled2/lib/python2.7/site-packages', '/cvmfs/cms.cern.ch/slc6_amd64_gcc630/external/llvm/4.0.0-njopjo/lib64/python2.7/site-packages', '/cvmfs/cms.cern.ch/slc6_amd64_gcc630/external/py2-sqlalchemy/1.1.4-mlhled2/lib/python2.7/site-packages', '/cvmfs/cms.cern.ch/slc6_amd64_gcc630/external/py2-lint/0.25.1-mlhled2/lib/python2.7/site-packages', '/cvmfs/cms.cern.ch/slc6_amd64_gcc630/external/py2-dxr/1.0-ghjeda6/lib/python2.7/site-packages', '/cvmfs/cms.cern.ch/slc6_amd64_gcc630/external/py2-cx-oracle/5.2.1-mlhled2/lib/python2.7/site-packages', '/cvmfs/cms.cern.ch/slc6_amd64_gcc630/external/py2-numpy/1.12.1-mlhled2/lib/python2.7/site-packages', '/cvmfs/cms.cern.ch/slc6_amd64_gcc630/external/frontier_client/2.8.20-mlhled2/python/lib', '/cvmfs/cms.cern.ch/slc6_amd64_gcc630/cms/das_client/v03.01.00-mlhled2/bin', '/cvmfs/cms.cern.ch/slc6_amd64_gcc630/external/xrootd/4.6.1/lib/python2.7/site-packages', '/cvmfs/cms.cern.ch/slc6_amd64_gcc630/external/yoda/1.6.5-ghjeda4/lib/python2.7/site-packages', '/cvmfs/cms.cern.ch/slc6_amd64_gcc630/lcg/root/6.10.04-ghjeda/lib', '/cvmfs/cms.cern.ch/slc6_amd64_gcc630/external/pyminuit2/0.0.1-ghjeda4/lib/python2.7/site-packages', '/cvmfs/cms.cern.ch/slc6_amd64_gcc630/external/py2-PyYAML/3.11-mlhled2/lib/python2.7/site-packages', '/cvmfs/cms.cern.ch/slc6_amd64_gcc630/external/py2-pygithub/1.23.0-mlhled2/lib/python2.7/site-packages', '/cvmfs/cms.cern.ch/slc6_amd64_gcc630/external/py2-pip/9.0.1-mlhled2/lib/python2.7/site-packages', '/cvmfs/cms.cern.ch/slc6_amd64_gcc630/external/py2-dablooms/0.9.1-mlhled2/lib/python2.7/site-packages', '/cvmfs/cms.cern.ch/slc6_amd64_gcc630/external/py2-pippkgs_depscipy/3.0-ghjeda6/lib/python2.7/site-packages', '/cvmfs/cms.cern.ch/slc6_amd64_gcc630/external/py2-pippkgs/5.0-ghjeda6/lib/python2.7/site-packages', '/cvmfs/cms.cern.ch/slc6_amd64_gcc630/external/professor/1.4.0-ghjeda4/lib/python2.7/site-packages', '/cvmfs/cms.cern.ch/slc6_amd64_gcc630/cms/dbs-client/DBS_2_1_9-mlhled2/lib', '/cvmfs/cms.cern.ch/slc6_amd64_gcc630/cms/dbs-client/DBS_2_1_9-mlhled2/lib/DBSAPI', '/cvmfs/cms.cern.ch/slc6_amd64_gcc630/external/cvs2git/5419-mlhled2/lib', '/cvmfs/cms.cern.ch/crab3/slc6_amd64_gcc493/cms/crabclient/3.3.1707.patch1/lib/python2.7/site-packages', '/cvmfs/cms.cern.ch/crab3/slc6_amd64_gcc493/cms/dbs3-client/3.4.4/lib/python2.7/site-packages', '/cvmfs/cms.cern.ch/crab3/slc6_amd64_gcc493/cms/dbs3-pycurl-client/3.4.4/lib/python2.7/site-packages', '/cvmfs/cms.cern.ch/slc6_amd64_gcc630/external/py2-sqlalchemy/1.1.4-mlhled2/lib/python2.7/site-packages/SQLAlchemy-1.1.4-py2.7-linux-x86_64.egg', '/cvmfs/cms.cern.ch/slc6_amd64_gcc630/external/py2-numpy/1.12.1-mlhled2/lib/python2.7/site-packages/numpy-1.12.1-py2.7-linux-x86_64.egg', '/cvmfs/cms.cern.ch/slc6_amd64_gcc630/external/python/2.7.11-mlhled2/lib/python27.zip', '/cvmfs/cms.cern.ch/slc6_amd64_gcc630/external/python/2.7.11-mlhled2/lib/python2.7', '/cvmfs/cms.cern.ch/slc6_amd64_gcc630/external/python/2.7.11-mlhled2/lib/python2.7/plat-linux2', '/cvmfs/cms.cern.ch/slc6_amd64_gcc630/external/python/2.7.11-mlhled2/lib/python2.7/lib-tk', '/cvmfs/cms.cern.ch/slc6_amd64_gcc630/external/python/2.7.11-mlhled2/lib/python2.7/lib-old', '/cvmfs/cms.cern.ch/slc6_amd64_gcc630/external/python/2.7.11-mlhled2/lib/python2.7/lib-dynload', '/cvmfs/cms.cern.ch/slc6_amd64_gcc630/external/python/2.7.11-mlhled2/lib/python2.7/site-packages', '/uscms_data/d3/samuellh/WorkingArea/TauAnalysis/CMSSW_9_3_2/src/PUAnalysis/VBFtt2017/crab/VBF50'])
 ##################################################################### 
 # WARNING: the module CondCore.DBCommon.CondDBSetup is deprecated.  # 
 # Please import CondCore.CondDB.CondDB_cfi                          # 
 ##################################################################### 
recorrecting the jets
List Of Filters
['processedEvents', 'initialEventsTT', 'DiMuonCreation', 'AtLeastOneDiTau', 'TTTauPtEta', 'TTTauDecayFound', 'TTTauStandardDecayFound', 'TTTauDRSel', 'TTSync', 'TTAntiEle', 'TTAntiMu', 'TTIso', 'TTOS']
DEBUG 2017-11-15 07:37:30,215: 	 Executing command: 'submit'
DEBUG 2017-11-15 07:37:30,215: 	 Found CRAB cache file /uscms/home/samuellh/.crab3
DEBUG 2017-11-15 07:37:30,223: 	 Checking credentials
DEBUG 2017-11-15 07:37:30,223: 	 Found proxy file /tmp/x509up_u52190
DEBUG 2017-11-15 07:37:30,223: 	 Getting proxy life time left
DEBUG 2017-11-15 07:37:30,326: 	 Executing : 
 command : voms-proxy-info -file /tmp/x509up_u52190 -timeleft
 output : 82633

 error: 
 retcode : 0
DEBUG 2017-11-15 07:37:30,429: 	 Executing : 
 command : voms-proxy-info -file /tmp/x509up_u52190 -actimeleft
 output : 82632

 error: 
 retcode : 0
DEBUG 2017-11-15 07:37:30,430: 	 Proxy valid for 22:57:13 hours
INFO 2017-11-15 07:37:30,430: 	 Will use CRAB configuration file crab3_TT_MC.py
DEBUG 2017-11-15 07:37:30,430: 	 Loading CRAB configuration file.
DEBUG 2017-11-15 07:37:30,458: 	 Will use CRAB Analysis plugin (i.e. will run an analysis job type).
DEBUG 2017-11-15 07:37:30,578: 	 Executing : 
 command : openssl x509 -in ~/.globus/usercert.pem -subject -noout
 output : subject= /DC=ch/DC=cern/OU=Organic Units/OU=Users/CN=shigginb/CN=785176/CN=Sam Higginbotham

 error: 
 retcode : 0
DEBUG 2017-11-15 07:37:30,578: 	 Checking credentials
DEBUG 2017-11-15 07:37:30,578: 	 Found proxy file /tmp/x509up_u52190
DEBUG 2017-11-15 07:37:30,578: 	 Getting proxy life time left
DEBUG 2017-11-15 07:37:30,681: 	 Executing : 
 command : voms-proxy-info -file /tmp/x509up_u52190 -timeleft
 output : 82633

 error: 
 retcode : 0
DEBUG 2017-11-15 07:37:30,784: 	 Executing : 
 command : voms-proxy-info -file /tmp/x509up_u52190 -actimeleft
 output : 82632

 error: 
 retcode : 0
DEBUG 2017-11-15 07:37:30,784: 	 Proxy valid for 22:57:13 hours
DEBUG 2017-11-15 07:37:30,887: 	 Executing : 
 command : env X509_USER_PROXY=/tmp/x509up_u52190 voms-proxy-info -fqan
 output : /cms/Role=NULL/Capability=NULL

 error: 
 retcode : 0
DEBUG 2017-11-15 07:37:32,654: 	 Registering user credentials for server /DC=ch/DC=cern/OU=computers/CN=vocms(045|052|021|031|0118|0118a|0119|0108|0105|0109).cern.ch
DEBUG 2017-11-15 07:37:32,763: 	 Executing : 
 command : openssl x509 -in ~/.globus/usercert.pem -subject -noout
 output : subject= /DC=ch/DC=cern/OU=Organic Units/OU=Users/CN=shigginb/CN=785176/CN=Sam Higginbotham

 error: 
 retcode : 0
DEBUG 2017-11-15 07:37:32,763: 	 Getting myproxy life time left for myproxy.cern.ch
DEBUG 2017-11-15 07:37:32,763: 	 Calculating hash of /DC=ch/DC=cern/OU=Organic Units/OU=Users/CN=shigginb/CN=785176/CN=Sam Higginbotham_cmsweb.cern.ch for credential name
DEBUG 2017-11-15 07:37:33,668: 	 Executing : 
 command : myproxy-info -l 2f318c7a260d78734589f2cc772d26b8be79ec6c -s myproxy.cern.ch
 output : username: 2f318c7a260d78734589f2cc772d26b8be79ec6c
owner: /DC=ch/DC=cern/OU=Organic Units/OU=Users/CN=shigginb/CN=785176/CN=Sam Higginbotham
  renewal policy: /DC=ch/DC=cern/OU=computers/CN=vocms(045|052|021|031|0118|0118a|0119|0108|0105|0109).cern.ch
  trusted retrieval policy: /DC=ch/DC=cern/OU=computers/CN=vocms(045|052|021|031|0118|0118a|0119|0108|0105|0109).cern.ch
  timeleft: 431:46:08  (18.0 days)

 error: 
 retcode : 0
DEBUG 2017-11-15 07:37:33,670: 	 Myproxy is valid: 1554368
DEBUG 2017-11-15 07:37:33,670: 	 Command use: submit
DEBUG 2017-11-15 07:37:33,670: 	 Options use: ['-c', 'crab3_TT_MC.py']
DEBUG 2017-11-15 07:37:35,321: 	 CRABClient version: 3.3.1707.patch1
DEBUG 2017-11-15 07:37:35,321: 	 Instance is prod
DEBUG 2017-11-15 07:37:35,321: 	 Server base url is cmsweb.cern.ch
DEBUG 2017-11-15 07:37:35,321: 	 Command url /crabserver/prod/workflow
DEBUG 2017-11-15 07:37:35,321: 	 Started submission
DEBUG 2017-11-15 07:37:35,321: 	 Working on /uscms_data/d3/samuellh/WorkingArea/TauAnalysis/CMSSW_9_3_2/src/PUAnalysis/VBFtt2017/crab/VBF50/crab_20171115_073730
DEBUG 2017-11-15 07:37:37,193: 	 Loading required information from the environment
DEBUG 2017-11-15 07:37:37,193: 	 Found CMSSW_9_3_2 for slc6_amd64_gcc630 with base /uscms_data/d3/samuellh/WorkingArea/TauAnalysis/CMSSW_9_3_2
DEBUG 2017-11-15 07:37:37,193: 	 Loading required information from the environment
DEBUG 2017-11-15 07:37:37,193: 	 Found CMSSW_9_3_2 for slc6_amd64_gcc630 with base /uscms_data/d3/samuellh/WorkingArea/TauAnalysis/CMSSW_9_3_2
DEBUG 2017-11-15 07:37:37,206: 	 UNIQUE NAME: tarUUID bdbdb8f2-aab6-45c8-b20d-83faf9895ad2 
DEBUG 2017-11-15 07:37:37,207: 	 self.config: from WMCore.Configuration import Configuration
config = Configuration()
config.section_('General')
config.section_('JobType')
config.JobType.psetName = '../../../TT-MC-Up.py'
config.JobType.pluginName = 'Analysis'
config.JobType.inputFiles = ['../../../Configuration/data/PhaseIISummer16_25nsV3_MC.db']
config.JobType.outputFiles = ['analysis.root']
config.JobType.allowUndistributedCMSSW = True
config.section_('Data')
config.Data.inputDataset = '/TprimeBToTH_M-2000_Width-10p_LH_TuneCUETP8M2T4_14TeV-madgraph-pythia8/PhaseIITDRFall17MiniAOD-PU200_93X_upgrade2023_realistic_v2-v1/MINIAODSIM'
config.Data.unitsPerJob = 1
config.Data.publication = False
config.Data.inputDBS = 'global'
config.Data.splitting = 'FileBased'
config.section_('Site')
config.Site.storageSite = 'T3_US_FNALLPC'
config.section_('User')
config.section_('Debug')

DEBUG 2017-11-15 07:37:37,207: 	 self.config.JobType.psetName: ../../../TT-MC-Up.py
INFO 2017-11-15 07:37:37,207: 	 Importing CMSSW configuration ../../../TT-MC-Up.py
INFO 2017-11-15 07:37:39,891: 	 Finished importing CMSSW configuration ../../../TT-MC-Up.py
DEBUG 2017-11-15 07:37:39,892: 	 Writing CMSSW configuration to /uscms_data/d3/samuellh/WorkingArea/TauAnalysis/CMSSW_9_3_2/src/PUAnalysis/VBFtt2017/crab/VBF50/crab_20171115_073730/inputs/PSet.py
DEBUG 2017-11-15 07:37:40,751: 	 The following EDM output files will be collected: []
DEBUG 2017-11-15 07:37:40,751: 	 The following TFile output files will be collected: ['analysis.root']
DEBUG 2017-11-15 07:37:40,751: 	 The following user output files will be collected: []
DEBUG 2017-11-15 07:37:40,751: 	 Loading required information from the environment
DEBUG 2017-11-15 07:37:40,751: 	 Found CMSSW_9_3_2 for slc6_amd64_gcc630 with base /uscms_data/d3/samuellh/WorkingArea/TauAnalysis/CMSSW_9_3_2
DEBUG 2017-11-15 07:37:40,751: 	 Making tarball in /uscms_data/d3/samuellh/WorkingArea/TauAnalysis/CMSSW_9_3_2/src/PUAnalysis/VBFtt2017/crab/VBF50/crab_20171115_073730/inputs/bdbdb8f2-aab6-45c8-b20d-83faf9895ad2default.tgz
DEBUG 2017-11-15 07:37:40,778: 	 Checking directory /uscms_data/d3/samuellh/WorkingArea/TauAnalysis/CMSSW_9_3_2/lib
DEBUG 2017-11-15 07:37:40,778: 	 Adding directory /uscms_data/d3/samuellh/WorkingArea/TauAnalysis/CMSSW_9_3_2/lib to tarball
DEBUG 2017-11-15 07:37:41,456: 	 Checking directory /uscms_data/d3/samuellh/WorkingArea/TauAnalysis/CMSSW_9_3_2/biglib
DEBUG 2017-11-15 07:37:41,456: 	 Adding directory /uscms_data/d3/samuellh/WorkingArea/TauAnalysis/CMSSW_9_3_2/biglib to tarball
DEBUG 2017-11-15 07:37:41,458: 	 Checking directory /uscms_data/d3/samuellh/WorkingArea/TauAnalysis/CMSSW_9_3_2/module
DEBUG 2017-11-15 07:37:41,489: 	 Adding data directory /uscms_data/d3/samuellh/WorkingArea/TauAnalysis/CMSSW_9_3_2/src/PUAnalysis/Configuration/data to tarball
DEBUG 2017-11-15 07:37:44,269: 	 Adding data directory /uscms_data/d3/samuellh/WorkingArea/TauAnalysis/CMSSW_9_3_2/src/PUAnalysis/DataFormats/interface to tarball
DEBUG 2017-11-15 07:37:44,278: 	 Adding data directory /uscms_data/d3/samuellh/WorkingArea/TauAnalysis/CMSSW_9_3_2/src/PUAnalysis/NtupleTools/interface to tarball
DEBUG 2017-11-15 07:37:44,289: 	 Adding data directory /uscms_data/d3/samuellh/WorkingArea/TauAnalysis/CMSSW_9_3_2/src/PUAnalysis/RecoTools/interface to tarball
DEBUG 2017-11-15 07:37:44,497: 	 Adding file ../../../Configuration/data/PhaseIISummer16_25nsV3_MC.db to tarball
DEBUG 2017-11-15 07:37:44,814: 	 Uploading archive /uscms_data/d3/samuellh/WorkingArea/TauAnalysis/CMSSW_9_3_2/src/PUAnalysis/VBFtt2017/crab/VBF50/crab_20171115_073730/inputs/bdbdb8f2-aab6-45c8-b20d-83faf9895ad2default.tgz (11 MB) to the CRAB cache. Using URI https://cmsweb.cern.ch/crabcache
DEBUG 2017-11-15 07:37:53,778: 	 Loading required information from the environment
DEBUG 2017-11-15 07:37:53,779: 	 Found CMSSW_9_3_2 for slc6_amd64_gcc630 with base /uscms_data/d3/samuellh/WorkingArea/TauAnalysis/CMSSW_9_3_2
DEBUG 2017-11-15 07:37:53,779: 	 Making tarball in /uscms_data/d3/samuellh/WorkingArea/TauAnalysis/CMSSW_9_3_2/src/PUAnalysis/VBFtt2017/crab/VBF50/crab_20171115_073730/inputs/debugFiles.tgz
DEBUG 2017-11-15 07:37:53,784: 	 Uploading archive /uscms_data/d3/samuellh/WorkingArea/TauAnalysis/CMSSW_9_3_2/src/PUAnalysis/VBFtt2017/crab/VBF50/crab_20171115_073730/inputs/debugFiles.tgz (2 KB) to the CRAB cache. Using URI https://cmsweb.cern.ch/crabcache
DEBUG 2017-11-15 07:37:55,722: 	 Result uploading input files: 4e198fb019d07e682a8bd09208595d4eb73bac82ae7f6e24154a54b4451cc952.tar.gz 
INFO 2017-11-15 07:37:55,723: 	 Sending the request to the server
DEBUG 2017-11-15 07:37:55,723: 	 Submitting {'maxjobruntime': 1250, 'extrajdl': [], 'ignorelocality': 0, 'savelogsflag': 0, 'useparent': 0, 'asyncdest': 'T3_US_FNALLPC', 'algoargs': 1, 'cachefilename': '4e198fb019d07e682a8bd09208595d4eb73bac82ae7f6e24154a54b4451cc952.tar.gz', 'numcores': 1, 'addoutputfiles': [], 'generator': 'pythia', 'maxmemory': 2000, 'publishdbsurl': 'https://cmsweb.cern.ch/dbs/prod/phys03/DBSWriter', 'priority': 10, 'jobsw': 'CMSSW_9_3_2', 'edmoutfiles': [], 'userfiles': [], 'primarydataset': '', 'inputdata': '/TprimeBToTH_M-2000_Width-10p_LH_TuneCUETP8M2T4_14TeV-madgraph-pythia8/PhaseIITDRFall17MiniAOD-PU200_93X_upgrade2023_realistic_v2-v1/MINIAODSIM', 'dryrun': 0, 'workflow': 'crab_20171115_073730', 'cacheurl': u'https://cmsweb.cern.ch/crabcache', 'nonprodsw': 1, 'tfileoutfiles': ['analysis.root'], 'oneEventMode': 0, 'debugfilename': '3c7afa2e7548df673cde97c2c517389c4af85d1f9eb935f92ac88ec5c36bb176.tar.gz', 'saveoutput': 1, 'publication': 0, 'jobarch': 'slc6_amd64_gcc630', 'totalunits': 0, 'splitalgo': 'FileBased', 'ignoreglobalblacklist': 0, 'nonvaliddata': 0, 'dbsurl': 'https://cmsweb.cern.ch/dbs/prod/global/DBSReader', 'publishgroupname': 0, 'jobtype': 'Analysis', 'publishname2': ''} 
DEBUG 2017-11-15 07:37:55,723: 	 Encoded submit request: maxjobruntime=1250&ignorelocality=0&savelogsflag=0&useparent=0&asyncdest=T3_US_FNALLPC&algoargs=1&cachefilename=4e198fb019d07e682a8bd09208595d4eb73bac82ae7f6e24154a54b4451cc952.tar.gz&numcores=1&generator=pythia&maxmemory=2000&publishdbsurl=https%3A%2F%2Fcmsweb.cern.ch%2Fdbs%2Fprod%2Fphys03%2FDBSWriter&priority=10&jobsw=CMSSW_9_3_2&primarydataset=&inputdata=%2FTprimeBToTH_M-2000_Width-10p_LH_TuneCUETP8M2T4_14TeV-madgraph-pythia8%2FPhaseIITDRFall17MiniAOD-PU200_93X_upgrade2023_realistic_v2-v1%2FMINIAODSIM&dryrun=0&workflow=crab_20171115_073730&cacheurl=https%3A%2F%2Fcmsweb.cern.ch%2Fcrabcache&nonprodsw=1&oneEventMode=0&debugfilename=3c7afa2e7548df673cde97c2c517389c4af85d1f9eb935f92ac88ec5c36bb176.tar.gz&saveoutput=1&publication=0&jobarch=slc6_amd64_gcc630&totalunits=0&splitalgo=FileBased&ignoreglobalblacklist=0&nonvaliddata=0&dbsurl=https%3A%2F%2Fcmsweb.cern.ch%2Fdbs%2Fprod%2Fglobal%2FDBSReader&publishgroupname=0&jobtype=Analysis&publishname2=&tfileoutfiles=analysis.root
DEBUG 2017-11-15 07:37:57,420: 	 Result: {u'result': [{u'RequestName': u'171115_133757:shigginb_crab_20171115_073730'}]}
INFO 2017-11-15 07:37:57,423: 	 Success: Your task has been delivered to the CRAB3 server.
INFO 2017-11-15 07:37:57,423: 	 Task name: 171115_133757:shigginb_crab_20171115_073730
INFO 2017-11-15 07:37:57,424: 	 Please use 'crab status' to check how the submission process proceeds.
DEBUG 2017-11-15 07:37:57,424: 	 About to return
INFO 2017-11-15 07:37:57,430: 	 Log file is /uscms_data/d3/samuellh/WorkingArea/TauAnalysis/CMSSW_9_3_2/src/PUAnalysis/VBFtt2017/crab/VBF50/crab_20171115_073730/crab.log
DEBUG 2017-11-15 08:04:43,887: 	 Executing command: 'status'
DEBUG 2017-11-15 08:04:43,887: 	 Found CRAB cache file /uscms/home/samuellh/.crab3
DEBUG 2017-11-15 08:04:43,894: 	 Checking credentials
DEBUG 2017-11-15 08:04:43,894: 	 Found proxy file /tmp/x509up_u52190
DEBUG 2017-11-15 08:04:43,894: 	 Getting proxy life time left
DEBUG 2017-11-15 08:04:43,997: 	 Executing : 
 command : voms-proxy-info -file /tmp/x509up_u52190 -timeleft
 output : 81000

 error: 
 retcode : 0
DEBUG 2017-11-15 08:04:44,100: 	 Executing : 
 command : voms-proxy-info -file /tmp/x509up_u52190 -actimeleft
 output : 80998

 error: 
 retcode : 0
DEBUG 2017-11-15 08:04:44,100: 	 Proxy valid for 22:30:00 hours
DEBUG 2017-11-15 08:04:44,213: 	 Executing : 
 command : openssl x509 -in ~/.globus/usercert.pem -subject -noout
 output : subject= /DC=ch/DC=cern/OU=Organic Units/OU=Users/CN=shigginb/CN=785176/CN=Sam Higginbotham

 error: 
 retcode : 0
DEBUG 2017-11-15 08:04:44,213: 	 Checking credentials
DEBUG 2017-11-15 08:04:44,213: 	 Found proxy file /tmp/x509up_u52190
DEBUG 2017-11-15 08:04:44,213: 	 Getting proxy life time left
DEBUG 2017-11-15 08:04:44,316: 	 Executing : 
 command : voms-proxy-info -file /tmp/x509up_u52190 -timeleft
 output : 80999

 error: 
 retcode : 0
DEBUG 2017-11-15 08:04:44,419: 	 Executing : 
 command : voms-proxy-info -file /tmp/x509up_u52190 -actimeleft
 output : 80998

 error: 
 retcode : 0
DEBUG 2017-11-15 08:04:44,419: 	 Proxy valid for 22:29:59 hours
DEBUG 2017-11-15 08:04:46,222: 	 Registering user credentials for server /DC=ch/DC=cern/OU=computers/CN=vocms(045|052|021|031|0118|0118a|0119|0108|0105|0109).cern.ch
DEBUG 2017-11-15 08:04:46,328: 	 Executing : 
 command : openssl x509 -in ~/.globus/usercert.pem -subject -noout
 output : subject= /DC=ch/DC=cern/OU=Organic Units/OU=Users/CN=shigginb/CN=785176/CN=Sam Higginbotham

 error: 
 retcode : 0
DEBUG 2017-11-15 08:04:46,328: 	 Getting myproxy life time left for myproxy.cern.ch
DEBUG 2017-11-15 08:04:46,328: 	 Calculating hash of /DC=ch/DC=cern/OU=Organic Units/OU=Users/CN=shigginb/CN=785176/CN=Sam Higginbotham_cmsweb.cern.ch for credential name
DEBUG 2017-11-15 08:04:47,032: 	 Executing : 
 command : myproxy-info -l 2f318c7a260d78734589f2cc772d26b8be79ec6c -s myproxy.cern.ch
 output : username: 2f318c7a260d78734589f2cc772d26b8be79ec6c
owner: /DC=ch/DC=cern/OU=Organic Units/OU=Users/CN=shigginb/CN=785176/CN=Sam Higginbotham
  renewal policy: /DC=ch/DC=cern/OU=computers/CN=vocms(045|052|021|031|0118|0118a|0119|0108|0105|0109).cern.ch
  trusted retrieval policy: /DC=ch/DC=cern/OU=computers/CN=vocms(045|052|021|031|0118|0118a|0119|0108|0105|0109).cern.ch
  timeleft: 431:18:55  (18.0 days)

 error: 
 retcode : 0
DEBUG 2017-11-15 08:04:47,033: 	 Myproxy is valid: 1552735
DEBUG 2017-11-15 08:04:47,034: 	 Command use: status
DEBUG 2017-11-15 08:04:47,034: 	 Options use: ['-d', 'crab_20171115_073730/']
DEBUG 2017-11-15 08:04:48,790: 	 CRABClient version: 3.3.1707.patch1
DEBUG 2017-11-15 08:04:48,790: 	 Instance is prod
DEBUG 2017-11-15 08:04:48,790: 	 Server base url is cmsweb.cern.ch
DEBUG 2017-11-15 08:04:48,790: 	 Command url /crabserver/prod/workflow
DEBUG 2017-11-15 08:04:50,625: 	 Got information from server oracle database: {u'result': [u'171115_133757:shigginb_crab_20171115_073730', u'None', u'SUBMITTED', u'2017-11-15 13:37:57.359918', u'None', u'2017-11-15 13:38:45.814883', u'None', u'CMSSW_9_3_2', u'slc6_amd64_gcc630', u'/TprimeBToTH_M-2000_Width-10p_LH_TuneCUETP8M2T4_14TeV-madgraph-pythia8/PhaseIITDRFall17MiniAOD-PU200_93X_upgrade2023_realistic_v2-v1/MINIAODSIM', u'[]', u'[]', u'FileBased', u"{'splitOnRun': False, 'halt_job_on_file_boundaries': False, 'files_per_job': 1, 'runs': [], 'lumis': []}", u'0', u'4e198fb019d07e682a8bd09208595d4eb73bac82ae7f6e24154a54b4451cc952.tar.gz', u'https://cmsweb.cern.ch/crabcache', u'shigginb', u'/DC=ch/DC=cern/OU=Organic Units/OU=Users/CN=shigginb/CN=785176/CN=Sam Higginbotham', u'cms', u'None', u'None', u'crab_20171115_073730-00000000000000000000000000000000', u'T3_US_FNALLPC', u'https://cmsweb.cern.ch/dbs/prod/global/DBSReader', u'https://cmsweb.cern.ch/dbs/prod/phys03/DBSWriter', u'F', u'Analysis', u'{}', u'[]', u'F', u'vocms052', u'[]', u'1250', u'1', u'2000', u'10', u'None', u'http://vocms0199.cern.ch/mon/cms1359/171115_133757:shigginb_crab_20171115_073730', u'None', u'None', u'[]', u'[]', u'[]', u'pythia', u'[]', u"['analysis.root']", u'[]', u'https://cmsweb.cern.ch/crabserver/prod', u'None', u'0', u'cmssrv221.fnal.gov:9620', u'crab3@vocms0199.cern.ch', u'F', u'[]', u'T', u'/store/user/shigginb/', u'F', u'None', u'F', u'F', u'F', u'None', u'TprimeBToTH_M-2000_Width-10p_LH_TuneCUETP8M2T4_14TeV-madgraph-pythia8', u'filetransfers', u'SUBMIT', u'13359988', u'3c7afa2e7548df673cde97c2c517389c4af85d1f9eb935f92ac88ec5c36bb176.tar.gz', u'131.225.190.56', u'F', u'None'], u'desc': {u'columns': [u'tm_taskname', u'panda_jobset_id', u'tm_task_status', u'tm_start_time', u'tm_start_injection', u'tm_end_injection', u'tm_task_failure', u'tm_job_sw', u'tm_job_arch', u'tm_input_dataset', u'tm_site_whitelist', u'tm_site_blacklist', u'tm_split_algo', u'tm_split_args', u'tm_totalunits', u'tm_user_sandbox', u'tm_cache_url', u'tm_username', u'tm_user_dn', u'tm_user_vo', u'tm_user_role', u'tm_user_group', u'tm_publish_name', u'tm_asyncdest', u'tm_dbs_url', u'tm_publish_dbs_url', u'tm_publication', u'tm_job_type', u'tm_arguments', u'panda_resubmitted_jobs', u'tm_save_logs', u'tw_name', u'tm_user_infiles', u'tm_maxjobruntime', u'tm_numcores', u'tm_maxmemory', u'tm_priority', u'tm_output_dataset', u'tm_user_webdir', u'tm_activity', u'tm_scriptexe', u'tm_scriptargs', u'tm_extrajdl', u'tm_task_warnings', u'tm_generator', u'tm_outfiles', u'tm_tfile_outfiles', u'tm_edm_outfiles', u'tm_asourl', u'tm_events_per_lumi', u'tm_use_parent', u'tm_collector', u'tm_schedd', u'tm_dry_run', u'tm_user_files', u'tm_transfer_outputs', u'tm_output_lfn', u'tm_ignore_locality', u'tm_fail_limit', u'tm_one_event_mode', u'tm_publish_groupname', u'tm_nonvalid_input_dataset', u'tm_secondary_input_dataset', u'tm_primary_dataset', u'tm_asodb', u'tm_task_command', u'clusterid', u'tm_debug_files', u'tm_submitter_ip_addr', u'tm_ignore_global_blacklist', u'tm_last_publication']}}
INFO 2017-11-15 08:04:50,626: 	 CRAB project directory:		/uscms_data/d3/samuellh/WorkingArea/TauAnalysis/CMSSW_9_3_2/src/PUAnalysis/VBFtt2017/crab/VBF50/crab_20171115_073730
INFO 2017-11-15 08:04:50,626: 	 Task name:			171115_133757:shigginb_crab_20171115_073730
INFO 2017-11-15 08:04:50,626: 	 Grid scheduler:			crab3@vocms0199.cern.ch
INFO 2017-11-15 08:04:50,626: 	 Status on the CRAB server:	SUBMITTED
INFO 2017-11-15 08:04:50,626: 	 Task URL to use for HELP:	https://cmsweb.cern.ch/crabserver/ui/task/171115_133757%3Ashigginb_crab_20171115_073730
INFO 2017-11-15 08:04:50,626: 	 Dashboard monitoring URL:	http://dashb-cms-job.cern.ch/dashboard/templates/task-analysis/#user=shigginb&refresh=0&table=Jobs&p=1&records=25&activemenu=2&status=&site=&tid=171115_133757%3Ashigginb_crab_20171115_073730
DEBUG 2017-11-15 08:04:50,627: 	 The CRAB server submitted your task to the Grid scheduler (cluster ID: 13359988)
DEBUG 2017-11-15 08:04:50,627: 	 Webdir is located at http://vocms0199.cern.ch/mon/cms1359/171115_133757:shigginb_crab_20171115_073730
DEBUG 2017-11-15 08:04:52,293: 	 Proxied webdir is located at https://cmsweb.cern.ch/scheddmon/0199/cms1359/171115_133757:shigginb_crab_20171115_073730
DEBUG 2017-11-15 08:04:52,293: 	 Retrieving 'status_cache' file from https://cmsweb.cern.ch/scheddmon/0199/cms1359/171115_133757:shigginb_crab_20171115_073730/status_cache
DEBUG 2017-11-15 08:04:54,052: 	 Got information from status cache file: {'10': {'Retries': 0, 'WallDurations': [958.0], 'StartTimes': [1510753293.0], 'SubmitTimes': [1510753140.0], 'JobIds': ['13360027.0'], 'EndTimes': [1510754251.0], 'Restarts': 0, 'RecordedSite': False, 'State': 'finished', 'ResidentSetSize': [1833568], 'TotalUserCpuTimeHistory': [784], 'SiteHistory': ['Unknown'], 'TotalSysCpuTimeHistory': [16]}, '1': {'Retries': 0, 'WallDurations': [112.0], 'StartTimes': [1510753401.0], 'SubmitTimes': [1510753137.0], 'JobIds': ['13360020.0'], 'EndTimes': [1510753513.0], 'Restarts': 0, 'RecordedSite': False, 'State': 'finished', 'ResidentSetSize': [2816], 'TotalUserCpuTimeHistory': [88], 'SiteHistory': ['Unknown'], 'TotalSysCpuTimeHistory': [4]}, '3': {'Retries': 0, 'WallDurations': [912.0], 'StartTimes': [1510753306.0], 'SubmitTimes': [1510753137.0], 'JobIds': ['13360022.0'], 'EndTimes': [], 'Restarts': 0, 'RecordedSite': False, 'State': 'running', 'ResidentSetSize': [889368], 'TotalUserCpuTimeHistory': [0], 'SiteHistory': ['Unknown'], 'TotalSysCpuTimeHistory': [0]}, '2': {'Retries': 0, 'WallDurations': [62.0], 'StartTimes': [1510753300.0], 'SubmitTimes': [1510753138.0], 'JobIds': ['13360023.0'], 'EndTimes': [1510753362.0], 'Restarts': 0, 'RecordedSite': False, 'State': 'finished', 'ResidentSetSize': [2808], 'TotalUserCpuTimeHistory': [32], 'SiteHistory': ['Unknown'], 'TotalSysCpuTimeHistory': [2]}, '5': {'Retries': 0, 'WallDurations': [301.0], 'StartTimes': [1510753177.0], 'SubmitTimes': [1510753138.0], 'JobIds': ['13360025.0'], 'EndTimes': [1510753478.0], 'Restarts': 0, 'RecordedSite': False, 'State': 'finished', 'ResidentSetSize': [18516], 'TotalUserCpuTimeHistory': [236], 'SiteHistory': ['Unknown'], 'TotalSysCpuTimeHistory': [4]}, '4': {'Retries': 0, 'WallDurations': [263.0], 'StartTimes': [1510753300.0], 'SubmitTimes': [1510753140.0], 'JobIds': ['13360026.0'], 'EndTimes': [1510753563.0], 'Restarts': 0, 'RecordedSite': False, 'State': 'finished', 'ResidentSetSize': [2772], 'TotalUserCpuTimeHistory': [176], 'SiteHistory': ['Unknown'], 'TotalSysCpuTimeHistory': [7]}, '7': {'Retries': 0, 'WallDurations': [349.0], 'StartTimes': [1510753205.0], 'SubmitTimes': [1510753137.0], 'JobIds': ['13360018.0'], 'EndTimes': [1510753554.0], 'Restarts': 0, 'RecordedSite': False, 'State': 'finished', 'ResidentSetSize': [1821632], 'TotalUserCpuTimeHistory': [284], 'SiteHistory': ['Unknown'], 'TotalSysCpuTimeHistory': [13]}, '6': {'Retries': 0, 'WallDurations': [772.0], 'StartTimes': [1510753289.0], 'SubmitTimes': [1510753138.0], 'JobIds': ['13360024.0'], 'EndTimes': [1510754061.0], 'Restarts': 0, 'RecordedSite': False, 'State': 'finished', 'ResidentSetSize': [742100], 'TotalUserCpuTimeHistory': [234], 'SiteHistory': ['Unknown'], 'TotalSysCpuTimeHistory': [12]}, '9': {'Retries': 0, 'WallDurations': [911.0], 'StartTimes': [1510753280.0], 'SubmitTimes': [1510753137.0], 'JobIds': ['13360021.0'], 'EndTimes': [], 'Restarts': 0, 'RecordedSite': False, 'State': 'running', 'ResidentSetSize': [753628], 'TotalUserCpuTimeHistory': [0], 'SiteHistory': ['Unknown'], 'TotalSysCpuTimeHistory': [0]}, '8': {'Retries': 0, 'WallDurations': [350.0], 'StartTimes': [1510753201.0], 'SubmitTimes': [1510753137.0], 'JobIds': ['13360019.0'], 'EndTimes': [1510753551.0], 'Restarts': 0, 'RecordedSite': False, 'State': 'finished', 'ResidentSetSize': [1838316], 'TotalUserCpuTimeHistory': [277], 'SiteHistory': ['Unknown'], 'TotalSysCpuTimeHistory': [9]}}
INFO 2017-11-15 08:04:54,052: 	 Status on the scheduler:	SUBMITTED
INFO 2017-11-15 08:04:54,052: 	 
Jobs status:                    finished       80.0% ( 8/10)
INFO 2017-11-15 08:04:54,052: 	 				running        20.0% ( 2/10)
INFO 2017-11-15 08:04:54,053: 	 
No publication information (publication has been disabled in the CRAB configuration file)
INFO 2017-11-15 08:04:55,428: 	 Log file is /uscms_data/d3/samuellh/WorkingArea/TauAnalysis/CMSSW_9_3_2/src/PUAnalysis/VBFtt2017/crab/VBF50/crab_20171115_073730/crab.log
DEBUG 2017-11-15 09:17:50,383: 	 Executing command: 'status'
DEBUG 2017-11-15 09:17:50,384: 	 Found CRAB cache file /uscms/home/samuellh/.crab3
DEBUG 2017-11-15 09:17:50,391: 	 Checking credentials
DEBUG 2017-11-15 09:17:50,391: 	 Found proxy file /tmp/x509up_u52190
DEBUG 2017-11-15 09:17:50,391: 	 Getting proxy life time left
DEBUG 2017-11-15 09:17:50,495: 	 Executing : 
 command : voms-proxy-info -file /tmp/x509up_u52190 -timeleft
 output : 76613

 error: 
 retcode : 0
DEBUG 2017-11-15 09:17:50,598: 	 Executing : 
 command : voms-proxy-info -file /tmp/x509up_u52190 -actimeleft
 output : 76612

 error: 
 retcode : 0
DEBUG 2017-11-15 09:17:50,598: 	 Proxy valid for 21:16:53 hours
DEBUG 2017-11-15 09:17:50,713: 	 Executing : 
 command : openssl x509 -in ~/.globus/usercert.pem -subject -noout
 output : subject= /DC=ch/DC=cern/OU=Organic Units/OU=Users/CN=shigginb/CN=785176/CN=Sam Higginbotham

 error: 
 retcode : 0
DEBUG 2017-11-15 09:17:50,714: 	 Checking credentials
DEBUG 2017-11-15 09:17:50,714: 	 Found proxy file /tmp/x509up_u52190
DEBUG 2017-11-15 09:17:50,714: 	 Getting proxy life time left
DEBUG 2017-11-15 09:17:50,817: 	 Executing : 
 command : voms-proxy-info -file /tmp/x509up_u52190 -timeleft
 output : 76613

 error: 
 retcode : 0
DEBUG 2017-11-15 09:17:50,921: 	 Executing : 
 command : voms-proxy-info -file /tmp/x509up_u52190 -actimeleft
 output : 76612

 error: 
 retcode : 0
DEBUG 2017-11-15 09:17:50,921: 	 Proxy valid for 21:16:53 hours
DEBUG 2017-11-15 09:17:52,629: 	 Registering user credentials for server /DC=ch/DC=cern/OU=computers/CN=vocms(045|052|021|031|0118|0118a|0119|0108|0105|0109).cern.ch
DEBUG 2017-11-15 09:17:52,737: 	 Executing : 
 command : openssl x509 -in ~/.globus/usercert.pem -subject -noout
 output : subject= /DC=ch/DC=cern/OU=Organic Units/OU=Users/CN=shigginb/CN=785176/CN=Sam Higginbotham

 error: 
 retcode : 0
DEBUG 2017-11-15 09:17:52,737: 	 Getting myproxy life time left for myproxy.cern.ch
DEBUG 2017-11-15 09:17:52,737: 	 Calculating hash of /DC=ch/DC=cern/OU=Organic Units/OU=Users/CN=shigginb/CN=785176/CN=Sam Higginbotham_cmsweb.cern.ch for credential name
DEBUG 2017-11-15 09:17:53,442: 	 Executing : 
 command : myproxy-info -l 2f318c7a260d78734589f2cc772d26b8be79ec6c -s myproxy.cern.ch
 output : username: 2f318c7a260d78734589f2cc772d26b8be79ec6c
owner: /DC=ch/DC=cern/OU=Organic Units/OU=Users/CN=shigginb/CN=785176/CN=Sam Higginbotham
  renewal policy: /DC=ch/DC=cern/OU=computers/CN=vocms(045|052|021|031|0118|0118a|0119|0108|0105|0109).cern.ch
  trusted retrieval policy: /DC=ch/DC=cern/OU=computers/CN=vocms(045|052|021|031|0118|0118a|0119|0108|0105|0109).cern.ch
  timeleft: 430:05:48  (17.9 days)

 error: 
 retcode : 0
DEBUG 2017-11-15 09:17:53,443: 	 Myproxy is valid: 1548348
DEBUG 2017-11-15 09:17:53,443: 	 Command use: status
DEBUG 2017-11-15 09:17:53,443: 	 Options use: ['-d', 'crab_20171115_073730/']
DEBUG 2017-11-15 09:17:55,132: 	 CRABClient version: 3.3.1707.patch1
DEBUG 2017-11-15 09:17:55,133: 	 Instance is prod
DEBUG 2017-11-15 09:17:55,133: 	 Server base url is cmsweb.cern.ch
DEBUG 2017-11-15 09:17:55,133: 	 Command url /crabserver/prod/workflow
DEBUG 2017-11-15 09:17:56,751: 	 Got information from server oracle database: {u'result': [u'171115_133757:shigginb_crab_20171115_073730', u'None', u'SUBMITTED', u'2017-11-15 13:37:57.359918', u'None', u'2017-11-15 13:38:45.814883', u'None', u'CMSSW_9_3_2', u'slc6_amd64_gcc630', u'/TprimeBToTH_M-2000_Width-10p_LH_TuneCUETP8M2T4_14TeV-madgraph-pythia8/PhaseIITDRFall17MiniAOD-PU200_93X_upgrade2023_realistic_v2-v1/MINIAODSIM', u'[]', u'[]', u'FileBased', u"{'splitOnRun': False, 'halt_job_on_file_boundaries': False, 'files_per_job': 1, 'runs': [], 'lumis': []}", u'0', u'4e198fb019d07e682a8bd09208595d4eb73bac82ae7f6e24154a54b4451cc952.tar.gz', u'https://cmsweb.cern.ch/crabcache', u'shigginb', u'/DC=ch/DC=cern/OU=Organic Units/OU=Users/CN=shigginb/CN=785176/CN=Sam Higginbotham', u'cms', u'None', u'None', u'crab_20171115_073730-00000000000000000000000000000000', u'T3_US_FNALLPC', u'https://cmsweb.cern.ch/dbs/prod/global/DBSReader', u'https://cmsweb.cern.ch/dbs/prod/phys03/DBSWriter', u'F', u'Analysis', u'{}', u'[]', u'F', u'vocms052', u'[]', u'1250', u'1', u'2000', u'10', u'None', u'http://vocms0199.cern.ch/mon/cms1359/171115_133757:shigginb_crab_20171115_073730', u'None', u'None', u'[]', u'[]', u'[]', u'pythia', u'[]', u"['analysis.root']", u'[]', u'https://cmsweb.cern.ch/crabserver/prod', u'None', u'0', u'cmssrv221.fnal.gov:9620', u'crab3@vocms0199.cern.ch', u'F', u'[]', u'T', u'/store/user/shigginb/', u'F', u'None', u'F', u'F', u'F', u'None', u'TprimeBToTH_M-2000_Width-10p_LH_TuneCUETP8M2T4_14TeV-madgraph-pythia8', u'filetransfers', u'SUBMIT', u'13359988', u'3c7afa2e7548df673cde97c2c517389c4af85d1f9eb935f92ac88ec5c36bb176.tar.gz', u'131.225.190.56', u'F', u'None'], u'desc': {u'columns': [u'tm_taskname', u'panda_jobset_id', u'tm_task_status', u'tm_start_time', u'tm_start_injection', u'tm_end_injection', u'tm_task_failure', u'tm_job_sw', u'tm_job_arch', u'tm_input_dataset', u'tm_site_whitelist', u'tm_site_blacklist', u'tm_split_algo', u'tm_split_args', u'tm_totalunits', u'tm_user_sandbox', u'tm_cache_url', u'tm_username', u'tm_user_dn', u'tm_user_vo', u'tm_user_role', u'tm_user_group', u'tm_publish_name', u'tm_asyncdest', u'tm_dbs_url', u'tm_publish_dbs_url', u'tm_publication', u'tm_job_type', u'tm_arguments', u'panda_resubmitted_jobs', u'tm_save_logs', u'tw_name', u'tm_user_infiles', u'tm_maxjobruntime', u'tm_numcores', u'tm_maxmemory', u'tm_priority', u'tm_output_dataset', u'tm_user_webdir', u'tm_activity', u'tm_scriptexe', u'tm_scriptargs', u'tm_extrajdl', u'tm_task_warnings', u'tm_generator', u'tm_outfiles', u'tm_tfile_outfiles', u'tm_edm_outfiles', u'tm_asourl', u'tm_events_per_lumi', u'tm_use_parent', u'tm_collector', u'tm_schedd', u'tm_dry_run', u'tm_user_files', u'tm_transfer_outputs', u'tm_output_lfn', u'tm_ignore_locality', u'tm_fail_limit', u'tm_one_event_mode', u'tm_publish_groupname', u'tm_nonvalid_input_dataset', u'tm_secondary_input_dataset', u'tm_primary_dataset', u'tm_asodb', u'tm_task_command', u'clusterid', u'tm_debug_files', u'tm_submitter_ip_addr', u'tm_ignore_global_blacklist', u'tm_last_publication']}}
INFO 2017-11-15 09:17:56,752: 	 CRAB project directory:		/uscms_data/d3/samuellh/WorkingArea/TauAnalysis/CMSSW_9_3_2/src/PUAnalysis/VBFtt2017/crab/VBF50/crab_20171115_073730
INFO 2017-11-15 09:17:56,752: 	 Task name:			171115_133757:shigginb_crab_20171115_073730
INFO 2017-11-15 09:17:56,752: 	 Grid scheduler:			crab3@vocms0199.cern.ch
INFO 2017-11-15 09:17:56,752: 	 Status on the CRAB server:	SUBMITTED
INFO 2017-11-15 09:17:56,752: 	 Task URL to use for HELP:	https://cmsweb.cern.ch/crabserver/ui/task/171115_133757%3Ashigginb_crab_20171115_073730
INFO 2017-11-15 09:17:56,753: 	 Dashboard monitoring URL:	http://dashb-cms-job.cern.ch/dashboard/templates/task-analysis/#user=shigginb&refresh=0&table=Jobs&p=1&records=25&activemenu=2&status=&site=&tid=171115_133757%3Ashigginb_crab_20171115_073730
DEBUG 2017-11-15 09:17:56,753: 	 The CRAB server submitted your task to the Grid scheduler (cluster ID: 13359988)
DEBUG 2017-11-15 09:17:56,753: 	 Webdir is located at http://vocms0199.cern.ch/mon/cms1359/171115_133757:shigginb_crab_20171115_073730
DEBUG 2017-11-15 09:17:58,583: 	 Proxied webdir is located at https://cmsweb.cern.ch/scheddmon/0199/cms1359/171115_133757:shigginb_crab_20171115_073730
DEBUG 2017-11-15 09:17:58,583: 	 Retrieving 'status_cache' file from https://cmsweb.cern.ch/scheddmon/0199/cms1359/171115_133757:shigginb_crab_20171115_073730/status_cache
DEBUG 2017-11-15 09:18:00,404: 	 Got information from status cache file: {'10': {'Retries': 0, 'WallDurations': [958.0], 'StartTimes': [1510753293.0], 'SubmitTimes': [1510753140.0], 'JobIds': ['13360027.0'], 'EndTimes': [1510754251.0], 'Restarts': 0, 'RecordedSite': False, 'State': 'finished', 'ResidentSetSize': [1833568], 'TotalUserCpuTimeHistory': [784], 'SiteHistory': ['Unknown'], 'TotalSysCpuTimeHistory': [16]}, '1': {'Retries': 0, 'WallDurations': [112.0], 'StartTimes': [1510753401.0], 'SubmitTimes': [1510753137.0], 'JobIds': ['13360020.0'], 'EndTimes': [1510753513.0], 'Restarts': 0, 'RecordedSite': False, 'State': 'finished', 'ResidentSetSize': [2816], 'TotalUserCpuTimeHistory': [88], 'SiteHistory': ['Unknown'], 'TotalSysCpuTimeHistory': [4]}, '3': {'Retries': 0, 'WallDurations': [2233.0], 'StartTimes': [1510753306.0], 'SubmitTimes': [1510753137.0], 'JobIds': ['13360022.0'], 'EndTimes': [1510755539.0], 'Restarts': 0, 'RecordedSite': False, 'State': 'finished', 'ResidentSetSize': [1953044], 'TotalUserCpuTimeHistory': [1032], 'SiteHistory': ['Unknown'], 'TotalSysCpuTimeHistory': [23]}, '2': {'Retries': 0, 'WallDurations': [62.0], 'StartTimes': [1510753300.0], 'SubmitTimes': [1510753138.0], 'JobIds': ['13360023.0'], 'EndTimes': [1510753362.0], 'Restarts': 0, 'RecordedSite': False, 'State': 'finished', 'ResidentSetSize': [2808], 'TotalUserCpuTimeHistory': [32], 'SiteHistory': ['Unknown'], 'TotalSysCpuTimeHistory': [2]}, '5': {'Retries': 0, 'WallDurations': [301.0], 'StartTimes': [1510753177.0], 'SubmitTimes': [1510753138.0], 'JobIds': ['13360025.0'], 'EndTimes': [1510753478.0], 'Restarts': 0, 'RecordedSite': False, 'State': 'finished', 'ResidentSetSize': [18516], 'TotalUserCpuTimeHistory': [236], 'SiteHistory': ['Unknown'], 'TotalSysCpuTimeHistory': [4]}, '4': {'Retries': 0, 'WallDurations': [263.0], 'StartTimes': [1510753300.0], 'SubmitTimes': [1510753140.0], 'JobIds': ['13360026.0'], 'EndTimes': [1510753563.0], 'Restarts': 0, 'RecordedSite': False, 'State': 'finished', 'ResidentSetSize': [2772], 'TotalUserCpuTimeHistory': [176], 'SiteHistory': ['Unknown'], 'TotalSysCpuTimeHistory': [7]}, '7': {'Retries': 0, 'WallDurations': [349.0], 'StartTimes': [1510753205.0], 'SubmitTimes': [1510753137.0], 'JobIds': ['13360018.0'], 'EndTimes': [1510753554.0], 'Restarts': 0, 'RecordedSite': False, 'State': 'finished', 'ResidentSetSize': [1821632], 'TotalUserCpuTimeHistory': [284], 'SiteHistory': ['Unknown'], 'TotalSysCpuTimeHistory': [13]}, '6': {'Retries': 0, 'WallDurations': [772.0], 'StartTimes': [1510753289.0], 'SubmitTimes': [1510753138.0], 'JobIds': ['13360024.0'], 'EndTimes': [1510754061.0], 'Restarts': 0, 'RecordedSite': False, 'State': 'finished', 'ResidentSetSize': [742100], 'TotalUserCpuTimeHistory': [234], 'SiteHistory': ['Unknown'], 'TotalSysCpuTimeHistory': [12]}, '9': {'Retries': 0, 'WallDurations': [1248.0], 'StartTimes': [1510753280.0], 'SubmitTimes': [1510753137.0], 'JobIds': ['13360021.0'], 'EndTimes': [1510754528.0], 'Restarts': 0, 'RecordedSite': False, 'State': 'finished', 'ResidentSetSize': [753720], 'TotalUserCpuTimeHistory': [173], 'SiteHistory': ['Unknown'], 'TotalSysCpuTimeHistory': [14]}, '8': {'Retries': 0, 'WallDurations': [350.0], 'StartTimes': [1510753201.0], 'SubmitTimes': [1510753137.0], 'JobIds': ['13360019.0'], 'EndTimes': [1510753551.0], 'Restarts': 0, 'RecordedSite': False, 'State': 'finished', 'ResidentSetSize': [1838316], 'TotalUserCpuTimeHistory': [277], 'SiteHistory': ['Unknown'], 'TotalSysCpuTimeHistory': [9]}}
INFO 2017-11-15 09:18:00,404: 	 Status on the scheduler:	COMPLETED
INFO 2017-11-15 09:18:00,404: 	 
Jobs status:                    finished      100.0% (10/10)
INFO 2017-11-15 09:18:00,405: 	 
No publication information (publication has been disabled in the CRAB configuration file)
INFO 2017-11-15 09:18:00,415: 	 Log file is /uscms_data/d3/samuellh/WorkingArea/TauAnalysis/CMSSW_9_3_2/src/PUAnalysis/VBFtt2017/crab/VBF50/crab_20171115_073730/crab.log
