('The system path in the config file ', ['/cvmfs/cms.cern.ch/crab3/slc6_amd64_gcc493/cms/crabclient/3.3.1707.patch1/bin', '/uscms_data/d3/samuellh/WorkingArea/TauAnalysis/CMSSW_9_3_2/python', '/uscms_data/d3/samuellh/WorkingArea/TauAnalysis/CMSSW_9_3_2/lib/slc6_amd64_gcc630', '/cvmfs/cms.cern.ch/slc6_amd64_gcc630/cms/cmssw/CMSSW_9_3_2/python', '/cvmfs/cms.cern.ch/slc6_amd64_gcc630/cms/cmssw/CMSSW_9_3_2/lib/slc6_amd64_gcc630', '/cvmfs/cms.cern.ch/slc6_amd64_gcc630/cms/coral/CORAL_2_3_21-ghjeda6/slc6_amd64_gcc630/python', '/cvmfs/cms.cern.ch/slc6_amd64_gcc630/cms/coral/CORAL_2_3_21-ghjeda6/slc6_amd64_gcc630/lib', '/cvmfs/cms.cern.ch/slc6_amd64_gcc630/external/professor2/2.2.1-ghjeda6/lib/python2.7/site-packages', '/cvmfs/cms.cern.ch/slc6_amd64_gcc630/external/pyqt/4.11.4-mlhled2/lib/python2.7/site-packages', '/cvmfs/cms.cern.ch/slc6_amd64_gcc630/external/sherpa/2.2.4-ghjeda/lib/python2.7/site-packages', '/cvmfs/cms.cern.ch/slc6_amd64_gcc630/external/rivet/2.5.2-ghjeda4/lib/python2.7/site-packages', '/cvmfs/cms.cern.ch/slc6_amd64_gcc630/external/python-ldap/2.4.10-mlhled2/lib/python2.7/site-packages', '/cvmfs/cms.cern.ch/slc6_amd64_gcc630/external/py2-matplotlib/1.5.2-njopjo/lib/python2.7/site-packages', '/cvmfs/cms.cern.ch/slc6_amd64_gcc630/external/sip/4.17-mlhled2/lib/python2.7/site-packages', '/cvmfs/cms.cern.ch/slc6_amd64_gcc630/external/llvm/4.0.0-njopjo/lib64/python2.7/site-packages', '/cvmfs/cms.cern.ch/slc6_amd64_gcc630/external/py2-sqlalchemy/1.1.4-mlhled2/lib/python2.7/site-packages', '/cvmfs/cms.cern.ch/slc6_amd64_gcc630/external/py2-lint/0.25.1-mlhled2/lib/python2.7/site-packages', '/cvmfs/cms.cern.ch/slc6_amd64_gcc630/external/py2-dxr/1.0-ghjeda6/lib/python2.7/site-packages', '/cvmfs/cms.cern.ch/slc6_amd64_gcc630/external/py2-cx-oracle/5.2.1-mlhled2/lib/python2.7/site-packages', '/cvmfs/cms.cern.ch/slc6_amd64_gcc630/external/py2-numpy/1.12.1-mlhled2/lib/python2.7/site-packages', '/cvmfs/cms.cern.ch/slc6_amd64_gcc630/external/frontier_client/2.8.20-mlhled2/python/lib', '/cvmfs/cms.cern.ch/slc6_amd64_gcc630/cms/das_client/v03.01.00-mlhled2/bin', '/cvmfs/cms.cern.ch/slc6_amd64_gcc630/external/xrootd/4.6.1/lib/python2.7/site-packages', '/cvmfs/cms.cern.ch/slc6_amd64_gcc630/external/yoda/1.6.5-ghjeda4/lib/python2.7/site-packages', '/cvmfs/cms.cern.ch/slc6_amd64_gcc630/lcg/root/6.10.04-ghjeda/lib', '/cvmfs/cms.cern.ch/slc6_amd64_gcc630/external/pyminuit2/0.0.1-ghjeda4/lib/python2.7/site-packages', '/cvmfs/cms.cern.ch/slc6_amd64_gcc630/external/py2-PyYAML/3.11-mlhled2/lib/python2.7/site-packages', '/cvmfs/cms.cern.ch/slc6_amd64_gcc630/external/py2-pygithub/1.23.0-mlhled2/lib/python2.7/site-packages', '/cvmfs/cms.cern.ch/slc6_amd64_gcc630/external/py2-pip/9.0.1-mlhled2/lib/python2.7/site-packages', '/cvmfs/cms.cern.ch/slc6_amd64_gcc630/external/py2-dablooms/0.9.1-mlhled2/lib/python2.7/site-packages', '/cvmfs/cms.cern.ch/slc6_amd64_gcc630/external/py2-pippkgs_depscipy/3.0-ghjeda6/lib/python2.7/site-packages', '/cvmfs/cms.cern.ch/slc6_amd64_gcc630/external/py2-pippkgs/5.0-ghjeda6/lib/python2.7/site-packages', '/cvmfs/cms.cern.ch/slc6_amd64_gcc630/external/professor/1.4.0-ghjeda4/lib/python2.7/site-packages', '/cvmfs/cms.cern.ch/slc6_amd64_gcc630/cms/dbs-client/DBS_2_1_9-mlhled2/lib', '/cvmfs/cms.cern.ch/slc6_amd64_gcc630/cms/dbs-client/DBS_2_1_9-mlhled2/lib/DBSAPI', '/cvmfs/cms.cern.ch/slc6_amd64_gcc630/external/cvs2git/5419-mlhled2/lib', '/cvmfs/cms.cern.ch/crab3/slc6_amd64_gcc493/cms/crabclient/3.3.1707.patch1/lib/python2.7/site-packages', '/cvmfs/cms.cern.ch/crab3/slc6_amd64_gcc493/cms/dbs3-client/3.4.4/lib/python2.7/site-packages', '/cvmfs/cms.cern.ch/crab3/slc6_amd64_gcc493/cms/dbs3-pycurl-client/3.4.4/lib/python2.7/site-packages', '/cvmfs/cms.cern.ch/slc6_amd64_gcc630/external/py2-sqlalchemy/1.1.4-mlhled2/lib/python2.7/site-packages/SQLAlchemy-1.1.4-py2.7-linux-x86_64.egg', '/cvmfs/cms.cern.ch/slc6_amd64_gcc630/external/py2-numpy/1.12.1-mlhled2/lib/python2.7/site-packages/numpy-1.12.1-py2.7-linux-x86_64.egg', '/cvmfs/cms.cern.ch/slc6_amd64_gcc630/external/python/2.7.11-mlhled2/lib/python27.zip', '/cvmfs/cms.cern.ch/slc6_amd64_gcc630/external/python/2.7.11-mlhled2/lib/python2.7', '/cvmfs/cms.cern.ch/slc6_amd64_gcc630/external/python/2.7.11-mlhled2/lib/python2.7/plat-linux2', '/cvmfs/cms.cern.ch/slc6_amd64_gcc630/external/python/2.7.11-mlhled2/lib/python2.7/lib-tk', '/cvmfs/cms.cern.ch/slc6_amd64_gcc630/external/python/2.7.11-mlhled2/lib/python2.7/lib-old', '/cvmfs/cms.cern.ch/slc6_amd64_gcc630/external/python/2.7.11-mlhled2/lib/python2.7/lib-dynload', '/cvmfs/cms.cern.ch/slc6_amd64_gcc630/external/python/2.7.11-mlhled2/lib/python2.7/site-packages', '/uscms_data/d3/samuellh/WorkingArea/TauAnalysis/CMSSW_9_3_2/src/PUAnalysis/VBFtt2017/crab/VBF40'])
 ##################################################################### 
 # WARNING: the module CondCore.DBCommon.CondDBSetup is deprecated.  # 
 # Please import CondCore.CondDB.CondDB_cfi                          # 
 ##################################################################### 
recorrecting the jets
List Of Filters
['processedEvents', 'initialEventsTT', 'DiMuonCreation', 'AtLeastOneDiTau', 'TTTauPtEta', 'TTTauDecayFound', 'TTTauStandardDecayFound', 'TTTauDRSel', 'TTSync', 'TTAntiEle', 'TTAntiMu', 'TTIso', 'TTOS']
DEBUG 2017-11-15 07:32:29,285: 	 Executing command: 'submit'
DEBUG 2017-11-15 07:32:29,285: 	 Found CRAB cache file /uscms/home/samuellh/.crab3
DEBUG 2017-11-15 07:32:29,293: 	 Checking credentials
DEBUG 2017-11-15 07:32:29,293: 	 Found proxy file /tmp/x509up_u52190
DEBUG 2017-11-15 07:32:29,293: 	 Getting proxy life time left
DEBUG 2017-11-15 07:32:29,397: 	 Executing : 
 command : voms-proxy-info -file /tmp/x509up_u52190 -timeleft
 output : 82934

 error: 
 retcode : 0
DEBUG 2017-11-15 07:32:29,500: 	 Executing : 
 command : voms-proxy-info -file /tmp/x509up_u52190 -actimeleft
 output : 82933

 error: 
 retcode : 0
DEBUG 2017-11-15 07:32:29,501: 	 Proxy valid for 23:02:14 hours
INFO 2017-11-15 07:32:29,501: 	 Will use CRAB configuration file crab3_TT_MC.py
DEBUG 2017-11-15 07:32:29,501: 	 Loading CRAB configuration file.
DEBUG 2017-11-15 07:32:29,509: 	 Will use CRAB Analysis plugin (i.e. will run an analysis job type).
DEBUG 2017-11-15 07:32:29,626: 	 Executing : 
 command : openssl x509 -in ~/.globus/usercert.pem -subject -noout
 output : subject= /DC=ch/DC=cern/OU=Organic Units/OU=Users/CN=shigginb/CN=785176/CN=Sam Higginbotham

 error: 
 retcode : 0
DEBUG 2017-11-15 07:32:29,626: 	 Checking credentials
DEBUG 2017-11-15 07:32:29,626: 	 Found proxy file /tmp/x509up_u52190
DEBUG 2017-11-15 07:32:29,626: 	 Getting proxy life time left
DEBUG 2017-11-15 07:32:29,729: 	 Executing : 
 command : voms-proxy-info -file /tmp/x509up_u52190 -timeleft
 output : 82934

 error: 
 retcode : 0
DEBUG 2017-11-15 07:32:29,833: 	 Executing : 
 command : voms-proxy-info -file /tmp/x509up_u52190 -actimeleft
 output : 82933

 error: 
 retcode : 0
DEBUG 2017-11-15 07:32:29,833: 	 Proxy valid for 23:02:14 hours
DEBUG 2017-11-15 07:32:29,937: 	 Executing : 
 command : env X509_USER_PROXY=/tmp/x509up_u52190 voms-proxy-info -fqan
 output : /cms/Role=NULL/Capability=NULL

 error: 
 retcode : 0
DEBUG 2017-11-15 07:32:31,684: 	 Registering user credentials for server /DC=ch/DC=cern/OU=computers/CN=vocms(045|052|021|031|0118|0118a|0119|0108|0105|0109).cern.ch
DEBUG 2017-11-15 07:32:31,792: 	 Executing : 
 command : openssl x509 -in ~/.globus/usercert.pem -subject -noout
 output : subject= /DC=ch/DC=cern/OU=Organic Units/OU=Users/CN=shigginb/CN=785176/CN=Sam Higginbotham

 error: 
 retcode : 0
DEBUG 2017-11-15 07:32:31,793: 	 Getting myproxy life time left for myproxy.cern.ch
DEBUG 2017-11-15 07:32:31,793: 	 Calculating hash of /DC=ch/DC=cern/OU=Organic Units/OU=Users/CN=shigginb/CN=785176/CN=Sam Higginbotham_cmsweb.cern.ch for credential name
DEBUG 2017-11-15 07:32:32,597: 	 Executing : 
 command : myproxy-info -l 2f318c7a260d78734589f2cc772d26b8be79ec6c -s myproxy.cern.ch
 output : username: 2f318c7a260d78734589f2cc772d26b8be79ec6c
owner: /DC=ch/DC=cern/OU=Organic Units/OU=Users/CN=shigginb/CN=785176/CN=Sam Higginbotham
  renewal policy: /DC=ch/DC=cern/OU=computers/CN=vocms(045|052|021|031|0118|0118a|0119|0108|0105|0109).cern.ch
  trusted retrieval policy: /DC=ch/DC=cern/OU=computers/CN=vocms(045|052|021|031|0118|0118a|0119|0108|0105|0109).cern.ch
  timeleft: 431:51:09  (18.0 days)

 error: 
 retcode : 0
DEBUG 2017-11-15 07:32:32,599: 	 Myproxy is valid: 1554669
DEBUG 2017-11-15 07:32:32,599: 	 Command use: submit
DEBUG 2017-11-15 07:32:32,599: 	 Options use: ['-c', 'crab3_TT_MC.py']
DEBUG 2017-11-15 07:32:34,274: 	 CRABClient version: 3.3.1707.patch1
DEBUG 2017-11-15 07:32:34,274: 	 Instance is prod
DEBUG 2017-11-15 07:32:34,274: 	 Server base url is cmsweb.cern.ch
DEBUG 2017-11-15 07:32:34,274: 	 Command url /crabserver/prod/workflow
DEBUG 2017-11-15 07:32:34,274: 	 Started submission
DEBUG 2017-11-15 07:32:34,274: 	 Working on /uscms_data/d3/samuellh/WorkingArea/TauAnalysis/CMSSW_9_3_2/src/PUAnalysis/VBFtt2017/crab/VBF40/crab_20171115_073229
DEBUG 2017-11-15 07:32:35,895: 	 Loading required information from the environment
DEBUG 2017-11-15 07:32:35,895: 	 Found CMSSW_9_3_2 for slc6_amd64_gcc630 with base /uscms_data/d3/samuellh/WorkingArea/TauAnalysis/CMSSW_9_3_2
DEBUG 2017-11-15 07:32:35,895: 	 Loading required information from the environment
DEBUG 2017-11-15 07:32:35,895: 	 Found CMSSW_9_3_2 for slc6_amd64_gcc630 with base /uscms_data/d3/samuellh/WorkingArea/TauAnalysis/CMSSW_9_3_2
DEBUG 2017-11-15 07:32:35,908: 	 UNIQUE NAME: tarUUID 3782326c-a969-49e9-b394-a1f8f2d6e883 
DEBUG 2017-11-15 07:32:35,908: 	 self.config: from WMCore.Configuration import Configuration
config = Configuration()
config.section_('General')
config.section_('JobType')
config.JobType.psetName = '../../../TT-MC-Up.py'
config.JobType.pluginName = 'Analysis'
config.JobType.inputFiles = ['../../../Configuration/data/PhaseIISummer16_25nsV3_MC.db']
config.JobType.outputFiles = ['analysis.root']
config.JobType.allowUndistributedCMSSW = True
config.section_('Data')
config.Data.inputDataset = '/ST_tch_14TeV_antitop_incl-powheg-pythia8-madspin/PhaseIITDRFall17MiniAOD-PU200_93X_upgrade2023_realistic_v2-v1/MINIAODSIM'
config.Data.unitsPerJob = 1
config.Data.publication = False
config.Data.inputDBS = 'global'
config.Data.splitting = 'FileBased'
config.section_('Site')
config.Site.storageSite = 'T3_US_FNALLPC'
config.section_('User')
config.section_('Debug')

DEBUG 2017-11-15 07:32:35,908: 	 self.config.JobType.psetName: ../../../TT-MC-Up.py
INFO 2017-11-15 07:32:35,908: 	 Importing CMSSW configuration ../../../TT-MC-Up.py
INFO 2017-11-15 07:32:38,370: 	 Finished importing CMSSW configuration ../../../TT-MC-Up.py
DEBUG 2017-11-15 07:32:38,370: 	 Writing CMSSW configuration to /uscms_data/d3/samuellh/WorkingArea/TauAnalysis/CMSSW_9_3_2/src/PUAnalysis/VBFtt2017/crab/VBF40/crab_20171115_073229/inputs/PSet.py
DEBUG 2017-11-15 07:32:39,259: 	 The following EDM output files will be collected: []
DEBUG 2017-11-15 07:32:39,259: 	 The following TFile output files will be collected: ['analysis.root']
DEBUG 2017-11-15 07:32:39,259: 	 The following user output files will be collected: []
DEBUG 2017-11-15 07:32:39,259: 	 Loading required information from the environment
DEBUG 2017-11-15 07:32:39,259: 	 Found CMSSW_9_3_2 for slc6_amd64_gcc630 with base /uscms_data/d3/samuellh/WorkingArea/TauAnalysis/CMSSW_9_3_2
DEBUG 2017-11-15 07:32:39,259: 	 Making tarball in /uscms_data/d3/samuellh/WorkingArea/TauAnalysis/CMSSW_9_3_2/src/PUAnalysis/VBFtt2017/crab/VBF40/crab_20171115_073229/inputs/3782326c-a969-49e9-b394-a1f8f2d6e883default.tgz
DEBUG 2017-11-15 07:32:39,263: 	 Checking directory /uscms_data/d3/samuellh/WorkingArea/TauAnalysis/CMSSW_9_3_2/lib
DEBUG 2017-11-15 07:32:39,263: 	 Adding directory /uscms_data/d3/samuellh/WorkingArea/TauAnalysis/CMSSW_9_3_2/lib to tarball
DEBUG 2017-11-15 07:32:40,184: 	 Checking directory /uscms_data/d3/samuellh/WorkingArea/TauAnalysis/CMSSW_9_3_2/biglib
DEBUG 2017-11-15 07:32:40,184: 	 Adding directory /uscms_data/d3/samuellh/WorkingArea/TauAnalysis/CMSSW_9_3_2/biglib to tarball
DEBUG 2017-11-15 07:32:40,186: 	 Checking directory /uscms_data/d3/samuellh/WorkingArea/TauAnalysis/CMSSW_9_3_2/module
DEBUG 2017-11-15 07:32:40,300: 	 Adding data directory /uscms_data/d3/samuellh/WorkingArea/TauAnalysis/CMSSW_9_3_2/src/PUAnalysis/Configuration/data to tarball
DEBUG 2017-11-15 07:32:42,784: 	 Adding data directory /uscms_data/d3/samuellh/WorkingArea/TauAnalysis/CMSSW_9_3_2/src/PUAnalysis/DataFormats/interface to tarball
DEBUG 2017-11-15 07:32:42,792: 	 Adding data directory /uscms_data/d3/samuellh/WorkingArea/TauAnalysis/CMSSW_9_3_2/src/PUAnalysis/NtupleTools/interface to tarball
DEBUG 2017-11-15 07:32:42,797: 	 Adding data directory /uscms_data/d3/samuellh/WorkingArea/TauAnalysis/CMSSW_9_3_2/src/PUAnalysis/RecoTools/interface to tarball
DEBUG 2017-11-15 07:32:42,986: 	 Adding file ../../../Configuration/data/PhaseIISummer16_25nsV3_MC.db to tarball
DEBUG 2017-11-15 07:32:43,303: 	 Uploading archive /uscms_data/d3/samuellh/WorkingArea/TauAnalysis/CMSSW_9_3_2/src/PUAnalysis/VBFtt2017/crab/VBF40/crab_20171115_073229/inputs/3782326c-a969-49e9-b394-a1f8f2d6e883default.tgz (11 MB) to the CRAB cache. Using URI https://cmsweb.cern.ch/crabcache
DEBUG 2017-11-15 07:32:50,407: 	 Loading required information from the environment
DEBUG 2017-11-15 07:32:50,408: 	 Found CMSSW_9_3_2 for slc6_amd64_gcc630 with base /uscms_data/d3/samuellh/WorkingArea/TauAnalysis/CMSSW_9_3_2
DEBUG 2017-11-15 07:32:50,408: 	 Making tarball in /uscms_data/d3/samuellh/WorkingArea/TauAnalysis/CMSSW_9_3_2/src/PUAnalysis/VBFtt2017/crab/VBF40/crab_20171115_073229/inputs/debugFiles.tgz
DEBUG 2017-11-15 07:32:50,413: 	 Uploading archive /uscms_data/d3/samuellh/WorkingArea/TauAnalysis/CMSSW_9_3_2/src/PUAnalysis/VBFtt2017/crab/VBF40/crab_20171115_073229/inputs/debugFiles.tgz (2 KB) to the CRAB cache. Using URI https://cmsweb.cern.ch/crabcache
DEBUG 2017-11-15 07:32:52,371: 	 Result uploading input files: 4e198fb019d07e682a8bd09208595d4eb73bac82ae7f6e24154a54b4451cc952.tar.gz 
INFO 2017-11-15 07:32:52,371: 	 Sending the request to the server
DEBUG 2017-11-15 07:32:52,371: 	 Submitting {'maxjobruntime': 1250, 'extrajdl': [], 'ignorelocality': 0, 'savelogsflag': 0, 'useparent': 0, 'asyncdest': 'T3_US_FNALLPC', 'algoargs': 1, 'cachefilename': '4e198fb019d07e682a8bd09208595d4eb73bac82ae7f6e24154a54b4451cc952.tar.gz', 'numcores': 1, 'addoutputfiles': [], 'generator': 'pythia', 'maxmemory': 2000, 'publishdbsurl': 'https://cmsweb.cern.ch/dbs/prod/phys03/DBSWriter', 'priority': 10, 'jobsw': 'CMSSW_9_3_2', 'edmoutfiles': [], 'userfiles': [], 'primarydataset': '', 'inputdata': '/ST_tch_14TeV_antitop_incl-powheg-pythia8-madspin/PhaseIITDRFall17MiniAOD-PU200_93X_upgrade2023_realistic_v2-v1/MINIAODSIM', 'dryrun': 0, 'workflow': 'crab_20171115_073229', 'cacheurl': u'https://cmsweb.cern.ch/crabcache', 'nonprodsw': 1, 'tfileoutfiles': ['analysis.root'], 'oneEventMode': 0, 'debugfilename': 'e43b86bc6c06440b72a181d6d497a222d703286d86412ebb63f975686cb92b8e.tar.gz', 'saveoutput': 1, 'publication': 0, 'jobarch': 'slc6_amd64_gcc630', 'totalunits': 0, 'splitalgo': 'FileBased', 'ignoreglobalblacklist': 0, 'nonvaliddata': 0, 'dbsurl': 'https://cmsweb.cern.ch/dbs/prod/global/DBSReader', 'publishgroupname': 0, 'jobtype': 'Analysis', 'publishname2': ''} 
DEBUG 2017-11-15 07:32:52,372: 	 Encoded submit request: maxjobruntime=1250&ignorelocality=0&savelogsflag=0&useparent=0&asyncdest=T3_US_FNALLPC&algoargs=1&cachefilename=4e198fb019d07e682a8bd09208595d4eb73bac82ae7f6e24154a54b4451cc952.tar.gz&numcores=1&generator=pythia&maxmemory=2000&publishdbsurl=https%3A%2F%2Fcmsweb.cern.ch%2Fdbs%2Fprod%2Fphys03%2FDBSWriter&priority=10&jobsw=CMSSW_9_3_2&primarydataset=&inputdata=%2FST_tch_14TeV_antitop_incl-powheg-pythia8-madspin%2FPhaseIITDRFall17MiniAOD-PU200_93X_upgrade2023_realistic_v2-v1%2FMINIAODSIM&dryrun=0&workflow=crab_20171115_073229&cacheurl=https%3A%2F%2Fcmsweb.cern.ch%2Fcrabcache&nonprodsw=1&oneEventMode=0&debugfilename=e43b86bc6c06440b72a181d6d497a222d703286d86412ebb63f975686cb92b8e.tar.gz&saveoutput=1&publication=0&jobarch=slc6_amd64_gcc630&totalunits=0&splitalgo=FileBased&ignoreglobalblacklist=0&nonvaliddata=0&dbsurl=https%3A%2F%2Fcmsweb.cern.ch%2Fdbs%2Fprod%2Fglobal%2FDBSReader&publishgroupname=0&jobtype=Analysis&publishname2=&tfileoutfiles=analysis.root
DEBUG 2017-11-15 07:32:54,656: 	 Result: {u'result': [{u'RequestName': u'171115_133254:shigginb_crab_20171115_073229'}]}
INFO 2017-11-15 07:32:54,713: 	 Success: Your task has been delivered to the CRAB3 server.
INFO 2017-11-15 07:32:54,713: 	 Task name: 171115_133254:shigginb_crab_20171115_073229
INFO 2017-11-15 07:32:54,713: 	 Please use 'crab status' to check how the submission process proceeds.
DEBUG 2017-11-15 07:32:54,714: 	 About to return
INFO 2017-11-15 07:32:54,719: 	 Log file is /uscms_data/d3/samuellh/WorkingArea/TauAnalysis/CMSSW_9_3_2/src/PUAnalysis/VBFtt2017/crab/VBF40/crab_20171115_073229/crab.log
DEBUG 2017-11-15 08:02:43,401: 	 Executing command: 'status'
DEBUG 2017-11-15 08:02:43,401: 	 Found CRAB cache file /uscms/home/samuellh/.crab3
DEBUG 2017-11-15 08:02:43,408: 	 Checking credentials
DEBUG 2017-11-15 08:02:43,409: 	 Found proxy file /tmp/x509up_u52190
DEBUG 2017-11-15 08:02:43,409: 	 Getting proxy life time left
DEBUG 2017-11-15 08:02:43,511: 	 Executing : 
 command : voms-proxy-info -file /tmp/x509up_u52190 -timeleft
 output : 81120

 error: 
 retcode : 0
DEBUG 2017-11-15 08:02:43,615: 	 Executing : 
 command : voms-proxy-info -file /tmp/x509up_u52190 -actimeleft
 output : 81119

 error: 
 retcode : 0
DEBUG 2017-11-15 08:02:43,615: 	 Proxy valid for 22:32:00 hours
DEBUG 2017-11-15 08:02:43,728: 	 Executing : 
 command : openssl x509 -in ~/.globus/usercert.pem -subject -noout
 output : subject= /DC=ch/DC=cern/OU=Organic Units/OU=Users/CN=shigginb/CN=785176/CN=Sam Higginbotham

 error: 
 retcode : 0
DEBUG 2017-11-15 08:02:43,729: 	 Checking credentials
DEBUG 2017-11-15 08:02:43,729: 	 Found proxy file /tmp/x509up_u52190
DEBUG 2017-11-15 08:02:43,729: 	 Getting proxy life time left
DEBUG 2017-11-15 08:02:43,832: 	 Executing : 
 command : voms-proxy-info -file /tmp/x509up_u52190 -timeleft
 output : 81120

 error: 
 retcode : 0
DEBUG 2017-11-15 08:02:43,935: 	 Executing : 
 command : voms-proxy-info -file /tmp/x509up_u52190 -actimeleft
 output : 81119

 error: 
 retcode : 0
DEBUG 2017-11-15 08:02:43,935: 	 Proxy valid for 22:32:00 hours
DEBUG 2017-11-15 08:02:45,694: 	 Registering user credentials for server /DC=ch/DC=cern/OU=computers/CN=vocms(045|052|021|031|0118|0118a|0119|0108|0105|0109).cern.ch
DEBUG 2017-11-15 08:02:45,810: 	 Executing : 
 command : openssl x509 -in ~/.globus/usercert.pem -subject -noout
 output : subject= /DC=ch/DC=cern/OU=Organic Units/OU=Users/CN=shigginb/CN=785176/CN=Sam Higginbotham

 error: 
 retcode : 0
DEBUG 2017-11-15 08:02:45,811: 	 Getting myproxy life time left for myproxy.cern.ch
DEBUG 2017-11-15 08:02:45,811: 	 Calculating hash of /DC=ch/DC=cern/OU=Organic Units/OU=Users/CN=shigginb/CN=785176/CN=Sam Higginbotham_cmsweb.cern.ch for credential name
DEBUG 2017-11-15 08:02:46,515: 	 Executing : 
 command : myproxy-info -l 2f318c7a260d78734589f2cc772d26b8be79ec6c -s myproxy.cern.ch
 output : username: 2f318c7a260d78734589f2cc772d26b8be79ec6c
owner: /DC=ch/DC=cern/OU=Organic Units/OU=Users/CN=shigginb/CN=785176/CN=Sam Higginbotham
  renewal policy: /DC=ch/DC=cern/OU=computers/CN=vocms(045|052|021|031|0118|0118a|0119|0108|0105|0109).cern.ch
  trusted retrieval policy: /DC=ch/DC=cern/OU=computers/CN=vocms(045|052|021|031|0118|0118a|0119|0108|0105|0109).cern.ch
  timeleft: 431:20:55  (18.0 days)

 error: 
 retcode : 0
DEBUG 2017-11-15 08:02:46,516: 	 Myproxy is valid: 1552855
DEBUG 2017-11-15 08:02:46,516: 	 Command use: status
DEBUG 2017-11-15 08:02:46,516: 	 Options use: ['-d', 'crab_20171115_073229/']
DEBUG 2017-11-15 08:02:48,221: 	 CRABClient version: 3.3.1707.patch1
DEBUG 2017-11-15 08:02:48,221: 	 Instance is prod
DEBUG 2017-11-15 08:02:48,221: 	 Server base url is cmsweb.cern.ch
DEBUG 2017-11-15 08:02:48,221: 	 Command url /crabserver/prod/workflow
DEBUG 2017-11-15 08:02:49,840: 	 Got information from server oracle database: {u'result': [u'171115_133254:shigginb_crab_20171115_073229', u'None', u'SUBMITTED', u'2017-11-15 13:32:54.563441', u'None', u'2017-11-15 13:34:24.854748', u'None', u'CMSSW_9_3_2', u'slc6_amd64_gcc630', u'/ST_tch_14TeV_antitop_incl-powheg-pythia8-madspin/PhaseIITDRFall17MiniAOD-PU200_93X_upgrade2023_realistic_v2-v1/MINIAODSIM', u'[]', u'[]', u'FileBased', u"{'splitOnRun': False, 'halt_job_on_file_boundaries': False, 'files_per_job': 1, 'runs': [], 'lumis': []}", u'0', u'4e198fb019d07e682a8bd09208595d4eb73bac82ae7f6e24154a54b4451cc952.tar.gz', u'https://cmsweb.cern.ch/crabcache', u'shigginb', u'/DC=ch/DC=cern/OU=Organic Units/OU=Users/CN=shigginb/CN=785176/CN=Sam Higginbotham', u'cms', u'None', u'None', u'crab_20171115_073229-00000000000000000000000000000000', u'T3_US_FNALLPC', u'https://cmsweb.cern.ch/dbs/prod/global/DBSReader', u'https://cmsweb.cern.ch/dbs/prod/phys03/DBSWriter', u'F', u'Analysis', u'{}', u'[]', u'F', u'vocms052', u'[]', u'1250', u'1', u'2000', u'10', u'None', u'http://vocms0196.cern.ch/mon/cms1359/171115_133254:shigginb_crab_20171115_073229', u'None', u'None', u'[]', u'[]', u'[]', u'pythia', u'[]', u"['analysis.root']", u'[]', u'https://cmsweb.cern.ch/crabserver/prod', u'None', u'0', u'cmssrv221.fnal.gov:9620', u'crab3@vocms0196.cern.ch', u'F', u'[]', u'T', u'/store/user/shigginb/', u'F', u'None', u'F', u'F', u'F', u'None', u'ST_tch_14TeV_antitop_incl-powheg-pythia8-madspin', u'filetransfers', u'SUBMIT', u'13841429', u'e43b86bc6c06440b72a181d6d497a222d703286d86412ebb63f975686cb92b8e.tar.gz', u'131.225.190.56', u'F', u'None'], u'desc': {u'columns': [u'tm_taskname', u'panda_jobset_id', u'tm_task_status', u'tm_start_time', u'tm_start_injection', u'tm_end_injection', u'tm_task_failure', u'tm_job_sw', u'tm_job_arch', u'tm_input_dataset', u'tm_site_whitelist', u'tm_site_blacklist', u'tm_split_algo', u'tm_split_args', u'tm_totalunits', u'tm_user_sandbox', u'tm_cache_url', u'tm_username', u'tm_user_dn', u'tm_user_vo', u'tm_user_role', u'tm_user_group', u'tm_publish_name', u'tm_asyncdest', u'tm_dbs_url', u'tm_publish_dbs_url', u'tm_publication', u'tm_job_type', u'tm_arguments', u'panda_resubmitted_jobs', u'tm_save_logs', u'tw_name', u'tm_user_infiles', u'tm_maxjobruntime', u'tm_numcores', u'tm_maxmemory', u'tm_priority', u'tm_output_dataset', u'tm_user_webdir', u'tm_activity', u'tm_scriptexe', u'tm_scriptargs', u'tm_extrajdl', u'tm_task_warnings', u'tm_generator', u'tm_outfiles', u'tm_tfile_outfiles', u'tm_edm_outfiles', u'tm_asourl', u'tm_events_per_lumi', u'tm_use_parent', u'tm_collector', u'tm_schedd', u'tm_dry_run', u'tm_user_files', u'tm_transfer_outputs', u'tm_output_lfn', u'tm_ignore_locality', u'tm_fail_limit', u'tm_one_event_mode', u'tm_publish_groupname', u'tm_nonvalid_input_dataset', u'tm_secondary_input_dataset', u'tm_primary_dataset', u'tm_asodb', u'tm_task_command', u'clusterid', u'tm_debug_files', u'tm_submitter_ip_addr', u'tm_ignore_global_blacklist', u'tm_last_publication']}}
INFO 2017-11-15 08:02:49,841: 	 CRAB project directory:		/uscms_data/d3/samuellh/WorkingArea/TauAnalysis/CMSSW_9_3_2/src/PUAnalysis/VBFtt2017/crab/VBF40/crab_20171115_073229
INFO 2017-11-15 08:02:49,841: 	 Task name:			171115_133254:shigginb_crab_20171115_073229
INFO 2017-11-15 08:02:49,841: 	 Grid scheduler:			crab3@vocms0196.cern.ch
INFO 2017-11-15 08:02:49,841: 	 Status on the CRAB server:	SUBMITTED
INFO 2017-11-15 08:02:49,841: 	 Task URL to use for HELP:	https://cmsweb.cern.ch/crabserver/ui/task/171115_133254%3Ashigginb_crab_20171115_073229
INFO 2017-11-15 08:02:49,842: 	 Dashboard monitoring URL:	http://dashb-cms-job.cern.ch/dashboard/templates/task-analysis/#user=shigginb&refresh=0&table=Jobs&p=1&records=25&activemenu=2&status=&site=&tid=171115_133254%3Ashigginb_crab_20171115_073229
DEBUG 2017-11-15 08:02:49,842: 	 The CRAB server submitted your task to the Grid scheduler (cluster ID: 13841429)
DEBUG 2017-11-15 08:02:49,842: 	 Webdir is located at http://vocms0196.cern.ch/mon/cms1359/171115_133254:shigginb_crab_20171115_073229
DEBUG 2017-11-15 08:02:51,675: 	 Proxied webdir is located at https://cmsweb.cern.ch/scheddmon/0196/cms1359/171115_133254:shigginb_crab_20171115_073229
DEBUG 2017-11-15 08:02:51,676: 	 Retrieving 'status_cache' file from https://cmsweb.cern.ch/scheddmon/0196/cms1359/171115_133254:shigginb_crab_20171115_073229/status_cache
DEBUG 2017-11-15 08:02:53,256: 	 Got information from status cache file: {'11': {'Retries': 0, 'WallDurations': [67.0], 'StartTimes': [1510753057.0], 'SubmitTimes': [1510752904.0], 'JobIds': ['13841449.0'], 'EndTimes': [1510753124.0], 'Restarts': 0, 'RecordedSite': False, 'State': 'finished', 'ResidentSetSize': [26916], 'TotalUserCpuTimeHistory': [22], 'SiteHistory': ['Unknown'], 'TotalSysCpuTimeHistory': [1]}, '10': {'Retries': 0, 'WallDurations': [470.0], 'StartTimes': [1510753080.0], 'SubmitTimes': [1510752905.0], 'JobIds': ['13841453.0'], 'EndTimes': [1510753550.0], 'Restarts': 0, 'RecordedSite': False, 'State': 'finished', 'ResidentSetSize': [1711408], 'TotalUserCpuTimeHistory': [399], 'SiteHistory': ['Unknown'], 'TotalSysCpuTimeHistory': [8]}, '12': {'Retries': 0, 'WallDurations': [203.0], 'StartTimes': [1510753080.0], 'SubmitTimes': [1510752905.0], 'JobIds': ['13841455.0'], 'EndTimes': [1510753283.0], 'Restarts': 0, 'RecordedSite': False, 'State': 'finished', 'ResidentSetSize': [2604], 'TotalUserCpuTimeHistory': [134], 'SiteHistory': ['Unknown'], 'TotalSysCpuTimeHistory': [3]}, '1': {'Retries': 0, 'WallDurations': [102.0], 'StartTimes': [1510753078.0], 'SubmitTimes': [1510752904.0], 'JobIds': ['13841448.0'], 'EndTimes': [1510753180.0], 'Restarts': 0, 'RecordedSite': False, 'State': 'finished', 'ResidentSetSize': [2688], 'TotalUserCpuTimeHistory': [62], 'SiteHistory': ['Unknown'], 'TotalSysCpuTimeHistory': [1]}, '3': {'Retries': 0, 'WallDurations': [134.0], 'StartTimes': [1510753078.0], 'SubmitTimes': [1510752904.0], 'JobIds': ['13841450.0'], 'EndTimes': [1510753212.0], 'Restarts': 0, 'RecordedSite': False, 'State': 'finished', 'ResidentSetSize': [30428], 'TotalUserCpuTimeHistory': [104], 'SiteHistory': ['Unknown'], 'TotalSysCpuTimeHistory': [2]}, '2': {'Retries': 0, 'WallDurations': [67.0], 'StartTimes': [1510753080.0], 'SubmitTimes': [1510752905.0], 'JobIds': ['13841456.0'], 'EndTimes': [1510753147.0], 'Restarts': 0, 'RecordedSite': False, 'State': 'finished', 'ResidentSetSize': [31992], 'TotalUserCpuTimeHistory': [39], 'SiteHistory': ['Unknown'], 'TotalSysCpuTimeHistory': [1]}, '5': {'Retries': 0, 'WallDurations': [597.0], 'StartTimes': [1510753078.0], 'SubmitTimes': [1510752904.0], 'JobIds': ['13841446.0'], 'EndTimes': [1510753675.0], 'Restarts': 0, 'RecordedSite': False, 'State': 'finished', 'ResidentSetSize': [1730796], 'TotalUserCpuTimeHistory': [503], 'SiteHistory': ['Unknown'], 'TotalSysCpuTimeHistory': [10]}, '4': {'Retries': 0, 'WallDurations': [289.0], 'StartTimes': [1510753079.0], 'SubmitTimes': [1510752904.0], 'JobIds': ['13841445.0'], 'EndTimes': [1510753368.0], 'Restarts': 0, 'RecordedSite': False, 'State': 'finished', 'ResidentSetSize': [2568], 'TotalUserCpuTimeHistory': [230], 'SiteHistory': ['Unknown'], 'TotalSysCpuTimeHistory': [5]}, '7': {'Retries': 0, 'WallDurations': [64.0], 'StartTimes': [1510753080.0], 'SubmitTimes': [1510752905.0], 'JobIds': ['13841451.0'], 'EndTimes': [1510753144.0], 'Restarts': 0, 'RecordedSite': False, 'State': 'finished', 'ResidentSetSize': [2664], 'TotalUserCpuTimeHistory': [41], 'SiteHistory': ['Unknown'], 'TotalSysCpuTimeHistory': [1]}, '6': {'Retries': 0, 'WallDurations': [567.0], 'StartTimes': [1510752984.0], 'SubmitTimes': [1510752904.0], 'JobIds': ['13841447.0'], 'EndTimes': [1510753551.0], 'Restarts': 0, 'RecordedSite': False, 'State': 'finished', 'ResidentSetSize': [653160], 'TotalUserCpuTimeHistory': [158], 'SiteHistory': ['Unknown'], 'TotalSysCpuTimeHistory': [25]}, '9': {'Retries': 0, 'WallDurations': [85.0], 'StartTimes': [1510753132.0], 'SubmitTimes': [1510752905.0], 'JobIds': ['13841454.0'], 'EndTimes': [1510753217.0], 'Restarts': 0, 'RecordedSite': False, 'State': 'finished', 'ResidentSetSize': [17680], 'TotalUserCpuTimeHistory': [62], 'SiteHistory': ['Unknown'], 'TotalSysCpuTimeHistory': [1]}, '8': {'Retries': 0, 'WallDurations': [611.0], 'StartTimes': [1510753078.0], 'SubmitTimes': [1510752905.0], 'JobIds': ['13841452.0'], 'EndTimes': [1510753689.0], 'Restarts': 0, 'RecordedSite': False, 'State': 'finished', 'ResidentSetSize': [1726828], 'TotalUserCpuTimeHistory': [524], 'SiteHistory': ['Unknown'], 'TotalSysCpuTimeHistory': [9]}}
INFO 2017-11-15 08:02:53,256: 	 Status on the scheduler:	COMPLETED
INFO 2017-11-15 08:02:53,256: 	 
Jobs status:                    finished      100.0% (12/12)
INFO 2017-11-15 08:02:53,256: 	 
No publication information (publication has been disabled in the CRAB configuration file)
INFO 2017-11-15 08:02:53,279: 	 Log file is /uscms_data/d3/samuellh/WorkingArea/TauAnalysis/CMSSW_9_3_2/src/PUAnalysis/VBFtt2017/crab/VBF40/crab_20171115_073229/crab.log
DEBUG 2017-11-15 09:15:54,662: 	 Executing command: 'status'
DEBUG 2017-11-15 09:15:54,663: 	 Found CRAB cache file /uscms/home/samuellh/.crab3
DEBUG 2017-11-15 09:15:54,670: 	 Checking credentials
DEBUG 2017-11-15 09:15:54,670: 	 Found proxy file /tmp/x509up_u52190
DEBUG 2017-11-15 09:15:54,670: 	 Getting proxy life time left
DEBUG 2017-11-15 09:15:54,773: 	 Executing : 
 command : voms-proxy-info -file /tmp/x509up_u52190 -timeleft
 output : 76729

 error: 
 retcode : 0
DEBUG 2017-11-15 09:15:54,877: 	 Executing : 
 command : voms-proxy-info -file /tmp/x509up_u52190 -actimeleft
 output : 76728

 error: 
 retcode : 0
DEBUG 2017-11-15 09:15:54,877: 	 Proxy valid for 21:18:49 hours
DEBUG 2017-11-15 09:15:54,990: 	 Executing : 
 command : openssl x509 -in ~/.globus/usercert.pem -subject -noout
 output : subject= /DC=ch/DC=cern/OU=Organic Units/OU=Users/CN=shigginb/CN=785176/CN=Sam Higginbotham

 error: 
 retcode : 0
DEBUG 2017-11-15 09:15:54,990: 	 Checking credentials
DEBUG 2017-11-15 09:15:54,990: 	 Found proxy file /tmp/x509up_u52190
DEBUG 2017-11-15 09:15:54,991: 	 Getting proxy life time left
DEBUG 2017-11-15 09:15:55,094: 	 Executing : 
 command : voms-proxy-info -file /tmp/x509up_u52190 -timeleft
 output : 76728

 error: 
 retcode : 0
DEBUG 2017-11-15 09:15:55,197: 	 Executing : 
 command : voms-proxy-info -file /tmp/x509up_u52190 -actimeleft
 output : 76727

 error: 
 retcode : 0
DEBUG 2017-11-15 09:15:55,198: 	 Proxy valid for 21:18:48 hours
DEBUG 2017-11-15 09:15:56,807: 	 Registering user credentials for server /DC=ch/DC=cern/OU=computers/CN=vocms(045|052|021|031|0118|0118a|0119|0108|0105|0109).cern.ch
DEBUG 2017-11-15 09:15:56,914: 	 Executing : 
 command : openssl x509 -in ~/.globus/usercert.pem -subject -noout
 output : subject= /DC=ch/DC=cern/OU=Organic Units/OU=Users/CN=shigginb/CN=785176/CN=Sam Higginbotham

 error: 
 retcode : 0
DEBUG 2017-11-15 09:15:56,914: 	 Getting myproxy life time left for myproxy.cern.ch
DEBUG 2017-11-15 09:15:56,914: 	 Calculating hash of /DC=ch/DC=cern/OU=Organic Units/OU=Users/CN=shigginb/CN=785176/CN=Sam Higginbotham_cmsweb.cern.ch for credential name
DEBUG 2017-11-15 09:15:57,618: 	 Executing : 
 command : myproxy-info -l 2f318c7a260d78734589f2cc772d26b8be79ec6c -s myproxy.cern.ch
 output : username: 2f318c7a260d78734589f2cc772d26b8be79ec6c
owner: /DC=ch/DC=cern/OU=Organic Units/OU=Users/CN=shigginb/CN=785176/CN=Sam Higginbotham
  renewal policy: /DC=ch/DC=cern/OU=computers/CN=vocms(045|052|021|031|0118|0118a|0119|0108|0105|0109).cern.ch
  trusted retrieval policy: /DC=ch/DC=cern/OU=computers/CN=vocms(045|052|021|031|0118|0118a|0119|0108|0105|0109).cern.ch
  timeleft: 430:07:44  (17.9 days)

 error: 
 retcode : 0
DEBUG 2017-11-15 09:15:57,619: 	 Myproxy is valid: 1548464
DEBUG 2017-11-15 09:15:57,619: 	 Command use: status
DEBUG 2017-11-15 09:15:57,619: 	 Options use: ['-d', 'crab_20171115_073229/']
DEBUG 2017-11-15 09:15:59,269: 	 CRABClient version: 3.3.1707.patch1
DEBUG 2017-11-15 09:15:59,269: 	 Instance is prod
DEBUG 2017-11-15 09:15:59,269: 	 Server base url is cmsweb.cern.ch
DEBUG 2017-11-15 09:15:59,269: 	 Command url /crabserver/prod/workflow
DEBUG 2017-11-15 09:16:01,067: 	 Got information from server oracle database: {u'result': [u'171115_133254:shigginb_crab_20171115_073229', u'None', u'SUBMITTED', u'2017-11-15 13:32:54.563441', u'None', u'2017-11-15 13:34:24.854748', u'None', u'CMSSW_9_3_2', u'slc6_amd64_gcc630', u'/ST_tch_14TeV_antitop_incl-powheg-pythia8-madspin/PhaseIITDRFall17MiniAOD-PU200_93X_upgrade2023_realistic_v2-v1/MINIAODSIM', u'[]', u'[]', u'FileBased', u"{'splitOnRun': False, 'halt_job_on_file_boundaries': False, 'files_per_job': 1, 'runs': [], 'lumis': []}", u'0', u'4e198fb019d07e682a8bd09208595d4eb73bac82ae7f6e24154a54b4451cc952.tar.gz', u'https://cmsweb.cern.ch/crabcache', u'shigginb', u'/DC=ch/DC=cern/OU=Organic Units/OU=Users/CN=shigginb/CN=785176/CN=Sam Higginbotham', u'cms', u'None', u'None', u'crab_20171115_073229-00000000000000000000000000000000', u'T3_US_FNALLPC', u'https://cmsweb.cern.ch/dbs/prod/global/DBSReader', u'https://cmsweb.cern.ch/dbs/prod/phys03/DBSWriter', u'F', u'Analysis', u'{}', u'[]', u'F', u'vocms052', u'[]', u'1250', u'1', u'2000', u'10', u'None', u'http://vocms0196.cern.ch/mon/cms1359/171115_133254:shigginb_crab_20171115_073229', u'None', u'None', u'[]', u'[]', u'[]', u'pythia', u'[]', u"['analysis.root']", u'[]', u'https://cmsweb.cern.ch/crabserver/prod', u'None', u'0', u'cmssrv221.fnal.gov:9620', u'crab3@vocms0196.cern.ch', u'F', u'[]', u'T', u'/store/user/shigginb/', u'F', u'None', u'F', u'F', u'F', u'None', u'ST_tch_14TeV_antitop_incl-powheg-pythia8-madspin', u'filetransfers', u'SUBMIT', u'13841429', u'e43b86bc6c06440b72a181d6d497a222d703286d86412ebb63f975686cb92b8e.tar.gz', u'131.225.190.56', u'F', u'None'], u'desc': {u'columns': [u'tm_taskname', u'panda_jobset_id', u'tm_task_status', u'tm_start_time', u'tm_start_injection', u'tm_end_injection', u'tm_task_failure', u'tm_job_sw', u'tm_job_arch', u'tm_input_dataset', u'tm_site_whitelist', u'tm_site_blacklist', u'tm_split_algo', u'tm_split_args', u'tm_totalunits', u'tm_user_sandbox', u'tm_cache_url', u'tm_username', u'tm_user_dn', u'tm_user_vo', u'tm_user_role', u'tm_user_group', u'tm_publish_name', u'tm_asyncdest', u'tm_dbs_url', u'tm_publish_dbs_url', u'tm_publication', u'tm_job_type', u'tm_arguments', u'panda_resubmitted_jobs', u'tm_save_logs', u'tw_name', u'tm_user_infiles', u'tm_maxjobruntime', u'tm_numcores', u'tm_maxmemory', u'tm_priority', u'tm_output_dataset', u'tm_user_webdir', u'tm_activity', u'tm_scriptexe', u'tm_scriptargs', u'tm_extrajdl', u'tm_task_warnings', u'tm_generator', u'tm_outfiles', u'tm_tfile_outfiles', u'tm_edm_outfiles', u'tm_asourl', u'tm_events_per_lumi', u'tm_use_parent', u'tm_collector', u'tm_schedd', u'tm_dry_run', u'tm_user_files', u'tm_transfer_outputs', u'tm_output_lfn', u'tm_ignore_locality', u'tm_fail_limit', u'tm_one_event_mode', u'tm_publish_groupname', u'tm_nonvalid_input_dataset', u'tm_secondary_input_dataset', u'tm_primary_dataset', u'tm_asodb', u'tm_task_command', u'clusterid', u'tm_debug_files', u'tm_submitter_ip_addr', u'tm_ignore_global_blacklist', u'tm_last_publication']}}
INFO 2017-11-15 09:16:01,068: 	 CRAB project directory:		/uscms_data/d3/samuellh/WorkingArea/TauAnalysis/CMSSW_9_3_2/src/PUAnalysis/VBFtt2017/crab/VBF40/crab_20171115_073229
INFO 2017-11-15 09:16:01,068: 	 Task name:			171115_133254:shigginb_crab_20171115_073229
INFO 2017-11-15 09:16:01,068: 	 Grid scheduler:			crab3@vocms0196.cern.ch
INFO 2017-11-15 09:16:01,068: 	 Status on the CRAB server:	SUBMITTED
INFO 2017-11-15 09:16:01,068: 	 Task URL to use for HELP:	https://cmsweb.cern.ch/crabserver/ui/task/171115_133254%3Ashigginb_crab_20171115_073229
INFO 2017-11-15 09:16:01,068: 	 Dashboard monitoring URL:	http://dashb-cms-job.cern.ch/dashboard/templates/task-analysis/#user=shigginb&refresh=0&table=Jobs&p=1&records=25&activemenu=2&status=&site=&tid=171115_133254%3Ashigginb_crab_20171115_073229
DEBUG 2017-11-15 09:16:01,069: 	 The CRAB server submitted your task to the Grid scheduler (cluster ID: 13841429)
DEBUG 2017-11-15 09:16:01,069: 	 Webdir is located at http://vocms0196.cern.ch/mon/cms1359/171115_133254:shigginb_crab_20171115_073229
DEBUG 2017-11-15 09:16:02,711: 	 Proxied webdir is located at https://cmsweb.cern.ch/scheddmon/0196/cms1359/171115_133254:shigginb_crab_20171115_073229
DEBUG 2017-11-15 09:16:02,712: 	 Retrieving 'status_cache' file from https://cmsweb.cern.ch/scheddmon/0196/cms1359/171115_133254:shigginb_crab_20171115_073229/status_cache
DEBUG 2017-11-15 09:16:04,491: 	 Got information from status cache file: {'11': {'Retries': 0, 'WallDurations': [67.0], 'StartTimes': [1510753057.0], 'SubmitTimes': [1510752904.0], 'JobIds': ['13841449.0'], 'EndTimes': [1510753124.0], 'Restarts': 0, 'RecordedSite': False, 'State': 'finished', 'ResidentSetSize': [26916], 'TotalUserCpuTimeHistory': [22], 'SiteHistory': ['Unknown'], 'TotalSysCpuTimeHistory': [1]}, '10': {'Retries': 0, 'WallDurations': [470.0], 'StartTimes': [1510753080.0], 'SubmitTimes': [1510752905.0], 'JobIds': ['13841453.0'], 'EndTimes': [1510753550.0], 'Restarts': 0, 'RecordedSite': False, 'State': 'finished', 'ResidentSetSize': [1711408], 'TotalUserCpuTimeHistory': [399], 'SiteHistory': ['Unknown'], 'TotalSysCpuTimeHistory': [8]}, '12': {'Retries': 0, 'WallDurations': [203.0], 'StartTimes': [1510753080.0], 'SubmitTimes': [1510752905.0], 'JobIds': ['13841455.0'], 'EndTimes': [1510753283.0], 'Restarts': 0, 'RecordedSite': False, 'State': 'finished', 'ResidentSetSize': [2604], 'TotalUserCpuTimeHistory': [134], 'SiteHistory': ['Unknown'], 'TotalSysCpuTimeHistory': [3]}, '1': {'Retries': 0, 'WallDurations': [102.0], 'StartTimes': [1510753078.0], 'SubmitTimes': [1510752904.0], 'JobIds': ['13841448.0'], 'EndTimes': [1510753180.0], 'Restarts': 0, 'RecordedSite': False, 'State': 'finished', 'ResidentSetSize': [2688], 'TotalUserCpuTimeHistory': [62], 'SiteHistory': ['Unknown'], 'TotalSysCpuTimeHistory': [1]}, '3': {'Retries': 0, 'WallDurations': [134.0], 'StartTimes': [1510753078.0], 'SubmitTimes': [1510752904.0], 'JobIds': ['13841450.0'], 'EndTimes': [1510753212.0], 'Restarts': 0, 'RecordedSite': False, 'State': 'finished', 'ResidentSetSize': [30428], 'TotalUserCpuTimeHistory': [104], 'SiteHistory': ['Unknown'], 'TotalSysCpuTimeHistory': [2]}, '2': {'Retries': 0, 'WallDurations': [67.0], 'StartTimes': [1510753080.0], 'SubmitTimes': [1510752905.0], 'JobIds': ['13841456.0'], 'EndTimes': [1510753147.0], 'Restarts': 0, 'RecordedSite': False, 'State': 'finished', 'ResidentSetSize': [31992], 'TotalUserCpuTimeHistory': [39], 'SiteHistory': ['Unknown'], 'TotalSysCpuTimeHistory': [1]}, '5': {'Retries': 0, 'WallDurations': [597.0], 'StartTimes': [1510753078.0], 'SubmitTimes': [1510752904.0], 'JobIds': ['13841446.0'], 'EndTimes': [1510753675.0], 'Restarts': 0, 'RecordedSite': False, 'State': 'finished', 'ResidentSetSize': [1730796], 'TotalUserCpuTimeHistory': [503], 'SiteHistory': ['Unknown'], 'TotalSysCpuTimeHistory': [10]}, '4': {'Retries': 0, 'WallDurations': [289.0], 'StartTimes': [1510753079.0], 'SubmitTimes': [1510752904.0], 'JobIds': ['13841445.0'], 'EndTimes': [1510753368.0], 'Restarts': 0, 'RecordedSite': False, 'State': 'finished', 'ResidentSetSize': [2568], 'TotalUserCpuTimeHistory': [230], 'SiteHistory': ['Unknown'], 'TotalSysCpuTimeHistory': [5]}, '7': {'Retries': 0, 'WallDurations': [64.0], 'StartTimes': [1510753080.0], 'SubmitTimes': [1510752905.0], 'JobIds': ['13841451.0'], 'EndTimes': [1510753144.0], 'Restarts': 0, 'RecordedSite': False, 'State': 'finished', 'ResidentSetSize': [2664], 'TotalUserCpuTimeHistory': [41], 'SiteHistory': ['Unknown'], 'TotalSysCpuTimeHistory': [1]}, '6': {'Retries': 0, 'WallDurations': [567.0], 'StartTimes': [1510752984.0], 'SubmitTimes': [1510752904.0], 'JobIds': ['13841447.0'], 'EndTimes': [1510753551.0], 'Restarts': 0, 'RecordedSite': False, 'State': 'finished', 'ResidentSetSize': [653160], 'TotalUserCpuTimeHistory': [158], 'SiteHistory': ['Unknown'], 'TotalSysCpuTimeHistory': [25]}, '9': {'Retries': 0, 'WallDurations': [85.0], 'StartTimes': [1510753132.0], 'SubmitTimes': [1510752905.0], 'JobIds': ['13841454.0'], 'EndTimes': [1510753217.0], 'Restarts': 0, 'RecordedSite': False, 'State': 'finished', 'ResidentSetSize': [17680], 'TotalUserCpuTimeHistory': [62], 'SiteHistory': ['Unknown'], 'TotalSysCpuTimeHistory': [1]}, '8': {'Retries': 0, 'WallDurations': [611.0], 'StartTimes': [1510753078.0], 'SubmitTimes': [1510752905.0], 'JobIds': ['13841452.0'], 'EndTimes': [1510753689.0], 'Restarts': 0, 'RecordedSite': False, 'State': 'finished', 'ResidentSetSize': [1726828], 'TotalUserCpuTimeHistory': [524], 'SiteHistory': ['Unknown'], 'TotalSysCpuTimeHistory': [9]}}
INFO 2017-11-15 09:16:04,491: 	 Status on the scheduler:	COMPLETED
INFO 2017-11-15 09:16:04,491: 	 
Jobs status:                    finished      100.0% (12/12)
INFO 2017-11-15 09:16:04,491: 	 
No publication information (publication has been disabled in the CRAB configuration file)
INFO 2017-11-15 09:16:04,505: 	 Log file is /uscms_data/d3/samuellh/WorkingArea/TauAnalysis/CMSSW_9_3_2/src/PUAnalysis/VBFtt2017/crab/VBF40/crab_20171115_073229/crab.log
