('The system path in the config file ', ['/cvmfs/cms.cern.ch/crab3/slc6_amd64_gcc493/cms/crabclient/3.3.1707.patch1/bin', '/uscms_data/d3/samuellh/WorkingArea/TauAnalysis/CMSSW_9_3_2/python', '/uscms_data/d3/samuellh/WorkingArea/TauAnalysis/CMSSW_9_3_2/lib/slc6_amd64_gcc630', '/cvmfs/cms.cern.ch/slc6_amd64_gcc630/cms/cmssw/CMSSW_9_3_2/python', '/cvmfs/cms.cern.ch/slc6_amd64_gcc630/cms/cmssw/CMSSW_9_3_2/lib/slc6_amd64_gcc630', '/cvmfs/cms.cern.ch/slc6_amd64_gcc630/cms/coral/CORAL_2_3_21-ghjeda6/slc6_amd64_gcc630/python', '/cvmfs/cms.cern.ch/slc6_amd64_gcc630/cms/coral/CORAL_2_3_21-ghjeda6/slc6_amd64_gcc630/lib', '/cvmfs/cms.cern.ch/slc6_amd64_gcc630/external/professor2/2.2.1-ghjeda6/lib/python2.7/site-packages', '/cvmfs/cms.cern.ch/slc6_amd64_gcc630/external/pyqt/4.11.4-mlhled2/lib/python2.7/site-packages', '/cvmfs/cms.cern.ch/slc6_amd64_gcc630/external/sherpa/2.2.4-ghjeda/lib/python2.7/site-packages', '/cvmfs/cms.cern.ch/slc6_amd64_gcc630/external/rivet/2.5.2-ghjeda4/lib/python2.7/site-packages', '/cvmfs/cms.cern.ch/slc6_amd64_gcc630/external/python-ldap/2.4.10-mlhled2/lib/python2.7/site-packages', '/cvmfs/cms.cern.ch/slc6_amd64_gcc630/external/py2-matplotlib/1.5.2-njopjo/lib/python2.7/site-packages', '/cvmfs/cms.cern.ch/slc6_amd64_gcc630/external/sip/4.17-mlhled2/lib/python2.7/site-packages', '/cvmfs/cms.cern.ch/slc6_amd64_gcc630/external/llvm/4.0.0-njopjo/lib64/python2.7/site-packages', '/cvmfs/cms.cern.ch/slc6_amd64_gcc630/external/py2-sqlalchemy/1.1.4-mlhled2/lib/python2.7/site-packages', '/cvmfs/cms.cern.ch/slc6_amd64_gcc630/external/py2-lint/0.25.1-mlhled2/lib/python2.7/site-packages', '/cvmfs/cms.cern.ch/slc6_amd64_gcc630/external/py2-dxr/1.0-ghjeda6/lib/python2.7/site-packages', '/cvmfs/cms.cern.ch/slc6_amd64_gcc630/external/py2-cx-oracle/5.2.1-mlhled2/lib/python2.7/site-packages', '/cvmfs/cms.cern.ch/slc6_amd64_gcc630/external/py2-numpy/1.12.1-mlhled2/lib/python2.7/site-packages', '/cvmfs/cms.cern.ch/slc6_amd64_gcc630/external/frontier_client/2.8.20-mlhled2/python/lib', '/cvmfs/cms.cern.ch/slc6_amd64_gcc630/cms/das_client/v03.01.00-mlhled2/bin', '/cvmfs/cms.cern.ch/slc6_amd64_gcc630/external/xrootd/4.6.1/lib/python2.7/site-packages', '/cvmfs/cms.cern.ch/slc6_amd64_gcc630/external/yoda/1.6.5-ghjeda4/lib/python2.7/site-packages', '/cvmfs/cms.cern.ch/slc6_amd64_gcc630/lcg/root/6.10.04-ghjeda/lib', '/cvmfs/cms.cern.ch/slc6_amd64_gcc630/external/pyminuit2/0.0.1-ghjeda4/lib/python2.7/site-packages', '/cvmfs/cms.cern.ch/slc6_amd64_gcc630/external/py2-PyYAML/3.11-mlhled2/lib/python2.7/site-packages', '/cvmfs/cms.cern.ch/slc6_amd64_gcc630/external/py2-pygithub/1.23.0-mlhled2/lib/python2.7/site-packages', '/cvmfs/cms.cern.ch/slc6_amd64_gcc630/external/py2-pip/9.0.1-mlhled2/lib/python2.7/site-packages', '/cvmfs/cms.cern.ch/slc6_amd64_gcc630/external/py2-dablooms/0.9.1-mlhled2/lib/python2.7/site-packages', '/cvmfs/cms.cern.ch/slc6_amd64_gcc630/external/py2-pippkgs_depscipy/3.0-ghjeda6/lib/python2.7/site-packages', '/cvmfs/cms.cern.ch/slc6_amd64_gcc630/external/py2-pippkgs/5.0-ghjeda6/lib/python2.7/site-packages', '/cvmfs/cms.cern.ch/slc6_amd64_gcc630/external/professor/1.4.0-ghjeda4/lib/python2.7/site-packages', '/cvmfs/cms.cern.ch/slc6_amd64_gcc630/cms/dbs-client/DBS_2_1_9-mlhled2/lib', '/cvmfs/cms.cern.ch/slc6_amd64_gcc630/cms/dbs-client/DBS_2_1_9-mlhled2/lib/DBSAPI', '/cvmfs/cms.cern.ch/slc6_amd64_gcc630/external/cvs2git/5419-mlhled2/lib', '/cvmfs/cms.cern.ch/crab3/slc6_amd64_gcc493/cms/crabclient/3.3.1707.patch1/lib/python2.7/site-packages', '/cvmfs/cms.cern.ch/crab3/slc6_amd64_gcc493/cms/dbs3-client/3.4.4/lib/python2.7/site-packages', '/cvmfs/cms.cern.ch/crab3/slc6_amd64_gcc493/cms/dbs3-pycurl-client/3.4.4/lib/python2.7/site-packages', '/cvmfs/cms.cern.ch/slc6_amd64_gcc630/external/py2-sqlalchemy/1.1.4-mlhled2/lib/python2.7/site-packages/SQLAlchemy-1.1.4-py2.7-linux-x86_64.egg', '/cvmfs/cms.cern.ch/slc6_amd64_gcc630/external/py2-numpy/1.12.1-mlhled2/lib/python2.7/site-packages/numpy-1.12.1-py2.7-linux-x86_64.egg', '/cvmfs/cms.cern.ch/slc6_amd64_gcc630/external/python/2.7.11-mlhled2/lib/python27.zip', '/cvmfs/cms.cern.ch/slc6_amd64_gcc630/external/python/2.7.11-mlhled2/lib/python2.7', '/cvmfs/cms.cern.ch/slc6_amd64_gcc630/external/python/2.7.11-mlhled2/lib/python2.7/plat-linux2', '/cvmfs/cms.cern.ch/slc6_amd64_gcc630/external/python/2.7.11-mlhled2/lib/python2.7/lib-tk', '/cvmfs/cms.cern.ch/slc6_amd64_gcc630/external/python/2.7.11-mlhled2/lib/python2.7/lib-old', '/cvmfs/cms.cern.ch/slc6_amd64_gcc630/external/python/2.7.11-mlhled2/lib/python2.7/lib-dynload', '/cvmfs/cms.cern.ch/slc6_amd64_gcc630/external/python/2.7.11-mlhled2/lib/python2.7/site-packages', '/uscms_data/d3/samuellh/WorkingArea/TauAnalysis/CMSSW_9_3_2/src/PUAnalysis/VBFtt2017/crab/VBF80'])
 ##################################################################### 
 # WARNING: the module CondCore.DBCommon.CondDBSetup is deprecated.  # 
 # Please import CondCore.CondDB.CondDB_cfi                          # 
 ##################################################################### 
recorrecting the jets
List Of Filters
['processedEvents', 'initialEventsTT', 'DiMuonCreation', 'AtLeastOneDiTau', 'TTTauPtEta', 'TTTauDecayFound', 'TTTauStandardDecayFound', 'TTTauDRSel', 'TTSync', 'TTAntiEle', 'TTAntiMu', 'TTIso', 'TTOS']
DEBUG 2017-11-15 07:53:40,854: 	 Executing command: 'submit'
DEBUG 2017-11-15 07:53:40,855: 	 Found CRAB cache file /uscms/home/samuellh/.crab3
DEBUG 2017-11-15 07:53:40,863: 	 Checking credentials
DEBUG 2017-11-15 07:53:40,863: 	 Found proxy file /tmp/x509up_u52190
DEBUG 2017-11-15 07:53:40,863: 	 Getting proxy life time left
DEBUG 2017-11-15 07:53:40,966: 	 Executing : 
 command : voms-proxy-info -file /tmp/x509up_u52190 -timeleft
 output : 81663

 error: 
 retcode : 0
DEBUG 2017-11-15 07:53:41,070: 	 Executing : 
 command : voms-proxy-info -file /tmp/x509up_u52190 -actimeleft
 output : 81661

 error: 
 retcode : 0
DEBUG 2017-11-15 07:53:41,070: 	 Proxy valid for 22:41:03 hours
INFO 2017-11-15 07:53:41,070: 	 Will use CRAB configuration file crab3_TT_MC.py
DEBUG 2017-11-15 07:53:41,070: 	 Loading CRAB configuration file.
DEBUG 2017-11-15 07:53:41,342: 	 Will use CRAB Analysis plugin (i.e. will run an analysis job type).
DEBUG 2017-11-15 07:53:41,459: 	 Executing : 
 command : openssl x509 -in ~/.globus/usercert.pem -subject -noout
 output : subject= /DC=ch/DC=cern/OU=Organic Units/OU=Users/CN=shigginb/CN=785176/CN=Sam Higginbotham

 error: 
 retcode : 0
DEBUG 2017-11-15 07:53:41,459: 	 Checking credentials
DEBUG 2017-11-15 07:53:41,459: 	 Found proxy file /tmp/x509up_u52190
DEBUG 2017-11-15 07:53:41,459: 	 Getting proxy life time left
DEBUG 2017-11-15 07:53:41,562: 	 Executing : 
 command : voms-proxy-info -file /tmp/x509up_u52190 -timeleft
 output : 81662

 error: 
 retcode : 0
DEBUG 2017-11-15 07:53:41,666: 	 Executing : 
 command : voms-proxy-info -file /tmp/x509up_u52190 -actimeleft
 output : 81661

 error: 
 retcode : 0
DEBUG 2017-11-15 07:53:41,666: 	 Proxy valid for 22:41:02 hours
DEBUG 2017-11-15 07:53:41,770: 	 Executing : 
 command : env X509_USER_PROXY=/tmp/x509up_u52190 voms-proxy-info -fqan
 output : /cms/Role=NULL/Capability=NULL

 error: 
 retcode : 0
DEBUG 2017-11-15 07:53:43,329: 	 Registering user credentials for server /DC=ch/DC=cern/OU=computers/CN=vocms(045|052|021|031|0118|0118a|0119|0108|0105|0109).cern.ch
DEBUG 2017-11-15 07:53:43,437: 	 Executing : 
 command : openssl x509 -in ~/.globus/usercert.pem -subject -noout
 output : subject= /DC=ch/DC=cern/OU=Organic Units/OU=Users/CN=shigginb/CN=785176/CN=Sam Higginbotham

 error: 
 retcode : 0
DEBUG 2017-11-15 07:53:43,437: 	 Getting myproxy life time left for myproxy.cern.ch
DEBUG 2017-11-15 07:53:43,437: 	 Calculating hash of /DC=ch/DC=cern/OU=Organic Units/OU=Users/CN=shigginb/CN=785176/CN=Sam Higginbotham_cmsweb.cern.ch for credential name
DEBUG 2017-11-15 07:53:44,142: 	 Executing : 
 command : myproxy-info -l 2f318c7a260d78734589f2cc772d26b8be79ec6c -s myproxy.cern.ch
 output : username: 2f318c7a260d78734589f2cc772d26b8be79ec6c
owner: /DC=ch/DC=cern/OU=Organic Units/OU=Users/CN=shigginb/CN=785176/CN=Sam Higginbotham
  renewal policy: /DC=ch/DC=cern/OU=computers/CN=vocms(045|052|021|031|0118|0118a|0119|0108|0105|0109).cern.ch
  trusted retrieval policy: /DC=ch/DC=cern/OU=computers/CN=vocms(045|052|021|031|0118|0118a|0119|0108|0105|0109).cern.ch
  timeleft: 431:29:57  (18.0 days)

 error: 
 retcode : 0
DEBUG 2017-11-15 07:53:44,143: 	 Myproxy is valid: 1553397
DEBUG 2017-11-15 07:53:44,143: 	 Command use: submit
DEBUG 2017-11-15 07:53:44,143: 	 Options use: ['-c', 'crab3_TT_MC.py']
DEBUG 2017-11-15 07:53:45,791: 	 CRABClient version: 3.3.1707.patch1
DEBUG 2017-11-15 07:53:45,791: 	 Instance is prod
DEBUG 2017-11-15 07:53:45,792: 	 Server base url is cmsweb.cern.ch
DEBUG 2017-11-15 07:53:45,792: 	 Command url /crabserver/prod/workflow
DEBUG 2017-11-15 07:53:45,792: 	 Started submission
DEBUG 2017-11-15 07:53:45,792: 	 Working on /uscms_data/d3/samuellh/WorkingArea/TauAnalysis/CMSSW_9_3_2/src/PUAnalysis/VBFtt2017/crab/VBF80/crab_20171115_075341
DEBUG 2017-11-15 07:53:47,588: 	 Loading required information from the environment
DEBUG 2017-11-15 07:53:47,588: 	 Found CMSSW_9_3_2 for slc6_amd64_gcc630 with base /uscms_data/d3/samuellh/WorkingArea/TauAnalysis/CMSSW_9_3_2
DEBUG 2017-11-15 07:53:47,588: 	 Loading required information from the environment
DEBUG 2017-11-15 07:53:47,588: 	 Found CMSSW_9_3_2 for slc6_amd64_gcc630 with base /uscms_data/d3/samuellh/WorkingArea/TauAnalysis/CMSSW_9_3_2
DEBUG 2017-11-15 07:53:47,596: 	 UNIQUE NAME: tarUUID 9edcc045-4c46-4d83-988a-4d6638d8cf8f 
DEBUG 2017-11-15 07:53:47,596: 	 self.config: from WMCore.Configuration import Configuration
config = Configuration()
config.section_('General')
config.section_('JobType')
config.JobType.psetName = '../../../TT-MC-Up.py'
config.JobType.pluginName = 'Analysis'
config.JobType.inputFiles = ['../../../Configuration/data/PhaseIISummer16_25nsV3_MC.db']
config.JobType.outputFiles = ['analysis.root']
config.JobType.allowUndistributedCMSSW = True
config.section_('Data')
config.Data.inputDataset = '/ttH_HToZZ_4L_M125_14TeV_powheg2_JHUgenV702_pythia8/PhaseIITDRFall17MiniAOD-PU200_93X_upgrade2023_realistic_v2-v1/MINIAODSIM'
config.Data.unitsPerJob = 1
config.Data.publication = False
config.Data.inputDBS = 'global'
config.Data.splitting = 'FileBased'
config.section_('Site')
config.Site.storageSite = 'T3_US_FNALLPC'
config.section_('User')
config.section_('Debug')

DEBUG 2017-11-15 07:53:47,596: 	 self.config.JobType.psetName: ../../../TT-MC-Up.py
INFO 2017-11-15 07:53:47,596: 	 Importing CMSSW configuration ../../../TT-MC-Up.py
INFO 2017-11-15 07:53:49,872: 	 Finished importing CMSSW configuration ../../../TT-MC-Up.py
DEBUG 2017-11-15 07:53:49,872: 	 Writing CMSSW configuration to /uscms_data/d3/samuellh/WorkingArea/TauAnalysis/CMSSW_9_3_2/src/PUAnalysis/VBFtt2017/crab/VBF80/crab_20171115_075341/inputs/PSet.py
DEBUG 2017-11-15 07:53:50,859: 	 The following EDM output files will be collected: []
DEBUG 2017-11-15 07:53:50,859: 	 The following TFile output files will be collected: ['analysis.root']
DEBUG 2017-11-15 07:53:50,859: 	 The following user output files will be collected: []
DEBUG 2017-11-15 07:53:50,859: 	 Loading required information from the environment
DEBUG 2017-11-15 07:53:50,859: 	 Found CMSSW_9_3_2 for slc6_amd64_gcc630 with base /uscms_data/d3/samuellh/WorkingArea/TauAnalysis/CMSSW_9_3_2
DEBUG 2017-11-15 07:53:50,859: 	 Making tarball in /uscms_data/d3/samuellh/WorkingArea/TauAnalysis/CMSSW_9_3_2/src/PUAnalysis/VBFtt2017/crab/VBF80/crab_20171115_075341/inputs/9edcc045-4c46-4d83-988a-4d6638d8cf8fdefault.tgz
DEBUG 2017-11-15 07:53:50,864: 	 Checking directory /uscms_data/d3/samuellh/WorkingArea/TauAnalysis/CMSSW_9_3_2/lib
DEBUG 2017-11-15 07:53:50,864: 	 Adding directory /uscms_data/d3/samuellh/WorkingArea/TauAnalysis/CMSSW_9_3_2/lib to tarball
DEBUG 2017-11-15 07:53:51,629: 	 Checking directory /uscms_data/d3/samuellh/WorkingArea/TauAnalysis/CMSSW_9_3_2/biglib
DEBUG 2017-11-15 07:53:51,629: 	 Adding directory /uscms_data/d3/samuellh/WorkingArea/TauAnalysis/CMSSW_9_3_2/biglib to tarball
DEBUG 2017-11-15 07:53:51,631: 	 Checking directory /uscms_data/d3/samuellh/WorkingArea/TauAnalysis/CMSSW_9_3_2/module
DEBUG 2017-11-15 07:53:51,648: 	 Adding data directory /uscms_data/d3/samuellh/WorkingArea/TauAnalysis/CMSSW_9_3_2/src/PUAnalysis/Configuration/data to tarball
DEBUG 2017-11-15 07:53:54,383: 	 Adding data directory /uscms_data/d3/samuellh/WorkingArea/TauAnalysis/CMSSW_9_3_2/src/PUAnalysis/DataFormats/interface to tarball
DEBUG 2017-11-15 07:53:54,391: 	 Adding data directory /uscms_data/d3/samuellh/WorkingArea/TauAnalysis/CMSSW_9_3_2/src/PUAnalysis/NtupleTools/interface to tarball
DEBUG 2017-11-15 07:53:54,395: 	 Adding data directory /uscms_data/d3/samuellh/WorkingArea/TauAnalysis/CMSSW_9_3_2/src/PUAnalysis/RecoTools/interface to tarball
DEBUG 2017-11-15 07:53:54,620: 	 Adding file ../../../Configuration/data/PhaseIISummer16_25nsV3_MC.db to tarball
DEBUG 2017-11-15 07:53:54,937: 	 Uploading archive /uscms_data/d3/samuellh/WorkingArea/TauAnalysis/CMSSW_9_3_2/src/PUAnalysis/VBFtt2017/crab/VBF80/crab_20171115_075341/inputs/9edcc045-4c46-4d83-988a-4d6638d8cf8fdefault.tgz (11 MB) to the CRAB cache. Using URI https://cmsweb.cern.ch/crabcache
DEBUG 2017-11-15 07:54:02,155: 	 Loading required information from the environment
DEBUG 2017-11-15 07:54:02,156: 	 Found CMSSW_9_3_2 for slc6_amd64_gcc630 with base /uscms_data/d3/samuellh/WorkingArea/TauAnalysis/CMSSW_9_3_2
DEBUG 2017-11-15 07:54:02,156: 	 Making tarball in /uscms_data/d3/samuellh/WorkingArea/TauAnalysis/CMSSW_9_3_2/src/PUAnalysis/VBFtt2017/crab/VBF80/crab_20171115_075341/inputs/debugFiles.tgz
DEBUG 2017-11-15 07:54:02,162: 	 Uploading archive /uscms_data/d3/samuellh/WorkingArea/TauAnalysis/CMSSW_9_3_2/src/PUAnalysis/VBFtt2017/crab/VBF80/crab_20171115_075341/inputs/debugFiles.tgz (2 KB) to the CRAB cache. Using URI https://cmsweb.cern.ch/crabcache
DEBUG 2017-11-15 07:54:04,115: 	 Result uploading input files: 4e198fb019d07e682a8bd09208595d4eb73bac82ae7f6e24154a54b4451cc952.tar.gz 
INFO 2017-11-15 07:54:04,115: 	 Sending the request to the server
DEBUG 2017-11-15 07:54:04,115: 	 Submitting {'maxjobruntime': 1250, 'extrajdl': [], 'ignorelocality': 0, 'savelogsflag': 0, 'useparent': 0, 'asyncdest': 'T3_US_FNALLPC', 'algoargs': 1, 'cachefilename': '4e198fb019d07e682a8bd09208595d4eb73bac82ae7f6e24154a54b4451cc952.tar.gz', 'numcores': 1, 'addoutputfiles': [], 'generator': 'pythia', 'maxmemory': 2000, 'publishdbsurl': 'https://cmsweb.cern.ch/dbs/prod/phys03/DBSWriter', 'priority': 10, 'jobsw': 'CMSSW_9_3_2', 'edmoutfiles': [], 'userfiles': [], 'primarydataset': '', 'inputdata': '/ttH_HToZZ_4L_M125_14TeV_powheg2_JHUgenV702_pythia8/PhaseIITDRFall17MiniAOD-PU200_93X_upgrade2023_realistic_v2-v1/MINIAODSIM', 'dryrun': 0, 'workflow': 'crab_20171115_075341', 'cacheurl': u'https://cmsweb.cern.ch/crabcache', 'nonprodsw': 1, 'tfileoutfiles': ['analysis.root'], 'oneEventMode': 0, 'debugfilename': 'd7033f6898b5e5ded11530303ad887881aa18a9e914093c170ec84f724b61f12.tar.gz', 'saveoutput': 1, 'publication': 0, 'jobarch': 'slc6_amd64_gcc630', 'totalunits': 0, 'splitalgo': 'FileBased', 'ignoreglobalblacklist': 0, 'nonvaliddata': 0, 'dbsurl': 'https://cmsweb.cern.ch/dbs/prod/global/DBSReader', 'publishgroupname': 0, 'jobtype': 'Analysis', 'publishname2': ''} 
DEBUG 2017-11-15 07:54:04,116: 	 Encoded submit request: maxjobruntime=1250&ignorelocality=0&savelogsflag=0&useparent=0&asyncdest=T3_US_FNALLPC&algoargs=1&cachefilename=4e198fb019d07e682a8bd09208595d4eb73bac82ae7f6e24154a54b4451cc952.tar.gz&numcores=1&generator=pythia&maxmemory=2000&publishdbsurl=https%3A%2F%2Fcmsweb.cern.ch%2Fdbs%2Fprod%2Fphys03%2FDBSWriter&priority=10&jobsw=CMSSW_9_3_2&primarydataset=&inputdata=%2FttH_HToZZ_4L_M125_14TeV_powheg2_JHUgenV702_pythia8%2FPhaseIITDRFall17MiniAOD-PU200_93X_upgrade2023_realistic_v2-v1%2FMINIAODSIM&dryrun=0&workflow=crab_20171115_075341&cacheurl=https%3A%2F%2Fcmsweb.cern.ch%2Fcrabcache&nonprodsw=1&oneEventMode=0&debugfilename=d7033f6898b5e5ded11530303ad887881aa18a9e914093c170ec84f724b61f12.tar.gz&saveoutput=1&publication=0&jobarch=slc6_amd64_gcc630&totalunits=0&splitalgo=FileBased&ignoreglobalblacklist=0&nonvaliddata=0&dbsurl=https%3A%2F%2Fcmsweb.cern.ch%2Fdbs%2Fprod%2Fglobal%2FDBSReader&publishgroupname=0&jobtype=Analysis&publishname2=&tfileoutfiles=analysis.root
DEBUG 2017-11-15 07:54:05,803: 	 Result: {u'result': [{u'RequestName': u'171115_135405:shigginb_crab_20171115_075341'}]}
INFO 2017-11-15 07:54:06,898: 	 Success: Your task has been delivered to the CRAB3 server.
INFO 2017-11-15 07:54:06,898: 	 Task name: 171115_135405:shigginb_crab_20171115_075341
INFO 2017-11-15 07:54:06,899: 	 Please use 'crab status' to check how the submission process proceeds.
DEBUG 2017-11-15 07:54:06,899: 	 About to return
INFO 2017-11-15 07:54:06,904: 	 Log file is /uscms_data/d3/samuellh/WorkingArea/TauAnalysis/CMSSW_9_3_2/src/PUAnalysis/VBFtt2017/crab/VBF80/crab_20171115_075341/crab.log
DEBUG 2017-11-15 08:10:37,507: 	 Executing command: 'status'
DEBUG 2017-11-15 08:10:37,508: 	 Found CRAB cache file /uscms/home/samuellh/.crab3
DEBUG 2017-11-15 08:10:37,515: 	 Checking credentials
DEBUG 2017-11-15 08:10:37,515: 	 Found proxy file /tmp/x509up_u52190
DEBUG 2017-11-15 08:10:37,515: 	 Getting proxy life time left
DEBUG 2017-11-15 08:10:37,618: 	 Executing : 
 command : voms-proxy-info -file /tmp/x509up_u52190 -timeleft
 output : 80646

 error: 
 retcode : 0
DEBUG 2017-11-15 08:10:37,721: 	 Executing : 
 command : voms-proxy-info -file /tmp/x509up_u52190 -actimeleft
 output : 80645

 error: 
 retcode : 0
DEBUG 2017-11-15 08:10:37,721: 	 Proxy valid for 22:24:06 hours
DEBUG 2017-11-15 08:10:37,835: 	 Executing : 
 command : openssl x509 -in ~/.globus/usercert.pem -subject -noout
 output : subject= /DC=ch/DC=cern/OU=Organic Units/OU=Users/CN=shigginb/CN=785176/CN=Sam Higginbotham

 error: 
 retcode : 0
DEBUG 2017-11-15 08:10:37,835: 	 Checking credentials
DEBUG 2017-11-15 08:10:37,835: 	 Found proxy file /tmp/x509up_u52190
DEBUG 2017-11-15 08:10:37,835: 	 Getting proxy life time left
DEBUG 2017-11-15 08:10:37,938: 	 Executing : 
 command : voms-proxy-info -file /tmp/x509up_u52190 -timeleft
 output : 80646

 error: 
 retcode : 0
DEBUG 2017-11-15 08:10:38,042: 	 Executing : 
 command : voms-proxy-info -file /tmp/x509up_u52190 -actimeleft
 output : 80644

 error: 
 retcode : 0
DEBUG 2017-11-15 08:10:38,042: 	 Proxy valid for 22:24:06 hours
DEBUG 2017-11-15 08:10:39,728: 	 Registering user credentials for server /DC=ch/DC=cern/OU=computers/CN=vocms(045|052|021|031|0118|0118a|0119|0108|0105|0109).cern.ch
DEBUG 2017-11-15 08:10:39,836: 	 Executing : 
 command : openssl x509 -in ~/.globus/usercert.pem -subject -noout
 output : subject= /DC=ch/DC=cern/OU=Organic Units/OU=Users/CN=shigginb/CN=785176/CN=Sam Higginbotham

 error: 
 retcode : 0
DEBUG 2017-11-15 08:10:39,836: 	 Getting myproxy life time left for myproxy.cern.ch
DEBUG 2017-11-15 08:10:39,836: 	 Calculating hash of /DC=ch/DC=cern/OU=Organic Units/OU=Users/CN=shigginb/CN=785176/CN=Sam Higginbotham_cmsweb.cern.ch for credential name
DEBUG 2017-11-15 08:10:40,540: 	 Executing : 
 command : myproxy-info -l 2f318c7a260d78734589f2cc772d26b8be79ec6c -s myproxy.cern.ch
 output : username: 2f318c7a260d78734589f2cc772d26b8be79ec6c
owner: /DC=ch/DC=cern/OU=Organic Units/OU=Users/CN=shigginb/CN=785176/CN=Sam Higginbotham
  renewal policy: /DC=ch/DC=cern/OU=computers/CN=vocms(045|052|021|031|0118|0118a|0119|0108|0105|0109).cern.ch
  trusted retrieval policy: /DC=ch/DC=cern/OU=computers/CN=vocms(045|052|021|031|0118|0118a|0119|0108|0105|0109).cern.ch
  timeleft: 431:13:01  (18.0 days)

 error: 
 retcode : 0
DEBUG 2017-11-15 08:10:40,542: 	 Myproxy is valid: 1552381
DEBUG 2017-11-15 08:10:40,542: 	 Command use: status
DEBUG 2017-11-15 08:10:40,542: 	 Options use: ['-d', 'crab_20171115_075341/']
DEBUG 2017-11-15 08:10:42,210: 	 CRABClient version: 3.3.1707.patch1
DEBUG 2017-11-15 08:10:42,210: 	 Instance is prod
DEBUG 2017-11-15 08:10:42,210: 	 Server base url is cmsweb.cern.ch
DEBUG 2017-11-15 08:10:42,210: 	 Command url /crabserver/prod/workflow
DEBUG 2017-11-15 08:10:43,832: 	 Got information from server oracle database: {u'result': [u'171115_135405:shigginb_crab_20171115_075341', u'None', u'SUBMITTED', u'2017-11-15 13:54:05.737190', u'None', u'2017-11-15 13:54:38.110856', u'None', u'CMSSW_9_3_2', u'slc6_amd64_gcc630', u'/ttH_HToZZ_4L_M125_14TeV_powheg2_JHUgenV702_pythia8/PhaseIITDRFall17MiniAOD-PU200_93X_upgrade2023_realistic_v2-v1/MINIAODSIM', u'[]', u'[]', u'FileBased', u"{'splitOnRun': False, 'halt_job_on_file_boundaries': False, 'files_per_job': 1, 'runs': [], 'lumis': []}", u'0', u'4e198fb019d07e682a8bd09208595d4eb73bac82ae7f6e24154a54b4451cc952.tar.gz', u'https://cmsweb.cern.ch/crabcache', u'shigginb', u'/DC=ch/DC=cern/OU=Organic Units/OU=Users/CN=shigginb/CN=785176/CN=Sam Higginbotham', u'cms', u'None', u'None', u'crab_20171115_075341-00000000000000000000000000000000', u'T3_US_FNALLPC', u'https://cmsweb.cern.ch/dbs/prod/global/DBSReader', u'https://cmsweb.cern.ch/dbs/prod/phys03/DBSWriter', u'F', u'Analysis', u'{}', u'[]', u'F', u'vocms052', u'[]', u'1250', u'1', u'2000', u'10', u'None', u'http://vocms0197.cern.ch/mon/cms1359/171115_135405:shigginb_crab_20171115_075341', u'None', u'None', u'[]', u'[]', u'[]', u'pythia', u'[]', u"['analysis.root']", u'[]', u'https://cmsweb.cern.ch/crabserver/prod', u'None', u'0', u'cmssrv221.fnal.gov:9620', u'crab3@vocms0197.cern.ch', u'F', u'[]', u'T', u'/store/user/shigginb/', u'F', u'None', u'F', u'F', u'F', u'None', u'ttH_HToZZ_4L_M125_14TeV_powheg2_JHUgenV702_pythia8', u'filetransfers', u'SUBMIT', u'12847662', u'd7033f6898b5e5ded11530303ad887881aa18a9e914093c170ec84f724b61f12.tar.gz', u'131.225.190.56', u'F', u'None'], u'desc': {u'columns': [u'tm_taskname', u'panda_jobset_id', u'tm_task_status', u'tm_start_time', u'tm_start_injection', u'tm_end_injection', u'tm_task_failure', u'tm_job_sw', u'tm_job_arch', u'tm_input_dataset', u'tm_site_whitelist', u'tm_site_blacklist', u'tm_split_algo', u'tm_split_args', u'tm_totalunits', u'tm_user_sandbox', u'tm_cache_url', u'tm_username', u'tm_user_dn', u'tm_user_vo', u'tm_user_role', u'tm_user_group', u'tm_publish_name', u'tm_asyncdest', u'tm_dbs_url', u'tm_publish_dbs_url', u'tm_publication', u'tm_job_type', u'tm_arguments', u'panda_resubmitted_jobs', u'tm_save_logs', u'tw_name', u'tm_user_infiles', u'tm_maxjobruntime', u'tm_numcores', u'tm_maxmemory', u'tm_priority', u'tm_output_dataset', u'tm_user_webdir', u'tm_activity', u'tm_scriptexe', u'tm_scriptargs', u'tm_extrajdl', u'tm_task_warnings', u'tm_generator', u'tm_outfiles', u'tm_tfile_outfiles', u'tm_edm_outfiles', u'tm_asourl', u'tm_events_per_lumi', u'tm_use_parent', u'tm_collector', u'tm_schedd', u'tm_dry_run', u'tm_user_files', u'tm_transfer_outputs', u'tm_output_lfn', u'tm_ignore_locality', u'tm_fail_limit', u'tm_one_event_mode', u'tm_publish_groupname', u'tm_nonvalid_input_dataset', u'tm_secondary_input_dataset', u'tm_primary_dataset', u'tm_asodb', u'tm_task_command', u'clusterid', u'tm_debug_files', u'tm_submitter_ip_addr', u'tm_ignore_global_blacklist', u'tm_last_publication']}}
INFO 2017-11-15 08:10:43,832: 	 CRAB project directory:		/uscms_data/d3/samuellh/WorkingArea/TauAnalysis/CMSSW_9_3_2/src/PUAnalysis/VBFtt2017/crab/VBF80/crab_20171115_075341
INFO 2017-11-15 08:10:43,833: 	 Task name:			171115_135405:shigginb_crab_20171115_075341
INFO 2017-11-15 08:10:43,833: 	 Grid scheduler:			crab3@vocms0197.cern.ch
INFO 2017-11-15 08:10:43,833: 	 Status on the CRAB server:	SUBMITTED
INFO 2017-11-15 08:10:43,833: 	 Task URL to use for HELP:	https://cmsweb.cern.ch/crabserver/ui/task/171115_135405%3Ashigginb_crab_20171115_075341
INFO 2017-11-15 08:10:43,833: 	 Dashboard monitoring URL:	http://dashb-cms-job.cern.ch/dashboard/templates/task-analysis/#user=shigginb&refresh=0&table=Jobs&p=1&records=25&activemenu=2&status=&site=&tid=171115_135405%3Ashigginb_crab_20171115_075341
DEBUG 2017-11-15 08:10:43,833: 	 The CRAB server submitted your task to the Grid scheduler (cluster ID: 12847662)
DEBUG 2017-11-15 08:10:43,833: 	 Webdir is located at http://vocms0197.cern.ch/mon/cms1359/171115_135405:shigginb_crab_20171115_075341
DEBUG 2017-11-15 08:10:45,603: 	 Proxied webdir is located at https://cmsweb.cern.ch/scheddmon/0197/cms1359/171115_135405:shigginb_crab_20171115_075341
DEBUG 2017-11-15 08:10:45,603: 	 Retrieving 'status_cache' file from https://cmsweb.cern.ch/scheddmon/0197/cms1359/171115_135405:shigginb_crab_20171115_075341/status_cache
DEBUG 2017-11-15 08:10:47,210: 	 Got information from status cache file: {'1': {'Retries': 0, 'WallDurations': [610.0], 'StartTimes': [1510754177.0], 'SubmitTimes': [1510754089.0], 'JobIds': ['12847669.0'], 'EndTimes': [], 'Restarts': 0, 'RecordedSite': False, 'State': 'running', 'ResidentSetSize': [770232], 'TotalUserCpuTimeHistory': [0], 'SiteHistory': ['Unknown'], 'TotalSysCpuTimeHistory': [0]}, '2': {'Retries': 0, 'WallDurations': [611.0], 'StartTimes': [1510754210.0], 'SubmitTimes': [1510754090.0], 'JobIds': ['12847670.0'], 'EndTimes': [], 'Restarts': 0, 'RecordedSite': False, 'State': 'running', 'ResidentSetSize': [741036], 'TotalUserCpuTimeHistory': [0], 'SiteHistory': ['Unknown'], 'TotalSysCpuTimeHistory': [0]}}
INFO 2017-11-15 08:10:47,210: 	 Status on the scheduler:	SUBMITTED
INFO 2017-11-15 08:10:47,210: 	 
Jobs status:                    running       100.0% (2/2)
INFO 2017-11-15 08:10:47,210: 	 
No publication information (publication has been disabled in the CRAB configuration file)
INFO 2017-11-15 08:10:47,237: 	 Log file is /uscms_data/d3/samuellh/WorkingArea/TauAnalysis/CMSSW_9_3_2/src/PUAnalysis/VBFtt2017/crab/VBF80/crab_20171115_075341/crab.log
DEBUG 2017-11-15 09:24:07,997: 	 Executing command: 'status'
DEBUG 2017-11-15 09:24:07,997: 	 Found CRAB cache file /uscms/home/samuellh/.crab3
DEBUG 2017-11-15 09:24:08,005: 	 Checking credentials
DEBUG 2017-11-15 09:24:08,005: 	 Found proxy file /tmp/x509up_u52190
DEBUG 2017-11-15 09:24:08,005: 	 Getting proxy life time left
DEBUG 2017-11-15 09:24:08,108: 	 Executing : 
 command : voms-proxy-info -file /tmp/x509up_u52190 -timeleft
 output : 76235

 error: 
 retcode : 0
DEBUG 2017-11-15 09:24:08,212: 	 Executing : 
 command : voms-proxy-info -file /tmp/x509up_u52190 -actimeleft
 output : 76234

 error: 
 retcode : 0
DEBUG 2017-11-15 09:24:08,212: 	 Proxy valid for 21:10:35 hours
DEBUG 2017-11-15 09:24:11,007: 	 Executing : 
 command : openssl x509 -in ~/.globus/usercert.pem -subject -noout
 output : subject= /DC=ch/DC=cern/OU=Organic Units/OU=Users/CN=shigginb/CN=785176/CN=Sam Higginbotham

 error: 
 retcode : 0
DEBUG 2017-11-15 09:24:11,008: 	 Checking credentials
DEBUG 2017-11-15 09:24:11,008: 	 Found proxy file /tmp/x509up_u52190
DEBUG 2017-11-15 09:24:11,008: 	 Getting proxy life time left
DEBUG 2017-11-15 09:24:11,111: 	 Executing : 
 command : voms-proxy-info -file /tmp/x509up_u52190 -timeleft
 output : 76232

 error: 
 retcode : 0
DEBUG 2017-11-15 09:24:11,215: 	 Executing : 
 command : voms-proxy-info -file /tmp/x509up_u52190 -actimeleft
 output : 76231

 error: 
 retcode : 0
DEBUG 2017-11-15 09:24:11,215: 	 Proxy valid for 21:10:32 hours
DEBUG 2017-11-15 09:24:13,031: 	 Registering user credentials for server /DC=ch/DC=cern/OU=computers/CN=vocms(045|052|021|031|0118|0118a|0119|0108|0105|0109).cern.ch
DEBUG 2017-11-15 09:24:13,136: 	 Executing : 
 command : openssl x509 -in ~/.globus/usercert.pem -subject -noout
 output : subject= /DC=ch/DC=cern/OU=Organic Units/OU=Users/CN=shigginb/CN=785176/CN=Sam Higginbotham

 error: 
 retcode : 0
DEBUG 2017-11-15 09:24:13,136: 	 Getting myproxy life time left for myproxy.cern.ch
DEBUG 2017-11-15 09:24:13,136: 	 Calculating hash of /DC=ch/DC=cern/OU=Organic Units/OU=Users/CN=shigginb/CN=785176/CN=Sam Higginbotham_cmsweb.cern.ch for credential name
DEBUG 2017-11-15 09:24:13,941: 	 Executing : 
 command : myproxy-info -l 2f318c7a260d78734589f2cc772d26b8be79ec6c -s myproxy.cern.ch
 output : username: 2f318c7a260d78734589f2cc772d26b8be79ec6c
owner: /DC=ch/DC=cern/OU=Organic Units/OU=Users/CN=shigginb/CN=785176/CN=Sam Higginbotham
  renewal policy: /DC=ch/DC=cern/OU=computers/CN=vocms(045|052|021|031|0118|0118a|0119|0108|0105|0109).cern.ch
  trusted retrieval policy: /DC=ch/DC=cern/OU=computers/CN=vocms(045|052|021|031|0118|0118a|0119|0108|0105|0109).cern.ch
  timeleft: 429:59:28  (17.9 days)

 error: 
 retcode : 0
DEBUG 2017-11-15 09:24:13,942: 	 Myproxy is valid: 1547968
DEBUG 2017-11-15 09:24:13,942: 	 Command use: status
DEBUG 2017-11-15 09:24:13,942: 	 Options use: ['-d', 'crab_20171115_075341/']
DEBUG 2017-11-15 09:24:15,663: 	 CRABClient version: 3.3.1707.patch1
DEBUG 2017-11-15 09:24:15,663: 	 Instance is prod
DEBUG 2017-11-15 09:24:15,664: 	 Server base url is cmsweb.cern.ch
DEBUG 2017-11-15 09:24:15,664: 	 Command url /crabserver/prod/workflow
DEBUG 2017-11-15 09:24:17,251: 	 Got information from server oracle database: {u'result': [u'171115_135405:shigginb_crab_20171115_075341', u'None', u'SUBMITTED', u'2017-11-15 13:54:05.737190', u'None', u'2017-11-15 13:54:38.110856', u'None', u'CMSSW_9_3_2', u'slc6_amd64_gcc630', u'/ttH_HToZZ_4L_M125_14TeV_powheg2_JHUgenV702_pythia8/PhaseIITDRFall17MiniAOD-PU200_93X_upgrade2023_realistic_v2-v1/MINIAODSIM', u'[]', u'[]', u'FileBased', u"{'splitOnRun': False, 'halt_job_on_file_boundaries': False, 'files_per_job': 1, 'runs': [], 'lumis': []}", u'0', u'4e198fb019d07e682a8bd09208595d4eb73bac82ae7f6e24154a54b4451cc952.tar.gz', u'https://cmsweb.cern.ch/crabcache', u'shigginb', u'/DC=ch/DC=cern/OU=Organic Units/OU=Users/CN=shigginb/CN=785176/CN=Sam Higginbotham', u'cms', u'None', u'None', u'crab_20171115_075341-00000000000000000000000000000000', u'T3_US_FNALLPC', u'https://cmsweb.cern.ch/dbs/prod/global/DBSReader', u'https://cmsweb.cern.ch/dbs/prod/phys03/DBSWriter', u'F', u'Analysis', u'{}', u'[]', u'F', u'vocms052', u'[]', u'1250', u'1', u'2000', u'10', u'None', u'http://vocms0197.cern.ch/mon/cms1359/171115_135405:shigginb_crab_20171115_075341', u'None', u'None', u'[]', u'[]', u'[]', u'pythia', u'[]', u"['analysis.root']", u'[]', u'https://cmsweb.cern.ch/crabserver/prod', u'None', u'0', u'cmssrv221.fnal.gov:9620', u'crab3@vocms0197.cern.ch', u'F', u'[]', u'T', u'/store/user/shigginb/', u'F', u'None', u'F', u'F', u'F', u'None', u'ttH_HToZZ_4L_M125_14TeV_powheg2_JHUgenV702_pythia8', u'filetransfers', u'SUBMIT', u'12847662', u'd7033f6898b5e5ded11530303ad887881aa18a9e914093c170ec84f724b61f12.tar.gz', u'131.225.190.56', u'F', u'None'], u'desc': {u'columns': [u'tm_taskname', u'panda_jobset_id', u'tm_task_status', u'tm_start_time', u'tm_start_injection', u'tm_end_injection', u'tm_task_failure', u'tm_job_sw', u'tm_job_arch', u'tm_input_dataset', u'tm_site_whitelist', u'tm_site_blacklist', u'tm_split_algo', u'tm_split_args', u'tm_totalunits', u'tm_user_sandbox', u'tm_cache_url', u'tm_username', u'tm_user_dn', u'tm_user_vo', u'tm_user_role', u'tm_user_group', u'tm_publish_name', u'tm_asyncdest', u'tm_dbs_url', u'tm_publish_dbs_url', u'tm_publication', u'tm_job_type', u'tm_arguments', u'panda_resubmitted_jobs', u'tm_save_logs', u'tw_name', u'tm_user_infiles', u'tm_maxjobruntime', u'tm_numcores', u'tm_maxmemory', u'tm_priority', u'tm_output_dataset', u'tm_user_webdir', u'tm_activity', u'tm_scriptexe', u'tm_scriptargs', u'tm_extrajdl', u'tm_task_warnings', u'tm_generator', u'tm_outfiles', u'tm_tfile_outfiles', u'tm_edm_outfiles', u'tm_asourl', u'tm_events_per_lumi', u'tm_use_parent', u'tm_collector', u'tm_schedd', u'tm_dry_run', u'tm_user_files', u'tm_transfer_outputs', u'tm_output_lfn', u'tm_ignore_locality', u'tm_fail_limit', u'tm_one_event_mode', u'tm_publish_groupname', u'tm_nonvalid_input_dataset', u'tm_secondary_input_dataset', u'tm_primary_dataset', u'tm_asodb', u'tm_task_command', u'clusterid', u'tm_debug_files', u'tm_submitter_ip_addr', u'tm_ignore_global_blacklist', u'tm_last_publication']}}
INFO 2017-11-15 09:24:17,252: 	 CRAB project directory:		/uscms_data/d3/samuellh/WorkingArea/TauAnalysis/CMSSW_9_3_2/src/PUAnalysis/VBFtt2017/crab/VBF80/crab_20171115_075341
INFO 2017-11-15 09:24:17,252: 	 Task name:			171115_135405:shigginb_crab_20171115_075341
INFO 2017-11-15 09:24:17,252: 	 Grid scheduler:			crab3@vocms0197.cern.ch
INFO 2017-11-15 09:24:17,252: 	 Status on the CRAB server:	SUBMITTED
INFO 2017-11-15 09:24:17,252: 	 Task URL to use for HELP:	https://cmsweb.cern.ch/crabserver/ui/task/171115_135405%3Ashigginb_crab_20171115_075341
INFO 2017-11-15 09:24:17,252: 	 Dashboard monitoring URL:	http://dashb-cms-job.cern.ch/dashboard/templates/task-analysis/#user=shigginb&refresh=0&table=Jobs&p=1&records=25&activemenu=2&status=&site=&tid=171115_135405%3Ashigginb_crab_20171115_075341
DEBUG 2017-11-15 09:24:17,252: 	 The CRAB server submitted your task to the Grid scheduler (cluster ID: 12847662)
DEBUG 2017-11-15 09:24:17,252: 	 Webdir is located at http://vocms0197.cern.ch/mon/cms1359/171115_135405:shigginb_crab_20171115_075341
DEBUG 2017-11-15 09:24:19,076: 	 Proxied webdir is located at https://cmsweb.cern.ch/scheddmon/0197/cms1359/171115_135405:shigginb_crab_20171115_075341
DEBUG 2017-11-15 09:24:19,076: 	 Retrieving 'status_cache' file from https://cmsweb.cern.ch/scheddmon/0197/cms1359/171115_135405:shigginb_crab_20171115_075341/status_cache
DEBUG 2017-11-15 09:24:20,701: 	 Got information from status cache file: {'1': {'Retries': 0, 'WallDurations': [1095.0], 'StartTimes': [1510754177.0], 'SubmitTimes': [1510754089.0], 'JobIds': ['12847669.0'], 'EndTimes': [1510755272.0], 'Restarts': 0, 'RecordedSite': False, 'State': 'finished', 'ResidentSetSize': [770532], 'TotalUserCpuTimeHistory': [229], 'SiteHistory': ['Unknown'], 'TotalSysCpuTimeHistory': [9]}, '2': {'Retries': 0, 'WallDurations': [1462.0], 'StartTimes': [1510754210.0], 'SubmitTimes': [1510754090.0], 'JobIds': ['12847670.0'], 'EndTimes': [1510755672.0], 'Restarts': 0, 'RecordedSite': False, 'State': 'finished', 'ResidentSetSize': [751572], 'TotalUserCpuTimeHistory': [205], 'SiteHistory': ['Unknown'], 'TotalSysCpuTimeHistory': [45]}}
INFO 2017-11-15 09:24:20,701: 	 Status on the scheduler:	COMPLETED
INFO 2017-11-15 09:24:20,702: 	 
Jobs status:                    finished      100.0% (2/2)
INFO 2017-11-15 09:24:20,702: 	 
No publication information (publication has been disabled in the CRAB configuration file)
INFO 2017-11-15 09:24:20,715: 	 Log file is /uscms_data/d3/samuellh/WorkingArea/TauAnalysis/CMSSW_9_3_2/src/PUAnalysis/VBFtt2017/crab/VBF80/crab_20171115_075341/crab.log
