('The system path in the config file ', ['/cvmfs/cms.cern.ch/crab3/slc6_amd64_gcc493/cms/crabclient/3.3.1707.patch1/bin', '/uscms_data/d3/samuellh/WorkingArea/TauAnalysis/CMSSW_9_3_2/python', '/uscms_data/d3/samuellh/WorkingArea/TauAnalysis/CMSSW_9_3_2/lib/slc6_amd64_gcc630', '/cvmfs/cms.cern.ch/slc6_amd64_gcc630/cms/cmssw/CMSSW_9_3_2/python', '/cvmfs/cms.cern.ch/slc6_amd64_gcc630/cms/cmssw/CMSSW_9_3_2/lib/slc6_amd64_gcc630', '/cvmfs/cms.cern.ch/slc6_amd64_gcc630/cms/coral/CORAL_2_3_21-ghjeda6/slc6_amd64_gcc630/python', '/cvmfs/cms.cern.ch/slc6_amd64_gcc630/cms/coral/CORAL_2_3_21-ghjeda6/slc6_amd64_gcc630/lib', '/cvmfs/cms.cern.ch/slc6_amd64_gcc630/external/professor2/2.2.1-ghjeda6/lib/python2.7/site-packages', '/cvmfs/cms.cern.ch/slc6_amd64_gcc630/external/pyqt/4.11.4-mlhled2/lib/python2.7/site-packages', '/cvmfs/cms.cern.ch/slc6_amd64_gcc630/external/sherpa/2.2.4-ghjeda/lib/python2.7/site-packages', '/cvmfs/cms.cern.ch/slc6_amd64_gcc630/external/rivet/2.5.2-ghjeda4/lib/python2.7/site-packages', '/cvmfs/cms.cern.ch/slc6_amd64_gcc630/external/python-ldap/2.4.10-mlhled2/lib/python2.7/site-packages', '/cvmfs/cms.cern.ch/slc6_amd64_gcc630/external/py2-matplotlib/1.5.2-njopjo/lib/python2.7/site-packages', '/cvmfs/cms.cern.ch/slc6_amd64_gcc630/external/sip/4.17-mlhled2/lib/python2.7/site-packages', '/cvmfs/cms.cern.ch/slc6_amd64_gcc630/external/llvm/4.0.0-njopjo/lib64/python2.7/site-packages', '/cvmfs/cms.cern.ch/slc6_amd64_gcc630/external/py2-sqlalchemy/1.1.4-mlhled2/lib/python2.7/site-packages', '/cvmfs/cms.cern.ch/slc6_amd64_gcc630/external/py2-lint/0.25.1-mlhled2/lib/python2.7/site-packages', '/cvmfs/cms.cern.ch/slc6_amd64_gcc630/external/py2-dxr/1.0-ghjeda6/lib/python2.7/site-packages', '/cvmfs/cms.cern.ch/slc6_amd64_gcc630/external/py2-cx-oracle/5.2.1-mlhled2/lib/python2.7/site-packages', '/cvmfs/cms.cern.ch/slc6_amd64_gcc630/external/py2-numpy/1.12.1-mlhled2/lib/python2.7/site-packages', '/cvmfs/cms.cern.ch/slc6_amd64_gcc630/external/frontier_client/2.8.20-mlhled2/python/lib', '/cvmfs/cms.cern.ch/slc6_amd64_gcc630/cms/das_client/v03.01.00-mlhled2/bin', '/cvmfs/cms.cern.ch/slc6_amd64_gcc630/external/xrootd/4.6.1/lib/python2.7/site-packages', '/cvmfs/cms.cern.ch/slc6_amd64_gcc630/external/yoda/1.6.5-ghjeda4/lib/python2.7/site-packages', '/cvmfs/cms.cern.ch/slc6_amd64_gcc630/lcg/root/6.10.04-ghjeda/lib', '/cvmfs/cms.cern.ch/slc6_amd64_gcc630/external/pyminuit2/0.0.1-ghjeda4/lib/python2.7/site-packages', '/cvmfs/cms.cern.ch/slc6_amd64_gcc630/external/py2-PyYAML/3.11-mlhled2/lib/python2.7/site-packages', '/cvmfs/cms.cern.ch/slc6_amd64_gcc630/external/py2-pygithub/1.23.0-mlhled2/lib/python2.7/site-packages', '/cvmfs/cms.cern.ch/slc6_amd64_gcc630/external/py2-pip/9.0.1-mlhled2/lib/python2.7/site-packages', '/cvmfs/cms.cern.ch/slc6_amd64_gcc630/external/py2-dablooms/0.9.1-mlhled2/lib/python2.7/site-packages', '/cvmfs/cms.cern.ch/slc6_amd64_gcc630/external/py2-pippkgs_depscipy/3.0-ghjeda6/lib/python2.7/site-packages', '/cvmfs/cms.cern.ch/slc6_amd64_gcc630/external/py2-pippkgs/5.0-ghjeda6/lib/python2.7/site-packages', '/cvmfs/cms.cern.ch/slc6_amd64_gcc630/external/professor/1.4.0-ghjeda4/lib/python2.7/site-packages', '/cvmfs/cms.cern.ch/slc6_amd64_gcc630/cms/dbs-client/DBS_2_1_9-mlhled2/lib', '/cvmfs/cms.cern.ch/slc6_amd64_gcc630/cms/dbs-client/DBS_2_1_9-mlhled2/lib/DBSAPI', '/cvmfs/cms.cern.ch/slc6_amd64_gcc630/external/cvs2git/5419-mlhled2/lib', '/cvmfs/cms.cern.ch/crab3/slc6_amd64_gcc493/cms/crabclient/3.3.1707.patch1/lib/python2.7/site-packages', '/cvmfs/cms.cern.ch/crab3/slc6_amd64_gcc493/cms/dbs3-client/3.4.4/lib/python2.7/site-packages', '/cvmfs/cms.cern.ch/crab3/slc6_amd64_gcc493/cms/dbs3-pycurl-client/3.4.4/lib/python2.7/site-packages', '/cvmfs/cms.cern.ch/slc6_amd64_gcc630/external/py2-sqlalchemy/1.1.4-mlhled2/lib/python2.7/site-packages/SQLAlchemy-1.1.4-py2.7-linux-x86_64.egg', '/cvmfs/cms.cern.ch/slc6_amd64_gcc630/external/py2-numpy/1.12.1-mlhled2/lib/python2.7/site-packages/numpy-1.12.1-py2.7-linux-x86_64.egg', '/cvmfs/cms.cern.ch/slc6_amd64_gcc630/external/python/2.7.11-mlhled2/lib/python27.zip', '/cvmfs/cms.cern.ch/slc6_amd64_gcc630/external/python/2.7.11-mlhled2/lib/python2.7', '/cvmfs/cms.cern.ch/slc6_amd64_gcc630/external/python/2.7.11-mlhled2/lib/python2.7/plat-linux2', '/cvmfs/cms.cern.ch/slc6_amd64_gcc630/external/python/2.7.11-mlhled2/lib/python2.7/lib-tk', '/cvmfs/cms.cern.ch/slc6_amd64_gcc630/external/python/2.7.11-mlhled2/lib/python2.7/lib-old', '/cvmfs/cms.cern.ch/slc6_amd64_gcc630/external/python/2.7.11-mlhled2/lib/python2.7/lib-dynload', '/cvmfs/cms.cern.ch/slc6_amd64_gcc630/external/python/2.7.11-mlhled2/lib/python2.7/site-packages', '/uscms_data/d3/samuellh/WorkingArea/TauAnalysis/CMSSW_9_3_2/src/PUAnalysis/VBFtt2017/crab/VBF52'])
 ##################################################################### 
 # WARNING: the module CondCore.DBCommon.CondDBSetup is deprecated.  # 
 # Please import CondCore.CondDB.CondDB_cfi                          # 
 ##################################################################### 
recorrecting the jets
List Of Filters
['processedEvents', 'initialEventsTT', 'DiMuonCreation', 'AtLeastOneDiTau', 'TTTauPtEta', 'TTTauDecayFound', 'TTTauStandardDecayFound', 'TTTauDRSel', 'TTSync', 'TTAntiEle', 'TTAntiMu', 'TTIso', 'TTOS']
DEBUG 2017-11-15 07:38:26,097: 	 Executing command: 'submit'
DEBUG 2017-11-15 07:38:26,098: 	 Found CRAB cache file /uscms/home/samuellh/.crab3
DEBUG 2017-11-15 07:38:26,105: 	 Checking credentials
DEBUG 2017-11-15 07:38:26,106: 	 Found proxy file /tmp/x509up_u52190
DEBUG 2017-11-15 07:38:26,106: 	 Getting proxy life time left
DEBUG 2017-11-15 07:38:26,208: 	 Executing : 
 command : voms-proxy-info -file /tmp/x509up_u52190 -timeleft
 output : 82577

 error: 
 retcode : 0
DEBUG 2017-11-15 07:38:26,312: 	 Executing : 
 command : voms-proxy-info -file /tmp/x509up_u52190 -actimeleft
 output : 82576

 error: 
 retcode : 0
DEBUG 2017-11-15 07:38:26,312: 	 Proxy valid for 22:56:17 hours
INFO 2017-11-15 07:38:26,312: 	 Will use CRAB configuration file crab3_TT_MC.py
DEBUG 2017-11-15 07:38:26,312: 	 Loading CRAB configuration file.
DEBUG 2017-11-15 07:38:26,319: 	 Will use CRAB Analysis plugin (i.e. will run an analysis job type).
DEBUG 2017-11-15 07:38:26,434: 	 Executing : 
 command : openssl x509 -in ~/.globus/usercert.pem -subject -noout
 output : subject= /DC=ch/DC=cern/OU=Organic Units/OU=Users/CN=shigginb/CN=785176/CN=Sam Higginbotham

 error: 
 retcode : 0
DEBUG 2017-11-15 07:38:26,434: 	 Checking credentials
DEBUG 2017-11-15 07:38:26,434: 	 Found proxy file /tmp/x509up_u52190
DEBUG 2017-11-15 07:38:26,434: 	 Getting proxy life time left
DEBUG 2017-11-15 07:38:26,537: 	 Executing : 
 command : voms-proxy-info -file /tmp/x509up_u52190 -timeleft
 output : 82577

 error: 
 retcode : 0
DEBUG 2017-11-15 07:38:26,640: 	 Executing : 
 command : voms-proxy-info -file /tmp/x509up_u52190 -actimeleft
 output : 82576

 error: 
 retcode : 0
DEBUG 2017-11-15 07:38:26,641: 	 Proxy valid for 22:56:17 hours
DEBUG 2017-11-15 07:38:26,743: 	 Executing : 
 command : env X509_USER_PROXY=/tmp/x509up_u52190 voms-proxy-info -fqan
 output : /cms/Role=NULL/Capability=NULL

 error: 
 retcode : 0
DEBUG 2017-11-15 07:38:28,374: 	 Registering user credentials for server /DC=ch/DC=cern/OU=computers/CN=vocms(045|052|021|031|0118|0118a|0119|0108|0105|0109).cern.ch
DEBUG 2017-11-15 07:38:28,482: 	 Executing : 
 command : openssl x509 -in ~/.globus/usercert.pem -subject -noout
 output : subject= /DC=ch/DC=cern/OU=Organic Units/OU=Users/CN=shigginb/CN=785176/CN=Sam Higginbotham

 error: 
 retcode : 0
DEBUG 2017-11-15 07:38:28,482: 	 Getting myproxy life time left for myproxy.cern.ch
DEBUG 2017-11-15 07:38:28,482: 	 Calculating hash of /DC=ch/DC=cern/OU=Organic Units/OU=Users/CN=shigginb/CN=785176/CN=Sam Higginbotham_cmsweb.cern.ch for credential name
DEBUG 2017-11-15 07:38:29,187: 	 Executing : 
 command : myproxy-info -l 2f318c7a260d78734589f2cc772d26b8be79ec6c -s myproxy.cern.ch
 output : username: 2f318c7a260d78734589f2cc772d26b8be79ec6c
owner: /DC=ch/DC=cern/OU=Organic Units/OU=Users/CN=shigginb/CN=785176/CN=Sam Higginbotham
  renewal policy: /DC=ch/DC=cern/OU=computers/CN=vocms(045|052|021|031|0118|0118a|0119|0108|0105|0109).cern.ch
  trusted retrieval policy: /DC=ch/DC=cern/OU=computers/CN=vocms(045|052|021|031|0118|0118a|0119|0108|0105|0109).cern.ch
  timeleft: 431:45:12  (18.0 days)

 error: 
 retcode : 0
DEBUG 2017-11-15 07:38:29,188: 	 Myproxy is valid: 1554312
DEBUG 2017-11-15 07:38:29,188: 	 Command use: submit
DEBUG 2017-11-15 07:38:29,188: 	 Options use: ['-c', 'crab3_TT_MC.py']
DEBUG 2017-11-15 07:38:30,812: 	 CRABClient version: 3.3.1707.patch1
DEBUG 2017-11-15 07:38:30,812: 	 Instance is prod
DEBUG 2017-11-15 07:38:30,812: 	 Server base url is cmsweb.cern.ch
DEBUG 2017-11-15 07:38:30,812: 	 Command url /crabserver/prod/workflow
DEBUG 2017-11-15 07:38:30,813: 	 Started submission
DEBUG 2017-11-15 07:38:30,813: 	 Working on /uscms_data/d3/samuellh/WorkingArea/TauAnalysis/CMSSW_9_3_2/src/PUAnalysis/VBFtt2017/crab/VBF52/crab_20171115_073826
DEBUG 2017-11-15 07:38:32,605: 	 Loading required information from the environment
DEBUG 2017-11-15 07:38:32,605: 	 Found CMSSW_9_3_2 for slc6_amd64_gcc630 with base /uscms_data/d3/samuellh/WorkingArea/TauAnalysis/CMSSW_9_3_2
DEBUG 2017-11-15 07:38:32,605: 	 Loading required information from the environment
DEBUG 2017-11-15 07:38:32,605: 	 Found CMSSW_9_3_2 for slc6_amd64_gcc630 with base /uscms_data/d3/samuellh/WorkingArea/TauAnalysis/CMSSW_9_3_2
DEBUG 2017-11-15 07:38:32,614: 	 UNIQUE NAME: tarUUID e884b708-3954-4618-924a-2157adaad45c 
DEBUG 2017-11-15 07:38:32,614: 	 self.config: from WMCore.Configuration import Configuration
config = Configuration()
config.section_('General')
config.section_('JobType')
config.JobType.psetName = '../../../TT-MC-Up.py'
config.JobType.pluginName = 'Analysis'
config.JobType.inputFiles = ['../../../Configuration/data/PhaseIISummer16_25nsV3_MC.db']
config.JobType.outputFiles = ['analysis.root']
config.JobType.allowUndistributedCMSSW = True
config.section_('Data')
config.Data.inputDataset = '/TprimeBToTH_M-2500_Width-10p_LH_TuneCUETP8M2T4_14TeV-madgraph-pythia8/PhaseIITDRFall17MiniAOD-PU200_93X_upgrade2023_realistic_v2-v1/MINIAODSIM'
config.Data.unitsPerJob = 1
config.Data.publication = False
config.Data.inputDBS = 'global'
config.Data.splitting = 'FileBased'
config.section_('Site')
config.Site.storageSite = 'T3_US_FNALLPC'
config.section_('User')
config.section_('Debug')

DEBUG 2017-11-15 07:38:32,614: 	 self.config.JobType.psetName: ../../../TT-MC-Up.py
INFO 2017-11-15 07:38:32,615: 	 Importing CMSSW configuration ../../../TT-MC-Up.py
INFO 2017-11-15 07:38:35,068: 	 Finished importing CMSSW configuration ../../../TT-MC-Up.py
DEBUG 2017-11-15 07:38:35,068: 	 Writing CMSSW configuration to /uscms_data/d3/samuellh/WorkingArea/TauAnalysis/CMSSW_9_3_2/src/PUAnalysis/VBFtt2017/crab/VBF52/crab_20171115_073826/inputs/PSet.py
DEBUG 2017-11-15 07:38:36,898: 	 The following EDM output files will be collected: []
DEBUG 2017-11-15 07:38:36,898: 	 The following TFile output files will be collected: ['analysis.root']
DEBUG 2017-11-15 07:38:36,898: 	 The following user output files will be collected: []
DEBUG 2017-11-15 07:38:36,898: 	 Loading required information from the environment
DEBUG 2017-11-15 07:38:36,898: 	 Found CMSSW_9_3_2 for slc6_amd64_gcc630 with base /uscms_data/d3/samuellh/WorkingArea/TauAnalysis/CMSSW_9_3_2
DEBUG 2017-11-15 07:38:36,898: 	 Making tarball in /uscms_data/d3/samuellh/WorkingArea/TauAnalysis/CMSSW_9_3_2/src/PUAnalysis/VBFtt2017/crab/VBF52/crab_20171115_073826/inputs/e884b708-3954-4618-924a-2157adaad45cdefault.tgz
DEBUG 2017-11-15 07:38:36,999: 	 Checking directory /uscms_data/d3/samuellh/WorkingArea/TauAnalysis/CMSSW_9_3_2/lib
DEBUG 2017-11-15 07:38:36,999: 	 Adding directory /uscms_data/d3/samuellh/WorkingArea/TauAnalysis/CMSSW_9_3_2/lib to tarball
DEBUG 2017-11-15 07:38:37,976: 	 Checking directory /uscms_data/d3/samuellh/WorkingArea/TauAnalysis/CMSSW_9_3_2/biglib
DEBUG 2017-11-15 07:38:37,977: 	 Adding directory /uscms_data/d3/samuellh/WorkingArea/TauAnalysis/CMSSW_9_3_2/biglib to tarball
DEBUG 2017-11-15 07:38:37,980: 	 Checking directory /uscms_data/d3/samuellh/WorkingArea/TauAnalysis/CMSSW_9_3_2/module
DEBUG 2017-11-15 07:38:38,009: 	 Adding data directory /uscms_data/d3/samuellh/WorkingArea/TauAnalysis/CMSSW_9_3_2/src/PUAnalysis/Configuration/data to tarball
DEBUG 2017-11-15 07:38:40,774: 	 Adding data directory /uscms_data/d3/samuellh/WorkingArea/TauAnalysis/CMSSW_9_3_2/src/PUAnalysis/DataFormats/interface to tarball
DEBUG 2017-11-15 07:38:40,783: 	 Adding data directory /uscms_data/d3/samuellh/WorkingArea/TauAnalysis/CMSSW_9_3_2/src/PUAnalysis/NtupleTools/interface to tarball
DEBUG 2017-11-15 07:38:40,794: 	 Adding data directory /uscms_data/d3/samuellh/WorkingArea/TauAnalysis/CMSSW_9_3_2/src/PUAnalysis/RecoTools/interface to tarball
DEBUG 2017-11-15 07:38:40,991: 	 Adding file ../../../Configuration/data/PhaseIISummer16_25nsV3_MC.db to tarball
DEBUG 2017-11-15 07:38:41,378: 	 Uploading archive /uscms_data/d3/samuellh/WorkingArea/TauAnalysis/CMSSW_9_3_2/src/PUAnalysis/VBFtt2017/crab/VBF52/crab_20171115_073826/inputs/e884b708-3954-4618-924a-2157adaad45cdefault.tgz (11 MB) to the CRAB cache. Using URI https://cmsweb.cern.ch/crabcache
DEBUG 2017-11-15 07:38:50,893: 	 Loading required information from the environment
DEBUG 2017-11-15 07:38:50,893: 	 Found CMSSW_9_3_2 for slc6_amd64_gcc630 with base /uscms_data/d3/samuellh/WorkingArea/TauAnalysis/CMSSW_9_3_2
DEBUG 2017-11-15 07:38:50,893: 	 Making tarball in /uscms_data/d3/samuellh/WorkingArea/TauAnalysis/CMSSW_9_3_2/src/PUAnalysis/VBFtt2017/crab/VBF52/crab_20171115_073826/inputs/debugFiles.tgz
DEBUG 2017-11-15 07:38:50,898: 	 Uploading archive /uscms_data/d3/samuellh/WorkingArea/TauAnalysis/CMSSW_9_3_2/src/PUAnalysis/VBFtt2017/crab/VBF52/crab_20171115_073826/inputs/debugFiles.tgz (2 KB) to the CRAB cache. Using URI https://cmsweb.cern.ch/crabcache
DEBUG 2017-11-15 07:38:52,980: 	 Result uploading input files: 4e198fb019d07e682a8bd09208595d4eb73bac82ae7f6e24154a54b4451cc952.tar.gz 
INFO 2017-11-15 07:38:52,980: 	 Sending the request to the server
DEBUG 2017-11-15 07:38:52,980: 	 Submitting {'maxjobruntime': 1250, 'extrajdl': [], 'ignorelocality': 0, 'savelogsflag': 0, 'useparent': 0, 'asyncdest': 'T3_US_FNALLPC', 'algoargs': 1, 'cachefilename': '4e198fb019d07e682a8bd09208595d4eb73bac82ae7f6e24154a54b4451cc952.tar.gz', 'numcores': 1, 'addoutputfiles': [], 'generator': 'pythia', 'maxmemory': 2000, 'publishdbsurl': 'https://cmsweb.cern.ch/dbs/prod/phys03/DBSWriter', 'priority': 10, 'jobsw': 'CMSSW_9_3_2', 'edmoutfiles': [], 'userfiles': [], 'primarydataset': '', 'inputdata': '/TprimeBToTH_M-2500_Width-10p_LH_TuneCUETP8M2T4_14TeV-madgraph-pythia8/PhaseIITDRFall17MiniAOD-PU200_93X_upgrade2023_realistic_v2-v1/MINIAODSIM', 'dryrun': 0, 'workflow': 'crab_20171115_073826', 'cacheurl': u'https://cmsweb.cern.ch/crabcache', 'nonprodsw': 1, 'tfileoutfiles': ['analysis.root'], 'oneEventMode': 0, 'debugfilename': '16c10a07a85acda127e097bbbafc3c263f729e68dae0aa994056e8c6b0263939.tar.gz', 'saveoutput': 1, 'publication': 0, 'jobarch': 'slc6_amd64_gcc630', 'totalunits': 0, 'splitalgo': 'FileBased', 'ignoreglobalblacklist': 0, 'nonvaliddata': 0, 'dbsurl': 'https://cmsweb.cern.ch/dbs/prod/global/DBSReader', 'publishgroupname': 0, 'jobtype': 'Analysis', 'publishname2': ''} 
DEBUG 2017-11-15 07:38:52,981: 	 Encoded submit request: maxjobruntime=1250&ignorelocality=0&savelogsflag=0&useparent=0&asyncdest=T3_US_FNALLPC&algoargs=1&cachefilename=4e198fb019d07e682a8bd09208595d4eb73bac82ae7f6e24154a54b4451cc952.tar.gz&numcores=1&generator=pythia&maxmemory=2000&publishdbsurl=https%3A%2F%2Fcmsweb.cern.ch%2Fdbs%2Fprod%2Fphys03%2FDBSWriter&priority=10&jobsw=CMSSW_9_3_2&primarydataset=&inputdata=%2FTprimeBToTH_M-2500_Width-10p_LH_TuneCUETP8M2T4_14TeV-madgraph-pythia8%2FPhaseIITDRFall17MiniAOD-PU200_93X_upgrade2023_realistic_v2-v1%2FMINIAODSIM&dryrun=0&workflow=crab_20171115_073826&cacheurl=https%3A%2F%2Fcmsweb.cern.ch%2Fcrabcache&nonprodsw=1&oneEventMode=0&debugfilename=16c10a07a85acda127e097bbbafc3c263f729e68dae0aa994056e8c6b0263939.tar.gz&saveoutput=1&publication=0&jobarch=slc6_amd64_gcc630&totalunits=0&splitalgo=FileBased&ignoreglobalblacklist=0&nonvaliddata=0&dbsurl=https%3A%2F%2Fcmsweb.cern.ch%2Fdbs%2Fprod%2Fglobal%2FDBSReader&publishgroupname=0&jobtype=Analysis&publishname2=&tfileoutfiles=analysis.root
DEBUG 2017-11-15 07:38:54,790: 	 Result: {u'result': [{u'RequestName': u'171115_133854:shigginb_crab_20171115_073826'}]}
INFO 2017-11-15 07:38:54,812: 	 Success: Your task has been delivered to the CRAB3 server.
INFO 2017-11-15 07:38:54,812: 	 Task name: 171115_133854:shigginb_crab_20171115_073826
INFO 2017-11-15 07:38:54,812: 	 Please use 'crab status' to check how the submission process proceeds.
DEBUG 2017-11-15 07:38:54,813: 	 About to return
INFO 2017-11-15 07:38:54,824: 	 Log file is /uscms_data/d3/samuellh/WorkingArea/TauAnalysis/CMSSW_9_3_2/src/PUAnalysis/VBFtt2017/crab/VBF52/crab_20171115_073826/crab.log
DEBUG 2017-11-15 08:05:07,893: 	 Executing command: 'status'
DEBUG 2017-11-15 08:05:07,899: 	 Found CRAB cache file /uscms/home/samuellh/.crab3
DEBUG 2017-11-15 08:05:07,907: 	 Checking credentials
DEBUG 2017-11-15 08:05:07,907: 	 Found proxy file /tmp/x509up_u52190
DEBUG 2017-11-15 08:05:07,907: 	 Getting proxy life time left
DEBUG 2017-11-15 08:05:08,010: 	 Executing : 
 command : voms-proxy-info -file /tmp/x509up_u52190 -timeleft
 output : 80976

 error: 
 retcode : 0
DEBUG 2017-11-15 08:05:08,113: 	 Executing : 
 command : voms-proxy-info -file /tmp/x509up_u52190 -actimeleft
 output : 80974

 error: 
 retcode : 0
DEBUG 2017-11-15 08:05:08,113: 	 Proxy valid for 22:29:36 hours
DEBUG 2017-11-15 08:05:08,273: 	 Executing : 
 command : openssl x509 -in ~/.globus/usercert.pem -subject -noout
 output : subject= /DC=ch/DC=cern/OU=Organic Units/OU=Users/CN=shigginb/CN=785176/CN=Sam Higginbotham

 error: 
 retcode : 0
DEBUG 2017-11-15 08:05:08,274: 	 Checking credentials
DEBUG 2017-11-15 08:05:08,274: 	 Found proxy file /tmp/x509up_u52190
DEBUG 2017-11-15 08:05:08,274: 	 Getting proxy life time left
DEBUG 2017-11-15 08:05:08,377: 	 Executing : 
 command : voms-proxy-info -file /tmp/x509up_u52190 -timeleft
 output : 80975

 error: 
 retcode : 0
DEBUG 2017-11-15 08:05:08,480: 	 Executing : 
 command : voms-proxy-info -file /tmp/x509up_u52190 -actimeleft
 output : 80974

 error: 
 retcode : 0
DEBUG 2017-11-15 08:05:08,480: 	 Proxy valid for 22:29:35 hours
DEBUG 2017-11-15 08:05:10,186: 	 Registering user credentials for server /DC=ch/DC=cern/OU=computers/CN=vocms(045|052|021|031|0118|0118a|0119|0108|0105|0109).cern.ch
DEBUG 2017-11-15 08:05:10,294: 	 Executing : 
 command : openssl x509 -in ~/.globus/usercert.pem -subject -noout
 output : subject= /DC=ch/DC=cern/OU=Organic Units/OU=Users/CN=shigginb/CN=785176/CN=Sam Higginbotham

 error: 
 retcode : 0
DEBUG 2017-11-15 08:05:10,295: 	 Getting myproxy life time left for myproxy.cern.ch
DEBUG 2017-11-15 08:05:10,295: 	 Calculating hash of /DC=ch/DC=cern/OU=Organic Units/OU=Users/CN=shigginb/CN=785176/CN=Sam Higginbotham_cmsweb.cern.ch for credential name
DEBUG 2017-11-15 08:05:11,000: 	 Executing : 
 command : myproxy-info -l 2f318c7a260d78734589f2cc772d26b8be79ec6c -s myproxy.cern.ch
 output : username: 2f318c7a260d78734589f2cc772d26b8be79ec6c
owner: /DC=ch/DC=cern/OU=Organic Units/OU=Users/CN=shigginb/CN=785176/CN=Sam Higginbotham
  renewal policy: /DC=ch/DC=cern/OU=computers/CN=vocms(045|052|021|031|0118|0118a|0119|0108|0105|0109).cern.ch
  trusted retrieval policy: /DC=ch/DC=cern/OU=computers/CN=vocms(045|052|021|031|0118|0118a|0119|0108|0105|0109).cern.ch
  timeleft: 431:18:31  (18.0 days)

 error: 
 retcode : 0
DEBUG 2017-11-15 08:05:11,001: 	 Myproxy is valid: 1552711
DEBUG 2017-11-15 08:05:11,001: 	 Command use: status
DEBUG 2017-11-15 08:05:11,001: 	 Options use: ['-d', 'crab_20171115_073826/']
DEBUG 2017-11-15 08:05:12,708: 	 CRABClient version: 3.3.1707.patch1
DEBUG 2017-11-15 08:05:12,708: 	 Instance is prod
DEBUG 2017-11-15 08:05:12,708: 	 Server base url is cmsweb.cern.ch
DEBUG 2017-11-15 08:05:12,708: 	 Command url /crabserver/prod/workflow
DEBUG 2017-11-15 08:05:14,639: 	 Got information from server oracle database: {u'result': [u'171115_133854:shigginb_crab_20171115_073826', u'None', u'SUBMITTED', u'2017-11-15 13:38:54.730190', u'None', u'2017-11-15 13:40:06.314341', u'None', u'CMSSW_9_3_2', u'slc6_amd64_gcc630', u'/TprimeBToTH_M-2500_Width-10p_LH_TuneCUETP8M2T4_14TeV-madgraph-pythia8/PhaseIITDRFall17MiniAOD-PU200_93X_upgrade2023_realistic_v2-v1/MINIAODSIM', u'[]', u'[]', u'FileBased', u"{'splitOnRun': False, 'halt_job_on_file_boundaries': False, 'files_per_job': 1, 'runs': [], 'lumis': []}", u'0', u'4e198fb019d07e682a8bd09208595d4eb73bac82ae7f6e24154a54b4451cc952.tar.gz', u'https://cmsweb.cern.ch/crabcache', u'shigginb', u'/DC=ch/DC=cern/OU=Organic Units/OU=Users/CN=shigginb/CN=785176/CN=Sam Higginbotham', u'cms', u'None', u'None', u'crab_20171115_073826-00000000000000000000000000000000', u'T3_US_FNALLPC', u'https://cmsweb.cern.ch/dbs/prod/global/DBSReader', u'https://cmsweb.cern.ch/dbs/prod/phys03/DBSWriter', u'F', u'Analysis', u'{}', u'[]', u'F', u'vocms052', u'[]', u'1250', u'1', u'2000', u'10', u'None', u'http://vocms0137.cern.ch/mon/cms1359/171115_133854:shigginb_crab_20171115_073826', u'None', u'None', u'[]', u'[]', u'[]', u'pythia', u'[]', u"['analysis.root']", u'[]', u'https://cmsweb.cern.ch/crabserver/prod', u'None', u'0', u'cmssrv221.fnal.gov:9620', u'crab3@vocms0137.cern.ch', u'F', u'[]', u'T', u'/store/user/shigginb/', u'F', u'None', u'F', u'F', u'F', u'None', u'TprimeBToTH_M-2500_Width-10p_LH_TuneCUETP8M2T4_14TeV-madgraph-pythia8', u'filetransfers', u'SUBMIT', u'15048071', u'16c10a07a85acda127e097bbbafc3c263f729e68dae0aa994056e8c6b0263939.tar.gz', u'131.225.190.56', u'F', u'None'], u'desc': {u'columns': [u'tm_taskname', u'panda_jobset_id', u'tm_task_status', u'tm_start_time', u'tm_start_injection', u'tm_end_injection', u'tm_task_failure', u'tm_job_sw', u'tm_job_arch', u'tm_input_dataset', u'tm_site_whitelist', u'tm_site_blacklist', u'tm_split_algo', u'tm_split_args', u'tm_totalunits', u'tm_user_sandbox', u'tm_cache_url', u'tm_username', u'tm_user_dn', u'tm_user_vo', u'tm_user_role', u'tm_user_group', u'tm_publish_name', u'tm_asyncdest', u'tm_dbs_url', u'tm_publish_dbs_url', u'tm_publication', u'tm_job_type', u'tm_arguments', u'panda_resubmitted_jobs', u'tm_save_logs', u'tw_name', u'tm_user_infiles', u'tm_maxjobruntime', u'tm_numcores', u'tm_maxmemory', u'tm_priority', u'tm_output_dataset', u'tm_user_webdir', u'tm_activity', u'tm_scriptexe', u'tm_scriptargs', u'tm_extrajdl', u'tm_task_warnings', u'tm_generator', u'tm_outfiles', u'tm_tfile_outfiles', u'tm_edm_outfiles', u'tm_asourl', u'tm_events_per_lumi', u'tm_use_parent', u'tm_collector', u'tm_schedd', u'tm_dry_run', u'tm_user_files', u'tm_transfer_outputs', u'tm_output_lfn', u'tm_ignore_locality', u'tm_fail_limit', u'tm_one_event_mode', u'tm_publish_groupname', u'tm_nonvalid_input_dataset', u'tm_secondary_input_dataset', u'tm_primary_dataset', u'tm_asodb', u'tm_task_command', u'clusterid', u'tm_debug_files', u'tm_submitter_ip_addr', u'tm_ignore_global_blacklist', u'tm_last_publication']}}
INFO 2017-11-15 08:05:14,640: 	 CRAB project directory:		/uscms_data/d3/samuellh/WorkingArea/TauAnalysis/CMSSW_9_3_2/src/PUAnalysis/VBFtt2017/crab/VBF52/crab_20171115_073826
INFO 2017-11-15 08:05:14,640: 	 Task name:			171115_133854:shigginb_crab_20171115_073826
INFO 2017-11-15 08:05:14,640: 	 Grid scheduler:			crab3@vocms0137.cern.ch
INFO 2017-11-15 08:05:14,641: 	 Status on the CRAB server:	SUBMITTED
INFO 2017-11-15 08:05:14,641: 	 Task URL to use for HELP:	https://cmsweb.cern.ch/crabserver/ui/task/171115_133854%3Ashigginb_crab_20171115_073826
INFO 2017-11-15 08:05:14,641: 	 Dashboard monitoring URL:	http://dashb-cms-job.cern.ch/dashboard/templates/task-analysis/#user=shigginb&refresh=0&table=Jobs&p=1&records=25&activemenu=2&status=&site=&tid=171115_133854%3Ashigginb_crab_20171115_073826
DEBUG 2017-11-15 08:05:14,641: 	 The CRAB server submitted your task to the Grid scheduler (cluster ID: 15048071)
DEBUG 2017-11-15 08:05:14,641: 	 Webdir is located at http://vocms0137.cern.ch/mon/cms1359/171115_133854:shigginb_crab_20171115_073826
DEBUG 2017-11-15 08:05:16,287: 	 Proxied webdir is located at https://cmsweb.cern.ch/scheddmon/0137/cms1359/171115_133854:shigginb_crab_20171115_073826
DEBUG 2017-11-15 08:05:16,287: 	 Retrieving 'status_cache' file from https://cmsweb.cern.ch/scheddmon/0137/cms1359/171115_133854:shigginb_crab_20171115_073826/status_cache
DEBUG 2017-11-15 08:05:18,062: 	 Got information from status cache file: {'1': {'Retries': 0, 'WallDurations': [538.0], 'StartTimes': [1510753383.0], 'SubmitTimes': [1510753220.0], 'JobIds': ['15048073.0'], 'EndTimes': [1510753921.0], 'Restarts': 0, 'RecordedSite': False, 'State': 'finished', 'ResidentSetSize': [1302308], 'TotalUserCpuTimeHistory': [354], 'SiteHistory': ['Unknown'], 'TotalSysCpuTimeHistory': [12]}, '3': {'Retries': 0, 'WallDurations': [170.0], 'StartTimes': [1510753382.0], 'SubmitTimes': [1510753222.0], 'JobIds': ['15048078.0'], 'EndTimes': [1510753552.0], 'Restarts': 0, 'RecordedSite': False, 'State': 'finished', 'ResidentSetSize': [2592], 'TotalUserCpuTimeHistory': [119], 'SiteHistory': ['Unknown'], 'TotalSysCpuTimeHistory': [4]}, '2': {'Retries': 0, 'WallDurations': [149.0], 'StartTimes': [1510753381.0], 'SubmitTimes': [1510753220.0], 'JobIds': ['15048075.0'], 'EndTimes': [1510753530.0], 'Restarts': 0, 'RecordedSite': False, 'State': 'finished', 'ResidentSetSize': [10572], 'TotalUserCpuTimeHistory': [106], 'SiteHistory': ['Unknown'], 'TotalSysCpuTimeHistory': [4]}, '5': {'Retries': 0, 'WallDurations': [500.0], 'StartTimes': [1510753382.0], 'SubmitTimes': [1510753221.0], 'JobIds': ['15048076.0'], 'EndTimes': [1510753882.0], 'Restarts': 0, 'RecordedSite': False, 'State': 'finished', 'ResidentSetSize': [1923992], 'TotalUserCpuTimeHistory': [432], 'SiteHistory': ['Unknown'], 'TotalSysCpuTimeHistory': [8]}, '4': {'Retries': 0, 'WallDurations': [902.0], 'StartTimes': [1510753382.0], 'SubmitTimes': [1510753220.0], 'JobIds': ['15048074.0'], 'EndTimes': [1510754284.0], 'Restarts': 0, 'RecordedSite': False, 'State': 'finished', 'ResidentSetSize': [1946212], 'TotalUserCpuTimeHistory': [810], 'SiteHistory': ['Unknown'], 'TotalSysCpuTimeHistory': [13]}, '6': {'Retries': 0, 'WallDurations': [392.0], 'StartTimes': [1510753383.0], 'SubmitTimes': [1510753221.0], 'JobIds': ['15048077.0'], 'EndTimes': [1510753775.0], 'Restarts': 0, 'RecordedSite': False, 'State': 'finished', 'ResidentSetSize': [756624], 'TotalUserCpuTimeHistory': [306], 'SiteHistory': ['Unknown'], 'TotalSysCpuTimeHistory': [10]}}
INFO 2017-11-15 08:05:18,062: 	 Status on the scheduler:	COMPLETED
INFO 2017-11-15 08:05:18,062: 	 
Jobs status:                    finished      100.0% (6/6)
INFO 2017-11-15 08:05:18,063: 	 
No publication information (publication has been disabled in the CRAB configuration file)
INFO 2017-11-15 08:05:18,086: 	 Log file is /uscms_data/d3/samuellh/WorkingArea/TauAnalysis/CMSSW_9_3_2/src/PUAnalysis/VBFtt2017/crab/VBF52/crab_20171115_073826/crab.log
DEBUG 2017-11-15 09:18:11,520: 	 Executing command: 'status'
DEBUG 2017-11-15 09:18:11,520: 	 Found CRAB cache file /uscms/home/samuellh/.crab3
DEBUG 2017-11-15 09:18:11,528: 	 Checking credentials
DEBUG 2017-11-15 09:18:11,528: 	 Found proxy file /tmp/x509up_u52190
DEBUG 2017-11-15 09:18:11,528: 	 Getting proxy life time left
DEBUG 2017-11-15 09:18:11,631: 	 Executing : 
 command : voms-proxy-info -file /tmp/x509up_u52190 -timeleft
 output : 76592

 error: 
 retcode : 0
DEBUG 2017-11-15 09:18:11,735: 	 Executing : 
 command : voms-proxy-info -file /tmp/x509up_u52190 -actimeleft
 output : 76591

 error: 
 retcode : 0
DEBUG 2017-11-15 09:18:11,735: 	 Proxy valid for 21:16:32 hours
DEBUG 2017-11-15 09:18:11,848: 	 Executing : 
 command : openssl x509 -in ~/.globus/usercert.pem -subject -noout
 output : subject= /DC=ch/DC=cern/OU=Organic Units/OU=Users/CN=shigginb/CN=785176/CN=Sam Higginbotham

 error: 
 retcode : 0
DEBUG 2017-11-15 09:18:11,848: 	 Checking credentials
DEBUG 2017-11-15 09:18:11,848: 	 Found proxy file /tmp/x509up_u52190
DEBUG 2017-11-15 09:18:11,848: 	 Getting proxy life time left
DEBUG 2017-11-15 09:18:11,951: 	 Executing : 
 command : voms-proxy-info -file /tmp/x509up_u52190 -timeleft
 output : 76592

 error: 
 retcode : 0
DEBUG 2017-11-15 09:18:12,055: 	 Executing : 
 command : voms-proxy-info -file /tmp/x509up_u52190 -actimeleft
 output : 76590

 error: 
 retcode : 0
DEBUG 2017-11-15 09:18:12,055: 	 Proxy valid for 21:16:32 hours
DEBUG 2017-11-15 09:18:13,738: 	 Registering user credentials for server /DC=ch/DC=cern/OU=computers/CN=vocms(045|052|021|031|0118|0118a|0119|0108|0105|0109).cern.ch
DEBUG 2017-11-15 09:18:13,846: 	 Executing : 
 command : openssl x509 -in ~/.globus/usercert.pem -subject -noout
 output : subject= /DC=ch/DC=cern/OU=Organic Units/OU=Users/CN=shigginb/CN=785176/CN=Sam Higginbotham

 error: 
 retcode : 0
DEBUG 2017-11-15 09:18:13,847: 	 Getting myproxy life time left for myproxy.cern.ch
DEBUG 2017-11-15 09:18:13,847: 	 Calculating hash of /DC=ch/DC=cern/OU=Organic Units/OU=Users/CN=shigginb/CN=785176/CN=Sam Higginbotham_cmsweb.cern.ch for credential name
DEBUG 2017-11-15 09:18:14,651: 	 Executing : 
 command : myproxy-info -l 2f318c7a260d78734589f2cc772d26b8be79ec6c -s myproxy.cern.ch
 output : username: 2f318c7a260d78734589f2cc772d26b8be79ec6c
owner: /DC=ch/DC=cern/OU=Organic Units/OU=Users/CN=shigginb/CN=785176/CN=Sam Higginbotham
  renewal policy: /DC=ch/DC=cern/OU=computers/CN=vocms(045|052|021|031|0118|0118a|0119|0108|0105|0109).cern.ch
  trusted retrieval policy: /DC=ch/DC=cern/OU=computers/CN=vocms(045|052|021|031|0118|0118a|0119|0108|0105|0109).cern.ch
  timeleft: 430:05:27  (17.9 days)

 error: 
 retcode : 0
DEBUG 2017-11-15 09:18:14,653: 	 Myproxy is valid: 1548327
DEBUG 2017-11-15 09:18:14,653: 	 Command use: status
DEBUG 2017-11-15 09:18:14,653: 	 Options use: ['-d', 'crab_20171115_073826/']
DEBUG 2017-11-15 09:18:16,253: 	 CRABClient version: 3.3.1707.patch1
DEBUG 2017-11-15 09:18:16,253: 	 Instance is prod
DEBUG 2017-11-15 09:18:16,253: 	 Server base url is cmsweb.cern.ch
DEBUG 2017-11-15 09:18:16,253: 	 Command url /crabserver/prod/workflow
DEBUG 2017-11-15 09:18:18,062: 	 Got information from server oracle database: {u'result': [u'171115_133854:shigginb_crab_20171115_073826', u'None', u'SUBMITTED', u'2017-11-15 13:38:54.730190', u'None', u'2017-11-15 13:40:06.314341', u'None', u'CMSSW_9_3_2', u'slc6_amd64_gcc630', u'/TprimeBToTH_M-2500_Width-10p_LH_TuneCUETP8M2T4_14TeV-madgraph-pythia8/PhaseIITDRFall17MiniAOD-PU200_93X_upgrade2023_realistic_v2-v1/MINIAODSIM', u'[]', u'[]', u'FileBased', u"{'splitOnRun': False, 'halt_job_on_file_boundaries': False, 'files_per_job': 1, 'runs': [], 'lumis': []}", u'0', u'4e198fb019d07e682a8bd09208595d4eb73bac82ae7f6e24154a54b4451cc952.tar.gz', u'https://cmsweb.cern.ch/crabcache', u'shigginb', u'/DC=ch/DC=cern/OU=Organic Units/OU=Users/CN=shigginb/CN=785176/CN=Sam Higginbotham', u'cms', u'None', u'None', u'crab_20171115_073826-00000000000000000000000000000000', u'T3_US_FNALLPC', u'https://cmsweb.cern.ch/dbs/prod/global/DBSReader', u'https://cmsweb.cern.ch/dbs/prod/phys03/DBSWriter', u'F', u'Analysis', u'{}', u'[]', u'F', u'vocms052', u'[]', u'1250', u'1', u'2000', u'10', u'None', u'http://vocms0137.cern.ch/mon/cms1359/171115_133854:shigginb_crab_20171115_073826', u'None', u'None', u'[]', u'[]', u'[]', u'pythia', u'[]', u"['analysis.root']", u'[]', u'https://cmsweb.cern.ch/crabserver/prod', u'None', u'0', u'cmssrv221.fnal.gov:9620', u'crab3@vocms0137.cern.ch', u'F', u'[]', u'T', u'/store/user/shigginb/', u'F', u'None', u'F', u'F', u'F', u'None', u'TprimeBToTH_M-2500_Width-10p_LH_TuneCUETP8M2T4_14TeV-madgraph-pythia8', u'filetransfers', u'SUBMIT', u'15048071', u'16c10a07a85acda127e097bbbafc3c263f729e68dae0aa994056e8c6b0263939.tar.gz', u'131.225.190.56', u'F', u'None'], u'desc': {u'columns': [u'tm_taskname', u'panda_jobset_id', u'tm_task_status', u'tm_start_time', u'tm_start_injection', u'tm_end_injection', u'tm_task_failure', u'tm_job_sw', u'tm_job_arch', u'tm_input_dataset', u'tm_site_whitelist', u'tm_site_blacklist', u'tm_split_algo', u'tm_split_args', u'tm_totalunits', u'tm_user_sandbox', u'tm_cache_url', u'tm_username', u'tm_user_dn', u'tm_user_vo', u'tm_user_role', u'tm_user_group', u'tm_publish_name', u'tm_asyncdest', u'tm_dbs_url', u'tm_publish_dbs_url', u'tm_publication', u'tm_job_type', u'tm_arguments', u'panda_resubmitted_jobs', u'tm_save_logs', u'tw_name', u'tm_user_infiles', u'tm_maxjobruntime', u'tm_numcores', u'tm_maxmemory', u'tm_priority', u'tm_output_dataset', u'tm_user_webdir', u'tm_activity', u'tm_scriptexe', u'tm_scriptargs', u'tm_extrajdl', u'tm_task_warnings', u'tm_generator', u'tm_outfiles', u'tm_tfile_outfiles', u'tm_edm_outfiles', u'tm_asourl', u'tm_events_per_lumi', u'tm_use_parent', u'tm_collector', u'tm_schedd', u'tm_dry_run', u'tm_user_files', u'tm_transfer_outputs', u'tm_output_lfn', u'tm_ignore_locality', u'tm_fail_limit', u'tm_one_event_mode', u'tm_publish_groupname', u'tm_nonvalid_input_dataset', u'tm_secondary_input_dataset', u'tm_primary_dataset', u'tm_asodb', u'tm_task_command', u'clusterid', u'tm_debug_files', u'tm_submitter_ip_addr', u'tm_ignore_global_blacklist', u'tm_last_publication']}}
INFO 2017-11-15 09:18:18,063: 	 CRAB project directory:		/uscms_data/d3/samuellh/WorkingArea/TauAnalysis/CMSSW_9_3_2/src/PUAnalysis/VBFtt2017/crab/VBF52/crab_20171115_073826
INFO 2017-11-15 09:18:18,063: 	 Task name:			171115_133854:shigginb_crab_20171115_073826
INFO 2017-11-15 09:18:18,063: 	 Grid scheduler:			crab3@vocms0137.cern.ch
INFO 2017-11-15 09:18:18,063: 	 Status on the CRAB server:	SUBMITTED
INFO 2017-11-15 09:18:18,063: 	 Task URL to use for HELP:	https://cmsweb.cern.ch/crabserver/ui/task/171115_133854%3Ashigginb_crab_20171115_073826
INFO 2017-11-15 09:18:18,063: 	 Dashboard monitoring URL:	http://dashb-cms-job.cern.ch/dashboard/templates/task-analysis/#user=shigginb&refresh=0&table=Jobs&p=1&records=25&activemenu=2&status=&site=&tid=171115_133854%3Ashigginb_crab_20171115_073826
DEBUG 2017-11-15 09:18:18,063: 	 The CRAB server submitted your task to the Grid scheduler (cluster ID: 15048071)
DEBUG 2017-11-15 09:18:18,064: 	 Webdir is located at http://vocms0137.cern.ch/mon/cms1359/171115_133854:shigginb_crab_20171115_073826
DEBUG 2017-11-15 09:18:19,704: 	 Proxied webdir is located at https://cmsweb.cern.ch/scheddmon/0137/cms1359/171115_133854:shigginb_crab_20171115_073826
DEBUG 2017-11-15 09:18:19,704: 	 Retrieving 'status_cache' file from https://cmsweb.cern.ch/scheddmon/0137/cms1359/171115_133854:shigginb_crab_20171115_073826/status_cache
DEBUG 2017-11-15 09:18:21,259: 	 Got information from status cache file: {'1': {'Retries': 0, 'WallDurations': [538.0], 'StartTimes': [1510753383.0], 'SubmitTimes': [1510753220.0], 'JobIds': ['15048073.0'], 'EndTimes': [1510753921.0], 'Restarts': 0, 'RecordedSite': False, 'State': 'finished', 'ResidentSetSize': [1302308], 'TotalUserCpuTimeHistory': [354], 'SiteHistory': ['Unknown'], 'TotalSysCpuTimeHistory': [12]}, '3': {'Retries': 0, 'WallDurations': [170.0], 'StartTimes': [1510753382.0], 'SubmitTimes': [1510753222.0], 'JobIds': ['15048078.0'], 'EndTimes': [1510753552.0], 'Restarts': 0, 'RecordedSite': False, 'State': 'finished', 'ResidentSetSize': [2592], 'TotalUserCpuTimeHistory': [119], 'SiteHistory': ['Unknown'], 'TotalSysCpuTimeHistory': [4]}, '2': {'Retries': 0, 'WallDurations': [149.0], 'StartTimes': [1510753381.0], 'SubmitTimes': [1510753220.0], 'JobIds': ['15048075.0'], 'EndTimes': [1510753530.0], 'Restarts': 0, 'RecordedSite': False, 'State': 'finished', 'ResidentSetSize': [10572], 'TotalUserCpuTimeHistory': [106], 'SiteHistory': ['Unknown'], 'TotalSysCpuTimeHistory': [4]}, '5': {'Retries': 0, 'WallDurations': [500.0], 'StartTimes': [1510753382.0], 'SubmitTimes': [1510753221.0], 'JobIds': ['15048076.0'], 'EndTimes': [1510753882.0], 'Restarts': 0, 'RecordedSite': False, 'State': 'finished', 'ResidentSetSize': [1923992], 'TotalUserCpuTimeHistory': [432], 'SiteHistory': ['Unknown'], 'TotalSysCpuTimeHistory': [8]}, '4': {'Retries': 0, 'WallDurations': [902.0], 'StartTimes': [1510753382.0], 'SubmitTimes': [1510753220.0], 'JobIds': ['15048074.0'], 'EndTimes': [1510754284.0], 'Restarts': 0, 'RecordedSite': False, 'State': 'finished', 'ResidentSetSize': [1946212], 'TotalUserCpuTimeHistory': [810], 'SiteHistory': ['Unknown'], 'TotalSysCpuTimeHistory': [13]}, '6': {'Retries': 0, 'WallDurations': [392.0], 'StartTimes': [1510753383.0], 'SubmitTimes': [1510753221.0], 'JobIds': ['15048077.0'], 'EndTimes': [1510753775.0], 'Restarts': 0, 'RecordedSite': False, 'State': 'finished', 'ResidentSetSize': [756624], 'TotalUserCpuTimeHistory': [306], 'SiteHistory': ['Unknown'], 'TotalSysCpuTimeHistory': [10]}}
INFO 2017-11-15 09:18:21,259: 	 Status on the scheduler:	COMPLETED
INFO 2017-11-15 09:18:21,259: 	 
Jobs status:                    finished      100.0% (6/6)
INFO 2017-11-15 09:18:21,259: 	 
No publication information (publication has been disabled in the CRAB configuration file)
INFO 2017-11-15 09:18:21,281: 	 Log file is /uscms_data/d3/samuellh/WorkingArea/TauAnalysis/CMSSW_9_3_2/src/PUAnalysis/VBFtt2017/crab/VBF52/crab_20171115_073826/crab.log
