('The system path in the config file ', ['/cvmfs/cms.cern.ch/crab3/slc6_amd64_gcc493/cms/crabclient/3.3.1707.patch1/bin', '/uscms_data/d3/samuellh/WorkingArea/TauAnalysis/CMSSW_9_3_2/python', '/uscms_data/d3/samuellh/WorkingArea/TauAnalysis/CMSSW_9_3_2/lib/slc6_amd64_gcc630', '/cvmfs/cms.cern.ch/slc6_amd64_gcc630/cms/cmssw/CMSSW_9_3_2/python', '/cvmfs/cms.cern.ch/slc6_amd64_gcc630/cms/cmssw/CMSSW_9_3_2/lib/slc6_amd64_gcc630', '/cvmfs/cms.cern.ch/slc6_amd64_gcc630/cms/coral/CORAL_2_3_21-ghjeda6/slc6_amd64_gcc630/python', '/cvmfs/cms.cern.ch/slc6_amd64_gcc630/cms/coral/CORAL_2_3_21-ghjeda6/slc6_amd64_gcc630/lib', '/cvmfs/cms.cern.ch/slc6_amd64_gcc630/external/professor2/2.2.1-ghjeda6/lib/python2.7/site-packages', '/cvmfs/cms.cern.ch/slc6_amd64_gcc630/external/pyqt/4.11.4-mlhled2/lib/python2.7/site-packages', '/cvmfs/cms.cern.ch/slc6_amd64_gcc630/external/sherpa/2.2.4-ghjeda/lib/python2.7/site-packages', '/cvmfs/cms.cern.ch/slc6_amd64_gcc630/external/rivet/2.5.2-ghjeda4/lib/python2.7/site-packages', '/cvmfs/cms.cern.ch/slc6_amd64_gcc630/external/python-ldap/2.4.10-mlhled2/lib/python2.7/site-packages', '/cvmfs/cms.cern.ch/slc6_amd64_gcc630/external/py2-matplotlib/1.5.2-njopjo/lib/python2.7/site-packages', '/cvmfs/cms.cern.ch/slc6_amd64_gcc630/external/sip/4.17-mlhled2/lib/python2.7/site-packages', '/cvmfs/cms.cern.ch/slc6_amd64_gcc630/external/llvm/4.0.0-njopjo/lib64/python2.7/site-packages', '/cvmfs/cms.cern.ch/slc6_amd64_gcc630/external/py2-sqlalchemy/1.1.4-mlhled2/lib/python2.7/site-packages', '/cvmfs/cms.cern.ch/slc6_amd64_gcc630/external/py2-lint/0.25.1-mlhled2/lib/python2.7/site-packages', '/cvmfs/cms.cern.ch/slc6_amd64_gcc630/external/py2-dxr/1.0-ghjeda6/lib/python2.7/site-packages', '/cvmfs/cms.cern.ch/slc6_amd64_gcc630/external/py2-cx-oracle/5.2.1-mlhled2/lib/python2.7/site-packages', '/cvmfs/cms.cern.ch/slc6_amd64_gcc630/external/py2-numpy/1.12.1-mlhled2/lib/python2.7/site-packages', '/cvmfs/cms.cern.ch/slc6_amd64_gcc630/external/frontier_client/2.8.20-mlhled2/python/lib', '/cvmfs/cms.cern.ch/slc6_amd64_gcc630/cms/das_client/v03.01.00-mlhled2/bin', '/cvmfs/cms.cern.ch/slc6_amd64_gcc630/external/xrootd/4.6.1/lib/python2.7/site-packages', '/cvmfs/cms.cern.ch/slc6_amd64_gcc630/external/yoda/1.6.5-ghjeda4/lib/python2.7/site-packages', '/cvmfs/cms.cern.ch/slc6_amd64_gcc630/lcg/root/6.10.04-ghjeda/lib', '/cvmfs/cms.cern.ch/slc6_amd64_gcc630/external/pyminuit2/0.0.1-ghjeda4/lib/python2.7/site-packages', '/cvmfs/cms.cern.ch/slc6_amd64_gcc630/external/py2-PyYAML/3.11-mlhled2/lib/python2.7/site-packages', '/cvmfs/cms.cern.ch/slc6_amd64_gcc630/external/py2-pygithub/1.23.0-mlhled2/lib/python2.7/site-packages', '/cvmfs/cms.cern.ch/slc6_amd64_gcc630/external/py2-pip/9.0.1-mlhled2/lib/python2.7/site-packages', '/cvmfs/cms.cern.ch/slc6_amd64_gcc630/external/py2-dablooms/0.9.1-mlhled2/lib/python2.7/site-packages', '/cvmfs/cms.cern.ch/slc6_amd64_gcc630/external/py2-pippkgs_depscipy/3.0-ghjeda6/lib/python2.7/site-packages', '/cvmfs/cms.cern.ch/slc6_amd64_gcc630/external/py2-pippkgs/5.0-ghjeda6/lib/python2.7/site-packages', '/cvmfs/cms.cern.ch/slc6_amd64_gcc630/external/professor/1.4.0-ghjeda4/lib/python2.7/site-packages', '/cvmfs/cms.cern.ch/slc6_amd64_gcc630/cms/dbs-client/DBS_2_1_9-mlhled2/lib', '/cvmfs/cms.cern.ch/slc6_amd64_gcc630/cms/dbs-client/DBS_2_1_9-mlhled2/lib/DBSAPI', '/cvmfs/cms.cern.ch/slc6_amd64_gcc630/external/cvs2git/5419-mlhled2/lib', '/cvmfs/cms.cern.ch/crab3/slc6_amd64_gcc493/cms/crabclient/3.3.1707.patch1/lib/python2.7/site-packages', '/cvmfs/cms.cern.ch/crab3/slc6_amd64_gcc493/cms/dbs3-client/3.4.4/lib/python2.7/site-packages', '/cvmfs/cms.cern.ch/crab3/slc6_amd64_gcc493/cms/dbs3-pycurl-client/3.4.4/lib/python2.7/site-packages', '/cvmfs/cms.cern.ch/slc6_amd64_gcc630/external/py2-sqlalchemy/1.1.4-mlhled2/lib/python2.7/site-packages/SQLAlchemy-1.1.4-py2.7-linux-x86_64.egg', '/cvmfs/cms.cern.ch/slc6_amd64_gcc630/external/py2-numpy/1.12.1-mlhled2/lib/python2.7/site-packages/numpy-1.12.1-py2.7-linux-x86_64.egg', '/cvmfs/cms.cern.ch/slc6_amd64_gcc630/external/python/2.7.11-mlhled2/lib/python27.zip', '/cvmfs/cms.cern.ch/slc6_amd64_gcc630/external/python/2.7.11-mlhled2/lib/python2.7', '/cvmfs/cms.cern.ch/slc6_amd64_gcc630/external/python/2.7.11-mlhled2/lib/python2.7/plat-linux2', '/cvmfs/cms.cern.ch/slc6_amd64_gcc630/external/python/2.7.11-mlhled2/lib/python2.7/lib-tk', '/cvmfs/cms.cern.ch/slc6_amd64_gcc630/external/python/2.7.11-mlhled2/lib/python2.7/lib-old', '/cvmfs/cms.cern.ch/slc6_amd64_gcc630/external/python/2.7.11-mlhled2/lib/python2.7/lib-dynload', '/cvmfs/cms.cern.ch/slc6_amd64_gcc630/external/python/2.7.11-mlhled2/lib/python2.7/site-packages', '/uscms_data/d3/samuellh/WorkingArea/TauAnalysis/CMSSW_9_3_2/src/PUAnalysis/VBFtt2017/crab/VBF76'])
 ##################################################################### 
 # WARNING: the module CondCore.DBCommon.CondDBSetup is deprecated.  # 
 # Please import CondCore.CondDB.CondDB_cfi                          # 
 ##################################################################### 
recorrecting the jets
List Of Filters
['processedEvents', 'initialEventsTT', 'DiMuonCreation', 'AtLeastOneDiTau', 'TTTauPtEta', 'TTTauDecayFound', 'TTTauStandardDecayFound', 'TTTauDRSel', 'TTSync', 'TTAntiEle', 'TTAntiMu', 'TTIso', 'TTOS']
DEBUG 2017-11-15 07:51:08,794: 	 Executing command: 'submit'
DEBUG 2017-11-15 07:51:08,794: 	 Found CRAB cache file /uscms/home/samuellh/.crab3
DEBUG 2017-11-15 07:51:08,802: 	 Checking credentials
DEBUG 2017-11-15 07:51:08,802: 	 Found proxy file /tmp/x509up_u52190
DEBUG 2017-11-15 07:51:08,802: 	 Getting proxy life time left
DEBUG 2017-11-15 07:51:08,905: 	 Executing : 
 command : voms-proxy-info -file /tmp/x509up_u52190 -timeleft
 output : 81815

 error: 
 retcode : 0
DEBUG 2017-11-15 07:51:09,009: 	 Executing : 
 command : voms-proxy-info -file /tmp/x509up_u52190 -actimeleft
 output : 81814

 error: 
 retcode : 0
DEBUG 2017-11-15 07:51:09,009: 	 Proxy valid for 22:43:35 hours
INFO 2017-11-15 07:51:09,009: 	 Will use CRAB configuration file crab3_TT_MC.py
DEBUG 2017-11-15 07:51:09,009: 	 Loading CRAB configuration file.
DEBUG 2017-11-15 07:51:13,227: 	 Will use CRAB Analysis plugin (i.e. will run an analysis job type).
DEBUG 2017-11-15 07:51:13,633: 	 Executing : 
 command : openssl x509 -in ~/.globus/usercert.pem -subject -noout
 output : subject= /DC=ch/DC=cern/OU=Organic Units/OU=Users/CN=shigginb/CN=785176/CN=Sam Higginbotham

 error: 
 retcode : 0
DEBUG 2017-11-15 07:51:13,633: 	 Checking credentials
DEBUG 2017-11-15 07:51:13,633: 	 Found proxy file /tmp/x509up_u52190
DEBUG 2017-11-15 07:51:13,633: 	 Getting proxy life time left
DEBUG 2017-11-15 07:51:13,736: 	 Executing : 
 command : voms-proxy-info -file /tmp/x509up_u52190 -timeleft
 output : 81810

 error: 
 retcode : 0
DEBUG 2017-11-15 07:51:13,839: 	 Executing : 
 command : voms-proxy-info -file /tmp/x509up_u52190 -actimeleft
 output : 81809

 error: 
 retcode : 0
DEBUG 2017-11-15 07:51:13,840: 	 Proxy valid for 22:43:30 hours
DEBUG 2017-11-15 07:51:13,943: 	 Executing : 
 command : env X509_USER_PROXY=/tmp/x509up_u52190 voms-proxy-info -fqan
 output : /cms/Role=NULL/Capability=NULL

 error: 
 retcode : 0
DEBUG 2017-11-15 07:51:15,847: 	 Registering user credentials for server /DC=ch/DC=cern/OU=computers/CN=vocms(045|052|021|031|0118|0118a|0119|0108|0105|0109).cern.ch
DEBUG 2017-11-15 07:51:15,960: 	 Executing : 
 command : openssl x509 -in ~/.globus/usercert.pem -subject -noout
 output : subject= /DC=ch/DC=cern/OU=Organic Units/OU=Users/CN=shigginb/CN=785176/CN=Sam Higginbotham

 error: 
 retcode : 0
DEBUG 2017-11-15 07:51:15,960: 	 Getting myproxy life time left for myproxy.cern.ch
DEBUG 2017-11-15 07:51:15,960: 	 Calculating hash of /DC=ch/DC=cern/OU=Organic Units/OU=Users/CN=shigginb/CN=785176/CN=Sam Higginbotham_cmsweb.cern.ch for credential name
DEBUG 2017-11-15 07:51:16,864: 	 Executing : 
 command : myproxy-info -l 2f318c7a260d78734589f2cc772d26b8be79ec6c -s myproxy.cern.ch
 output : username: 2f318c7a260d78734589f2cc772d26b8be79ec6c
owner: /DC=ch/DC=cern/OU=Organic Units/OU=Users/CN=shigginb/CN=785176/CN=Sam Higginbotham
  renewal policy: /DC=ch/DC=cern/OU=computers/CN=vocms(045|052|021|031|0118|0118a|0119|0108|0105|0109).cern.ch
  trusted retrieval policy: /DC=ch/DC=cern/OU=computers/CN=vocms(045|052|021|031|0118|0118a|0119|0108|0105|0109).cern.ch
  timeleft: 431:32:25  (18.0 days)

 error: 
 retcode : 0
DEBUG 2017-11-15 07:51:16,866: 	 Myproxy is valid: 1553545
DEBUG 2017-11-15 07:51:16,866: 	 Command use: submit
DEBUG 2017-11-15 07:51:16,866: 	 Options use: ['-c', 'crab3_TT_MC.py']
DEBUG 2017-11-15 07:51:18,679: 	 CRABClient version: 3.3.1707.patch1
DEBUG 2017-11-15 07:51:18,679: 	 Instance is prod
DEBUG 2017-11-15 07:51:18,679: 	 Server base url is cmsweb.cern.ch
DEBUG 2017-11-15 07:51:18,679: 	 Command url /crabserver/prod/workflow
DEBUG 2017-11-15 07:51:18,679: 	 Started submission
DEBUG 2017-11-15 07:51:18,679: 	 Working on /uscms_data/d3/samuellh/WorkingArea/TauAnalysis/CMSSW_9_3_2/src/PUAnalysis/VBFtt2017/crab/VBF76/crab_20171115_075113
DEBUG 2017-11-15 07:51:20,307: 	 Loading required information from the environment
DEBUG 2017-11-15 07:51:20,307: 	 Found CMSSW_9_3_2 for slc6_amd64_gcc630 with base /uscms_data/d3/samuellh/WorkingArea/TauAnalysis/CMSSW_9_3_2
DEBUG 2017-11-15 07:51:20,307: 	 Loading required information from the environment
DEBUG 2017-11-15 07:51:20,307: 	 Found CMSSW_9_3_2 for slc6_amd64_gcc630 with base /uscms_data/d3/samuellh/WorkingArea/TauAnalysis/CMSSW_9_3_2
DEBUG 2017-11-15 07:51:20,317: 	 UNIQUE NAME: tarUUID a19990f4-6b95-4e51-86b9-ecd262a1c84c 
DEBUG 2017-11-15 07:51:20,318: 	 self.config: from WMCore.Configuration import Configuration
config = Configuration()
config.section_('General')
config.section_('JobType')
config.JobType.psetName = '../../../TT-MC-Up.py'
config.JobType.pluginName = 'Analysis'
config.JobType.inputFiles = ['../../../Configuration/data/PhaseIISummer16_25nsV3_MC.db']
config.JobType.outputFiles = ['analysis.root']
config.JobType.allowUndistributedCMSSW = True
config.section_('Data')
config.Data.inputDataset = '/ZJetsToNuNu_HT-1200To2500_14TeV-madgraph/PhaseIITDRFall17MiniAOD-PU200_93X_upgrade2023_realistic_v2-v1/MINIAODSIM'
config.Data.unitsPerJob = 1
config.Data.publication = False
config.Data.inputDBS = 'global'
config.Data.splitting = 'FileBased'
config.section_('Site')
config.Site.storageSite = 'T3_US_FNALLPC'
config.section_('User')
config.section_('Debug')

DEBUG 2017-11-15 07:51:20,318: 	 self.config.JobType.psetName: ../../../TT-MC-Up.py
INFO 2017-11-15 07:51:20,318: 	 Importing CMSSW configuration ../../../TT-MC-Up.py
INFO 2017-11-15 07:51:22,634: 	 Finished importing CMSSW configuration ../../../TT-MC-Up.py
DEBUG 2017-11-15 07:51:22,634: 	 Writing CMSSW configuration to /uscms_data/d3/samuellh/WorkingArea/TauAnalysis/CMSSW_9_3_2/src/PUAnalysis/VBFtt2017/crab/VBF76/crab_20171115_075113/inputs/PSet.py
DEBUG 2017-11-15 07:51:23,597: 	 The following EDM output files will be collected: []
DEBUG 2017-11-15 07:51:23,597: 	 The following TFile output files will be collected: ['analysis.root']
DEBUG 2017-11-15 07:51:23,597: 	 The following user output files will be collected: []
DEBUG 2017-11-15 07:51:23,597: 	 Loading required information from the environment
DEBUG 2017-11-15 07:51:23,597: 	 Found CMSSW_9_3_2 for slc6_amd64_gcc630 with base /uscms_data/d3/samuellh/WorkingArea/TauAnalysis/CMSSW_9_3_2
DEBUG 2017-11-15 07:51:23,597: 	 Making tarball in /uscms_data/d3/samuellh/WorkingArea/TauAnalysis/CMSSW_9_3_2/src/PUAnalysis/VBFtt2017/crab/VBF76/crab_20171115_075113/inputs/a19990f4-6b95-4e51-86b9-ecd262a1c84cdefault.tgz
DEBUG 2017-11-15 07:51:23,602: 	 Checking directory /uscms_data/d3/samuellh/WorkingArea/TauAnalysis/CMSSW_9_3_2/lib
DEBUG 2017-11-15 07:51:23,602: 	 Adding directory /uscms_data/d3/samuellh/WorkingArea/TauAnalysis/CMSSW_9_3_2/lib to tarball
DEBUG 2017-11-15 07:51:24,419: 	 Checking directory /uscms_data/d3/samuellh/WorkingArea/TauAnalysis/CMSSW_9_3_2/biglib
DEBUG 2017-11-15 07:51:24,419: 	 Adding directory /uscms_data/d3/samuellh/WorkingArea/TauAnalysis/CMSSW_9_3_2/biglib to tarball
DEBUG 2017-11-15 07:51:24,421: 	 Checking directory /uscms_data/d3/samuellh/WorkingArea/TauAnalysis/CMSSW_9_3_2/module
DEBUG 2017-11-15 07:51:24,442: 	 Adding data directory /uscms_data/d3/samuellh/WorkingArea/TauAnalysis/CMSSW_9_3_2/src/PUAnalysis/Configuration/data to tarball
DEBUG 2017-11-15 07:51:27,077: 	 Adding data directory /uscms_data/d3/samuellh/WorkingArea/TauAnalysis/CMSSW_9_3_2/src/PUAnalysis/DataFormats/interface to tarball
DEBUG 2017-11-15 07:51:27,082: 	 Adding data directory /uscms_data/d3/samuellh/WorkingArea/TauAnalysis/CMSSW_9_3_2/src/PUAnalysis/NtupleTools/interface to tarball
DEBUG 2017-11-15 07:51:27,086: 	 Adding data directory /uscms_data/d3/samuellh/WorkingArea/TauAnalysis/CMSSW_9_3_2/src/PUAnalysis/RecoTools/interface to tarball
DEBUG 2017-11-15 07:51:27,293: 	 Adding file ../../../Configuration/data/PhaseIISummer16_25nsV3_MC.db to tarball
DEBUG 2017-11-15 07:51:27,618: 	 Uploading archive /uscms_data/d3/samuellh/WorkingArea/TauAnalysis/CMSSW_9_3_2/src/PUAnalysis/VBFtt2017/crab/VBF76/crab_20171115_075113/inputs/a19990f4-6b95-4e51-86b9-ecd262a1c84cdefault.tgz (11 MB) to the CRAB cache. Using URI https://cmsweb.cern.ch/crabcache
DEBUG 2017-11-15 07:51:35,399: 	 Loading required information from the environment
DEBUG 2017-11-15 07:51:35,399: 	 Found CMSSW_9_3_2 for slc6_amd64_gcc630 with base /uscms_data/d3/samuellh/WorkingArea/TauAnalysis/CMSSW_9_3_2
DEBUG 2017-11-15 07:51:35,399: 	 Making tarball in /uscms_data/d3/samuellh/WorkingArea/TauAnalysis/CMSSW_9_3_2/src/PUAnalysis/VBFtt2017/crab/VBF76/crab_20171115_075113/inputs/debugFiles.tgz
DEBUG 2017-11-15 07:51:37,563: 	 Uploading archive /uscms_data/d3/samuellh/WorkingArea/TauAnalysis/CMSSW_9_3_2/src/PUAnalysis/VBFtt2017/crab/VBF76/crab_20171115_075113/inputs/debugFiles.tgz (2 KB) to the CRAB cache. Using URI https://cmsweb.cern.ch/crabcache
DEBUG 2017-11-15 07:51:39,348: 	 Result uploading input files: 4e198fb019d07e682a8bd09208595d4eb73bac82ae7f6e24154a54b4451cc952.tar.gz 
INFO 2017-11-15 07:51:39,348: 	 Sending the request to the server
DEBUG 2017-11-15 07:51:39,348: 	 Submitting {'maxjobruntime': 1250, 'extrajdl': [], 'ignorelocality': 0, 'savelogsflag': 0, 'useparent': 0, 'asyncdest': 'T3_US_FNALLPC', 'algoargs': 1, 'cachefilename': '4e198fb019d07e682a8bd09208595d4eb73bac82ae7f6e24154a54b4451cc952.tar.gz', 'numcores': 1, 'addoutputfiles': [], 'generator': 'pythia', 'maxmemory': 2000, 'publishdbsurl': 'https://cmsweb.cern.ch/dbs/prod/phys03/DBSWriter', 'priority': 10, 'jobsw': 'CMSSW_9_3_2', 'edmoutfiles': [], 'userfiles': [], 'primarydataset': '', 'inputdata': '/ZJetsToNuNu_HT-1200To2500_14TeV-madgraph/PhaseIITDRFall17MiniAOD-PU200_93X_upgrade2023_realistic_v2-v1/MINIAODSIM', 'dryrun': 0, 'workflow': 'crab_20171115_075113', 'cacheurl': u'https://cmsweb.cern.ch/crabcache', 'nonprodsw': 1, 'tfileoutfiles': ['analysis.root'], 'oneEventMode': 0, 'debugfilename': '7899cec95a4a9619026e90697ee2a8795c5a60c047ae276cb394168271fe810f.tar.gz', 'saveoutput': 1, 'publication': 0, 'jobarch': 'slc6_amd64_gcc630', 'totalunits': 0, 'splitalgo': 'FileBased', 'ignoreglobalblacklist': 0, 'nonvaliddata': 0, 'dbsurl': 'https://cmsweb.cern.ch/dbs/prod/global/DBSReader', 'publishgroupname': 0, 'jobtype': 'Analysis', 'publishname2': ''} 
DEBUG 2017-11-15 07:51:39,349: 	 Encoded submit request: maxjobruntime=1250&ignorelocality=0&savelogsflag=0&useparent=0&asyncdest=T3_US_FNALLPC&algoargs=1&cachefilename=4e198fb019d07e682a8bd09208595d4eb73bac82ae7f6e24154a54b4451cc952.tar.gz&numcores=1&generator=pythia&maxmemory=2000&publishdbsurl=https%3A%2F%2Fcmsweb.cern.ch%2Fdbs%2Fprod%2Fphys03%2FDBSWriter&priority=10&jobsw=CMSSW_9_3_2&primarydataset=&inputdata=%2FZJetsToNuNu_HT-1200To2500_14TeV-madgraph%2FPhaseIITDRFall17MiniAOD-PU200_93X_upgrade2023_realistic_v2-v1%2FMINIAODSIM&dryrun=0&workflow=crab_20171115_075113&cacheurl=https%3A%2F%2Fcmsweb.cern.ch%2Fcrabcache&nonprodsw=1&oneEventMode=0&debugfilename=7899cec95a4a9619026e90697ee2a8795c5a60c047ae276cb394168271fe810f.tar.gz&saveoutput=1&publication=0&jobarch=slc6_amd64_gcc630&totalunits=0&splitalgo=FileBased&ignoreglobalblacklist=0&nonvaliddata=0&dbsurl=https%3A%2F%2Fcmsweb.cern.ch%2Fdbs%2Fprod%2Fglobal%2FDBSReader&publishgroupname=0&jobtype=Analysis&publishname2=&tfileoutfiles=analysis.root
DEBUG 2017-11-15 07:51:41,139: 	 Result: {u'result': [{u'RequestName': u'171115_135141:shigginb_crab_20171115_075113'}]}
INFO 2017-11-15 07:51:41,432: 	 Success: Your task has been delivered to the CRAB3 server.
INFO 2017-11-15 07:51:41,432: 	 Task name: 171115_135141:shigginb_crab_20171115_075113
INFO 2017-11-15 07:51:41,432: 	 Please use 'crab status' to check how the submission process proceeds.
DEBUG 2017-11-15 07:51:41,432: 	 About to return
INFO 2017-11-15 07:51:41,438: 	 Log file is /uscms_data/d3/samuellh/WorkingArea/TauAnalysis/CMSSW_9_3_2/src/PUAnalysis/VBFtt2017/crab/VBF76/crab_20171115_075113/crab.log
DEBUG 2017-11-15 08:09:45,823: 	 Executing command: 'status'
DEBUG 2017-11-15 08:09:45,823: 	 Found CRAB cache file /uscms/home/samuellh/.crab3
DEBUG 2017-11-15 08:09:45,831: 	 Checking credentials
DEBUG 2017-11-15 08:09:45,831: 	 Found proxy file /tmp/x509up_u52190
DEBUG 2017-11-15 08:09:45,831: 	 Getting proxy life time left
DEBUG 2017-11-15 08:09:45,934: 	 Executing : 
 command : voms-proxy-info -file /tmp/x509up_u52190 -timeleft
 output : 80698

 error: 
 retcode : 0
DEBUG 2017-11-15 08:09:46,037: 	 Executing : 
 command : voms-proxy-info -file /tmp/x509up_u52190 -actimeleft
 output : 80697

 error: 
 retcode : 0
DEBUG 2017-11-15 08:09:46,038: 	 Proxy valid for 22:24:58 hours
DEBUG 2017-11-15 08:09:46,151: 	 Executing : 
 command : openssl x509 -in ~/.globus/usercert.pem -subject -noout
 output : subject= /DC=ch/DC=cern/OU=Organic Units/OU=Users/CN=shigginb/CN=785176/CN=Sam Higginbotham

 error: 
 retcode : 0
DEBUG 2017-11-15 08:09:46,152: 	 Checking credentials
DEBUG 2017-11-15 08:09:46,152: 	 Found proxy file /tmp/x509up_u52190
DEBUG 2017-11-15 08:09:46,152: 	 Getting proxy life time left
DEBUG 2017-11-15 08:09:46,255: 	 Executing : 
 command : voms-proxy-info -file /tmp/x509up_u52190 -timeleft
 output : 80697

 error: 
 retcode : 0
DEBUG 2017-11-15 08:09:46,358: 	 Executing : 
 command : voms-proxy-info -file /tmp/x509up_u52190 -actimeleft
 output : 80696

 error: 
 retcode : 0
DEBUG 2017-11-15 08:09:46,358: 	 Proxy valid for 22:24:57 hours
DEBUG 2017-11-15 08:09:48,173: 	 Registering user credentials for server /DC=ch/DC=cern/OU=computers/CN=vocms(045|052|021|031|0118|0118a|0119|0108|0105|0109).cern.ch
DEBUG 2017-11-15 08:09:48,282: 	 Executing : 
 command : openssl x509 -in ~/.globus/usercert.pem -subject -noout
 output : subject= /DC=ch/DC=cern/OU=Organic Units/OU=Users/CN=shigginb/CN=785176/CN=Sam Higginbotham

 error: 
 retcode : 0
DEBUG 2017-11-15 08:09:48,282: 	 Getting myproxy life time left for myproxy.cern.ch
DEBUG 2017-11-15 08:09:48,282: 	 Calculating hash of /DC=ch/DC=cern/OU=Organic Units/OU=Users/CN=shigginb/CN=785176/CN=Sam Higginbotham_cmsweb.cern.ch for credential name
DEBUG 2017-11-15 08:09:48,987: 	 Executing : 
 command : myproxy-info -l 2f318c7a260d78734589f2cc772d26b8be79ec6c -s myproxy.cern.ch
 output : username: 2f318c7a260d78734589f2cc772d26b8be79ec6c
owner: /DC=ch/DC=cern/OU=Organic Units/OU=Users/CN=shigginb/CN=785176/CN=Sam Higginbotham
  renewal policy: /DC=ch/DC=cern/OU=computers/CN=vocms(045|052|021|031|0118|0118a|0119|0108|0105|0109).cern.ch
  trusted retrieval policy: /DC=ch/DC=cern/OU=computers/CN=vocms(045|052|021|031|0118|0118a|0119|0108|0105|0109).cern.ch
  timeleft: 431:13:53  (18.0 days)

 error: 
 retcode : 0
DEBUG 2017-11-15 08:09:48,988: 	 Myproxy is valid: 1552433
DEBUG 2017-11-15 08:09:48,988: 	 Command use: status
DEBUG 2017-11-15 08:09:48,988: 	 Options use: ['-d', 'crab_20171115_075113/']
DEBUG 2017-11-15 08:09:50,688: 	 CRABClient version: 3.3.1707.patch1
DEBUG 2017-11-15 08:09:50,689: 	 Instance is prod
DEBUG 2017-11-15 08:09:50,689: 	 Server base url is cmsweb.cern.ch
DEBUG 2017-11-15 08:09:50,689: 	 Command url /crabserver/prod/workflow
DEBUG 2017-11-15 08:09:52,300: 	 Got information from server oracle database: {u'result': [u'171115_135141:shigginb_crab_20171115_075113', u'None', u'SUBMITTED', u'2017-11-15 13:51:41.072008', u'None', u'2017-11-15 13:52:12.418675', u'None', u'CMSSW_9_3_2', u'slc6_amd64_gcc630', u'/ZJetsToNuNu_HT-1200To2500_14TeV-madgraph/PhaseIITDRFall17MiniAOD-PU200_93X_upgrade2023_realistic_v2-v1/MINIAODSIM', u'[]', u'[]', u'FileBased', u"{'splitOnRun': False, 'halt_job_on_file_boundaries': False, 'files_per_job': 1, 'runs': [], 'lumis': []}", u'0', u'4e198fb019d07e682a8bd09208595d4eb73bac82ae7f6e24154a54b4451cc952.tar.gz', u'https://cmsweb.cern.ch/crabcache', u'shigginb', u'/DC=ch/DC=cern/OU=Organic Units/OU=Users/CN=shigginb/CN=785176/CN=Sam Higginbotham', u'cms', u'None', u'None', u'crab_20171115_075113-00000000000000000000000000000000', u'T3_US_FNALLPC', u'https://cmsweb.cern.ch/dbs/prod/global/DBSReader', u'https://cmsweb.cern.ch/dbs/prod/phys03/DBSWriter', u'F', u'Analysis', u'{}', u'[]', u'F', u'vocms052', u'[]', u'1250', u'1', u'2000', u'10', u'None', u'http://vocms0107.cern.ch/mon/cms1359/171115_135141:shigginb_crab_20171115_075113', u'None', u'None', u'[]', u'[]', u'[]', u'pythia', u'[]', u"['analysis.root']", u'[]', u'https://cmsweb.cern.ch/crabserver/prod', u'None', u'0', u'cmssrv221.fnal.gov:9620', u'crab3@vocms0107.cern.ch', u'F', u'[]', u'T', u'/store/user/shigginb/', u'F', u'None', u'F', u'F', u'F', u'None', u'ZJetsToNuNu_HT-1200To2500_14TeV-madgraph', u'filetransfers', u'SUBMIT', u'15289169', u'7899cec95a4a9619026e90697ee2a8795c5a60c047ae276cb394168271fe810f.tar.gz', u'131.225.190.56', u'F', u'None'], u'desc': {u'columns': [u'tm_taskname', u'panda_jobset_id', u'tm_task_status', u'tm_start_time', u'tm_start_injection', u'tm_end_injection', u'tm_task_failure', u'tm_job_sw', u'tm_job_arch', u'tm_input_dataset', u'tm_site_whitelist', u'tm_site_blacklist', u'tm_split_algo', u'tm_split_args', u'tm_totalunits', u'tm_user_sandbox', u'tm_cache_url', u'tm_username', u'tm_user_dn', u'tm_user_vo', u'tm_user_role', u'tm_user_group', u'tm_publish_name', u'tm_asyncdest', u'tm_dbs_url', u'tm_publish_dbs_url', u'tm_publication', u'tm_job_type', u'tm_arguments', u'panda_resubmitted_jobs', u'tm_save_logs', u'tw_name', u'tm_user_infiles', u'tm_maxjobruntime', u'tm_numcores', u'tm_maxmemory', u'tm_priority', u'tm_output_dataset', u'tm_user_webdir', u'tm_activity', u'tm_scriptexe', u'tm_scriptargs', u'tm_extrajdl', u'tm_task_warnings', u'tm_generator', u'tm_outfiles', u'tm_tfile_outfiles', u'tm_edm_outfiles', u'tm_asourl', u'tm_events_per_lumi', u'tm_use_parent', u'tm_collector', u'tm_schedd', u'tm_dry_run', u'tm_user_files', u'tm_transfer_outputs', u'tm_output_lfn', u'tm_ignore_locality', u'tm_fail_limit', u'tm_one_event_mode', u'tm_publish_groupname', u'tm_nonvalid_input_dataset', u'tm_secondary_input_dataset', u'tm_primary_dataset', u'tm_asodb', u'tm_task_command', u'clusterid', u'tm_debug_files', u'tm_submitter_ip_addr', u'tm_ignore_global_blacklist', u'tm_last_publication']}}
INFO 2017-11-15 08:09:52,300: 	 CRAB project directory:		/uscms_data/d3/samuellh/WorkingArea/TauAnalysis/CMSSW_9_3_2/src/PUAnalysis/VBFtt2017/crab/VBF76/crab_20171115_075113
INFO 2017-11-15 08:09:52,300: 	 Task name:			171115_135141:shigginb_crab_20171115_075113
INFO 2017-11-15 08:09:52,301: 	 Grid scheduler:			crab3@vocms0107.cern.ch
INFO 2017-11-15 08:09:52,301: 	 Status on the CRAB server:	SUBMITTED
INFO 2017-11-15 08:09:52,301: 	 Task URL to use for HELP:	https://cmsweb.cern.ch/crabserver/ui/task/171115_135141%3Ashigginb_crab_20171115_075113
INFO 2017-11-15 08:09:52,301: 	 Dashboard monitoring URL:	http://dashb-cms-job.cern.ch/dashboard/templates/task-analysis/#user=shigginb&refresh=0&table=Jobs&p=1&records=25&activemenu=2&status=&site=&tid=171115_135141%3Ashigginb_crab_20171115_075113
DEBUG 2017-11-15 08:09:52,301: 	 The CRAB server submitted your task to the Grid scheduler (cluster ID: 15289169)
DEBUG 2017-11-15 08:09:52,301: 	 Webdir is located at http://vocms0107.cern.ch/mon/cms1359/171115_135141:shigginb_crab_20171115_075113
DEBUG 2017-11-15 08:09:54,146: 	 Proxied webdir is located at https://cmsweb.cern.ch/scheddmon/0107/cms1359/171115_135141:shigginb_crab_20171115_075113
DEBUG 2017-11-15 08:09:54,146: 	 Retrieving 'status_cache' file from https://cmsweb.cern.ch/scheddmon/0107/cms1359/171115_135141:shigginb_crab_20171115_075113/status_cache
DEBUG 2017-11-15 08:09:55,973: 	 Got information from status cache file: {'1': {'Retries': 0, 'WallDurations': [611.0], 'StartTimes': [1510754267.0], 'SubmitTimes': [1510753944.0], 'JobIds': ['15289218.0'], 'EndTimes': [], 'Restarts': 0, 'RecordedSite': False, 'State': 'running', 'ResidentSetSize': [1724356], 'TotalUserCpuTimeHistory': [0], 'SiteHistory': ['Unknown'], 'TotalSysCpuTimeHistory': [0]}, '3': {'Retries': 0, 'WallDurations': [153.0], 'StartTimes': [1510754545.0], 'SubmitTimes': [1510753944.0], 'JobIds': ['15289222.0'], 'EndTimes': [1510754698.0], 'Restarts': 0, 'RecordedSite': False, 'State': 'finished', 'ResidentSetSize': [21852], 'TotalUserCpuTimeHistory': [97], 'SiteHistory': ['Unknown'], 'TotalSysCpuTimeHistory': [4]}, '2': {'Retries': 0, 'WallDurations': [301.0], 'StartTimes': [1510754268.0], 'SubmitTimes': [1510753944.0], 'JobIds': ['15289220.0'], 'EndTimes': [1510754569.0], 'Restarts': 0, 'RecordedSite': False, 'State': 'finished', 'ResidentSetSize': [2632], 'TotalUserCpuTimeHistory': [116], 'SiteHistory': ['Unknown'], 'TotalSysCpuTimeHistory': [7]}, '5': {'Retries': 0, 'WallDurations': [8.0], 'StartTimes': [1510754736.0], 'SubmitTimes': [1510753944.0], 'JobIds': ['15289226.0'], 'EndTimes': [], 'Restarts': 0, 'RecordedSite': False, 'State': 'running', 'ResidentSetSize': [28972], 'TotalUserCpuTimeHistory': [0], 'SiteHistory': ['Unknown'], 'TotalSysCpuTimeHistory': [0]}, '4': {'Retries': 0, 'WallDurations': [159.0], 'StartTimes': [1510754678.0], 'SubmitTimes': [1510753944.0], 'JobIds': ['15289224.0'], 'EndTimes': [1510754837.0], 'Restarts': 0, 'RecordedSite': False, 'State': 'finished', 'ResidentSetSize': [2580], 'TotalUserCpuTimeHistory': [61], 'SiteHistory': ['Unknown'], 'TotalSysCpuTimeHistory': [2]}, '7': {'Retries': 0, 'WallDurations': [243.0], 'StartTimes': [1510754323.0], 'SubmitTimes': [1510753944.0], 'JobIds': ['15289216.0'], 'EndTimes': [1510754566.0], 'Restarts': 0, 'RecordedSite': False, 'State': 'finished', 'ResidentSetSize': [2604], 'TotalUserCpuTimeHistory': [65], 'SiteHistory': ['Unknown'], 'TotalSysCpuTimeHistory': [2]}, '6': {'Retries': 0, 'WallDurations': [144.0], 'StartTimes': [1510754420.0], 'SubmitTimes': [1510753944.0], 'JobIds': ['15289227.0'], 'EndTimes': [1510754564.0], 'Restarts': 0, 'RecordedSite': False, 'State': 'finished', 'ResidentSetSize': [15496], 'TotalUserCpuTimeHistory': [57], 'SiteHistory': ['Unknown'], 'TotalSysCpuTimeHistory': [2]}}
INFO 2017-11-15 08:09:55,973: 	 Status on the scheduler:	SUBMITTED
INFO 2017-11-15 08:09:55,973: 	 
Jobs status:                    finished       71.4% (5/7)
INFO 2017-11-15 08:09:55,973: 	 				running        28.6% (2/7)
INFO 2017-11-15 08:09:55,974: 	 
No publication information (publication has been disabled in the CRAB configuration file)
INFO 2017-11-15 08:09:55,984: 	 Log file is /uscms_data/d3/samuellh/WorkingArea/TauAnalysis/CMSSW_9_3_2/src/PUAnalysis/VBFtt2017/crab/VBF76/crab_20171115_075113/crab.log
DEBUG 2017-11-15 09:23:15,211: 	 Executing command: 'status'
DEBUG 2017-11-15 09:23:15,211: 	 Found CRAB cache file /uscms/home/samuellh/.crab3
DEBUG 2017-11-15 09:23:15,219: 	 Checking credentials
DEBUG 2017-11-15 09:23:15,219: 	 Found proxy file /tmp/x509up_u52190
DEBUG 2017-11-15 09:23:15,219: 	 Getting proxy life time left
DEBUG 2017-11-15 09:23:15,323: 	 Executing : 
 command : voms-proxy-info -file /tmp/x509up_u52190 -timeleft
 output : 76288

 error: 
 retcode : 0
DEBUG 2017-11-15 09:23:15,426: 	 Executing : 
 command : voms-proxy-info -file /tmp/x509up_u52190 -actimeleft
 output : 76287

 error: 
 retcode : 0
DEBUG 2017-11-15 09:23:15,426: 	 Proxy valid for 21:11:28 hours
DEBUG 2017-11-15 09:23:16,088: 	 Executing : 
 command : openssl x509 -in ~/.globus/usercert.pem -subject -noout
 output : subject= /DC=ch/DC=cern/OU=Organic Units/OU=Users/CN=shigginb/CN=785176/CN=Sam Higginbotham

 error: 
 retcode : 0
DEBUG 2017-11-15 09:23:16,088: 	 Checking credentials
DEBUG 2017-11-15 09:23:16,088: 	 Found proxy file /tmp/x509up_u52190
DEBUG 2017-11-15 09:23:16,088: 	 Getting proxy life time left
DEBUG 2017-11-15 09:23:16,191: 	 Executing : 
 command : voms-proxy-info -file /tmp/x509up_u52190 -timeleft
 output : 76287

 error: 
 retcode : 0
DEBUG 2017-11-15 09:23:16,294: 	 Executing : 
 command : voms-proxy-info -file /tmp/x509up_u52190 -actimeleft
 output : 76286

 error: 
 retcode : 0
DEBUG 2017-11-15 09:23:16,294: 	 Proxy valid for 21:11:27 hours
DEBUG 2017-11-15 09:23:18,062: 	 Registering user credentials for server /DC=ch/DC=cern/OU=computers/CN=vocms(045|052|021|031|0118|0118a|0119|0108|0105|0109).cern.ch
DEBUG 2017-11-15 09:23:18,172: 	 Executing : 
 command : openssl x509 -in ~/.globus/usercert.pem -subject -noout
 output : subject= /DC=ch/DC=cern/OU=Organic Units/OU=Users/CN=shigginb/CN=785176/CN=Sam Higginbotham

 error: 
 retcode : 0
DEBUG 2017-11-15 09:23:18,172: 	 Getting myproxy life time left for myproxy.cern.ch
DEBUG 2017-11-15 09:23:18,172: 	 Calculating hash of /DC=ch/DC=cern/OU=Organic Units/OU=Users/CN=shigginb/CN=785176/CN=Sam Higginbotham_cmsweb.cern.ch for credential name
DEBUG 2017-11-15 09:23:18,977: 	 Executing : 
 command : myproxy-info -l 2f318c7a260d78734589f2cc772d26b8be79ec6c -s myproxy.cern.ch
 output : username: 2f318c7a260d78734589f2cc772d26b8be79ec6c
owner: /DC=ch/DC=cern/OU=Organic Units/OU=Users/CN=shigginb/CN=785176/CN=Sam Higginbotham
  renewal policy: /DC=ch/DC=cern/OU=computers/CN=vocms(045|052|021|031|0118|0118a|0119|0108|0105|0109).cern.ch
  trusted retrieval policy: /DC=ch/DC=cern/OU=computers/CN=vocms(045|052|021|031|0118|0118a|0119|0108|0105|0109).cern.ch
  timeleft: 430:00:23  (17.9 days)

 error: 
 retcode : 0
DEBUG 2017-11-15 09:23:18,978: 	 Myproxy is valid: 1548023
DEBUG 2017-11-15 09:23:18,979: 	 Command use: status
DEBUG 2017-11-15 09:23:18,979: 	 Options use: ['-d', 'crab_20171115_075113/']
DEBUG 2017-11-15 09:23:20,982: 	 CRABClient version: 3.3.1707.patch1
DEBUG 2017-11-15 09:23:20,982: 	 Instance is prod
DEBUG 2017-11-15 09:23:20,982: 	 Server base url is cmsweb.cern.ch
DEBUG 2017-11-15 09:23:20,982: 	 Command url /crabserver/prod/workflow
DEBUG 2017-11-15 09:23:22,928: 	 Got information from server oracle database: {u'result': [u'171115_135141:shigginb_crab_20171115_075113', u'None', u'SUBMITTED', u'2017-11-15 13:51:41.072008', u'None', u'2017-11-15 13:52:12.418675', u'None', u'CMSSW_9_3_2', u'slc6_amd64_gcc630', u'/ZJetsToNuNu_HT-1200To2500_14TeV-madgraph/PhaseIITDRFall17MiniAOD-PU200_93X_upgrade2023_realistic_v2-v1/MINIAODSIM', u'[]', u'[]', u'FileBased', u"{'splitOnRun': False, 'halt_job_on_file_boundaries': False, 'files_per_job': 1, 'runs': [], 'lumis': []}", u'0', u'4e198fb019d07e682a8bd09208595d4eb73bac82ae7f6e24154a54b4451cc952.tar.gz', u'https://cmsweb.cern.ch/crabcache', u'shigginb', u'/DC=ch/DC=cern/OU=Organic Units/OU=Users/CN=shigginb/CN=785176/CN=Sam Higginbotham', u'cms', u'None', u'None', u'crab_20171115_075113-00000000000000000000000000000000', u'T3_US_FNALLPC', u'https://cmsweb.cern.ch/dbs/prod/global/DBSReader', u'https://cmsweb.cern.ch/dbs/prod/phys03/DBSWriter', u'F', u'Analysis', u'{}', u'[]', u'F', u'vocms052', u'[]', u'1250', u'1', u'2000', u'10', u'None', u'http://vocms0107.cern.ch/mon/cms1359/171115_135141:shigginb_crab_20171115_075113', u'None', u'None', u'[]', u'[]', u'[]', u'pythia', u'[]', u"['analysis.root']", u'[]', u'https://cmsweb.cern.ch/crabserver/prod', u'None', u'0', u'cmssrv221.fnal.gov:9620', u'crab3@vocms0107.cern.ch', u'F', u'[]', u'T', u'/store/user/shigginb/', u'F', u'None', u'F', u'F', u'F', u'None', u'ZJetsToNuNu_HT-1200To2500_14TeV-madgraph', u'filetransfers', u'SUBMIT', u'15289169', u'7899cec95a4a9619026e90697ee2a8795c5a60c047ae276cb394168271fe810f.tar.gz', u'131.225.190.56', u'F', u'None'], u'desc': {u'columns': [u'tm_taskname', u'panda_jobset_id', u'tm_task_status', u'tm_start_time', u'tm_start_injection', u'tm_end_injection', u'tm_task_failure', u'tm_job_sw', u'tm_job_arch', u'tm_input_dataset', u'tm_site_whitelist', u'tm_site_blacklist', u'tm_split_algo', u'tm_split_args', u'tm_totalunits', u'tm_user_sandbox', u'tm_cache_url', u'tm_username', u'tm_user_dn', u'tm_user_vo', u'tm_user_role', u'tm_user_group', u'tm_publish_name', u'tm_asyncdest', u'tm_dbs_url', u'tm_publish_dbs_url', u'tm_publication', u'tm_job_type', u'tm_arguments', u'panda_resubmitted_jobs', u'tm_save_logs', u'tw_name', u'tm_user_infiles', u'tm_maxjobruntime', u'tm_numcores', u'tm_maxmemory', u'tm_priority', u'tm_output_dataset', u'tm_user_webdir', u'tm_activity', u'tm_scriptexe', u'tm_scriptargs', u'tm_extrajdl', u'tm_task_warnings', u'tm_generator', u'tm_outfiles', u'tm_tfile_outfiles', u'tm_edm_outfiles', u'tm_asourl', u'tm_events_per_lumi', u'tm_use_parent', u'tm_collector', u'tm_schedd', u'tm_dry_run', u'tm_user_files', u'tm_transfer_outputs', u'tm_output_lfn', u'tm_ignore_locality', u'tm_fail_limit', u'tm_one_event_mode', u'tm_publish_groupname', u'tm_nonvalid_input_dataset', u'tm_secondary_input_dataset', u'tm_primary_dataset', u'tm_asodb', u'tm_task_command', u'clusterid', u'tm_debug_files', u'tm_submitter_ip_addr', u'tm_ignore_global_blacklist', u'tm_last_publication']}}
INFO 2017-11-15 09:23:22,928: 	 CRAB project directory:		/uscms_data/d3/samuellh/WorkingArea/TauAnalysis/CMSSW_9_3_2/src/PUAnalysis/VBFtt2017/crab/VBF76/crab_20171115_075113
INFO 2017-11-15 09:23:22,928: 	 Task name:			171115_135141:shigginb_crab_20171115_075113
INFO 2017-11-15 09:23:22,928: 	 Grid scheduler:			crab3@vocms0107.cern.ch
INFO 2017-11-15 09:23:22,929: 	 Status on the CRAB server:	SUBMITTED
INFO 2017-11-15 09:23:22,929: 	 Task URL to use for HELP:	https://cmsweb.cern.ch/crabserver/ui/task/171115_135141%3Ashigginb_crab_20171115_075113
INFO 2017-11-15 09:23:22,929: 	 Dashboard monitoring URL:	http://dashb-cms-job.cern.ch/dashboard/templates/task-analysis/#user=shigginb&refresh=0&table=Jobs&p=1&records=25&activemenu=2&status=&site=&tid=171115_135141%3Ashigginb_crab_20171115_075113
DEBUG 2017-11-15 09:23:22,929: 	 The CRAB server submitted your task to the Grid scheduler (cluster ID: 15289169)
DEBUG 2017-11-15 09:23:22,929: 	 Webdir is located at http://vocms0107.cern.ch/mon/cms1359/171115_135141:shigginb_crab_20171115_075113
DEBUG 2017-11-15 09:23:24,890: 	 Proxied webdir is located at https://cmsweb.cern.ch/scheddmon/0107/cms1359/171115_135141:shigginb_crab_20171115_075113
DEBUG 2017-11-15 09:23:24,890: 	 Retrieving 'status_cache' file from https://cmsweb.cern.ch/scheddmon/0107/cms1359/171115_135141:shigginb_crab_20171115_075113/status_cache
DEBUG 2017-11-15 09:23:26,584: 	 Got information from status cache file: {'1': {'Retries': 0, 'WallDurations': [1246.0], 'StartTimes': [1510754267.0], 'SubmitTimes': [1510753944.0], 'JobIds': ['15289218.0'], 'EndTimes': [1510755513.0], 'Restarts': 0, 'RecordedSite': False, 'State': 'finished', 'ResidentSetSize': [1754216], 'TotalUserCpuTimeHistory': [893], 'SiteHistory': ['Unknown'], 'TotalSysCpuTimeHistory': [26]}, '3': {'Retries': 0, 'WallDurations': [153.0], 'StartTimes': [1510754545.0], 'SubmitTimes': [1510753944.0], 'JobIds': ['15289222.0'], 'EndTimes': [1510754698.0], 'Restarts': 0, 'RecordedSite': False, 'State': 'finished', 'ResidentSetSize': [21852], 'TotalUserCpuTimeHistory': [97], 'SiteHistory': ['Unknown'], 'TotalSysCpuTimeHistory': [4]}, '2': {'Retries': 0, 'WallDurations': [301.0], 'StartTimes': [1510754268.0], 'SubmitTimes': [1510753944.0], 'JobIds': ['15289220.0'], 'EndTimes': [1510754569.0], 'Restarts': 0, 'RecordedSite': False, 'State': 'finished', 'ResidentSetSize': [2632], 'TotalUserCpuTimeHistory': [116], 'SiteHistory': ['Unknown'], 'TotalSysCpuTimeHistory': [7]}, '5': {'Retries': 0, 'WallDurations': [1073.0], 'StartTimes': [1510754736.0], 'SubmitTimes': [1510753944.0], 'JobIds': ['15289226.0'], 'EndTimes': [1510755809.0], 'Restarts': 0, 'RecordedSite': False, 'State': 'finished', 'ResidentSetSize': [1757776], 'TotalUserCpuTimeHistory': [817], 'SiteHistory': ['Unknown'], 'TotalSysCpuTimeHistory': [21]}, '4': {'Retries': 0, 'WallDurations': [159.0], 'StartTimes': [1510754678.0], 'SubmitTimes': [1510753944.0], 'JobIds': ['15289224.0'], 'EndTimes': [1510754837.0], 'Restarts': 0, 'RecordedSite': False, 'State': 'finished', 'ResidentSetSize': [2580], 'TotalUserCpuTimeHistory': [61], 'SiteHistory': ['Unknown'], 'TotalSysCpuTimeHistory': [2]}, '7': {'Retries': 0, 'WallDurations': [243.0], 'StartTimes': [1510754323.0], 'SubmitTimes': [1510753944.0], 'JobIds': ['15289216.0'], 'EndTimes': [1510754566.0], 'Restarts': 0, 'RecordedSite': False, 'State': 'finished', 'ResidentSetSize': [2604], 'TotalUserCpuTimeHistory': [65], 'SiteHistory': ['Unknown'], 'TotalSysCpuTimeHistory': [2]}, '6': {'Retries': 0, 'WallDurations': [144.0], 'StartTimes': [1510754420.0], 'SubmitTimes': [1510753944.0], 'JobIds': ['15289227.0'], 'EndTimes': [1510754564.0], 'Restarts': 0, 'RecordedSite': False, 'State': 'finished', 'ResidentSetSize': [15496], 'TotalUserCpuTimeHistory': [57], 'SiteHistory': ['Unknown'], 'TotalSysCpuTimeHistory': [2]}}
INFO 2017-11-15 09:23:26,584: 	 Status on the scheduler:	COMPLETED
INFO 2017-11-15 09:23:26,584: 	 
Jobs status:                    finished      100.0% (7/7)
INFO 2017-11-15 09:23:26,584: 	 
No publication information (publication has been disabled in the CRAB configuration file)
INFO 2017-11-15 09:23:26,595: 	 Log file is /uscms_data/d3/samuellh/WorkingArea/TauAnalysis/CMSSW_9_3_2/src/PUAnalysis/VBFtt2017/crab/VBF76/crab_20171115_075113/crab.log
