('The system path in the config file ', ['/cvmfs/cms.cern.ch/crab3/slc6_amd64_gcc493/cms/crabclient/3.3.1707.patch1/bin', '/uscms_data/d3/samuellh/WorkingArea/TauAnalysis/CMSSW_9_3_2/python', '/uscms_data/d3/samuellh/WorkingArea/TauAnalysis/CMSSW_9_3_2/lib/slc6_amd64_gcc630', '/cvmfs/cms.cern.ch/slc6_amd64_gcc630/cms/cmssw/CMSSW_9_3_2/python', '/cvmfs/cms.cern.ch/slc6_amd64_gcc630/cms/cmssw/CMSSW_9_3_2/lib/slc6_amd64_gcc630', '/cvmfs/cms.cern.ch/slc6_amd64_gcc630/cms/coral/CORAL_2_3_21-ghjeda6/slc6_amd64_gcc630/python', '/cvmfs/cms.cern.ch/slc6_amd64_gcc630/cms/coral/CORAL_2_3_21-ghjeda6/slc6_amd64_gcc630/lib', '/cvmfs/cms.cern.ch/slc6_amd64_gcc630/external/professor2/2.2.1-ghjeda6/lib/python2.7/site-packages', '/cvmfs/cms.cern.ch/slc6_amd64_gcc630/external/pyqt/4.11.4-mlhled2/lib/python2.7/site-packages', '/cvmfs/cms.cern.ch/slc6_amd64_gcc630/external/sherpa/2.2.4-ghjeda/lib/python2.7/site-packages', '/cvmfs/cms.cern.ch/slc6_amd64_gcc630/external/rivet/2.5.2-ghjeda4/lib/python2.7/site-packages', '/cvmfs/cms.cern.ch/slc6_amd64_gcc630/external/python-ldap/2.4.10-mlhled2/lib/python2.7/site-packages', '/cvmfs/cms.cern.ch/slc6_amd64_gcc630/external/py2-matplotlib/1.5.2-njopjo/lib/python2.7/site-packages', '/cvmfs/cms.cern.ch/slc6_amd64_gcc630/external/sip/4.17-mlhled2/lib/python2.7/site-packages', '/cvmfs/cms.cern.ch/slc6_amd64_gcc630/external/llvm/4.0.0-njopjo/lib64/python2.7/site-packages', '/cvmfs/cms.cern.ch/slc6_amd64_gcc630/external/py2-sqlalchemy/1.1.4-mlhled2/lib/python2.7/site-packages', '/cvmfs/cms.cern.ch/slc6_amd64_gcc630/external/py2-lint/0.25.1-mlhled2/lib/python2.7/site-packages', '/cvmfs/cms.cern.ch/slc6_amd64_gcc630/external/py2-dxr/1.0-ghjeda6/lib/python2.7/site-packages', '/cvmfs/cms.cern.ch/slc6_amd64_gcc630/external/py2-cx-oracle/5.2.1-mlhled2/lib/python2.7/site-packages', '/cvmfs/cms.cern.ch/slc6_amd64_gcc630/external/py2-numpy/1.12.1-mlhled2/lib/python2.7/site-packages', '/cvmfs/cms.cern.ch/slc6_amd64_gcc630/external/frontier_client/2.8.20-mlhled2/python/lib', '/cvmfs/cms.cern.ch/slc6_amd64_gcc630/cms/das_client/v03.01.00-mlhled2/bin', '/cvmfs/cms.cern.ch/slc6_amd64_gcc630/external/xrootd/4.6.1/lib/python2.7/site-packages', '/cvmfs/cms.cern.ch/slc6_amd64_gcc630/external/yoda/1.6.5-ghjeda4/lib/python2.7/site-packages', '/cvmfs/cms.cern.ch/slc6_amd64_gcc630/lcg/root/6.10.04-ghjeda/lib', '/cvmfs/cms.cern.ch/slc6_amd64_gcc630/external/pyminuit2/0.0.1-ghjeda4/lib/python2.7/site-packages', '/cvmfs/cms.cern.ch/slc6_amd64_gcc630/external/py2-PyYAML/3.11-mlhled2/lib/python2.7/site-packages', '/cvmfs/cms.cern.ch/slc6_amd64_gcc630/external/py2-pygithub/1.23.0-mlhled2/lib/python2.7/site-packages', '/cvmfs/cms.cern.ch/slc6_amd64_gcc630/external/py2-pip/9.0.1-mlhled2/lib/python2.7/site-packages', '/cvmfs/cms.cern.ch/slc6_amd64_gcc630/external/py2-dablooms/0.9.1-mlhled2/lib/python2.7/site-packages', '/cvmfs/cms.cern.ch/slc6_amd64_gcc630/external/py2-pippkgs_depscipy/3.0-ghjeda6/lib/python2.7/site-packages', '/cvmfs/cms.cern.ch/slc6_amd64_gcc630/external/py2-pippkgs/5.0-ghjeda6/lib/python2.7/site-packages', '/cvmfs/cms.cern.ch/slc6_amd64_gcc630/external/professor/1.4.0-ghjeda4/lib/python2.7/site-packages', '/cvmfs/cms.cern.ch/slc6_amd64_gcc630/cms/dbs-client/DBS_2_1_9-mlhled2/lib', '/cvmfs/cms.cern.ch/slc6_amd64_gcc630/cms/dbs-client/DBS_2_1_9-mlhled2/lib/DBSAPI', '/cvmfs/cms.cern.ch/slc6_amd64_gcc630/external/cvs2git/5419-mlhled2/lib', '/cvmfs/cms.cern.ch/crab3/slc6_amd64_gcc493/cms/crabclient/3.3.1707.patch1/lib/python2.7/site-packages', '/cvmfs/cms.cern.ch/crab3/slc6_amd64_gcc493/cms/dbs3-client/3.4.4/lib/python2.7/site-packages', '/cvmfs/cms.cern.ch/crab3/slc6_amd64_gcc493/cms/dbs3-pycurl-client/3.4.4/lib/python2.7/site-packages', '/cvmfs/cms.cern.ch/slc6_amd64_gcc630/external/py2-sqlalchemy/1.1.4-mlhled2/lib/python2.7/site-packages/SQLAlchemy-1.1.4-py2.7-linux-x86_64.egg', '/cvmfs/cms.cern.ch/slc6_amd64_gcc630/external/py2-numpy/1.12.1-mlhled2/lib/python2.7/site-packages/numpy-1.12.1-py2.7-linux-x86_64.egg', '/cvmfs/cms.cern.ch/slc6_amd64_gcc630/external/python/2.7.11-mlhled2/lib/python27.zip', '/cvmfs/cms.cern.ch/slc6_amd64_gcc630/external/python/2.7.11-mlhled2/lib/python2.7', '/cvmfs/cms.cern.ch/slc6_amd64_gcc630/external/python/2.7.11-mlhled2/lib/python2.7/plat-linux2', '/cvmfs/cms.cern.ch/slc6_amd64_gcc630/external/python/2.7.11-mlhled2/lib/python2.7/lib-tk', '/cvmfs/cms.cern.ch/slc6_amd64_gcc630/external/python/2.7.11-mlhled2/lib/python2.7/lib-old', '/cvmfs/cms.cern.ch/slc6_amd64_gcc630/external/python/2.7.11-mlhled2/lib/python2.7/lib-dynload', '/cvmfs/cms.cern.ch/slc6_amd64_gcc630/external/python/2.7.11-mlhled2/lib/python2.7/site-packages', '/uscms_data/d3/samuellh/WorkingArea/TauAnalysis/CMSSW_9_3_2/src/PUAnalysis/VBFtt2017/crab/VBF61'])
 ##################################################################### 
 # WARNING: the module CondCore.DBCommon.CondDBSetup is deprecated.  # 
 # Please import CondCore.CondDB.CondDB_cfi                          # 
 ##################################################################### 
recorrecting the jets
List Of Filters
['processedEvents', 'initialEventsTT', 'DiMuonCreation', 'AtLeastOneDiTau', 'TTTauPtEta', 'TTTauDecayFound', 'TTTauStandardDecayFound', 'TTTauDRSel', 'TTSync', 'TTAntiEle', 'TTAntiMu', 'TTIso', 'TTOS']
DEBUG 2017-11-15 07:43:15,726: 	 Executing command: 'submit'
DEBUG 2017-11-15 07:43:15,727: 	 Found CRAB cache file /uscms/home/samuellh/.crab3
DEBUG 2017-11-15 07:43:15,735: 	 Checking credentials
DEBUG 2017-11-15 07:43:15,735: 	 Found proxy file /tmp/x509up_u52190
DEBUG 2017-11-15 07:43:15,735: 	 Getting proxy life time left
DEBUG 2017-11-15 07:43:15,838: 	 Executing : 
 command : voms-proxy-info -file /tmp/x509up_u52190 -timeleft
 output : 82288

 error: 
 retcode : 0
DEBUG 2017-11-15 07:43:15,942: 	 Executing : 
 command : voms-proxy-info -file /tmp/x509up_u52190 -actimeleft
 output : 82287

 error: 
 retcode : 0
DEBUG 2017-11-15 07:43:15,942: 	 Proxy valid for 22:51:28 hours
INFO 2017-11-15 07:43:15,942: 	 Will use CRAB configuration file crab3_TT_MC.py
DEBUG 2017-11-15 07:43:15,942: 	 Loading CRAB configuration file.
DEBUG 2017-11-15 07:43:15,949: 	 Will use CRAB Analysis plugin (i.e. will run an analysis job type).
DEBUG 2017-11-15 07:43:16,065: 	 Executing : 
 command : openssl x509 -in ~/.globus/usercert.pem -subject -noout
 output : subject= /DC=ch/DC=cern/OU=Organic Units/OU=Users/CN=shigginb/CN=785176/CN=Sam Higginbotham

 error: 
 retcode : 0
DEBUG 2017-11-15 07:43:16,065: 	 Checking credentials
DEBUG 2017-11-15 07:43:16,065: 	 Found proxy file /tmp/x509up_u52190
DEBUG 2017-11-15 07:43:16,065: 	 Getting proxy life time left
DEBUG 2017-11-15 07:43:16,168: 	 Executing : 
 command : voms-proxy-info -file /tmp/x509up_u52190 -timeleft
 output : 82287

 error: 
 retcode : 0
DEBUG 2017-11-15 07:43:16,271: 	 Executing : 
 command : voms-proxy-info -file /tmp/x509up_u52190 -actimeleft
 output : 82286

 error: 
 retcode : 0
DEBUG 2017-11-15 07:43:16,272: 	 Proxy valid for 22:51:27 hours
DEBUG 2017-11-15 07:43:16,375: 	 Executing : 
 command : env X509_USER_PROXY=/tmp/x509up_u52190 voms-proxy-info -fqan
 output : /cms/Role=NULL/Capability=NULL

 error: 
 retcode : 0
DEBUG 2017-11-15 07:43:18,178: 	 Registering user credentials for server /DC=ch/DC=cern/OU=computers/CN=vocms(045|052|021|031|0118|0118a|0119|0108|0105|0109).cern.ch
DEBUG 2017-11-15 07:43:18,285: 	 Executing : 
 command : openssl x509 -in ~/.globus/usercert.pem -subject -noout
 output : subject= /DC=ch/DC=cern/OU=Organic Units/OU=Users/CN=shigginb/CN=785176/CN=Sam Higginbotham

 error: 
 retcode : 0
DEBUG 2017-11-15 07:43:18,286: 	 Getting myproxy life time left for myproxy.cern.ch
DEBUG 2017-11-15 07:43:18,286: 	 Calculating hash of /DC=ch/DC=cern/OU=Organic Units/OU=Users/CN=shigginb/CN=785176/CN=Sam Higginbotham_cmsweb.cern.ch for credential name
DEBUG 2017-11-15 07:43:18,990: 	 Executing : 
 command : myproxy-info -l 2f318c7a260d78734589f2cc772d26b8be79ec6c -s myproxy.cern.ch
 output : username: 2f318c7a260d78734589f2cc772d26b8be79ec6c
owner: /DC=ch/DC=cern/OU=Organic Units/OU=Users/CN=shigginb/CN=785176/CN=Sam Higginbotham
  renewal policy: /DC=ch/DC=cern/OU=computers/CN=vocms(045|052|021|031|0118|0118a|0119|0108|0105|0109).cern.ch
  trusted retrieval policy: /DC=ch/DC=cern/OU=computers/CN=vocms(045|052|021|031|0118|0118a|0119|0108|0105|0109).cern.ch
  timeleft: 431:40:23  (18.0 days)

 error: 
 retcode : 0
DEBUG 2017-11-15 07:43:18,991: 	 Myproxy is valid: 1554023
DEBUG 2017-11-15 07:43:18,991: 	 Command use: submit
DEBUG 2017-11-15 07:43:18,992: 	 Options use: ['-c', 'crab3_TT_MC.py']
DEBUG 2017-11-15 07:43:20,978: 	 CRABClient version: 3.3.1707.patch1
DEBUG 2017-11-15 07:43:20,978: 	 Instance is prod
DEBUG 2017-11-15 07:43:20,979: 	 Server base url is cmsweb.cern.ch
DEBUG 2017-11-15 07:43:20,979: 	 Command url /crabserver/prod/workflow
DEBUG 2017-11-15 07:43:20,979: 	 Started submission
DEBUG 2017-11-15 07:43:20,979: 	 Working on /uscms_data/d3/samuellh/WorkingArea/TauAnalysis/CMSSW_9_3_2/src/PUAnalysis/VBFtt2017/crab/VBF61/crab_20171115_074315
DEBUG 2017-11-15 07:43:22,754: 	 Loading required information from the environment
DEBUG 2017-11-15 07:43:22,754: 	 Found CMSSW_9_3_2 for slc6_amd64_gcc630 with base /uscms_data/d3/samuellh/WorkingArea/TauAnalysis/CMSSW_9_3_2
DEBUG 2017-11-15 07:43:22,754: 	 Loading required information from the environment
DEBUG 2017-11-15 07:43:22,754: 	 Found CMSSW_9_3_2 for slc6_amd64_gcc630 with base /uscms_data/d3/samuellh/WorkingArea/TauAnalysis/CMSSW_9_3_2
DEBUG 2017-11-15 07:43:22,768: 	 UNIQUE NAME: tarUUID 1a490bf2-a1f6-4d2d-a150-556a1a8efba8 
DEBUG 2017-11-15 07:43:22,769: 	 self.config: from WMCore.Configuration import Configuration
config = Configuration()
config.section_('General')
config.section_('JobType')
config.JobType.psetName = '../../../TT-MC-Up.py'
config.JobType.pluginName = 'Analysis'
config.JobType.inputFiles = ['../../../Configuration/data/PhaseIISummer16_25nsV3_MC.db']
config.JobType.outputFiles = ['analysis.root']
config.JobType.allowUndistributedCMSSW = True
config.section_('Data')
config.Data.inputDataset = '/VBFToHHTo2B2Tau_SM_14TeV-madgraph-pythia8/PhaseIITDRFall17MiniAOD-PU200_93X_upgrade2023_realistic_v2-v1/MINIAODSIM'
config.Data.unitsPerJob = 1
config.Data.publication = False
config.Data.inputDBS = 'global'
config.Data.splitting = 'FileBased'
config.section_('Site')
config.Site.storageSite = 'T3_US_FNALLPC'
config.section_('User')
config.section_('Debug')

DEBUG 2017-11-15 07:43:22,769: 	 self.config.JobType.psetName: ../../../TT-MC-Up.py
INFO 2017-11-15 07:43:22,769: 	 Importing CMSSW configuration ../../../TT-MC-Up.py
INFO 2017-11-15 07:43:25,392: 	 Finished importing CMSSW configuration ../../../TT-MC-Up.py
DEBUG 2017-11-15 07:43:25,392: 	 Writing CMSSW configuration to /uscms_data/d3/samuellh/WorkingArea/TauAnalysis/CMSSW_9_3_2/src/PUAnalysis/VBFtt2017/crab/VBF61/crab_20171115_074315/inputs/PSet.py
DEBUG 2017-11-15 07:43:27,355: 	 The following EDM output files will be collected: []
DEBUG 2017-11-15 07:43:27,355: 	 The following TFile output files will be collected: ['analysis.root']
DEBUG 2017-11-15 07:43:27,355: 	 The following user output files will be collected: []
DEBUG 2017-11-15 07:43:27,356: 	 Loading required information from the environment
DEBUG 2017-11-15 07:43:27,356: 	 Found CMSSW_9_3_2 for slc6_amd64_gcc630 with base /uscms_data/d3/samuellh/WorkingArea/TauAnalysis/CMSSW_9_3_2
DEBUG 2017-11-15 07:43:27,356: 	 Making tarball in /uscms_data/d3/samuellh/WorkingArea/TauAnalysis/CMSSW_9_3_2/src/PUAnalysis/VBFtt2017/crab/VBF61/crab_20171115_074315/inputs/1a490bf2-a1f6-4d2d-a150-556a1a8efba8default.tgz
DEBUG 2017-11-15 07:43:27,371: 	 Checking directory /uscms_data/d3/samuellh/WorkingArea/TauAnalysis/CMSSW_9_3_2/lib
DEBUG 2017-11-15 07:43:27,371: 	 Adding directory /uscms_data/d3/samuellh/WorkingArea/TauAnalysis/CMSSW_9_3_2/lib to tarball
DEBUG 2017-11-15 07:43:28,237: 	 Checking directory /uscms_data/d3/samuellh/WorkingArea/TauAnalysis/CMSSW_9_3_2/biglib
DEBUG 2017-11-15 07:43:28,237: 	 Adding directory /uscms_data/d3/samuellh/WorkingArea/TauAnalysis/CMSSW_9_3_2/biglib to tarball
DEBUG 2017-11-15 07:43:28,240: 	 Checking directory /uscms_data/d3/samuellh/WorkingArea/TauAnalysis/CMSSW_9_3_2/module
DEBUG 2017-11-15 07:43:28,256: 	 Adding data directory /uscms_data/d3/samuellh/WorkingArea/TauAnalysis/CMSSW_9_3_2/src/PUAnalysis/Configuration/data to tarball
DEBUG 2017-11-15 07:43:30,809: 	 Adding data directory /uscms_data/d3/samuellh/WorkingArea/TauAnalysis/CMSSW_9_3_2/src/PUAnalysis/DataFormats/interface to tarball
DEBUG 2017-11-15 07:43:30,818: 	 Adding data directory /uscms_data/d3/samuellh/WorkingArea/TauAnalysis/CMSSW_9_3_2/src/PUAnalysis/NtupleTools/interface to tarball
DEBUG 2017-11-15 07:43:30,823: 	 Adding data directory /uscms_data/d3/samuellh/WorkingArea/TauAnalysis/CMSSW_9_3_2/src/PUAnalysis/RecoTools/interface to tarball
DEBUG 2017-11-15 07:43:31,132: 	 Adding file ../../../Configuration/data/PhaseIISummer16_25nsV3_MC.db to tarball
DEBUG 2017-11-15 07:43:31,689: 	 Uploading archive /uscms_data/d3/samuellh/WorkingArea/TauAnalysis/CMSSW_9_3_2/src/PUAnalysis/VBFtt2017/crab/VBF61/crab_20171115_074315/inputs/1a490bf2-a1f6-4d2d-a150-556a1a8efba8default.tgz (11 MB) to the CRAB cache. Using URI https://cmsweb.cern.ch/crabcache
DEBUG 2017-11-15 07:43:38,592: 	 Loading required information from the environment
DEBUG 2017-11-15 07:43:38,592: 	 Found CMSSW_9_3_2 for slc6_amd64_gcc630 with base /uscms_data/d3/samuellh/WorkingArea/TauAnalysis/CMSSW_9_3_2
DEBUG 2017-11-15 07:43:38,592: 	 Making tarball in /uscms_data/d3/samuellh/WorkingArea/TauAnalysis/CMSSW_9_3_2/src/PUAnalysis/VBFtt2017/crab/VBF61/crab_20171115_074315/inputs/debugFiles.tgz
DEBUG 2017-11-15 07:43:38,872: 	 Uploading archive /uscms_data/d3/samuellh/WorkingArea/TauAnalysis/CMSSW_9_3_2/src/PUAnalysis/VBFtt2017/crab/VBF61/crab_20171115_074315/inputs/debugFiles.tgz (2 KB) to the CRAB cache. Using URI https://cmsweb.cern.ch/crabcache
DEBUG 2017-11-15 07:43:40,732: 	 Result uploading input files: 4e198fb019d07e682a8bd09208595d4eb73bac82ae7f6e24154a54b4451cc952.tar.gz 
INFO 2017-11-15 07:43:40,732: 	 Sending the request to the server
DEBUG 2017-11-15 07:43:40,732: 	 Submitting {'maxjobruntime': 1250, 'extrajdl': [], 'ignorelocality': 0, 'savelogsflag': 0, 'useparent': 0, 'asyncdest': 'T3_US_FNALLPC', 'algoargs': 1, 'cachefilename': '4e198fb019d07e682a8bd09208595d4eb73bac82ae7f6e24154a54b4451cc952.tar.gz', 'numcores': 1, 'addoutputfiles': [], 'generator': 'pythia', 'maxmemory': 2000, 'publishdbsurl': 'https://cmsweb.cern.ch/dbs/prod/phys03/DBSWriter', 'priority': 10, 'jobsw': 'CMSSW_9_3_2', 'edmoutfiles': [], 'userfiles': [], 'primarydataset': '', 'inputdata': '/VBFToHHTo2B2Tau_SM_14TeV-madgraph-pythia8/PhaseIITDRFall17MiniAOD-PU200_93X_upgrade2023_realistic_v2-v1/MINIAODSIM', 'dryrun': 0, 'workflow': 'crab_20171115_074315', 'cacheurl': u'https://cmsweb.cern.ch/crabcache', 'nonprodsw': 1, 'tfileoutfiles': ['analysis.root'], 'oneEventMode': 0, 'debugfilename': '69a8b533505b33793797c192f73245275f0f334ebac6dcfbdeef9a73980c5d44.tar.gz', 'saveoutput': 1, 'publication': 0, 'jobarch': 'slc6_amd64_gcc630', 'totalunits': 0, 'splitalgo': 'FileBased', 'ignoreglobalblacklist': 0, 'nonvaliddata': 0, 'dbsurl': 'https://cmsweb.cern.ch/dbs/prod/global/DBSReader', 'publishgroupname': 0, 'jobtype': 'Analysis', 'publishname2': ''} 
DEBUG 2017-11-15 07:43:40,733: 	 Encoded submit request: maxjobruntime=1250&ignorelocality=0&savelogsflag=0&useparent=0&asyncdest=T3_US_FNALLPC&algoargs=1&cachefilename=4e198fb019d07e682a8bd09208595d4eb73bac82ae7f6e24154a54b4451cc952.tar.gz&numcores=1&generator=pythia&maxmemory=2000&publishdbsurl=https%3A%2F%2Fcmsweb.cern.ch%2Fdbs%2Fprod%2Fphys03%2FDBSWriter&priority=10&jobsw=CMSSW_9_3_2&primarydataset=&inputdata=%2FVBFToHHTo2B2Tau_SM_14TeV-madgraph-pythia8%2FPhaseIITDRFall17MiniAOD-PU200_93X_upgrade2023_realistic_v2-v1%2FMINIAODSIM&dryrun=0&workflow=crab_20171115_074315&cacheurl=https%3A%2F%2Fcmsweb.cern.ch%2Fcrabcache&nonprodsw=1&oneEventMode=0&debugfilename=69a8b533505b33793797c192f73245275f0f334ebac6dcfbdeef9a73980c5d44.tar.gz&saveoutput=1&publication=0&jobarch=slc6_amd64_gcc630&totalunits=0&splitalgo=FileBased&ignoreglobalblacklist=0&nonvaliddata=0&dbsurl=https%3A%2F%2Fcmsweb.cern.ch%2Fdbs%2Fprod%2Fglobal%2FDBSReader&publishgroupname=0&jobtype=Analysis&publishname2=&tfileoutfiles=analysis.root
DEBUG 2017-11-15 07:43:42,389: 	 Result: {u'result': [{u'RequestName': u'171115_134342:shigginb_crab_20171115_074315'}]}
INFO 2017-11-15 07:43:42,393: 	 Success: Your task has been delivered to the CRAB3 server.
INFO 2017-11-15 07:43:42,393: 	 Task name: 171115_134342:shigginb_crab_20171115_074315
INFO 2017-11-15 07:43:42,394: 	 Please use 'crab status' to check how the submission process proceeds.
DEBUG 2017-11-15 07:43:42,394: 	 About to return
INFO 2017-11-15 07:43:42,444: 	 Log file is /uscms_data/d3/samuellh/WorkingArea/TauAnalysis/CMSSW_9_3_2/src/PUAnalysis/VBFtt2017/crab/VBF61/crab_20171115_074315/crab.log
DEBUG 2017-11-15 08:06:58,316: 	 Executing command: 'status'
DEBUG 2017-11-15 08:06:58,316: 	 Found CRAB cache file /uscms/home/samuellh/.crab3
DEBUG 2017-11-15 08:06:58,323: 	 Checking credentials
DEBUG 2017-11-15 08:06:58,323: 	 Found proxy file /tmp/x509up_u52190
DEBUG 2017-11-15 08:06:58,323: 	 Getting proxy life time left
DEBUG 2017-11-15 08:06:58,426: 	 Executing : 
 command : voms-proxy-info -file /tmp/x509up_u52190 -timeleft
 output : 80865

 error: 
 retcode : 0
DEBUG 2017-11-15 08:06:58,530: 	 Executing : 
 command : voms-proxy-info -file /tmp/x509up_u52190 -actimeleft
 output : 80864

 error: 
 retcode : 0
DEBUG 2017-11-15 08:06:58,530: 	 Proxy valid for 22:27:45 hours
DEBUG 2017-11-15 08:06:58,644: 	 Executing : 
 command : openssl x509 -in ~/.globus/usercert.pem -subject -noout
 output : subject= /DC=ch/DC=cern/OU=Organic Units/OU=Users/CN=shigginb/CN=785176/CN=Sam Higginbotham

 error: 
 retcode : 0
DEBUG 2017-11-15 08:06:58,644: 	 Checking credentials
DEBUG 2017-11-15 08:06:58,644: 	 Found proxy file /tmp/x509up_u52190
DEBUG 2017-11-15 08:06:58,644: 	 Getting proxy life time left
DEBUG 2017-11-15 08:06:58,748: 	 Executing : 
 command : voms-proxy-info -file /tmp/x509up_u52190 -timeleft
 output : 80865

 error: 
 retcode : 0
DEBUG 2017-11-15 08:06:58,851: 	 Executing : 
 command : voms-proxy-info -file /tmp/x509up_u52190 -actimeleft
 output : 80864

 error: 
 retcode : 0
DEBUG 2017-11-15 08:06:58,851: 	 Proxy valid for 22:27:45 hours
DEBUG 2017-11-15 08:07:00,850: 	 Registering user credentials for server /DC=ch/DC=cern/OU=computers/CN=vocms(045|052|021|031|0118|0118a|0119|0108|0105|0109).cern.ch
DEBUG 2017-11-15 08:07:00,958: 	 Executing : 
 command : openssl x509 -in ~/.globus/usercert.pem -subject -noout
 output : subject= /DC=ch/DC=cern/OU=Organic Units/OU=Users/CN=shigginb/CN=785176/CN=Sam Higginbotham

 error: 
 retcode : 0
DEBUG 2017-11-15 08:07:00,958: 	 Getting myproxy life time left for myproxy.cern.ch
DEBUG 2017-11-15 08:07:00,958: 	 Calculating hash of /DC=ch/DC=cern/OU=Organic Units/OU=Users/CN=shigginb/CN=785176/CN=Sam Higginbotham_cmsweb.cern.ch for credential name
DEBUG 2017-11-15 08:07:01,663: 	 Executing : 
 command : myproxy-info -l 2f318c7a260d78734589f2cc772d26b8be79ec6c -s myproxy.cern.ch
 output : username: 2f318c7a260d78734589f2cc772d26b8be79ec6c
owner: /DC=ch/DC=cern/OU=Organic Units/OU=Users/CN=shigginb/CN=785176/CN=Sam Higginbotham
  renewal policy: /DC=ch/DC=cern/OU=computers/CN=vocms(045|052|021|031|0118|0118a|0119|0108|0105|0109).cern.ch
  trusted retrieval policy: /DC=ch/DC=cern/OU=computers/CN=vocms(045|052|021|031|0118|0118a|0119|0108|0105|0109).cern.ch
  timeleft: 431:16:40  (18.0 days)

 error: 
 retcode : 0
DEBUG 2017-11-15 08:07:01,664: 	 Myproxy is valid: 1552600
DEBUG 2017-11-15 08:07:01,664: 	 Command use: status
DEBUG 2017-11-15 08:07:01,664: 	 Options use: ['-d', 'crab_20171115_074315/']
DEBUG 2017-11-15 08:07:03,349: 	 CRABClient version: 3.3.1707.patch1
DEBUG 2017-11-15 08:07:03,349: 	 Instance is prod
DEBUG 2017-11-15 08:07:03,349: 	 Server base url is cmsweb.cern.ch
DEBUG 2017-11-15 08:07:03,349: 	 Command url /crabserver/prod/workflow
DEBUG 2017-11-15 08:07:05,164: 	 Got information from server oracle database: {u'result': [u'171115_134342:shigginb_crab_20171115_074315', u'None', u'SUBMITTED', u'2017-11-15 13:43:42.328566', u'None', u'2017-11-15 13:44:21.761117', u'None', u'CMSSW_9_3_2', u'slc6_amd64_gcc630', u'/VBFToHHTo2B2Tau_SM_14TeV-madgraph-pythia8/PhaseIITDRFall17MiniAOD-PU200_93X_upgrade2023_realistic_v2-v1/MINIAODSIM', u'[]', u'[]', u'FileBased', u"{'splitOnRun': False, 'halt_job_on_file_boundaries': False, 'files_per_job': 1, 'runs': [], 'lumis': []}", u'0', u'4e198fb019d07e682a8bd09208595d4eb73bac82ae7f6e24154a54b4451cc952.tar.gz', u'https://cmsweb.cern.ch/crabcache', u'shigginb', u'/DC=ch/DC=cern/OU=Organic Units/OU=Users/CN=shigginb/CN=785176/CN=Sam Higginbotham', u'cms', u'None', u'None', u'crab_20171115_074315-00000000000000000000000000000000', u'T3_US_FNALLPC', u'https://cmsweb.cern.ch/dbs/prod/global/DBSReader', u'https://cmsweb.cern.ch/dbs/prod/phys03/DBSWriter', u'F', u'Analysis', u'{}', u'[]', u'F', u'vocms052', u'[]', u'1250', u'1', u'2000', u'10', u'None', u'http://vocms0195.cern.ch/mon/cms1359/171115_134342:shigginb_crab_20171115_074315', u'None', u'None', u'[]', u'[]', u'[]', u'pythia', u'[]', u"['analysis.root']", u'[]', u'https://cmsweb.cern.ch/crabserver/prod', u'None', u'0', u'cmssrv221.fnal.gov:9620', u'crab3@vocms0195.cern.ch', u'F', u'[]', u'T', u'/store/user/shigginb/', u'F', u'None', u'F', u'F', u'F', u'None', u'VBFToHHTo2B2Tau_SM_14TeV-madgraph-pythia8', u'filetransfers', u'SUBMIT', u'14130122', u'69a8b533505b33793797c192f73245275f0f334ebac6dcfbdeef9a73980c5d44.tar.gz', u'131.225.190.56', u'F', u'None'], u'desc': {u'columns': [u'tm_taskname', u'panda_jobset_id', u'tm_task_status', u'tm_start_time', u'tm_start_injection', u'tm_end_injection', u'tm_task_failure', u'tm_job_sw', u'tm_job_arch', u'tm_input_dataset', u'tm_site_whitelist', u'tm_site_blacklist', u'tm_split_algo', u'tm_split_args', u'tm_totalunits', u'tm_user_sandbox', u'tm_cache_url', u'tm_username', u'tm_user_dn', u'tm_user_vo', u'tm_user_role', u'tm_user_group', u'tm_publish_name', u'tm_asyncdest', u'tm_dbs_url', u'tm_publish_dbs_url', u'tm_publication', u'tm_job_type', u'tm_arguments', u'panda_resubmitted_jobs', u'tm_save_logs', u'tw_name', u'tm_user_infiles', u'tm_maxjobruntime', u'tm_numcores', u'tm_maxmemory', u'tm_priority', u'tm_output_dataset', u'tm_user_webdir', u'tm_activity', u'tm_scriptexe', u'tm_scriptargs', u'tm_extrajdl', u'tm_task_warnings', u'tm_generator', u'tm_outfiles', u'tm_tfile_outfiles', u'tm_edm_outfiles', u'tm_asourl', u'tm_events_per_lumi', u'tm_use_parent', u'tm_collector', u'tm_schedd', u'tm_dry_run', u'tm_user_files', u'tm_transfer_outputs', u'tm_output_lfn', u'tm_ignore_locality', u'tm_fail_limit', u'tm_one_event_mode', u'tm_publish_groupname', u'tm_nonvalid_input_dataset', u'tm_secondary_input_dataset', u'tm_primary_dataset', u'tm_asodb', u'tm_task_command', u'clusterid', u'tm_debug_files', u'tm_submitter_ip_addr', u'tm_ignore_global_blacklist', u'tm_last_publication']}}
INFO 2017-11-15 08:07:05,164: 	 CRAB project directory:		/uscms_data/d3/samuellh/WorkingArea/TauAnalysis/CMSSW_9_3_2/src/PUAnalysis/VBFtt2017/crab/VBF61/crab_20171115_074315
INFO 2017-11-15 08:07:05,164: 	 Task name:			171115_134342:shigginb_crab_20171115_074315
INFO 2017-11-15 08:07:05,164: 	 Grid scheduler:			crab3@vocms0195.cern.ch
INFO 2017-11-15 08:07:05,164: 	 Status on the CRAB server:	SUBMITTED
INFO 2017-11-15 08:07:05,165: 	 Task URL to use for HELP:	https://cmsweb.cern.ch/crabserver/ui/task/171115_134342%3Ashigginb_crab_20171115_074315
INFO 2017-11-15 08:07:05,165: 	 Dashboard monitoring URL:	http://dashb-cms-job.cern.ch/dashboard/templates/task-analysis/#user=shigginb&refresh=0&table=Jobs&p=1&records=25&activemenu=2&status=&site=&tid=171115_134342%3Ashigginb_crab_20171115_074315
DEBUG 2017-11-15 08:07:05,165: 	 The CRAB server submitted your task to the Grid scheduler (cluster ID: 14130122)
DEBUG 2017-11-15 08:07:05,165: 	 Webdir is located at http://vocms0195.cern.ch/mon/cms1359/171115_134342:shigginb_crab_20171115_074315
DEBUG 2017-11-15 08:07:06,811: 	 Proxied webdir is located at https://cmsweb.cern.ch/scheddmon/0195/cms1359/171115_134342:shigginb_crab_20171115_074315
DEBUG 2017-11-15 08:07:06,812: 	 Retrieving 'status_cache' file from https://cmsweb.cern.ch/scheddmon/0195/cms1359/171115_134342:shigginb_crab_20171115_074315/status_cache
DEBUG 2017-11-15 08:07:08,561: 	 Got information from status cache file: {'1': {'Retries': 0, 'WallDurations': [390.0], 'StartTimes': [1510753550.0], 'SubmitTimes': [1510753474.0], 'JobIds': ['14130167.0'], 'EndTimes': [1510753940.0], 'Restarts': 0, 'RecordedSite': False, 'State': 'finished', 'ResidentSetSize': [1751344], 'TotalUserCpuTimeHistory': [319], 'SiteHistory': ['Unknown'], 'TotalSysCpuTimeHistory': [6]}, '3': {'Retries': 0, 'WallDurations': [310.0], 'StartTimes': [1510753548.0], 'SubmitTimes': [1510753474.0], 'JobIds': ['14130163.0'], 'EndTimes': [], 'Restarts': 0, 'RecordedSite': False, 'State': 'running', 'ResidentSetSize': [734024], 'TotalUserCpuTimeHistory': [0], 'SiteHistory': ['Unknown'], 'TotalSysCpuTimeHistory': [0]}, '2': {'Retries': 0, 'WallDurations': [76.0], 'StartTimes': [1510753551.0], 'SubmitTimes': [1510753474.0], 'JobIds': ['14130162.0'], 'EndTimes': [1510753627.0], 'Restarts': 0, 'RecordedSite': False, 'State': 'finished', 'ResidentSetSize': [275828], 'TotalUserCpuTimeHistory': [52], 'SiteHistory': ['Unknown'], 'TotalSysCpuTimeHistory': [3]}, '5': {'Retries': 0, 'WallDurations': [558.0], 'StartTimes': [1510753652.0], 'SubmitTimes': [1510753474.0], 'JobIds': ['14130164.0'], 'EndTimes': [1510754210.0], 'Restarts': 0, 'RecordedSite': False, 'State': 'finished', 'ResidentSetSize': [1825016], 'TotalUserCpuTimeHistory': [457], 'SiteHistory': ['Unknown'], 'TotalSysCpuTimeHistory': [10]}, '4': {'Retries': 0, 'WallDurations': [610.0], 'StartTimes': [1510753550.0], 'SubmitTimes': [1510753474.0], 'JobIds': ['14130166.0'], 'EndTimes': [], 'Restarts': 0, 'RecordedSite': False, 'State': 'running', 'ResidentSetSize': [752104], 'TotalUserCpuTimeHistory': [0], 'SiteHistory': ['Unknown'], 'TotalSysCpuTimeHistory': [0]}, '6': {'Retries': 0, 'WallDurations': [221.0], 'StartTimes': [1510753552.0], 'SubmitTimes': [1510753474.0], 'JobIds': ['14130165.0'], 'EndTimes': [1510753773.0], 'Restarts': 0, 'RecordedSite': False, 'State': 'finished', 'ResidentSetSize': [2760], 'TotalUserCpuTimeHistory': [166], 'SiteHistory': ['Unknown'], 'TotalSysCpuTimeHistory': [7]}}
INFO 2017-11-15 08:07:08,561: 	 Status on the scheduler:	SUBMITTED
INFO 2017-11-15 08:07:08,561: 	 
Jobs status:                    finished       66.7% (4/6)
INFO 2017-11-15 08:07:08,562: 	 				running        33.3% (2/6)
INFO 2017-11-15 08:07:08,562: 	 
No publication information (publication has been disabled in the CRAB configuration file)
INFO 2017-11-15 08:07:08,677: 	 Log file is /uscms_data/d3/samuellh/WorkingArea/TauAnalysis/CMSSW_9_3_2/src/PUAnalysis/VBFtt2017/crab/VBF61/crab_20171115_074315/crab.log
DEBUG 2017-11-15 09:19:54,784: 	 Executing command: 'status'
DEBUG 2017-11-15 09:19:54,785: 	 Found CRAB cache file /uscms/home/samuellh/.crab3
DEBUG 2017-11-15 09:19:54,792: 	 Checking credentials
DEBUG 2017-11-15 09:19:54,792: 	 Found proxy file /tmp/x509up_u52190
DEBUG 2017-11-15 09:19:54,792: 	 Getting proxy life time left
DEBUG 2017-11-15 09:19:54,896: 	 Executing : 
 command : voms-proxy-info -file /tmp/x509up_u52190 -timeleft
 output : 76489

 error: 
 retcode : 0
DEBUG 2017-11-15 09:19:54,999: 	 Executing : 
 command : voms-proxy-info -file /tmp/x509up_u52190 -actimeleft
 output : 76488

 error: 
 retcode : 0
DEBUG 2017-11-15 09:19:54,999: 	 Proxy valid for 21:14:49 hours
DEBUG 2017-11-15 09:19:55,113: 	 Executing : 
 command : openssl x509 -in ~/.globus/usercert.pem -subject -noout
 output : subject= /DC=ch/DC=cern/OU=Organic Units/OU=Users/CN=shigginb/CN=785176/CN=Sam Higginbotham

 error: 
 retcode : 0
DEBUG 2017-11-15 09:19:55,113: 	 Checking credentials
DEBUG 2017-11-15 09:19:55,113: 	 Found proxy file /tmp/x509up_u52190
DEBUG 2017-11-15 09:19:55,113: 	 Getting proxy life time left
DEBUG 2017-11-15 09:19:55,217: 	 Executing : 
 command : voms-proxy-info -file /tmp/x509up_u52190 -timeleft
 output : 76488

 error: 
 retcode : 0
DEBUG 2017-11-15 09:19:55,320: 	 Executing : 
 command : voms-proxy-info -file /tmp/x509up_u52190 -actimeleft
 output : 76487

 error: 
 retcode : 0
DEBUG 2017-11-15 09:19:55,321: 	 Proxy valid for 21:14:48 hours
DEBUG 2017-11-15 09:19:57,083: 	 Registering user credentials for server /DC=ch/DC=cern/OU=computers/CN=vocms(045|052|021|031|0118|0118a|0119|0108|0105|0109).cern.ch
DEBUG 2017-11-15 09:19:57,191: 	 Executing : 
 command : openssl x509 -in ~/.globus/usercert.pem -subject -noout
 output : subject= /DC=ch/DC=cern/OU=Organic Units/OU=Users/CN=shigginb/CN=785176/CN=Sam Higginbotham

 error: 
 retcode : 0
DEBUG 2017-11-15 09:19:57,191: 	 Getting myproxy life time left for myproxy.cern.ch
DEBUG 2017-11-15 09:19:57,191: 	 Calculating hash of /DC=ch/DC=cern/OU=Organic Units/OU=Users/CN=shigginb/CN=785176/CN=Sam Higginbotham_cmsweb.cern.ch for credential name
DEBUG 2017-11-15 09:19:57,896: 	 Executing : 
 command : myproxy-info -l 2f318c7a260d78734589f2cc772d26b8be79ec6c -s myproxy.cern.ch
 output : username: 2f318c7a260d78734589f2cc772d26b8be79ec6c
owner: /DC=ch/DC=cern/OU=Organic Units/OU=Users/CN=shigginb/CN=785176/CN=Sam Higginbotham
  renewal policy: /DC=ch/DC=cern/OU=computers/CN=vocms(045|052|021|031|0118|0118a|0119|0108|0105|0109).cern.ch
  trusted retrieval policy: /DC=ch/DC=cern/OU=computers/CN=vocms(045|052|021|031|0118|0118a|0119|0108|0105|0109).cern.ch
  timeleft: 430:03:44  (17.9 days)

 error: 
 retcode : 0
DEBUG 2017-11-15 09:19:57,898: 	 Myproxy is valid: 1548224
DEBUG 2017-11-15 09:19:57,898: 	 Command use: status
DEBUG 2017-11-15 09:19:57,898: 	 Options use: ['-d', 'crab_20171115_074315/']
DEBUG 2017-11-15 09:19:59,619: 	 CRABClient version: 3.3.1707.patch1
DEBUG 2017-11-15 09:19:59,619: 	 Instance is prod
DEBUG 2017-11-15 09:19:59,619: 	 Server base url is cmsweb.cern.ch
DEBUG 2017-11-15 09:19:59,619: 	 Command url /crabserver/prod/workflow
DEBUG 2017-11-15 09:20:01,267: 	 Got information from server oracle database: {u'result': [u'171115_134342:shigginb_crab_20171115_074315', u'None', u'SUBMITTED', u'2017-11-15 13:43:42.328566', u'None', u'2017-11-15 13:44:21.761117', u'None', u'CMSSW_9_3_2', u'slc6_amd64_gcc630', u'/VBFToHHTo2B2Tau_SM_14TeV-madgraph-pythia8/PhaseIITDRFall17MiniAOD-PU200_93X_upgrade2023_realistic_v2-v1/MINIAODSIM', u'[]', u'[]', u'FileBased', u"{'splitOnRun': False, 'halt_job_on_file_boundaries': False, 'files_per_job': 1, 'runs': [], 'lumis': []}", u'0', u'4e198fb019d07e682a8bd09208595d4eb73bac82ae7f6e24154a54b4451cc952.tar.gz', u'https://cmsweb.cern.ch/crabcache', u'shigginb', u'/DC=ch/DC=cern/OU=Organic Units/OU=Users/CN=shigginb/CN=785176/CN=Sam Higginbotham', u'cms', u'None', u'None', u'crab_20171115_074315-00000000000000000000000000000000', u'T3_US_FNALLPC', u'https://cmsweb.cern.ch/dbs/prod/global/DBSReader', u'https://cmsweb.cern.ch/dbs/prod/phys03/DBSWriter', u'F', u'Analysis', u'{}', u'[]', u'F', u'vocms052', u'[]', u'1250', u'1', u'2000', u'10', u'None', u'http://vocms0195.cern.ch/mon/cms1359/171115_134342:shigginb_crab_20171115_074315', u'None', u'None', u'[]', u'[]', u'[]', u'pythia', u'[]', u"['analysis.root']", u'[]', u'https://cmsweb.cern.ch/crabserver/prod', u'None', u'0', u'cmssrv221.fnal.gov:9620', u'crab3@vocms0195.cern.ch', u'F', u'[]', u'T', u'/store/user/shigginb/', u'F', u'None', u'F', u'F', u'F', u'None', u'VBFToHHTo2B2Tau_SM_14TeV-madgraph-pythia8', u'filetransfers', u'SUBMIT', u'14130122', u'69a8b533505b33793797c192f73245275f0f334ebac6dcfbdeef9a73980c5d44.tar.gz', u'131.225.190.56', u'F', u'None'], u'desc': {u'columns': [u'tm_taskname', u'panda_jobset_id', u'tm_task_status', u'tm_start_time', u'tm_start_injection', u'tm_end_injection', u'tm_task_failure', u'tm_job_sw', u'tm_job_arch', u'tm_input_dataset', u'tm_site_whitelist', u'tm_site_blacklist', u'tm_split_algo', u'tm_split_args', u'tm_totalunits', u'tm_user_sandbox', u'tm_cache_url', u'tm_username', u'tm_user_dn', u'tm_user_vo', u'tm_user_role', u'tm_user_group', u'tm_publish_name', u'tm_asyncdest', u'tm_dbs_url', u'tm_publish_dbs_url', u'tm_publication', u'tm_job_type', u'tm_arguments', u'panda_resubmitted_jobs', u'tm_save_logs', u'tw_name', u'tm_user_infiles', u'tm_maxjobruntime', u'tm_numcores', u'tm_maxmemory', u'tm_priority', u'tm_output_dataset', u'tm_user_webdir', u'tm_activity', u'tm_scriptexe', u'tm_scriptargs', u'tm_extrajdl', u'tm_task_warnings', u'tm_generator', u'tm_outfiles', u'tm_tfile_outfiles', u'tm_edm_outfiles', u'tm_asourl', u'tm_events_per_lumi', u'tm_use_parent', u'tm_collector', u'tm_schedd', u'tm_dry_run', u'tm_user_files', u'tm_transfer_outputs', u'tm_output_lfn', u'tm_ignore_locality', u'tm_fail_limit', u'tm_one_event_mode', u'tm_publish_groupname', u'tm_nonvalid_input_dataset', u'tm_secondary_input_dataset', u'tm_primary_dataset', u'tm_asodb', u'tm_task_command', u'clusterid', u'tm_debug_files', u'tm_submitter_ip_addr', u'tm_ignore_global_blacklist', u'tm_last_publication']}}
INFO 2017-11-15 09:20:01,268: 	 CRAB project directory:		/uscms_data/d3/samuellh/WorkingArea/TauAnalysis/CMSSW_9_3_2/src/PUAnalysis/VBFtt2017/crab/VBF61/crab_20171115_074315
INFO 2017-11-15 09:20:01,268: 	 Task name:			171115_134342:shigginb_crab_20171115_074315
INFO 2017-11-15 09:20:01,268: 	 Grid scheduler:			crab3@vocms0195.cern.ch
INFO 2017-11-15 09:20:01,268: 	 Status on the CRAB server:	SUBMITTED
INFO 2017-11-15 09:20:01,268: 	 Task URL to use for HELP:	https://cmsweb.cern.ch/crabserver/ui/task/171115_134342%3Ashigginb_crab_20171115_074315
INFO 2017-11-15 09:20:01,268: 	 Dashboard monitoring URL:	http://dashb-cms-job.cern.ch/dashboard/templates/task-analysis/#user=shigginb&refresh=0&table=Jobs&p=1&records=25&activemenu=2&status=&site=&tid=171115_134342%3Ashigginb_crab_20171115_074315
DEBUG 2017-11-15 09:20:01,268: 	 The CRAB server submitted your task to the Grid scheduler (cluster ID: 14130122)
DEBUG 2017-11-15 09:20:01,268: 	 Webdir is located at http://vocms0195.cern.ch/mon/cms1359/171115_134342:shigginb_crab_20171115_074315
DEBUG 2017-11-15 09:20:03,061: 	 Proxied webdir is located at https://cmsweb.cern.ch/scheddmon/0195/cms1359/171115_134342:shigginb_crab_20171115_074315
DEBUG 2017-11-15 09:20:03,061: 	 Retrieving 'status_cache' file from https://cmsweb.cern.ch/scheddmon/0195/cms1359/171115_134342:shigginb_crab_20171115_074315/status_cache
DEBUG 2017-11-15 09:20:04,669: 	 Got information from status cache file: {'1': {'Retries': 0, 'WallDurations': [390.0], 'StartTimes': [1510753550.0], 'SubmitTimes': [1510753474.0], 'JobIds': ['14130167.0'], 'EndTimes': [1510753940.0], 'Restarts': 0, 'RecordedSite': False, 'State': 'finished', 'ResidentSetSize': [1751344], 'TotalUserCpuTimeHistory': [319], 'SiteHistory': ['Unknown'], 'TotalSysCpuTimeHistory': [6]}, '3': {'Retries': 0, 'WallDurations': [3588.0], 'StartTimes': [1510753548.0], 'SubmitTimes': [1510753474.0], 'JobIds': ['14130163.0'], 'EndTimes': [1510757136.0], 'Restarts': 0, 'RecordedSite': False, 'State': 'finished', 'ResidentSetSize': [742932], 'TotalUserCpuTimeHistory': [148], 'SiteHistory': ['Unknown'], 'TotalSysCpuTimeHistory': [13]}, '2': {'Retries': 0, 'WallDurations': [76.0], 'StartTimes': [1510753551.0], 'SubmitTimes': [1510753474.0], 'JobIds': ['14130162.0'], 'EndTimes': [1510753627.0], 'Restarts': 0, 'RecordedSite': False, 'State': 'finished', 'ResidentSetSize': [275828], 'TotalUserCpuTimeHistory': [52], 'SiteHistory': ['Unknown'], 'TotalSysCpuTimeHistory': [3]}, '5': {'Retries': 0, 'WallDurations': [558.0], 'StartTimes': [1510753652.0], 'SubmitTimes': [1510753474.0], 'JobIds': ['14130164.0'], 'EndTimes': [1510754210.0], 'Restarts': 0, 'RecordedSite': False, 'State': 'finished', 'ResidentSetSize': [1825016], 'TotalUserCpuTimeHistory': [457], 'SiteHistory': ['Unknown'], 'TotalSysCpuTimeHistory': [10]}, '4': {'Retries': 0, 'WallDurations': [1329.0], 'StartTimes': [1510753550.0], 'SubmitTimes': [1510753474.0], 'JobIds': ['14130166.0'], 'EndTimes': [1510754879.0], 'Restarts': 0, 'RecordedSite': False, 'State': 'finished', 'ResidentSetSize': [752104], 'TotalUserCpuTimeHistory': [131], 'SiteHistory': ['Unknown'], 'TotalSysCpuTimeHistory': [15]}, '6': {'Retries': 0, 'WallDurations': [221.0], 'StartTimes': [1510753552.0], 'SubmitTimes': [1510753474.0], 'JobIds': ['14130165.0'], 'EndTimes': [1510753773.0], 'Restarts': 0, 'RecordedSite': False, 'State': 'finished', 'ResidentSetSize': [2760], 'TotalUserCpuTimeHistory': [166], 'SiteHistory': ['Unknown'], 'TotalSysCpuTimeHistory': [7]}}
INFO 2017-11-15 09:20:04,670: 	 Status on the scheduler:	COMPLETED
INFO 2017-11-15 09:20:04,670: 	 
Jobs status:                    finished      100.0% (6/6)
INFO 2017-11-15 09:20:04,670: 	 
No publication information (publication has been disabled in the CRAB configuration file)
INFO 2017-11-15 09:20:04,680: 	 Log file is /uscms_data/d3/samuellh/WorkingArea/TauAnalysis/CMSSW_9_3_2/src/PUAnalysis/VBFtt2017/crab/VBF61/crab_20171115_074315/crab.log
