('The system path in the config file ', ['/cvmfs/cms.cern.ch/crab3/slc6_amd64_gcc493/cms/crabclient/3.3.1707.patch1/bin', '/uscms_data/d3/samuellh/WorkingArea/TauAnalysis/CMSSW_9_3_2/python', '/uscms_data/d3/samuellh/WorkingArea/TauAnalysis/CMSSW_9_3_2/lib/slc6_amd64_gcc630', '/cvmfs/cms.cern.ch/slc6_amd64_gcc630/cms/cmssw/CMSSW_9_3_2/python', '/cvmfs/cms.cern.ch/slc6_amd64_gcc630/cms/cmssw/CMSSW_9_3_2/lib/slc6_amd64_gcc630', '/cvmfs/cms.cern.ch/slc6_amd64_gcc630/cms/coral/CORAL_2_3_21-ghjeda6/slc6_amd64_gcc630/python', '/cvmfs/cms.cern.ch/slc6_amd64_gcc630/cms/coral/CORAL_2_3_21-ghjeda6/slc6_amd64_gcc630/lib', '/cvmfs/cms.cern.ch/slc6_amd64_gcc630/external/professor2/2.2.1-ghjeda6/lib/python2.7/site-packages', '/cvmfs/cms.cern.ch/slc6_amd64_gcc630/external/pyqt/4.11.4-mlhled2/lib/python2.7/site-packages', '/cvmfs/cms.cern.ch/slc6_amd64_gcc630/external/sherpa/2.2.4-ghjeda/lib/python2.7/site-packages', '/cvmfs/cms.cern.ch/slc6_amd64_gcc630/external/rivet/2.5.2-ghjeda4/lib/python2.7/site-packages', '/cvmfs/cms.cern.ch/slc6_amd64_gcc630/external/python-ldap/2.4.10-mlhled2/lib/python2.7/site-packages', '/cvmfs/cms.cern.ch/slc6_amd64_gcc630/external/py2-matplotlib/1.5.2-njopjo/lib/python2.7/site-packages', '/cvmfs/cms.cern.ch/slc6_amd64_gcc630/external/sip/4.17-mlhled2/lib/python2.7/site-packages', '/cvmfs/cms.cern.ch/slc6_amd64_gcc630/external/llvm/4.0.0-njopjo/lib64/python2.7/site-packages', '/cvmfs/cms.cern.ch/slc6_amd64_gcc630/external/py2-sqlalchemy/1.1.4-mlhled2/lib/python2.7/site-packages', '/cvmfs/cms.cern.ch/slc6_amd64_gcc630/external/py2-lint/0.25.1-mlhled2/lib/python2.7/site-packages', '/cvmfs/cms.cern.ch/slc6_amd64_gcc630/external/py2-dxr/1.0-ghjeda6/lib/python2.7/site-packages', '/cvmfs/cms.cern.ch/slc6_amd64_gcc630/external/py2-cx-oracle/5.2.1-mlhled2/lib/python2.7/site-packages', '/cvmfs/cms.cern.ch/slc6_amd64_gcc630/external/py2-numpy/1.12.1-mlhled2/lib/python2.7/site-packages', '/cvmfs/cms.cern.ch/slc6_amd64_gcc630/external/frontier_client/2.8.20-mlhled2/python/lib', '/cvmfs/cms.cern.ch/slc6_amd64_gcc630/cms/das_client/v03.01.00-mlhled2/bin', '/cvmfs/cms.cern.ch/slc6_amd64_gcc630/external/xrootd/4.6.1/lib/python2.7/site-packages', '/cvmfs/cms.cern.ch/slc6_amd64_gcc630/external/yoda/1.6.5-ghjeda4/lib/python2.7/site-packages', '/cvmfs/cms.cern.ch/slc6_amd64_gcc630/lcg/root/6.10.04-ghjeda/lib', '/cvmfs/cms.cern.ch/slc6_amd64_gcc630/external/pyminuit2/0.0.1-ghjeda4/lib/python2.7/site-packages', '/cvmfs/cms.cern.ch/slc6_amd64_gcc630/external/py2-PyYAML/3.11-mlhled2/lib/python2.7/site-packages', '/cvmfs/cms.cern.ch/slc6_amd64_gcc630/external/py2-pygithub/1.23.0-mlhled2/lib/python2.7/site-packages', '/cvmfs/cms.cern.ch/slc6_amd64_gcc630/external/py2-pip/9.0.1-mlhled2/lib/python2.7/site-packages', '/cvmfs/cms.cern.ch/slc6_amd64_gcc630/external/py2-dablooms/0.9.1-mlhled2/lib/python2.7/site-packages', '/cvmfs/cms.cern.ch/slc6_amd64_gcc630/external/py2-pippkgs_depscipy/3.0-ghjeda6/lib/python2.7/site-packages', '/cvmfs/cms.cern.ch/slc6_amd64_gcc630/external/py2-pippkgs/5.0-ghjeda6/lib/python2.7/site-packages', '/cvmfs/cms.cern.ch/slc6_amd64_gcc630/external/professor/1.4.0-ghjeda4/lib/python2.7/site-packages', '/cvmfs/cms.cern.ch/slc6_amd64_gcc630/cms/dbs-client/DBS_2_1_9-mlhled2/lib', '/cvmfs/cms.cern.ch/slc6_amd64_gcc630/cms/dbs-client/DBS_2_1_9-mlhled2/lib/DBSAPI', '/cvmfs/cms.cern.ch/slc6_amd64_gcc630/external/cvs2git/5419-mlhled2/lib', '/cvmfs/cms.cern.ch/crab3/slc6_amd64_gcc493/cms/crabclient/3.3.1707.patch1/lib/python2.7/site-packages', '/cvmfs/cms.cern.ch/crab3/slc6_amd64_gcc493/cms/dbs3-client/3.4.4/lib/python2.7/site-packages', '/cvmfs/cms.cern.ch/crab3/slc6_amd64_gcc493/cms/dbs3-pycurl-client/3.4.4/lib/python2.7/site-packages', '/cvmfs/cms.cern.ch/slc6_amd64_gcc630/external/py2-sqlalchemy/1.1.4-mlhled2/lib/python2.7/site-packages/SQLAlchemy-1.1.4-py2.7-linux-x86_64.egg', '/cvmfs/cms.cern.ch/slc6_amd64_gcc630/external/py2-numpy/1.12.1-mlhled2/lib/python2.7/site-packages/numpy-1.12.1-py2.7-linux-x86_64.egg', '/cvmfs/cms.cern.ch/slc6_amd64_gcc630/external/python/2.7.11-mlhled2/lib/python27.zip', '/cvmfs/cms.cern.ch/slc6_amd64_gcc630/external/python/2.7.11-mlhled2/lib/python2.7', '/cvmfs/cms.cern.ch/slc6_amd64_gcc630/external/python/2.7.11-mlhled2/lib/python2.7/plat-linux2', '/cvmfs/cms.cern.ch/slc6_amd64_gcc630/external/python/2.7.11-mlhled2/lib/python2.7/lib-tk', '/cvmfs/cms.cern.ch/slc6_amd64_gcc630/external/python/2.7.11-mlhled2/lib/python2.7/lib-old', '/cvmfs/cms.cern.ch/slc6_amd64_gcc630/external/python/2.7.11-mlhled2/lib/python2.7/lib-dynload', '/cvmfs/cms.cern.ch/slc6_amd64_gcc630/external/python/2.7.11-mlhled2/lib/python2.7/site-packages', '/uscms_data/d3/samuellh/WorkingArea/TauAnalysis/CMSSW_9_3_2/src/PUAnalysis/VBFtt2017/crab/VBF16'])
 ##################################################################### 
 # WARNING: the module CondCore.DBCommon.CondDBSetup is deprecated.  # 
 # Please import CondCore.CondDB.CondDB_cfi                          # 
 ##################################################################### 
recorrecting the jets
List Of Filters
['processedEvents', 'initialEventsTT', 'DiMuonCreation', 'AtLeastOneDiTau', 'TTTauPtEta', 'TTTauDecayFound', 'TTTauStandardDecayFound', 'TTTauDRSel', 'TTSync', 'TTAntiEle', 'TTAntiMu', 'TTIso', 'TTOS']
DEBUG 2017-11-15 07:20:17,527: 	 Executing command: 'submit'
DEBUG 2017-11-15 07:20:17,528: 	 Found CRAB cache file /uscms/home/samuellh/.crab3
DEBUG 2017-11-15 07:20:17,535: 	 Checking credentials
DEBUG 2017-11-15 07:20:17,536: 	 Found proxy file /tmp/x509up_u52190
DEBUG 2017-11-15 07:20:17,536: 	 Getting proxy life time left
DEBUG 2017-11-15 07:20:17,639: 	 Executing : 
 command : voms-proxy-info -file /tmp/x509up_u52190 -timeleft
 output : 83666

 error: 
 retcode : 0
DEBUG 2017-11-15 07:20:17,742: 	 Executing : 
 command : voms-proxy-info -file /tmp/x509up_u52190 -actimeleft
 output : 83665

 error: 
 retcode : 0
DEBUG 2017-11-15 07:20:17,743: 	 Proxy valid for 23:14:26 hours
INFO 2017-11-15 07:20:17,743: 	 Will use CRAB configuration file crab3_TT_MC.py
DEBUG 2017-11-15 07:20:17,743: 	 Loading CRAB configuration file.
DEBUG 2017-11-15 07:20:17,751: 	 Will use CRAB Analysis plugin (i.e. will run an analysis job type).
DEBUG 2017-11-15 07:20:17,867: 	 Executing : 
 command : openssl x509 -in ~/.globus/usercert.pem -subject -noout
 output : subject= /DC=ch/DC=cern/OU=Organic Units/OU=Users/CN=shigginb/CN=785176/CN=Sam Higginbotham

 error: 
 retcode : 0
DEBUG 2017-11-15 07:20:17,867: 	 Checking credentials
DEBUG 2017-11-15 07:20:17,868: 	 Found proxy file /tmp/x509up_u52190
DEBUG 2017-11-15 07:20:17,868: 	 Getting proxy life time left
DEBUG 2017-11-15 07:20:17,971: 	 Executing : 
 command : voms-proxy-info -file /tmp/x509up_u52190 -timeleft
 output : 83666

 error: 
 retcode : 0
DEBUG 2017-11-15 07:20:18,074: 	 Executing : 
 command : voms-proxy-info -file /tmp/x509up_u52190 -actimeleft
 output : 83664

 error: 
 retcode : 0
DEBUG 2017-11-15 07:20:18,075: 	 Proxy valid for 23:14:26 hours
DEBUG 2017-11-15 07:20:18,178: 	 Executing : 
 command : env X509_USER_PROXY=/tmp/x509up_u52190 voms-proxy-info -fqan
 output : /cms/Role=NULL/Capability=NULL

 error: 
 retcode : 0
DEBUG 2017-11-15 07:20:19,824: 	 Registering user credentials for server /DC=ch/DC=cern/OU=computers/CN=vocms(045|052|021|031|0118|0118a|0119|0108|0105|0109).cern.ch
DEBUG 2017-11-15 07:20:19,932: 	 Executing : 
 command : openssl x509 -in ~/.globus/usercert.pem -subject -noout
 output : subject= /DC=ch/DC=cern/OU=Organic Units/OU=Users/CN=shigginb/CN=785176/CN=Sam Higginbotham

 error: 
 retcode : 0
DEBUG 2017-11-15 07:20:19,932: 	 Getting myproxy life time left for myproxy.cern.ch
DEBUG 2017-11-15 07:20:19,932: 	 Calculating hash of /DC=ch/DC=cern/OU=Organic Units/OU=Users/CN=shigginb/CN=785176/CN=Sam Higginbotham_cmsweb.cern.ch for credential name
DEBUG 2017-11-15 07:20:20,938: 	 Executing : 
 command : myproxy-info -l 2f318c7a260d78734589f2cc772d26b8be79ec6c -s myproxy.cern.ch
 output : username: 2f318c7a260d78734589f2cc772d26b8be79ec6c
owner: /DC=ch/DC=cern/OU=Organic Units/OU=Users/CN=shigginb/CN=785176/CN=Sam Higginbotham
  renewal policy: /DC=ch/DC=cern/OU=computers/CN=vocms(045|052|021|031|0118|0118a|0119|0108|0105|0109).cern.ch
  trusted retrieval policy: /DC=ch/DC=cern/OU=computers/CN=vocms(045|052|021|031|0118|0118a|0119|0108|0105|0109).cern.ch
  timeleft: 432:03:21  (18.0 days)

 error: 
 retcode : 0
DEBUG 2017-11-15 07:20:20,939: 	 Myproxy is valid: 1555401
DEBUG 2017-11-15 07:20:20,939: 	 Command use: submit
DEBUG 2017-11-15 07:20:20,939: 	 Options use: ['-c', 'crab3_TT_MC.py']
DEBUG 2017-11-15 07:20:22,692: 	 CRABClient version: 3.3.1707.patch1
DEBUG 2017-11-15 07:20:22,692: 	 Instance is prod
DEBUG 2017-11-15 07:20:22,692: 	 Server base url is cmsweb.cern.ch
DEBUG 2017-11-15 07:20:22,692: 	 Command url /crabserver/prod/workflow
DEBUG 2017-11-15 07:20:22,692: 	 Started submission
DEBUG 2017-11-15 07:20:22,692: 	 Working on /uscms_data/d3/samuellh/WorkingArea/TauAnalysis/CMSSW_9_3_2/src/PUAnalysis/VBFtt2017/crab/VBF16/crab_20171115_072017
DEBUG 2017-11-15 07:20:24,359: 	 Loading required information from the environment
DEBUG 2017-11-15 07:20:24,359: 	 Found CMSSW_9_3_2 for slc6_amd64_gcc630 with base /uscms_data/d3/samuellh/WorkingArea/TauAnalysis/CMSSW_9_3_2
DEBUG 2017-11-15 07:20:24,359: 	 Loading required information from the environment
DEBUG 2017-11-15 07:20:24,359: 	 Found CMSSW_9_3_2 for slc6_amd64_gcc630 with base /uscms_data/d3/samuellh/WorkingArea/TauAnalysis/CMSSW_9_3_2
DEBUG 2017-11-15 07:20:24,372: 	 UNIQUE NAME: tarUUID f5c4432c-c4bb-483d-aead-783c1d175c51 
DEBUG 2017-11-15 07:20:24,372: 	 self.config: from WMCore.Configuration import Configuration
config = Configuration()
config.section_('General')
config.section_('JobType')
config.JobType.psetName = '../../../TT-MC-Up.py'
config.JobType.pluginName = 'Analysis'
config.JobType.inputFiles = ['../../../Configuration/data/PhaseIISummer16_25nsV3_MC.db']
config.JobType.outputFiles = ['analysis.root']
config.JobType.allowUndistributedCMSSW = True
config.section_('Data')
config.Data.inputDataset = '/RSGluonToTT_M-3000_TuneCUETP8M1_14TeV-pythia8/PhaseIITDRFall17MiniAOD-PU200_93X_upgrade2023_realistic_v2-v1/MINIAODSIM'
config.Data.unitsPerJob = 1
config.Data.publication = False
config.Data.inputDBS = 'global'
config.Data.splitting = 'FileBased'
config.section_('Site')
config.Site.storageSite = 'T3_US_FNALLPC'
config.section_('User')
config.section_('Debug')

DEBUG 2017-11-15 07:20:24,372: 	 self.config.JobType.psetName: ../../../TT-MC-Up.py
INFO 2017-11-15 07:20:24,373: 	 Importing CMSSW configuration ../../../TT-MC-Up.py
INFO 2017-11-15 07:20:26,758: 	 Finished importing CMSSW configuration ../../../TT-MC-Up.py
DEBUG 2017-11-15 07:20:26,759: 	 Writing CMSSW configuration to /uscms_data/d3/samuellh/WorkingArea/TauAnalysis/CMSSW_9_3_2/src/PUAnalysis/VBFtt2017/crab/VBF16/crab_20171115_072017/inputs/PSet.py
DEBUG 2017-11-15 07:20:27,711: 	 The following EDM output files will be collected: []
DEBUG 2017-11-15 07:20:27,711: 	 The following TFile output files will be collected: ['analysis.root']
DEBUG 2017-11-15 07:20:27,711: 	 The following user output files will be collected: []
DEBUG 2017-11-15 07:20:27,711: 	 Loading required information from the environment
DEBUG 2017-11-15 07:20:27,711: 	 Found CMSSW_9_3_2 for slc6_amd64_gcc630 with base /uscms_data/d3/samuellh/WorkingArea/TauAnalysis/CMSSW_9_3_2
DEBUG 2017-11-15 07:20:27,711: 	 Making tarball in /uscms_data/d3/samuellh/WorkingArea/TauAnalysis/CMSSW_9_3_2/src/PUAnalysis/VBFtt2017/crab/VBF16/crab_20171115_072017/inputs/f5c4432c-c4bb-483d-aead-783c1d175c51default.tgz
DEBUG 2017-11-15 07:20:27,717: 	 Checking directory /uscms_data/d3/samuellh/WorkingArea/TauAnalysis/CMSSW_9_3_2/lib
DEBUG 2017-11-15 07:20:27,717: 	 Adding directory /uscms_data/d3/samuellh/WorkingArea/TauAnalysis/CMSSW_9_3_2/lib to tarball
DEBUG 2017-11-15 07:20:28,654: 	 Checking directory /uscms_data/d3/samuellh/WorkingArea/TauAnalysis/CMSSW_9_3_2/biglib
DEBUG 2017-11-15 07:20:28,654: 	 Adding directory /uscms_data/d3/samuellh/WorkingArea/TauAnalysis/CMSSW_9_3_2/biglib to tarball
DEBUG 2017-11-15 07:20:28,656: 	 Checking directory /uscms_data/d3/samuellh/WorkingArea/TauAnalysis/CMSSW_9_3_2/module
DEBUG 2017-11-15 07:20:28,806: 	 Adding data directory /uscms_data/d3/samuellh/WorkingArea/TauAnalysis/CMSSW_9_3_2/src/PUAnalysis/Configuration/data to tarball
DEBUG 2017-11-15 07:20:31,735: 	 Adding data directory /uscms_data/d3/samuellh/WorkingArea/TauAnalysis/CMSSW_9_3_2/src/PUAnalysis/DataFormats/interface to tarball
DEBUG 2017-11-15 07:20:31,744: 	 Adding data directory /uscms_data/d3/samuellh/WorkingArea/TauAnalysis/CMSSW_9_3_2/src/PUAnalysis/NtupleTools/interface to tarball
DEBUG 2017-11-15 07:20:31,749: 	 Adding data directory /uscms_data/d3/samuellh/WorkingArea/TauAnalysis/CMSSW_9_3_2/src/PUAnalysis/RecoTools/interface to tarball
DEBUG 2017-11-15 07:20:31,930: 	 Adding file ../../../Configuration/data/PhaseIISummer16_25nsV3_MC.db to tarball
DEBUG 2017-11-15 07:20:32,316: 	 Uploading archive /uscms_data/d3/samuellh/WorkingArea/TauAnalysis/CMSSW_9_3_2/src/PUAnalysis/VBFtt2017/crab/VBF16/crab_20171115_072017/inputs/f5c4432c-c4bb-483d-aead-783c1d175c51default.tgz (11 MB) to the CRAB cache. Using URI https://cmsweb.cern.ch/crabcache
DEBUG 2017-11-15 07:20:39,639: 	 Loading required information from the environment
DEBUG 2017-11-15 07:20:39,640: 	 Found CMSSW_9_3_2 for slc6_amd64_gcc630 with base /uscms_data/d3/samuellh/WorkingArea/TauAnalysis/CMSSW_9_3_2
DEBUG 2017-11-15 07:20:39,640: 	 Making tarball in /uscms_data/d3/samuellh/WorkingArea/TauAnalysis/CMSSW_9_3_2/src/PUAnalysis/VBFtt2017/crab/VBF16/crab_20171115_072017/inputs/debugFiles.tgz
DEBUG 2017-11-15 07:20:39,647: 	 Uploading archive /uscms_data/d3/samuellh/WorkingArea/TauAnalysis/CMSSW_9_3_2/src/PUAnalysis/VBFtt2017/crab/VBF16/crab_20171115_072017/inputs/debugFiles.tgz (2 KB) to the CRAB cache. Using URI https://cmsweb.cern.ch/crabcache
DEBUG 2017-11-15 07:20:41,408: 	 Result uploading input files: 4e198fb019d07e682a8bd09208595d4eb73bac82ae7f6e24154a54b4451cc952.tar.gz 
INFO 2017-11-15 07:20:41,409: 	 Sending the request to the server
DEBUG 2017-11-15 07:20:41,409: 	 Submitting {'maxjobruntime': 1250, 'extrajdl': [], 'ignorelocality': 0, 'savelogsflag': 0, 'useparent': 0, 'asyncdest': 'T3_US_FNALLPC', 'algoargs': 1, 'cachefilename': '4e198fb019d07e682a8bd09208595d4eb73bac82ae7f6e24154a54b4451cc952.tar.gz', 'numcores': 1, 'addoutputfiles': [], 'generator': 'pythia', 'maxmemory': 2000, 'publishdbsurl': 'https://cmsweb.cern.ch/dbs/prod/phys03/DBSWriter', 'priority': 10, 'jobsw': 'CMSSW_9_3_2', 'edmoutfiles': [], 'userfiles': [], 'primarydataset': '', 'inputdata': '/RSGluonToTT_M-3000_TuneCUETP8M1_14TeV-pythia8/PhaseIITDRFall17MiniAOD-PU200_93X_upgrade2023_realistic_v2-v1/MINIAODSIM', 'dryrun': 0, 'workflow': 'crab_20171115_072017', 'cacheurl': u'https://cmsweb.cern.ch/crabcache', 'nonprodsw': 1, 'tfileoutfiles': ['analysis.root'], 'oneEventMode': 0, 'debugfilename': '1d5264573c6835538921901cec4feb3af9aa96659e509f7a63e5fa3fd8d43d18.tar.gz', 'saveoutput': 1, 'publication': 0, 'jobarch': 'slc6_amd64_gcc630', 'totalunits': 0, 'splitalgo': 'FileBased', 'ignoreglobalblacklist': 0, 'nonvaliddata': 0, 'dbsurl': 'https://cmsweb.cern.ch/dbs/prod/global/DBSReader', 'publishgroupname': 0, 'jobtype': 'Analysis', 'publishname2': ''} 
DEBUG 2017-11-15 07:20:41,409: 	 Encoded submit request: maxjobruntime=1250&ignorelocality=0&savelogsflag=0&useparent=0&asyncdest=T3_US_FNALLPC&algoargs=1&cachefilename=4e198fb019d07e682a8bd09208595d4eb73bac82ae7f6e24154a54b4451cc952.tar.gz&numcores=1&generator=pythia&maxmemory=2000&publishdbsurl=https%3A%2F%2Fcmsweb.cern.ch%2Fdbs%2Fprod%2Fphys03%2FDBSWriter&priority=10&jobsw=CMSSW_9_3_2&primarydataset=&inputdata=%2FRSGluonToTT_M-3000_TuneCUETP8M1_14TeV-pythia8%2FPhaseIITDRFall17MiniAOD-PU200_93X_upgrade2023_realistic_v2-v1%2FMINIAODSIM&dryrun=0&workflow=crab_20171115_072017&cacheurl=https%3A%2F%2Fcmsweb.cern.ch%2Fcrabcache&nonprodsw=1&oneEventMode=0&debugfilename=1d5264573c6835538921901cec4feb3af9aa96659e509f7a63e5fa3fd8d43d18.tar.gz&saveoutput=1&publication=0&jobarch=slc6_amd64_gcc630&totalunits=0&splitalgo=FileBased&ignoreglobalblacklist=0&nonvaliddata=0&dbsurl=https%3A%2F%2Fcmsweb.cern.ch%2Fdbs%2Fprod%2Fglobal%2FDBSReader&publishgroupname=0&jobtype=Analysis&publishname2=&tfileoutfiles=analysis.root
DEBUG 2017-11-15 07:20:43,214: 	 Result: {u'result': [{u'RequestName': u'171115_132043:shigginb_crab_20171115_072017'}]}
INFO 2017-11-15 07:20:43,218: 	 Success: Your task has been delivered to the CRAB3 server.
INFO 2017-11-15 07:20:43,219: 	 Task name: 171115_132043:shigginb_crab_20171115_072017
INFO 2017-11-15 07:20:43,219: 	 Please use 'crab status' to check how the submission process proceeds.
DEBUG 2017-11-15 07:20:43,219: 	 About to return
INFO 2017-11-15 07:20:43,224: 	 Log file is /uscms_data/d3/samuellh/WorkingArea/TauAnalysis/CMSSW_9_3_2/src/PUAnalysis/VBFtt2017/crab/VBF16/crab_20171115_072017/crab.log
DEBUG 2017-11-15 07:57:45,173: 	 Executing command: 'status'
DEBUG 2017-11-15 07:57:45,173: 	 Found CRAB cache file /uscms/home/samuellh/.crab3
DEBUG 2017-11-15 07:57:45,180: 	 Checking credentials
DEBUG 2017-11-15 07:57:45,180: 	 Found proxy file /tmp/x509up_u52190
DEBUG 2017-11-15 07:57:45,181: 	 Getting proxy life time left
DEBUG 2017-11-15 07:57:45,283: 	 Executing : 
 command : voms-proxy-info -file /tmp/x509up_u52190 -timeleft
 output : 81418

 error: 
 retcode : 0
DEBUG 2017-11-15 07:57:45,387: 	 Executing : 
 command : voms-proxy-info -file /tmp/x509up_u52190 -actimeleft
 output : 81417

 error: 
 retcode : 0
DEBUG 2017-11-15 07:57:45,387: 	 Proxy valid for 22:36:58 hours
DEBUG 2017-11-15 07:57:45,501: 	 Executing : 
 command : openssl x509 -in ~/.globus/usercert.pem -subject -noout
 output : subject= /DC=ch/DC=cern/OU=Organic Units/OU=Users/CN=shigginb/CN=785176/CN=Sam Higginbotham

 error: 
 retcode : 0
DEBUG 2017-11-15 07:57:45,501: 	 Checking credentials
DEBUG 2017-11-15 07:57:45,501: 	 Found proxy file /tmp/x509up_u52190
DEBUG 2017-11-15 07:57:45,501: 	 Getting proxy life time left
DEBUG 2017-11-15 07:57:45,605: 	 Executing : 
 command : voms-proxy-info -file /tmp/x509up_u52190 -timeleft
 output : 81418

 error: 
 retcode : 0
DEBUG 2017-11-15 07:57:45,708: 	 Executing : 
 command : voms-proxy-info -file /tmp/x509up_u52190 -actimeleft
 output : 81417

 error: 
 retcode : 0
DEBUG 2017-11-15 07:57:45,708: 	 Proxy valid for 22:36:58 hours
DEBUG 2017-11-15 07:57:47,551: 	 Registering user credentials for server /DC=ch/DC=cern/OU=computers/CN=vocms(045|052|021|031|0118|0118a|0119|0108|0105|0109).cern.ch
DEBUG 2017-11-15 07:57:47,656: 	 Executing : 
 command : openssl x509 -in ~/.globus/usercert.pem -subject -noout
 output : subject= /DC=ch/DC=cern/OU=Organic Units/OU=Users/CN=shigginb/CN=785176/CN=Sam Higginbotham

 error: 
 retcode : 0
DEBUG 2017-11-15 07:57:47,657: 	 Getting myproxy life time left for myproxy.cern.ch
DEBUG 2017-11-15 07:57:47,657: 	 Calculating hash of /DC=ch/DC=cern/OU=Organic Units/OU=Users/CN=shigginb/CN=785176/CN=Sam Higginbotham_cmsweb.cern.ch for credential name
DEBUG 2017-11-15 07:57:48,361: 	 Executing : 
 command : myproxy-info -l 2f318c7a260d78734589f2cc772d26b8be79ec6c -s myproxy.cern.ch
 output : username: 2f318c7a260d78734589f2cc772d26b8be79ec6c
owner: /DC=ch/DC=cern/OU=Organic Units/OU=Users/CN=shigginb/CN=785176/CN=Sam Higginbotham
  renewal policy: /DC=ch/DC=cern/OU=computers/CN=vocms(045|052|021|031|0118|0118a|0119|0108|0105|0109).cern.ch
  trusted retrieval policy: /DC=ch/DC=cern/OU=computers/CN=vocms(045|052|021|031|0118|0118a|0119|0108|0105|0109).cern.ch
  timeleft: 431:25:53  (18.0 days)

 error: 
 retcode : 0
DEBUG 2017-11-15 07:57:48,362: 	 Myproxy is valid: 1553153
DEBUG 2017-11-15 07:57:48,362: 	 Command use: status
DEBUG 2017-11-15 07:57:48,363: 	 Options use: ['-d', 'crab_20171115_072017/']
DEBUG 2017-11-15 07:57:50,154: 	 CRABClient version: 3.3.1707.patch1
DEBUG 2017-11-15 07:57:50,154: 	 Instance is prod
DEBUG 2017-11-15 07:57:50,154: 	 Server base url is cmsweb.cern.ch
DEBUG 2017-11-15 07:57:50,154: 	 Command url /crabserver/prod/workflow
DEBUG 2017-11-15 07:57:51,770: 	 Got information from server oracle database: {u'result': [u'171115_132043:shigginb_crab_20171115_072017', u'None', u'SUBMITFAILED', u'2017-11-15 13:20:43.154159', u'None', u'2017-11-15 13:21:27.360909', u"CRAB refuses to proceed in getting the details of the dataset /RSGluonToTT_M-3000_TuneCUETP8M1_14TeV-pythia8/PhaseIITDRFall17MiniAOD-PU200_93X_upgrade2023_realistic_v2-v1/MINIAODSIM from DBS, because the dataset is not 'VALID' but 'PRODUCTION'. To allow CRAB to consider a dataset that is not 'VALID', set Data.allowNonValidInputDataset = True in the CRAB configuration. Notice that this will not force CRAB to run over all files in the dataset; CRAB will still check if there are any valid files in the dataset and run only over those files.", u'CMSSW_9_3_2', u'slc6_amd64_gcc630', u'/RSGluonToTT_M-3000_TuneCUETP8M1_14TeV-pythia8/PhaseIITDRFall17MiniAOD-PU200_93X_upgrade2023_realistic_v2-v1/MINIAODSIM', u'[]', u'[]', u'FileBased', u"{'splitOnRun': False, 'halt_job_on_file_boundaries': False, 'files_per_job': 1, 'runs': [], 'lumis': []}", u'0', u'4e198fb019d07e682a8bd09208595d4eb73bac82ae7f6e24154a54b4451cc952.tar.gz', u'https://cmsweb.cern.ch/crabcache', u'shigginb', u'/DC=ch/DC=cern/OU=Organic Units/OU=Users/CN=shigginb/CN=785176/CN=Sam Higginbotham', u'cms', u'None', u'None', u'crab_20171115_072017-00000000000000000000000000000000', u'T3_US_FNALLPC', u'https://cmsweb.cern.ch/dbs/prod/global/DBSReader', u'https://cmsweb.cern.ch/dbs/prod/phys03/DBSWriter', u'F', u'Analysis', u'{}', u'[]', u'F', u'vocms052', u'[]', u'1250', u'1', u'2000', u'10', u'None', u'None', u'None', u'None', u'[]', u'[]', u'[]', u'pythia', u'[]', u"['analysis.root']", u'[]', u'https://cmsweb.cern.ch/crabserver/prod', u'None', u'0', u'cmssrv221.fnal.gov:9620', u'None', u'F', u'[]', u'T', u'/store/user/shigginb/', u'F', u'None', u'F', u'F', u'F', u'None', u'RSGluonToTT_M-3000_TuneCUETP8M1_14TeV-pythia8', u'filetransfers', u'SUBMIT', u'None', u'1d5264573c6835538921901cec4feb3af9aa96659e509f7a63e5fa3fd8d43d18.tar.gz', u'131.225.190.56', u'F', u'None'], u'desc': {u'columns': [u'tm_taskname', u'panda_jobset_id', u'tm_task_status', u'tm_start_time', u'tm_start_injection', u'tm_end_injection', u'tm_task_failure', u'tm_job_sw', u'tm_job_arch', u'tm_input_dataset', u'tm_site_whitelist', u'tm_site_blacklist', u'tm_split_algo', u'tm_split_args', u'tm_totalunits', u'tm_user_sandbox', u'tm_cache_url', u'tm_username', u'tm_user_dn', u'tm_user_vo', u'tm_user_role', u'tm_user_group', u'tm_publish_name', u'tm_asyncdest', u'tm_dbs_url', u'tm_publish_dbs_url', u'tm_publication', u'tm_job_type', u'tm_arguments', u'panda_resubmitted_jobs', u'tm_save_logs', u'tw_name', u'tm_user_infiles', u'tm_maxjobruntime', u'tm_numcores', u'tm_maxmemory', u'tm_priority', u'tm_output_dataset', u'tm_user_webdir', u'tm_activity', u'tm_scriptexe', u'tm_scriptargs', u'tm_extrajdl', u'tm_task_warnings', u'tm_generator', u'tm_outfiles', u'tm_tfile_outfiles', u'tm_edm_outfiles', u'tm_asourl', u'tm_events_per_lumi', u'tm_use_parent', u'tm_collector', u'tm_schedd', u'tm_dry_run', u'tm_user_files', u'tm_transfer_outputs', u'tm_output_lfn', u'tm_ignore_locality', u'tm_fail_limit', u'tm_one_event_mode', u'tm_publish_groupname', u'tm_nonvalid_input_dataset', u'tm_secondary_input_dataset', u'tm_primary_dataset', u'tm_asodb', u'tm_task_command', u'clusterid', u'tm_debug_files', u'tm_submitter_ip_addr', u'tm_ignore_global_blacklist', u'tm_last_publication']}}
INFO 2017-11-15 07:57:51,770: 	 CRAB project directory:		/uscms_data/d3/samuellh/WorkingArea/TauAnalysis/CMSSW_9_3_2/src/PUAnalysis/VBFtt2017/crab/VBF16/crab_20171115_072017
INFO 2017-11-15 07:57:51,771: 	 Task name:			171115_132043:shigginb_crab_20171115_072017
INFO 2017-11-15 07:57:51,771: 	 Status on the CRAB server:	SUBMITFAILED
INFO 2017-11-15 07:57:51,771: 	 Task URL to use for HELP:	https://cmsweb.cern.ch/crabserver/ui/task/171115_132043%3Ashigginb_crab_20171115_072017
ERROR 2017-11-15 07:57:51,771: 	 Failure message from the server:		CRAB refuses to proceed in getting the details of the dataset /RSGluonToTT_M-3000_TuneCUETP8M1_14TeV-pythia8/PhaseIITDRFall17MiniAOD-PU200_93X_upgrade2023_realistic_v2-v1/MINIAODSIM from DBS, because the dataset is not 'VALID' but 'PRODUCTION'. To allow CRAB to consider a dataset that is not 'VALID', set Data.allowNonValidInputDataset = True in the CRAB configuration. Notice that this will not force CRAB to run over all files in the dataset; CRAB will still check if there are any valid files in the dataset and run only over those files.
DEBUG 2017-11-15 07:57:51,771: 	 The task has not been submitted to the Grid scheduler yet. Not printing job information.
INFO 2017-11-15 07:57:51,783: 	 Log file is /uscms_data/d3/samuellh/WorkingArea/TauAnalysis/CMSSW_9_3_2/src/PUAnalysis/VBFtt2017/crab/VBF16/crab_20171115_072017/crab.log
DEBUG 2017-11-15 09:11:07,513: 	 Executing command: 'status'
DEBUG 2017-11-15 09:11:07,513: 	 Found CRAB cache file /uscms/home/samuellh/.crab3
DEBUG 2017-11-15 09:11:07,521: 	 Checking credentials
DEBUG 2017-11-15 09:11:07,521: 	 Found proxy file /tmp/x509up_u52190
DEBUG 2017-11-15 09:11:07,521: 	 Getting proxy life time left
DEBUG 2017-11-15 09:11:07,624: 	 Executing : 
 command : voms-proxy-info -file /tmp/x509up_u52190 -timeleft
 output : 77016

 error: 
 retcode : 0
DEBUG 2017-11-15 09:11:07,727: 	 Executing : 
 command : voms-proxy-info -file /tmp/x509up_u52190 -actimeleft
 output : 77015

 error: 
 retcode : 0
DEBUG 2017-11-15 09:11:07,727: 	 Proxy valid for 21:23:36 hours
DEBUG 2017-11-15 09:11:07,840: 	 Executing : 
 command : openssl x509 -in ~/.globus/usercert.pem -subject -noout
 output : subject= /DC=ch/DC=cern/OU=Organic Units/OU=Users/CN=shigginb/CN=785176/CN=Sam Higginbotham

 error: 
 retcode : 0
DEBUG 2017-11-15 09:11:07,841: 	 Checking credentials
DEBUG 2017-11-15 09:11:07,841: 	 Found proxy file /tmp/x509up_u52190
DEBUG 2017-11-15 09:11:07,841: 	 Getting proxy life time left
DEBUG 2017-11-15 09:11:07,944: 	 Executing : 
 command : voms-proxy-info -file /tmp/x509up_u52190 -timeleft
 output : 77016

 error: 
 retcode : 0
DEBUG 2017-11-15 09:11:08,047: 	 Executing : 
 command : voms-proxy-info -file /tmp/x509up_u52190 -actimeleft
 output : 77014

 error: 
 retcode : 0
DEBUG 2017-11-15 09:11:08,048: 	 Proxy valid for 21:23:36 hours
DEBUG 2017-11-15 09:11:09,704: 	 Registering user credentials for server /DC=ch/DC=cern/OU=computers/CN=vocms(045|052|021|031|0118|0118a|0119|0108|0105|0109).cern.ch
DEBUG 2017-11-15 09:11:09,812: 	 Executing : 
 command : openssl x509 -in ~/.globus/usercert.pem -subject -noout
 output : subject= /DC=ch/DC=cern/OU=Organic Units/OU=Users/CN=shigginb/CN=785176/CN=Sam Higginbotham

 error: 
 retcode : 0
DEBUG 2017-11-15 09:11:09,813: 	 Getting myproxy life time left for myproxy.cern.ch
DEBUG 2017-11-15 09:11:09,813: 	 Calculating hash of /DC=ch/DC=cern/OU=Organic Units/OU=Users/CN=shigginb/CN=785176/CN=Sam Higginbotham_cmsweb.cern.ch for credential name
DEBUG 2017-11-15 09:11:10,517: 	 Executing : 
 command : myproxy-info -l 2f318c7a260d78734589f2cc772d26b8be79ec6c -s myproxy.cern.ch
 output : username: 2f318c7a260d78734589f2cc772d26b8be79ec6c
owner: /DC=ch/DC=cern/OU=Organic Units/OU=Users/CN=shigginb/CN=785176/CN=Sam Higginbotham
  renewal policy: /DC=ch/DC=cern/OU=computers/CN=vocms(045|052|021|031|0118|0118a|0119|0108|0105|0109).cern.ch
  trusted retrieval policy: /DC=ch/DC=cern/OU=computers/CN=vocms(045|052|021|031|0118|0118a|0119|0108|0105|0109).cern.ch
  timeleft: 430:12:31  (17.9 days)

 error: 
 retcode : 0
DEBUG 2017-11-15 09:11:10,519: 	 Myproxy is valid: 1548751
DEBUG 2017-11-15 09:11:10,519: 	 Command use: status
DEBUG 2017-11-15 09:11:10,519: 	 Options use: ['-d', 'crab_20171115_072017/']
DEBUG 2017-11-15 09:11:12,340: 	 CRABClient version: 3.3.1707.patch1
DEBUG 2017-11-15 09:11:12,340: 	 Instance is prod
DEBUG 2017-11-15 09:11:12,341: 	 Server base url is cmsweb.cern.ch
DEBUG 2017-11-15 09:11:12,341: 	 Command url /crabserver/prod/workflow
DEBUG 2017-11-15 09:11:14,087: 	 Got information from server oracle database: {u'result': [u'171115_132043:shigginb_crab_20171115_072017', u'None', u'SUBMITFAILED', u'2017-11-15 13:20:43.154159', u'None', u'2017-11-15 13:21:27.360909', u"CRAB refuses to proceed in getting the details of the dataset /RSGluonToTT_M-3000_TuneCUETP8M1_14TeV-pythia8/PhaseIITDRFall17MiniAOD-PU200_93X_upgrade2023_realistic_v2-v1/MINIAODSIM from DBS, because the dataset is not 'VALID' but 'PRODUCTION'. To allow CRAB to consider a dataset that is not 'VALID', set Data.allowNonValidInputDataset = True in the CRAB configuration. Notice that this will not force CRAB to run over all files in the dataset; CRAB will still check if there are any valid files in the dataset and run only over those files.", u'CMSSW_9_3_2', u'slc6_amd64_gcc630', u'/RSGluonToTT_M-3000_TuneCUETP8M1_14TeV-pythia8/PhaseIITDRFall17MiniAOD-PU200_93X_upgrade2023_realistic_v2-v1/MINIAODSIM', u'[]', u'[]', u'FileBased', u"{'splitOnRun': False, 'halt_job_on_file_boundaries': False, 'files_per_job': 1, 'runs': [], 'lumis': []}", u'0', u'4e198fb019d07e682a8bd09208595d4eb73bac82ae7f6e24154a54b4451cc952.tar.gz', u'https://cmsweb.cern.ch/crabcache', u'shigginb', u'/DC=ch/DC=cern/OU=Organic Units/OU=Users/CN=shigginb/CN=785176/CN=Sam Higginbotham', u'cms', u'None', u'None', u'crab_20171115_072017-00000000000000000000000000000000', u'T3_US_FNALLPC', u'https://cmsweb.cern.ch/dbs/prod/global/DBSReader', u'https://cmsweb.cern.ch/dbs/prod/phys03/DBSWriter', u'F', u'Analysis', u'{}', u'[]', u'F', u'vocms052', u'[]', u'1250', u'1', u'2000', u'10', u'None', u'None', u'None', u'None', u'[]', u'[]', u'[]', u'pythia', u'[]', u"['analysis.root']", u'[]', u'https://cmsweb.cern.ch/crabserver/prod', u'None', u'0', u'cmssrv221.fnal.gov:9620', u'None', u'F', u'[]', u'T', u'/store/user/shigginb/', u'F', u'None', u'F', u'F', u'F', u'None', u'RSGluonToTT_M-3000_TuneCUETP8M1_14TeV-pythia8', u'filetransfers', u'SUBMIT', u'None', u'1d5264573c6835538921901cec4feb3af9aa96659e509f7a63e5fa3fd8d43d18.tar.gz', u'131.225.190.56', u'F', u'None'], u'desc': {u'columns': [u'tm_taskname', u'panda_jobset_id', u'tm_task_status', u'tm_start_time', u'tm_start_injection', u'tm_end_injection', u'tm_task_failure', u'tm_job_sw', u'tm_job_arch', u'tm_input_dataset', u'tm_site_whitelist', u'tm_site_blacklist', u'tm_split_algo', u'tm_split_args', u'tm_totalunits', u'tm_user_sandbox', u'tm_cache_url', u'tm_username', u'tm_user_dn', u'tm_user_vo', u'tm_user_role', u'tm_user_group', u'tm_publish_name', u'tm_asyncdest', u'tm_dbs_url', u'tm_publish_dbs_url', u'tm_publication', u'tm_job_type', u'tm_arguments', u'panda_resubmitted_jobs', u'tm_save_logs', u'tw_name', u'tm_user_infiles', u'tm_maxjobruntime', u'tm_numcores', u'tm_maxmemory', u'tm_priority', u'tm_output_dataset', u'tm_user_webdir', u'tm_activity', u'tm_scriptexe', u'tm_scriptargs', u'tm_extrajdl', u'tm_task_warnings', u'tm_generator', u'tm_outfiles', u'tm_tfile_outfiles', u'tm_edm_outfiles', u'tm_asourl', u'tm_events_per_lumi', u'tm_use_parent', u'tm_collector', u'tm_schedd', u'tm_dry_run', u'tm_user_files', u'tm_transfer_outputs', u'tm_output_lfn', u'tm_ignore_locality', u'tm_fail_limit', u'tm_one_event_mode', u'tm_publish_groupname', u'tm_nonvalid_input_dataset', u'tm_secondary_input_dataset', u'tm_primary_dataset', u'tm_asodb', u'tm_task_command', u'clusterid', u'tm_debug_files', u'tm_submitter_ip_addr', u'tm_ignore_global_blacklist', u'tm_last_publication']}}
INFO 2017-11-15 09:11:14,088: 	 CRAB project directory:		/uscms_data/d3/samuellh/WorkingArea/TauAnalysis/CMSSW_9_3_2/src/PUAnalysis/VBFtt2017/crab/VBF16/crab_20171115_072017
INFO 2017-11-15 09:11:14,088: 	 Task name:			171115_132043:shigginb_crab_20171115_072017
INFO 2017-11-15 09:11:14,088: 	 Status on the CRAB server:	SUBMITFAILED
INFO 2017-11-15 09:11:14,088: 	 Task URL to use for HELP:	https://cmsweb.cern.ch/crabserver/ui/task/171115_132043%3Ashigginb_crab_20171115_072017
ERROR 2017-11-15 09:11:14,088: 	 Failure message from the server:		CRAB refuses to proceed in getting the details of the dataset /RSGluonToTT_M-3000_TuneCUETP8M1_14TeV-pythia8/PhaseIITDRFall17MiniAOD-PU200_93X_upgrade2023_realistic_v2-v1/MINIAODSIM from DBS, because the dataset is not 'VALID' but 'PRODUCTION'. To allow CRAB to consider a dataset that is not 'VALID', set Data.allowNonValidInputDataset = True in the CRAB configuration. Notice that this will not force CRAB to run over all files in the dataset; CRAB will still check if there are any valid files in the dataset and run only over those files.
DEBUG 2017-11-15 09:11:14,089: 	 The task has not been submitted to the Grid scheduler yet. Not printing job information.
INFO 2017-11-15 09:11:14,100: 	 Log file is /uscms_data/d3/samuellh/WorkingArea/TauAnalysis/CMSSW_9_3_2/src/PUAnalysis/VBFtt2017/crab/VBF16/crab_20171115_072017/crab.log
