('The system path in the config file ', ['/cvmfs/cms.cern.ch/crab3/slc6_amd64_gcc493/cms/crabclient/3.3.1707.patch1/bin', '/uscms_data/d3/samuellh/WorkingArea/TauAnalysis/CMSSW_9_3_2/python', '/uscms_data/d3/samuellh/WorkingArea/TauAnalysis/CMSSW_9_3_2/lib/slc6_amd64_gcc630', '/cvmfs/cms.cern.ch/slc6_amd64_gcc630/cms/cmssw/CMSSW_9_3_2/python', '/cvmfs/cms.cern.ch/slc6_amd64_gcc630/cms/cmssw/CMSSW_9_3_2/lib/slc6_amd64_gcc630', '/cvmfs/cms.cern.ch/slc6_amd64_gcc630/cms/coral/CORAL_2_3_21-ghjeda6/slc6_amd64_gcc630/python', '/cvmfs/cms.cern.ch/slc6_amd64_gcc630/cms/coral/CORAL_2_3_21-ghjeda6/slc6_amd64_gcc630/lib', '/cvmfs/cms.cern.ch/slc6_amd64_gcc630/external/professor2/2.2.1-ghjeda6/lib/python2.7/site-packages', '/cvmfs/cms.cern.ch/slc6_amd64_gcc630/external/pyqt/4.11.4-mlhled2/lib/python2.7/site-packages', '/cvmfs/cms.cern.ch/slc6_amd64_gcc630/external/sherpa/2.2.4-ghjeda/lib/python2.7/site-packages', '/cvmfs/cms.cern.ch/slc6_amd64_gcc630/external/rivet/2.5.2-ghjeda4/lib/python2.7/site-packages', '/cvmfs/cms.cern.ch/slc6_amd64_gcc630/external/python-ldap/2.4.10-mlhled2/lib/python2.7/site-packages', '/cvmfs/cms.cern.ch/slc6_amd64_gcc630/external/py2-matplotlib/1.5.2-njopjo/lib/python2.7/site-packages', '/cvmfs/cms.cern.ch/slc6_amd64_gcc630/external/sip/4.17-mlhled2/lib/python2.7/site-packages', '/cvmfs/cms.cern.ch/slc6_amd64_gcc630/external/llvm/4.0.0-njopjo/lib64/python2.7/site-packages', '/cvmfs/cms.cern.ch/slc6_amd64_gcc630/external/py2-sqlalchemy/1.1.4-mlhled2/lib/python2.7/site-packages', '/cvmfs/cms.cern.ch/slc6_amd64_gcc630/external/py2-lint/0.25.1-mlhled2/lib/python2.7/site-packages', '/cvmfs/cms.cern.ch/slc6_amd64_gcc630/external/py2-dxr/1.0-ghjeda6/lib/python2.7/site-packages', '/cvmfs/cms.cern.ch/slc6_amd64_gcc630/external/py2-cx-oracle/5.2.1-mlhled2/lib/python2.7/site-packages', '/cvmfs/cms.cern.ch/slc6_amd64_gcc630/external/py2-numpy/1.12.1-mlhled2/lib/python2.7/site-packages', '/cvmfs/cms.cern.ch/slc6_amd64_gcc630/external/frontier_client/2.8.20-mlhled2/python/lib', '/cvmfs/cms.cern.ch/slc6_amd64_gcc630/cms/das_client/v03.01.00-mlhled2/bin', '/cvmfs/cms.cern.ch/slc6_amd64_gcc630/external/xrootd/4.6.1/lib/python2.7/site-packages', '/cvmfs/cms.cern.ch/slc6_amd64_gcc630/external/yoda/1.6.5-ghjeda4/lib/python2.7/site-packages', '/cvmfs/cms.cern.ch/slc6_amd64_gcc630/lcg/root/6.10.04-ghjeda/lib', '/cvmfs/cms.cern.ch/slc6_amd64_gcc630/external/pyminuit2/0.0.1-ghjeda4/lib/python2.7/site-packages', '/cvmfs/cms.cern.ch/slc6_amd64_gcc630/external/py2-PyYAML/3.11-mlhled2/lib/python2.7/site-packages', '/cvmfs/cms.cern.ch/slc6_amd64_gcc630/external/py2-pygithub/1.23.0-mlhled2/lib/python2.7/site-packages', '/cvmfs/cms.cern.ch/slc6_amd64_gcc630/external/py2-pip/9.0.1-mlhled2/lib/python2.7/site-packages', '/cvmfs/cms.cern.ch/slc6_amd64_gcc630/external/py2-dablooms/0.9.1-mlhled2/lib/python2.7/site-packages', '/cvmfs/cms.cern.ch/slc6_amd64_gcc630/external/py2-pippkgs_depscipy/3.0-ghjeda6/lib/python2.7/site-packages', '/cvmfs/cms.cern.ch/slc6_amd64_gcc630/external/py2-pippkgs/5.0-ghjeda6/lib/python2.7/site-packages', '/cvmfs/cms.cern.ch/slc6_amd64_gcc630/external/professor/1.4.0-ghjeda4/lib/python2.7/site-packages', '/cvmfs/cms.cern.ch/slc6_amd64_gcc630/cms/dbs-client/DBS_2_1_9-mlhled2/lib', '/cvmfs/cms.cern.ch/slc6_amd64_gcc630/cms/dbs-client/DBS_2_1_9-mlhled2/lib/DBSAPI', '/cvmfs/cms.cern.ch/slc6_amd64_gcc630/external/cvs2git/5419-mlhled2/lib', '/cvmfs/cms.cern.ch/crab3/slc6_amd64_gcc493/cms/crabclient/3.3.1707.patch1/lib/python2.7/site-packages', '/cvmfs/cms.cern.ch/crab3/slc6_amd64_gcc493/cms/dbs3-client/3.4.4/lib/python2.7/site-packages', '/cvmfs/cms.cern.ch/crab3/slc6_amd64_gcc493/cms/dbs3-pycurl-client/3.4.4/lib/python2.7/site-packages', '/cvmfs/cms.cern.ch/slc6_amd64_gcc630/external/py2-sqlalchemy/1.1.4-mlhled2/lib/python2.7/site-packages/SQLAlchemy-1.1.4-py2.7-linux-x86_64.egg', '/cvmfs/cms.cern.ch/slc6_amd64_gcc630/external/py2-numpy/1.12.1-mlhled2/lib/python2.7/site-packages/numpy-1.12.1-py2.7-linux-x86_64.egg', '/cvmfs/cms.cern.ch/slc6_amd64_gcc630/external/python/2.7.11-mlhled2/lib/python27.zip', '/cvmfs/cms.cern.ch/slc6_amd64_gcc630/external/python/2.7.11-mlhled2/lib/python2.7', '/cvmfs/cms.cern.ch/slc6_amd64_gcc630/external/python/2.7.11-mlhled2/lib/python2.7/plat-linux2', '/cvmfs/cms.cern.ch/slc6_amd64_gcc630/external/python/2.7.11-mlhled2/lib/python2.7/lib-tk', '/cvmfs/cms.cern.ch/slc6_amd64_gcc630/external/python/2.7.11-mlhled2/lib/python2.7/lib-old', '/cvmfs/cms.cern.ch/slc6_amd64_gcc630/external/python/2.7.11-mlhled2/lib/python2.7/lib-dynload', '/cvmfs/cms.cern.ch/slc6_amd64_gcc630/external/python/2.7.11-mlhled2/lib/python2.7/site-packages', '/uscms_data/d3/samuellh/WorkingArea/TauAnalysis/CMSSW_9_3_2/src/PUAnalysis/VBFtt2017/crab/VBF22'])
 ##################################################################### 
 # WARNING: the module CondCore.DBCommon.CondDBSetup is deprecated.  # 
 # Please import CondCore.CondDB.CondDB_cfi                          # 
 ##################################################################### 
recorrecting the jets
List Of Filters
['processedEvents', 'initialEventsTT', 'DiMuonCreation', 'AtLeastOneDiTau', 'TTTauPtEta', 'TTTauDecayFound', 'TTTauStandardDecayFound', 'TTTauDRSel', 'TTSync', 'TTAntiEle', 'TTAntiMu', 'TTIso', 'TTOS']
DEBUG 2017-11-15 07:23:29,937: 	 Executing command: 'submit'
DEBUG 2017-11-15 07:23:29,937: 	 Found CRAB cache file /uscms/home/samuellh/.crab3
DEBUG 2017-11-15 07:23:29,945: 	 Checking credentials
DEBUG 2017-11-15 07:23:29,946: 	 Found proxy file /tmp/x509up_u52190
DEBUG 2017-11-15 07:23:29,946: 	 Getting proxy life time left
DEBUG 2017-11-15 07:23:30,049: 	 Executing : 
 command : voms-proxy-info -file /tmp/x509up_u52190 -timeleft
 output : 83473

 error: 
 retcode : 0
DEBUG 2017-11-15 07:23:30,152: 	 Executing : 
 command : voms-proxy-info -file /tmp/x509up_u52190 -actimeleft
 output : 83472

 error: 
 retcode : 0
DEBUG 2017-11-15 07:23:30,152: 	 Proxy valid for 23:11:13 hours
INFO 2017-11-15 07:23:30,152: 	 Will use CRAB configuration file crab3_TT_MC.py
DEBUG 2017-11-15 07:23:30,153: 	 Loading CRAB configuration file.
DEBUG 2017-11-15 07:23:30,161: 	 Will use CRAB Analysis plugin (i.e. will run an analysis job type).
DEBUG 2017-11-15 07:23:30,277: 	 Executing : 
 command : openssl x509 -in ~/.globus/usercert.pem -subject -noout
 output : subject= /DC=ch/DC=cern/OU=Organic Units/OU=Users/CN=shigginb/CN=785176/CN=Sam Higginbotham

 error: 
 retcode : 0
DEBUG 2017-11-15 07:23:30,278: 	 Checking credentials
DEBUG 2017-11-15 07:23:30,278: 	 Found proxy file /tmp/x509up_u52190
DEBUG 2017-11-15 07:23:30,278: 	 Getting proxy life time left
DEBUG 2017-11-15 07:23:30,381: 	 Executing : 
 command : voms-proxy-info -file /tmp/x509up_u52190 -timeleft
 output : 83473

 error: 
 retcode : 0
DEBUG 2017-11-15 07:23:30,484: 	 Executing : 
 command : voms-proxy-info -file /tmp/x509up_u52190 -actimeleft
 output : 83472

 error: 
 retcode : 0
DEBUG 2017-11-15 07:23:30,485: 	 Proxy valid for 23:11:13 hours
DEBUG 2017-11-15 07:23:30,588: 	 Executing : 
 command : env X509_USER_PROXY=/tmp/x509up_u52190 voms-proxy-info -fqan
 output : /cms/Role=NULL/Capability=NULL

 error: 
 retcode : 0
DEBUG 2017-11-15 07:23:32,278: 	 Registering user credentials for server /DC=ch/DC=cern/OU=computers/CN=vocms(045|052|021|031|0118|0118a|0119|0108|0105|0109).cern.ch
DEBUG 2017-11-15 07:23:32,386: 	 Executing : 
 command : openssl x509 -in ~/.globus/usercert.pem -subject -noout
 output : subject= /DC=ch/DC=cern/OU=Organic Units/OU=Users/CN=shigginb/CN=785176/CN=Sam Higginbotham

 error: 
 retcode : 0
DEBUG 2017-11-15 07:23:32,386: 	 Getting myproxy life time left for myproxy.cern.ch
DEBUG 2017-11-15 07:23:32,386: 	 Calculating hash of /DC=ch/DC=cern/OU=Organic Units/OU=Users/CN=shigginb/CN=785176/CN=Sam Higginbotham_cmsweb.cern.ch for credential name
DEBUG 2017-11-15 07:23:33,192: 	 Executing : 
 command : myproxy-info -l 2f318c7a260d78734589f2cc772d26b8be79ec6c -s myproxy.cern.ch
 output : username: 2f318c7a260d78734589f2cc772d26b8be79ec6c
owner: /DC=ch/DC=cern/OU=Organic Units/OU=Users/CN=shigginb/CN=785176/CN=Sam Higginbotham
  renewal policy: /DC=ch/DC=cern/OU=computers/CN=vocms(045|052|021|031|0118|0118a|0119|0108|0105|0109).cern.ch
  trusted retrieval policy: /DC=ch/DC=cern/OU=computers/CN=vocms(045|052|021|031|0118|0118a|0119|0108|0105|0109).cern.ch
  timeleft: 432:00:08  (18.0 days)

 error: 
 retcode : 0
DEBUG 2017-11-15 07:23:33,193: 	 Myproxy is valid: 1555208
DEBUG 2017-11-15 07:23:33,193: 	 Command use: submit
DEBUG 2017-11-15 07:23:33,193: 	 Options use: ['-c', 'crab3_TT_MC.py']
DEBUG 2017-11-15 07:23:34,814: 	 CRABClient version: 3.3.1707.patch1
DEBUG 2017-11-15 07:23:34,814: 	 Instance is prod
DEBUG 2017-11-15 07:23:34,814: 	 Server base url is cmsweb.cern.ch
DEBUG 2017-11-15 07:23:34,814: 	 Command url /crabserver/prod/workflow
DEBUG 2017-11-15 07:23:34,814: 	 Started submission
DEBUG 2017-11-15 07:23:34,814: 	 Working on /uscms_data/d3/samuellh/WorkingArea/TauAnalysis/CMSSW_9_3_2/src/PUAnalysis/VBFtt2017/crab/VBF22/crab_20171115_072330
DEBUG 2017-11-15 07:23:36,642: 	 Loading required information from the environment
DEBUG 2017-11-15 07:23:36,642: 	 Found CMSSW_9_3_2 for slc6_amd64_gcc630 with base /uscms_data/d3/samuellh/WorkingArea/TauAnalysis/CMSSW_9_3_2
DEBUG 2017-11-15 07:23:36,642: 	 Loading required information from the environment
DEBUG 2017-11-15 07:23:36,642: 	 Found CMSSW_9_3_2 for slc6_amd64_gcc630 with base /uscms_data/d3/samuellh/WorkingArea/TauAnalysis/CMSSW_9_3_2
DEBUG 2017-11-15 07:23:36,654: 	 UNIQUE NAME: tarUUID cbb281f9-7a4d-4ea2-8f86-386a26188043 
DEBUG 2017-11-15 07:23:36,655: 	 self.config: from WMCore.Configuration import Configuration
config = Configuration()
config.section_('General')
config.section_('JobType')
config.JobType.psetName = '../../../TT-MC-Up.py'
config.JobType.pluginName = 'Analysis'
config.JobType.inputFiles = ['../../../Configuration/data/PhaseIISummer16_25nsV3_MC.db']
config.JobType.outputFiles = ['analysis.root']
config.JobType.allowUndistributedCMSSW = True
config.section_('Data')
config.Data.inputDataset = '/SMS-TStauStau_mStau-200_mLSP-100_TuneCUETP8M1_14TeV-madgraphMLM-pythia8/PhaseIITDRFall17MiniAOD-PU200_93X_upgrade2023_realistic_v2-v1/MINIAODSIM'
config.Data.unitsPerJob = 1
config.Data.publication = False
config.Data.inputDBS = 'global'
config.Data.splitting = 'FileBased'
config.section_('Site')
config.Site.storageSite = 'T3_US_FNALLPC'
config.section_('User')
config.section_('Debug')

DEBUG 2017-11-15 07:23:36,655: 	 self.config.JobType.psetName: ../../../TT-MC-Up.py
INFO 2017-11-15 07:23:36,655: 	 Importing CMSSW configuration ../../../TT-MC-Up.py
INFO 2017-11-15 07:23:39,309: 	 Finished importing CMSSW configuration ../../../TT-MC-Up.py
DEBUG 2017-11-15 07:23:39,310: 	 Writing CMSSW configuration to /uscms_data/d3/samuellh/WorkingArea/TauAnalysis/CMSSW_9_3_2/src/PUAnalysis/VBFtt2017/crab/VBF22/crab_20171115_072330/inputs/PSet.py
DEBUG 2017-11-15 07:23:40,273: 	 The following EDM output files will be collected: []
DEBUG 2017-11-15 07:23:40,273: 	 The following TFile output files will be collected: ['analysis.root']
DEBUG 2017-11-15 07:23:40,273: 	 The following user output files will be collected: []
DEBUG 2017-11-15 07:23:40,273: 	 Loading required information from the environment
DEBUG 2017-11-15 07:23:40,274: 	 Found CMSSW_9_3_2 for slc6_amd64_gcc630 with base /uscms_data/d3/samuellh/WorkingArea/TauAnalysis/CMSSW_9_3_2
DEBUG 2017-11-15 07:23:40,274: 	 Making tarball in /uscms_data/d3/samuellh/WorkingArea/TauAnalysis/CMSSW_9_3_2/src/PUAnalysis/VBFtt2017/crab/VBF22/crab_20171115_072330/inputs/cbb281f9-7a4d-4ea2-8f86-386a26188043default.tgz
DEBUG 2017-11-15 07:23:40,278: 	 Checking directory /uscms_data/d3/samuellh/WorkingArea/TauAnalysis/CMSSW_9_3_2/lib
DEBUG 2017-11-15 07:23:40,278: 	 Adding directory /uscms_data/d3/samuellh/WorkingArea/TauAnalysis/CMSSW_9_3_2/lib to tarball
DEBUG 2017-11-15 07:23:40,978: 	 Checking directory /uscms_data/d3/samuellh/WorkingArea/TauAnalysis/CMSSW_9_3_2/biglib
DEBUG 2017-11-15 07:23:40,978: 	 Adding directory /uscms_data/d3/samuellh/WorkingArea/TauAnalysis/CMSSW_9_3_2/biglib to tarball
DEBUG 2017-11-15 07:23:40,981: 	 Checking directory /uscms_data/d3/samuellh/WorkingArea/TauAnalysis/CMSSW_9_3_2/module
DEBUG 2017-11-15 07:23:41,017: 	 Adding data directory /uscms_data/d3/samuellh/WorkingArea/TauAnalysis/CMSSW_9_3_2/src/PUAnalysis/Configuration/data to tarball
DEBUG 2017-11-15 07:23:44,422: 	 Adding data directory /uscms_data/d3/samuellh/WorkingArea/TauAnalysis/CMSSW_9_3_2/src/PUAnalysis/DataFormats/interface to tarball
DEBUG 2017-11-15 07:23:44,432: 	 Adding data directory /uscms_data/d3/samuellh/WorkingArea/TauAnalysis/CMSSW_9_3_2/src/PUAnalysis/NtupleTools/interface to tarball
DEBUG 2017-11-15 07:23:44,447: 	 Adding data directory /uscms_data/d3/samuellh/WorkingArea/TauAnalysis/CMSSW_9_3_2/src/PUAnalysis/RecoTools/interface to tarball
DEBUG 2017-11-15 07:23:44,651: 	 Adding file ../../../Configuration/data/PhaseIISummer16_25nsV3_MC.db to tarball
DEBUG 2017-11-15 07:23:44,976: 	 Uploading archive /uscms_data/d3/samuellh/WorkingArea/TauAnalysis/CMSSW_9_3_2/src/PUAnalysis/VBFtt2017/crab/VBF22/crab_20171115_072330/inputs/cbb281f9-7a4d-4ea2-8f86-386a26188043default.tgz (11 MB) to the CRAB cache. Using URI https://cmsweb.cern.ch/crabcache
DEBUG 2017-11-15 07:23:52,049: 	 Loading required information from the environment
DEBUG 2017-11-15 07:23:52,049: 	 Found CMSSW_9_3_2 for slc6_amd64_gcc630 with base /uscms_data/d3/samuellh/WorkingArea/TauAnalysis/CMSSW_9_3_2
DEBUG 2017-11-15 07:23:52,050: 	 Making tarball in /uscms_data/d3/samuellh/WorkingArea/TauAnalysis/CMSSW_9_3_2/src/PUAnalysis/VBFtt2017/crab/VBF22/crab_20171115_072330/inputs/debugFiles.tgz
DEBUG 2017-11-15 07:23:52,056: 	 Uploading archive /uscms_data/d3/samuellh/WorkingArea/TauAnalysis/CMSSW_9_3_2/src/PUAnalysis/VBFtt2017/crab/VBF22/crab_20171115_072330/inputs/debugFiles.tgz (2 KB) to the CRAB cache. Using URI https://cmsweb.cern.ch/crabcache
DEBUG 2017-11-15 07:23:53,862: 	 Result uploading input files: 4e198fb019d07e682a8bd09208595d4eb73bac82ae7f6e24154a54b4451cc952.tar.gz 
INFO 2017-11-15 07:23:53,863: 	 Sending the request to the server
DEBUG 2017-11-15 07:23:53,863: 	 Submitting {'maxjobruntime': 1250, 'extrajdl': [], 'ignorelocality': 0, 'savelogsflag': 0, 'useparent': 0, 'asyncdest': 'T3_US_FNALLPC', 'algoargs': 1, 'cachefilename': '4e198fb019d07e682a8bd09208595d4eb73bac82ae7f6e24154a54b4451cc952.tar.gz', 'numcores': 1, 'addoutputfiles': [], 'generator': 'pythia', 'maxmemory': 2000, 'publishdbsurl': 'https://cmsweb.cern.ch/dbs/prod/phys03/DBSWriter', 'priority': 10, 'jobsw': 'CMSSW_9_3_2', 'edmoutfiles': [], 'userfiles': [], 'primarydataset': '', 'inputdata': '/SMS-TStauStau_mStau-200_mLSP-100_TuneCUETP8M1_14TeV-madgraphMLM-pythia8/PhaseIITDRFall17MiniAOD-PU200_93X_upgrade2023_realistic_v2-v1/MINIAODSIM', 'dryrun': 0, 'workflow': 'crab_20171115_072330', 'cacheurl': u'https://cmsweb.cern.ch/crabcache', 'nonprodsw': 1, 'tfileoutfiles': ['analysis.root'], 'oneEventMode': 0, 'debugfilename': 'e74a477f2f9ed62f548e641badded27052c3fdf3ccb41f47d4e0ca7b690f5754.tar.gz', 'saveoutput': 1, 'publication': 0, 'jobarch': 'slc6_amd64_gcc630', 'totalunits': 0, 'splitalgo': 'FileBased', 'ignoreglobalblacklist': 0, 'nonvaliddata': 0, 'dbsurl': 'https://cmsweb.cern.ch/dbs/prod/global/DBSReader', 'publishgroupname': 0, 'jobtype': 'Analysis', 'publishname2': ''} 
DEBUG 2017-11-15 07:23:53,863: 	 Encoded submit request: maxjobruntime=1250&ignorelocality=0&savelogsflag=0&useparent=0&asyncdest=T3_US_FNALLPC&algoargs=1&cachefilename=4e198fb019d07e682a8bd09208595d4eb73bac82ae7f6e24154a54b4451cc952.tar.gz&numcores=1&generator=pythia&maxmemory=2000&publishdbsurl=https%3A%2F%2Fcmsweb.cern.ch%2Fdbs%2Fprod%2Fphys03%2FDBSWriter&priority=10&jobsw=CMSSW_9_3_2&primarydataset=&inputdata=%2FSMS-TStauStau_mStau-200_mLSP-100_TuneCUETP8M1_14TeV-madgraphMLM-pythia8%2FPhaseIITDRFall17MiniAOD-PU200_93X_upgrade2023_realistic_v2-v1%2FMINIAODSIM&dryrun=0&workflow=crab_20171115_072330&cacheurl=https%3A%2F%2Fcmsweb.cern.ch%2Fcrabcache&nonprodsw=1&oneEventMode=0&debugfilename=e74a477f2f9ed62f548e641badded27052c3fdf3ccb41f47d4e0ca7b690f5754.tar.gz&saveoutput=1&publication=0&jobarch=slc6_amd64_gcc630&totalunits=0&splitalgo=FileBased&ignoreglobalblacklist=0&nonvaliddata=0&dbsurl=https%3A%2F%2Fcmsweb.cern.ch%2Fdbs%2Fprod%2Fglobal%2FDBSReader&publishgroupname=0&jobtype=Analysis&publishname2=&tfileoutfiles=analysis.root
DEBUG 2017-11-15 07:23:55,780: 	 Result: {u'result': [{u'RequestName': u'171115_132355:shigginb_crab_20171115_072330'}]}
INFO 2017-11-15 07:23:55,784: 	 Success: Your task has been delivered to the CRAB3 server.
INFO 2017-11-15 07:23:55,784: 	 Task name: 171115_132355:shigginb_crab_20171115_072330
INFO 2017-11-15 07:23:55,784: 	 Please use 'crab status' to check how the submission process proceeds.
DEBUG 2017-11-15 07:23:55,784: 	 About to return
INFO 2017-11-15 07:23:55,790: 	 Log file is /uscms_data/d3/samuellh/WorkingArea/TauAnalysis/CMSSW_9_3_2/src/PUAnalysis/VBFtt2017/crab/VBF22/crab_20171115_072330/crab.log
DEBUG 2017-11-15 07:58:57,791: 	 Executing command: 'status'
DEBUG 2017-11-15 07:58:57,791: 	 Found CRAB cache file /uscms/home/samuellh/.crab3
DEBUG 2017-11-15 07:58:57,799: 	 Checking credentials
DEBUG 2017-11-15 07:58:57,799: 	 Found proxy file /tmp/x509up_u52190
DEBUG 2017-11-15 07:58:57,799: 	 Getting proxy life time left
DEBUG 2017-11-15 07:58:57,902: 	 Executing : 
 command : voms-proxy-info -file /tmp/x509up_u52190 -timeleft
 output : 81346

 error: 
 retcode : 0
DEBUG 2017-11-15 07:58:58,005: 	 Executing : 
 command : voms-proxy-info -file /tmp/x509up_u52190 -actimeleft
 output : 81345

 error: 
 retcode : 0
DEBUG 2017-11-15 07:58:58,006: 	 Proxy valid for 22:35:46 hours
DEBUG 2017-11-15 07:58:58,119: 	 Executing : 
 command : openssl x509 -in ~/.globus/usercert.pem -subject -noout
 output : subject= /DC=ch/DC=cern/OU=Organic Units/OU=Users/CN=shigginb/CN=785176/CN=Sam Higginbotham

 error: 
 retcode : 0
DEBUG 2017-11-15 07:58:58,119: 	 Checking credentials
DEBUG 2017-11-15 07:58:58,119: 	 Found proxy file /tmp/x509up_u52190
DEBUG 2017-11-15 07:58:58,119: 	 Getting proxy life time left
DEBUG 2017-11-15 07:58:58,223: 	 Executing : 
 command : voms-proxy-info -file /tmp/x509up_u52190 -timeleft
 output : 81345

 error: 
 retcode : 0
DEBUG 2017-11-15 07:58:58,326: 	 Executing : 
 command : voms-proxy-info -file /tmp/x509up_u52190 -actimeleft
 output : 81344

 error: 
 retcode : 0
DEBUG 2017-11-15 07:58:58,327: 	 Proxy valid for 22:35:45 hours
DEBUG 2017-11-15 07:59:00,102: 	 Registering user credentials for server /DC=ch/DC=cern/OU=computers/CN=vocms(045|052|021|031|0118|0118a|0119|0108|0105|0109).cern.ch
DEBUG 2017-11-15 07:59:00,211: 	 Executing : 
 command : openssl x509 -in ~/.globus/usercert.pem -subject -noout
 output : subject= /DC=ch/DC=cern/OU=Organic Units/OU=Users/CN=shigginb/CN=785176/CN=Sam Higginbotham

 error: 
 retcode : 0
DEBUG 2017-11-15 07:59:00,211: 	 Getting myproxy life time left for myproxy.cern.ch
DEBUG 2017-11-15 07:59:00,211: 	 Calculating hash of /DC=ch/DC=cern/OU=Organic Units/OU=Users/CN=shigginb/CN=785176/CN=Sam Higginbotham_cmsweb.cern.ch for credential name
DEBUG 2017-11-15 07:59:00,915: 	 Executing : 
 command : myproxy-info -l 2f318c7a260d78734589f2cc772d26b8be79ec6c -s myproxy.cern.ch
 output : username: 2f318c7a260d78734589f2cc772d26b8be79ec6c
owner: /DC=ch/DC=cern/OU=Organic Units/OU=Users/CN=shigginb/CN=785176/CN=Sam Higginbotham
  renewal policy: /DC=ch/DC=cern/OU=computers/CN=vocms(045|052|021|031|0118|0118a|0119|0108|0105|0109).cern.ch
  trusted retrieval policy: /DC=ch/DC=cern/OU=computers/CN=vocms(045|052|021|031|0118|0118a|0119|0108|0105|0109).cern.ch
  timeleft: 431:24:41  (18.0 days)

 error: 
 retcode : 0
DEBUG 2017-11-15 07:59:00,917: 	 Myproxy is valid: 1553081
DEBUG 2017-11-15 07:59:00,917: 	 Command use: status
DEBUG 2017-11-15 07:59:00,917: 	 Options use: ['-d', 'crab_20171115_072330/']
DEBUG 2017-11-15 07:59:02,685: 	 CRABClient version: 3.3.1707.patch1
DEBUG 2017-11-15 07:59:02,686: 	 Instance is prod
DEBUG 2017-11-15 07:59:02,686: 	 Server base url is cmsweb.cern.ch
DEBUG 2017-11-15 07:59:02,686: 	 Command url /crabserver/prod/workflow
DEBUG 2017-11-15 07:59:04,284: 	 Got information from server oracle database: {u'result': [u'171115_132355:shigginb_crab_20171115_072330', u'None', u'SUBMITTED', u'2017-11-15 13:23:55.645575', u'None', u'2017-11-15 13:24:50.677226', u'None', u'CMSSW_9_3_2', u'slc6_amd64_gcc630', u'/SMS-TStauStau_mStau-200_mLSP-100_TuneCUETP8M1_14TeV-madgraphMLM-pythia8/PhaseIITDRFall17MiniAOD-PU200_93X_upgrade2023_realistic_v2-v1/MINIAODSIM', u'[]', u'[]', u'FileBased', u"{'splitOnRun': False, 'halt_job_on_file_boundaries': False, 'files_per_job': 1, 'runs': [], 'lumis': []}", u'0', u'4e198fb019d07e682a8bd09208595d4eb73bac82ae7f6e24154a54b4451cc952.tar.gz', u'https://cmsweb.cern.ch/crabcache', u'shigginb', u'/DC=ch/DC=cern/OU=Organic Units/OU=Users/CN=shigginb/CN=785176/CN=Sam Higginbotham', u'cms', u'None', u'None', u'crab_20171115_072330-00000000000000000000000000000000', u'T3_US_FNALLPC', u'https://cmsweb.cern.ch/dbs/prod/global/DBSReader', u'https://cmsweb.cern.ch/dbs/prod/phys03/DBSWriter', u'F', u'Analysis', u'{}', u'[]', u'F', u'vocms052', u'[]', u'1250', u'1', u'2000', u'10', u'None', u'http://vocms0106.cern.ch/mon/cms1359/171115_132355:shigginb_crab_20171115_072330', u'None', u'None', u'[]', u'[]', u'[]', u'pythia', u'[]', u"['analysis.root']", u'[]', u'https://cmsweb.cern.ch/crabserver/prod', u'None', u'0', u'cmssrv221.fnal.gov:9620', u'crab3@vocms0106.cern.ch', u'F', u'[]', u'T', u'/store/user/shigginb/', u'F', u'None', u'F', u'F', u'F', u'None', u'SMS-TStauStau_mStau-200_mLSP-100_TuneCUETP8M1_14TeV-madgraphMLM-pythia8', u'filetransfers', u'SUBMIT', u'26791786', u'e74a477f2f9ed62f548e641badded27052c3fdf3ccb41f47d4e0ca7b690f5754.tar.gz', u'131.225.190.56', u'F', u'None'], u'desc': {u'columns': [u'tm_taskname', u'panda_jobset_id', u'tm_task_status', u'tm_start_time', u'tm_start_injection', u'tm_end_injection', u'tm_task_failure', u'tm_job_sw', u'tm_job_arch', u'tm_input_dataset', u'tm_site_whitelist', u'tm_site_blacklist', u'tm_split_algo', u'tm_split_args', u'tm_totalunits', u'tm_user_sandbox', u'tm_cache_url', u'tm_username', u'tm_user_dn', u'tm_user_vo', u'tm_user_role', u'tm_user_group', u'tm_publish_name', u'tm_asyncdest', u'tm_dbs_url', u'tm_publish_dbs_url', u'tm_publication', u'tm_job_type', u'tm_arguments', u'panda_resubmitted_jobs', u'tm_save_logs', u'tw_name', u'tm_user_infiles', u'tm_maxjobruntime', u'tm_numcores', u'tm_maxmemory', u'tm_priority', u'tm_output_dataset', u'tm_user_webdir', u'tm_activity', u'tm_scriptexe', u'tm_scriptargs', u'tm_extrajdl', u'tm_task_warnings', u'tm_generator', u'tm_outfiles', u'tm_tfile_outfiles', u'tm_edm_outfiles', u'tm_asourl', u'tm_events_per_lumi', u'tm_use_parent', u'tm_collector', u'tm_schedd', u'tm_dry_run', u'tm_user_files', u'tm_transfer_outputs', u'tm_output_lfn', u'tm_ignore_locality', u'tm_fail_limit', u'tm_one_event_mode', u'tm_publish_groupname', u'tm_nonvalid_input_dataset', u'tm_secondary_input_dataset', u'tm_primary_dataset', u'tm_asodb', u'tm_task_command', u'clusterid', u'tm_debug_files', u'tm_submitter_ip_addr', u'tm_ignore_global_blacklist', u'tm_last_publication']}}
INFO 2017-11-15 07:59:04,284: 	 CRAB project directory:		/uscms_data/d3/samuellh/WorkingArea/TauAnalysis/CMSSW_9_3_2/src/PUAnalysis/VBFtt2017/crab/VBF22/crab_20171115_072330
INFO 2017-11-15 07:59:04,284: 	 Task name:			171115_132355:shigginb_crab_20171115_072330
INFO 2017-11-15 07:59:04,285: 	 Grid scheduler:			crab3@vocms0106.cern.ch
INFO 2017-11-15 07:59:04,285: 	 Status on the CRAB server:	SUBMITTED
INFO 2017-11-15 07:59:04,285: 	 Task URL to use for HELP:	https://cmsweb.cern.ch/crabserver/ui/task/171115_132355%3Ashigginb_crab_20171115_072330
INFO 2017-11-15 07:59:04,285: 	 Dashboard monitoring URL:	http://dashb-cms-job.cern.ch/dashboard/templates/task-analysis/#user=shigginb&refresh=0&table=Jobs&p=1&records=25&activemenu=2&status=&site=&tid=171115_132355%3Ashigginb_crab_20171115_072330
DEBUG 2017-11-15 07:59:04,285: 	 The CRAB server submitted your task to the Grid scheduler (cluster ID: 26791786)
DEBUG 2017-11-15 07:59:04,285: 	 Webdir is located at http://vocms0106.cern.ch/mon/cms1359/171115_132355:shigginb_crab_20171115_072330
DEBUG 2017-11-15 07:59:06,079: 	 Proxied webdir is located at https://cmsweb.cern.ch/scheddmon/0106/cms1359/171115_132355:shigginb_crab_20171115_072330
DEBUG 2017-11-15 07:59:06,079: 	 Retrieving 'status_cache' file from https://cmsweb.cern.ch/scheddmon/0106/cms1359/171115_132355:shigginb_crab_20171115_072330/status_cache
DEBUG 2017-11-15 07:59:07,710: 	 Got information from status cache file: {'1': {'Retries': 0, 'WallDurations': [118.0], 'StartTimes': [1510752414.0], 'SubmitTimes': [1510752301.0], 'JobIds': ['26791788.0'], 'EndTimes': [1510752532.0], 'Restarts': 0, 'RecordedSite': False, 'State': 'finished', 'ResidentSetSize': [15072], 'TotalUserCpuTimeHistory': [51], 'SiteHistory': ['Unknown'], 'TotalSysCpuTimeHistory': [1]}, '2': {'Retries': 0, 'WallDurations': [170.0], 'StartTimes': [1510752414.0], 'SubmitTimes': [1510752301.0], 'JobIds': ['26791789.0'], 'EndTimes': [1510752584.0], 'Restarts': 0, 'RecordedSite': False, 'State': 'finished', 'ResidentSetSize': [2152], 'TotalUserCpuTimeHistory': [108], 'SiteHistory': ['Unknown'], 'TotalSysCpuTimeHistory': [5]}}
INFO 2017-11-15 07:59:07,711: 	 Status on the scheduler:	COMPLETED
INFO 2017-11-15 07:59:07,711: 	 
Jobs status:                    finished      100.0% (2/2)
INFO 2017-11-15 07:59:07,711: 	 
No publication information (publication has been disabled in the CRAB configuration file)
INFO 2017-11-15 07:59:07,771: 	 Log file is /uscms_data/d3/samuellh/WorkingArea/TauAnalysis/CMSSW_9_3_2/src/PUAnalysis/VBFtt2017/crab/VBF22/crab_20171115_072330/crab.log
DEBUG 2017-11-15 09:12:17,789: 	 Executing command: 'status'
DEBUG 2017-11-15 09:12:17,790: 	 Found CRAB cache file /uscms/home/samuellh/.crab3
DEBUG 2017-11-15 09:12:17,797: 	 Checking credentials
DEBUG 2017-11-15 09:12:17,797: 	 Found proxy file /tmp/x509up_u52190
DEBUG 2017-11-15 09:12:17,797: 	 Getting proxy life time left
DEBUG 2017-11-15 09:12:17,900: 	 Executing : 
 command : voms-proxy-info -file /tmp/x509up_u52190 -timeleft
 output : 76946

 error: 
 retcode : 0
DEBUG 2017-11-15 09:12:18,003: 	 Executing : 
 command : voms-proxy-info -file /tmp/x509up_u52190 -actimeleft
 output : 76945

 error: 
 retcode : 0
DEBUG 2017-11-15 09:12:18,003: 	 Proxy valid for 21:22:26 hours
DEBUG 2017-11-15 09:12:18,116: 	 Executing : 
 command : openssl x509 -in ~/.globus/usercert.pem -subject -noout
 output : subject= /DC=ch/DC=cern/OU=Organic Units/OU=Users/CN=shigginb/CN=785176/CN=Sam Higginbotham

 error: 
 retcode : 0
DEBUG 2017-11-15 09:12:18,117: 	 Checking credentials
DEBUG 2017-11-15 09:12:18,117: 	 Found proxy file /tmp/x509up_u52190
DEBUG 2017-11-15 09:12:18,117: 	 Getting proxy life time left
DEBUG 2017-11-15 09:12:18,220: 	 Executing : 
 command : voms-proxy-info -file /tmp/x509up_u52190 -timeleft
 output : 76945

 error: 
 retcode : 0
DEBUG 2017-11-15 09:12:18,323: 	 Executing : 
 command : voms-proxy-info -file /tmp/x509up_u52190 -actimeleft
 output : 76944

 error: 
 retcode : 0
DEBUG 2017-11-15 09:12:18,324: 	 Proxy valid for 21:22:25 hours
DEBUG 2017-11-15 09:12:20,301: 	 Registering user credentials for server /DC=ch/DC=cern/OU=computers/CN=vocms(045|052|021|031|0118|0118a|0119|0108|0105|0109).cern.ch
DEBUG 2017-11-15 09:12:20,410: 	 Executing : 
 command : openssl x509 -in ~/.globus/usercert.pem -subject -noout
 output : subject= /DC=ch/DC=cern/OU=Organic Units/OU=Users/CN=shigginb/CN=785176/CN=Sam Higginbotham

 error: 
 retcode : 0
DEBUG 2017-11-15 09:12:20,410: 	 Getting myproxy life time left for myproxy.cern.ch
DEBUG 2017-11-15 09:12:20,410: 	 Calculating hash of /DC=ch/DC=cern/OU=Organic Units/OU=Users/CN=shigginb/CN=785176/CN=Sam Higginbotham_cmsweb.cern.ch for credential name
DEBUG 2017-11-15 09:12:21,215: 	 Executing : 
 command : myproxy-info -l 2f318c7a260d78734589f2cc772d26b8be79ec6c -s myproxy.cern.ch
 output : username: 2f318c7a260d78734589f2cc772d26b8be79ec6c
owner: /DC=ch/DC=cern/OU=Organic Units/OU=Users/CN=shigginb/CN=785176/CN=Sam Higginbotham
  renewal policy: /DC=ch/DC=cern/OU=computers/CN=vocms(045|052|021|031|0118|0118a|0119|0108|0105|0109).cern.ch
  trusted retrieval policy: /DC=ch/DC=cern/OU=computers/CN=vocms(045|052|021|031|0118|0118a|0119|0108|0105|0109).cern.ch
  timeleft: 430:11:20  (17.9 days)

 error: 
 retcode : 0
DEBUG 2017-11-15 09:12:21,216: 	 Myproxy is valid: 1548680
DEBUG 2017-11-15 09:12:21,216: 	 Command use: status
DEBUG 2017-11-15 09:12:21,216: 	 Options use: ['-d', 'crab_20171115_072330/']
DEBUG 2017-11-15 09:12:23,012: 	 CRABClient version: 3.3.1707.patch1
DEBUG 2017-11-15 09:12:23,012: 	 Instance is prod
DEBUG 2017-11-15 09:12:23,013: 	 Server base url is cmsweb.cern.ch
DEBUG 2017-11-15 09:12:23,013: 	 Command url /crabserver/prod/workflow
DEBUG 2017-11-15 09:12:24,721: 	 Got information from server oracle database: {u'result': [u'171115_132355:shigginb_crab_20171115_072330', u'None', u'SUBMITTED', u'2017-11-15 13:23:55.645575', u'None', u'2017-11-15 13:24:50.677226', u'None', u'CMSSW_9_3_2', u'slc6_amd64_gcc630', u'/SMS-TStauStau_mStau-200_mLSP-100_TuneCUETP8M1_14TeV-madgraphMLM-pythia8/PhaseIITDRFall17MiniAOD-PU200_93X_upgrade2023_realistic_v2-v1/MINIAODSIM', u'[]', u'[]', u'FileBased', u"{'splitOnRun': False, 'halt_job_on_file_boundaries': False, 'files_per_job': 1, 'runs': [], 'lumis': []}", u'0', u'4e198fb019d07e682a8bd09208595d4eb73bac82ae7f6e24154a54b4451cc952.tar.gz', u'https://cmsweb.cern.ch/crabcache', u'shigginb', u'/DC=ch/DC=cern/OU=Organic Units/OU=Users/CN=shigginb/CN=785176/CN=Sam Higginbotham', u'cms', u'None', u'None', u'crab_20171115_072330-00000000000000000000000000000000', u'T3_US_FNALLPC', u'https://cmsweb.cern.ch/dbs/prod/global/DBSReader', u'https://cmsweb.cern.ch/dbs/prod/phys03/DBSWriter', u'F', u'Analysis', u'{}', u'[]', u'F', u'vocms052', u'[]', u'1250', u'1', u'2000', u'10', u'None', u'http://vocms0106.cern.ch/mon/cms1359/171115_132355:shigginb_crab_20171115_072330', u'None', u'None', u'[]', u'[]', u'[]', u'pythia', u'[]', u"['analysis.root']", u'[]', u'https://cmsweb.cern.ch/crabserver/prod', u'None', u'0', u'cmssrv221.fnal.gov:9620', u'crab3@vocms0106.cern.ch', u'F', u'[]', u'T', u'/store/user/shigginb/', u'F', u'None', u'F', u'F', u'F', u'None', u'SMS-TStauStau_mStau-200_mLSP-100_TuneCUETP8M1_14TeV-madgraphMLM-pythia8', u'filetransfers', u'SUBMIT', u'26791786', u'e74a477f2f9ed62f548e641badded27052c3fdf3ccb41f47d4e0ca7b690f5754.tar.gz', u'131.225.190.56', u'F', u'None'], u'desc': {u'columns': [u'tm_taskname', u'panda_jobset_id', u'tm_task_status', u'tm_start_time', u'tm_start_injection', u'tm_end_injection', u'tm_task_failure', u'tm_job_sw', u'tm_job_arch', u'tm_input_dataset', u'tm_site_whitelist', u'tm_site_blacklist', u'tm_split_algo', u'tm_split_args', u'tm_totalunits', u'tm_user_sandbox', u'tm_cache_url', u'tm_username', u'tm_user_dn', u'tm_user_vo', u'tm_user_role', u'tm_user_group', u'tm_publish_name', u'tm_asyncdest', u'tm_dbs_url', u'tm_publish_dbs_url', u'tm_publication', u'tm_job_type', u'tm_arguments', u'panda_resubmitted_jobs', u'tm_save_logs', u'tw_name', u'tm_user_infiles', u'tm_maxjobruntime', u'tm_numcores', u'tm_maxmemory', u'tm_priority', u'tm_output_dataset', u'tm_user_webdir', u'tm_activity', u'tm_scriptexe', u'tm_scriptargs', u'tm_extrajdl', u'tm_task_warnings', u'tm_generator', u'tm_outfiles', u'tm_tfile_outfiles', u'tm_edm_outfiles', u'tm_asourl', u'tm_events_per_lumi', u'tm_use_parent', u'tm_collector', u'tm_schedd', u'tm_dry_run', u'tm_user_files', u'tm_transfer_outputs', u'tm_output_lfn', u'tm_ignore_locality', u'tm_fail_limit', u'tm_one_event_mode', u'tm_publish_groupname', u'tm_nonvalid_input_dataset', u'tm_secondary_input_dataset', u'tm_primary_dataset', u'tm_asodb', u'tm_task_command', u'clusterid', u'tm_debug_files', u'tm_submitter_ip_addr', u'tm_ignore_global_blacklist', u'tm_last_publication']}}
INFO 2017-11-15 09:12:24,721: 	 CRAB project directory:		/uscms_data/d3/samuellh/WorkingArea/TauAnalysis/CMSSW_9_3_2/src/PUAnalysis/VBFtt2017/crab/VBF22/crab_20171115_072330
INFO 2017-11-15 09:12:24,721: 	 Task name:			171115_132355:shigginb_crab_20171115_072330
INFO 2017-11-15 09:12:24,722: 	 Grid scheduler:			crab3@vocms0106.cern.ch
INFO 2017-11-15 09:12:24,722: 	 Status on the CRAB server:	SUBMITTED
INFO 2017-11-15 09:12:24,722: 	 Task URL to use for HELP:	https://cmsweb.cern.ch/crabserver/ui/task/171115_132355%3Ashigginb_crab_20171115_072330
INFO 2017-11-15 09:12:24,722: 	 Dashboard monitoring URL:	http://dashb-cms-job.cern.ch/dashboard/templates/task-analysis/#user=shigginb&refresh=0&table=Jobs&p=1&records=25&activemenu=2&status=&site=&tid=171115_132355%3Ashigginb_crab_20171115_072330
DEBUG 2017-11-15 09:12:24,722: 	 The CRAB server submitted your task to the Grid scheduler (cluster ID: 26791786)
DEBUG 2017-11-15 09:12:24,722: 	 Webdir is located at http://vocms0106.cern.ch/mon/cms1359/171115_132355:shigginb_crab_20171115_072330
DEBUG 2017-11-15 09:12:26,552: 	 Proxied webdir is located at https://cmsweb.cern.ch/scheddmon/0106/cms1359/171115_132355:shigginb_crab_20171115_072330
DEBUG 2017-11-15 09:12:26,553: 	 Retrieving 'status_cache' file from https://cmsweb.cern.ch/scheddmon/0106/cms1359/171115_132355:shigginb_crab_20171115_072330/status_cache
DEBUG 2017-11-15 09:12:28,199: 	 Got information from status cache file: {'1': {'Retries': 0, 'WallDurations': [118.0], 'StartTimes': [1510752414.0], 'SubmitTimes': [1510752301.0], 'JobIds': ['26791788.0'], 'EndTimes': [1510752532.0], 'Restarts': 0, 'RecordedSite': False, 'State': 'finished', 'ResidentSetSize': [15072], 'TotalUserCpuTimeHistory': [51], 'SiteHistory': ['Unknown'], 'TotalSysCpuTimeHistory': [1]}, '2': {'Retries': 0, 'WallDurations': [170.0], 'StartTimes': [1510752414.0], 'SubmitTimes': [1510752301.0], 'JobIds': ['26791789.0'], 'EndTimes': [1510752584.0], 'Restarts': 0, 'RecordedSite': False, 'State': 'finished', 'ResidentSetSize': [2152], 'TotalUserCpuTimeHistory': [108], 'SiteHistory': ['Unknown'], 'TotalSysCpuTimeHistory': [5]}}
INFO 2017-11-15 09:12:28,199: 	 Status on the scheduler:	COMPLETED
INFO 2017-11-15 09:12:28,199: 	 
Jobs status:                    finished      100.0% (2/2)
INFO 2017-11-15 09:12:28,200: 	 
No publication information (publication has been disabled in the CRAB configuration file)
INFO 2017-11-15 09:12:28,210: 	 Log file is /uscms_data/d3/samuellh/WorkingArea/TauAnalysis/CMSSW_9_3_2/src/PUAnalysis/VBFtt2017/crab/VBF22/crab_20171115_072330/crab.log
