('The system path in the config file ', ['/cvmfs/cms.cern.ch/crab3/slc6_amd64_gcc493/cms/crabclient/3.3.1707.patch1/bin', '/uscms_data/d3/samuellh/WorkingArea/TauAnalysis/CMSSW_9_3_2/python', '/uscms_data/d3/samuellh/WorkingArea/TauAnalysis/CMSSW_9_3_2/lib/slc6_amd64_gcc630', '/cvmfs/cms.cern.ch/slc6_amd64_gcc630/cms/cmssw/CMSSW_9_3_2/python', '/cvmfs/cms.cern.ch/slc6_amd64_gcc630/cms/cmssw/CMSSW_9_3_2/lib/slc6_amd64_gcc630', '/cvmfs/cms.cern.ch/slc6_amd64_gcc630/cms/coral/CORAL_2_3_21-ghjeda6/slc6_amd64_gcc630/python', '/cvmfs/cms.cern.ch/slc6_amd64_gcc630/cms/coral/CORAL_2_3_21-ghjeda6/slc6_amd64_gcc630/lib', '/cvmfs/cms.cern.ch/slc6_amd64_gcc630/external/professor2/2.2.1-ghjeda6/lib/python2.7/site-packages', '/cvmfs/cms.cern.ch/slc6_amd64_gcc630/external/pyqt/4.11.4-mlhled2/lib/python2.7/site-packages', '/cvmfs/cms.cern.ch/slc6_amd64_gcc630/external/sherpa/2.2.4-ghjeda/lib/python2.7/site-packages', '/cvmfs/cms.cern.ch/slc6_amd64_gcc630/external/rivet/2.5.2-ghjeda4/lib/python2.7/site-packages', '/cvmfs/cms.cern.ch/slc6_amd64_gcc630/external/python-ldap/2.4.10-mlhled2/lib/python2.7/site-packages', '/cvmfs/cms.cern.ch/slc6_amd64_gcc630/external/py2-matplotlib/1.5.2-njopjo/lib/python2.7/site-packages', '/cvmfs/cms.cern.ch/slc6_amd64_gcc630/external/sip/4.17-mlhled2/lib/python2.7/site-packages', '/cvmfs/cms.cern.ch/slc6_amd64_gcc630/external/llvm/4.0.0-njopjo/lib64/python2.7/site-packages', '/cvmfs/cms.cern.ch/slc6_amd64_gcc630/external/py2-sqlalchemy/1.1.4-mlhled2/lib/python2.7/site-packages', '/cvmfs/cms.cern.ch/slc6_amd64_gcc630/external/py2-lint/0.25.1-mlhled2/lib/python2.7/site-packages', '/cvmfs/cms.cern.ch/slc6_amd64_gcc630/external/py2-dxr/1.0-ghjeda6/lib/python2.7/site-packages', '/cvmfs/cms.cern.ch/slc6_amd64_gcc630/external/py2-cx-oracle/5.2.1-mlhled2/lib/python2.7/site-packages', '/cvmfs/cms.cern.ch/slc6_amd64_gcc630/external/py2-numpy/1.12.1-mlhled2/lib/python2.7/site-packages', '/cvmfs/cms.cern.ch/slc6_amd64_gcc630/external/frontier_client/2.8.20-mlhled2/python/lib', '/cvmfs/cms.cern.ch/slc6_amd64_gcc630/cms/das_client/v03.01.00-mlhled2/bin', '/cvmfs/cms.cern.ch/slc6_amd64_gcc630/external/xrootd/4.6.1/lib/python2.7/site-packages', '/cvmfs/cms.cern.ch/slc6_amd64_gcc630/external/yoda/1.6.5-ghjeda4/lib/python2.7/site-packages', '/cvmfs/cms.cern.ch/slc6_amd64_gcc630/lcg/root/6.10.04-ghjeda/lib', '/cvmfs/cms.cern.ch/slc6_amd64_gcc630/external/pyminuit2/0.0.1-ghjeda4/lib/python2.7/site-packages', '/cvmfs/cms.cern.ch/slc6_amd64_gcc630/external/py2-PyYAML/3.11-mlhled2/lib/python2.7/site-packages', '/cvmfs/cms.cern.ch/slc6_amd64_gcc630/external/py2-pygithub/1.23.0-mlhled2/lib/python2.7/site-packages', '/cvmfs/cms.cern.ch/slc6_amd64_gcc630/external/py2-pip/9.0.1-mlhled2/lib/python2.7/site-packages', '/cvmfs/cms.cern.ch/slc6_amd64_gcc630/external/py2-dablooms/0.9.1-mlhled2/lib/python2.7/site-packages', '/cvmfs/cms.cern.ch/slc6_amd64_gcc630/external/py2-pippkgs_depscipy/3.0-ghjeda6/lib/python2.7/site-packages', '/cvmfs/cms.cern.ch/slc6_amd64_gcc630/external/py2-pippkgs/5.0-ghjeda6/lib/python2.7/site-packages', '/cvmfs/cms.cern.ch/slc6_amd64_gcc630/external/professor/1.4.0-ghjeda4/lib/python2.7/site-packages', '/cvmfs/cms.cern.ch/slc6_amd64_gcc630/cms/dbs-client/DBS_2_1_9-mlhled2/lib', '/cvmfs/cms.cern.ch/slc6_amd64_gcc630/cms/dbs-client/DBS_2_1_9-mlhled2/lib/DBSAPI', '/cvmfs/cms.cern.ch/slc6_amd64_gcc630/external/cvs2git/5419-mlhled2/lib', '/cvmfs/cms.cern.ch/crab3/slc6_amd64_gcc493/cms/crabclient/3.3.1707.patch1/lib/python2.7/site-packages', '/cvmfs/cms.cern.ch/crab3/slc6_amd64_gcc493/cms/dbs3-client/3.4.4/lib/python2.7/site-packages', '/cvmfs/cms.cern.ch/crab3/slc6_amd64_gcc493/cms/dbs3-pycurl-client/3.4.4/lib/python2.7/site-packages', '/cvmfs/cms.cern.ch/slc6_amd64_gcc630/external/py2-sqlalchemy/1.1.4-mlhled2/lib/python2.7/site-packages/SQLAlchemy-1.1.4-py2.7-linux-x86_64.egg', '/cvmfs/cms.cern.ch/slc6_amd64_gcc630/external/py2-numpy/1.12.1-mlhled2/lib/python2.7/site-packages/numpy-1.12.1-py2.7-linux-x86_64.egg', '/cvmfs/cms.cern.ch/slc6_amd64_gcc630/external/python/2.7.11-mlhled2/lib/python27.zip', '/cvmfs/cms.cern.ch/slc6_amd64_gcc630/external/python/2.7.11-mlhled2/lib/python2.7', '/cvmfs/cms.cern.ch/slc6_amd64_gcc630/external/python/2.7.11-mlhled2/lib/python2.7/plat-linux2', '/cvmfs/cms.cern.ch/slc6_amd64_gcc630/external/python/2.7.11-mlhled2/lib/python2.7/lib-tk', '/cvmfs/cms.cern.ch/slc6_amd64_gcc630/external/python/2.7.11-mlhled2/lib/python2.7/lib-old', '/cvmfs/cms.cern.ch/slc6_amd64_gcc630/external/python/2.7.11-mlhled2/lib/python2.7/lib-dynload', '/cvmfs/cms.cern.ch/slc6_amd64_gcc630/external/python/2.7.11-mlhled2/lib/python2.7/site-packages', '/uscms_data/d3/samuellh/WorkingArea/TauAnalysis/CMSSW_9_3_2/src/PUAnalysis/VBFtt2017/crab/VBF79'])
 ##################################################################### 
 # WARNING: the module CondCore.DBCommon.CondDBSetup is deprecated.  # 
 # Please import CondCore.CondDB.CondDB_cfi                          # 
 ##################################################################### 
recorrecting the jets
List Of Filters
['processedEvents', 'initialEventsTT', 'DiMuonCreation', 'AtLeastOneDiTau', 'TTTauPtEta', 'TTTauDecayFound', 'TTTauStandardDecayFound', 'TTTauDRSel', 'TTSync', 'TTAntiEle', 'TTAntiMu', 'TTIso', 'TTOS']
DEBUG 2017-11-15 07:52:45,489: 	 Executing command: 'submit'
DEBUG 2017-11-15 07:52:45,490: 	 Found CRAB cache file /uscms/home/samuellh/.crab3
DEBUG 2017-11-15 07:52:45,498: 	 Checking credentials
DEBUG 2017-11-15 07:52:45,498: 	 Found proxy file /tmp/x509up_u52190
DEBUG 2017-11-15 07:52:45,498: 	 Getting proxy life time left
DEBUG 2017-11-15 07:52:45,602: 	 Executing : 
 command : voms-proxy-info -file /tmp/x509up_u52190 -timeleft
 output : 81718

 error: 
 retcode : 0
DEBUG 2017-11-15 07:52:45,705: 	 Executing : 
 command : voms-proxy-info -file /tmp/x509up_u52190 -actimeleft
 output : 81717

 error: 
 retcode : 0
DEBUG 2017-11-15 07:52:45,705: 	 Proxy valid for 22:41:58 hours
INFO 2017-11-15 07:52:45,705: 	 Will use CRAB configuration file crab3_TT_MC.py
DEBUG 2017-11-15 07:52:45,706: 	 Loading CRAB configuration file.
DEBUG 2017-11-15 07:52:45,713: 	 Will use CRAB Analysis plugin (i.e. will run an analysis job type).
DEBUG 2017-11-15 07:52:45,828: 	 Executing : 
 command : openssl x509 -in ~/.globus/usercert.pem -subject -noout
 output : subject= /DC=ch/DC=cern/OU=Organic Units/OU=Users/CN=shigginb/CN=785176/CN=Sam Higginbotham

 error: 
 retcode : 0
DEBUG 2017-11-15 07:52:45,828: 	 Checking credentials
DEBUG 2017-11-15 07:52:45,828: 	 Found proxy file /tmp/x509up_u52190
DEBUG 2017-11-15 07:52:45,828: 	 Getting proxy life time left
DEBUG 2017-11-15 07:52:45,932: 	 Executing : 
 command : voms-proxy-info -file /tmp/x509up_u52190 -timeleft
 output : 81718

 error: 
 retcode : 0
DEBUG 2017-11-15 07:52:46,035: 	 Executing : 
 command : voms-proxy-info -file /tmp/x509up_u52190 -actimeleft
 output : 81717

 error: 
 retcode : 0
DEBUG 2017-11-15 07:52:46,035: 	 Proxy valid for 22:41:58 hours
DEBUG 2017-11-15 07:52:46,139: 	 Executing : 
 command : env X509_USER_PROXY=/tmp/x509up_u52190 voms-proxy-info -fqan
 output : /cms/Role=NULL/Capability=NULL

 error: 
 retcode : 0
DEBUG 2017-11-15 07:52:47,875: 	 Registering user credentials for server /DC=ch/DC=cern/OU=computers/CN=vocms(045|052|021|031|0118|0118a|0119|0108|0105|0109).cern.ch
DEBUG 2017-11-15 07:52:47,983: 	 Executing : 
 command : openssl x509 -in ~/.globus/usercert.pem -subject -noout
 output : subject= /DC=ch/DC=cern/OU=Organic Units/OU=Users/CN=shigginb/CN=785176/CN=Sam Higginbotham

 error: 
 retcode : 0
DEBUG 2017-11-15 07:52:47,983: 	 Getting myproxy life time left for myproxy.cern.ch
DEBUG 2017-11-15 07:52:47,983: 	 Calculating hash of /DC=ch/DC=cern/OU=Organic Units/OU=Users/CN=shigginb/CN=785176/CN=Sam Higginbotham_cmsweb.cern.ch for credential name
DEBUG 2017-11-15 07:52:48,788: 	 Executing : 
 command : myproxy-info -l 2f318c7a260d78734589f2cc772d26b8be79ec6c -s myproxy.cern.ch
 output : username: 2f318c7a260d78734589f2cc772d26b8be79ec6c
owner: /DC=ch/DC=cern/OU=Organic Units/OU=Users/CN=shigginb/CN=785176/CN=Sam Higginbotham
  renewal policy: /DC=ch/DC=cern/OU=computers/CN=vocms(045|052|021|031|0118|0118a|0119|0108|0105|0109).cern.ch
  trusted retrieval policy: /DC=ch/DC=cern/OU=computers/CN=vocms(045|052|021|031|0118|0118a|0119|0108|0105|0109).cern.ch
  timeleft: 431:30:53  (18.0 days)

 error: 
 retcode : 0
DEBUG 2017-11-15 07:52:48,790: 	 Myproxy is valid: 1553453
DEBUG 2017-11-15 07:52:48,790: 	 Command use: submit
DEBUG 2017-11-15 07:52:48,790: 	 Options use: ['-c', 'crab3_TT_MC.py']
DEBUG 2017-11-15 07:52:50,603: 	 CRABClient version: 3.3.1707.patch1
DEBUG 2017-11-15 07:52:50,603: 	 Instance is prod
DEBUG 2017-11-15 07:52:50,603: 	 Server base url is cmsweb.cern.ch
DEBUG 2017-11-15 07:52:50,603: 	 Command url /crabserver/prod/workflow
DEBUG 2017-11-15 07:52:50,603: 	 Started submission
DEBUG 2017-11-15 07:52:50,603: 	 Working on /uscms_data/d3/samuellh/WorkingArea/TauAnalysis/CMSSW_9_3_2/src/PUAnalysis/VBFtt2017/crab/VBF79/crab_20171115_075245
DEBUG 2017-11-15 07:52:52,290: 	 Loading required information from the environment
DEBUG 2017-11-15 07:52:52,290: 	 Found CMSSW_9_3_2 for slc6_amd64_gcc630 with base /uscms_data/d3/samuellh/WorkingArea/TauAnalysis/CMSSW_9_3_2
DEBUG 2017-11-15 07:52:52,290: 	 Loading required information from the environment
DEBUG 2017-11-15 07:52:52,290: 	 Found CMSSW_9_3_2 for slc6_amd64_gcc630 with base /uscms_data/d3/samuellh/WorkingArea/TauAnalysis/CMSSW_9_3_2
DEBUG 2017-11-15 07:52:52,305: 	 UNIQUE NAME: tarUUID 0422622c-5dab-42e3-a01f-80df870a66ab 
DEBUG 2017-11-15 07:52:52,306: 	 self.config: from WMCore.Configuration import Configuration
config = Configuration()
config.section_('General')
config.section_('JobType')
config.JobType.psetName = '../../../TT-MC-Up.py'
config.JobType.pluginName = 'Analysis'
config.JobType.inputFiles = ['../../../Configuration/data/PhaseIISummer16_25nsV3_MC.db']
config.JobType.outputFiles = ['analysis.root']
config.JobType.allowUndistributedCMSSW = True
config.section_('Data')
config.Data.inputDataset = '/ZZZ_TuneCUETP8M1_14TeV-amcatnlo-pythia8/PhaseIITDRFall17MiniAOD-PU200_93X_upgrade2023_realistic_v2-v1/MINIAODSIM'
config.Data.unitsPerJob = 1
config.Data.publication = False
config.Data.inputDBS = 'global'
config.Data.splitting = 'FileBased'
config.section_('Site')
config.Site.storageSite = 'T3_US_FNALLPC'
config.section_('User')
config.section_('Debug')

DEBUG 2017-11-15 07:52:52,306: 	 self.config.JobType.psetName: ../../../TT-MC-Up.py
INFO 2017-11-15 07:52:52,306: 	 Importing CMSSW configuration ../../../TT-MC-Up.py
INFO 2017-11-15 07:52:54,885: 	 Finished importing CMSSW configuration ../../../TT-MC-Up.py
DEBUG 2017-11-15 07:52:54,885: 	 Writing CMSSW configuration to /uscms_data/d3/samuellh/WorkingArea/TauAnalysis/CMSSW_9_3_2/src/PUAnalysis/VBFtt2017/crab/VBF79/crab_20171115_075245/inputs/PSet.py
DEBUG 2017-11-15 07:52:55,752: 	 The following EDM output files will be collected: []
DEBUG 2017-11-15 07:52:55,752: 	 The following TFile output files will be collected: ['analysis.root']
DEBUG 2017-11-15 07:52:55,752: 	 The following user output files will be collected: []
DEBUG 2017-11-15 07:52:55,752: 	 Loading required information from the environment
DEBUG 2017-11-15 07:52:55,752: 	 Found CMSSW_9_3_2 for slc6_amd64_gcc630 with base /uscms_data/d3/samuellh/WorkingArea/TauAnalysis/CMSSW_9_3_2
DEBUG 2017-11-15 07:52:55,752: 	 Making tarball in /uscms_data/d3/samuellh/WorkingArea/TauAnalysis/CMSSW_9_3_2/src/PUAnalysis/VBFtt2017/crab/VBF79/crab_20171115_075245/inputs/0422622c-5dab-42e3-a01f-80df870a66abdefault.tgz
DEBUG 2017-11-15 07:52:55,768: 	 Checking directory /uscms_data/d3/samuellh/WorkingArea/TauAnalysis/CMSSW_9_3_2/lib
DEBUG 2017-11-15 07:52:55,768: 	 Adding directory /uscms_data/d3/samuellh/WorkingArea/TauAnalysis/CMSSW_9_3_2/lib to tarball
DEBUG 2017-11-15 07:52:56,455: 	 Checking directory /uscms_data/d3/samuellh/WorkingArea/TauAnalysis/CMSSW_9_3_2/biglib
DEBUG 2017-11-15 07:52:56,455: 	 Adding directory /uscms_data/d3/samuellh/WorkingArea/TauAnalysis/CMSSW_9_3_2/biglib to tarball
DEBUG 2017-11-15 07:52:56,458: 	 Checking directory /uscms_data/d3/samuellh/WorkingArea/TauAnalysis/CMSSW_9_3_2/module
DEBUG 2017-11-15 07:52:56,596: 	 Adding data directory /uscms_data/d3/samuellh/WorkingArea/TauAnalysis/CMSSW_9_3_2/src/PUAnalysis/Configuration/data to tarball
DEBUG 2017-11-15 07:52:59,414: 	 Adding data directory /uscms_data/d3/samuellh/WorkingArea/TauAnalysis/CMSSW_9_3_2/src/PUAnalysis/DataFormats/interface to tarball
DEBUG 2017-11-15 07:52:59,423: 	 Adding data directory /uscms_data/d3/samuellh/WorkingArea/TauAnalysis/CMSSW_9_3_2/src/PUAnalysis/NtupleTools/interface to tarball
DEBUG 2017-11-15 07:52:59,446: 	 Adding data directory /uscms_data/d3/samuellh/WorkingArea/TauAnalysis/CMSSW_9_3_2/src/PUAnalysis/RecoTools/interface to tarball
DEBUG 2017-11-15 07:52:59,840: 	 Adding file ../../../Configuration/data/PhaseIISummer16_25nsV3_MC.db to tarball
DEBUG 2017-11-15 07:53:00,410: 	 Uploading archive /uscms_data/d3/samuellh/WorkingArea/TauAnalysis/CMSSW_9_3_2/src/PUAnalysis/VBFtt2017/crab/VBF79/crab_20171115_075245/inputs/0422622c-5dab-42e3-a01f-80df870a66abdefault.tgz (11 MB) to the CRAB cache. Using URI https://cmsweb.cern.ch/crabcache
DEBUG 2017-11-15 07:53:07,807: 	 Loading required information from the environment
DEBUG 2017-11-15 07:53:07,807: 	 Found CMSSW_9_3_2 for slc6_amd64_gcc630 with base /uscms_data/d3/samuellh/WorkingArea/TauAnalysis/CMSSW_9_3_2
DEBUG 2017-11-15 07:53:07,808: 	 Making tarball in /uscms_data/d3/samuellh/WorkingArea/TauAnalysis/CMSSW_9_3_2/src/PUAnalysis/VBFtt2017/crab/VBF79/crab_20171115_075245/inputs/debugFiles.tgz
DEBUG 2017-11-15 07:53:08,925: 	 Uploading archive /uscms_data/d3/samuellh/WorkingArea/TauAnalysis/CMSSW_9_3_2/src/PUAnalysis/VBFtt2017/crab/VBF79/crab_20171115_075245/inputs/debugFiles.tgz (2 KB) to the CRAB cache. Using URI https://cmsweb.cern.ch/crabcache
DEBUG 2017-11-15 07:53:10,751: 	 Result uploading input files: 4e198fb019d07e682a8bd09208595d4eb73bac82ae7f6e24154a54b4451cc952.tar.gz 
INFO 2017-11-15 07:53:10,752: 	 Sending the request to the server
DEBUG 2017-11-15 07:53:10,752: 	 Submitting {'maxjobruntime': 1250, 'extrajdl': [], 'ignorelocality': 0, 'savelogsflag': 0, 'useparent': 0, 'asyncdest': 'T3_US_FNALLPC', 'algoargs': 1, 'cachefilename': '4e198fb019d07e682a8bd09208595d4eb73bac82ae7f6e24154a54b4451cc952.tar.gz', 'numcores': 1, 'addoutputfiles': [], 'generator': 'pythia', 'maxmemory': 2000, 'publishdbsurl': 'https://cmsweb.cern.ch/dbs/prod/phys03/DBSWriter', 'priority': 10, 'jobsw': 'CMSSW_9_3_2', 'edmoutfiles': [], 'userfiles': [], 'primarydataset': '', 'inputdata': '/ZZZ_TuneCUETP8M1_14TeV-amcatnlo-pythia8/PhaseIITDRFall17MiniAOD-PU200_93X_upgrade2023_realistic_v2-v1/MINIAODSIM', 'dryrun': 0, 'workflow': 'crab_20171115_075245', 'cacheurl': u'https://cmsweb.cern.ch/crabcache', 'nonprodsw': 1, 'tfileoutfiles': ['analysis.root'], 'oneEventMode': 0, 'debugfilename': '3f54c6f79ff5fe6f32d7a764a7da7f7f690693083f859b5bfab604d2371142c3.tar.gz', 'saveoutput': 1, 'publication': 0, 'jobarch': 'slc6_amd64_gcc630', 'totalunits': 0, 'splitalgo': 'FileBased', 'ignoreglobalblacklist': 0, 'nonvaliddata': 0, 'dbsurl': 'https://cmsweb.cern.ch/dbs/prod/global/DBSReader', 'publishgroupname': 0, 'jobtype': 'Analysis', 'publishname2': ''} 
DEBUG 2017-11-15 07:53:10,752: 	 Encoded submit request: maxjobruntime=1250&ignorelocality=0&savelogsflag=0&useparent=0&asyncdest=T3_US_FNALLPC&algoargs=1&cachefilename=4e198fb019d07e682a8bd09208595d4eb73bac82ae7f6e24154a54b4451cc952.tar.gz&numcores=1&generator=pythia&maxmemory=2000&publishdbsurl=https%3A%2F%2Fcmsweb.cern.ch%2Fdbs%2Fprod%2Fphys03%2FDBSWriter&priority=10&jobsw=CMSSW_9_3_2&primarydataset=&inputdata=%2FZZZ_TuneCUETP8M1_14TeV-amcatnlo-pythia8%2FPhaseIITDRFall17MiniAOD-PU200_93X_upgrade2023_realistic_v2-v1%2FMINIAODSIM&dryrun=0&workflow=crab_20171115_075245&cacheurl=https%3A%2F%2Fcmsweb.cern.ch%2Fcrabcache&nonprodsw=1&oneEventMode=0&debugfilename=3f54c6f79ff5fe6f32d7a764a7da7f7f690693083f859b5bfab604d2371142c3.tar.gz&saveoutput=1&publication=0&jobarch=slc6_amd64_gcc630&totalunits=0&splitalgo=FileBased&ignoreglobalblacklist=0&nonvaliddata=0&dbsurl=https%3A%2F%2Fcmsweb.cern.ch%2Fdbs%2Fprod%2Fglobal%2FDBSReader&publishgroupname=0&jobtype=Analysis&publishname2=&tfileoutfiles=analysis.root
DEBUG 2017-11-15 07:53:12,394: 	 Result: {u'result': [{u'RequestName': u'171115_135312:shigginb_crab_20171115_075245'}]}
INFO 2017-11-15 07:53:12,397: 	 Success: Your task has been delivered to the CRAB3 server.
INFO 2017-11-15 07:53:12,398: 	 Task name: 171115_135312:shigginb_crab_20171115_075245
INFO 2017-11-15 07:53:12,398: 	 Please use 'crab status' to check how the submission process proceeds.
DEBUG 2017-11-15 07:53:12,398: 	 About to return
INFO 2017-11-15 07:53:12,403: 	 Log file is /uscms_data/d3/samuellh/WorkingArea/TauAnalysis/CMSSW_9_3_2/src/PUAnalysis/VBFtt2017/crab/VBF79/crab_20171115_075245/crab.log
DEBUG 2017-11-15 08:10:14,362: 	 Executing command: 'status'
DEBUG 2017-11-15 08:10:14,363: 	 Found CRAB cache file /uscms/home/samuellh/.crab3
DEBUG 2017-11-15 08:10:14,368: 	 Checking credentials
DEBUG 2017-11-15 08:10:14,369: 	 Found proxy file /tmp/x509up_u52190
DEBUG 2017-11-15 08:10:14,369: 	 Getting proxy life time left
DEBUG 2017-11-15 08:10:14,471: 	 Executing : 
 command : voms-proxy-info -file /tmp/x509up_u52190 -timeleft
 output : 80669

 error: 
 retcode : 0
DEBUG 2017-11-15 08:10:14,573: 	 Executing : 
 command : voms-proxy-info -file /tmp/x509up_u52190 -actimeleft
 output : 80668

 error: 
 retcode : 0
DEBUG 2017-11-15 08:10:14,573: 	 Proxy valid for 22:24:29 hours
DEBUG 2017-11-15 08:10:14,684: 	 Executing : 
 command : openssl x509 -in ~/.globus/usercert.pem -subject -noout
 output : subject= /DC=ch/DC=cern/OU=Organic Units/OU=Users/CN=shigginb/CN=785176/CN=Sam Higginbotham

 error: 
 retcode : 0
DEBUG 2017-11-15 08:10:14,685: 	 Checking credentials
DEBUG 2017-11-15 08:10:14,685: 	 Found proxy file /tmp/x509up_u52190
DEBUG 2017-11-15 08:10:14,685: 	 Getting proxy life time left
DEBUG 2017-11-15 08:10:14,788: 	 Executing : 
 command : voms-proxy-info -file /tmp/x509up_u52190 -timeleft
 output : 80669

 error: 
 retcode : 0
DEBUG 2017-11-15 08:10:14,891: 	 Executing : 
 command : voms-proxy-info -file /tmp/x509up_u52190 -actimeleft
 output : 80668

 error: 
 retcode : 0
DEBUG 2017-11-15 08:10:14,891: 	 Proxy valid for 22:24:29 hours
DEBUG 2017-11-15 08:10:16,658: 	 Registering user credentials for server /DC=ch/DC=cern/OU=computers/CN=vocms(045|052|021|031|0118|0118a|0119|0108|0105|0109).cern.ch
DEBUG 2017-11-15 08:10:16,766: 	 Executing : 
 command : openssl x509 -in ~/.globus/usercert.pem -subject -noout
 output : subject= /DC=ch/DC=cern/OU=Organic Units/OU=Users/CN=shigginb/CN=785176/CN=Sam Higginbotham

 error: 
 retcode : 0
DEBUG 2017-11-15 08:10:16,767: 	 Getting myproxy life time left for myproxy.cern.ch
DEBUG 2017-11-15 08:10:16,767: 	 Calculating hash of /DC=ch/DC=cern/OU=Organic Units/OU=Users/CN=shigginb/CN=785176/CN=Sam Higginbotham_cmsweb.cern.ch for credential name
DEBUG 2017-11-15 08:10:17,571: 	 Executing : 
 command : myproxy-info -l 2f318c7a260d78734589f2cc772d26b8be79ec6c -s myproxy.cern.ch
 output : username: 2f318c7a260d78734589f2cc772d26b8be79ec6c
owner: /DC=ch/DC=cern/OU=Organic Units/OU=Users/CN=shigginb/CN=785176/CN=Sam Higginbotham
  renewal policy: /DC=ch/DC=cern/OU=computers/CN=vocms(045|052|021|031|0118|0118a|0119|0108|0105|0109).cern.ch
  trusted retrieval policy: /DC=ch/DC=cern/OU=computers/CN=vocms(045|052|021|031|0118|0118a|0119|0108|0105|0109).cern.ch
  timeleft: 431:13:24  (18.0 days)

 error: 
 retcode : 0
DEBUG 2017-11-15 08:10:17,572: 	 Myproxy is valid: 1552404
DEBUG 2017-11-15 08:10:17,572: 	 Command use: status
DEBUG 2017-11-15 08:10:17,573: 	 Options use: ['-d', 'crab_20171115_075245/']
DEBUG 2017-11-15 08:10:19,245: 	 CRABClient version: 3.3.1707.patch1
DEBUG 2017-11-15 08:10:19,245: 	 Instance is prod
DEBUG 2017-11-15 08:10:19,245: 	 Server base url is cmsweb.cern.ch
DEBUG 2017-11-15 08:10:19,245: 	 Command url /crabserver/prod/workflow
DEBUG 2017-11-15 08:10:21,099: 	 Got information from server oracle database: {u'result': [u'171115_135312:shigginb_crab_20171115_075245', u'None', u'SUBMITTED', u'2017-11-15 13:53:12.333447', u'None', u'2017-11-15 13:54:02.105468', u'None', u'CMSSW_9_3_2', u'slc6_amd64_gcc630', u'/ZZZ_TuneCUETP8M1_14TeV-amcatnlo-pythia8/PhaseIITDRFall17MiniAOD-PU200_93X_upgrade2023_realistic_v2-v1/MINIAODSIM', u'[]', u'[]', u'FileBased', u"{'splitOnRun': False, 'halt_job_on_file_boundaries': False, 'files_per_job': 1, 'runs': [], 'lumis': []}", u'0', u'4e198fb019d07e682a8bd09208595d4eb73bac82ae7f6e24154a54b4451cc952.tar.gz', u'https://cmsweb.cern.ch/crabcache', u'shigginb', u'/DC=ch/DC=cern/OU=Organic Units/OU=Users/CN=shigginb/CN=785176/CN=Sam Higginbotham', u'cms', u'None', u'None', u'crab_20171115_075245-00000000000000000000000000000000', u'T3_US_FNALLPC', u'https://cmsweb.cern.ch/dbs/prod/global/DBSReader', u'https://cmsweb.cern.ch/dbs/prod/phys03/DBSWriter', u'F', u'Analysis', u'{}', u'[]', u'F', u'vocms052', u'[]', u'1250', u'1', u'2000', u'10', u'None', u'http://vocms0137.cern.ch/mon/cms1359/171115_135312:shigginb_crab_20171115_075245', u'None', u'None', u'[]', u'[]', u'[]', u'pythia', u'[]', u"['analysis.root']", u'[]', u'https://cmsweb.cern.ch/crabserver/prod', u'None', u'0', u'cmssrv221.fnal.gov:9620', u'crab3@vocms0137.cern.ch', u'F', u'[]', u'T', u'/store/user/shigginb/', u'F', u'None', u'F', u'F', u'F', u'None', u'ZZZ_TuneCUETP8M1_14TeV-amcatnlo-pythia8', u'filetransfers', u'SUBMIT', u'15048250', u'3f54c6f79ff5fe6f32d7a764a7da7f7f690693083f859b5bfab604d2371142c3.tar.gz', u'131.225.190.56', u'F', u'None'], u'desc': {u'columns': [u'tm_taskname', u'panda_jobset_id', u'tm_task_status', u'tm_start_time', u'tm_start_injection', u'tm_end_injection', u'tm_task_failure', u'tm_job_sw', u'tm_job_arch', u'tm_input_dataset', u'tm_site_whitelist', u'tm_site_blacklist', u'tm_split_algo', u'tm_split_args', u'tm_totalunits', u'tm_user_sandbox', u'tm_cache_url', u'tm_username', u'tm_user_dn', u'tm_user_vo', u'tm_user_role', u'tm_user_group', u'tm_publish_name', u'tm_asyncdest', u'tm_dbs_url', u'tm_publish_dbs_url', u'tm_publication', u'tm_job_type', u'tm_arguments', u'panda_resubmitted_jobs', u'tm_save_logs', u'tw_name', u'tm_user_infiles', u'tm_maxjobruntime', u'tm_numcores', u'tm_maxmemory', u'tm_priority', u'tm_output_dataset', u'tm_user_webdir', u'tm_activity', u'tm_scriptexe', u'tm_scriptargs', u'tm_extrajdl', u'tm_task_warnings', u'tm_generator', u'tm_outfiles', u'tm_tfile_outfiles', u'tm_edm_outfiles', u'tm_asourl', u'tm_events_per_lumi', u'tm_use_parent', u'tm_collector', u'tm_schedd', u'tm_dry_run', u'tm_user_files', u'tm_transfer_outputs', u'tm_output_lfn', u'tm_ignore_locality', u'tm_fail_limit', u'tm_one_event_mode', u'tm_publish_groupname', u'tm_nonvalid_input_dataset', u'tm_secondary_input_dataset', u'tm_primary_dataset', u'tm_asodb', u'tm_task_command', u'clusterid', u'tm_debug_files', u'tm_submitter_ip_addr', u'tm_ignore_global_blacklist', u'tm_last_publication']}}
INFO 2017-11-15 08:10:21,100: 	 CRAB project directory:		/uscms_data/d3/samuellh/WorkingArea/TauAnalysis/CMSSW_9_3_2/src/PUAnalysis/VBFtt2017/crab/VBF79/crab_20171115_075245
INFO 2017-11-15 08:10:21,100: 	 Task name:			171115_135312:shigginb_crab_20171115_075245
INFO 2017-11-15 08:10:21,100: 	 Grid scheduler:			crab3@vocms0137.cern.ch
INFO 2017-11-15 08:10:21,100: 	 Status on the CRAB server:	SUBMITTED
INFO 2017-11-15 08:10:21,101: 	 Task URL to use for HELP:	https://cmsweb.cern.ch/crabserver/ui/task/171115_135312%3Ashigginb_crab_20171115_075245
INFO 2017-11-15 08:10:21,101: 	 Dashboard monitoring URL:	http://dashb-cms-job.cern.ch/dashboard/templates/task-analysis/#user=shigginb&refresh=0&table=Jobs&p=1&records=25&activemenu=2&status=&site=&tid=171115_135312%3Ashigginb_crab_20171115_075245
DEBUG 2017-11-15 08:10:21,101: 	 The CRAB server submitted your task to the Grid scheduler (cluster ID: 15048250)
DEBUG 2017-11-15 08:10:21,101: 	 Webdir is located at http://vocms0137.cern.ch/mon/cms1359/171115_135312:shigginb_crab_20171115_075245
DEBUG 2017-11-15 08:10:22,748: 	 Proxied webdir is located at https://cmsweb.cern.ch/scheddmon/0137/cms1359/171115_135312:shigginb_crab_20171115_075245
DEBUG 2017-11-15 08:10:22,748: 	 Retrieving 'status_cache' file from https://cmsweb.cern.ch/scheddmon/0137/cms1359/171115_135312:shigginb_crab_20171115_075245/status_cache
DEBUG 2017-11-15 08:10:24,294: 	 Got information from status cache file: {'1': {'Retries': 0, 'WallDurations': [131.0], 'StartTimes': [1510754284.0], 'SubmitTimes': [1510754054.0], 'JobIds': ['15048255.0'], 'EndTimes': [1510754415.0], 'Restarts': 0, 'RecordedSite': False, 'State': 'finished', 'ResidentSetSize': [2684], 'TotalUserCpuTimeHistory': [84], 'SiteHistory': ['Unknown'], 'TotalSysCpuTimeHistory': [4]}, '3': {'Retries': 0, 'WallDurations': [9.0], 'StartTimes': [1510754497.0], 'SubmitTimes': [1510754054.0], 'JobIds': ['15048260.0'], 'EndTimes': [], 'Restarts': 0, 'RecordedSite': False, 'State': 'running', 'ResidentSetSize': [2556], 'TotalUserCpuTimeHistory': [0], 'SiteHistory': ['Unknown'], 'TotalSysCpuTimeHistory': [0]}, '2': {'Retries': 0, 'WallDurations': [9.0], 'StartTimes': [1510754621.0], 'SubmitTimes': [1510754054.0], 'JobIds': ['15048259.0'], 'EndTimes': [], 'Restarts': 0, 'RecordedSite': False, 'State': 'running', 'ResidentSetSize': [18420], 'TotalUserCpuTimeHistory': [0], 'SiteHistory': ['Unknown'], 'TotalSysCpuTimeHistory': [0]}, '5': {'Retries': 0, 'WallDurations': [318.0], 'StartTimes': [1510754305.0], 'SubmitTimes': [1510754054.0], 'JobIds': ['15048256.0'], 'EndTimes': [1510754623.0], 'Restarts': 0, 'RecordedSite': False, 'State': 'finished', 'ResidentSetSize': [1868376], 'TotalUserCpuTimeHistory': [173], 'SiteHistory': ['Unknown'], 'TotalSysCpuTimeHistory': [30]}, '4': {'Retries': 0, 'WallDurations': [9.0], 'StartTimes': [1510754420.0], 'SubmitTimes': [1510754054.0], 'JobIds': ['15048257.0'], 'EndTimes': [], 'Restarts': 0, 'RecordedSite': False, 'State': 'running', 'ResidentSetSize': [2684], 'TotalUserCpuTimeHistory': [0], 'SiteHistory': ['Unknown'], 'TotalSysCpuTimeHistory': [0]}, '6': {'Retries': 0, 'WallDurations': [310.0], 'StartTimes': [1510754216.0], 'SubmitTimes': [1510754054.0], 'JobIds': ['15048258.0'], 'EndTimes': [], 'Restarts': 0, 'RecordedSite': False, 'State': 'running', 'ResidentSetSize': [733424], 'TotalUserCpuTimeHistory': [0], 'SiteHistory': ['Unknown'], 'TotalSysCpuTimeHistory': [0]}}
INFO 2017-11-15 08:10:24,294: 	 Status on the scheduler:	SUBMITTED
INFO 2017-11-15 08:10:24,294: 	 
Jobs status:                    finished       33.3% (2/6)
INFO 2017-11-15 08:10:24,295: 	 				running        66.7% (4/6)
INFO 2017-11-15 08:10:24,295: 	 
No publication information (publication has been disabled in the CRAB configuration file)
INFO 2017-11-15 08:10:24,305: 	 Log file is /uscms_data/d3/samuellh/WorkingArea/TauAnalysis/CMSSW_9_3_2/src/PUAnalysis/VBFtt2017/crab/VBF79/crab_20171115_075245/crab.log
DEBUG 2017-11-15 09:23:45,649: 	 Executing command: 'status'
DEBUG 2017-11-15 09:23:45,650: 	 Found CRAB cache file /uscms/home/samuellh/.crab3
DEBUG 2017-11-15 09:23:45,657: 	 Checking credentials
DEBUG 2017-11-15 09:23:45,657: 	 Found proxy file /tmp/x509up_u52190
DEBUG 2017-11-15 09:23:45,657: 	 Getting proxy life time left
DEBUG 2017-11-15 09:23:45,760: 	 Executing : 
 command : voms-proxy-info -file /tmp/x509up_u52190 -timeleft
 output : 76258

 error: 
 retcode : 0
DEBUG 2017-11-15 09:23:45,863: 	 Executing : 
 command : voms-proxy-info -file /tmp/x509up_u52190 -actimeleft
 output : 76257

 error: 
 retcode : 0
DEBUG 2017-11-15 09:23:45,863: 	 Proxy valid for 21:10:58 hours
DEBUG 2017-11-15 09:23:45,977: 	 Executing : 
 command : openssl x509 -in ~/.globus/usercert.pem -subject -noout
 output : subject= /DC=ch/DC=cern/OU=Organic Units/OU=Users/CN=shigginb/CN=785176/CN=Sam Higginbotham

 error: 
 retcode : 0
DEBUG 2017-11-15 09:23:45,977: 	 Checking credentials
DEBUG 2017-11-15 09:23:45,977: 	 Found proxy file /tmp/x509up_u52190
DEBUG 2017-11-15 09:23:45,977: 	 Getting proxy life time left
DEBUG 2017-11-15 09:23:46,081: 	 Executing : 
 command : voms-proxy-info -file /tmp/x509up_u52190 -timeleft
 output : 76257

 error: 
 retcode : 0
DEBUG 2017-11-15 09:23:46,184: 	 Executing : 
 command : voms-proxy-info -file /tmp/x509up_u52190 -actimeleft
 output : 76256

 error: 
 retcode : 0
DEBUG 2017-11-15 09:23:46,184: 	 Proxy valid for 21:10:57 hours
DEBUG 2017-11-15 09:23:47,826: 	 Registering user credentials for server /DC=ch/DC=cern/OU=computers/CN=vocms(045|052|021|031|0118|0118a|0119|0108|0105|0109).cern.ch
DEBUG 2017-11-15 09:23:47,934: 	 Executing : 
 command : openssl x509 -in ~/.globus/usercert.pem -subject -noout
 output : subject= /DC=ch/DC=cern/OU=Organic Units/OU=Users/CN=shigginb/CN=785176/CN=Sam Higginbotham

 error: 
 retcode : 0
DEBUG 2017-11-15 09:23:47,934: 	 Getting myproxy life time left for myproxy.cern.ch
DEBUG 2017-11-15 09:23:47,934: 	 Calculating hash of /DC=ch/DC=cern/OU=Organic Units/OU=Users/CN=shigginb/CN=785176/CN=Sam Higginbotham_cmsweb.cern.ch for credential name
DEBUG 2017-11-15 09:23:48,639: 	 Executing : 
 command : myproxy-info -l 2f318c7a260d78734589f2cc772d26b8be79ec6c -s myproxy.cern.ch
 output : username: 2f318c7a260d78734589f2cc772d26b8be79ec6c
owner: /DC=ch/DC=cern/OU=Organic Units/OU=Users/CN=shigginb/CN=785176/CN=Sam Higginbotham
  renewal policy: /DC=ch/DC=cern/OU=computers/CN=vocms(045|052|021|031|0118|0118a|0119|0108|0105|0109).cern.ch
  trusted retrieval policy: /DC=ch/DC=cern/OU=computers/CN=vocms(045|052|021|031|0118|0118a|0119|0108|0105|0109).cern.ch
  timeleft: 429:59:53  (17.9 days)

 error: 
 retcode : 0
DEBUG 2017-11-15 09:23:48,641: 	 Myproxy is valid: 1547993
DEBUG 2017-11-15 09:23:48,641: 	 Command use: status
DEBUG 2017-11-15 09:23:48,641: 	 Options use: ['-d', 'crab_20171115_075245/']
DEBUG 2017-11-15 09:23:50,291: 	 CRABClient version: 3.3.1707.patch1
DEBUG 2017-11-15 09:23:50,291: 	 Instance is prod
DEBUG 2017-11-15 09:23:50,291: 	 Server base url is cmsweb.cern.ch
DEBUG 2017-11-15 09:23:50,291: 	 Command url /crabserver/prod/workflow
DEBUG 2017-11-15 09:23:52,101: 	 Got information from server oracle database: {u'result': [u'171115_135312:shigginb_crab_20171115_075245', u'None', u'SUBMITTED', u'2017-11-15 13:53:12.333447', u'None', u'2017-11-15 13:54:02.105468', u'None', u'CMSSW_9_3_2', u'slc6_amd64_gcc630', u'/ZZZ_TuneCUETP8M1_14TeV-amcatnlo-pythia8/PhaseIITDRFall17MiniAOD-PU200_93X_upgrade2023_realistic_v2-v1/MINIAODSIM', u'[]', u'[]', u'FileBased', u"{'splitOnRun': False, 'halt_job_on_file_boundaries': False, 'files_per_job': 1, 'runs': [], 'lumis': []}", u'0', u'4e198fb019d07e682a8bd09208595d4eb73bac82ae7f6e24154a54b4451cc952.tar.gz', u'https://cmsweb.cern.ch/crabcache', u'shigginb', u'/DC=ch/DC=cern/OU=Organic Units/OU=Users/CN=shigginb/CN=785176/CN=Sam Higginbotham', u'cms', u'None', u'None', u'crab_20171115_075245-00000000000000000000000000000000', u'T3_US_FNALLPC', u'https://cmsweb.cern.ch/dbs/prod/global/DBSReader', u'https://cmsweb.cern.ch/dbs/prod/phys03/DBSWriter', u'F', u'Analysis', u'{}', u'[]', u'F', u'vocms052', u'[]', u'1250', u'1', u'2000', u'10', u'None', u'http://vocms0137.cern.ch/mon/cms1359/171115_135312:shigginb_crab_20171115_075245', u'None', u'None', u'[]', u'[]', u'[]', u'pythia', u'[]', u"['analysis.root']", u'[]', u'https://cmsweb.cern.ch/crabserver/prod', u'None', u'0', u'cmssrv221.fnal.gov:9620', u'crab3@vocms0137.cern.ch', u'F', u'[]', u'T', u'/store/user/shigginb/', u'F', u'None', u'F', u'F', u'F', u'None', u'ZZZ_TuneCUETP8M1_14TeV-amcatnlo-pythia8', u'filetransfers', u'SUBMIT', u'15048250', u'3f54c6f79ff5fe6f32d7a764a7da7f7f690693083f859b5bfab604d2371142c3.tar.gz', u'131.225.190.56', u'F', u'None'], u'desc': {u'columns': [u'tm_taskname', u'panda_jobset_id', u'tm_task_status', u'tm_start_time', u'tm_start_injection', u'tm_end_injection', u'tm_task_failure', u'tm_job_sw', u'tm_job_arch', u'tm_input_dataset', u'tm_site_whitelist', u'tm_site_blacklist', u'tm_split_algo', u'tm_split_args', u'tm_totalunits', u'tm_user_sandbox', u'tm_cache_url', u'tm_username', u'tm_user_dn', u'tm_user_vo', u'tm_user_role', u'tm_user_group', u'tm_publish_name', u'tm_asyncdest', u'tm_dbs_url', u'tm_publish_dbs_url', u'tm_publication', u'tm_job_type', u'tm_arguments', u'panda_resubmitted_jobs', u'tm_save_logs', u'tw_name', u'tm_user_infiles', u'tm_maxjobruntime', u'tm_numcores', u'tm_maxmemory', u'tm_priority', u'tm_output_dataset', u'tm_user_webdir', u'tm_activity', u'tm_scriptexe', u'tm_scriptargs', u'tm_extrajdl', u'tm_task_warnings', u'tm_generator', u'tm_outfiles', u'tm_tfile_outfiles', u'tm_edm_outfiles', u'tm_asourl', u'tm_events_per_lumi', u'tm_use_parent', u'tm_collector', u'tm_schedd', u'tm_dry_run', u'tm_user_files', u'tm_transfer_outputs', u'tm_output_lfn', u'tm_ignore_locality', u'tm_fail_limit', u'tm_one_event_mode', u'tm_publish_groupname', u'tm_nonvalid_input_dataset', u'tm_secondary_input_dataset', u'tm_primary_dataset', u'tm_asodb', u'tm_task_command', u'clusterid', u'tm_debug_files', u'tm_submitter_ip_addr', u'tm_ignore_global_blacklist', u'tm_last_publication']}}
INFO 2017-11-15 09:23:52,101: 	 CRAB project directory:		/uscms_data/d3/samuellh/WorkingArea/TauAnalysis/CMSSW_9_3_2/src/PUAnalysis/VBFtt2017/crab/VBF79/crab_20171115_075245
INFO 2017-11-15 09:23:52,101: 	 Task name:			171115_135312:shigginb_crab_20171115_075245
INFO 2017-11-15 09:23:52,102: 	 Grid scheduler:			crab3@vocms0137.cern.ch
INFO 2017-11-15 09:23:52,102: 	 Status on the CRAB server:	SUBMITTED
INFO 2017-11-15 09:23:52,102: 	 Task URL to use for HELP:	https://cmsweb.cern.ch/crabserver/ui/task/171115_135312%3Ashigginb_crab_20171115_075245
INFO 2017-11-15 09:23:52,102: 	 Dashboard monitoring URL:	http://dashb-cms-job.cern.ch/dashboard/templates/task-analysis/#user=shigginb&refresh=0&table=Jobs&p=1&records=25&activemenu=2&status=&site=&tid=171115_135312%3Ashigginb_crab_20171115_075245
DEBUG 2017-11-15 09:23:52,102: 	 The CRAB server submitted your task to the Grid scheduler (cluster ID: 15048250)
DEBUG 2017-11-15 09:23:52,102: 	 Webdir is located at http://vocms0137.cern.ch/mon/cms1359/171115_135312:shigginb_crab_20171115_075245
DEBUG 2017-11-15 09:23:53,763: 	 Proxied webdir is located at https://cmsweb.cern.ch/scheddmon/0137/cms1359/171115_135312:shigginb_crab_20171115_075245
DEBUG 2017-11-15 09:23:53,763: 	 Retrieving 'status_cache' file from https://cmsweb.cern.ch/scheddmon/0137/cms1359/171115_135312:shigginb_crab_20171115_075245/status_cache
DEBUG 2017-11-15 09:23:55,509: 	 Got information from status cache file: {'1': {'Retries': 0, 'WallDurations': [131.0], 'StartTimes': [1510754284.0], 'SubmitTimes': [1510754054.0], 'JobIds': ['15048255.0'], 'EndTimes': [1510754415.0], 'Restarts': 0, 'RecordedSite': False, 'State': 'finished', 'ResidentSetSize': [2684], 'TotalUserCpuTimeHistory': [84], 'SiteHistory': ['Unknown'], 'TotalSysCpuTimeHistory': [4]}, '3': {'Retries': 0, 'WallDurations': [3199.0], 'StartTimes': [1510754497.0], 'SubmitTimes': [1510754054.0], 'JobIds': ['15048260.0'], 'EndTimes': [1510757696.0], 'Restarts': 0, 'RecordedSite': False, 'State': 'finished', 'ResidentSetSize': [717980], 'TotalUserCpuTimeHistory': [174], 'SiteHistory': ['Unknown'], 'TotalSysCpuTimeHistory': [17]}, '2': {'Retries': 0, 'WallDurations': [939.0], 'StartTimes': [1510754621.0], 'SubmitTimes': [1510754054.0], 'JobIds': ['15048259.0'], 'EndTimes': [1510755560.0], 'Restarts': 0, 'RecordedSite': False, 'State': 'finished', 'ResidentSetSize': [1988708], 'TotalUserCpuTimeHistory': [776], 'SiteHistory': ['Unknown'], 'TotalSysCpuTimeHistory': [13]}, '5': {'Retries': 0, 'WallDurations': [318.0], 'StartTimes': [1510754305.0], 'SubmitTimes': [1510754054.0], 'JobIds': ['15048256.0'], 'EndTimes': [1510754623.0], 'Restarts': 0, 'RecordedSite': False, 'State': 'finished', 'ResidentSetSize': [1868376], 'TotalUserCpuTimeHistory': [173], 'SiteHistory': ['Unknown'], 'TotalSysCpuTimeHistory': [30]}, '4': {'Retries': 0, 'WallDurations': [364.0], 'StartTimes': [1510754420.0], 'SubmitTimes': [1510754054.0], 'JobIds': ['15048257.0'], 'EndTimes': [1510754784.0], 'Restarts': 0, 'RecordedSite': False, 'State': 'finished', 'ResidentSetSize': [1811588], 'TotalUserCpuTimeHistory': [280], 'SiteHistory': ['Unknown'], 'TotalSysCpuTimeHistory': [8]}, '6': {'Retries': 0, 'WallDurations': [1029.0], 'StartTimes': [1510754216.0], 'SubmitTimes': [1510754054.0], 'JobIds': ['15048258.0'], 'EndTimes': [1510755245.0], 'Restarts': 0, 'RecordedSite': False, 'State': 'finished', 'ResidentSetSize': [733964], 'TotalUserCpuTimeHistory': [176], 'SiteHistory': ['Unknown'], 'TotalSysCpuTimeHistory': [8]}}
INFO 2017-11-15 09:23:55,509: 	 Status on the scheduler:	COMPLETED
INFO 2017-11-15 09:23:55,509: 	 
Jobs status:                    finished      100.0% (6/6)
INFO 2017-11-15 09:23:55,509: 	 
No publication information (publication has been disabled in the CRAB configuration file)
INFO 2017-11-15 09:23:55,531: 	 Log file is /uscms_data/d3/samuellh/WorkingArea/TauAnalysis/CMSSW_9_3_2/src/PUAnalysis/VBFtt2017/crab/VBF79/crab_20171115_075245/crab.log
