('The system path in the config file ', ['/cvmfs/cms.cern.ch/crab3/slc6_amd64_gcc493/cms/crabclient/3.3.1707.patch1/bin', '/uscms_data/d3/samuellh/WorkingArea/TauAnalysis/CMSSW_9_3_2/python', '/uscms_data/d3/samuellh/WorkingArea/TauAnalysis/CMSSW_9_3_2/lib/slc6_amd64_gcc630', '/cvmfs/cms.cern.ch/slc6_amd64_gcc630/cms/cmssw/CMSSW_9_3_2/python', '/cvmfs/cms.cern.ch/slc6_amd64_gcc630/cms/cmssw/CMSSW_9_3_2/lib/slc6_amd64_gcc630', '/cvmfs/cms.cern.ch/slc6_amd64_gcc630/cms/coral/CORAL_2_3_21-ghjeda6/slc6_amd64_gcc630/python', '/cvmfs/cms.cern.ch/slc6_amd64_gcc630/cms/coral/CORAL_2_3_21-ghjeda6/slc6_amd64_gcc630/lib', '/cvmfs/cms.cern.ch/slc6_amd64_gcc630/external/professor2/2.2.1-ghjeda6/lib/python2.7/site-packages', '/cvmfs/cms.cern.ch/slc6_amd64_gcc630/external/pyqt/4.11.4-mlhled2/lib/python2.7/site-packages', '/cvmfs/cms.cern.ch/slc6_amd64_gcc630/external/sherpa/2.2.4-ghjeda/lib/python2.7/site-packages', '/cvmfs/cms.cern.ch/slc6_amd64_gcc630/external/rivet/2.5.2-ghjeda4/lib/python2.7/site-packages', '/cvmfs/cms.cern.ch/slc6_amd64_gcc630/external/python-ldap/2.4.10-mlhled2/lib/python2.7/site-packages', '/cvmfs/cms.cern.ch/slc6_amd64_gcc630/external/py2-matplotlib/1.5.2-njopjo/lib/python2.7/site-packages', '/cvmfs/cms.cern.ch/slc6_amd64_gcc630/external/sip/4.17-mlhled2/lib/python2.7/site-packages', '/cvmfs/cms.cern.ch/slc6_amd64_gcc630/external/llvm/4.0.0-njopjo/lib64/python2.7/site-packages', '/cvmfs/cms.cern.ch/slc6_amd64_gcc630/external/py2-sqlalchemy/1.1.4-mlhled2/lib/python2.7/site-packages', '/cvmfs/cms.cern.ch/slc6_amd64_gcc630/external/py2-lint/0.25.1-mlhled2/lib/python2.7/site-packages', '/cvmfs/cms.cern.ch/slc6_amd64_gcc630/external/py2-dxr/1.0-ghjeda6/lib/python2.7/site-packages', '/cvmfs/cms.cern.ch/slc6_amd64_gcc630/external/py2-cx-oracle/5.2.1-mlhled2/lib/python2.7/site-packages', '/cvmfs/cms.cern.ch/slc6_amd64_gcc630/external/py2-numpy/1.12.1-mlhled2/lib/python2.7/site-packages', '/cvmfs/cms.cern.ch/slc6_amd64_gcc630/external/frontier_client/2.8.20-mlhled2/python/lib', '/cvmfs/cms.cern.ch/slc6_amd64_gcc630/cms/das_client/v03.01.00-mlhled2/bin', '/cvmfs/cms.cern.ch/slc6_amd64_gcc630/external/xrootd/4.6.1/lib/python2.7/site-packages', '/cvmfs/cms.cern.ch/slc6_amd64_gcc630/external/yoda/1.6.5-ghjeda4/lib/python2.7/site-packages', '/cvmfs/cms.cern.ch/slc6_amd64_gcc630/lcg/root/6.10.04-ghjeda/lib', '/cvmfs/cms.cern.ch/slc6_amd64_gcc630/external/pyminuit2/0.0.1-ghjeda4/lib/python2.7/site-packages', '/cvmfs/cms.cern.ch/slc6_amd64_gcc630/external/py2-PyYAML/3.11-mlhled2/lib/python2.7/site-packages', '/cvmfs/cms.cern.ch/slc6_amd64_gcc630/external/py2-pygithub/1.23.0-mlhled2/lib/python2.7/site-packages', '/cvmfs/cms.cern.ch/slc6_amd64_gcc630/external/py2-pip/9.0.1-mlhled2/lib/python2.7/site-packages', '/cvmfs/cms.cern.ch/slc6_amd64_gcc630/external/py2-dablooms/0.9.1-mlhled2/lib/python2.7/site-packages', '/cvmfs/cms.cern.ch/slc6_amd64_gcc630/external/py2-pippkgs_depscipy/3.0-ghjeda6/lib/python2.7/site-packages', '/cvmfs/cms.cern.ch/slc6_amd64_gcc630/external/py2-pippkgs/5.0-ghjeda6/lib/python2.7/site-packages', '/cvmfs/cms.cern.ch/slc6_amd64_gcc630/external/professor/1.4.0-ghjeda4/lib/python2.7/site-packages', '/cvmfs/cms.cern.ch/slc6_amd64_gcc630/cms/dbs-client/DBS_2_1_9-mlhled2/lib', '/cvmfs/cms.cern.ch/slc6_amd64_gcc630/cms/dbs-client/DBS_2_1_9-mlhled2/lib/DBSAPI', '/cvmfs/cms.cern.ch/slc6_amd64_gcc630/external/cvs2git/5419-mlhled2/lib', '/cvmfs/cms.cern.ch/crab3/slc6_amd64_gcc493/cms/crabclient/3.3.1707.patch1/lib/python2.7/site-packages', '/cvmfs/cms.cern.ch/crab3/slc6_amd64_gcc493/cms/dbs3-client/3.4.4/lib/python2.7/site-packages', '/cvmfs/cms.cern.ch/crab3/slc6_amd64_gcc493/cms/dbs3-pycurl-client/3.4.4/lib/python2.7/site-packages', '/cvmfs/cms.cern.ch/slc6_amd64_gcc630/external/py2-sqlalchemy/1.1.4-mlhled2/lib/python2.7/site-packages/SQLAlchemy-1.1.4-py2.7-linux-x86_64.egg', '/cvmfs/cms.cern.ch/slc6_amd64_gcc630/external/py2-numpy/1.12.1-mlhled2/lib/python2.7/site-packages/numpy-1.12.1-py2.7-linux-x86_64.egg', '/cvmfs/cms.cern.ch/slc6_amd64_gcc630/external/python/2.7.11-mlhled2/lib/python27.zip', '/cvmfs/cms.cern.ch/slc6_amd64_gcc630/external/python/2.7.11-mlhled2/lib/python2.7', '/cvmfs/cms.cern.ch/slc6_amd64_gcc630/external/python/2.7.11-mlhled2/lib/python2.7/plat-linux2', '/cvmfs/cms.cern.ch/slc6_amd64_gcc630/external/python/2.7.11-mlhled2/lib/python2.7/lib-tk', '/cvmfs/cms.cern.ch/slc6_amd64_gcc630/external/python/2.7.11-mlhled2/lib/python2.7/lib-old', '/cvmfs/cms.cern.ch/slc6_amd64_gcc630/external/python/2.7.11-mlhled2/lib/python2.7/lib-dynload', '/cvmfs/cms.cern.ch/slc6_amd64_gcc630/external/python/2.7.11-mlhled2/lib/python2.7/site-packages', '/uscms_data/d3/samuellh/WorkingArea/TauAnalysis/CMSSW_9_3_2/src/PUAnalysis/VBFtt2017/crab/VBF54'])
 ##################################################################### 
 # WARNING: the module CondCore.DBCommon.CondDBSetup is deprecated.  # 
 # Please import CondCore.CondDB.CondDB_cfi                          # 
 ##################################################################### 
recorrecting the jets
List Of Filters
['processedEvents', 'initialEventsTT', 'DiMuonCreation', 'AtLeastOneDiTau', 'TTTauPtEta', 'TTTauDecayFound', 'TTTauStandardDecayFound', 'TTTauDRSel', 'TTSync', 'TTAntiEle', 'TTAntiMu', 'TTIso', 'TTOS']
DEBUG 2017-11-15 07:39:24,212: 	 Executing command: 'submit'
DEBUG 2017-11-15 07:39:24,213: 	 Found CRAB cache file /uscms/home/samuellh/.crab3
DEBUG 2017-11-15 07:39:24,220: 	 Checking credentials
DEBUG 2017-11-15 07:39:24,221: 	 Found proxy file /tmp/x509up_u52190
DEBUG 2017-11-15 07:39:24,221: 	 Getting proxy life time left
DEBUG 2017-11-15 07:39:24,324: 	 Executing : 
 command : voms-proxy-info -file /tmp/x509up_u52190 -timeleft
 output : 82519

 error: 
 retcode : 0
DEBUG 2017-11-15 07:39:24,427: 	 Executing : 
 command : voms-proxy-info -file /tmp/x509up_u52190 -actimeleft
 output : 82518

 error: 
 retcode : 0
DEBUG 2017-11-15 07:39:24,427: 	 Proxy valid for 22:55:19 hours
INFO 2017-11-15 07:39:24,428: 	 Will use CRAB configuration file crab3_TT_MC.py
DEBUG 2017-11-15 07:39:24,428: 	 Loading CRAB configuration file.
DEBUG 2017-11-15 07:39:24,434: 	 Will use CRAB Analysis plugin (i.e. will run an analysis job type).
DEBUG 2017-11-15 07:39:24,549: 	 Executing : 
 command : openssl x509 -in ~/.globus/usercert.pem -subject -noout
 output : subject= /DC=ch/DC=cern/OU=Organic Units/OU=Users/CN=shigginb/CN=785176/CN=Sam Higginbotham

 error: 
 retcode : 0
DEBUG 2017-11-15 07:39:24,550: 	 Checking credentials
DEBUG 2017-11-15 07:39:24,550: 	 Found proxy file /tmp/x509up_u52190
DEBUG 2017-11-15 07:39:24,550: 	 Getting proxy life time left
DEBUG 2017-11-15 07:39:24,653: 	 Executing : 
 command : voms-proxy-info -file /tmp/x509up_u52190 -timeleft
 output : 82519

 error: 
 retcode : 0
DEBUG 2017-11-15 07:39:24,757: 	 Executing : 
 command : voms-proxy-info -file /tmp/x509up_u52190 -actimeleft
 output : 82518

 error: 
 retcode : 0
DEBUG 2017-11-15 07:39:24,757: 	 Proxy valid for 22:55:19 hours
DEBUG 2017-11-15 07:39:24,860: 	 Executing : 
 command : env X509_USER_PROXY=/tmp/x509up_u52190 voms-proxy-info -fqan
 output : /cms/Role=NULL/Capability=NULL

 error: 
 retcode : 0
DEBUG 2017-11-15 07:39:26,882: 	 Registering user credentials for server /DC=ch/DC=cern/OU=computers/CN=vocms(045|052|021|031|0118|0118a|0119|0108|0105|0109).cern.ch
DEBUG 2017-11-15 07:39:26,990: 	 Executing : 
 command : openssl x509 -in ~/.globus/usercert.pem -subject -noout
 output : subject= /DC=ch/DC=cern/OU=Organic Units/OU=Users/CN=shigginb/CN=785176/CN=Sam Higginbotham

 error: 
 retcode : 0
DEBUG 2017-11-15 07:39:26,990: 	 Getting myproxy life time left for myproxy.cern.ch
DEBUG 2017-11-15 07:39:26,990: 	 Calculating hash of /DC=ch/DC=cern/OU=Organic Units/OU=Users/CN=shigginb/CN=785176/CN=Sam Higginbotham_cmsweb.cern.ch for credential name
DEBUG 2017-11-15 07:39:27,695: 	 Executing : 
 command : myproxy-info -l 2f318c7a260d78734589f2cc772d26b8be79ec6c -s myproxy.cern.ch
 output : username: 2f318c7a260d78734589f2cc772d26b8be79ec6c
owner: /DC=ch/DC=cern/OU=Organic Units/OU=Users/CN=shigginb/CN=785176/CN=Sam Higginbotham
  renewal policy: /DC=ch/DC=cern/OU=computers/CN=vocms(045|052|021|031|0118|0118a|0119|0108|0105|0109).cern.ch
  trusted retrieval policy: /DC=ch/DC=cern/OU=computers/CN=vocms(045|052|021|031|0118|0118a|0119|0108|0105|0109).cern.ch
  timeleft: 431:44:14  (18.0 days)

 error: 
 retcode : 0
DEBUG 2017-11-15 07:39:27,696: 	 Myproxy is valid: 1554254
DEBUG 2017-11-15 07:39:27,696: 	 Command use: submit
DEBUG 2017-11-15 07:39:27,696: 	 Options use: ['-c', 'crab3_TT_MC.py']
DEBUG 2017-11-15 07:39:29,563: 	 CRABClient version: 3.3.1707.patch1
DEBUG 2017-11-15 07:39:29,563: 	 Instance is prod
DEBUG 2017-11-15 07:39:29,563: 	 Server base url is cmsweb.cern.ch
DEBUG 2017-11-15 07:39:29,563: 	 Command url /crabserver/prod/workflow
DEBUG 2017-11-15 07:39:29,563: 	 Started submission
DEBUG 2017-11-15 07:39:29,563: 	 Working on /uscms_data/d3/samuellh/WorkingArea/TauAnalysis/CMSSW_9_3_2/src/PUAnalysis/VBFtt2017/crab/VBF54/crab_20171115_073924
DEBUG 2017-11-15 07:39:31,238: 	 Loading required information from the environment
DEBUG 2017-11-15 07:39:31,238: 	 Found CMSSW_9_3_2 for slc6_amd64_gcc630 with base /uscms_data/d3/samuellh/WorkingArea/TauAnalysis/CMSSW_9_3_2
DEBUG 2017-11-15 07:39:31,238: 	 Loading required information from the environment
DEBUG 2017-11-15 07:39:31,238: 	 Found CMSSW_9_3_2 for slc6_amd64_gcc630 with base /uscms_data/d3/samuellh/WorkingArea/TauAnalysis/CMSSW_9_3_2
DEBUG 2017-11-15 07:39:31,250: 	 UNIQUE NAME: tarUUID 98ea2c85-25a1-4ff9-bad7-1fd28aa1ec67 
DEBUG 2017-11-15 07:39:31,251: 	 self.config: from WMCore.Configuration import Configuration
config = Configuration()
config.section_('General')
config.section_('JobType')
config.JobType.psetName = '../../../TT-MC-Up.py'
config.JobType.pluginName = 'Analysis'
config.JobType.inputFiles = ['../../../Configuration/data/PhaseIISummer16_25nsV3_MC.db']
config.JobType.outputFiles = ['analysis.root']
config.JobType.allowUndistributedCMSSW = True
config.section_('Data')
config.Data.inputDataset = '/TprimeBToTH_M-2500_Width-30p_LH_TuneCUETP8M2T4_14TeV-madgraph-pythia8/PhaseIITDRFall17MiniAOD-PU200_93X_upgrade2023_realistic_v2-v1/MINIAODSIM'
config.Data.unitsPerJob = 1
config.Data.publication = False
config.Data.inputDBS = 'global'
config.Data.splitting = 'FileBased'
config.section_('Site')
config.Site.storageSite = 'T3_US_FNALLPC'
config.section_('User')
config.section_('Debug')

DEBUG 2017-11-15 07:39:31,251: 	 self.config.JobType.psetName: ../../../TT-MC-Up.py
INFO 2017-11-15 07:39:31,251: 	 Importing CMSSW configuration ../../../TT-MC-Up.py
INFO 2017-11-15 07:39:33,610: 	 Finished importing CMSSW configuration ../../../TT-MC-Up.py
DEBUG 2017-11-15 07:39:33,610: 	 Writing CMSSW configuration to /uscms_data/d3/samuellh/WorkingArea/TauAnalysis/CMSSW_9_3_2/src/PUAnalysis/VBFtt2017/crab/VBF54/crab_20171115_073924/inputs/PSet.py
DEBUG 2017-11-15 07:39:34,362: 	 The following EDM output files will be collected: []
DEBUG 2017-11-15 07:39:34,363: 	 The following TFile output files will be collected: ['analysis.root']
DEBUG 2017-11-15 07:39:34,363: 	 The following user output files will be collected: []
DEBUG 2017-11-15 07:39:34,363: 	 Loading required information from the environment
DEBUG 2017-11-15 07:39:34,363: 	 Found CMSSW_9_3_2 for slc6_amd64_gcc630 with base /uscms_data/d3/samuellh/WorkingArea/TauAnalysis/CMSSW_9_3_2
DEBUG 2017-11-15 07:39:34,363: 	 Making tarball in /uscms_data/d3/samuellh/WorkingArea/TauAnalysis/CMSSW_9_3_2/src/PUAnalysis/VBFtt2017/crab/VBF54/crab_20171115_073924/inputs/98ea2c85-25a1-4ff9-bad7-1fd28aa1ec67default.tgz
DEBUG 2017-11-15 07:39:34,367: 	 Checking directory /uscms_data/d3/samuellh/WorkingArea/TauAnalysis/CMSSW_9_3_2/lib
DEBUG 2017-11-15 07:39:34,367: 	 Adding directory /uscms_data/d3/samuellh/WorkingArea/TauAnalysis/CMSSW_9_3_2/lib to tarball
DEBUG 2017-11-15 07:39:35,122: 	 Checking directory /uscms_data/d3/samuellh/WorkingArea/TauAnalysis/CMSSW_9_3_2/biglib
DEBUG 2017-11-15 07:39:35,122: 	 Adding directory /uscms_data/d3/samuellh/WorkingArea/TauAnalysis/CMSSW_9_3_2/biglib to tarball
DEBUG 2017-11-15 07:39:35,124: 	 Checking directory /uscms_data/d3/samuellh/WorkingArea/TauAnalysis/CMSSW_9_3_2/module
DEBUG 2017-11-15 07:39:35,140: 	 Adding data directory /uscms_data/d3/samuellh/WorkingArea/TauAnalysis/CMSSW_9_3_2/src/PUAnalysis/Configuration/data to tarball
DEBUG 2017-11-15 07:39:37,985: 	 Adding data directory /uscms_data/d3/samuellh/WorkingArea/TauAnalysis/CMSSW_9_3_2/src/PUAnalysis/DataFormats/interface to tarball
DEBUG 2017-11-15 07:39:37,993: 	 Adding data directory /uscms_data/d3/samuellh/WorkingArea/TauAnalysis/CMSSW_9_3_2/src/PUAnalysis/NtupleTools/interface to tarball
DEBUG 2017-11-15 07:39:37,998: 	 Adding data directory /uscms_data/d3/samuellh/WorkingArea/TauAnalysis/CMSSW_9_3_2/src/PUAnalysis/RecoTools/interface to tarball
DEBUG 2017-11-15 07:39:38,227: 	 Adding file ../../../Configuration/data/PhaseIISummer16_25nsV3_MC.db to tarball
DEBUG 2017-11-15 07:39:38,662: 	 Uploading archive /uscms_data/d3/samuellh/WorkingArea/TauAnalysis/CMSSW_9_3_2/src/PUAnalysis/VBFtt2017/crab/VBF54/crab_20171115_073924/inputs/98ea2c85-25a1-4ff9-bad7-1fd28aa1ec67default.tgz (11 MB) to the CRAB cache. Using URI https://cmsweb.cern.ch/crabcache
DEBUG 2017-11-15 07:39:50,146: 	 Loading required information from the environment
DEBUG 2017-11-15 07:39:50,146: 	 Found CMSSW_9_3_2 for slc6_amd64_gcc630 with base /uscms_data/d3/samuellh/WorkingArea/TauAnalysis/CMSSW_9_3_2
DEBUG 2017-11-15 07:39:50,146: 	 Making tarball in /uscms_data/d3/samuellh/WorkingArea/TauAnalysis/CMSSW_9_3_2/src/PUAnalysis/VBFtt2017/crab/VBF54/crab_20171115_073924/inputs/debugFiles.tgz
DEBUG 2017-11-15 07:39:50,151: 	 Uploading archive /uscms_data/d3/samuellh/WorkingArea/TauAnalysis/CMSSW_9_3_2/src/PUAnalysis/VBFtt2017/crab/VBF54/crab_20171115_073924/inputs/debugFiles.tgz (2 KB) to the CRAB cache. Using URI https://cmsweb.cern.ch/crabcache
DEBUG 2017-11-15 07:39:51,897: 	 Result uploading input files: 4e198fb019d07e682a8bd09208595d4eb73bac82ae7f6e24154a54b4451cc952.tar.gz 
INFO 2017-11-15 07:39:51,897: 	 Sending the request to the server
DEBUG 2017-11-15 07:39:51,897: 	 Submitting {'maxjobruntime': 1250, 'extrajdl': [], 'ignorelocality': 0, 'savelogsflag': 0, 'useparent': 0, 'asyncdest': 'T3_US_FNALLPC', 'algoargs': 1, 'cachefilename': '4e198fb019d07e682a8bd09208595d4eb73bac82ae7f6e24154a54b4451cc952.tar.gz', 'numcores': 1, 'addoutputfiles': [], 'generator': 'pythia', 'maxmemory': 2000, 'publishdbsurl': 'https://cmsweb.cern.ch/dbs/prod/phys03/DBSWriter', 'priority': 10, 'jobsw': 'CMSSW_9_3_2', 'edmoutfiles': [], 'userfiles': [], 'primarydataset': '', 'inputdata': '/TprimeBToTH_M-2500_Width-30p_LH_TuneCUETP8M2T4_14TeV-madgraph-pythia8/PhaseIITDRFall17MiniAOD-PU200_93X_upgrade2023_realistic_v2-v1/MINIAODSIM', 'dryrun': 0, 'workflow': 'crab_20171115_073924', 'cacheurl': u'https://cmsweb.cern.ch/crabcache', 'nonprodsw': 1, 'tfileoutfiles': ['analysis.root'], 'oneEventMode': 0, 'debugfilename': '2032f21374650404ed7dd9f9a646984780320df4fc7a927f2c6be7aa46e9b02c.tar.gz', 'saveoutput': 1, 'publication': 0, 'jobarch': 'slc6_amd64_gcc630', 'totalunits': 0, 'splitalgo': 'FileBased', 'ignoreglobalblacklist': 0, 'nonvaliddata': 0, 'dbsurl': 'https://cmsweb.cern.ch/dbs/prod/global/DBSReader', 'publishgroupname': 0, 'jobtype': 'Analysis', 'publishname2': ''} 
DEBUG 2017-11-15 07:39:51,898: 	 Encoded submit request: maxjobruntime=1250&ignorelocality=0&savelogsflag=0&useparent=0&asyncdest=T3_US_FNALLPC&algoargs=1&cachefilename=4e198fb019d07e682a8bd09208595d4eb73bac82ae7f6e24154a54b4451cc952.tar.gz&numcores=1&generator=pythia&maxmemory=2000&publishdbsurl=https%3A%2F%2Fcmsweb.cern.ch%2Fdbs%2Fprod%2Fphys03%2FDBSWriter&priority=10&jobsw=CMSSW_9_3_2&primarydataset=&inputdata=%2FTprimeBToTH_M-2500_Width-30p_LH_TuneCUETP8M2T4_14TeV-madgraph-pythia8%2FPhaseIITDRFall17MiniAOD-PU200_93X_upgrade2023_realistic_v2-v1%2FMINIAODSIM&dryrun=0&workflow=crab_20171115_073924&cacheurl=https%3A%2F%2Fcmsweb.cern.ch%2Fcrabcache&nonprodsw=1&oneEventMode=0&debugfilename=2032f21374650404ed7dd9f9a646984780320df4fc7a927f2c6be7aa46e9b02c.tar.gz&saveoutput=1&publication=0&jobarch=slc6_amd64_gcc630&totalunits=0&splitalgo=FileBased&ignoreglobalblacklist=0&nonvaliddata=0&dbsurl=https%3A%2F%2Fcmsweb.cern.ch%2Fdbs%2Fprod%2Fglobal%2FDBSReader&publishgroupname=0&jobtype=Analysis&publishname2=&tfileoutfiles=analysis.root
DEBUG 2017-11-15 07:39:53,697: 	 Result: {u'result': [{u'RequestName': u'171115_133953:shigginb_crab_20171115_073924'}]}
INFO 2017-11-15 07:39:53,700: 	 Success: Your task has been delivered to the CRAB3 server.
INFO 2017-11-15 07:39:53,700: 	 Task name: 171115_133953:shigginb_crab_20171115_073924
INFO 2017-11-15 07:39:53,700: 	 Please use 'crab status' to check how the submission process proceeds.
DEBUG 2017-11-15 07:39:53,701: 	 About to return
INFO 2017-11-15 07:39:53,706: 	 Log file is /uscms_data/d3/samuellh/WorkingArea/TauAnalysis/CMSSW_9_3_2/src/PUAnalysis/VBFtt2017/crab/VBF54/crab_20171115_073924/crab.log
DEBUG 2017-11-15 08:05:29,268: 	 Executing command: 'status'
DEBUG 2017-11-15 08:05:29,268: 	 Found CRAB cache file /uscms/home/samuellh/.crab3
DEBUG 2017-11-15 08:05:29,275: 	 Checking credentials
DEBUG 2017-11-15 08:05:29,276: 	 Found proxy file /tmp/x509up_u52190
DEBUG 2017-11-15 08:05:29,276: 	 Getting proxy life time left
DEBUG 2017-11-15 08:05:29,379: 	 Executing : 
 command : voms-proxy-info -file /tmp/x509up_u52190 -timeleft
 output : 80954

 error: 
 retcode : 0
DEBUG 2017-11-15 08:05:29,482: 	 Executing : 
 command : voms-proxy-info -file /tmp/x509up_u52190 -actimeleft
 output : 80953

 error: 
 retcode : 0
DEBUG 2017-11-15 08:05:29,483: 	 Proxy valid for 22:29:14 hours
DEBUG 2017-11-15 08:05:29,596: 	 Executing : 
 command : openssl x509 -in ~/.globus/usercert.pem -subject -noout
 output : subject= /DC=ch/DC=cern/OU=Organic Units/OU=Users/CN=shigginb/CN=785176/CN=Sam Higginbotham

 error: 
 retcode : 0
DEBUG 2017-11-15 08:05:29,596: 	 Checking credentials
DEBUG 2017-11-15 08:05:29,596: 	 Found proxy file /tmp/x509up_u52190
DEBUG 2017-11-15 08:05:29,596: 	 Getting proxy life time left
DEBUG 2017-11-15 08:05:29,699: 	 Executing : 
 command : voms-proxy-info -file /tmp/x509up_u52190 -timeleft
 output : 80954

 error: 
 retcode : 0
DEBUG 2017-11-15 08:05:29,803: 	 Executing : 
 command : voms-proxy-info -file /tmp/x509up_u52190 -actimeleft
 output : 80953

 error: 
 retcode : 0
DEBUG 2017-11-15 08:05:29,803: 	 Proxy valid for 22:29:14 hours
DEBUG 2017-11-15 08:05:31,641: 	 Registering user credentials for server /DC=ch/DC=cern/OU=computers/CN=vocms(045|052|021|031|0118|0118a|0119|0108|0105|0109).cern.ch
DEBUG 2017-11-15 08:05:31,750: 	 Executing : 
 command : openssl x509 -in ~/.globus/usercert.pem -subject -noout
 output : subject= /DC=ch/DC=cern/OU=Organic Units/OU=Users/CN=shigginb/CN=785176/CN=Sam Higginbotham

 error: 
 retcode : 0
DEBUG 2017-11-15 08:05:31,750: 	 Getting myproxy life time left for myproxy.cern.ch
DEBUG 2017-11-15 08:05:31,750: 	 Calculating hash of /DC=ch/DC=cern/OU=Organic Units/OU=Users/CN=shigginb/CN=785176/CN=Sam Higginbotham_cmsweb.cern.ch for credential name
DEBUG 2017-11-15 08:05:32,454: 	 Executing : 
 command : myproxy-info -l 2f318c7a260d78734589f2cc772d26b8be79ec6c -s myproxy.cern.ch
 output : username: 2f318c7a260d78734589f2cc772d26b8be79ec6c
owner: /DC=ch/DC=cern/OU=Organic Units/OU=Users/CN=shigginb/CN=785176/CN=Sam Higginbotham
  renewal policy: /DC=ch/DC=cern/OU=computers/CN=vocms(045|052|021|031|0118|0118a|0119|0108|0105|0109).cern.ch
  trusted retrieval policy: /DC=ch/DC=cern/OU=computers/CN=vocms(045|052|021|031|0118|0118a|0119|0108|0105|0109).cern.ch
  timeleft: 431:18:09  (18.0 days)

 error: 
 retcode : 0
DEBUG 2017-11-15 08:05:32,456: 	 Myproxy is valid: 1552689
DEBUG 2017-11-15 08:05:32,456: 	 Command use: status
DEBUG 2017-11-15 08:05:32,456: 	 Options use: ['-d', 'crab_20171115_073924/']
DEBUG 2017-11-15 08:05:34,192: 	 CRABClient version: 3.3.1707.patch1
DEBUG 2017-11-15 08:05:34,192: 	 Instance is prod
DEBUG 2017-11-15 08:05:34,192: 	 Server base url is cmsweb.cern.ch
DEBUG 2017-11-15 08:05:34,192: 	 Command url /crabserver/prod/workflow
DEBUG 2017-11-15 08:05:35,822: 	 Got information from server oracle database: {u'result': [u'171115_133953:shigginb_crab_20171115_073924', u'None', u'SUBMITTED', u'2017-11-15 13:39:53.619882', u'None', u'2017-11-15 13:40:41.365959', u'None', u'CMSSW_9_3_2', u'slc6_amd64_gcc630', u'/TprimeBToTH_M-2500_Width-30p_LH_TuneCUETP8M2T4_14TeV-madgraph-pythia8/PhaseIITDRFall17MiniAOD-PU200_93X_upgrade2023_realistic_v2-v1/MINIAODSIM', u'[]', u'[]', u'FileBased', u"{'splitOnRun': False, 'halt_job_on_file_boundaries': False, 'files_per_job': 1, 'runs': [], 'lumis': []}", u'0', u'4e198fb019d07e682a8bd09208595d4eb73bac82ae7f6e24154a54b4451cc952.tar.gz', u'https://cmsweb.cern.ch/crabcache', u'shigginb', u'/DC=ch/DC=cern/OU=Organic Units/OU=Users/CN=shigginb/CN=785176/CN=Sam Higginbotham', u'cms', u'None', u'None', u'crab_20171115_073924-00000000000000000000000000000000', u'T3_US_FNALLPC', u'https://cmsweb.cern.ch/dbs/prod/global/DBSReader', u'https://cmsweb.cern.ch/dbs/prod/phys03/DBSWriter', u'F', u'Analysis', u'{}', u'[]', u'F', u'vocms052', u'[]', u'1250', u'1', u'2000', u'10', u'None', u'http://vocms0195.cern.ch/mon/cms1359/171115_133953:shigginb_crab_20171115_073924', u'None', u'None', u'[]', u'[]', u'[]', u'pythia', u'[]', u"['analysis.root']", u'[]', u'https://cmsweb.cern.ch/crabserver/prod', u'None', u'0', u'cmssrv221.fnal.gov:9620', u'crab3@vocms0195.cern.ch', u'F', u'[]', u'T', u'/store/user/shigginb/', u'F', u'None', u'F', u'F', u'F', u'None', u'TprimeBToTH_M-2500_Width-30p_LH_TuneCUETP8M2T4_14TeV-madgraph-pythia8', u'filetransfers', u'SUBMIT', u'14129954', u'2032f21374650404ed7dd9f9a646984780320df4fc7a927f2c6be7aa46e9b02c.tar.gz', u'131.225.190.56', u'F', u'None'], u'desc': {u'columns': [u'tm_taskname', u'panda_jobset_id', u'tm_task_status', u'tm_start_time', u'tm_start_injection', u'tm_end_injection', u'tm_task_failure', u'tm_job_sw', u'tm_job_arch', u'tm_input_dataset', u'tm_site_whitelist', u'tm_site_blacklist', u'tm_split_algo', u'tm_split_args', u'tm_totalunits', u'tm_user_sandbox', u'tm_cache_url', u'tm_username', u'tm_user_dn', u'tm_user_vo', u'tm_user_role', u'tm_user_group', u'tm_publish_name', u'tm_asyncdest', u'tm_dbs_url', u'tm_publish_dbs_url', u'tm_publication', u'tm_job_type', u'tm_arguments', u'panda_resubmitted_jobs', u'tm_save_logs', u'tw_name', u'tm_user_infiles', u'tm_maxjobruntime', u'tm_numcores', u'tm_maxmemory', u'tm_priority', u'tm_output_dataset', u'tm_user_webdir', u'tm_activity', u'tm_scriptexe', u'tm_scriptargs', u'tm_extrajdl', u'tm_task_warnings', u'tm_generator', u'tm_outfiles', u'tm_tfile_outfiles', u'tm_edm_outfiles', u'tm_asourl', u'tm_events_per_lumi', u'tm_use_parent', u'tm_collector', u'tm_schedd', u'tm_dry_run', u'tm_user_files', u'tm_transfer_outputs', u'tm_output_lfn', u'tm_ignore_locality', u'tm_fail_limit', u'tm_one_event_mode', u'tm_publish_groupname', u'tm_nonvalid_input_dataset', u'tm_secondary_input_dataset', u'tm_primary_dataset', u'tm_asodb', u'tm_task_command', u'clusterid', u'tm_debug_files', u'tm_submitter_ip_addr', u'tm_ignore_global_blacklist', u'tm_last_publication']}}
INFO 2017-11-15 08:05:35,823: 	 CRAB project directory:		/uscms_data/d3/samuellh/WorkingArea/TauAnalysis/CMSSW_9_3_2/src/PUAnalysis/VBFtt2017/crab/VBF54/crab_20171115_073924
INFO 2017-11-15 08:05:35,823: 	 Task name:			171115_133953:shigginb_crab_20171115_073924
INFO 2017-11-15 08:05:35,823: 	 Grid scheduler:			crab3@vocms0195.cern.ch
INFO 2017-11-15 08:05:35,823: 	 Status on the CRAB server:	SUBMITTED
INFO 2017-11-15 08:05:35,824: 	 Task URL to use for HELP:	https://cmsweb.cern.ch/crabserver/ui/task/171115_133953%3Ashigginb_crab_20171115_073924
INFO 2017-11-15 08:05:35,824: 	 Dashboard monitoring URL:	http://dashb-cms-job.cern.ch/dashboard/templates/task-analysis/#user=shigginb&refresh=0&table=Jobs&p=1&records=25&activemenu=2&status=&site=&tid=171115_133953%3Ashigginb_crab_20171115_073924
DEBUG 2017-11-15 08:05:35,824: 	 The CRAB server submitted your task to the Grid scheduler (cluster ID: 14129954)
DEBUG 2017-11-15 08:05:35,824: 	 Webdir is located at http://vocms0195.cern.ch/mon/cms1359/171115_133953:shigginb_crab_20171115_073924
DEBUG 2017-11-15 08:05:37,641: 	 Proxied webdir is located at https://cmsweb.cern.ch/scheddmon/0195/cms1359/171115_133953:shigginb_crab_20171115_073924
DEBUG 2017-11-15 08:05:37,641: 	 Retrieving 'status_cache' file from https://cmsweb.cern.ch/scheddmon/0195/cms1359/171115_133953:shigginb_crab_20171115_073924/status_cache
DEBUG 2017-11-15 08:05:39,258: 	 Got information from status cache file: {'1': {'Retries': 0, 'WallDurations': [267.0], 'StartTimes': [1510753557.0], 'SubmitTimes': [1510753253.0], 'JobIds': ['14130007.0'], 'EndTimes': [1510753824.0], 'Restarts': 0, 'RecordedSite': False, 'State': 'finished', 'ResidentSetSize': [26948], 'TotalUserCpuTimeHistory': [196], 'SiteHistory': ['Unknown'], 'TotalSysCpuTimeHistory': [5]}, '3': {'Retries': 0, 'WallDurations': [787.0], 'StartTimes': [1510753550.0], 'SubmitTimes': [1510753254.0], 'JobIds': ['14130011.0'], 'EndTimes': [1510754337.0], 'Restarts': 0, 'RecordedSite': False, 'State': 'finished', 'ResidentSetSize': [742360], 'TotalUserCpuTimeHistory': [104], 'SiteHistory': ['Unknown'], 'TotalSysCpuTimeHistory': [30]}, '2': {'Retries': 0, 'WallDurations': [463.0], 'StartTimes': [1510753562.0], 'SubmitTimes': [1510753253.0], 'JobIds': ['14130009.0'], 'EndTimes': [1510754025.0], 'Restarts': 0, 'RecordedSite': False, 'State': 'finished', 'ResidentSetSize': [773976], 'TotalUserCpuTimeHistory': [83], 'SiteHistory': ['Unknown'], 'TotalSysCpuTimeHistory': [6]}, '5': {'Retries': 0, 'WallDurations': [192.0], 'StartTimes': [1510753550.0], 'SubmitTimes': [1510753254.0], 'JobIds': ['14130015.0'], 'EndTimes': [1510753742.0], 'Restarts': 0, 'RecordedSite': False, 'State': 'finished', 'ResidentSetSize': [37024], 'TotalUserCpuTimeHistory': [129], 'SiteHistory': ['Unknown'], 'TotalSysCpuTimeHistory': [3]}, '4': {'Retries': 0, 'WallDurations': [154.0], 'StartTimes': [1510753551.0], 'SubmitTimes': [1510753254.0], 'JobIds': ['14130013.0'], 'EndTimes': [1510753705.0], 'Restarts': 0, 'RecordedSite': False, 'State': 'finished', 'ResidentSetSize': [8820], 'TotalUserCpuTimeHistory': [69], 'SiteHistory': ['Unknown'], 'TotalSysCpuTimeHistory': [4]}, '7': {'Retries': 0, 'WallDurations': [908.0], 'StartTimes': [1510753553.0], 'SubmitTimes': [1510753254.0], 'JobIds': ['14130018.0'], 'EndTimes': [], 'Restarts': 0, 'RecordedSite': False, 'State': 'running', 'ResidentSetSize': [715056], 'TotalUserCpuTimeHistory': [0], 'SiteHistory': ['Unknown'], 'TotalSysCpuTimeHistory': [0]}, '6': {'Retries': 0, 'WallDurations': [481.0], 'StartTimes': [1510753550.0], 'SubmitTimes': [1510753254.0], 'JobIds': ['14130017.0'], 'EndTimes': [1510754031.0], 'Restarts': 0, 'RecordedSite': False, 'State': 'finished', 'ResidentSetSize': [1869660], 'TotalUserCpuTimeHistory': [428], 'SiteHistory': ['Unknown'], 'TotalSysCpuTimeHistory': [10]}, '8': {'Retries': 0, 'WallDurations': [895.0], 'StartTimes': [1510753552.0], 'SubmitTimes': [1510753254.0], 'JobIds': ['14130019.0'], 'EndTimes': [1510754447.0], 'Restarts': 0, 'RecordedSite': False, 'State': 'finished', 'ResidentSetSize': [763764], 'TotalUserCpuTimeHistory': [243], 'SiteHistory': ['Unknown'], 'TotalSysCpuTimeHistory': [33]}}
INFO 2017-11-15 08:05:39,258: 	 Status on the scheduler:	SUBMITTED
INFO 2017-11-15 08:05:39,258: 	 
Jobs status:                    finished       87.5% (7/8)
INFO 2017-11-15 08:05:39,258: 	 				running        12.5% (1/8)
INFO 2017-11-15 08:05:39,258: 	 
No publication information (publication has been disabled in the CRAB configuration file)
INFO 2017-11-15 08:05:42,898: 	 Log file is /uscms_data/d3/samuellh/WorkingArea/TauAnalysis/CMSSW_9_3_2/src/PUAnalysis/VBFtt2017/crab/VBF54/crab_20171115_073924/crab.log
DEBUG 2017-11-15 09:18:33,137: 	 Executing command: 'status'
DEBUG 2017-11-15 09:18:33,137: 	 Found CRAB cache file /uscms/home/samuellh/.crab3
DEBUG 2017-11-15 09:18:33,145: 	 Checking credentials
DEBUG 2017-11-15 09:18:33,145: 	 Found proxy file /tmp/x509up_u52190
DEBUG 2017-11-15 09:18:33,145: 	 Getting proxy life time left
DEBUG 2017-11-15 09:18:33,248: 	 Executing : 
 command : voms-proxy-info -file /tmp/x509up_u52190 -timeleft
 output : 76570

 error: 
 retcode : 0
DEBUG 2017-11-15 09:18:33,351: 	 Executing : 
 command : voms-proxy-info -file /tmp/x509up_u52190 -actimeleft
 output : 76569

 error: 
 retcode : 0
DEBUG 2017-11-15 09:18:33,351: 	 Proxy valid for 21:16:10 hours
DEBUG 2017-11-15 09:18:33,464: 	 Executing : 
 command : openssl x509 -in ~/.globus/usercert.pem -subject -noout
 output : subject= /DC=ch/DC=cern/OU=Organic Units/OU=Users/CN=shigginb/CN=785176/CN=Sam Higginbotham

 error: 
 retcode : 0
DEBUG 2017-11-15 09:18:33,464: 	 Checking credentials
DEBUG 2017-11-15 09:18:33,465: 	 Found proxy file /tmp/x509up_u52190
DEBUG 2017-11-15 09:18:33,465: 	 Getting proxy life time left
DEBUG 2017-11-15 09:18:33,568: 	 Executing : 
 command : voms-proxy-info -file /tmp/x509up_u52190 -timeleft
 output : 76570

 error: 
 retcode : 0
DEBUG 2017-11-15 09:18:33,670: 	 Executing : 
 command : voms-proxy-info -file /tmp/x509up_u52190 -actimeleft
 output : 76569

 error: 
 retcode : 0
DEBUG 2017-11-15 09:18:33,671: 	 Proxy valid for 21:16:10 hours
DEBUG 2017-11-15 09:18:35,282: 	 Registering user credentials for server /DC=ch/DC=cern/OU=computers/CN=vocms(045|052|021|031|0118|0118a|0119|0108|0105|0109).cern.ch
DEBUG 2017-11-15 09:18:35,389: 	 Executing : 
 command : openssl x509 -in ~/.globus/usercert.pem -subject -noout
 output : subject= /DC=ch/DC=cern/OU=Organic Units/OU=Users/CN=shigginb/CN=785176/CN=Sam Higginbotham

 error: 
 retcode : 0
DEBUG 2017-11-15 09:18:35,389: 	 Getting myproxy life time left for myproxy.cern.ch
DEBUG 2017-11-15 09:18:35,389: 	 Calculating hash of /DC=ch/DC=cern/OU=Organic Units/OU=Users/CN=shigginb/CN=785176/CN=Sam Higginbotham_cmsweb.cern.ch for credential name
DEBUG 2017-11-15 09:18:36,093: 	 Executing : 
 command : myproxy-info -l 2f318c7a260d78734589f2cc772d26b8be79ec6c -s myproxy.cern.ch
 output : username: 2f318c7a260d78734589f2cc772d26b8be79ec6c
owner: /DC=ch/DC=cern/OU=Organic Units/OU=Users/CN=shigginb/CN=785176/CN=Sam Higginbotham
  renewal policy: /DC=ch/DC=cern/OU=computers/CN=vocms(045|052|021|031|0118|0118a|0119|0108|0105|0109).cern.ch
  trusted retrieval policy: /DC=ch/DC=cern/OU=computers/CN=vocms(045|052|021|031|0118|0118a|0119|0108|0105|0109).cern.ch
  timeleft: 430:05:05  (17.9 days)

 error: 
 retcode : 0
DEBUG 2017-11-15 09:18:36,095: 	 Myproxy is valid: 1548305
DEBUG 2017-11-15 09:18:36,095: 	 Command use: status
DEBUG 2017-11-15 09:18:36,095: 	 Options use: ['-d', 'crab_20171115_073924/']
DEBUG 2017-11-15 09:18:37,759: 	 CRABClient version: 3.3.1707.patch1
DEBUG 2017-11-15 09:18:37,759: 	 Instance is prod
DEBUG 2017-11-15 09:18:37,759: 	 Server base url is cmsweb.cern.ch
DEBUG 2017-11-15 09:18:37,759: 	 Command url /crabserver/prod/workflow
DEBUG 2017-11-15 09:18:39,596: 	 Got information from server oracle database: {u'result': [u'171115_133953:shigginb_crab_20171115_073924', u'None', u'SUBMITTED', u'2017-11-15 13:39:53.619882', u'None', u'2017-11-15 13:40:41.365959', u'None', u'CMSSW_9_3_2', u'slc6_amd64_gcc630', u'/TprimeBToTH_M-2500_Width-30p_LH_TuneCUETP8M2T4_14TeV-madgraph-pythia8/PhaseIITDRFall17MiniAOD-PU200_93X_upgrade2023_realistic_v2-v1/MINIAODSIM', u'[]', u'[]', u'FileBased', u"{'splitOnRun': False, 'halt_job_on_file_boundaries': False, 'files_per_job': 1, 'runs': [], 'lumis': []}", u'0', u'4e198fb019d07e682a8bd09208595d4eb73bac82ae7f6e24154a54b4451cc952.tar.gz', u'https://cmsweb.cern.ch/crabcache', u'shigginb', u'/DC=ch/DC=cern/OU=Organic Units/OU=Users/CN=shigginb/CN=785176/CN=Sam Higginbotham', u'cms', u'None', u'None', u'crab_20171115_073924-00000000000000000000000000000000', u'T3_US_FNALLPC', u'https://cmsweb.cern.ch/dbs/prod/global/DBSReader', u'https://cmsweb.cern.ch/dbs/prod/phys03/DBSWriter', u'F', u'Analysis', u'{}', u'[]', u'F', u'vocms052', u'[]', u'1250', u'1', u'2000', u'10', u'None', u'http://vocms0195.cern.ch/mon/cms1359/171115_133953:shigginb_crab_20171115_073924', u'None', u'None', u'[]', u'[]', u'[]', u'pythia', u'[]', u"['analysis.root']", u'[]', u'https://cmsweb.cern.ch/crabserver/prod', u'None', u'0', u'cmssrv221.fnal.gov:9620', u'crab3@vocms0195.cern.ch', u'F', u'[]', u'T', u'/store/user/shigginb/', u'F', u'None', u'F', u'F', u'F', u'None', u'TprimeBToTH_M-2500_Width-30p_LH_TuneCUETP8M2T4_14TeV-madgraph-pythia8', u'filetransfers', u'SUBMIT', u'14129954', u'2032f21374650404ed7dd9f9a646984780320df4fc7a927f2c6be7aa46e9b02c.tar.gz', u'131.225.190.56', u'F', u'None'], u'desc': {u'columns': [u'tm_taskname', u'panda_jobset_id', u'tm_task_status', u'tm_start_time', u'tm_start_injection', u'tm_end_injection', u'tm_task_failure', u'tm_job_sw', u'tm_job_arch', u'tm_input_dataset', u'tm_site_whitelist', u'tm_site_blacklist', u'tm_split_algo', u'tm_split_args', u'tm_totalunits', u'tm_user_sandbox', u'tm_cache_url', u'tm_username', u'tm_user_dn', u'tm_user_vo', u'tm_user_role', u'tm_user_group', u'tm_publish_name', u'tm_asyncdest', u'tm_dbs_url', u'tm_publish_dbs_url', u'tm_publication', u'tm_job_type', u'tm_arguments', u'panda_resubmitted_jobs', u'tm_save_logs', u'tw_name', u'tm_user_infiles', u'tm_maxjobruntime', u'tm_numcores', u'tm_maxmemory', u'tm_priority', u'tm_output_dataset', u'tm_user_webdir', u'tm_activity', u'tm_scriptexe', u'tm_scriptargs', u'tm_extrajdl', u'tm_task_warnings', u'tm_generator', u'tm_outfiles', u'tm_tfile_outfiles', u'tm_edm_outfiles', u'tm_asourl', u'tm_events_per_lumi', u'tm_use_parent', u'tm_collector', u'tm_schedd', u'tm_dry_run', u'tm_user_files', u'tm_transfer_outputs', u'tm_output_lfn', u'tm_ignore_locality', u'tm_fail_limit', u'tm_one_event_mode', u'tm_publish_groupname', u'tm_nonvalid_input_dataset', u'tm_secondary_input_dataset', u'tm_primary_dataset', u'tm_asodb', u'tm_task_command', u'clusterid', u'tm_debug_files', u'tm_submitter_ip_addr', u'tm_ignore_global_blacklist', u'tm_last_publication']}}
INFO 2017-11-15 09:18:39,596: 	 CRAB project directory:		/uscms_data/d3/samuellh/WorkingArea/TauAnalysis/CMSSW_9_3_2/src/PUAnalysis/VBFtt2017/crab/VBF54/crab_20171115_073924
INFO 2017-11-15 09:18:39,596: 	 Task name:			171115_133953:shigginb_crab_20171115_073924
INFO 2017-11-15 09:18:39,597: 	 Grid scheduler:			crab3@vocms0195.cern.ch
INFO 2017-11-15 09:18:39,597: 	 Status on the CRAB server:	SUBMITTED
INFO 2017-11-15 09:18:39,597: 	 Task URL to use for HELP:	https://cmsweb.cern.ch/crabserver/ui/task/171115_133953%3Ashigginb_crab_20171115_073924
INFO 2017-11-15 09:18:39,597: 	 Dashboard monitoring URL:	http://dashb-cms-job.cern.ch/dashboard/templates/task-analysis/#user=shigginb&refresh=0&table=Jobs&p=1&records=25&activemenu=2&status=&site=&tid=171115_133953%3Ashigginb_crab_20171115_073924
DEBUG 2017-11-15 09:18:39,597: 	 The CRAB server submitted your task to the Grid scheduler (cluster ID: 14129954)
DEBUG 2017-11-15 09:18:39,597: 	 Webdir is located at http://vocms0195.cern.ch/mon/cms1359/171115_133953:shigginb_crab_20171115_073924
DEBUG 2017-11-15 09:18:41,210: 	 Proxied webdir is located at https://cmsweb.cern.ch/scheddmon/0195/cms1359/171115_133953:shigginb_crab_20171115_073924
DEBUG 2017-11-15 09:18:41,211: 	 Retrieving 'status_cache' file from https://cmsweb.cern.ch/scheddmon/0195/cms1359/171115_133953:shigginb_crab_20171115_073924/status_cache
DEBUG 2017-11-15 09:18:42,778: 	 Got information from status cache file: {'1': {'Retries': 0, 'WallDurations': [267.0], 'StartTimes': [1510753557.0], 'SubmitTimes': [1510753253.0], 'JobIds': ['14130007.0'], 'EndTimes': [1510753824.0], 'Restarts': 0, 'RecordedSite': False, 'State': 'finished', 'ResidentSetSize': [26948], 'TotalUserCpuTimeHistory': [196], 'SiteHistory': ['Unknown'], 'TotalSysCpuTimeHistory': [5]}, '3': {'Retries': 0, 'WallDurations': [787.0], 'StartTimes': [1510753550.0], 'SubmitTimes': [1510753254.0], 'JobIds': ['14130011.0'], 'EndTimes': [1510754337.0], 'Restarts': 0, 'RecordedSite': False, 'State': 'finished', 'ResidentSetSize': [742360], 'TotalUserCpuTimeHistory': [104], 'SiteHistory': ['Unknown'], 'TotalSysCpuTimeHistory': [30]}, '2': {'Retries': 0, 'WallDurations': [463.0], 'StartTimes': [1510753562.0], 'SubmitTimes': [1510753253.0], 'JobIds': ['14130009.0'], 'EndTimes': [1510754025.0], 'Restarts': 0, 'RecordedSite': False, 'State': 'finished', 'ResidentSetSize': [773976], 'TotalUserCpuTimeHistory': [83], 'SiteHistory': ['Unknown'], 'TotalSysCpuTimeHistory': [6]}, '5': {'Retries': 0, 'WallDurations': [192.0], 'StartTimes': [1510753550.0], 'SubmitTimes': [1510753254.0], 'JobIds': ['14130015.0'], 'EndTimes': [1510753742.0], 'Restarts': 0, 'RecordedSite': False, 'State': 'finished', 'ResidentSetSize': [37024], 'TotalUserCpuTimeHistory': [129], 'SiteHistory': ['Unknown'], 'TotalSysCpuTimeHistory': [3]}, '4': {'Retries': 0, 'WallDurations': [154.0], 'StartTimes': [1510753551.0], 'SubmitTimes': [1510753254.0], 'JobIds': ['14130013.0'], 'EndTimes': [1510753705.0], 'Restarts': 0, 'RecordedSite': False, 'State': 'finished', 'ResidentSetSize': [8820], 'TotalUserCpuTimeHistory': [69], 'SiteHistory': ['Unknown'], 'TotalSysCpuTimeHistory': [4]}, '7': {'Retries': 0, 'WallDurations': [2457.0], 'StartTimes': [1510753553.0], 'SubmitTimes': [1510753254.0], 'JobIds': ['14130018.0'], 'EndTimes': [1510756010.0], 'Restarts': 0, 'RecordedSite': False, 'State': 'finished', 'ResidentSetSize': [1813388], 'TotalUserCpuTimeHistory': [233], 'SiteHistory': ['Unknown'], 'TotalSysCpuTimeHistory': [30]}, '6': {'Retries': 0, 'WallDurations': [481.0], 'StartTimes': [1510753550.0], 'SubmitTimes': [1510753254.0], 'JobIds': ['14130017.0'], 'EndTimes': [1510754031.0], 'Restarts': 0, 'RecordedSite': False, 'State': 'finished', 'ResidentSetSize': [1869660], 'TotalUserCpuTimeHistory': [428], 'SiteHistory': ['Unknown'], 'TotalSysCpuTimeHistory': [10]}, '8': {'Retries': 0, 'WallDurations': [895.0], 'StartTimes': [1510753552.0], 'SubmitTimes': [1510753254.0], 'JobIds': ['14130019.0'], 'EndTimes': [1510754447.0], 'Restarts': 0, 'RecordedSite': False, 'State': 'finished', 'ResidentSetSize': [763764], 'TotalUserCpuTimeHistory': [243], 'SiteHistory': ['Unknown'], 'TotalSysCpuTimeHistory': [33]}}
INFO 2017-11-15 09:18:42,778: 	 Status on the scheduler:	COMPLETED
INFO 2017-11-15 09:18:42,779: 	 
Jobs status:                    finished      100.0% (8/8)
INFO 2017-11-15 09:18:42,779: 	 
No publication information (publication has been disabled in the CRAB configuration file)
INFO 2017-11-15 09:18:42,805: 	 Log file is /uscms_data/d3/samuellh/WorkingArea/TauAnalysis/CMSSW_9_3_2/src/PUAnalysis/VBFtt2017/crab/VBF54/crab_20171115_073924/crab.log
