('The system path in the config file ', ['/cvmfs/cms.cern.ch/crab3/slc6_amd64_gcc493/cms/crabclient/3.3.1707.patch1/bin', '/uscms_data/d3/samuellh/WorkingArea/TauAnalysis/CMSSW_9_3_2/python', '/uscms_data/d3/samuellh/WorkingArea/TauAnalysis/CMSSW_9_3_2/lib/slc6_amd64_gcc630', '/cvmfs/cms.cern.ch/slc6_amd64_gcc630/cms/cmssw/CMSSW_9_3_2/python', '/cvmfs/cms.cern.ch/slc6_amd64_gcc630/cms/cmssw/CMSSW_9_3_2/lib/slc6_amd64_gcc630', '/cvmfs/cms.cern.ch/slc6_amd64_gcc630/cms/coral/CORAL_2_3_21-ghjeda6/slc6_amd64_gcc630/python', '/cvmfs/cms.cern.ch/slc6_amd64_gcc630/cms/coral/CORAL_2_3_21-ghjeda6/slc6_amd64_gcc630/lib', '/cvmfs/cms.cern.ch/slc6_amd64_gcc630/external/professor2/2.2.1-ghjeda6/lib/python2.7/site-packages', '/cvmfs/cms.cern.ch/slc6_amd64_gcc630/external/pyqt/4.11.4-mlhled2/lib/python2.7/site-packages', '/cvmfs/cms.cern.ch/slc6_amd64_gcc630/external/sherpa/2.2.4-ghjeda/lib/python2.7/site-packages', '/cvmfs/cms.cern.ch/slc6_amd64_gcc630/external/rivet/2.5.2-ghjeda4/lib/python2.7/site-packages', '/cvmfs/cms.cern.ch/slc6_amd64_gcc630/external/python-ldap/2.4.10-mlhled2/lib/python2.7/site-packages', '/cvmfs/cms.cern.ch/slc6_amd64_gcc630/external/py2-matplotlib/1.5.2-njopjo/lib/python2.7/site-packages', '/cvmfs/cms.cern.ch/slc6_amd64_gcc630/external/sip/4.17-mlhled2/lib/python2.7/site-packages', '/cvmfs/cms.cern.ch/slc6_amd64_gcc630/external/llvm/4.0.0-njopjo/lib64/python2.7/site-packages', '/cvmfs/cms.cern.ch/slc6_amd64_gcc630/external/py2-sqlalchemy/1.1.4-mlhled2/lib/python2.7/site-packages', '/cvmfs/cms.cern.ch/slc6_amd64_gcc630/external/py2-lint/0.25.1-mlhled2/lib/python2.7/site-packages', '/cvmfs/cms.cern.ch/slc6_amd64_gcc630/external/py2-dxr/1.0-ghjeda6/lib/python2.7/site-packages', '/cvmfs/cms.cern.ch/slc6_amd64_gcc630/external/py2-cx-oracle/5.2.1-mlhled2/lib/python2.7/site-packages', '/cvmfs/cms.cern.ch/slc6_amd64_gcc630/external/py2-numpy/1.12.1-mlhled2/lib/python2.7/site-packages', '/cvmfs/cms.cern.ch/slc6_amd64_gcc630/external/frontier_client/2.8.20-mlhled2/python/lib', '/cvmfs/cms.cern.ch/slc6_amd64_gcc630/cms/das_client/v03.01.00-mlhled2/bin', '/cvmfs/cms.cern.ch/slc6_amd64_gcc630/external/xrootd/4.6.1/lib/python2.7/site-packages', '/cvmfs/cms.cern.ch/slc6_amd64_gcc630/external/yoda/1.6.5-ghjeda4/lib/python2.7/site-packages', '/cvmfs/cms.cern.ch/slc6_amd64_gcc630/lcg/root/6.10.04-ghjeda/lib', '/cvmfs/cms.cern.ch/slc6_amd64_gcc630/external/pyminuit2/0.0.1-ghjeda4/lib/python2.7/site-packages', '/cvmfs/cms.cern.ch/slc6_amd64_gcc630/external/py2-PyYAML/3.11-mlhled2/lib/python2.7/site-packages', '/cvmfs/cms.cern.ch/slc6_amd64_gcc630/external/py2-pygithub/1.23.0-mlhled2/lib/python2.7/site-packages', '/cvmfs/cms.cern.ch/slc6_amd64_gcc630/external/py2-pip/9.0.1-mlhled2/lib/python2.7/site-packages', '/cvmfs/cms.cern.ch/slc6_amd64_gcc630/external/py2-dablooms/0.9.1-mlhled2/lib/python2.7/site-packages', '/cvmfs/cms.cern.ch/slc6_amd64_gcc630/external/py2-pippkgs_depscipy/3.0-ghjeda6/lib/python2.7/site-packages', '/cvmfs/cms.cern.ch/slc6_amd64_gcc630/external/py2-pippkgs/5.0-ghjeda6/lib/python2.7/site-packages', '/cvmfs/cms.cern.ch/slc6_amd64_gcc630/external/professor/1.4.0-ghjeda4/lib/python2.7/site-packages', '/cvmfs/cms.cern.ch/slc6_amd64_gcc630/cms/dbs-client/DBS_2_1_9-mlhled2/lib', '/cvmfs/cms.cern.ch/slc6_amd64_gcc630/cms/dbs-client/DBS_2_1_9-mlhled2/lib/DBSAPI', '/cvmfs/cms.cern.ch/slc6_amd64_gcc630/external/cvs2git/5419-mlhled2/lib', '/cvmfs/cms.cern.ch/crab3/slc6_amd64_gcc493/cms/crabclient/3.3.1707.patch1/lib/python2.7/site-packages', '/cvmfs/cms.cern.ch/crab3/slc6_amd64_gcc493/cms/dbs3-client/3.4.4/lib/python2.7/site-packages', '/cvmfs/cms.cern.ch/crab3/slc6_amd64_gcc493/cms/dbs3-pycurl-client/3.4.4/lib/python2.7/site-packages', '/cvmfs/cms.cern.ch/slc6_amd64_gcc630/external/py2-sqlalchemy/1.1.4-mlhled2/lib/python2.7/site-packages/SQLAlchemy-1.1.4-py2.7-linux-x86_64.egg', '/cvmfs/cms.cern.ch/slc6_amd64_gcc630/external/py2-numpy/1.12.1-mlhled2/lib/python2.7/site-packages/numpy-1.12.1-py2.7-linux-x86_64.egg', '/cvmfs/cms.cern.ch/slc6_amd64_gcc630/external/python/2.7.11-mlhled2/lib/python27.zip', '/cvmfs/cms.cern.ch/slc6_amd64_gcc630/external/python/2.7.11-mlhled2/lib/python2.7', '/cvmfs/cms.cern.ch/slc6_amd64_gcc630/external/python/2.7.11-mlhled2/lib/python2.7/plat-linux2', '/cvmfs/cms.cern.ch/slc6_amd64_gcc630/external/python/2.7.11-mlhled2/lib/python2.7/lib-tk', '/cvmfs/cms.cern.ch/slc6_amd64_gcc630/external/python/2.7.11-mlhled2/lib/python2.7/lib-old', '/cvmfs/cms.cern.ch/slc6_amd64_gcc630/external/python/2.7.11-mlhled2/lib/python2.7/lib-dynload', '/cvmfs/cms.cern.ch/slc6_amd64_gcc630/external/python/2.7.11-mlhled2/lib/python2.7/site-packages', '/uscms_data/d3/samuellh/WorkingArea/TauAnalysis/CMSSW_9_3_2/src/PUAnalysis/VBFtt2017/crab/VBF9'])
 ##################################################################### 
 # WARNING: the module CondCore.DBCommon.CondDBSetup is deprecated.  # 
 # Please import CondCore.CondDB.CondDB_cfi                          # 
 ##################################################################### 
recorrecting the jets
List Of Filters
['processedEvents', 'initialEventsTT', 'DiMuonCreation', 'AtLeastOneDiTau', 'TTTauPtEta', 'TTTauDecayFound', 'TTTauStandardDecayFound', 'TTTauDRSel', 'TTSync', 'TTAntiEle', 'TTAntiMu', 'TTIso', 'TTOS']
DEBUG 2017-11-15 07:54:11,275: 	 Executing command: 'submit'
DEBUG 2017-11-15 07:54:11,275: 	 Found CRAB cache file /uscms/home/samuellh/.crab3
DEBUG 2017-11-15 07:54:11,283: 	 Checking credentials
DEBUG 2017-11-15 07:54:11,283: 	 Found proxy file /tmp/x509up_u52190
DEBUG 2017-11-15 07:54:11,283: 	 Getting proxy life time left
DEBUG 2017-11-15 07:54:11,386: 	 Executing : 
 command : voms-proxy-info -file /tmp/x509up_u52190 -timeleft
 output : 81632

 error: 
 retcode : 0
DEBUG 2017-11-15 07:54:11,490: 	 Executing : 
 command : voms-proxy-info -file /tmp/x509up_u52190 -actimeleft
 output : 81631

 error: 
 retcode : 0
DEBUG 2017-11-15 07:54:11,490: 	 Proxy valid for 22:40:32 hours
INFO 2017-11-15 07:54:11,490: 	 Will use CRAB configuration file crab3_TT_MC.py
DEBUG 2017-11-15 07:54:11,490: 	 Loading CRAB configuration file.
DEBUG 2017-11-15 07:54:11,508: 	 Will use CRAB Analysis plugin (i.e. will run an analysis job type).
DEBUG 2017-11-15 07:54:11,623: 	 Executing : 
 command : openssl x509 -in ~/.globus/usercert.pem -subject -noout
 output : subject= /DC=ch/DC=cern/OU=Organic Units/OU=Users/CN=shigginb/CN=785176/CN=Sam Higginbotham

 error: 
 retcode : 0
DEBUG 2017-11-15 07:54:11,623: 	 Checking credentials
DEBUG 2017-11-15 07:54:11,623: 	 Found proxy file /tmp/x509up_u52190
DEBUG 2017-11-15 07:54:11,623: 	 Getting proxy life time left
DEBUG 2017-11-15 07:54:11,726: 	 Executing : 
 command : voms-proxy-info -file /tmp/x509up_u52190 -timeleft
 output : 81632

 error: 
 retcode : 0
DEBUG 2017-11-15 07:54:11,829: 	 Executing : 
 command : voms-proxy-info -file /tmp/x509up_u52190 -actimeleft
 output : 81631

 error: 
 retcode : 0
DEBUG 2017-11-15 07:54:11,829: 	 Proxy valid for 22:40:32 hours
DEBUG 2017-11-15 07:54:11,932: 	 Executing : 
 command : env X509_USER_PROXY=/tmp/x509up_u52190 voms-proxy-info -fqan
 output : /cms/Role=NULL/Capability=NULL

 error: 
 retcode : 0
DEBUG 2017-11-15 07:54:13,959: 	 Registering user credentials for server /DC=ch/DC=cern/OU=computers/CN=vocms(045|052|021|031|0118|0118a|0119|0108|0105|0109).cern.ch
DEBUG 2017-11-15 07:54:14,066: 	 Executing : 
 command : openssl x509 -in ~/.globus/usercert.pem -subject -noout
 output : subject= /DC=ch/DC=cern/OU=Organic Units/OU=Users/CN=shigginb/CN=785176/CN=Sam Higginbotham

 error: 
 retcode : 0
DEBUG 2017-11-15 07:54:14,066: 	 Getting myproxy life time left for myproxy.cern.ch
DEBUG 2017-11-15 07:54:14,066: 	 Calculating hash of /DC=ch/DC=cern/OU=Organic Units/OU=Users/CN=shigginb/CN=785176/CN=Sam Higginbotham_cmsweb.cern.ch for credential name
DEBUG 2017-11-15 07:54:15,072: 	 Executing : 
 command : myproxy-info -l 2f318c7a260d78734589f2cc772d26b8be79ec6c -s myproxy.cern.ch
 output : username: 2f318c7a260d78734589f2cc772d26b8be79ec6c
owner: /DC=ch/DC=cern/OU=Organic Units/OU=Users/CN=shigginb/CN=785176/CN=Sam Higginbotham
  renewal policy: /DC=ch/DC=cern/OU=computers/CN=vocms(045|052|021|031|0118|0118a|0119|0108|0105|0109).cern.ch
  trusted retrieval policy: /DC=ch/DC=cern/OU=computers/CN=vocms(045|052|021|031|0118|0118a|0119|0108|0105|0109).cern.ch
  timeleft: 431:29:26  (18.0 days)

 error: 
 retcode : 0
DEBUG 2017-11-15 07:54:15,073: 	 Myproxy is valid: 1553366
DEBUG 2017-11-15 07:54:15,073: 	 Command use: submit
DEBUG 2017-11-15 07:54:15,073: 	 Options use: ['-c', 'crab3_TT_MC.py']
DEBUG 2017-11-15 07:54:16,721: 	 CRABClient version: 3.3.1707.patch1
DEBUG 2017-11-15 07:54:16,721: 	 Instance is prod
DEBUG 2017-11-15 07:54:16,721: 	 Server base url is cmsweb.cern.ch
DEBUG 2017-11-15 07:54:16,722: 	 Command url /crabserver/prod/workflow
DEBUG 2017-11-15 07:54:16,722: 	 Started submission
DEBUG 2017-11-15 07:54:16,722: 	 Working on /uscms_data/d3/samuellh/WorkingArea/TauAnalysis/CMSSW_9_3_2/src/PUAnalysis/VBFtt2017/crab/VBF9/crab_20171115_075411
DEBUG 2017-11-15 07:54:18,435: 	 Loading required information from the environment
DEBUG 2017-11-15 07:54:18,435: 	 Found CMSSW_9_3_2 for slc6_amd64_gcc630 with base /uscms_data/d3/samuellh/WorkingArea/TauAnalysis/CMSSW_9_3_2
DEBUG 2017-11-15 07:54:18,435: 	 Loading required information from the environment
DEBUG 2017-11-15 07:54:18,435: 	 Found CMSSW_9_3_2 for slc6_amd64_gcc630 with base /uscms_data/d3/samuellh/WorkingArea/TauAnalysis/CMSSW_9_3_2
DEBUG 2017-11-15 07:54:18,448: 	 UNIQUE NAME: tarUUID 932091ce-785d-4d9b-951c-2e35cd5f06fd 
DEBUG 2017-11-15 07:54:18,449: 	 self.config: from WMCore.Configuration import Configuration
config = Configuration()
config.section_('General')
config.section_('JobType')
config.JobType.psetName = '../../../TT-MC-Up.py'
config.JobType.pluginName = 'Analysis'
config.JobType.inputFiles = ['../../../Configuration/data/PhaseIISummer16_25nsV3_MC.db']
config.JobType.outputFiles = ['analysis.root']
config.JobType.allowUndistributedCMSSW = True
config.section_('Data')
config.Data.inputDataset = '/GluGluHToGG_M125_14TeV_amcatnloFXFX_pythia8/PhaseIITDRFall17MiniAOD-PU200_93X_upgrade2023_realistic_v2-v1/MINIAODSIM'
config.Data.unitsPerJob = 1
config.Data.publication = False
config.Data.inputDBS = 'global'
config.Data.splitting = 'FileBased'
config.section_('Site')
config.Site.storageSite = 'T3_US_FNALLPC'
config.section_('User')
config.section_('Debug')

DEBUG 2017-11-15 07:54:18,449: 	 self.config.JobType.psetName: ../../../TT-MC-Up.py
INFO 2017-11-15 07:54:18,449: 	 Importing CMSSW configuration ../../../TT-MC-Up.py
INFO 2017-11-15 07:54:21,067: 	 Finished importing CMSSW configuration ../../../TT-MC-Up.py
DEBUG 2017-11-15 07:54:21,068: 	 Writing CMSSW configuration to /uscms_data/d3/samuellh/WorkingArea/TauAnalysis/CMSSW_9_3_2/src/PUAnalysis/VBFtt2017/crab/VBF9/crab_20171115_075411/inputs/PSet.py
DEBUG 2017-11-15 07:54:22,004: 	 The following EDM output files will be collected: []
DEBUG 2017-11-15 07:54:22,004: 	 The following TFile output files will be collected: ['analysis.root']
DEBUG 2017-11-15 07:54:22,004: 	 The following user output files will be collected: []
DEBUG 2017-11-15 07:54:22,004: 	 Loading required information from the environment
DEBUG 2017-11-15 07:54:22,004: 	 Found CMSSW_9_3_2 for slc6_amd64_gcc630 with base /uscms_data/d3/samuellh/WorkingArea/TauAnalysis/CMSSW_9_3_2
DEBUG 2017-11-15 07:54:22,004: 	 Making tarball in /uscms_data/d3/samuellh/WorkingArea/TauAnalysis/CMSSW_9_3_2/src/PUAnalysis/VBFtt2017/crab/VBF9/crab_20171115_075411/inputs/932091ce-785d-4d9b-951c-2e35cd5f06fddefault.tgz
DEBUG 2017-11-15 07:54:22,023: 	 Checking directory /uscms_data/d3/samuellh/WorkingArea/TauAnalysis/CMSSW_9_3_2/lib
DEBUG 2017-11-15 07:54:22,023: 	 Adding directory /uscms_data/d3/samuellh/WorkingArea/TauAnalysis/CMSSW_9_3_2/lib to tarball
DEBUG 2017-11-15 07:54:22,801: 	 Checking directory /uscms_data/d3/samuellh/WorkingArea/TauAnalysis/CMSSW_9_3_2/biglib
DEBUG 2017-11-15 07:54:22,801: 	 Adding directory /uscms_data/d3/samuellh/WorkingArea/TauAnalysis/CMSSW_9_3_2/biglib to tarball
DEBUG 2017-11-15 07:54:22,802: 	 Checking directory /uscms_data/d3/samuellh/WorkingArea/TauAnalysis/CMSSW_9_3_2/module
DEBUG 2017-11-15 07:54:22,944: 	 Adding data directory /uscms_data/d3/samuellh/WorkingArea/TauAnalysis/CMSSW_9_3_2/src/PUAnalysis/Configuration/data to tarball
DEBUG 2017-11-15 07:54:25,733: 	 Adding data directory /uscms_data/d3/samuellh/WorkingArea/TauAnalysis/CMSSW_9_3_2/src/PUAnalysis/DataFormats/interface to tarball
DEBUG 2017-11-15 07:54:25,741: 	 Adding data directory /uscms_data/d3/samuellh/WorkingArea/TauAnalysis/CMSSW_9_3_2/src/PUAnalysis/NtupleTools/interface to tarball
DEBUG 2017-11-15 07:54:25,756: 	 Adding data directory /uscms_data/d3/samuellh/WorkingArea/TauAnalysis/CMSSW_9_3_2/src/PUAnalysis/RecoTools/interface to tarball
DEBUG 2017-11-15 07:54:26,032: 	 Adding file ../../../Configuration/data/PhaseIISummer16_25nsV3_MC.db to tarball
DEBUG 2017-11-15 07:54:26,338: 	 Uploading archive /uscms_data/d3/samuellh/WorkingArea/TauAnalysis/CMSSW_9_3_2/src/PUAnalysis/VBFtt2017/crab/VBF9/crab_20171115_075411/inputs/932091ce-785d-4d9b-951c-2e35cd5f06fddefault.tgz (11 MB) to the CRAB cache. Using URI https://cmsweb.cern.ch/crabcache
DEBUG 2017-11-15 07:54:33,021: 	 Loading required information from the environment
DEBUG 2017-11-15 07:54:33,021: 	 Found CMSSW_9_3_2 for slc6_amd64_gcc630 with base /uscms_data/d3/samuellh/WorkingArea/TauAnalysis/CMSSW_9_3_2
DEBUG 2017-11-15 07:54:33,021: 	 Making tarball in /uscms_data/d3/samuellh/WorkingArea/TauAnalysis/CMSSW_9_3_2/src/PUAnalysis/VBFtt2017/crab/VBF9/crab_20171115_075411/inputs/debugFiles.tgz
DEBUG 2017-11-15 07:54:33,189: 	 Uploading archive /uscms_data/d3/samuellh/WorkingArea/TauAnalysis/CMSSW_9_3_2/src/PUAnalysis/VBFtt2017/crab/VBF9/crab_20171115_075411/inputs/debugFiles.tgz (2 KB) to the CRAB cache. Using URI https://cmsweb.cern.ch/crabcache
DEBUG 2017-11-15 07:54:34,902: 	 Result uploading input files: 4e198fb019d07e682a8bd09208595d4eb73bac82ae7f6e24154a54b4451cc952.tar.gz 
INFO 2017-11-15 07:54:34,903: 	 Sending the request to the server
DEBUG 2017-11-15 07:54:34,903: 	 Submitting {'maxjobruntime': 1250, 'extrajdl': [], 'ignorelocality': 0, 'savelogsflag': 0, 'useparent': 0, 'asyncdest': 'T3_US_FNALLPC', 'algoargs': 1, 'cachefilename': '4e198fb019d07e682a8bd09208595d4eb73bac82ae7f6e24154a54b4451cc952.tar.gz', 'numcores': 1, 'addoutputfiles': [], 'generator': 'pythia', 'maxmemory': 2000, 'publishdbsurl': 'https://cmsweb.cern.ch/dbs/prod/phys03/DBSWriter', 'priority': 10, 'jobsw': 'CMSSW_9_3_2', 'edmoutfiles': [], 'userfiles': [], 'primarydataset': '', 'inputdata': '/GluGluHToGG_M125_14TeV_amcatnloFXFX_pythia8/PhaseIITDRFall17MiniAOD-PU200_93X_upgrade2023_realistic_v2-v1/MINIAODSIM', 'dryrun': 0, 'workflow': 'crab_20171115_075411', 'cacheurl': u'https://cmsweb.cern.ch/crabcache', 'nonprodsw': 1, 'tfileoutfiles': ['analysis.root'], 'oneEventMode': 0, 'debugfilename': 'b07949a51d6092a141bc7a59796cc7372e15a606eb2a6ab76f7d64b30c88ca70.tar.gz', 'saveoutput': 1, 'publication': 0, 'jobarch': 'slc6_amd64_gcc630', 'totalunits': 0, 'splitalgo': 'FileBased', 'ignoreglobalblacklist': 0, 'nonvaliddata': 0, 'dbsurl': 'https://cmsweb.cern.ch/dbs/prod/global/DBSReader', 'publishgroupname': 0, 'jobtype': 'Analysis', 'publishname2': ''} 
DEBUG 2017-11-15 07:54:34,903: 	 Encoded submit request: maxjobruntime=1250&ignorelocality=0&savelogsflag=0&useparent=0&asyncdest=T3_US_FNALLPC&algoargs=1&cachefilename=4e198fb019d07e682a8bd09208595d4eb73bac82ae7f6e24154a54b4451cc952.tar.gz&numcores=1&generator=pythia&maxmemory=2000&publishdbsurl=https%3A%2F%2Fcmsweb.cern.ch%2Fdbs%2Fprod%2Fphys03%2FDBSWriter&priority=10&jobsw=CMSSW_9_3_2&primarydataset=&inputdata=%2FGluGluHToGG_M125_14TeV_amcatnloFXFX_pythia8%2FPhaseIITDRFall17MiniAOD-PU200_93X_upgrade2023_realistic_v2-v1%2FMINIAODSIM&dryrun=0&workflow=crab_20171115_075411&cacheurl=https%3A%2F%2Fcmsweb.cern.ch%2Fcrabcache&nonprodsw=1&oneEventMode=0&debugfilename=b07949a51d6092a141bc7a59796cc7372e15a606eb2a6ab76f7d64b30c88ca70.tar.gz&saveoutput=1&publication=0&jobarch=slc6_amd64_gcc630&totalunits=0&splitalgo=FileBased&ignoreglobalblacklist=0&nonvaliddata=0&dbsurl=https%3A%2F%2Fcmsweb.cern.ch%2Fdbs%2Fprod%2Fglobal%2FDBSReader&publishgroupname=0&jobtype=Analysis&publishname2=&tfileoutfiles=analysis.root
DEBUG 2017-11-15 07:54:36,651: 	 Result: {u'result': [{u'RequestName': u'171115_135436:shigginb_crab_20171115_075411'}]}
INFO 2017-11-15 07:54:38,754: 	 Success: Your task has been delivered to the CRAB3 server.
INFO 2017-11-15 07:54:38,754: 	 Task name: 171115_135436:shigginb_crab_20171115_075411
INFO 2017-11-15 07:54:38,755: 	 Please use 'crab status' to check how the submission process proceeds.
DEBUG 2017-11-15 07:54:38,755: 	 About to return
INFO 2017-11-15 07:54:38,761: 	 Log file is /uscms_data/d3/samuellh/WorkingArea/TauAnalysis/CMSSW_9_3_2/src/PUAnalysis/VBFtt2017/crab/VBF9/crab_20171115_075411/crab.log
DEBUG 2017-11-15 08:10:47,761: 	 Executing command: 'status'
DEBUG 2017-11-15 08:10:47,761: 	 Found CRAB cache file /uscms/home/samuellh/.crab3
DEBUG 2017-11-15 08:10:47,768: 	 Checking credentials
DEBUG 2017-11-15 08:10:47,768: 	 Found proxy file /tmp/x509up_u52190
DEBUG 2017-11-15 08:10:47,768: 	 Getting proxy life time left
DEBUG 2017-11-15 08:10:47,871: 	 Executing : 
 command : voms-proxy-info -file /tmp/x509up_u52190 -timeleft
 output : 80636

 error: 
 retcode : 0
DEBUG 2017-11-15 08:10:47,974: 	 Executing : 
 command : voms-proxy-info -file /tmp/x509up_u52190 -actimeleft
 output : 80635

 error: 
 retcode : 0
DEBUG 2017-11-15 08:10:47,975: 	 Proxy valid for 22:23:56 hours
DEBUG 2017-11-15 08:10:48,088: 	 Executing : 
 command : openssl x509 -in ~/.globus/usercert.pem -subject -noout
 output : subject= /DC=ch/DC=cern/OU=Organic Units/OU=Users/CN=shigginb/CN=785176/CN=Sam Higginbotham

 error: 
 retcode : 0
DEBUG 2017-11-15 08:10:48,088: 	 Checking credentials
DEBUG 2017-11-15 08:10:48,088: 	 Found proxy file /tmp/x509up_u52190
DEBUG 2017-11-15 08:10:48,088: 	 Getting proxy life time left
DEBUG 2017-11-15 08:10:48,191: 	 Executing : 
 command : voms-proxy-info -file /tmp/x509up_u52190 -timeleft
 output : 80635

 error: 
 retcode : 0
DEBUG 2017-11-15 08:10:48,294: 	 Executing : 
 command : voms-proxy-info -file /tmp/x509up_u52190 -actimeleft
 output : 80634

 error: 
 retcode : 0
DEBUG 2017-11-15 08:10:48,295: 	 Proxy valid for 22:23:55 hours
DEBUG 2017-11-15 08:10:50,107: 	 Registering user credentials for server /DC=ch/DC=cern/OU=computers/CN=vocms(045|052|021|031|0118|0118a|0119|0108|0105|0109).cern.ch
DEBUG 2017-11-15 08:10:50,215: 	 Executing : 
 command : openssl x509 -in ~/.globus/usercert.pem -subject -noout
 output : subject= /DC=ch/DC=cern/OU=Organic Units/OU=Users/CN=shigginb/CN=785176/CN=Sam Higginbotham

 error: 
 retcode : 0
DEBUG 2017-11-15 08:10:50,216: 	 Getting myproxy life time left for myproxy.cern.ch
DEBUG 2017-11-15 08:10:50,216: 	 Calculating hash of /DC=ch/DC=cern/OU=Organic Units/OU=Users/CN=shigginb/CN=785176/CN=Sam Higginbotham_cmsweb.cern.ch for credential name
DEBUG 2017-11-15 08:10:50,920: 	 Executing : 
 command : myproxy-info -l 2f318c7a260d78734589f2cc772d26b8be79ec6c -s myproxy.cern.ch
 output : username: 2f318c7a260d78734589f2cc772d26b8be79ec6c
owner: /DC=ch/DC=cern/OU=Organic Units/OU=Users/CN=shigginb/CN=785176/CN=Sam Higginbotham
  renewal policy: /DC=ch/DC=cern/OU=computers/CN=vocms(045|052|021|031|0118|0118a|0119|0108|0105|0109).cern.ch
  trusted retrieval policy: /DC=ch/DC=cern/OU=computers/CN=vocms(045|052|021|031|0118|0118a|0119|0108|0105|0109).cern.ch
  timeleft: 431:12:51  (18.0 days)

 error: 
 retcode : 0
DEBUG 2017-11-15 08:10:50,921: 	 Myproxy is valid: 1552371
DEBUG 2017-11-15 08:10:50,922: 	 Command use: status
DEBUG 2017-11-15 08:10:50,922: 	 Options use: ['-d', 'crab_20171115_075411/']
DEBUG 2017-11-15 08:10:52,647: 	 CRABClient version: 3.3.1707.patch1
DEBUG 2017-11-15 08:10:52,647: 	 Instance is prod
DEBUG 2017-11-15 08:10:52,647: 	 Server base url is cmsweb.cern.ch
DEBUG 2017-11-15 08:10:52,647: 	 Command url /crabserver/prod/workflow
DEBUG 2017-11-15 08:10:54,323: 	 Got information from server oracle database: {u'result': [u'171115_135436:shigginb_crab_20171115_075411', u'None', u'SUBMITTED', u'2017-11-15 13:54:36.592692', u'None', u'2017-11-15 13:55:15.483578', u'None', u'CMSSW_9_3_2', u'slc6_amd64_gcc630', u'/GluGluHToGG_M125_14TeV_amcatnloFXFX_pythia8/PhaseIITDRFall17MiniAOD-PU200_93X_upgrade2023_realistic_v2-v1/MINIAODSIM', u'[]', u'[]', u'FileBased', u"{'splitOnRun': False, 'halt_job_on_file_boundaries': False, 'files_per_job': 1, 'runs': [], 'lumis': []}", u'0', u'4e198fb019d07e682a8bd09208595d4eb73bac82ae7f6e24154a54b4451cc952.tar.gz', u'https://cmsweb.cern.ch/crabcache', u'shigginb', u'/DC=ch/DC=cern/OU=Organic Units/OU=Users/CN=shigginb/CN=785176/CN=Sam Higginbotham', u'cms', u'None', u'None', u'crab_20171115_075411-00000000000000000000000000000000', u'T3_US_FNALLPC', u'https://cmsweb.cern.ch/dbs/prod/global/DBSReader', u'https://cmsweb.cern.ch/dbs/prod/phys03/DBSWriter', u'F', u'Analysis', u'{}', u'[]', u'F', u'vocms052', u'[]', u'1250', u'1', u'2000', u'10', u'None', u'http://vocms0197.cern.ch/mon/cms1359/171115_135436:shigginb_crab_20171115_075411', u'None', u'None', u'[]', u'[]', u'[]', u'pythia', u'[]', u"['analysis.root']", u'[]', u'https://cmsweb.cern.ch/crabserver/prod', u'None', u'0', u'cmssrv221.fnal.gov:9620', u'crab3@vocms0197.cern.ch', u'F', u'[]', u'T', u'/store/user/shigginb/', u'F', u'None', u'F', u'F', u'F', u'None', u'GluGluHToGG_M125_14TeV_amcatnloFXFX_pythia8', u'filetransfers', u'SUBMIT', u'12847675', u'b07949a51d6092a141bc7a59796cc7372e15a606eb2a6ab76f7d64b30c88ca70.tar.gz', u'131.225.190.56', u'F', u'None'], u'desc': {u'columns': [u'tm_taskname', u'panda_jobset_id', u'tm_task_status', u'tm_start_time', u'tm_start_injection', u'tm_end_injection', u'tm_task_failure', u'tm_job_sw', u'tm_job_arch', u'tm_input_dataset', u'tm_site_whitelist', u'tm_site_blacklist', u'tm_split_algo', u'tm_split_args', u'tm_totalunits', u'tm_user_sandbox', u'tm_cache_url', u'tm_username', u'tm_user_dn', u'tm_user_vo', u'tm_user_role', u'tm_user_group', u'tm_publish_name', u'tm_asyncdest', u'tm_dbs_url', u'tm_publish_dbs_url', u'tm_publication', u'tm_job_type', u'tm_arguments', u'panda_resubmitted_jobs', u'tm_save_logs', u'tw_name', u'tm_user_infiles', u'tm_maxjobruntime', u'tm_numcores', u'tm_maxmemory', u'tm_priority', u'tm_output_dataset', u'tm_user_webdir', u'tm_activity', u'tm_scriptexe', u'tm_scriptargs', u'tm_extrajdl', u'tm_task_warnings', u'tm_generator', u'tm_outfiles', u'tm_tfile_outfiles', u'tm_edm_outfiles', u'tm_asourl', u'tm_events_per_lumi', u'tm_use_parent', u'tm_collector', u'tm_schedd', u'tm_dry_run', u'tm_user_files', u'tm_transfer_outputs', u'tm_output_lfn', u'tm_ignore_locality', u'tm_fail_limit', u'tm_one_event_mode', u'tm_publish_groupname', u'tm_nonvalid_input_dataset', u'tm_secondary_input_dataset', u'tm_primary_dataset', u'tm_asodb', u'tm_task_command', u'clusterid', u'tm_debug_files', u'tm_submitter_ip_addr', u'tm_ignore_global_blacklist', u'tm_last_publication']}}
INFO 2017-11-15 08:10:54,323: 	 CRAB project directory:		/uscms_data/d3/samuellh/WorkingArea/TauAnalysis/CMSSW_9_3_2/src/PUAnalysis/VBFtt2017/crab/VBF9/crab_20171115_075411
INFO 2017-11-15 08:10:54,324: 	 Task name:			171115_135436:shigginb_crab_20171115_075411
INFO 2017-11-15 08:10:54,324: 	 Grid scheduler:			crab3@vocms0197.cern.ch
INFO 2017-11-15 08:10:54,324: 	 Status on the CRAB server:	SUBMITTED
INFO 2017-11-15 08:10:54,324: 	 Task URL to use for HELP:	https://cmsweb.cern.ch/crabserver/ui/task/171115_135436%3Ashigginb_crab_20171115_075411
INFO 2017-11-15 08:10:54,324: 	 Dashboard monitoring URL:	http://dashb-cms-job.cern.ch/dashboard/templates/task-analysis/#user=shigginb&refresh=0&table=Jobs&p=1&records=25&activemenu=2&status=&site=&tid=171115_135436%3Ashigginb_crab_20171115_075411
DEBUG 2017-11-15 08:10:54,324: 	 The CRAB server submitted your task to the Grid scheduler (cluster ID: 12847675)
DEBUG 2017-11-15 08:10:54,324: 	 Webdir is located at http://vocms0197.cern.ch/mon/cms1359/171115_135436:shigginb_crab_20171115_075411
DEBUG 2017-11-15 08:10:56,093: 	 Proxied webdir is located at https://cmsweb.cern.ch/scheddmon/0197/cms1359/171115_135436:shigginb_crab_20171115_075411
DEBUG 2017-11-15 08:10:56,093: 	 Retrieving 'status_cache' file from https://cmsweb.cern.ch/scheddmon/0197/cms1359/171115_135436:shigginb_crab_20171115_075411/status_cache
DEBUG 2017-11-15 08:10:57,740: 	 Got information from status cache file: {'1': {'Retries': 0, 'WallDurations': [9.0], 'StartTimes': [1510754608.0], 'SubmitTimes': [1510754126.0], 'JobIds': ['12847698.0'], 'EndTimes': [], 'Restarts': 0, 'RecordedSite': False, 'State': 'running', 'ResidentSetSize': [2636], 'TotalUserCpuTimeHistory': [0], 'SiteHistory': ['Unknown'], 'TotalSysCpuTimeHistory': [0]}}
INFO 2017-11-15 08:10:57,740: 	 Status on the scheduler:	SUBMITTED
INFO 2017-11-15 08:10:57,740: 	 
Jobs status:                    running       100.0% (1/1)
INFO 2017-11-15 08:10:57,740: 	 
No publication information (publication has been disabled in the CRAB configuration file)
INFO 2017-11-15 08:10:57,753: 	 Log file is /uscms_data/d3/samuellh/WorkingArea/TauAnalysis/CMSSW_9_3_2/src/PUAnalysis/VBFtt2017/crab/VBF9/crab_20171115_075411/crab.log
DEBUG 2017-11-15 09:24:21,219: 	 Executing command: 'status'
DEBUG 2017-11-15 09:24:21,219: 	 Found CRAB cache file /uscms/home/samuellh/.crab3
DEBUG 2017-11-15 09:24:21,226: 	 Checking credentials
DEBUG 2017-11-15 09:24:21,227: 	 Found proxy file /tmp/x509up_u52190
DEBUG 2017-11-15 09:24:21,227: 	 Getting proxy life time left
DEBUG 2017-11-15 09:24:21,330: 	 Executing : 
 command : voms-proxy-info -file /tmp/x509up_u52190 -timeleft
 output : 76222

 error: 
 retcode : 0
DEBUG 2017-11-15 09:24:21,433: 	 Executing : 
 command : voms-proxy-info -file /tmp/x509up_u52190 -actimeleft
 output : 76221

 error: 
 retcode : 0
DEBUG 2017-11-15 09:24:21,434: 	 Proxy valid for 21:10:22 hours
DEBUG 2017-11-15 09:24:21,547: 	 Executing : 
 command : openssl x509 -in ~/.globus/usercert.pem -subject -noout
 output : subject= /DC=ch/DC=cern/OU=Organic Units/OU=Users/CN=shigginb/CN=785176/CN=Sam Higginbotham

 error: 
 retcode : 0
DEBUG 2017-11-15 09:24:21,547: 	 Checking credentials
DEBUG 2017-11-15 09:24:21,547: 	 Found proxy file /tmp/x509up_u52190
DEBUG 2017-11-15 09:24:21,547: 	 Getting proxy life time left
DEBUG 2017-11-15 09:24:21,650: 	 Executing : 
 command : voms-proxy-info -file /tmp/x509up_u52190 -timeleft
 output : 76222

 error: 
 retcode : 0
DEBUG 2017-11-15 09:24:21,754: 	 Executing : 
 command : voms-proxy-info -file /tmp/x509up_u52190 -actimeleft
 output : 76221

 error: 
 retcode : 0
DEBUG 2017-11-15 09:24:21,754: 	 Proxy valid for 21:10:22 hours
DEBUG 2017-11-15 09:24:23,549: 	 Registering user credentials for server /DC=ch/DC=cern/OU=computers/CN=vocms(045|052|021|031|0118|0118a|0119|0108|0105|0109).cern.ch
DEBUG 2017-11-15 09:24:23,657: 	 Executing : 
 command : openssl x509 -in ~/.globus/usercert.pem -subject -noout
 output : subject= /DC=ch/DC=cern/OU=Organic Units/OU=Users/CN=shigginb/CN=785176/CN=Sam Higginbotham

 error: 
 retcode : 0
DEBUG 2017-11-15 09:24:23,657: 	 Getting myproxy life time left for myproxy.cern.ch
DEBUG 2017-11-15 09:24:23,657: 	 Calculating hash of /DC=ch/DC=cern/OU=Organic Units/OU=Users/CN=shigginb/CN=785176/CN=Sam Higginbotham_cmsweb.cern.ch for credential name
DEBUG 2017-11-15 09:24:24,462: 	 Executing : 
 command : myproxy-info -l 2f318c7a260d78734589f2cc772d26b8be79ec6c -s myproxy.cern.ch
 output : username: 2f318c7a260d78734589f2cc772d26b8be79ec6c
owner: /DC=ch/DC=cern/OU=Organic Units/OU=Users/CN=shigginb/CN=785176/CN=Sam Higginbotham
  renewal policy: /DC=ch/DC=cern/OU=computers/CN=vocms(045|052|021|031|0118|0118a|0119|0108|0105|0109).cern.ch
  trusted retrieval policy: /DC=ch/DC=cern/OU=computers/CN=vocms(045|052|021|031|0118|0118a|0119|0108|0105|0109).cern.ch
  timeleft: 429:59:17  (17.9 days)

 error: 
 retcode : 0
DEBUG 2017-11-15 09:24:24,463: 	 Myproxy is valid: 1547957
DEBUG 2017-11-15 09:24:24,463: 	 Command use: status
DEBUG 2017-11-15 09:24:24,463: 	 Options use: ['-d', 'crab_20171115_075411/']
DEBUG 2017-11-15 09:24:26,191: 	 CRABClient version: 3.3.1707.patch1
DEBUG 2017-11-15 09:24:26,191: 	 Instance is prod
DEBUG 2017-11-15 09:24:26,191: 	 Server base url is cmsweb.cern.ch
DEBUG 2017-11-15 09:24:26,191: 	 Command url /crabserver/prod/workflow
DEBUG 2017-11-15 09:24:27,786: 	 Got information from server oracle database: {u'result': [u'171115_135436:shigginb_crab_20171115_075411', u'None', u'SUBMITTED', u'2017-11-15 13:54:36.592692', u'None', u'2017-11-15 13:55:15.483578', u'None', u'CMSSW_9_3_2', u'slc6_amd64_gcc630', u'/GluGluHToGG_M125_14TeV_amcatnloFXFX_pythia8/PhaseIITDRFall17MiniAOD-PU200_93X_upgrade2023_realistic_v2-v1/MINIAODSIM', u'[]', u'[]', u'FileBased', u"{'splitOnRun': False, 'halt_job_on_file_boundaries': False, 'files_per_job': 1, 'runs': [], 'lumis': []}", u'0', u'4e198fb019d07e682a8bd09208595d4eb73bac82ae7f6e24154a54b4451cc952.tar.gz', u'https://cmsweb.cern.ch/crabcache', u'shigginb', u'/DC=ch/DC=cern/OU=Organic Units/OU=Users/CN=shigginb/CN=785176/CN=Sam Higginbotham', u'cms', u'None', u'None', u'crab_20171115_075411-00000000000000000000000000000000', u'T3_US_FNALLPC', u'https://cmsweb.cern.ch/dbs/prod/global/DBSReader', u'https://cmsweb.cern.ch/dbs/prod/phys03/DBSWriter', u'F', u'Analysis', u'{}', u'[]', u'F', u'vocms052', u'[]', u'1250', u'1', u'2000', u'10', u'None', u'http://vocms0197.cern.ch/mon/cms1359/171115_135436:shigginb_crab_20171115_075411', u'None', u'None', u'[]', u'[]', u'[]', u'pythia', u'[]', u"['analysis.root']", u'[]', u'https://cmsweb.cern.ch/crabserver/prod', u'None', u'0', u'cmssrv221.fnal.gov:9620', u'crab3@vocms0197.cern.ch', u'F', u'[]', u'T', u'/store/user/shigginb/', u'F', u'None', u'F', u'F', u'F', u'None', u'GluGluHToGG_M125_14TeV_amcatnloFXFX_pythia8', u'filetransfers', u'SUBMIT', u'12847675', u'b07949a51d6092a141bc7a59796cc7372e15a606eb2a6ab76f7d64b30c88ca70.tar.gz', u'131.225.190.56', u'F', u'None'], u'desc': {u'columns': [u'tm_taskname', u'panda_jobset_id', u'tm_task_status', u'tm_start_time', u'tm_start_injection', u'tm_end_injection', u'tm_task_failure', u'tm_job_sw', u'tm_job_arch', u'tm_input_dataset', u'tm_site_whitelist', u'tm_site_blacklist', u'tm_split_algo', u'tm_split_args', u'tm_totalunits', u'tm_user_sandbox', u'tm_cache_url', u'tm_username', u'tm_user_dn', u'tm_user_vo', u'tm_user_role', u'tm_user_group', u'tm_publish_name', u'tm_asyncdest', u'tm_dbs_url', u'tm_publish_dbs_url', u'tm_publication', u'tm_job_type', u'tm_arguments', u'panda_resubmitted_jobs', u'tm_save_logs', u'tw_name', u'tm_user_infiles', u'tm_maxjobruntime', u'tm_numcores', u'tm_maxmemory', u'tm_priority', u'tm_output_dataset', u'tm_user_webdir', u'tm_activity', u'tm_scriptexe', u'tm_scriptargs', u'tm_extrajdl', u'tm_task_warnings', u'tm_generator', u'tm_outfiles', u'tm_tfile_outfiles', u'tm_edm_outfiles', u'tm_asourl', u'tm_events_per_lumi', u'tm_use_parent', u'tm_collector', u'tm_schedd', u'tm_dry_run', u'tm_user_files', u'tm_transfer_outputs', u'tm_output_lfn', u'tm_ignore_locality', u'tm_fail_limit', u'tm_one_event_mode', u'tm_publish_groupname', u'tm_nonvalid_input_dataset', u'tm_secondary_input_dataset', u'tm_primary_dataset', u'tm_asodb', u'tm_task_command', u'clusterid', u'tm_debug_files', u'tm_submitter_ip_addr', u'tm_ignore_global_blacklist', u'tm_last_publication']}}
INFO 2017-11-15 09:24:27,786: 	 CRAB project directory:		/uscms_data/d3/samuellh/WorkingArea/TauAnalysis/CMSSW_9_3_2/src/PUAnalysis/VBFtt2017/crab/VBF9/crab_20171115_075411
INFO 2017-11-15 09:24:27,786: 	 Task name:			171115_135436:shigginb_crab_20171115_075411
INFO 2017-11-15 09:24:27,786: 	 Grid scheduler:			crab3@vocms0197.cern.ch
INFO 2017-11-15 09:24:27,787: 	 Status on the CRAB server:	SUBMITTED
INFO 2017-11-15 09:24:27,787: 	 Task URL to use for HELP:	https://cmsweb.cern.ch/crabserver/ui/task/171115_135436%3Ashigginb_crab_20171115_075411
INFO 2017-11-15 09:24:27,787: 	 Dashboard monitoring URL:	http://dashb-cms-job.cern.ch/dashboard/templates/task-analysis/#user=shigginb&refresh=0&table=Jobs&p=1&records=25&activemenu=2&status=&site=&tid=171115_135436%3Ashigginb_crab_20171115_075411
DEBUG 2017-11-15 09:24:27,787: 	 The CRAB server submitted your task to the Grid scheduler (cluster ID: 12847675)
DEBUG 2017-11-15 09:24:27,787: 	 Webdir is located at http://vocms0197.cern.ch/mon/cms1359/171115_135436:shigginb_crab_20171115_075411
DEBUG 2017-11-15 09:24:29,568: 	 Proxied webdir is located at https://cmsweb.cern.ch/scheddmon/0197/cms1359/171115_135436:shigginb_crab_20171115_075411
DEBUG 2017-11-15 09:24:29,568: 	 Retrieving 'status_cache' file from https://cmsweb.cern.ch/scheddmon/0197/cms1359/171115_135436:shigginb_crab_20171115_075411/status_cache
DEBUG 2017-11-15 09:24:31,181: 	 Got information from status cache file: {'1': {'Retries': 0, 'WallDurations': [1767.0], 'StartTimes': [1510754608.0], 'SubmitTimes': [1510754126.0], 'JobIds': ['12847698.0'], 'EndTimes': [1510756375.0], 'Restarts': 0, 'RecordedSite': False, 'State': 'finished', 'ResidentSetSize': [1719796], 'TotalUserCpuTimeHistory': [688], 'SiteHistory': ['Unknown'], 'TotalSysCpuTimeHistory': [16]}}
INFO 2017-11-15 09:24:31,181: 	 Status on the scheduler:	COMPLETED
INFO 2017-11-15 09:24:31,181: 	 
Jobs status:                    finished      100.0% (1/1)
INFO 2017-11-15 09:24:31,181: 	 
No publication information (publication has been disabled in the CRAB configuration file)
INFO 2017-11-15 09:24:31,194: 	 Log file is /uscms_data/d3/samuellh/WorkingArea/TauAnalysis/CMSSW_9_3_2/src/PUAnalysis/VBFtt2017/crab/VBF9/crab_20171115_075411/crab.log
