('The system path in the config file ', ['/cvmfs/cms.cern.ch/crab3/slc6_amd64_gcc493/cms/crabclient/3.3.1707.patch1/bin', '/uscms_data/d3/samuellh/WorkingArea/TauAnalysis/CMSSW_9_3_2/python', '/uscms_data/d3/samuellh/WorkingArea/TauAnalysis/CMSSW_9_3_2/lib/slc6_amd64_gcc630', '/cvmfs/cms.cern.ch/slc6_amd64_gcc630/cms/cmssw/CMSSW_9_3_2/python', '/cvmfs/cms.cern.ch/slc6_amd64_gcc630/cms/cmssw/CMSSW_9_3_2/lib/slc6_amd64_gcc630', '/cvmfs/cms.cern.ch/slc6_amd64_gcc630/cms/coral/CORAL_2_3_21-ghjeda6/slc6_amd64_gcc630/python', '/cvmfs/cms.cern.ch/slc6_amd64_gcc630/cms/coral/CORAL_2_3_21-ghjeda6/slc6_amd64_gcc630/lib', '/cvmfs/cms.cern.ch/slc6_amd64_gcc630/external/professor2/2.2.1-ghjeda6/lib/python2.7/site-packages', '/cvmfs/cms.cern.ch/slc6_amd64_gcc630/external/pyqt/4.11.4-mlhled2/lib/python2.7/site-packages', '/cvmfs/cms.cern.ch/slc6_amd64_gcc630/external/sherpa/2.2.4-ghjeda/lib/python2.7/site-packages', '/cvmfs/cms.cern.ch/slc6_amd64_gcc630/external/rivet/2.5.2-ghjeda4/lib/python2.7/site-packages', '/cvmfs/cms.cern.ch/slc6_amd64_gcc630/external/python-ldap/2.4.10-mlhled2/lib/python2.7/site-packages', '/cvmfs/cms.cern.ch/slc6_amd64_gcc630/external/py2-matplotlib/1.5.2-njopjo/lib/python2.7/site-packages', '/cvmfs/cms.cern.ch/slc6_amd64_gcc630/external/sip/4.17-mlhled2/lib/python2.7/site-packages', '/cvmfs/cms.cern.ch/slc6_amd64_gcc630/external/llvm/4.0.0-njopjo/lib64/python2.7/site-packages', '/cvmfs/cms.cern.ch/slc6_amd64_gcc630/external/py2-sqlalchemy/1.1.4-mlhled2/lib/python2.7/site-packages', '/cvmfs/cms.cern.ch/slc6_amd64_gcc630/external/py2-lint/0.25.1-mlhled2/lib/python2.7/site-packages', '/cvmfs/cms.cern.ch/slc6_amd64_gcc630/external/py2-dxr/1.0-ghjeda6/lib/python2.7/site-packages', '/cvmfs/cms.cern.ch/slc6_amd64_gcc630/external/py2-cx-oracle/5.2.1-mlhled2/lib/python2.7/site-packages', '/cvmfs/cms.cern.ch/slc6_amd64_gcc630/external/py2-numpy/1.12.1-mlhled2/lib/python2.7/site-packages', '/cvmfs/cms.cern.ch/slc6_amd64_gcc630/external/frontier_client/2.8.20-mlhled2/python/lib', '/cvmfs/cms.cern.ch/slc6_amd64_gcc630/cms/das_client/v03.01.00-mlhled2/bin', '/cvmfs/cms.cern.ch/slc6_amd64_gcc630/external/xrootd/4.6.1/lib/python2.7/site-packages', '/cvmfs/cms.cern.ch/slc6_amd64_gcc630/external/yoda/1.6.5-ghjeda4/lib/python2.7/site-packages', '/cvmfs/cms.cern.ch/slc6_amd64_gcc630/lcg/root/6.10.04-ghjeda/lib', '/cvmfs/cms.cern.ch/slc6_amd64_gcc630/external/pyminuit2/0.0.1-ghjeda4/lib/python2.7/site-packages', '/cvmfs/cms.cern.ch/slc6_amd64_gcc630/external/py2-PyYAML/3.11-mlhled2/lib/python2.7/site-packages', '/cvmfs/cms.cern.ch/slc6_amd64_gcc630/external/py2-pygithub/1.23.0-mlhled2/lib/python2.7/site-packages', '/cvmfs/cms.cern.ch/slc6_amd64_gcc630/external/py2-pip/9.0.1-mlhled2/lib/python2.7/site-packages', '/cvmfs/cms.cern.ch/slc6_amd64_gcc630/external/py2-dablooms/0.9.1-mlhled2/lib/python2.7/site-packages', '/cvmfs/cms.cern.ch/slc6_amd64_gcc630/external/py2-pippkgs_depscipy/3.0-ghjeda6/lib/python2.7/site-packages', '/cvmfs/cms.cern.ch/slc6_amd64_gcc630/external/py2-pippkgs/5.0-ghjeda6/lib/python2.7/site-packages', '/cvmfs/cms.cern.ch/slc6_amd64_gcc630/external/professor/1.4.0-ghjeda4/lib/python2.7/site-packages', '/cvmfs/cms.cern.ch/slc6_amd64_gcc630/cms/dbs-client/DBS_2_1_9-mlhled2/lib', '/cvmfs/cms.cern.ch/slc6_amd64_gcc630/cms/dbs-client/DBS_2_1_9-mlhled2/lib/DBSAPI', '/cvmfs/cms.cern.ch/slc6_amd64_gcc630/external/cvs2git/5419-mlhled2/lib', '/cvmfs/cms.cern.ch/crab3/slc6_amd64_gcc493/cms/crabclient/3.3.1707.patch1/lib/python2.7/site-packages', '/cvmfs/cms.cern.ch/crab3/slc6_amd64_gcc493/cms/dbs3-client/3.4.4/lib/python2.7/site-packages', '/cvmfs/cms.cern.ch/crab3/slc6_amd64_gcc493/cms/dbs3-pycurl-client/3.4.4/lib/python2.7/site-packages', '/cvmfs/cms.cern.ch/slc6_amd64_gcc630/external/py2-sqlalchemy/1.1.4-mlhled2/lib/python2.7/site-packages/SQLAlchemy-1.1.4-py2.7-linux-x86_64.egg', '/cvmfs/cms.cern.ch/slc6_amd64_gcc630/external/py2-numpy/1.12.1-mlhled2/lib/python2.7/site-packages/numpy-1.12.1-py2.7-linux-x86_64.egg', '/cvmfs/cms.cern.ch/slc6_amd64_gcc630/external/python/2.7.11-mlhled2/lib/python27.zip', '/cvmfs/cms.cern.ch/slc6_amd64_gcc630/external/python/2.7.11-mlhled2/lib/python2.7', '/cvmfs/cms.cern.ch/slc6_amd64_gcc630/external/python/2.7.11-mlhled2/lib/python2.7/plat-linux2', '/cvmfs/cms.cern.ch/slc6_amd64_gcc630/external/python/2.7.11-mlhled2/lib/python2.7/lib-tk', '/cvmfs/cms.cern.ch/slc6_amd64_gcc630/external/python/2.7.11-mlhled2/lib/python2.7/lib-old', '/cvmfs/cms.cern.ch/slc6_amd64_gcc630/external/python/2.7.11-mlhled2/lib/python2.7/lib-dynload', '/cvmfs/cms.cern.ch/slc6_amd64_gcc630/external/python/2.7.11-mlhled2/lib/python2.7/site-packages', '/uscms_data/d3/samuellh/WorkingArea/TauAnalysis/CMSSW_9_3_2/src/PUAnalysis/VBFtt2017/crab/VBF72'])
 ##################################################################### 
 # WARNING: the module CondCore.DBCommon.CondDBSetup is deprecated.  # 
 # Please import CondCore.CondDB.CondDB_cfi                          # 
 ##################################################################### 
recorrecting the jets
List Of Filters
['processedEvents', 'initialEventsTT', 'DiMuonCreation', 'AtLeastOneDiTau', 'TTTauPtEta', 'TTTauDecayFound', 'TTTauStandardDecayFound', 'TTTauDRSel', 'TTSync', 'TTAntiEle', 'TTAntiMu', 'TTIso', 'TTOS']
DEBUG 2017-11-15 07:49:15,271: 	 Executing command: 'submit'
DEBUG 2017-11-15 07:49:15,272: 	 Found CRAB cache file /uscms/home/samuellh/.crab3
DEBUG 2017-11-15 07:49:15,280: 	 Checking credentials
DEBUG 2017-11-15 07:49:15,281: 	 Found proxy file /tmp/x509up_u52190
DEBUG 2017-11-15 07:49:15,281: 	 Getting proxy life time left
DEBUG 2017-11-15 07:49:15,384: 	 Executing : 
 command : voms-proxy-info -file /tmp/x509up_u52190 -timeleft
 output : 81928

 error: 
 retcode : 0
DEBUG 2017-11-15 07:49:15,488: 	 Executing : 
 command : voms-proxy-info -file /tmp/x509up_u52190 -actimeleft
 output : 81927

 error: 
 retcode : 0
DEBUG 2017-11-15 07:49:15,488: 	 Proxy valid for 22:45:28 hours
INFO 2017-11-15 07:49:15,489: 	 Will use CRAB configuration file crab3_TT_MC.py
DEBUG 2017-11-15 07:49:15,489: 	 Loading CRAB configuration file.
DEBUG 2017-11-15 07:49:15,974: 	 Will use CRAB Analysis plugin (i.e. will run an analysis job type).
DEBUG 2017-11-15 07:49:16,235: 	 Executing : 
 command : openssl x509 -in ~/.globus/usercert.pem -subject -noout
 output : subject= /DC=ch/DC=cern/OU=Organic Units/OU=Users/CN=shigginb/CN=785176/CN=Sam Higginbotham

 error: 
 retcode : 0
DEBUG 2017-11-15 07:49:16,235: 	 Checking credentials
DEBUG 2017-11-15 07:49:16,235: 	 Found proxy file /tmp/x509up_u52190
DEBUG 2017-11-15 07:49:16,235: 	 Getting proxy life time left
DEBUG 2017-11-15 07:49:16,339: 	 Executing : 
 command : voms-proxy-info -file /tmp/x509up_u52190 -timeleft
 output : 81927

 error: 
 retcode : 0
DEBUG 2017-11-15 07:49:16,442: 	 Executing : 
 command : voms-proxy-info -file /tmp/x509up_u52190 -actimeleft
 output : 81926

 error: 
 retcode : 0
DEBUG 2017-11-15 07:49:16,442: 	 Proxy valid for 22:45:27 hours
DEBUG 2017-11-15 07:49:16,546: 	 Executing : 
 command : env X509_USER_PROXY=/tmp/x509up_u52190 voms-proxy-info -fqan
 output : /cms/Role=NULL/Capability=NULL

 error: 
 retcode : 0
DEBUG 2017-11-15 07:49:18,220: 	 Registering user credentials for server /DC=ch/DC=cern/OU=computers/CN=vocms(045|052|021|031|0118|0118a|0119|0108|0105|0109).cern.ch
DEBUG 2017-11-15 07:49:18,329: 	 Executing : 
 command : openssl x509 -in ~/.globus/usercert.pem -subject -noout
 output : subject= /DC=ch/DC=cern/OU=Organic Units/OU=Users/CN=shigginb/CN=785176/CN=Sam Higginbotham

 error: 
 retcode : 0
DEBUG 2017-11-15 07:49:18,329: 	 Getting myproxy life time left for myproxy.cern.ch
DEBUG 2017-11-15 07:49:18,329: 	 Calculating hash of /DC=ch/DC=cern/OU=Organic Units/OU=Users/CN=shigginb/CN=785176/CN=Sam Higginbotham_cmsweb.cern.ch for credential name
DEBUG 2017-11-15 07:49:19,134: 	 Executing : 
 command : myproxy-info -l 2f318c7a260d78734589f2cc772d26b8be79ec6c -s myproxy.cern.ch
 output : username: 2f318c7a260d78734589f2cc772d26b8be79ec6c
owner: /DC=ch/DC=cern/OU=Organic Units/OU=Users/CN=shigginb/CN=785176/CN=Sam Higginbotham
  renewal policy: /DC=ch/DC=cern/OU=computers/CN=vocms(045|052|021|031|0118|0118a|0119|0108|0105|0109).cern.ch
  trusted retrieval policy: /DC=ch/DC=cern/OU=computers/CN=vocms(045|052|021|031|0118|0118a|0119|0108|0105|0109).cern.ch
  timeleft: 431:34:22  (18.0 days)

 error: 
 retcode : 0
DEBUG 2017-11-15 07:49:19,136: 	 Myproxy is valid: 1553662
DEBUG 2017-11-15 07:49:19,136: 	 Command use: submit
DEBUG 2017-11-15 07:49:19,136: 	 Options use: ['-c', 'crab3_TT_MC.py']
DEBUG 2017-11-15 07:49:20,767: 	 CRABClient version: 3.3.1707.patch1
DEBUG 2017-11-15 07:49:20,767: 	 Instance is prod
DEBUG 2017-11-15 07:49:20,767: 	 Server base url is cmsweb.cern.ch
DEBUG 2017-11-15 07:49:20,767: 	 Command url /crabserver/prod/workflow
DEBUG 2017-11-15 07:49:20,767: 	 Started submission
DEBUG 2017-11-15 07:49:20,767: 	 Working on /uscms_data/d3/samuellh/WorkingArea/TauAnalysis/CMSSW_9_3_2/src/PUAnalysis/VBFtt2017/crab/VBF72/crab_20171115_074915
DEBUG 2017-11-15 07:49:22,386: 	 Loading required information from the environment
DEBUG 2017-11-15 07:49:22,386: 	 Found CMSSW_9_3_2 for slc6_amd64_gcc630 with base /uscms_data/d3/samuellh/WorkingArea/TauAnalysis/CMSSW_9_3_2
DEBUG 2017-11-15 07:49:22,386: 	 Loading required information from the environment
DEBUG 2017-11-15 07:49:22,386: 	 Found CMSSW_9_3_2 for slc6_amd64_gcc630 with base /uscms_data/d3/samuellh/WorkingArea/TauAnalysis/CMSSW_9_3_2
DEBUG 2017-11-15 07:49:22,400: 	 UNIQUE NAME: tarUUID 574b5734-230e-4ba7-9936-7e687b0b6994 
DEBUG 2017-11-15 07:49:22,400: 	 self.config: from WMCore.Configuration import Configuration
config = Configuration()
config.section_('General')
config.section_('JobType')
config.JobType.psetName = '../../../TT-MC-Up.py'
config.JobType.pluginName = 'Analysis'
config.JobType.inputFiles = ['../../../Configuration/data/PhaseIISummer16_25nsV3_MC.db']
config.JobType.outputFiles = ['analysis.root']
config.JobType.allowUndistributedCMSSW = True
config.section_('Data')
config.Data.inputDataset = '/WZTo3LNu_1Jets_14TeV-madgraphMLM-pythia8/PhaseIITDRFall17MiniAOD-PU200_93X_upgrade2023_realistic_v2-v1/MINIAODSIM'
config.Data.unitsPerJob = 1
config.Data.publication = False
config.Data.inputDBS = 'global'
config.Data.splitting = 'FileBased'
config.section_('Site')
config.Site.storageSite = 'T3_US_FNALLPC'
config.section_('User')
config.section_('Debug')

DEBUG 2017-11-15 07:49:22,400: 	 self.config.JobType.psetName: ../../../TT-MC-Up.py
INFO 2017-11-15 07:49:22,400: 	 Importing CMSSW configuration ../../../TT-MC-Up.py
INFO 2017-11-15 07:49:25,047: 	 Finished importing CMSSW configuration ../../../TT-MC-Up.py
DEBUG 2017-11-15 07:49:25,047: 	 Writing CMSSW configuration to /uscms_data/d3/samuellh/WorkingArea/TauAnalysis/CMSSW_9_3_2/src/PUAnalysis/VBFtt2017/crab/VBF72/crab_20171115_074915/inputs/PSet.py
DEBUG 2017-11-15 07:49:25,854: 	 The following EDM output files will be collected: []
DEBUG 2017-11-15 07:49:25,854: 	 The following TFile output files will be collected: ['analysis.root']
DEBUG 2017-11-15 07:49:25,855: 	 The following user output files will be collected: []
DEBUG 2017-11-15 07:49:25,855: 	 Loading required information from the environment
DEBUG 2017-11-15 07:49:25,855: 	 Found CMSSW_9_3_2 for slc6_amd64_gcc630 with base /uscms_data/d3/samuellh/WorkingArea/TauAnalysis/CMSSW_9_3_2
DEBUG 2017-11-15 07:49:25,855: 	 Making tarball in /uscms_data/d3/samuellh/WorkingArea/TauAnalysis/CMSSW_9_3_2/src/PUAnalysis/VBFtt2017/crab/VBF72/crab_20171115_074915/inputs/574b5734-230e-4ba7-9936-7e687b0b6994default.tgz
DEBUG 2017-11-15 07:49:25,883: 	 Checking directory /uscms_data/d3/samuellh/WorkingArea/TauAnalysis/CMSSW_9_3_2/lib
DEBUG 2017-11-15 07:49:25,883: 	 Adding directory /uscms_data/d3/samuellh/WorkingArea/TauAnalysis/CMSSW_9_3_2/lib to tarball
DEBUG 2017-11-15 07:49:26,638: 	 Checking directory /uscms_data/d3/samuellh/WorkingArea/TauAnalysis/CMSSW_9_3_2/biglib
DEBUG 2017-11-15 07:49:26,639: 	 Adding directory /uscms_data/d3/samuellh/WorkingArea/TauAnalysis/CMSSW_9_3_2/biglib to tarball
DEBUG 2017-11-15 07:49:26,640: 	 Checking directory /uscms_data/d3/samuellh/WorkingArea/TauAnalysis/CMSSW_9_3_2/module
DEBUG 2017-11-15 07:49:26,758: 	 Adding data directory /uscms_data/d3/samuellh/WorkingArea/TauAnalysis/CMSSW_9_3_2/src/PUAnalysis/Configuration/data to tarball
DEBUG 2017-11-15 07:49:29,221: 	 Adding data directory /uscms_data/d3/samuellh/WorkingArea/TauAnalysis/CMSSW_9_3_2/src/PUAnalysis/DataFormats/interface to tarball
DEBUG 2017-11-15 07:49:29,230: 	 Adding data directory /uscms_data/d3/samuellh/WorkingArea/TauAnalysis/CMSSW_9_3_2/src/PUAnalysis/NtupleTools/interface to tarball
DEBUG 2017-11-15 07:49:29,248: 	 Adding data directory /uscms_data/d3/samuellh/WorkingArea/TauAnalysis/CMSSW_9_3_2/src/PUAnalysis/RecoTools/interface to tarball
DEBUG 2017-11-15 07:49:29,523: 	 Adding file ../../../Configuration/data/PhaseIISummer16_25nsV3_MC.db to tarball
DEBUG 2017-11-15 07:49:29,839: 	 Uploading archive /uscms_data/d3/samuellh/WorkingArea/TauAnalysis/CMSSW_9_3_2/src/PUAnalysis/VBFtt2017/crab/VBF72/crab_20171115_074915/inputs/574b5734-230e-4ba7-9936-7e687b0b6994default.tgz (11 MB) to the CRAB cache. Using URI https://cmsweb.cern.ch/crabcache
DEBUG 2017-11-15 07:49:37,525: 	 Loading required information from the environment
DEBUG 2017-11-15 07:49:37,526: 	 Found CMSSW_9_3_2 for slc6_amd64_gcc630 with base /uscms_data/d3/samuellh/WorkingArea/TauAnalysis/CMSSW_9_3_2
DEBUG 2017-11-15 07:49:37,526: 	 Making tarball in /uscms_data/d3/samuellh/WorkingArea/TauAnalysis/CMSSW_9_3_2/src/PUAnalysis/VBFtt2017/crab/VBF72/crab_20171115_074915/inputs/debugFiles.tgz
DEBUG 2017-11-15 07:49:43,933: 	 Uploading archive /uscms_data/d3/samuellh/WorkingArea/TauAnalysis/CMSSW_9_3_2/src/PUAnalysis/VBFtt2017/crab/VBF72/crab_20171115_074915/inputs/debugFiles.tgz (2 KB) to the CRAB cache. Using URI https://cmsweb.cern.ch/crabcache
DEBUG 2017-11-15 07:49:46,065: 	 Result uploading input files: 4e198fb019d07e682a8bd09208595d4eb73bac82ae7f6e24154a54b4451cc952.tar.gz 
INFO 2017-11-15 07:49:46,065: 	 Sending the request to the server
DEBUG 2017-11-15 07:49:46,066: 	 Submitting {'maxjobruntime': 1250, 'extrajdl': [], 'ignorelocality': 0, 'savelogsflag': 0, 'useparent': 0, 'asyncdest': 'T3_US_FNALLPC', 'algoargs': 1, 'cachefilename': '4e198fb019d07e682a8bd09208595d4eb73bac82ae7f6e24154a54b4451cc952.tar.gz', 'numcores': 1, 'addoutputfiles': [], 'generator': 'pythia', 'maxmemory': 2000, 'publishdbsurl': 'https://cmsweb.cern.ch/dbs/prod/phys03/DBSWriter', 'priority': 10, 'jobsw': 'CMSSW_9_3_2', 'edmoutfiles': [], 'userfiles': [], 'primarydataset': '', 'inputdata': '/WZTo3LNu_1Jets_14TeV-madgraphMLM-pythia8/PhaseIITDRFall17MiniAOD-PU200_93X_upgrade2023_realistic_v2-v1/MINIAODSIM', 'dryrun': 0, 'workflow': 'crab_20171115_074915', 'cacheurl': u'https://cmsweb.cern.ch/crabcache', 'nonprodsw': 1, 'tfileoutfiles': ['analysis.root'], 'oneEventMode': 0, 'debugfilename': '073ce8af68d1588a55ad35ac2091f90427054123c6aba4bb6bdf3d4da987434e.tar.gz', 'saveoutput': 1, 'publication': 0, 'jobarch': 'slc6_amd64_gcc630', 'totalunits': 0, 'splitalgo': 'FileBased', 'ignoreglobalblacklist': 0, 'nonvaliddata': 0, 'dbsurl': 'https://cmsweb.cern.ch/dbs/prod/global/DBSReader', 'publishgroupname': 0, 'jobtype': 'Analysis', 'publishname2': ''} 
DEBUG 2017-11-15 07:49:46,067: 	 Encoded submit request: maxjobruntime=1250&ignorelocality=0&savelogsflag=0&useparent=0&asyncdest=T3_US_FNALLPC&algoargs=1&cachefilename=4e198fb019d07e682a8bd09208595d4eb73bac82ae7f6e24154a54b4451cc952.tar.gz&numcores=1&generator=pythia&maxmemory=2000&publishdbsurl=https%3A%2F%2Fcmsweb.cern.ch%2Fdbs%2Fprod%2Fphys03%2FDBSWriter&priority=10&jobsw=CMSSW_9_3_2&primarydataset=&inputdata=%2FWZTo3LNu_1Jets_14TeV-madgraphMLM-pythia8%2FPhaseIITDRFall17MiniAOD-PU200_93X_upgrade2023_realistic_v2-v1%2FMINIAODSIM&dryrun=0&workflow=crab_20171115_074915&cacheurl=https%3A%2F%2Fcmsweb.cern.ch%2Fcrabcache&nonprodsw=1&oneEventMode=0&debugfilename=073ce8af68d1588a55ad35ac2091f90427054123c6aba4bb6bdf3d4da987434e.tar.gz&saveoutput=1&publication=0&jobarch=slc6_amd64_gcc630&totalunits=0&splitalgo=FileBased&ignoreglobalblacklist=0&nonvaliddata=0&dbsurl=https%3A%2F%2Fcmsweb.cern.ch%2Fdbs%2Fprod%2Fglobal%2FDBSReader&publishgroupname=0&jobtype=Analysis&publishname2=&tfileoutfiles=analysis.root
DEBUG 2017-11-15 07:49:47,766: 	 Result: {u'result': [{u'RequestName': u'171115_134947:shigginb_crab_20171115_074915'}]}
INFO 2017-11-15 07:49:47,770: 	 Success: Your task has been delivered to the CRAB3 server.
INFO 2017-11-15 07:49:47,770: 	 Task name: 171115_134947:shigginb_crab_20171115_074915
INFO 2017-11-15 07:49:47,771: 	 Please use 'crab status' to check how the submission process proceeds.
DEBUG 2017-11-15 07:49:47,771: 	 About to return
INFO 2017-11-15 07:49:47,776: 	 Log file is /uscms_data/d3/samuellh/WorkingArea/TauAnalysis/CMSSW_9_3_2/src/PUAnalysis/VBFtt2017/crab/VBF72/crab_20171115_074915/crab.log
DEBUG 2017-11-15 08:09:01,664: 	 Executing command: 'status'
DEBUG 2017-11-15 08:09:01,664: 	 Found CRAB cache file /uscms/home/samuellh/.crab3
DEBUG 2017-11-15 08:09:01,671: 	 Checking credentials
DEBUG 2017-11-15 08:09:01,671: 	 Found proxy file /tmp/x509up_u52190
DEBUG 2017-11-15 08:09:01,672: 	 Getting proxy life time left
DEBUG 2017-11-15 08:09:01,775: 	 Executing : 
 command : voms-proxy-info -file /tmp/x509up_u52190 -timeleft
 output : 80742

 error: 
 retcode : 0
DEBUG 2017-11-15 08:09:01,878: 	 Executing : 
 command : voms-proxy-info -file /tmp/x509up_u52190 -actimeleft
 output : 80741

 error: 
 retcode : 0
DEBUG 2017-11-15 08:09:01,878: 	 Proxy valid for 22:25:42 hours
DEBUG 2017-11-15 08:09:01,992: 	 Executing : 
 command : openssl x509 -in ~/.globus/usercert.pem -subject -noout
 output : subject= /DC=ch/DC=cern/OU=Organic Units/OU=Users/CN=shigginb/CN=785176/CN=Sam Higginbotham

 error: 
 retcode : 0
DEBUG 2017-11-15 08:09:01,992: 	 Checking credentials
DEBUG 2017-11-15 08:09:01,993: 	 Found proxy file /tmp/x509up_u52190
DEBUG 2017-11-15 08:09:01,993: 	 Getting proxy life time left
DEBUG 2017-11-15 08:09:02,096: 	 Executing : 
 command : voms-proxy-info -file /tmp/x509up_u52190 -timeleft
 output : 80741

 error: 
 retcode : 0
DEBUG 2017-11-15 08:09:02,200: 	 Executing : 
 command : voms-proxy-info -file /tmp/x509up_u52190 -actimeleft
 output : 80740

 error: 
 retcode : 0
DEBUG 2017-11-15 08:09:02,201: 	 Proxy valid for 22:25:41 hours
DEBUG 2017-11-15 08:09:03,834: 	 Registering user credentials for server /DC=ch/DC=cern/OU=computers/CN=vocms(045|052|021|031|0118|0118a|0119|0108|0105|0109).cern.ch
DEBUG 2017-11-15 08:09:03,942: 	 Executing : 
 command : openssl x509 -in ~/.globus/usercert.pem -subject -noout
 output : subject= /DC=ch/DC=cern/OU=Organic Units/OU=Users/CN=shigginb/CN=785176/CN=Sam Higginbotham

 error: 
 retcode : 0
DEBUG 2017-11-15 08:09:03,942: 	 Getting myproxy life time left for myproxy.cern.ch
DEBUG 2017-11-15 08:09:03,942: 	 Calculating hash of /DC=ch/DC=cern/OU=Organic Units/OU=Users/CN=shigginb/CN=785176/CN=Sam Higginbotham_cmsweb.cern.ch for credential name
DEBUG 2017-11-15 08:09:04,746: 	 Executing : 
 command : myproxy-info -l 2f318c7a260d78734589f2cc772d26b8be79ec6c -s myproxy.cern.ch
 output : username: 2f318c7a260d78734589f2cc772d26b8be79ec6c
owner: /DC=ch/DC=cern/OU=Organic Units/OU=Users/CN=shigginb/CN=785176/CN=Sam Higginbotham
  renewal policy: /DC=ch/DC=cern/OU=computers/CN=vocms(045|052|021|031|0118|0118a|0119|0108|0105|0109).cern.ch
  trusted retrieval policy: /DC=ch/DC=cern/OU=computers/CN=vocms(045|052|021|031|0118|0118a|0119|0108|0105|0109).cern.ch
  timeleft: 431:14:37  (18.0 days)

 error: 
 retcode : 0
DEBUG 2017-11-15 08:09:04,748: 	 Myproxy is valid: 1552477
DEBUG 2017-11-15 08:09:04,748: 	 Command use: status
DEBUG 2017-11-15 08:09:04,748: 	 Options use: ['-d', 'crab_20171115_074915/']
DEBUG 2017-11-15 08:09:06,674: 	 CRABClient version: 3.3.1707.patch1
DEBUG 2017-11-15 08:09:06,674: 	 Instance is prod
DEBUG 2017-11-15 08:09:06,674: 	 Server base url is cmsweb.cern.ch
DEBUG 2017-11-15 08:09:06,674: 	 Command url /crabserver/prod/workflow
DEBUG 2017-11-15 08:09:08,540: 	 Got information from server oracle database: {u'result': [u'171115_134947:shigginb_crab_20171115_074915', u'None', u'SUBMITTED', u'2017-11-15 13:49:47.702745', u'None', u'2017-11-15 13:50:23.637527', u'None', u'CMSSW_9_3_2', u'slc6_amd64_gcc630', u'/WZTo3LNu_1Jets_14TeV-madgraphMLM-pythia8/PhaseIITDRFall17MiniAOD-PU200_93X_upgrade2023_realistic_v2-v1/MINIAODSIM', u'[]', u'[]', u'FileBased', u"{'splitOnRun': False, 'halt_job_on_file_boundaries': False, 'files_per_job': 1, 'runs': [], 'lumis': []}", u'0', u'4e198fb019d07e682a8bd09208595d4eb73bac82ae7f6e24154a54b4451cc952.tar.gz', u'https://cmsweb.cern.ch/crabcache', u'shigginb', u'/DC=ch/DC=cern/OU=Organic Units/OU=Users/CN=shigginb/CN=785176/CN=Sam Higginbotham', u'cms', u'None', u'None', u'crab_20171115_074915-00000000000000000000000000000000', u'T3_US_FNALLPC', u'https://cmsweb.cern.ch/dbs/prod/global/DBSReader', u'https://cmsweb.cern.ch/dbs/prod/phys03/DBSWriter', u'F', u'Analysis', u'{}', u'[]', u'F', u'vocms052', u'[]', u'1250', u'1', u'2000', u'10', u'None', u'http://vocms0198.cern.ch/mon/cms1359/171115_134947:shigginb_crab_20171115_074915', u'None', u'None', u'[]', u'[]', u'[]', u'pythia', u'[]', u"['analysis.root']", u'[]', u'https://cmsweb.cern.ch/crabserver/prod', u'None', u'0', u'cmssrv221.fnal.gov:9620', u'crab3@vocms0198.cern.ch', u'F', u'[]', u'T', u'/store/user/shigginb/', u'F', u'None', u'F', u'F', u'F', u'None', u'WZTo3LNu_1Jets_14TeV-madgraphMLM-pythia8', u'filetransfers', u'SUBMIT', u'13823526', u'073ce8af68d1588a55ad35ac2091f90427054123c6aba4bb6bdf3d4da987434e.tar.gz', u'131.225.190.56', u'F', u'None'], u'desc': {u'columns': [u'tm_taskname', u'panda_jobset_id', u'tm_task_status', u'tm_start_time', u'tm_start_injection', u'tm_end_injection', u'tm_task_failure', u'tm_job_sw', u'tm_job_arch', u'tm_input_dataset', u'tm_site_whitelist', u'tm_site_blacklist', u'tm_split_algo', u'tm_split_args', u'tm_totalunits', u'tm_user_sandbox', u'tm_cache_url', u'tm_username', u'tm_user_dn', u'tm_user_vo', u'tm_user_role', u'tm_user_group', u'tm_publish_name', u'tm_asyncdest', u'tm_dbs_url', u'tm_publish_dbs_url', u'tm_publication', u'tm_job_type', u'tm_arguments', u'panda_resubmitted_jobs', u'tm_save_logs', u'tw_name', u'tm_user_infiles', u'tm_maxjobruntime', u'tm_numcores', u'tm_maxmemory', u'tm_priority', u'tm_output_dataset', u'tm_user_webdir', u'tm_activity', u'tm_scriptexe', u'tm_scriptargs', u'tm_extrajdl', u'tm_task_warnings', u'tm_generator', u'tm_outfiles', u'tm_tfile_outfiles', u'tm_edm_outfiles', u'tm_asourl', u'tm_events_per_lumi', u'tm_use_parent', u'tm_collector', u'tm_schedd', u'tm_dry_run', u'tm_user_files', u'tm_transfer_outputs', u'tm_output_lfn', u'tm_ignore_locality', u'tm_fail_limit', u'tm_one_event_mode', u'tm_publish_groupname', u'tm_nonvalid_input_dataset', u'tm_secondary_input_dataset', u'tm_primary_dataset', u'tm_asodb', u'tm_task_command', u'clusterid', u'tm_debug_files', u'tm_submitter_ip_addr', u'tm_ignore_global_blacklist', u'tm_last_publication']}}
INFO 2017-11-15 08:09:08,540: 	 CRAB project directory:		/uscms_data/d3/samuellh/WorkingArea/TauAnalysis/CMSSW_9_3_2/src/PUAnalysis/VBFtt2017/crab/VBF72/crab_20171115_074915
INFO 2017-11-15 08:09:08,541: 	 Task name:			171115_134947:shigginb_crab_20171115_074915
INFO 2017-11-15 08:09:08,541: 	 Grid scheduler:			crab3@vocms0198.cern.ch
INFO 2017-11-15 08:09:08,541: 	 Status on the CRAB server:	SUBMITTED
INFO 2017-11-15 08:09:08,541: 	 Task URL to use for HELP:	https://cmsweb.cern.ch/crabserver/ui/task/171115_134947%3Ashigginb_crab_20171115_074915
INFO 2017-11-15 08:09:08,541: 	 Dashboard monitoring URL:	http://dashb-cms-job.cern.ch/dashboard/templates/task-analysis/#user=shigginb&refresh=0&table=Jobs&p=1&records=25&activemenu=2&status=&site=&tid=171115_134947%3Ashigginb_crab_20171115_074915
DEBUG 2017-11-15 08:09:08,541: 	 The CRAB server submitted your task to the Grid scheduler (cluster ID: 13823526)
DEBUG 2017-11-15 08:09:08,541: 	 Webdir is located at http://vocms0198.cern.ch/mon/cms1359/171115_134947:shigginb_crab_20171115_074915
DEBUG 2017-11-15 08:09:10,284: 	 Proxied webdir is located at https://cmsweb.cern.ch/scheddmon/0198/cms1359/171115_134947:shigginb_crab_20171115_074915
DEBUG 2017-11-15 08:09:10,285: 	 Retrieving 'status_cache' file from https://cmsweb.cern.ch/scheddmon/0198/cms1359/171115_134947:shigginb_crab_20171115_074915/status_cache
DEBUG 2017-11-15 08:09:12,035: 	 Got information from status cache file: {'11': {'Retries': 0, 'WallDurations': [556.0], 'StartTimes': [1510754050.0], 'SubmitTimes': [1510753851.0], 'JobIds': ['13823555.0'], 'EndTimes': [1510754606.0], 'Restarts': 0, 'RecordedSite': False, 'State': 'finished', 'ResidentSetSize': [1725312], 'TotalUserCpuTimeHistory': [358], 'SiteHistory': ['Unknown'], 'TotalSysCpuTimeHistory': [15]}, '10': {'Retries': 0, 'WallDurations': [172.0], 'StartTimes': [1510754049.0], 'SubmitTimes': [1510753850.0], 'JobIds': ['13823553.0'], 'EndTimes': [1510754221.0], 'Restarts': 0, 'RecordedSite': False, 'State': 'finished', 'ResidentSetSize': [167612], 'TotalUserCpuTimeHistory': [130], 'SiteHistory': ['Unknown'], 'TotalSysCpuTimeHistory': [9]}, '13': {'Retries': 0, 'WallDurations': [155.0], 'StartTimes': [1510754050.0], 'SubmitTimes': [1510753848.0], 'JobIds': ['13823552.0'], 'EndTimes': [1510754205.0], 'Restarts': 0, 'RecordedSite': False, 'State': 'finished', 'ResidentSetSize': [2624], 'TotalUserCpuTimeHistory': [67], 'SiteHistory': ['Unknown'], 'TotalSysCpuTimeHistory': [5]}, '12': {'Retries': 0, 'WallDurations': [610.0], 'StartTimes': [1510754049.0], 'SubmitTimes': [1510753840.0], 'JobIds': ['13823530.0'], 'EndTimes': [], 'Restarts': 0, 'RecordedSite': False, 'State': 'running', 'ResidentSetSize': [1715416], 'TotalUserCpuTimeHistory': [0], 'SiteHistory': ['Unknown'], 'TotalSysCpuTimeHistory': [0]}, '15': {'Retries': 0, 'WallDurations': [556.0], 'StartTimes': [1510754048.0], 'SubmitTimes': [1510753847.0], 'JobIds': ['13823549.0'], 'EndTimes': [1510754604.0], 'Restarts': 0, 'RecordedSite': False, 'State': 'finished', 'ResidentSetSize': [1834648], 'TotalUserCpuTimeHistory': [380], 'SiteHistory': ['Unknown'], 'TotalSysCpuTimeHistory': [12]}, '14': {'Retries': 0, 'WallDurations': [611.0], 'StartTimes': [1510754123.0], 'SubmitTimes': [1510753840.0], 'JobIds': ['13823528.0'], 'EndTimes': [], 'Restarts': 0, 'RecordedSite': False, 'State': 'running', 'ResidentSetSize': [759216], 'TotalUserCpuTimeHistory': [0], 'SiteHistory': ['Unknown'], 'TotalSysCpuTimeHistory': [0]}, '1': {'Retries': 0, 'WallDurations': [610.0], 'StartTimes': [1510754064.0], 'SubmitTimes': [1510753851.0], 'JobIds': ['13823556.0'], 'EndTimes': [], 'Restarts': 0, 'RecordedSite': False, 'State': 'running', 'ResidentSetSize': [1818428], 'TotalUserCpuTimeHistory': [0], 'SiteHistory': ['Unknown'], 'TotalSysCpuTimeHistory': [0]}, '3': {'Retries': 0, 'WallDurations': [92.0], 'StartTimes': [1510754063.0], 'SubmitTimes': [1510753848.0], 'JobIds': ['13823551.0'], 'EndTimes': [1510754155.0], 'Restarts': 0, 'RecordedSite': False, 'State': 'finished', 'ResidentSetSize': [30216], 'TotalUserCpuTimeHistory': [45], 'SiteHistory': ['Unknown'], 'TotalSysCpuTimeHistory': [2]}, '2': {'Retries': 0, 'WallDurations': [540.0], 'StartTimes': [1510754064.0], 'SubmitTimes': [1510753847.0], 'JobIds': ['13823550.0'], 'EndTimes': [1510754604.0], 'Restarts': 0, 'RecordedSite': False, 'State': 'finished', 'ResidentSetSize': [1877204], 'TotalUserCpuTimeHistory': [322], 'SiteHistory': ['Unknown'], 'TotalSysCpuTimeHistory': [5]}, '5': {'Retries': 0, 'WallDurations': [608.0], 'StartTimes': [1510754065.0], 'SubmitTimes': [1510753851.0], 'JobIds': ['13823554.0'], 'EndTimes': [], 'Restarts': 0, 'RecordedSite': False, 'State': 'running', 'ResidentSetSize': [745408], 'TotalUserCpuTimeHistory': [0], 'SiteHistory': ['Unknown'], 'TotalSysCpuTimeHistory': [0]}, '4': {'Retries': 0, 'WallDurations': [608.0], 'StartTimes': [1510754065.0], 'SubmitTimes': [1510753846.0], 'JobIds': ['13823547.0'], 'EndTimes': [], 'Restarts': 0, 'RecordedSite': False, 'State': 'running', 'ResidentSetSize': [726136], 'TotalUserCpuTimeHistory': [0], 'SiteHistory': ['Unknown'], 'TotalSysCpuTimeHistory': [0]}, '7': {'Retries': 0, 'WallDurations': [275.0], 'StartTimes': [1510754049.0], 'SubmitTimes': [1510753847.0], 'JobIds': ['13823548.0'], 'EndTimes': [1510754324.0], 'Restarts': 0, 'RecordedSite': False, 'State': 'finished', 'ResidentSetSize': [21908], 'TotalUserCpuTimeHistory': [195], 'SiteHistory': ['Unknown'], 'TotalSysCpuTimeHistory': [11]}, '6': {'Retries': 0, 'WallDurations': [608.0], 'StartTimes': [1510754050.0], 'SubmitTimes': [1510753841.0], 'JobIds': ['13823532.0'], 'EndTimes': [], 'Restarts': 0, 'RecordedSite': False, 'State': 'running', 'ResidentSetSize': [903192], 'TotalUserCpuTimeHistory': [0], 'SiteHistory': ['Unknown'], 'TotalSysCpuTimeHistory': [0]}, '9': {'Retries': 0, 'WallDurations': [281.0], 'StartTimes': [1510754048.0], 'SubmitTimes': [1510753846.0], 'JobIds': ['13823546.0'], 'EndTimes': [1510754329.0], 'Restarts': 0, 'RecordedSite': False, 'State': 'finished', 'ResidentSetSize': [21536], 'TotalUserCpuTimeHistory': [162], 'SiteHistory': ['Unknown'], 'TotalSysCpuTimeHistory': [8]}, '8': {'Retries': 0, 'WallDurations': [310.0], 'StartTimes': [1510754148.0], 'SubmitTimes': [1510753846.0], 'JobIds': ['13823545.0'], 'EndTimes': [], 'Restarts': 0, 'RecordedSite': False, 'State': 'running', 'ResidentSetSize': [1668056], 'TotalUserCpuTimeHistory': [0], 'SiteHistory': ['Unknown'], 'TotalSysCpuTimeHistory': [0]}}
INFO 2017-11-15 08:09:12,035: 	 Status on the scheduler:	SUBMITTED
INFO 2017-11-15 08:09:12,036: 	 
Jobs status:                    finished       53.3% ( 8/15)
INFO 2017-11-15 08:09:12,036: 	 				running        46.7% ( 7/15)
INFO 2017-11-15 08:09:12,036: 	 
No publication information (publication has been disabled in the CRAB configuration file)
INFO 2017-11-15 08:09:12,650: 	 Log file is /uscms_data/d3/samuellh/WorkingArea/TauAnalysis/CMSSW_9_3_2/src/PUAnalysis/VBFtt2017/crab/VBF72/crab_20171115_074915/crab.log
DEBUG 2017-11-15 09:22:21,955: 	 Executing command: 'status'
DEBUG 2017-11-15 09:22:21,959: 	 Found CRAB cache file /uscms/home/samuellh/.crab3
DEBUG 2017-11-15 09:22:21,995: 	 Checking credentials
DEBUG 2017-11-15 09:22:21,995: 	 Found proxy file /tmp/x509up_u52190
DEBUG 2017-11-15 09:22:21,995: 	 Getting proxy life time left
DEBUG 2017-11-15 09:22:22,198: 	 Executing : 
 command : voms-proxy-info -file /tmp/x509up_u52190 -timeleft
 output : 76341

 error: 
 retcode : 0
DEBUG 2017-11-15 09:22:22,401: 	 Executing : 
 command : voms-proxy-info -file /tmp/x509up_u52190 -actimeleft
 output : 76340

 error: 
 retcode : 0
DEBUG 2017-11-15 09:22:22,402: 	 Proxy valid for 21:12:21 hours
DEBUG 2017-11-15 09:22:22,543: 	 Executing : 
 command : openssl x509 -in ~/.globus/usercert.pem -subject -noout
 output : subject= /DC=ch/DC=cern/OU=Organic Units/OU=Users/CN=shigginb/CN=785176/CN=Sam Higginbotham

 error: 
 retcode : 0
DEBUG 2017-11-15 09:22:22,543: 	 Checking credentials
DEBUG 2017-11-15 09:22:22,543: 	 Found proxy file /tmp/x509up_u52190
DEBUG 2017-11-15 09:22:22,543: 	 Getting proxy life time left
DEBUG 2017-11-15 09:22:22,747: 	 Executing : 
 command : voms-proxy-info -file /tmp/x509up_u52190 -timeleft
 output : 76341

 error: 
 retcode : 0
DEBUG 2017-11-15 09:22:22,950: 	 Executing : 
 command : voms-proxy-info -file /tmp/x509up_u52190 -actimeleft
 output : 76340

 error: 
 retcode : 0
DEBUG 2017-11-15 09:22:22,950: 	 Proxy valid for 21:12:21 hours
DEBUG 2017-11-15 09:22:24,706: 	 Registering user credentials for server /DC=ch/DC=cern/OU=computers/CN=vocms(045|052|021|031|0118|0118a|0119|0108|0105|0109).cern.ch
DEBUG 2017-11-15 09:22:24,837: 	 Executing : 
 command : openssl x509 -in ~/.globus/usercert.pem -subject -noout
 output : subject= /DC=ch/DC=cern/OU=Organic Units/OU=Users/CN=shigginb/CN=785176/CN=Sam Higginbotham

 error: 
 retcode : 0
DEBUG 2017-11-15 09:22:24,838: 	 Getting myproxy life time left for myproxy.cern.ch
DEBUG 2017-11-15 09:22:24,838: 	 Calculating hash of /DC=ch/DC=cern/OU=Organic Units/OU=Users/CN=shigginb/CN=785176/CN=Sam Higginbotham_cmsweb.cern.ch for credential name
DEBUG 2017-11-15 09:22:25,742: 	 Executing : 
 command : myproxy-info -l 2f318c7a260d78734589f2cc772d26b8be79ec6c -s myproxy.cern.ch
 output : username: 2f318c7a260d78734589f2cc772d26b8be79ec6c
owner: /DC=ch/DC=cern/OU=Organic Units/OU=Users/CN=shigginb/CN=785176/CN=Sam Higginbotham
  renewal policy: /DC=ch/DC=cern/OU=computers/CN=vocms(045|052|021|031|0118|0118a|0119|0108|0105|0109).cern.ch
  trusted retrieval policy: /DC=ch/DC=cern/OU=computers/CN=vocms(045|052|021|031|0118|0118a|0119|0108|0105|0109).cern.ch
  timeleft: 430:01:16  (17.9 days)

 error: 
 retcode : 0
DEBUG 2017-11-15 09:22:25,744: 	 Myproxy is valid: 1548076
DEBUG 2017-11-15 09:22:25,744: 	 Command use: status
DEBUG 2017-11-15 09:22:25,744: 	 Options use: ['-d', 'crab_20171115_074915/']
DEBUG 2017-11-15 09:22:27,525: 	 CRABClient version: 3.3.1707.patch1
DEBUG 2017-11-15 09:22:27,525: 	 Instance is prod
DEBUG 2017-11-15 09:22:27,525: 	 Server base url is cmsweb.cern.ch
DEBUG 2017-11-15 09:22:27,525: 	 Command url /crabserver/prod/workflow
DEBUG 2017-11-15 09:22:29,212: 	 Got information from server oracle database: {u'result': [u'171115_134947:shigginb_crab_20171115_074915', u'None', u'SUBMITTED', u'2017-11-15 13:49:47.702745', u'None', u'2017-11-15 13:50:23.637527', u'None', u'CMSSW_9_3_2', u'slc6_amd64_gcc630', u'/WZTo3LNu_1Jets_14TeV-madgraphMLM-pythia8/PhaseIITDRFall17MiniAOD-PU200_93X_upgrade2023_realistic_v2-v1/MINIAODSIM', u'[]', u'[]', u'FileBased', u"{'splitOnRun': False, 'halt_job_on_file_boundaries': False, 'files_per_job': 1, 'runs': [], 'lumis': []}", u'0', u'4e198fb019d07e682a8bd09208595d4eb73bac82ae7f6e24154a54b4451cc952.tar.gz', u'https://cmsweb.cern.ch/crabcache', u'shigginb', u'/DC=ch/DC=cern/OU=Organic Units/OU=Users/CN=shigginb/CN=785176/CN=Sam Higginbotham', u'cms', u'None', u'None', u'crab_20171115_074915-00000000000000000000000000000000', u'T3_US_FNALLPC', u'https://cmsweb.cern.ch/dbs/prod/global/DBSReader', u'https://cmsweb.cern.ch/dbs/prod/phys03/DBSWriter', u'F', u'Analysis', u'{}', u'[]', u'F', u'vocms052', u'[]', u'1250', u'1', u'2000', u'10', u'None', u'http://vocms0198.cern.ch/mon/cms1359/171115_134947:shigginb_crab_20171115_074915', u'None', u'None', u'[]', u'[]', u'[]', u'pythia', u'[]', u"['analysis.root']", u'[]', u'https://cmsweb.cern.ch/crabserver/prod', u'None', u'0', u'cmssrv221.fnal.gov:9620', u'crab3@vocms0198.cern.ch', u'F', u'[]', u'T', u'/store/user/shigginb/', u'F', u'None', u'F', u'F', u'F', u'None', u'WZTo3LNu_1Jets_14TeV-madgraphMLM-pythia8', u'filetransfers', u'SUBMIT', u'13823526', u'073ce8af68d1588a55ad35ac2091f90427054123c6aba4bb6bdf3d4da987434e.tar.gz', u'131.225.190.56', u'F', u'None'], u'desc': {u'columns': [u'tm_taskname', u'panda_jobset_id', u'tm_task_status', u'tm_start_time', u'tm_start_injection', u'tm_end_injection', u'tm_task_failure', u'tm_job_sw', u'tm_job_arch', u'tm_input_dataset', u'tm_site_whitelist', u'tm_site_blacklist', u'tm_split_algo', u'tm_split_args', u'tm_totalunits', u'tm_user_sandbox', u'tm_cache_url', u'tm_username', u'tm_user_dn', u'tm_user_vo', u'tm_user_role', u'tm_user_group', u'tm_publish_name', u'tm_asyncdest', u'tm_dbs_url', u'tm_publish_dbs_url', u'tm_publication', u'tm_job_type', u'tm_arguments', u'panda_resubmitted_jobs', u'tm_save_logs', u'tw_name', u'tm_user_infiles', u'tm_maxjobruntime', u'tm_numcores', u'tm_maxmemory', u'tm_priority', u'tm_output_dataset', u'tm_user_webdir', u'tm_activity', u'tm_scriptexe', u'tm_scriptargs', u'tm_extrajdl', u'tm_task_warnings', u'tm_generator', u'tm_outfiles', u'tm_tfile_outfiles', u'tm_edm_outfiles', u'tm_asourl', u'tm_events_per_lumi', u'tm_use_parent', u'tm_collector', u'tm_schedd', u'tm_dry_run', u'tm_user_files', u'tm_transfer_outputs', u'tm_output_lfn', u'tm_ignore_locality', u'tm_fail_limit', u'tm_one_event_mode', u'tm_publish_groupname', u'tm_nonvalid_input_dataset', u'tm_secondary_input_dataset', u'tm_primary_dataset', u'tm_asodb', u'tm_task_command', u'clusterid', u'tm_debug_files', u'tm_submitter_ip_addr', u'tm_ignore_global_blacklist', u'tm_last_publication']}}
INFO 2017-11-15 09:22:29,213: 	 CRAB project directory:		/uscms_data/d3/samuellh/WorkingArea/TauAnalysis/CMSSW_9_3_2/src/PUAnalysis/VBFtt2017/crab/VBF72/crab_20171115_074915
INFO 2017-11-15 09:22:29,213: 	 Task name:			171115_134947:shigginb_crab_20171115_074915
INFO 2017-11-15 09:22:29,213: 	 Grid scheduler:			crab3@vocms0198.cern.ch
INFO 2017-11-15 09:22:29,213: 	 Status on the CRAB server:	SUBMITTED
INFO 2017-11-15 09:22:29,213: 	 Task URL to use for HELP:	https://cmsweb.cern.ch/crabserver/ui/task/171115_134947%3Ashigginb_crab_20171115_074915
INFO 2017-11-15 09:22:29,213: 	 Dashboard monitoring URL:	http://dashb-cms-job.cern.ch/dashboard/templates/task-analysis/#user=shigginb&refresh=0&table=Jobs&p=1&records=25&activemenu=2&status=&site=&tid=171115_134947%3Ashigginb_crab_20171115_074915
DEBUG 2017-11-15 09:22:29,214: 	 The CRAB server submitted your task to the Grid scheduler (cluster ID: 13823526)
DEBUG 2017-11-15 09:22:29,214: 	 Webdir is located at http://vocms0198.cern.ch/mon/cms1359/171115_134947:shigginb_crab_20171115_074915
DEBUG 2017-11-15 09:22:31,014: 	 Proxied webdir is located at https://cmsweb.cern.ch/scheddmon/0198/cms1359/171115_134947:shigginb_crab_20171115_074915
DEBUG 2017-11-15 09:22:31,014: 	 Retrieving 'status_cache' file from https://cmsweb.cern.ch/scheddmon/0198/cms1359/171115_134947:shigginb_crab_20171115_074915/status_cache
DEBUG 2017-11-15 09:22:32,654: 	 Got information from status cache file: {'11': {'Retries': 0, 'WallDurations': [556.0], 'StartTimes': [1510754050.0], 'SubmitTimes': [1510753851.0], 'JobIds': ['13823555.0'], 'EndTimes': [1510754606.0], 'Restarts': 0, 'RecordedSite': False, 'State': 'finished', 'ResidentSetSize': [1725312], 'TotalUserCpuTimeHistory': [358], 'SiteHistory': ['Unknown'], 'TotalSysCpuTimeHistory': [15]}, '10': {'Retries': 0, 'WallDurations': [172.0], 'StartTimes': [1510754049.0], 'SubmitTimes': [1510753850.0], 'JobIds': ['13823553.0'], 'EndTimes': [1510754221.0], 'Restarts': 0, 'RecordedSite': False, 'State': 'finished', 'ResidentSetSize': [167612], 'TotalUserCpuTimeHistory': [130], 'SiteHistory': ['Unknown'], 'TotalSysCpuTimeHistory': [9]}, '13': {'Retries': 0, 'WallDurations': [155.0], 'StartTimes': [1510754050.0], 'SubmitTimes': [1510753848.0], 'JobIds': ['13823552.0'], 'EndTimes': [1510754205.0], 'Restarts': 0, 'RecordedSite': False, 'State': 'finished', 'ResidentSetSize': [2624], 'TotalUserCpuTimeHistory': [67], 'SiteHistory': ['Unknown'], 'TotalSysCpuTimeHistory': [5]}, '12': {'Retries': 0, 'WallDurations': [1505.0], 'StartTimes': [1510754049.0], 'SubmitTimes': [1510753840.0], 'JobIds': ['13823530.0'], 'EndTimes': [1510755554.0], 'Restarts': 0, 'RecordedSite': False, 'State': 'finished', 'ResidentSetSize': [1715416], 'TotalUserCpuTimeHistory': [701], 'SiteHistory': ['Unknown'], 'TotalSysCpuTimeHistory': [23]}, '15': {'Retries': 0, 'WallDurations': [556.0], 'StartTimes': [1510754048.0], 'SubmitTimes': [1510753847.0], 'JobIds': ['13823549.0'], 'EndTimes': [1510754604.0], 'Restarts': 0, 'RecordedSite': False, 'State': 'finished', 'ResidentSetSize': [1834648], 'TotalUserCpuTimeHistory': [380], 'SiteHistory': ['Unknown'], 'TotalSysCpuTimeHistory': [12]}, '14': {'Retries': 0, 'WallDurations': [926.0], 'StartTimes': [1510754123.0], 'SubmitTimes': [1510753840.0], 'JobIds': ['13823528.0'], 'EndTimes': [1510755049.0], 'Restarts': 0, 'RecordedSite': False, 'State': 'finished', 'ResidentSetSize': [1856700], 'TotalUserCpuTimeHistory': [175], 'SiteHistory': ['Unknown'], 'TotalSysCpuTimeHistory': [8]}, '1': {'Retries': 0, 'WallDurations': [815.0], 'StartTimes': [1510754064.0], 'SubmitTimes': [1510753851.0], 'JobIds': ['13823556.0'], 'EndTimes': [1510754879.0], 'Restarts': 0, 'RecordedSite': False, 'State': 'finished', 'ResidentSetSize': [1818428], 'TotalUserCpuTimeHistory': [684], 'SiteHistory': ['Unknown'], 'TotalSysCpuTimeHistory': [13]}, '3': {'Retries': 0, 'WallDurations': [92.0], 'StartTimes': [1510754063.0], 'SubmitTimes': [1510753848.0], 'JobIds': ['13823551.0'], 'EndTimes': [1510754155.0], 'Restarts': 0, 'RecordedSite': False, 'State': 'finished', 'ResidentSetSize': [30216], 'TotalUserCpuTimeHistory': [45], 'SiteHistory': ['Unknown'], 'TotalSysCpuTimeHistory': [2]}, '2': {'Retries': 0, 'WallDurations': [540.0], 'StartTimes': [1510754064.0], 'SubmitTimes': [1510753847.0], 'JobIds': ['13823550.0'], 'EndTimes': [1510754604.0], 'Restarts': 0, 'RecordedSite': False, 'State': 'finished', 'ResidentSetSize': [1877204], 'TotalUserCpuTimeHistory': [322], 'SiteHistory': ['Unknown'], 'TotalSysCpuTimeHistory': [5]}, '5': {'Retries': 0, 'WallDurations': [887.0], 'StartTimes': [1510754065.0], 'SubmitTimes': [1510753851.0], 'JobIds': ['13823554.0'], 'EndTimes': [1510754952.0], 'Restarts': 0, 'RecordedSite': False, 'State': 'finished', 'ResidentSetSize': [745408], 'TotalUserCpuTimeHistory': [135], 'SiteHistory': ['Unknown'], 'TotalSysCpuTimeHistory': [7]}, '4': {'Retries': 0, 'WallDurations': [1311.0], 'StartTimes': [1510754065.0], 'SubmitTimes': [1510753846.0], 'JobIds': ['13823547.0'], 'EndTimes': [1510755376.0], 'Restarts': 0, 'RecordedSite': False, 'State': 'finished', 'ResidentSetSize': [727528], 'TotalUserCpuTimeHistory': [70], 'SiteHistory': ['Unknown'], 'TotalSysCpuTimeHistory': [3]}, '7': {'Retries': 0, 'WallDurations': [275.0], 'StartTimes': [1510754049.0], 'SubmitTimes': [1510753847.0], 'JobIds': ['13823548.0'], 'EndTimes': [1510754324.0], 'Restarts': 0, 'RecordedSite': False, 'State': 'finished', 'ResidentSetSize': [21908], 'TotalUserCpuTimeHistory': [195], 'SiteHistory': ['Unknown'], 'TotalSysCpuTimeHistory': [11]}, '6': {'Retries': 0, 'WallDurations': [2037.0], 'StartTimes': [1510754050.0], 'SubmitTimes': [1510753841.0], 'JobIds': ['13823532.0'], 'EndTimes': [1510756087.0], 'Restarts': 0, 'RecordedSite': False, 'State': 'finished', 'ResidentSetSize': [1748016], 'TotalUserCpuTimeHistory': [943], 'SiteHistory': ['Unknown'], 'TotalSysCpuTimeHistory': [22]}, '9': {'Retries': 0, 'WallDurations': [281.0], 'StartTimes': [1510754048.0], 'SubmitTimes': [1510753846.0], 'JobIds': ['13823546.0'], 'EndTimes': [1510754329.0], 'Restarts': 0, 'RecordedSite': False, 'State': 'finished', 'ResidentSetSize': [21536], 'TotalUserCpuTimeHistory': [162], 'SiteHistory': ['Unknown'], 'TotalSysCpuTimeHistory': [8]}, '8': {'Retries': 0, 'WallDurations': [657.0], 'StartTimes': [1510754148.0], 'SubmitTimes': [1510753846.0], 'JobIds': ['13823545.0'], 'EndTimes': [1510754805.0], 'Restarts': 0, 'RecordedSite': False, 'State': 'finished', 'ResidentSetSize': [1668056], 'TotalUserCpuTimeHistory': [521], 'SiteHistory': ['Unknown'], 'TotalSysCpuTimeHistory': [14]}}
INFO 2017-11-15 09:22:32,655: 	 Status on the scheduler:	COMPLETED
INFO 2017-11-15 09:22:32,655: 	 
Jobs status:                    finished      100.0% (15/15)
INFO 2017-11-15 09:22:32,655: 	 
No publication information (publication has been disabled in the CRAB configuration file)
INFO 2017-11-15 09:22:32,785: 	 Log file is /uscms_data/d3/samuellh/WorkingArea/TauAnalysis/CMSSW_9_3_2/src/PUAnalysis/VBFtt2017/crab/VBF72/crab_20171115_074915/crab.log
