('The system path in the config file ', ['/cvmfs/cms.cern.ch/crab3/slc6_amd64_gcc493/cms/crabclient/3.3.1707.patch1/bin', '/uscms_data/d3/samuellh/WorkingArea/TauAnalysis/CMSSW_9_3_2/python', '/uscms_data/d3/samuellh/WorkingArea/TauAnalysis/CMSSW_9_3_2/lib/slc6_amd64_gcc630', '/cvmfs/cms.cern.ch/slc6_amd64_gcc630/cms/cmssw/CMSSW_9_3_2/python', '/cvmfs/cms.cern.ch/slc6_amd64_gcc630/cms/cmssw/CMSSW_9_3_2/lib/slc6_amd64_gcc630', '/cvmfs/cms.cern.ch/slc6_amd64_gcc630/cms/coral/CORAL_2_3_21-ghjeda6/slc6_amd64_gcc630/python', '/cvmfs/cms.cern.ch/slc6_amd64_gcc630/cms/coral/CORAL_2_3_21-ghjeda6/slc6_amd64_gcc630/lib', '/cvmfs/cms.cern.ch/slc6_amd64_gcc630/external/professor2/2.2.1-ghjeda6/lib/python2.7/site-packages', '/cvmfs/cms.cern.ch/slc6_amd64_gcc630/external/pyqt/4.11.4-mlhled2/lib/python2.7/site-packages', '/cvmfs/cms.cern.ch/slc6_amd64_gcc630/external/sherpa/2.2.4-ghjeda/lib/python2.7/site-packages', '/cvmfs/cms.cern.ch/slc6_amd64_gcc630/external/rivet/2.5.2-ghjeda4/lib/python2.7/site-packages', '/cvmfs/cms.cern.ch/slc6_amd64_gcc630/external/python-ldap/2.4.10-mlhled2/lib/python2.7/site-packages', '/cvmfs/cms.cern.ch/slc6_amd64_gcc630/external/py2-matplotlib/1.5.2-njopjo/lib/python2.7/site-packages', '/cvmfs/cms.cern.ch/slc6_amd64_gcc630/external/sip/4.17-mlhled2/lib/python2.7/site-packages', '/cvmfs/cms.cern.ch/slc6_amd64_gcc630/external/llvm/4.0.0-njopjo/lib64/python2.7/site-packages', '/cvmfs/cms.cern.ch/slc6_amd64_gcc630/external/py2-sqlalchemy/1.1.4-mlhled2/lib/python2.7/site-packages', '/cvmfs/cms.cern.ch/slc6_amd64_gcc630/external/py2-lint/0.25.1-mlhled2/lib/python2.7/site-packages', '/cvmfs/cms.cern.ch/slc6_amd64_gcc630/external/py2-dxr/1.0-ghjeda6/lib/python2.7/site-packages', '/cvmfs/cms.cern.ch/slc6_amd64_gcc630/external/py2-cx-oracle/5.2.1-mlhled2/lib/python2.7/site-packages', '/cvmfs/cms.cern.ch/slc6_amd64_gcc630/external/py2-numpy/1.12.1-mlhled2/lib/python2.7/site-packages', '/cvmfs/cms.cern.ch/slc6_amd64_gcc630/external/frontier_client/2.8.20-mlhled2/python/lib', '/cvmfs/cms.cern.ch/slc6_amd64_gcc630/cms/das_client/v03.01.00-mlhled2/bin', '/cvmfs/cms.cern.ch/slc6_amd64_gcc630/external/xrootd/4.6.1/lib/python2.7/site-packages', '/cvmfs/cms.cern.ch/slc6_amd64_gcc630/external/yoda/1.6.5-ghjeda4/lib/python2.7/site-packages', '/cvmfs/cms.cern.ch/slc6_amd64_gcc630/lcg/root/6.10.04-ghjeda/lib', '/cvmfs/cms.cern.ch/slc6_amd64_gcc630/external/pyminuit2/0.0.1-ghjeda4/lib/python2.7/site-packages', '/cvmfs/cms.cern.ch/slc6_amd64_gcc630/external/py2-PyYAML/3.11-mlhled2/lib/python2.7/site-packages', '/cvmfs/cms.cern.ch/slc6_amd64_gcc630/external/py2-pygithub/1.23.0-mlhled2/lib/python2.7/site-packages', '/cvmfs/cms.cern.ch/slc6_amd64_gcc630/external/py2-pip/9.0.1-mlhled2/lib/python2.7/site-packages', '/cvmfs/cms.cern.ch/slc6_amd64_gcc630/external/py2-dablooms/0.9.1-mlhled2/lib/python2.7/site-packages', '/cvmfs/cms.cern.ch/slc6_amd64_gcc630/external/py2-pippkgs_depscipy/3.0-ghjeda6/lib/python2.7/site-packages', '/cvmfs/cms.cern.ch/slc6_amd64_gcc630/external/py2-pippkgs/5.0-ghjeda6/lib/python2.7/site-packages', '/cvmfs/cms.cern.ch/slc6_amd64_gcc630/external/professor/1.4.0-ghjeda4/lib/python2.7/site-packages', '/cvmfs/cms.cern.ch/slc6_amd64_gcc630/cms/dbs-client/DBS_2_1_9-mlhled2/lib', '/cvmfs/cms.cern.ch/slc6_amd64_gcc630/cms/dbs-client/DBS_2_1_9-mlhled2/lib/DBSAPI', '/cvmfs/cms.cern.ch/slc6_amd64_gcc630/external/cvs2git/5419-mlhled2/lib', '/cvmfs/cms.cern.ch/crab3/slc6_amd64_gcc493/cms/crabclient/3.3.1707.patch1/lib/python2.7/site-packages', '/cvmfs/cms.cern.ch/crab3/slc6_amd64_gcc493/cms/dbs3-client/3.4.4/lib/python2.7/site-packages', '/cvmfs/cms.cern.ch/crab3/slc6_amd64_gcc493/cms/dbs3-pycurl-client/3.4.4/lib/python2.7/site-packages', '/cvmfs/cms.cern.ch/slc6_amd64_gcc630/external/py2-sqlalchemy/1.1.4-mlhled2/lib/python2.7/site-packages/SQLAlchemy-1.1.4-py2.7-linux-x86_64.egg', '/cvmfs/cms.cern.ch/slc6_amd64_gcc630/external/py2-numpy/1.12.1-mlhled2/lib/python2.7/site-packages/numpy-1.12.1-py2.7-linux-x86_64.egg', '/cvmfs/cms.cern.ch/slc6_amd64_gcc630/external/python/2.7.11-mlhled2/lib/python27.zip', '/cvmfs/cms.cern.ch/slc6_amd64_gcc630/external/python/2.7.11-mlhled2/lib/python2.7', '/cvmfs/cms.cern.ch/slc6_amd64_gcc630/external/python/2.7.11-mlhled2/lib/python2.7/plat-linux2', '/cvmfs/cms.cern.ch/slc6_amd64_gcc630/external/python/2.7.11-mlhled2/lib/python2.7/lib-tk', '/cvmfs/cms.cern.ch/slc6_amd64_gcc630/external/python/2.7.11-mlhled2/lib/python2.7/lib-old', '/cvmfs/cms.cern.ch/slc6_amd64_gcc630/external/python/2.7.11-mlhled2/lib/python2.7/lib-dynload', '/cvmfs/cms.cern.ch/slc6_amd64_gcc630/external/python/2.7.11-mlhled2/lib/python2.7/site-packages', '/uscms_data/d3/samuellh/WorkingArea/TauAnalysis/CMSSW_9_3_2/src/PUAnalysis/VBFtt2017/crab/VBF44'])
 ##################################################################### 
 # WARNING: the module CondCore.DBCommon.CondDBSetup is deprecated.  # 
 # Please import CondCore.CondDB.CondDB_cfi                          # 
 ##################################################################### 
recorrecting the jets
List Of Filters
['processedEvents', 'initialEventsTT', 'DiMuonCreation', 'AtLeastOneDiTau', 'TTTauPtEta', 'TTTauDecayFound', 'TTTauStandardDecayFound', 'TTTauDRSel', 'TTSync', 'TTAntiEle', 'TTAntiMu', 'TTIso', 'TTOS']
DEBUG 2017-11-15 07:34:19,545: 	 Executing command: 'submit'
DEBUG 2017-11-15 07:34:19,546: 	 Found CRAB cache file /uscms/home/samuellh/.crab3
DEBUG 2017-11-15 07:34:19,558: 	 Checking credentials
DEBUG 2017-11-15 07:34:19,559: 	 Found proxy file /tmp/x509up_u52190
DEBUG 2017-11-15 07:34:19,559: 	 Getting proxy life time left
DEBUG 2017-11-15 07:34:19,662: 	 Executing : 
 command : voms-proxy-info -file /tmp/x509up_u52190 -timeleft
 output : 82824

 error: 
 retcode : 0
DEBUG 2017-11-15 07:34:19,766: 	 Executing : 
 command : voms-proxy-info -file /tmp/x509up_u52190 -actimeleft
 output : 82823

 error: 
 retcode : 0
DEBUG 2017-11-15 07:34:19,767: 	 Proxy valid for 23:00:24 hours
INFO 2017-11-15 07:34:19,767: 	 Will use CRAB configuration file crab3_TT_MC.py
DEBUG 2017-11-15 07:34:19,767: 	 Loading CRAB configuration file.
DEBUG 2017-11-15 07:34:19,774: 	 Will use CRAB Analysis plugin (i.e. will run an analysis job type).
DEBUG 2017-11-15 07:34:19,888: 	 Executing : 
 command : openssl x509 -in ~/.globus/usercert.pem -subject -noout
 output : subject= /DC=ch/DC=cern/OU=Organic Units/OU=Users/CN=shigginb/CN=785176/CN=Sam Higginbotham

 error: 
 retcode : 0
DEBUG 2017-11-15 07:34:19,888: 	 Checking credentials
DEBUG 2017-11-15 07:34:19,888: 	 Found proxy file /tmp/x509up_u52190
DEBUG 2017-11-15 07:34:19,889: 	 Getting proxy life time left
DEBUG 2017-11-15 07:34:19,992: 	 Executing : 
 command : voms-proxy-info -file /tmp/x509up_u52190 -timeleft
 output : 82824

 error: 
 retcode : 0
DEBUG 2017-11-15 07:34:20,095: 	 Executing : 
 command : voms-proxy-info -file /tmp/x509up_u52190 -actimeleft
 output : 82822

 error: 
 retcode : 0
DEBUG 2017-11-15 07:34:20,095: 	 Proxy valid for 23:00:24 hours
DEBUG 2017-11-15 07:34:20,198: 	 Executing : 
 command : env X509_USER_PROXY=/tmp/x509up_u52190 voms-proxy-info -fqan
 output : /cms/Role=NULL/Capability=NULL

 error: 
 retcode : 0
DEBUG 2017-11-15 07:34:21,802: 	 Registering user credentials for server /DC=ch/DC=cern/OU=computers/CN=vocms(045|052|021|031|0118|0118a|0119|0108|0105|0109).cern.ch
DEBUG 2017-11-15 07:34:21,911: 	 Executing : 
 command : openssl x509 -in ~/.globus/usercert.pem -subject -noout
 output : subject= /DC=ch/DC=cern/OU=Organic Units/OU=Users/CN=shigginb/CN=785176/CN=Sam Higginbotham

 error: 
 retcode : 0
DEBUG 2017-11-15 07:34:21,912: 	 Getting myproxy life time left for myproxy.cern.ch
DEBUG 2017-11-15 07:34:21,912: 	 Calculating hash of /DC=ch/DC=cern/OU=Organic Units/OU=Users/CN=shigginb/CN=785176/CN=Sam Higginbotham_cmsweb.cern.ch for credential name
DEBUG 2017-11-15 07:34:22,717: 	 Executing : 
 command : myproxy-info -l 2f318c7a260d78734589f2cc772d26b8be79ec6c -s myproxy.cern.ch
 output : username: 2f318c7a260d78734589f2cc772d26b8be79ec6c
owner: /DC=ch/DC=cern/OU=Organic Units/OU=Users/CN=shigginb/CN=785176/CN=Sam Higginbotham
  renewal policy: /DC=ch/DC=cern/OU=computers/CN=vocms(045|052|021|031|0118|0118a|0119|0108|0105|0109).cern.ch
  trusted retrieval policy: /DC=ch/DC=cern/OU=computers/CN=vocms(045|052|021|031|0118|0118a|0119|0108|0105|0109).cern.ch
  timeleft: 431:49:19  (18.0 days)

 error: 
 retcode : 0
DEBUG 2017-11-15 07:34:22,719: 	 Myproxy is valid: 1554559
DEBUG 2017-11-15 07:34:22,719: 	 Command use: submit
DEBUG 2017-11-15 07:34:22,719: 	 Options use: ['-c', 'crab3_TT_MC.py']
DEBUG 2017-11-15 07:34:24,531: 	 CRABClient version: 3.3.1707.patch1
DEBUG 2017-11-15 07:34:24,531: 	 Instance is prod
DEBUG 2017-11-15 07:34:24,531: 	 Server base url is cmsweb.cern.ch
DEBUG 2017-11-15 07:34:24,531: 	 Command url /crabserver/prod/workflow
DEBUG 2017-11-15 07:34:24,531: 	 Started submission
DEBUG 2017-11-15 07:34:24,531: 	 Working on /uscms_data/d3/samuellh/WorkingArea/TauAnalysis/CMSSW_9_3_2/src/PUAnalysis/VBFtt2017/crab/VBF44/crab_20171115_073419
DEBUG 2017-11-15 07:34:26,270: 	 Loading required information from the environment
DEBUG 2017-11-15 07:34:26,271: 	 Found CMSSW_9_3_2 for slc6_amd64_gcc630 with base /uscms_data/d3/samuellh/WorkingArea/TauAnalysis/CMSSW_9_3_2
DEBUG 2017-11-15 07:34:26,271: 	 Loading required information from the environment
DEBUG 2017-11-15 07:34:26,271: 	 Found CMSSW_9_3_2 for slc6_amd64_gcc630 with base /uscms_data/d3/samuellh/WorkingArea/TauAnalysis/CMSSW_9_3_2
DEBUG 2017-11-15 07:34:26,282: 	 UNIQUE NAME: tarUUID 58ad587b-b38c-419a-90a9-f6a9a326b846 
DEBUG 2017-11-15 07:34:26,283: 	 self.config: from WMCore.Configuration import Configuration
config = Configuration()
config.section_('General')
config.section_('JobType')
config.JobType.psetName = '../../../TT-MC-Up.py'
config.JobType.pluginName = 'Analysis'
config.JobType.inputFiles = ['../../../Configuration/data/PhaseIISummer16_25nsV3_MC.db']
config.JobType.outputFiles = ['analysis.root']
config.JobType.allowUndistributedCMSSW = True
config.section_('Data')
config.Data.inputDataset = '/TT_Mtt1500toInf_TuneCUETP8M1_14TeV-powheg-pythia8/PhaseIITDRFall17MiniAOD-PU200_93X_upgrade2023_realistic_v2-v1/MINIAODSIM'
config.Data.unitsPerJob = 1
config.Data.publication = False
config.Data.inputDBS = 'global'
config.Data.splitting = 'FileBased'
config.section_('Site')
config.Site.storageSite = 'T3_US_FNALLPC'
config.section_('User')
config.section_('Debug')

DEBUG 2017-11-15 07:34:26,283: 	 self.config.JobType.psetName: ../../../TT-MC-Up.py
INFO 2017-11-15 07:34:26,283: 	 Importing CMSSW configuration ../../../TT-MC-Up.py
INFO 2017-11-15 07:34:28,336: 	 Finished importing CMSSW configuration ../../../TT-MC-Up.py
DEBUG 2017-11-15 07:34:28,336: 	 Writing CMSSW configuration to /uscms_data/d3/samuellh/WorkingArea/TauAnalysis/CMSSW_9_3_2/src/PUAnalysis/VBFtt2017/crab/VBF44/crab_20171115_073419/inputs/PSet.py
DEBUG 2017-11-15 07:34:29,257: 	 The following EDM output files will be collected: []
DEBUG 2017-11-15 07:34:29,257: 	 The following TFile output files will be collected: ['analysis.root']
DEBUG 2017-11-15 07:34:29,257: 	 The following user output files will be collected: []
DEBUG 2017-11-15 07:34:29,257: 	 Loading required information from the environment
DEBUG 2017-11-15 07:34:29,257: 	 Found CMSSW_9_3_2 for slc6_amd64_gcc630 with base /uscms_data/d3/samuellh/WorkingArea/TauAnalysis/CMSSW_9_3_2
DEBUG 2017-11-15 07:34:29,257: 	 Making tarball in /uscms_data/d3/samuellh/WorkingArea/TauAnalysis/CMSSW_9_3_2/src/PUAnalysis/VBFtt2017/crab/VBF44/crab_20171115_073419/inputs/58ad587b-b38c-419a-90a9-f6a9a326b846default.tgz
DEBUG 2017-11-15 07:34:29,262: 	 Checking directory /uscms_data/d3/samuellh/WorkingArea/TauAnalysis/CMSSW_9_3_2/lib
DEBUG 2017-11-15 07:34:29,262: 	 Adding directory /uscms_data/d3/samuellh/WorkingArea/TauAnalysis/CMSSW_9_3_2/lib to tarball
DEBUG 2017-11-15 07:34:29,917: 	 Checking directory /uscms_data/d3/samuellh/WorkingArea/TauAnalysis/CMSSW_9_3_2/biglib
DEBUG 2017-11-15 07:34:29,917: 	 Adding directory /uscms_data/d3/samuellh/WorkingArea/TauAnalysis/CMSSW_9_3_2/biglib to tarball
DEBUG 2017-11-15 07:34:29,920: 	 Checking directory /uscms_data/d3/samuellh/WorkingArea/TauAnalysis/CMSSW_9_3_2/module
DEBUG 2017-11-15 07:34:29,942: 	 Adding data directory /uscms_data/d3/samuellh/WorkingArea/TauAnalysis/CMSSW_9_3_2/src/PUAnalysis/Configuration/data to tarball
DEBUG 2017-11-15 07:34:32,743: 	 Adding data directory /uscms_data/d3/samuellh/WorkingArea/TauAnalysis/CMSSW_9_3_2/src/PUAnalysis/DataFormats/interface to tarball
DEBUG 2017-11-15 07:34:32,752: 	 Adding data directory /uscms_data/d3/samuellh/WorkingArea/TauAnalysis/CMSSW_9_3_2/src/PUAnalysis/NtupleTools/interface to tarball
DEBUG 2017-11-15 07:34:32,762: 	 Adding data directory /uscms_data/d3/samuellh/WorkingArea/TauAnalysis/CMSSW_9_3_2/src/PUAnalysis/RecoTools/interface to tarball
DEBUG 2017-11-15 07:34:32,951: 	 Adding file ../../../Configuration/data/PhaseIISummer16_25nsV3_MC.db to tarball
DEBUG 2017-11-15 07:34:33,280: 	 Uploading archive /uscms_data/d3/samuellh/WorkingArea/TauAnalysis/CMSSW_9_3_2/src/PUAnalysis/VBFtt2017/crab/VBF44/crab_20171115_073419/inputs/58ad587b-b38c-419a-90a9-f6a9a326b846default.tgz (11 MB) to the CRAB cache. Using URI https://cmsweb.cern.ch/crabcache
DEBUG 2017-11-15 07:34:40,691: 	 Loading required information from the environment
DEBUG 2017-11-15 07:34:40,691: 	 Found CMSSW_9_3_2 for slc6_amd64_gcc630 with base /uscms_data/d3/samuellh/WorkingArea/TauAnalysis/CMSSW_9_3_2
DEBUG 2017-11-15 07:34:40,691: 	 Making tarball in /uscms_data/d3/samuellh/WorkingArea/TauAnalysis/CMSSW_9_3_2/src/PUAnalysis/VBFtt2017/crab/VBF44/crab_20171115_073419/inputs/debugFiles.tgz
DEBUG 2017-11-15 07:34:40,697: 	 Uploading archive /uscms_data/d3/samuellh/WorkingArea/TauAnalysis/CMSSW_9_3_2/src/PUAnalysis/VBFtt2017/crab/VBF44/crab_20171115_073419/inputs/debugFiles.tgz (2 KB) to the CRAB cache. Using URI https://cmsweb.cern.ch/crabcache
DEBUG 2017-11-15 07:34:42,415: 	 Result uploading input files: 4e198fb019d07e682a8bd09208595d4eb73bac82ae7f6e24154a54b4451cc952.tar.gz 
INFO 2017-11-15 07:34:42,415: 	 Sending the request to the server
DEBUG 2017-11-15 07:34:42,415: 	 Submitting {'maxjobruntime': 1250, 'extrajdl': [], 'ignorelocality': 0, 'savelogsflag': 0, 'useparent': 0, 'asyncdest': 'T3_US_FNALLPC', 'algoargs': 1, 'cachefilename': '4e198fb019d07e682a8bd09208595d4eb73bac82ae7f6e24154a54b4451cc952.tar.gz', 'numcores': 1, 'addoutputfiles': [], 'generator': 'pythia', 'maxmemory': 2000, 'publishdbsurl': 'https://cmsweb.cern.ch/dbs/prod/phys03/DBSWriter', 'priority': 10, 'jobsw': 'CMSSW_9_3_2', 'edmoutfiles': [], 'userfiles': [], 'primarydataset': '', 'inputdata': '/TT_Mtt1500toInf_TuneCUETP8M1_14TeV-powheg-pythia8/PhaseIITDRFall17MiniAOD-PU200_93X_upgrade2023_realistic_v2-v1/MINIAODSIM', 'dryrun': 0, 'workflow': 'crab_20171115_073419', 'cacheurl': u'https://cmsweb.cern.ch/crabcache', 'nonprodsw': 1, 'tfileoutfiles': ['analysis.root'], 'oneEventMode': 0, 'debugfilename': 'b24ca89ee62e277dae9d351c05e099100a0f4ce5ea9cdb69c96b4d8ac622d17a.tar.gz', 'saveoutput': 1, 'publication': 0, 'jobarch': 'slc6_amd64_gcc630', 'totalunits': 0, 'splitalgo': 'FileBased', 'ignoreglobalblacklist': 0, 'nonvaliddata': 0, 'dbsurl': 'https://cmsweb.cern.ch/dbs/prod/global/DBSReader', 'publishgroupname': 0, 'jobtype': 'Analysis', 'publishname2': ''} 
DEBUG 2017-11-15 07:34:42,415: 	 Encoded submit request: maxjobruntime=1250&ignorelocality=0&savelogsflag=0&useparent=0&asyncdest=T3_US_FNALLPC&algoargs=1&cachefilename=4e198fb019d07e682a8bd09208595d4eb73bac82ae7f6e24154a54b4451cc952.tar.gz&numcores=1&generator=pythia&maxmemory=2000&publishdbsurl=https%3A%2F%2Fcmsweb.cern.ch%2Fdbs%2Fprod%2Fphys03%2FDBSWriter&priority=10&jobsw=CMSSW_9_3_2&primarydataset=&inputdata=%2FTT_Mtt1500toInf_TuneCUETP8M1_14TeV-powheg-pythia8%2FPhaseIITDRFall17MiniAOD-PU200_93X_upgrade2023_realistic_v2-v1%2FMINIAODSIM&dryrun=0&workflow=crab_20171115_073419&cacheurl=https%3A%2F%2Fcmsweb.cern.ch%2Fcrabcache&nonprodsw=1&oneEventMode=0&debugfilename=b24ca89ee62e277dae9d351c05e099100a0f4ce5ea9cdb69c96b4d8ac622d17a.tar.gz&saveoutput=1&publication=0&jobarch=slc6_amd64_gcc630&totalunits=0&splitalgo=FileBased&ignoreglobalblacklist=0&nonvaliddata=0&dbsurl=https%3A%2F%2Fcmsweb.cern.ch%2Fdbs%2Fprod%2Fglobal%2FDBSReader&publishgroupname=0&jobtype=Analysis&publishname2=&tfileoutfiles=analysis.root
DEBUG 2017-11-15 07:34:44,231: 	 Result: {u'result': [{u'RequestName': u'171115_133444:shigginb_crab_20171115_073419'}]}
INFO 2017-11-15 07:34:44,234: 	 Success: Your task has been delivered to the CRAB3 server.
INFO 2017-11-15 07:34:44,235: 	 Task name: 171115_133444:shigginb_crab_20171115_073419
INFO 2017-11-15 07:34:44,235: 	 Please use 'crab status' to check how the submission process proceeds.
DEBUG 2017-11-15 07:34:44,235: 	 About to return
INFO 2017-11-15 07:34:44,240: 	 Log file is /uscms_data/d3/samuellh/WorkingArea/TauAnalysis/CMSSW_9_3_2/src/PUAnalysis/VBFtt2017/crab/VBF44/crab_20171115_073419/crab.log
DEBUG 2017-11-15 08:03:26,516: 	 Executing command: 'status'
DEBUG 2017-11-15 08:03:26,516: 	 Found CRAB cache file /uscms/home/samuellh/.crab3
DEBUG 2017-11-15 08:03:26,523: 	 Checking credentials
DEBUG 2017-11-15 08:03:26,524: 	 Found proxy file /tmp/x509up_u52190
DEBUG 2017-11-15 08:03:26,524: 	 Getting proxy life time left
DEBUG 2017-11-15 08:03:26,627: 	 Executing : 
 command : voms-proxy-info -file /tmp/x509up_u52190 -timeleft
 output : 81077

 error: 
 retcode : 0
DEBUG 2017-11-15 08:03:26,730: 	 Executing : 
 command : voms-proxy-info -file /tmp/x509up_u52190 -actimeleft
 output : 81076

 error: 
 retcode : 0
DEBUG 2017-11-15 08:03:26,730: 	 Proxy valid for 22:31:17 hours
DEBUG 2017-11-15 08:03:26,844: 	 Executing : 
 command : openssl x509 -in ~/.globus/usercert.pem -subject -noout
 output : subject= /DC=ch/DC=cern/OU=Organic Units/OU=Users/CN=shigginb/CN=785176/CN=Sam Higginbotham

 error: 
 retcode : 0
DEBUG 2017-11-15 08:03:26,845: 	 Checking credentials
DEBUG 2017-11-15 08:03:26,845: 	 Found proxy file /tmp/x509up_u52190
DEBUG 2017-11-15 08:03:26,845: 	 Getting proxy life time left
DEBUG 2017-11-15 08:03:26,948: 	 Executing : 
 command : voms-proxy-info -file /tmp/x509up_u52190 -timeleft
 output : 81077

 error: 
 retcode : 0
DEBUG 2017-11-15 08:03:27,052: 	 Executing : 
 command : voms-proxy-info -file /tmp/x509up_u52190 -actimeleft
 output : 81075

 error: 
 retcode : 0
DEBUG 2017-11-15 08:03:27,052: 	 Proxy valid for 22:31:17 hours
DEBUG 2017-11-15 08:03:28,996: 	 Registering user credentials for server /DC=ch/DC=cern/OU=computers/CN=vocms(045|052|021|031|0118|0118a|0119|0108|0105|0109).cern.ch
DEBUG 2017-11-15 08:03:29,102: 	 Executing : 
 command : openssl x509 -in ~/.globus/usercert.pem -subject -noout
 output : subject= /DC=ch/DC=cern/OU=Organic Units/OU=Users/CN=shigginb/CN=785176/CN=Sam Higginbotham

 error: 
 retcode : 0
DEBUG 2017-11-15 08:03:29,102: 	 Getting myproxy life time left for myproxy.cern.ch
DEBUG 2017-11-15 08:03:29,102: 	 Calculating hash of /DC=ch/DC=cern/OU=Organic Units/OU=Users/CN=shigginb/CN=785176/CN=Sam Higginbotham_cmsweb.cern.ch for credential name
DEBUG 2017-11-15 08:03:29,807: 	 Executing : 
 command : myproxy-info -l 2f318c7a260d78734589f2cc772d26b8be79ec6c -s myproxy.cern.ch
 output : username: 2f318c7a260d78734589f2cc772d26b8be79ec6c
owner: /DC=ch/DC=cern/OU=Organic Units/OU=Users/CN=shigginb/CN=785176/CN=Sam Higginbotham
  renewal policy: /DC=ch/DC=cern/OU=computers/CN=vocms(045|052|021|031|0118|0118a|0119|0108|0105|0109).cern.ch
  trusted retrieval policy: /DC=ch/DC=cern/OU=computers/CN=vocms(045|052|021|031|0118|0118a|0119|0108|0105|0109).cern.ch
  timeleft: 431:20:12  (18.0 days)

 error: 
 retcode : 0
DEBUG 2017-11-15 08:03:29,808: 	 Myproxy is valid: 1552812
DEBUG 2017-11-15 08:03:29,808: 	 Command use: status
DEBUG 2017-11-15 08:03:29,808: 	 Options use: ['-d', 'crab_20171115_073419/']
DEBUG 2017-11-15 08:03:31,596: 	 CRABClient version: 3.3.1707.patch1
DEBUG 2017-11-15 08:03:31,596: 	 Instance is prod
DEBUG 2017-11-15 08:03:31,596: 	 Server base url is cmsweb.cern.ch
DEBUG 2017-11-15 08:03:31,596: 	 Command url /crabserver/prod/workflow
DEBUG 2017-11-15 08:03:33,524: 	 Got information from server oracle database: {u'result': [u'171115_133444:shigginb_crab_20171115_073419', u'None', u'SUBMITTED', u'2017-11-15 13:34:44.169460', u'None', u'2017-11-15 13:35:40.180837', u'None', u'CMSSW_9_3_2', u'slc6_amd64_gcc630', u'/TT_Mtt1500toInf_TuneCUETP8M1_14TeV-powheg-pythia8/PhaseIITDRFall17MiniAOD-PU200_93X_upgrade2023_realistic_v2-v1/MINIAODSIM', u'[]', u'[]', u'FileBased', u"{'splitOnRun': False, 'halt_job_on_file_boundaries': False, 'files_per_job': 1, 'runs': [], 'lumis': []}", u'0', u'4e198fb019d07e682a8bd09208595d4eb73bac82ae7f6e24154a54b4451cc952.tar.gz', u'https://cmsweb.cern.ch/crabcache', u'shigginb', u'/DC=ch/DC=cern/OU=Organic Units/OU=Users/CN=shigginb/CN=785176/CN=Sam Higginbotham', u'cms', u'None', u'None', u'crab_20171115_073419-00000000000000000000000000000000', u'T3_US_FNALLPC', u'https://cmsweb.cern.ch/dbs/prod/global/DBSReader', u'https://cmsweb.cern.ch/dbs/prod/phys03/DBSWriter', u'F', u'Analysis', u'{}', u'[]', u'F', u'vocms052', u'[]', u'1250', u'1', u'2000', u'10', u'None', u'http://vocms0197.cern.ch/mon/cms1359/171115_133444:shigginb_crab_20171115_073419', u'None', u'None', u'[]', u'[]', u'[]', u'pythia', u'[]', u"['analysis.root']", u'[]', u'https://cmsweb.cern.ch/crabserver/prod', u'None', u'0', u'cmssrv221.fnal.gov:9620', u'crab3@vocms0197.cern.ch', u'F', u'[]', u'T', u'/store/user/shigginb/', u'F', u'None', u'F', u'F', u'F', u'None', u'TT_Mtt1500toInf_TuneCUETP8M1_14TeV-powheg-pythia8', u'filetransfers', u'SUBMIT', u'12847229', u'b24ca89ee62e277dae9d351c05e099100a0f4ce5ea9cdb69c96b4d8ac622d17a.tar.gz', u'131.225.190.56', u'F', u'None'], u'desc': {u'columns': [u'tm_taskname', u'panda_jobset_id', u'tm_task_status', u'tm_start_time', u'tm_start_injection', u'tm_end_injection', u'tm_task_failure', u'tm_job_sw', u'tm_job_arch', u'tm_input_dataset', u'tm_site_whitelist', u'tm_site_blacklist', u'tm_split_algo', u'tm_split_args', u'tm_totalunits', u'tm_user_sandbox', u'tm_cache_url', u'tm_username', u'tm_user_dn', u'tm_user_vo', u'tm_user_role', u'tm_user_group', u'tm_publish_name', u'tm_asyncdest', u'tm_dbs_url', u'tm_publish_dbs_url', u'tm_publication', u'tm_job_type', u'tm_arguments', u'panda_resubmitted_jobs', u'tm_save_logs', u'tw_name', u'tm_user_infiles', u'tm_maxjobruntime', u'tm_numcores', u'tm_maxmemory', u'tm_priority', u'tm_output_dataset', u'tm_user_webdir', u'tm_activity', u'tm_scriptexe', u'tm_scriptargs', u'tm_extrajdl', u'tm_task_warnings', u'tm_generator', u'tm_outfiles', u'tm_tfile_outfiles', u'tm_edm_outfiles', u'tm_asourl', u'tm_events_per_lumi', u'tm_use_parent', u'tm_collector', u'tm_schedd', u'tm_dry_run', u'tm_user_files', u'tm_transfer_outputs', u'tm_output_lfn', u'tm_ignore_locality', u'tm_fail_limit', u'tm_one_event_mode', u'tm_publish_groupname', u'tm_nonvalid_input_dataset', u'tm_secondary_input_dataset', u'tm_primary_dataset', u'tm_asodb', u'tm_task_command', u'clusterid', u'tm_debug_files', u'tm_submitter_ip_addr', u'tm_ignore_global_blacklist', u'tm_last_publication']}}
INFO 2017-11-15 08:03:33,525: 	 CRAB project directory:		/uscms_data/d3/samuellh/WorkingArea/TauAnalysis/CMSSW_9_3_2/src/PUAnalysis/VBFtt2017/crab/VBF44/crab_20171115_073419
INFO 2017-11-15 08:03:33,525: 	 Task name:			171115_133444:shigginb_crab_20171115_073419
INFO 2017-11-15 08:03:33,525: 	 Grid scheduler:			crab3@vocms0197.cern.ch
INFO 2017-11-15 08:03:33,525: 	 Status on the CRAB server:	SUBMITTED
INFO 2017-11-15 08:03:33,526: 	 Task URL to use for HELP:	https://cmsweb.cern.ch/crabserver/ui/task/171115_133444%3Ashigginb_crab_20171115_073419
INFO 2017-11-15 08:03:33,526: 	 Dashboard monitoring URL:	http://dashb-cms-job.cern.ch/dashboard/templates/task-analysis/#user=shigginb&refresh=0&table=Jobs&p=1&records=25&activemenu=2&status=&site=&tid=171115_133444%3Ashigginb_crab_20171115_073419
DEBUG 2017-11-15 08:03:33,526: 	 The CRAB server submitted your task to the Grid scheduler (cluster ID: 12847229)
DEBUG 2017-11-15 08:03:33,526: 	 Webdir is located at http://vocms0197.cern.ch/mon/cms1359/171115_133444:shigginb_crab_20171115_073419
DEBUG 2017-11-15 08:03:35,228: 	 Proxied webdir is located at https://cmsweb.cern.ch/scheddmon/0197/cms1359/171115_133444:shigginb_crab_20171115_073419
DEBUG 2017-11-15 08:03:35,228: 	 Retrieving 'status_cache' file from https://cmsweb.cern.ch/scheddmon/0197/cms1359/171115_133444:shigginb_crab_20171115_073419/status_cache
DEBUG 2017-11-15 08:03:36,799: 	 Got information from status cache file: {'1': {'Retries': 0, 'WallDurations': [286.0], 'StartTimes': [1510753380.0], 'SubmitTimes': [1510752951.0], 'JobIds': ['12847290.0'], 'EndTimes': [1510753666.0], 'Restarts': 0, 'RecordedSite': False, 'State': 'finished', 'ResidentSetSize': [2624], 'TotalUserCpuTimeHistory': [166], 'SiteHistory': ['Unknown'], 'TotalSysCpuTimeHistory': [7]}, '3': {'Retries': 0, 'WallDurations': [610.0], 'StartTimes': [1510753617.0], 'SubmitTimes': [1510752951.0], 'JobIds': ['12847291.0'], 'EndTimes': [], 'Restarts': 0, 'RecordedSite': False, 'State': 'running', 'ResidentSetSize': [722800], 'TotalUserCpuTimeHistory': [0], 'SiteHistory': ['Unknown'], 'TotalSysCpuTimeHistory': [0]}, '2': {'Retries': 0, 'WallDurations': [561.0], 'StartTimes': [1510753128.0], 'SubmitTimes': [1510752951.0], 'JobIds': ['12847288.0'], 'EndTimes': [1510753689.0], 'Restarts': 0, 'RecordedSite': False, 'State': 'finished', 'ResidentSetSize': [740448], 'TotalUserCpuTimeHistory': [115], 'SiteHistory': ['Unknown'], 'TotalSysCpuTimeHistory': [6]}, '5': {'Retries': 0, 'WallDurations': [163.0], 'StartTimes': [1510752960.0], 'SubmitTimes': [1510752951.0], 'JobIds': ['12847292.0'], 'EndTimes': [1510753123.0], 'Restarts': 0, 'RecordedSite': False, 'State': 'finished', 'ResidentSetSize': [26004], 'TotalUserCpuTimeHistory': [120], 'SiteHistory': ['Unknown'], 'TotalSysCpuTimeHistory': [2]}, '4': {'Retries': 0, 'WallDurations': [554.0], 'StartTimes': [1510753381.0], 'SubmitTimes': [1510752951.0], 'JobIds': ['12847289.0'], 'EndTimes': [1510753935.0], 'Restarts': 0, 'RecordedSite': False, 'State': 'finished', 'ResidentSetSize': [729300], 'TotalUserCpuTimeHistory': [81], 'SiteHistory': ['Unknown'], 'TotalSysCpuTimeHistory': [3]}}
INFO 2017-11-15 08:03:36,799: 	 Status on the scheduler:	SUBMITTED
INFO 2017-11-15 08:03:36,799: 	 
Jobs status:                    finished       80.0% (4/5)
INFO 2017-11-15 08:03:36,799: 	 				running        20.0% (1/5)
INFO 2017-11-15 08:03:36,800: 	 
No publication information (publication has been disabled in the CRAB configuration file)
INFO 2017-11-15 08:03:36,866: 	 Log file is /uscms_data/d3/samuellh/WorkingArea/TauAnalysis/CMSSW_9_3_2/src/PUAnalysis/VBFtt2017/crab/VBF44/crab_20171115_073419/crab.log
DEBUG 2017-11-15 09:16:36,638: 	 Executing command: 'status'
DEBUG 2017-11-15 09:16:36,639: 	 Found CRAB cache file /uscms/home/samuellh/.crab3
DEBUG 2017-11-15 09:16:36,645: 	 Checking credentials
DEBUG 2017-11-15 09:16:36,646: 	 Found proxy file /tmp/x509up_u52190
DEBUG 2017-11-15 09:16:36,646: 	 Getting proxy life time left
DEBUG 2017-11-15 09:16:36,749: 	 Executing : 
 command : voms-proxy-info -file /tmp/x509up_u52190 -timeleft
 output : 76687

 error: 
 retcode : 0
DEBUG 2017-11-15 09:16:36,852: 	 Executing : 
 command : voms-proxy-info -file /tmp/x509up_u52190 -actimeleft
 output : 76686

 error: 
 retcode : 0
DEBUG 2017-11-15 09:16:36,852: 	 Proxy valid for 21:18:07 hours
DEBUG 2017-11-15 09:16:36,965: 	 Executing : 
 command : openssl x509 -in ~/.globus/usercert.pem -subject -noout
 output : subject= /DC=ch/DC=cern/OU=Organic Units/OU=Users/CN=shigginb/CN=785176/CN=Sam Higginbotham

 error: 
 retcode : 0
DEBUG 2017-11-15 09:16:36,965: 	 Checking credentials
DEBUG 2017-11-15 09:16:36,965: 	 Found proxy file /tmp/x509up_u52190
DEBUG 2017-11-15 09:16:36,966: 	 Getting proxy life time left
DEBUG 2017-11-15 09:16:37,069: 	 Executing : 
 command : voms-proxy-info -file /tmp/x509up_u52190 -timeleft
 output : 76686

 error: 
 retcode : 0
DEBUG 2017-11-15 09:16:37,171: 	 Executing : 
 command : voms-proxy-info -file /tmp/x509up_u52190 -actimeleft
 output : 76685

 error: 
 retcode : 0
DEBUG 2017-11-15 09:16:37,172: 	 Proxy valid for 21:18:06 hours
DEBUG 2017-11-15 09:16:38,786: 	 Registering user credentials for server /DC=ch/DC=cern/OU=computers/CN=vocms(045|052|021|031|0118|0118a|0119|0108|0105|0109).cern.ch
DEBUG 2017-11-15 09:16:38,894: 	 Executing : 
 command : openssl x509 -in ~/.globus/usercert.pem -subject -noout
 output : subject= /DC=ch/DC=cern/OU=Organic Units/OU=Users/CN=shigginb/CN=785176/CN=Sam Higginbotham

 error: 
 retcode : 0
DEBUG 2017-11-15 09:16:38,894: 	 Getting myproxy life time left for myproxy.cern.ch
DEBUG 2017-11-15 09:16:38,894: 	 Calculating hash of /DC=ch/DC=cern/OU=Organic Units/OU=Users/CN=shigginb/CN=785176/CN=Sam Higginbotham_cmsweb.cern.ch for credential name
DEBUG 2017-11-15 09:16:39,698: 	 Executing : 
 command : myproxy-info -l 2f318c7a260d78734589f2cc772d26b8be79ec6c -s myproxy.cern.ch
 output : username: 2f318c7a260d78734589f2cc772d26b8be79ec6c
owner: /DC=ch/DC=cern/OU=Organic Units/OU=Users/CN=shigginb/CN=785176/CN=Sam Higginbotham
  renewal policy: /DC=ch/DC=cern/OU=computers/CN=vocms(045|052|021|031|0118|0118a|0119|0108|0105|0109).cern.ch
  trusted retrieval policy: /DC=ch/DC=cern/OU=computers/CN=vocms(045|052|021|031|0118|0118a|0119|0108|0105|0109).cern.ch
  timeleft: 430:07:02  (17.9 days)

 error: 
 retcode : 0
DEBUG 2017-11-15 09:16:39,700: 	 Myproxy is valid: 1548422
DEBUG 2017-11-15 09:16:39,700: 	 Command use: status
DEBUG 2017-11-15 09:16:39,700: 	 Options use: ['-d', 'crab_20171115_073419/']
DEBUG 2017-11-15 09:16:41,296: 	 CRABClient version: 3.3.1707.patch1
DEBUG 2017-11-15 09:16:41,296: 	 Instance is prod
DEBUG 2017-11-15 09:16:41,296: 	 Server base url is cmsweb.cern.ch
DEBUG 2017-11-15 09:16:41,296: 	 Command url /crabserver/prod/workflow
DEBUG 2017-11-15 09:16:43,120: 	 Got information from server oracle database: {u'result': [u'171115_133444:shigginb_crab_20171115_073419', u'None', u'SUBMITTED', u'2017-11-15 13:34:44.169460', u'None', u'2017-11-15 13:35:40.180837', u'None', u'CMSSW_9_3_2', u'slc6_amd64_gcc630', u'/TT_Mtt1500toInf_TuneCUETP8M1_14TeV-powheg-pythia8/PhaseIITDRFall17MiniAOD-PU200_93X_upgrade2023_realistic_v2-v1/MINIAODSIM', u'[]', u'[]', u'FileBased', u"{'splitOnRun': False, 'halt_job_on_file_boundaries': False, 'files_per_job': 1, 'runs': [], 'lumis': []}", u'0', u'4e198fb019d07e682a8bd09208595d4eb73bac82ae7f6e24154a54b4451cc952.tar.gz', u'https://cmsweb.cern.ch/crabcache', u'shigginb', u'/DC=ch/DC=cern/OU=Organic Units/OU=Users/CN=shigginb/CN=785176/CN=Sam Higginbotham', u'cms', u'None', u'None', u'crab_20171115_073419-00000000000000000000000000000000', u'T3_US_FNALLPC', u'https://cmsweb.cern.ch/dbs/prod/global/DBSReader', u'https://cmsweb.cern.ch/dbs/prod/phys03/DBSWriter', u'F', u'Analysis', u'{}', u'[]', u'F', u'vocms052', u'[]', u'1250', u'1', u'2000', u'10', u'None', u'http://vocms0197.cern.ch/mon/cms1359/171115_133444:shigginb_crab_20171115_073419', u'None', u'None', u'[]', u'[]', u'[]', u'pythia', u'[]', u"['analysis.root']", u'[]', u'https://cmsweb.cern.ch/crabserver/prod', u'None', u'0', u'cmssrv221.fnal.gov:9620', u'crab3@vocms0197.cern.ch', u'F', u'[]', u'T', u'/store/user/shigginb/', u'F', u'None', u'F', u'F', u'F', u'None', u'TT_Mtt1500toInf_TuneCUETP8M1_14TeV-powheg-pythia8', u'filetransfers', u'SUBMIT', u'12847229', u'b24ca89ee62e277dae9d351c05e099100a0f4ce5ea9cdb69c96b4d8ac622d17a.tar.gz', u'131.225.190.56', u'F', u'None'], u'desc': {u'columns': [u'tm_taskname', u'panda_jobset_id', u'tm_task_status', u'tm_start_time', u'tm_start_injection', u'tm_end_injection', u'tm_task_failure', u'tm_job_sw', u'tm_job_arch', u'tm_input_dataset', u'tm_site_whitelist', u'tm_site_blacklist', u'tm_split_algo', u'tm_split_args', u'tm_totalunits', u'tm_user_sandbox', u'tm_cache_url', u'tm_username', u'tm_user_dn', u'tm_user_vo', u'tm_user_role', u'tm_user_group', u'tm_publish_name', u'tm_asyncdest', u'tm_dbs_url', u'tm_publish_dbs_url', u'tm_publication', u'tm_job_type', u'tm_arguments', u'panda_resubmitted_jobs', u'tm_save_logs', u'tw_name', u'tm_user_infiles', u'tm_maxjobruntime', u'tm_numcores', u'tm_maxmemory', u'tm_priority', u'tm_output_dataset', u'tm_user_webdir', u'tm_activity', u'tm_scriptexe', u'tm_scriptargs', u'tm_extrajdl', u'tm_task_warnings', u'tm_generator', u'tm_outfiles', u'tm_tfile_outfiles', u'tm_edm_outfiles', u'tm_asourl', u'tm_events_per_lumi', u'tm_use_parent', u'tm_collector', u'tm_schedd', u'tm_dry_run', u'tm_user_files', u'tm_transfer_outputs', u'tm_output_lfn', u'tm_ignore_locality', u'tm_fail_limit', u'tm_one_event_mode', u'tm_publish_groupname', u'tm_nonvalid_input_dataset', u'tm_secondary_input_dataset', u'tm_primary_dataset', u'tm_asodb', u'tm_task_command', u'clusterid', u'tm_debug_files', u'tm_submitter_ip_addr', u'tm_ignore_global_blacklist', u'tm_last_publication']}}
INFO 2017-11-15 09:16:43,121: 	 CRAB project directory:		/uscms_data/d3/samuellh/WorkingArea/TauAnalysis/CMSSW_9_3_2/src/PUAnalysis/VBFtt2017/crab/VBF44/crab_20171115_073419
INFO 2017-11-15 09:16:43,121: 	 Task name:			171115_133444:shigginb_crab_20171115_073419
INFO 2017-11-15 09:16:43,121: 	 Grid scheduler:			crab3@vocms0197.cern.ch
INFO 2017-11-15 09:16:43,121: 	 Status on the CRAB server:	SUBMITTED
INFO 2017-11-15 09:16:43,121: 	 Task URL to use for HELP:	https://cmsweb.cern.ch/crabserver/ui/task/171115_133444%3Ashigginb_crab_20171115_073419
INFO 2017-11-15 09:16:43,121: 	 Dashboard monitoring URL:	http://dashb-cms-job.cern.ch/dashboard/templates/task-analysis/#user=shigginb&refresh=0&table=Jobs&p=1&records=25&activemenu=2&status=&site=&tid=171115_133444%3Ashigginb_crab_20171115_073419
DEBUG 2017-11-15 09:16:43,122: 	 The CRAB server submitted your task to the Grid scheduler (cluster ID: 12847229)
DEBUG 2017-11-15 09:16:43,122: 	 Webdir is located at http://vocms0197.cern.ch/mon/cms1359/171115_133444:shigginb_crab_20171115_073419
DEBUG 2017-11-15 09:16:44,753: 	 Proxied webdir is located at https://cmsweb.cern.ch/scheddmon/0197/cms1359/171115_133444:shigginb_crab_20171115_073419
DEBUG 2017-11-15 09:16:44,753: 	 Retrieving 'status_cache' file from https://cmsweb.cern.ch/scheddmon/0197/cms1359/171115_133444:shigginb_crab_20171115_073419/status_cache
DEBUG 2017-11-15 09:16:46,322: 	 Got information from status cache file: {'1': {'Retries': 0, 'WallDurations': [286.0], 'StartTimes': [1510753380.0], 'SubmitTimes': [1510752951.0], 'JobIds': ['12847290.0'], 'EndTimes': [1510753666.0], 'Restarts': 0, 'RecordedSite': False, 'State': 'finished', 'ResidentSetSize': [2624], 'TotalUserCpuTimeHistory': [166], 'SiteHistory': ['Unknown'], 'TotalSysCpuTimeHistory': [7]}, '3': {'Retries': 0, 'WallDurations': [988.0], 'StartTimes': [1510753617.0], 'SubmitTimes': [1510752951.0], 'JobIds': ['12847291.0'], 'EndTimes': [1510754605.0], 'Restarts': 0, 'RecordedSite': False, 'State': 'finished', 'ResidentSetSize': [723764], 'TotalUserCpuTimeHistory': [148], 'SiteHistory': ['Unknown'], 'TotalSysCpuTimeHistory': [7]}, '2': {'Retries': 0, 'WallDurations': [561.0], 'StartTimes': [1510753128.0], 'SubmitTimes': [1510752951.0], 'JobIds': ['12847288.0'], 'EndTimes': [1510753689.0], 'Restarts': 0, 'RecordedSite': False, 'State': 'finished', 'ResidentSetSize': [740448], 'TotalUserCpuTimeHistory': [115], 'SiteHistory': ['Unknown'], 'TotalSysCpuTimeHistory': [6]}, '5': {'Retries': 0, 'WallDurations': [163.0], 'StartTimes': [1510752960.0], 'SubmitTimes': [1510752951.0], 'JobIds': ['12847292.0'], 'EndTimes': [1510753123.0], 'Restarts': 0, 'RecordedSite': False, 'State': 'finished', 'ResidentSetSize': [26004], 'TotalUserCpuTimeHistory': [120], 'SiteHistory': ['Unknown'], 'TotalSysCpuTimeHistory': [2]}, '4': {'Retries': 0, 'WallDurations': [554.0], 'StartTimes': [1510753381.0], 'SubmitTimes': [1510752951.0], 'JobIds': ['12847289.0'], 'EndTimes': [1510753935.0], 'Restarts': 0, 'RecordedSite': False, 'State': 'finished', 'ResidentSetSize': [729300], 'TotalUserCpuTimeHistory': [81], 'SiteHistory': ['Unknown'], 'TotalSysCpuTimeHistory': [3]}}
INFO 2017-11-15 09:16:46,322: 	 Status on the scheduler:	COMPLETED
INFO 2017-11-15 09:16:46,322: 	 
Jobs status:                    finished      100.0% (5/5)
INFO 2017-11-15 09:16:46,323: 	 
No publication information (publication has been disabled in the CRAB configuration file)
INFO 2017-11-15 09:16:46,333: 	 Log file is /uscms_data/d3/samuellh/WorkingArea/TauAnalysis/CMSSW_9_3_2/src/PUAnalysis/VBFtt2017/crab/VBF44/crab_20171115_073419/crab.log
