# Conditions read from  CMS_CONDITIONS  via FrontierProd 
 ################################################################### 
 # WARNING: this module is deprecated.                             # 
 # Please use CondCore.CondDB.CondDB_cfi.py                        # 
 ################################################################### 
recorrecting the jets
List Of Filters
['processedEvents', 'initialEventsTT', 'AtLeastOneDiMuon', 'DiMuonCreation', 'AtLeastOneDiTau', 'TTTauPtEta', 'TTTauDecayFound', 'TTTauStandardDecayFound', 'TTTauDRSel', 'TTSync', 'TTAntiEle', 'TTAntiMu', 'TTIso', 'TTOS']
DEBUG 2018-02-23 15:27:34,148: 	 Executing command: 'submit'
DEBUG 2018-02-23 15:27:34,148: 	 Found CRAB cache file /uscms/home/samuellh/.crab3
DEBUG 2018-02-23 15:27:34,155: 	 Checking credentials
DEBUG 2018-02-23 15:27:34,156: 	 Found proxy file /tmp/x509up_u52190
DEBUG 2018-02-23 15:27:34,156: 	 Getting proxy life time left
DEBUG 2018-02-23 15:27:34,259: 	 Executing : 
 command : voms-proxy-info -file /tmp/x509up_u52190 -timeleft
 output : 39008

 error: 
 retcode : 0
DEBUG 2018-02-23 15:27:34,362: 	 Executing : 
 command : voms-proxy-info -file /tmp/x509up_u52190 -actimeleft
 output : 39007

 error: 
 retcode : 0
DEBUG 2018-02-23 15:27:34,363: 	 Proxy valid for 10:50:08 hours
INFO 2018-02-23 15:27:34,363: 	 Will use CRAB configuration file crab3_cp_mc.py
DEBUG 2018-02-23 15:27:34,363: 	 Loading CRAB configuration file.
DEBUG 2018-02-23 15:27:34,399: 	 Will use CRAB Analysis plugin (i.e. will run an analysis job type).
DEBUG 2018-02-23 15:27:34,516: 	 Executing : 
 command : openssl x509 -in ~/.globus/usercert.pem -subject -noout
 output : subject= /DC=ch/DC=cern/OU=Organic Units/OU=Users/CN=shigginb/CN=785176/CN=Sam Higginbotham

 error: 
 retcode : 0
DEBUG 2018-02-23 15:27:34,516: 	 Checking credentials
DEBUG 2018-02-23 15:27:34,517: 	 Found proxy file /tmp/x509up_u52190
DEBUG 2018-02-23 15:27:34,517: 	 Getting proxy life time left
DEBUG 2018-02-23 15:27:34,620: 	 Executing : 
 command : voms-proxy-info -file /tmp/x509up_u52190 -timeleft
 output : 39008

 error: 
 retcode : 0
DEBUG 2018-02-23 15:27:34,723: 	 Executing : 
 command : voms-proxy-info -file /tmp/x509up_u52190 -actimeleft
 output : 39007

 error: 
 retcode : 0
DEBUG 2018-02-23 15:27:34,724: 	 Proxy valid for 10:50:08 hours
DEBUG 2018-02-23 15:27:34,827: 	 Executing : 
 command : env X509_USER_PROXY=/tmp/x509up_u52190 voms-proxy-info -fqan
 output : /cms/Role=NULL/Capability=NULL

 error: 
 retcode : 0
DEBUG 2018-02-23 15:27:35,710: 	 Registering user credentials for server /DC=ch/DC=cern/OU=computers/CN=vocms(045|052|021|031|0118|0118a|0119|0108|0105|0109).cern.ch
DEBUG 2018-02-23 15:27:35,819: 	 Executing : 
 command : openssl x509 -in ~/.globus/usercert.pem -subject -noout
 output : subject= /DC=ch/DC=cern/OU=Organic Units/OU=Users/CN=shigginb/CN=785176/CN=Sam Higginbotham

 error: 
 retcode : 0
DEBUG 2018-02-23 15:27:35,819: 	 Getting myproxy life time left for myproxy.cern.ch
DEBUG 2018-02-23 15:27:35,819: 	 Calculating hash of /DC=ch/DC=cern/OU=Organic Units/OU=Users/CN=shigginb/CN=785176/CN=Sam Higginbotham_cmsweb.cern.ch for credential name
DEBUG 2018-02-23 15:27:36,624: 	 Executing : 
 command : myproxy-info -l 2f318c7a260d78734589f2cc772d26b8be79ec6c -s myproxy.cern.ch
 output : username: 2f318c7a260d78734589f2cc772d26b8be79ec6c
owner: /DC=ch/DC=cern/OU=Organic Units/OU=Users/CN=shigginb/CN=785176/CN=Sam Higginbotham
  renewal policy: /DC=ch/DC=cern/OU=computers/CN=vocms(045|052|021|031|0118|0118a|0119|0108|0105|0109).cern.ch
  trusted retrieval policy: /DC=ch/DC=cern/OU=computers/CN=vocms(045|052|021|031|0118|0118a|0119|0108|0105|0109).cern.ch
  timeleft: 478:39:49  (19.9 days)

 error: 
 retcode : 0
DEBUG 2018-02-23 15:27:36,626: 	 Myproxy is valid: 1723189
DEBUG 2018-02-23 15:27:36,626: 	 Command use: submit
DEBUG 2018-02-23 15:27:36,626: 	 Options use: ['-c', 'crab3_cp_mc.py']
DEBUG 2018-02-23 15:27:37,532: 	 CRABClient version: 3.3.1802
DEBUG 2018-02-23 15:27:37,532: 	 Instance is prod
DEBUG 2018-02-23 15:27:37,532: 	 Server base url is cmsweb.cern.ch
DEBUG 2018-02-23 15:27:37,532: 	 Command url /crabserver/prod/workflow
DEBUG 2018-02-23 15:27:37,532: 	 Started submission
DEBUG 2018-02-23 15:27:37,532: 	 Working on /uscms_data/d3/samuellh/WorkingArea/CpHiggs/CMSSW_8_0_21/src/PUAnalysis/CrabTools/crab/VBFHiggs0L/CP_Higgs_2016/crab_20180223_152734
DEBUG 2018-02-23 15:27:38,612: 	 Loading required information from the environment
DEBUG 2018-02-23 15:27:38,612: 	 Found CMSSW_8_0_21 for slc6_amd64_gcc530 with base /uscms_data/d3/samuellh/WorkingArea/CpHiggs/CMSSW_8_0_21
DEBUG 2018-02-23 15:27:38,612: 	 Loading required information from the environment
DEBUG 2018-02-23 15:27:38,612: 	 Found CMSSW_8_0_21 for slc6_amd64_gcc530 with base /uscms_data/d3/samuellh/WorkingArea/CpHiggs/CMSSW_8_0_21
DEBUG 2018-02-23 15:27:38,628: 	 UNIQUE NAME: tarUUID c8ec78eb-37db-4c4d-aa4c-b35cfdef7c53 
DEBUG 2018-02-23 15:27:38,629: 	 self.config: from WMCore.Configuration import Configuration
config = Configuration()
config.section_('General')
config.General.workArea = 'CP_Higgs_2016'
config.General.requestName = ''
config.section_('JobType')
config.JobType.psetName = '../../../cp-mc.py'
config.JobType.pluginName = 'Analysis'
config.JobType.inputFiles = ['../../../Configuration/data/Summer16_23Sep2016V4_MC.db']
config.JobType.outputFiles = ['analysis.root']
config.JobType.allowUndistributedCMSSW = True
config.section_('Data')
config.Data.inputDataset = '/VBFHiggs0L1f05ph0_M-125_13TeV-JHUGenV6/RunIISummer16MiniAODv2-PUMoriond17_80X_mcRun2_asymptotic_2016_TrancheIV_v6-v1/MINIAODSIM'
config.Data.unitsPerJob = 1
config.Data.publication = False
config.Data.inputDBS = 'global'
config.Data.splitting = 'FileBased'
config.section_('Site')
config.Site.storageSite = 'T3_US_FNALLPC'
config.section_('User')
config.section_('Debug')

DEBUG 2018-02-23 15:27:38,629: 	 self.config.JobType.psetName: ../../../cp-mc.py
INFO 2018-02-23 15:27:38,630: 	 Importing CMSSW configuration ../../../cp-mc.py
INFO 2018-02-23 15:27:42,590: 	 Finished importing CMSSW configuration ../../../cp-mc.py
DEBUG 2018-02-23 15:27:42,590: 	 Writing CMSSW configuration to /uscms_data/d3/samuellh/WorkingArea/CpHiggs/CMSSW_8_0_21/src/PUAnalysis/CrabTools/crab/VBFHiggs0L/CP_Higgs_2016/crab_20180223_152734/inputs/PSet.py
DEBUG 2018-02-23 15:27:44,201: 	 The following EDM output files will be collected: []
DEBUG 2018-02-23 15:27:44,201: 	 The following TFile output files will be collected: ['analysis.root']
DEBUG 2018-02-23 15:27:44,201: 	 The following user output files will be collected: []
DEBUG 2018-02-23 15:27:44,201: 	 Loading required information from the environment
DEBUG 2018-02-23 15:27:44,201: 	 Found CMSSW_8_0_21 for slc6_amd64_gcc530 with base /uscms_data/d3/samuellh/WorkingArea/CpHiggs/CMSSW_8_0_21
DEBUG 2018-02-23 15:27:44,201: 	 Making tarball in /uscms_data/d3/samuellh/WorkingArea/CpHiggs/CMSSW_8_0_21/src/PUAnalysis/CrabTools/crab/VBFHiggs0L/CP_Higgs_2016/crab_20180223_152734/inputs/c8ec78eb-37db-4c4d-aa4c-b35cfdef7c53default.tgz
DEBUG 2018-02-23 15:27:44,302: 	 Checking directory /uscms_data/d3/samuellh/WorkingArea/CpHiggs/CMSSW_8_0_21/lib
DEBUG 2018-02-23 15:27:44,302: 	 Adding directory /uscms_data/d3/samuellh/WorkingArea/CpHiggs/CMSSW_8_0_21/lib to tarball
DEBUG 2018-02-23 15:27:57,456: 	 Checking directory /uscms_data/d3/samuellh/WorkingArea/CpHiggs/CMSSW_8_0_21/biglib
DEBUG 2018-02-23 15:27:57,456: 	 Adding directory /uscms_data/d3/samuellh/WorkingArea/CpHiggs/CMSSW_8_0_21/biglib to tarball
DEBUG 2018-02-23 15:27:57,459: 	 Checking directory /uscms_data/d3/samuellh/WorkingArea/CpHiggs/CMSSW_8_0_21/module
DEBUG 2018-02-23 15:28:01,345: 	 Adding data directory /uscms_data/d3/samuellh/WorkingArea/CpHiggs/CMSSW_8_0_21/src/PUAnalysis/Configuration/data to tarball
DEBUG 2018-02-23 15:28:06,040: 	 Adding data directory /uscms_data/d3/samuellh/WorkingArea/CpHiggs/CMSSW_8_0_21/src/PUAnalysis/DataFormats/interface to tarball
DEBUG 2018-02-23 15:28:06,128: 	 Adding data directory /uscms_data/d3/samuellh/WorkingArea/CpHiggs/CMSSW_8_0_21/src/PUAnalysis/NtupleTools/interface to tarball
DEBUG 2018-02-23 15:28:06,608: 	 Adding data directory /uscms_data/d3/samuellh/WorkingArea/CpHiggs/CMSSW_8_0_21/src/PUAnalysis/RecoTools/interface to tarball
DEBUG 2018-02-23 15:28:07,187: 	 Adding data directory /uscms_data/d3/samuellh/WorkingArea/CpHiggs/CMSSW_8_0_21/src/PUAnalysis/StatTools/ROOT/interface to tarball
DEBUG 2018-02-23 15:28:07,232: 	 Adding data directory /uscms_data/d3/samuellh/WorkingArea/CpHiggs/CMSSW_8_0_21/src/PUAnalysis/StatTools/data to tarball
DEBUG 2018-02-23 15:28:07,282: 	 Adding data directory /uscms_data/d3/samuellh/WorkingArea/CpHiggs/CMSSW_8_0_21/src/PUAnalysis/StatTools/interface to tarball
DEBUG 2018-02-23 15:28:08,157: 	 Adding data directory /uscms_data/d3/samuellh/WorkingArea/CpHiggs/CMSSW_8_0_21/src/ZZMatrixElement/MEKD/interface to tarball
DEBUG 2018-02-23 15:28:10,034: 	 Adding data directory /uscms_data/d3/samuellh/WorkingArea/CpHiggs/CMSSW_8_0_21/src/ZZMatrixElement/MELA/data to tarball
DEBUG 2018-02-23 15:28:39,433: 	 Adding data directory /uscms_data/d3/samuellh/WorkingArea/CpHiggs/CMSSW_8_0_21/src/ZZMatrixElement/MELA/interface to tarball
DEBUG 2018-02-23 15:28:41,703: 	 Adding data directory /uscms_data/d3/samuellh/WorkingArea/CpHiggs/CMSSW_8_0_21/src/ZZMatrixElement/MEMCalculators/interface to tarball
DEBUG 2018-02-23 15:28:41,852: 	 Adding data directory /uscms_data/d3/samuellh/WorkingArea/CpHiggs/CMSSW_8_0_21/src/ZZMatrixElement/PythonWrapper/interface to tarball
DEBUG 2018-02-23 15:28:42,809: 	 Adding data directory /uscms_data/d3/samuellh/WorkingArea/CpHiggs/CMSSW_8_0_21/src/TauAnalysis/SVfitStandalone/data to tarball
DEBUG 2018-02-23 15:28:42,897: 	 Adding data directory /uscms_data/d3/samuellh/WorkingArea/CpHiggs/CMSSW_8_0_21/src/TauAnalysis/SVfitStandalone/interface to tarball
DEBUG 2018-02-23 15:28:43,232: 	 Adding data directory /uscms_data/d3/samuellh/WorkingArea/CpHiggs/CMSSW_8_0_21/src/DataFormats/CTPPSReco/interface to tarball
DEBUG 2018-02-23 15:28:43,399: 	 Adding file ../../../Configuration/data/Summer16_23Sep2016V4_MC.db to tarball
DEBUG 2018-02-23 15:28:44,492: 	 Uploading archive /uscms_data/d3/samuellh/WorkingArea/CpHiggs/CMSSW_8_0_21/src/PUAnalysis/CrabTools/crab/VBFHiggs0L/CP_Higgs_2016/crab_20180223_152734/inputs/c8ec78eb-37db-4c4d-aa4c-b35cfdef7c53default.tgz (63 MB) to the CRAB cache. Using URI https://cmsweb.cern.ch/crabcache
DEBUG 2018-02-23 15:29:15,879: 	 Loading required information from the environment
DEBUG 2018-02-23 15:29:15,880: 	 Found CMSSW_8_0_21 for slc6_amd64_gcc530 with base /uscms_data/d3/samuellh/WorkingArea/CpHiggs/CMSSW_8_0_21
DEBUG 2018-02-23 15:29:15,880: 	 Making tarball in /uscms_data/d3/samuellh/WorkingArea/CpHiggs/CMSSW_8_0_21/src/PUAnalysis/CrabTools/crab/VBFHiggs0L/CP_Higgs_2016/crab_20180223_152734/inputs/debugFiles.tgz
DEBUG 2018-02-23 15:29:16,344: 	 Uploading archive /uscms_data/d3/samuellh/WorkingArea/CpHiggs/CMSSW_8_0_21/src/PUAnalysis/CrabTools/crab/VBFHiggs0L/CP_Higgs_2016/crab_20180223_152734/inputs/debugFiles.tgz (2 KB) to the CRAB cache. Using URI https://cmsweb.cern.ch/crabcache
DEBUG 2018-02-23 15:29:17,785: 	 Result uploading input files: 96ab15e7c14266e693aed3c1f6d4a65723f909417b130812bd0067a433ff65f9.tar.gz 
INFO 2018-02-23 15:29:17,785: 	 Sending the request to the server
DEBUG 2018-02-23 15:29:17,785: 	 Submitting {'maxjobruntime': 1250, 'extrajdl': [], 'ignorelocality': 0, 'savelogsflag': 0, 'useparent': 0, 'asyncdest': 'T3_US_FNALLPC', 'algoargs': 1, 'cachefilename': '96ab15e7c14266e693aed3c1f6d4a65723f909417b130812bd0067a433ff65f9.tar.gz', 'numcores': 1, 'addoutputfiles': [], 'generator': 'pythia', 'maxmemory': 2000, 'publishdbsurl': 'https://cmsweb.cern.ch/dbs/prod/phys03/DBSWriter', 'priority': 10, 'jobsw': 'CMSSW_8_0_21', 'edmoutfiles': [], 'userfiles': [], 'primarydataset': '', 'inputdata': '/VBFHiggs0L1f05ph0_M-125_13TeV-JHUGenV6/RunIISummer16MiniAODv2-PUMoriond17_80X_mcRun2_asymptotic_2016_TrancheIV_v6-v1/MINIAODSIM', 'dryrun': 0, 'workflow': 'crab_20180223_152734', 'cacheurl': u'https://cmsweb.cern.ch/crabcache', 'nonprodsw': 1, 'tfileoutfiles': ['analysis.root'], 'oneEventMode': 0, 'debugfilename': '978f09f289ac3ad45b831a453f10eb3b2f5895d3c7706ea106ac0f2db39bcabd.tar.gz', 'saveoutput': 1, 'publication': 0, 'jobarch': 'slc6_amd64_gcc530', 'totalunits': 0, 'splitalgo': 'FileBased', 'ignoreglobalblacklist': 0, 'nonvaliddata': 0, 'dbsurl': 'https://cmsweb.cern.ch/dbs/prod/global/DBSReader', 'publishgroupname': 0, 'jobtype': 'Analysis', 'publishname2': ''} 
DEBUG 2018-02-23 15:29:17,786: 	 Encoded submit request: maxjobruntime=1250&ignorelocality=0&savelogsflag=0&useparent=0&asyncdest=T3_US_FNALLPC&algoargs=1&cachefilename=96ab15e7c14266e693aed3c1f6d4a65723f909417b130812bd0067a433ff65f9.tar.gz&numcores=1&generator=pythia&maxmemory=2000&publishdbsurl=https%3A%2F%2Fcmsweb.cern.ch%2Fdbs%2Fprod%2Fphys03%2FDBSWriter&priority=10&jobsw=CMSSW_8_0_21&primarydataset=&inputdata=%2FVBFHiggs0L1f05ph0_M-125_13TeV-JHUGenV6%2FRunIISummer16MiniAODv2-PUMoriond17_80X_mcRun2_asymptotic_2016_TrancheIV_v6-v1%2FMINIAODSIM&dryrun=0&workflow=crab_20180223_152734&cacheurl=https%3A%2F%2Fcmsweb.cern.ch%2Fcrabcache&nonprodsw=1&oneEventMode=0&debugfilename=978f09f289ac3ad45b831a453f10eb3b2f5895d3c7706ea106ac0f2db39bcabd.tar.gz&saveoutput=1&publication=0&jobarch=slc6_amd64_gcc530&totalunits=0&splitalgo=FileBased&ignoreglobalblacklist=0&nonvaliddata=0&dbsurl=https%3A%2F%2Fcmsweb.cern.ch%2Fdbs%2Fprod%2Fglobal%2FDBSReader&publishgroupname=0&jobtype=Analysis&publishname2=&tfileoutfiles=analysis.root
DEBUG 2018-02-23 15:29:19,125: 	 Result: {u'result': [{u'RequestName': u'180223_212919:shigginb_crab_20180223_152734'}]}
INFO 2018-02-23 15:29:19,794: 	 Success: Your task has been delivered to the CRAB3 server.
INFO 2018-02-23 15:29:19,794: 	 Task name: 180223_212919:shigginb_crab_20180223_152734
INFO 2018-02-23 15:29:19,795: 	 Please use 'crab status' to check how the submission process proceeds.
DEBUG 2018-02-23 15:29:19,795: 	 About to return
INFO 2018-02-23 15:29:19,801: 	 Log file is /uscms_data/d3/samuellh/WorkingArea/CpHiggs/CMSSW_8_0_21/src/PUAnalysis/CrabTools/crab/VBFHiggs0L/CP_Higgs_2016/crab_20180223_152734/crab.log
DEBUG 2018-02-23 16:02:21,978: 	 Executing command: 'status'
DEBUG 2018-02-23 16:02:21,979: 	 Found CRAB cache file /uscms/home/samuellh/.crab3
DEBUG 2018-02-23 16:02:21,988: 	 Checking credentials
DEBUG 2018-02-23 16:02:21,988: 	 Found proxy file /tmp/x509up_u52190
DEBUG 2018-02-23 16:02:21,988: 	 Getting proxy life time left
DEBUG 2018-02-23 16:02:22,092: 	 Executing : 
 command : voms-proxy-info -file /tmp/x509up_u52190 -timeleft
 output : 36920

 error: 
 retcode : 0
DEBUG 2018-02-23 16:02:22,195: 	 Executing : 
 command : voms-proxy-info -file /tmp/x509up_u52190 -actimeleft
 output : 36919

 error: 
 retcode : 0
DEBUG 2018-02-23 16:02:22,196: 	 Proxy valid for 10:15:20 hours
DEBUG 2018-02-23 16:02:22,307: 	 Executing : 
 command : openssl x509 -in ~/.globus/usercert.pem -subject -noout
 output : subject= /DC=ch/DC=cern/OU=Organic Units/OU=Users/CN=shigginb/CN=785176/CN=Sam Higginbotham

 error: 
 retcode : 0
DEBUG 2018-02-23 16:02:22,308: 	 Checking credentials
DEBUG 2018-02-23 16:02:22,308: 	 Found proxy file /tmp/x509up_u52190
DEBUG 2018-02-23 16:02:22,308: 	 Getting proxy life time left
DEBUG 2018-02-23 16:02:22,411: 	 Executing : 
 command : voms-proxy-info -file /tmp/x509up_u52190 -timeleft
 output : 36920

 error: 
 retcode : 0
DEBUG 2018-02-23 16:02:22,515: 	 Executing : 
 command : voms-proxy-info -file /tmp/x509up_u52190 -actimeleft
 output : 36919

 error: 
 retcode : 0
DEBUG 2018-02-23 16:02:22,515: 	 Proxy valid for 10:15:20 hours
DEBUG 2018-02-23 16:02:23,631: 	 Registering user credentials for server /DC=ch/DC=cern/OU=computers/CN=vocms(045|052|021|031|0118|0118a|0119|0108|0105|0109).cern.ch
DEBUG 2018-02-23 16:02:23,740: 	 Executing : 
 command : openssl x509 -in ~/.globus/usercert.pem -subject -noout
 output : subject= /DC=ch/DC=cern/OU=Organic Units/OU=Users/CN=shigginb/CN=785176/CN=Sam Higginbotham

 error: 
 retcode : 0
DEBUG 2018-02-23 16:02:23,740: 	 Getting myproxy life time left for myproxy.cern.ch
DEBUG 2018-02-23 16:02:23,740: 	 Calculating hash of /DC=ch/DC=cern/OU=Organic Units/OU=Users/CN=shigginb/CN=785176/CN=Sam Higginbotham_cmsweb.cern.ch for credential name
DEBUG 2018-02-23 16:02:24,545: 	 Executing : 
 command : myproxy-info -l 2f318c7a260d78734589f2cc772d26b8be79ec6c -s myproxy.cern.ch
 output : username: 2f318c7a260d78734589f2cc772d26b8be79ec6c
owner: /DC=ch/DC=cern/OU=Organic Units/OU=Users/CN=shigginb/CN=785176/CN=Sam Higginbotham
  renewal policy: /DC=ch/DC=cern/OU=computers/CN=vocms(045|052|021|031|0118|0118a|0119|0108|0105|0109).cern.ch
  trusted retrieval policy: /DC=ch/DC=cern/OU=computers/CN=vocms(045|052|021|031|0118|0118a|0119|0108|0105|0109).cern.ch
  timeleft: 478:05:01  (19.9 days)

 error: 
 retcode : 0
DEBUG 2018-02-23 16:02:24,547: 	 Myproxy is valid: 1721101
DEBUG 2018-02-23 16:02:24,547: 	 Command use: status
DEBUG 2018-02-23 16:02:24,547: 	 Options use: ['-d', 'CP_Higgs_2016/crab_20180223_152734']
DEBUG 2018-02-23 16:02:25,449: 	 CRABClient version: 3.3.1802
DEBUG 2018-02-23 16:02:25,449: 	 Instance is prod
DEBUG 2018-02-23 16:02:25,449: 	 Server base url is cmsweb.cern.ch
DEBUG 2018-02-23 16:02:25,449: 	 Command url /crabserver/prod/workflow
DEBUG 2018-02-23 16:02:26,332: 	 Got information from server oracle database: {u'result': [u'180223_212919:shigginb_crab_20180223_152734', u'None', u'None', u'SUBMITTED', u'SUBMIT', u'2018-02-23 21:29:19.061961', u'None', u'2018-02-23 21:30:06.189234', u'None', u'CMSSW_8_0_21', u'slc6_amd64_gcc530', u'/VBFHiggs0L1f05ph0_M-125_13TeV-JHUGenV6/RunIISummer16MiniAODv2-PUMoriond17_80X_mcRun2_asymptotic_2016_TrancheIV_v6-v1/MINIAODSIM', u'F', u'0', u'[]', u'[]', u'FileBased', u"{'splitOnRun': False, 'halt_job_on_file_boundaries': False, 'files_per_job': 1, 'runs': [], 'lumis': []}", u'0', u'96ab15e7c14266e693aed3c1f6d4a65723f909417b130812bd0067a433ff65f9.tar.gz', u'https://cmsweb.cern.ch/crabcache', u'shigginb', u'/DC=ch/DC=cern/OU=Organic Units/OU=Users/CN=shigginb/CN=785176/CN=Sam Higginbotham', u'cms', u'None', u'None', u'crab_20180223_152734-00000000000000000000000000000000', u'F', u'T3_US_FNALLPC', u'https://cmsweb.cern.ch/dbs/prod/global/DBSReader', u'https://cmsweb.cern.ch/dbs/prod/phys03/DBSWriter', u'F', u'[]', u"['analysis.root']", u'[]', u'Analysis', u'pythia', u'None', u'{}', u'[]', u'F', u'vocms052', u'[]', u'1250', u'1', u'2000', u'10', u'None', u'[]', u'http://vocms0199.cern.ch/mon/cms1359/180223_212919:shigginb_crab_20180223_152734', u'None', u'[]', u'[]', u'https://cmsweb.cern.ch/crabserver/prod', u'cmsgwms-collector-global.cern.ch:9620,cmssrv221.fnal.gov:9620', u'crab3@vocms0199.cern.ch', u'F', u'[]', u'T', u'/store/user/shigginb/', u'F', u'None', u'F', u'None', u'VBFHiggs0L1f05ph0_M-125_13TeV-JHUGenV6', u'None', u'978f09f289ac3ad45b831a453f10eb3b2f5895d3c7706ea106ac0f2db39bcabd.tar.gz', u'17875263', u'filetransfers', u'F', u'131.225.189.130'], u'desc': {u'columns': [u'tm_taskname', u'tm_activity', u'panda_jobset_id', u'tm_task_status', u'tm_task_command', u'tm_start_time', u'tm_start_injection', u'tm_end_injection', u'tm_task_failure', u'tm_job_sw', u'tm_job_arch', u'tm_input_dataset', u'tm_nonvalid_input_dataset', u'tm_use_parent', u'tm_site_whitelist', u'tm_site_blacklist', u'tm_split_algo', u'tm_split_args', u'tm_totalunits', u'tm_user_sandbox', u'tm_cache_url', u'tm_username', u'tm_user_dn', u'tm_user_vo', u'tm_user_role', u'tm_user_group', u'tm_publish_name', u'tm_publish_groupname', u'tm_asyncdest', u'tm_dbs_url', u'tm_publish_dbs_url', u'tm_publication', u'tm_outfiles', u'tm_tfile_outfiles', u'tm_edm_outfiles', u'tm_job_type', u'tm_generator', u'tm_events_per_lumi', u'tm_arguments', u'panda_resubmitted_jobs', u'tm_save_logs', u'tw_name', u'tm_user_infiles', u'tm_maxjobruntime', u'tm_numcores', u'tm_maxmemory', u'tm_priority', u'tm_output_dataset', u'tm_task_warnings', u'tm_user_webdir', u'tm_scriptexe', u'tm_scriptargs', u'tm_extrajdl', u'tm_asourl', u'tm_collector', u'tm_schedd', u'tm_dry_run', u'tm_user_files', u'tm_transfer_outputs', u'tm_output_lfn', u'tm_ignore_locality', u'tm_fail_limit', u'tm_one_event_mode', u'tm_secondary_input_dataset', u'tm_primary_dataset', u'tm_last_publication', u'tm_debug_files', u'clusterid', u'tm_asodb', u'tm_ignore_global_blacklist', u'tm_submitter_ip_addr']}}
INFO 2018-02-23 16:02:26,333: 	 CRAB project directory:		/uscms_data/d3/samuellh/WorkingArea/CpHiggs/CMSSW_8_0_21/src/PUAnalysis/CrabTools/crab/VBFHiggs0L/CP_Higgs_2016/crab_20180223_152734
INFO 2018-02-23 16:02:26,333: 	 Task name:			180223_212919:shigginb_crab_20180223_152734
INFO 2018-02-23 16:02:26,333: 	 Grid scheduler:			crab3@vocms0199.cern.ch
INFO 2018-02-23 16:02:26,333: 	 Status on the CRAB server:	SUBMITTED
INFO 2018-02-23 16:02:26,333: 	 Task URL to use for HELP:	https://cmsweb.cern.ch/crabserver/ui/task/180223_212919%3Ashigginb_crab_20180223_152734
INFO 2018-02-23 16:02:26,333: 	 Dashboard monitoring URL:	http://dashb-cms-job.cern.ch/dashboard/templates/task-analysis/#user=shigginb&refresh=0&table=Jobs&p=1&records=25&activemenu=2&status=&site=&tid=180223_212919%3Ashigginb_crab_20180223_152734
DEBUG 2018-02-23 16:02:26,333: 	 The CRAB server submitted your task to the Grid scheduler (cluster ID: 17875263)
DEBUG 2018-02-23 16:02:26,333: 	 Webdir is located at http://vocms0199.cern.ch/mon/cms1359/180223_212919:shigginb_crab_20180223_152734
DEBUG 2018-02-23 16:02:27,255: 	 Proxied webdir is located at https://cmsweb.cern.ch/scheddmon/0199/cms1359/180223_212919:shigginb_crab_20180223_152734
DEBUG 2018-02-23 16:02:27,255: 	 Retrieving 'status_cache' file from https://cmsweb.cern.ch/scheddmon/0199/cms1359/180223_212919:shigginb_crab_20180223_152734/status_cache
DEBUG 2018-02-23 16:02:28,337: 	 Got information from status cache file: {'11': {'Retries': 0, 'WallDurations': [8.0, 1209.0], 'StartTimes': [1519421758.0], 'SubmitTimes': [1519421422.0], 'JobIds': ['17875276.0'], 'EndTimes': [], 'Restarts': 0, 'RecordedSite': True, 'State': 'running', 'ResidentSetSize': [1381184], 'TotalUserCpuTimeHistory': [982.0], 'SiteHistory': ['Unknown', 'T2_US_Wisconsin'], 'TotalSysCpuTimeHistory': [40.0]}, '10': {'Retries': 0, 'WallDurations': [8.0, 1510.0], 'StartTimes': [1519421699.0], 'SubmitTimes': [1519421422.0], 'JobIds': ['17875274.0'], 'EndTimes': [], 'Restarts': 0, 'RecordedSite': True, 'State': 'running', 'ResidentSetSize': [1404116], 'TotalUserCpuTimeHistory': [1011.0], 'SiteHistory': ['Unknown', 'T2_US_UCSD'], 'TotalSysCpuTimeHistory': [32.0]}, '13': {'Retries': 0, 'WallDurations': [8.0, 1510.0], 'StartTimes': [1519421759.0], 'SubmitTimes': [1519421422.0], 'JobIds': ['17875278.0'], 'EndTimes': [], 'Restarts': 0, 'RecordedSite': True, 'State': 'running', 'ResidentSetSize': [1391196], 'TotalUserCpuTimeHistory': [1276.0], 'SiteHistory': ['Unknown', 'T2_US_Wisconsin'], 'TotalSysCpuTimeHistory': [47.0]}, '12': {'Retries': 0, 'WallDurations': [0, 910.0], 'StartTimes': [1519421766.0], 'SubmitTimes': [1519421422.0], 'JobIds': ['17875277.0'], 'EndTimes': [], 'Restarts': 0, 'RecordedSite': True, 'State': 'running', 'ResidentSetSize': [1318448], 'TotalUserCpuTimeHistory': [683.0], 'SiteHistory': ['Unknown', 'T2_US_Wisconsin'], 'TotalSysCpuTimeHistory': [30.0]}, '15': {'Retries': 0, 'WallDurations': [0, 611.0], 'StartTimes': [1519421764.0], 'SubmitTimes': [1519421428.0], 'JobIds': ['17875280.0'], 'EndTimes': [], 'Restarts': 0, 'RecordedSite': True, 'State': 'running', 'ResidentSetSize': [1431696], 'TotalUserCpuTimeHistory': [407.0], 'SiteHistory': ['Unknown', 'T2_US_Florida'], 'TotalSysCpuTimeHistory': [13.0]}, '14': {'Retries': 0, 'WallDurations': [0, 1211.0], 'StartTimes': [1519421766.0], 'SubmitTimes': [1519421423.0], 'JobIds': ['17875279.0'], 'EndTimes': [], 'Restarts': 0, 'RecordedSite': True, 'State': 'running', 'ResidentSetSize': [1358484], 'TotalUserCpuTimeHistory': [724.0], 'SiteHistory': ['Unknown', 'T2_US_UCSD'], 'TotalSysCpuTimeHistory': [41.0]}, '1': {'Retries': 0, 'WallDurations': [9.0, 1511.0], 'StartTimes': [1519421758.0], 'SubmitTimes': [1519421418.0], 'JobIds': ['17875265.0'], 'EndTimes': [], 'Restarts': 0, 'RecordedSite': True, 'State': 'running', 'ResidentSetSize': [1381484], 'TotalUserCpuTimeHistory': [1151.0], 'SiteHistory': ['Unknown', 'T2_US_Wisconsin'], 'TotalSysCpuTimeHistory': [44.0]}, '3': {'Retries': 0, 'WallDurations': [0, 1212.0], 'StartTimes': [1519421765.0], 'SubmitTimes': [1519421419.0], 'JobIds': ['17875267.0'], 'EndTimes': [], 'Restarts': 0, 'RecordedSite': True, 'State': 'running', 'ResidentSetSize': [1345396], 'TotalUserCpuTimeHistory': [984.0], 'SiteHistory': ['Unknown', 'T2_US_Wisconsin'], 'TotalSysCpuTimeHistory': [44.0]}, '2': {'Retries': 0, 'WallDurations': [0, 1210.0], 'StartTimes': [1519421764.0], 'SubmitTimes': [1519421419.0], 'JobIds': ['17875268.0'], 'EndTimes': [], 'Restarts': 0, 'RecordedSite': True, 'State': 'running', 'ResidentSetSize': [1285292], 'TotalUserCpuTimeHistory': [985.0], 'SiteHistory': ['Unknown', 'T2_US_Wisconsin'], 'TotalSysCpuTimeHistory': [38.0]}, '5': {'Retries': 0, 'WallDurations': [10.0, 911.0], 'StartTimes': [1519421757.0], 'SubmitTimes': [1519421420.0], 'JobIds': ['17875271.0'], 'EndTimes': [], 'Restarts': 0, 'RecordedSite': True, 'State': 'running', 'ResidentSetSize': [1370288], 'TotalUserCpuTimeHistory': [722.0], 'SiteHistory': ['Unknown', 'T2_US_Vanderbilt'], 'TotalSysCpuTimeHistory': [20.0]}, '4': {'Retries': 0, 'WallDurations': [8.0, 1209.0], 'StartTimes': [1519421775.0], 'SubmitTimes': [1519421419.0], 'JobIds': ['17875266.0'], 'EndTimes': [], 'Restarts': 0, 'RecordedSite': True, 'State': 'running', 'ResidentSetSize': [1411508], 'TotalUserCpuTimeHistory': [989.0], 'SiteHistory': ['Unknown', 'T2_US_Florida'], 'TotalSysCpuTimeHistory': [25.0]}, '7': {'Retries': 0, 'WallDurations': [8.0, 1511.0], 'StartTimes': [1519421716.0], 'SubmitTimes': [1519421420.0], 'JobIds': ['17875270.0'], 'EndTimes': [], 'Restarts': 0, 'RecordedSite': True, 'State': 'running', 'ResidentSetSize': [1244544], 'TotalUserCpuTimeHistory': [969.0], 'SiteHistory': ['Unknown', 'T2_US_UCSD'], 'TotalSysCpuTimeHistory': [98.0]}, '6': {'Retries': 0, 'WallDurations': [10.0, 1211.0], 'StartTimes': [1519421697.0], 'SubmitTimes': [1519421419.0], 'JobIds': ['17875269.0'], 'EndTimes': [], 'Restarts': 0, 'RecordedSite': True, 'State': 'running', 'ResidentSetSize': [1270132], 'TotalUserCpuTimeHistory': [762.0], 'SiteHistory': ['Unknown', 'T2_US_UCSD'], 'TotalSysCpuTimeHistory': [30.0]}, '9': {'Retries': 0, 'WallDurations': [9.0, 1512.0], 'StartTimes': [1519421697.0], 'SubmitTimes': [1519421421.0], 'JobIds': ['17875273.0'], 'EndTimes': [], 'Restarts': 0, 'RecordedSite': True, 'State': 'running', 'ResidentSetSize': [1340200], 'TotalUserCpuTimeHistory': [1039.0], 'SiteHistory': ['Unknown', 'T2_US_UCSD'], 'TotalSysCpuTimeHistory': [42.0]}, '8': {'Retries': 0, 'WallDurations': [8.0, 1210.0], 'StartTimes': [1519421693.0], 'SubmitTimes': [1519421421.0], 'JobIds': ['17875272.0'], 'EndTimes': [], 'Restarts': 0, 'RecordedSite': True, 'State': 'running', 'ResidentSetSize': [1266464], 'TotalUserCpuTimeHistory': [899.0], 'SiteHistory': ['Unknown', 'T2_US_MIT'], 'TotalSysCpuTimeHistory': [28.0]}}
INFO 2018-02-23 16:02:28,338: 	 Status on the scheduler:	SUBMITTED
INFO 2018-02-23 16:02:28,338: 	 
Jobs status:                    running       100.0% (15/15)
INFO 2018-02-23 16:02:28,338: 	 
No publication information (publication has been disabled in the CRAB configuration file)
INFO 2018-02-23 16:02:28,486: 	 Log file is /uscms_data/d3/samuellh/WorkingArea/CpHiggs/CMSSW_8_0_21/src/PUAnalysis/CrabTools/crab/VBFHiggs0L/CP_Higgs_2016/crab_20180223_152734/crab.log
