('The system path in the config file ', ['/cvmfs/cms.cern.ch/crab3/slc6_amd64_gcc493/cms/crabclient/3.3.1707.patch1/bin', '/uscms_data/d3/samuellh/WorkingArea/TauAnalysis/CMSSW_9_3_2/python', '/uscms_data/d3/samuellh/WorkingArea/TauAnalysis/CMSSW_9_3_2/lib/slc6_amd64_gcc630', '/cvmfs/cms.cern.ch/slc6_amd64_gcc630/cms/cmssw/CMSSW_9_3_2/python', '/cvmfs/cms.cern.ch/slc6_amd64_gcc630/cms/cmssw/CMSSW_9_3_2/lib/slc6_amd64_gcc630', '/cvmfs/cms.cern.ch/slc6_amd64_gcc630/cms/coral/CORAL_2_3_21-ghjeda6/slc6_amd64_gcc630/python', '/cvmfs/cms.cern.ch/slc6_amd64_gcc630/cms/coral/CORAL_2_3_21-ghjeda6/slc6_amd64_gcc630/lib', '/cvmfs/cms.cern.ch/slc6_amd64_gcc630/external/professor2/2.2.1-ghjeda6/lib/python2.7/site-packages', '/cvmfs/cms.cern.ch/slc6_amd64_gcc630/external/pyqt/4.11.4-mlhled2/lib/python2.7/site-packages', '/cvmfs/cms.cern.ch/slc6_amd64_gcc630/external/sherpa/2.2.4-ghjeda/lib/python2.7/site-packages', '/cvmfs/cms.cern.ch/slc6_amd64_gcc630/external/rivet/2.5.2-ghjeda4/lib/python2.7/site-packages', '/cvmfs/cms.cern.ch/slc6_amd64_gcc630/external/python-ldap/2.4.10-mlhled2/lib/python2.7/site-packages', '/cvmfs/cms.cern.ch/slc6_amd64_gcc630/external/py2-matplotlib/1.5.2-njopjo/lib/python2.7/site-packages', '/cvmfs/cms.cern.ch/slc6_amd64_gcc630/external/sip/4.17-mlhled2/lib/python2.7/site-packages', '/cvmfs/cms.cern.ch/slc6_amd64_gcc630/external/llvm/4.0.0-njopjo/lib64/python2.7/site-packages', '/cvmfs/cms.cern.ch/slc6_amd64_gcc630/external/py2-sqlalchemy/1.1.4-mlhled2/lib/python2.7/site-packages', '/cvmfs/cms.cern.ch/slc6_amd64_gcc630/external/py2-lint/0.25.1-mlhled2/lib/python2.7/site-packages', '/cvmfs/cms.cern.ch/slc6_amd64_gcc630/external/py2-dxr/1.0-ghjeda6/lib/python2.7/site-packages', '/cvmfs/cms.cern.ch/slc6_amd64_gcc630/external/py2-cx-oracle/5.2.1-mlhled2/lib/python2.7/site-packages', '/cvmfs/cms.cern.ch/slc6_amd64_gcc630/external/py2-numpy/1.12.1-mlhled2/lib/python2.7/site-packages', '/cvmfs/cms.cern.ch/slc6_amd64_gcc630/external/frontier_client/2.8.20-mlhled2/python/lib', '/cvmfs/cms.cern.ch/slc6_amd64_gcc630/cms/das_client/v03.01.00-mlhled2/bin', '/cvmfs/cms.cern.ch/slc6_amd64_gcc630/external/xrootd/4.6.1/lib/python2.7/site-packages', '/cvmfs/cms.cern.ch/slc6_amd64_gcc630/external/yoda/1.6.5-ghjeda4/lib/python2.7/site-packages', '/cvmfs/cms.cern.ch/slc6_amd64_gcc630/lcg/root/6.10.04-ghjeda/lib', '/cvmfs/cms.cern.ch/slc6_amd64_gcc630/external/pyminuit2/0.0.1-ghjeda4/lib/python2.7/site-packages', '/cvmfs/cms.cern.ch/slc6_amd64_gcc630/external/py2-PyYAML/3.11-mlhled2/lib/python2.7/site-packages', '/cvmfs/cms.cern.ch/slc6_amd64_gcc630/external/py2-pygithub/1.23.0-mlhled2/lib/python2.7/site-packages', '/cvmfs/cms.cern.ch/slc6_amd64_gcc630/external/py2-pip/9.0.1-mlhled2/lib/python2.7/site-packages', '/cvmfs/cms.cern.ch/slc6_amd64_gcc630/external/py2-dablooms/0.9.1-mlhled2/lib/python2.7/site-packages', '/cvmfs/cms.cern.ch/slc6_amd64_gcc630/external/py2-pippkgs_depscipy/3.0-ghjeda6/lib/python2.7/site-packages', '/cvmfs/cms.cern.ch/slc6_amd64_gcc630/external/py2-pippkgs/5.0-ghjeda6/lib/python2.7/site-packages', '/cvmfs/cms.cern.ch/slc6_amd64_gcc630/external/professor/1.4.0-ghjeda4/lib/python2.7/site-packages', '/cvmfs/cms.cern.ch/slc6_amd64_gcc630/cms/dbs-client/DBS_2_1_9-mlhled2/lib', '/cvmfs/cms.cern.ch/slc6_amd64_gcc630/cms/dbs-client/DBS_2_1_9-mlhled2/lib/DBSAPI', '/cvmfs/cms.cern.ch/slc6_amd64_gcc630/external/cvs2git/5419-mlhled2/lib', '/cvmfs/cms.cern.ch/crab3/slc6_amd64_gcc493/cms/crabclient/3.3.1707.patch1/lib/python2.7/site-packages', '/cvmfs/cms.cern.ch/crab3/slc6_amd64_gcc493/cms/dbs3-client/3.4.4/lib/python2.7/site-packages', '/cvmfs/cms.cern.ch/crab3/slc6_amd64_gcc493/cms/dbs3-pycurl-client/3.4.4/lib/python2.7/site-packages', '/cvmfs/cms.cern.ch/slc6_amd64_gcc630/external/py2-sqlalchemy/1.1.4-mlhled2/lib/python2.7/site-packages/SQLAlchemy-1.1.4-py2.7-linux-x86_64.egg', '/cvmfs/cms.cern.ch/slc6_amd64_gcc630/external/py2-numpy/1.12.1-mlhled2/lib/python2.7/site-packages/numpy-1.12.1-py2.7-linux-x86_64.egg', '/cvmfs/cms.cern.ch/slc6_amd64_gcc630/external/python/2.7.11-mlhled2/lib/python27.zip', '/cvmfs/cms.cern.ch/slc6_amd64_gcc630/external/python/2.7.11-mlhled2/lib/python2.7', '/cvmfs/cms.cern.ch/slc6_amd64_gcc630/external/python/2.7.11-mlhled2/lib/python2.7/plat-linux2', '/cvmfs/cms.cern.ch/slc6_amd64_gcc630/external/python/2.7.11-mlhled2/lib/python2.7/lib-tk', '/cvmfs/cms.cern.ch/slc6_amd64_gcc630/external/python/2.7.11-mlhled2/lib/python2.7/lib-old', '/cvmfs/cms.cern.ch/slc6_amd64_gcc630/external/python/2.7.11-mlhled2/lib/python2.7/lib-dynload', '/cvmfs/cms.cern.ch/slc6_amd64_gcc630/external/python/2.7.11-mlhled2/lib/python2.7/site-packages', '/uscms_data/d3/samuellh/WorkingArea/TauAnalysis/CMSSW_9_3_2/src/PUAnalysis/VBFtt2017/crab/VBF57'])
 ##################################################################### 
 # WARNING: the module CondCore.DBCommon.CondDBSetup is deprecated.  # 
 # Please import CondCore.CondDB.CondDB_cfi                          # 
 ##################################################################### 
recorrecting the jets
List Of Filters
['processedEvents', 'initialEventsTT', 'DiMuonCreation', 'AtLeastOneDiTau', 'TTTauPtEta', 'TTTauDecayFound', 'TTTauStandardDecayFound', 'TTTauDRSel', 'TTSync', 'TTAntiEle', 'TTAntiMu', 'TTIso', 'TTOS']
DEBUG 2017-11-15 07:40:48,923: 	 Executing command: 'submit'
DEBUG 2017-11-15 07:40:48,924: 	 Found CRAB cache file /uscms/home/samuellh/.crab3
DEBUG 2017-11-15 07:40:48,931: 	 Checking credentials
DEBUG 2017-11-15 07:40:48,931: 	 Found proxy file /tmp/x509up_u52190
DEBUG 2017-11-15 07:40:48,931: 	 Getting proxy life time left
DEBUG 2017-11-15 07:40:49,035: 	 Executing : 
 command : voms-proxy-info -file /tmp/x509up_u52190 -timeleft
 output : 82435

 error: 
 retcode : 0
DEBUG 2017-11-15 07:40:49,138: 	 Executing : 
 command : voms-proxy-info -file /tmp/x509up_u52190 -actimeleft
 output : 82433

 error: 
 retcode : 0
DEBUG 2017-11-15 07:40:49,138: 	 Proxy valid for 22:53:55 hours
INFO 2017-11-15 07:40:49,138: 	 Will use CRAB configuration file crab3_TT_MC.py
DEBUG 2017-11-15 07:40:49,138: 	 Loading CRAB configuration file.
DEBUG 2017-11-15 07:40:49,145: 	 Will use CRAB Analysis plugin (i.e. will run an analysis job type).
DEBUG 2017-11-15 07:40:49,259: 	 Executing : 
 command : openssl x509 -in ~/.globus/usercert.pem -subject -noout
 output : subject= /DC=ch/DC=cern/OU=Organic Units/OU=Users/CN=shigginb/CN=785176/CN=Sam Higginbotham

 error: 
 retcode : 0
DEBUG 2017-11-15 07:40:49,260: 	 Checking credentials
DEBUG 2017-11-15 07:40:49,260: 	 Found proxy file /tmp/x509up_u52190
DEBUG 2017-11-15 07:40:49,260: 	 Getting proxy life time left
DEBUG 2017-11-15 07:40:49,364: 	 Executing : 
 command : voms-proxy-info -file /tmp/x509up_u52190 -timeleft
 output : 82434

 error: 
 retcode : 0
DEBUG 2017-11-15 07:40:49,467: 	 Executing : 
 command : voms-proxy-info -file /tmp/x509up_u52190 -actimeleft
 output : 82433

 error: 
 retcode : 0
DEBUG 2017-11-15 07:40:49,467: 	 Proxy valid for 22:53:54 hours
DEBUG 2017-11-15 07:40:49,570: 	 Executing : 
 command : env X509_USER_PROXY=/tmp/x509up_u52190 voms-proxy-info -fqan
 output : /cms/Role=NULL/Capability=NULL

 error: 
 retcode : 0
DEBUG 2017-11-15 07:40:51,272: 	 Registering user credentials for server /DC=ch/DC=cern/OU=computers/CN=vocms(045|052|021|031|0118|0118a|0119|0108|0105|0109).cern.ch
DEBUG 2017-11-15 07:40:51,380: 	 Executing : 
 command : openssl x509 -in ~/.globus/usercert.pem -subject -noout
 output : subject= /DC=ch/DC=cern/OU=Organic Units/OU=Users/CN=shigginb/CN=785176/CN=Sam Higginbotham

 error: 
 retcode : 0
DEBUG 2017-11-15 07:40:51,381: 	 Getting myproxy life time left for myproxy.cern.ch
DEBUG 2017-11-15 07:40:51,381: 	 Calculating hash of /DC=ch/DC=cern/OU=Organic Units/OU=Users/CN=shigginb/CN=785176/CN=Sam Higginbotham_cmsweb.cern.ch for credential name
DEBUG 2017-11-15 07:40:52,085: 	 Executing : 
 command : myproxy-info -l 2f318c7a260d78734589f2cc772d26b8be79ec6c -s myproxy.cern.ch
 output : username: 2f318c7a260d78734589f2cc772d26b8be79ec6c
owner: /DC=ch/DC=cern/OU=Organic Units/OU=Users/CN=shigginb/CN=785176/CN=Sam Higginbotham
  renewal policy: /DC=ch/DC=cern/OU=computers/CN=vocms(045|052|021|031|0118|0118a|0119|0108|0105|0109).cern.ch
  trusted retrieval policy: /DC=ch/DC=cern/OU=computers/CN=vocms(045|052|021|031|0118|0118a|0119|0108|0105|0109).cern.ch
  timeleft: 431:42:50  (18.0 days)

 error: 
 retcode : 0
DEBUG 2017-11-15 07:40:52,087: 	 Myproxy is valid: 1554170
DEBUG 2017-11-15 07:40:52,088: 	 Command use: submit
DEBUG 2017-11-15 07:40:52,088: 	 Options use: ['-c', 'crab3_TT_MC.py']
DEBUG 2017-11-15 07:40:53,740: 	 CRABClient version: 3.3.1707.patch1
DEBUG 2017-11-15 07:40:53,740: 	 Instance is prod
DEBUG 2017-11-15 07:40:53,740: 	 Server base url is cmsweb.cern.ch
DEBUG 2017-11-15 07:40:53,740: 	 Command url /crabserver/prod/workflow
DEBUG 2017-11-15 07:40:53,740: 	 Started submission
DEBUG 2017-11-15 07:40:53,740: 	 Working on /uscms_data/d3/samuellh/WorkingArea/TauAnalysis/CMSSW_9_3_2/src/PUAnalysis/VBFtt2017/crab/VBF57/crab_20171115_074049
DEBUG 2017-11-15 07:40:55,357: 	 Loading required information from the environment
DEBUG 2017-11-15 07:40:55,357: 	 Found CMSSW_9_3_2 for slc6_amd64_gcc630 with base /uscms_data/d3/samuellh/WorkingArea/TauAnalysis/CMSSW_9_3_2
DEBUG 2017-11-15 07:40:55,357: 	 Loading required information from the environment
DEBUG 2017-11-15 07:40:55,358: 	 Found CMSSW_9_3_2 for slc6_amd64_gcc630 with base /uscms_data/d3/samuellh/WorkingArea/TauAnalysis/CMSSW_9_3_2
DEBUG 2017-11-15 07:40:55,369: 	 UNIQUE NAME: tarUUID abe3592d-e5ac-4a36-ad05-700799441d5f 
DEBUG 2017-11-15 07:40:55,369: 	 self.config: from WMCore.Configuration import Configuration
config = Configuration()
config.section_('General')
config.section_('JobType')
config.JobType.psetName = '../../../TT-MC-Up.py'
config.JobType.pluginName = 'Analysis'
config.JobType.inputFiles = ['../../../Configuration/data/PhaseIISummer16_25nsV3_MC.db']
config.JobType.outputFiles = ['analysis.root']
config.JobType.allowUndistributedCMSSW = True
config.section_('Data')
config.Data.inputDataset = '/TprimeBToTH_M-3000_Width-30p_LH_TuneCUETP8M2T4_14TeV-madgraph-pythia8/PhaseIITDRFall17MiniAOD-PU200_93X_upgrade2023_realistic_v2-v1/MINIAODSIM'
config.Data.unitsPerJob = 1
config.Data.publication = False
config.Data.inputDBS = 'global'
config.Data.splitting = 'FileBased'
config.section_('Site')
config.Site.storageSite = 'T3_US_FNALLPC'
config.section_('User')
config.section_('Debug')

DEBUG 2017-11-15 07:40:55,370: 	 self.config.JobType.psetName: ../../../TT-MC-Up.py
INFO 2017-11-15 07:40:55,370: 	 Importing CMSSW configuration ../../../TT-MC-Up.py
INFO 2017-11-15 07:40:57,752: 	 Finished importing CMSSW configuration ../../../TT-MC-Up.py
DEBUG 2017-11-15 07:40:57,752: 	 Writing CMSSW configuration to /uscms_data/d3/samuellh/WorkingArea/TauAnalysis/CMSSW_9_3_2/src/PUAnalysis/VBFtt2017/crab/VBF57/crab_20171115_074049/inputs/PSet.py
DEBUG 2017-11-15 07:40:58,698: 	 The following EDM output files will be collected: []
DEBUG 2017-11-15 07:40:58,698: 	 The following TFile output files will be collected: ['analysis.root']
DEBUG 2017-11-15 07:40:58,698: 	 The following user output files will be collected: []
DEBUG 2017-11-15 07:40:58,698: 	 Loading required information from the environment
DEBUG 2017-11-15 07:40:58,698: 	 Found CMSSW_9_3_2 for slc6_amd64_gcc630 with base /uscms_data/d3/samuellh/WorkingArea/TauAnalysis/CMSSW_9_3_2
DEBUG 2017-11-15 07:40:58,698: 	 Making tarball in /uscms_data/d3/samuellh/WorkingArea/TauAnalysis/CMSSW_9_3_2/src/PUAnalysis/VBFtt2017/crab/VBF57/crab_20171115_074049/inputs/abe3592d-e5ac-4a36-ad05-700799441d5fdefault.tgz
DEBUG 2017-11-15 07:40:58,704: 	 Checking directory /uscms_data/d3/samuellh/WorkingArea/TauAnalysis/CMSSW_9_3_2/lib
DEBUG 2017-11-15 07:40:58,704: 	 Adding directory /uscms_data/d3/samuellh/WorkingArea/TauAnalysis/CMSSW_9_3_2/lib to tarball
DEBUG 2017-11-15 07:40:59,632: 	 Checking directory /uscms_data/d3/samuellh/WorkingArea/TauAnalysis/CMSSW_9_3_2/biglib
DEBUG 2017-11-15 07:40:59,633: 	 Adding directory /uscms_data/d3/samuellh/WorkingArea/TauAnalysis/CMSSW_9_3_2/biglib to tarball
DEBUG 2017-11-15 07:40:59,635: 	 Checking directory /uscms_data/d3/samuellh/WorkingArea/TauAnalysis/CMSSW_9_3_2/module
DEBUG 2017-11-15 07:40:59,652: 	 Adding data directory /uscms_data/d3/samuellh/WorkingArea/TauAnalysis/CMSSW_9_3_2/src/PUAnalysis/Configuration/data to tarball
DEBUG 2017-11-15 07:41:02,458: 	 Adding data directory /uscms_data/d3/samuellh/WorkingArea/TauAnalysis/CMSSW_9_3_2/src/PUAnalysis/DataFormats/interface to tarball
DEBUG 2017-11-15 07:41:02,466: 	 Adding data directory /uscms_data/d3/samuellh/WorkingArea/TauAnalysis/CMSSW_9_3_2/src/PUAnalysis/NtupleTools/interface to tarball
DEBUG 2017-11-15 07:41:02,471: 	 Adding data directory /uscms_data/d3/samuellh/WorkingArea/TauAnalysis/CMSSW_9_3_2/src/PUAnalysis/RecoTools/interface to tarball
DEBUG 2017-11-15 07:41:02,685: 	 Adding file ../../../Configuration/data/PhaseIISummer16_25nsV3_MC.db to tarball
DEBUG 2017-11-15 07:41:03,002: 	 Uploading archive /uscms_data/d3/samuellh/WorkingArea/TauAnalysis/CMSSW_9_3_2/src/PUAnalysis/VBFtt2017/crab/VBF57/crab_20171115_074049/inputs/abe3592d-e5ac-4a36-ad05-700799441d5fdefault.tgz (11 MB) to the CRAB cache. Using URI https://cmsweb.cern.ch/crabcache
DEBUG 2017-11-15 07:41:10,278: 	 Loading required information from the environment
DEBUG 2017-11-15 07:41:10,279: 	 Found CMSSW_9_3_2 for slc6_amd64_gcc630 with base /uscms_data/d3/samuellh/WorkingArea/TauAnalysis/CMSSW_9_3_2
DEBUG 2017-11-15 07:41:10,279: 	 Making tarball in /uscms_data/d3/samuellh/WorkingArea/TauAnalysis/CMSSW_9_3_2/src/PUAnalysis/VBFtt2017/crab/VBF57/crab_20171115_074049/inputs/debugFiles.tgz
DEBUG 2017-11-15 07:41:10,284: 	 Uploading archive /uscms_data/d3/samuellh/WorkingArea/TauAnalysis/CMSSW_9_3_2/src/PUAnalysis/VBFtt2017/crab/VBF57/crab_20171115_074049/inputs/debugFiles.tgz (2 KB) to the CRAB cache. Using URI https://cmsweb.cern.ch/crabcache
DEBUG 2017-11-15 07:41:12,180: 	 Result uploading input files: 4e198fb019d07e682a8bd09208595d4eb73bac82ae7f6e24154a54b4451cc952.tar.gz 
INFO 2017-11-15 07:41:12,180: 	 Sending the request to the server
DEBUG 2017-11-15 07:41:12,181: 	 Submitting {'maxjobruntime': 1250, 'extrajdl': [], 'ignorelocality': 0, 'savelogsflag': 0, 'useparent': 0, 'asyncdest': 'T3_US_FNALLPC', 'algoargs': 1, 'cachefilename': '4e198fb019d07e682a8bd09208595d4eb73bac82ae7f6e24154a54b4451cc952.tar.gz', 'numcores': 1, 'addoutputfiles': [], 'generator': 'pythia', 'maxmemory': 2000, 'publishdbsurl': 'https://cmsweb.cern.ch/dbs/prod/phys03/DBSWriter', 'priority': 10, 'jobsw': 'CMSSW_9_3_2', 'edmoutfiles': [], 'userfiles': [], 'primarydataset': '', 'inputdata': '/TprimeBToTH_M-3000_Width-30p_LH_TuneCUETP8M2T4_14TeV-madgraph-pythia8/PhaseIITDRFall17MiniAOD-PU200_93X_upgrade2023_realistic_v2-v1/MINIAODSIM', 'dryrun': 0, 'workflow': 'crab_20171115_074049', 'cacheurl': u'https://cmsweb.cern.ch/crabcache', 'nonprodsw': 1, 'tfileoutfiles': ['analysis.root'], 'oneEventMode': 0, 'debugfilename': '712ec7c0d84f061301a6cdbff8aeb8e4e84ba2c2eb75332e31adcc55841b3aaf.tar.gz', 'saveoutput': 1, 'publication': 0, 'jobarch': 'slc6_amd64_gcc630', 'totalunits': 0, 'splitalgo': 'FileBased', 'ignoreglobalblacklist': 0, 'nonvaliddata': 0, 'dbsurl': 'https://cmsweb.cern.ch/dbs/prod/global/DBSReader', 'publishgroupname': 0, 'jobtype': 'Analysis', 'publishname2': ''} 
DEBUG 2017-11-15 07:41:12,182: 	 Encoded submit request: maxjobruntime=1250&ignorelocality=0&savelogsflag=0&useparent=0&asyncdest=T3_US_FNALLPC&algoargs=1&cachefilename=4e198fb019d07e682a8bd09208595d4eb73bac82ae7f6e24154a54b4451cc952.tar.gz&numcores=1&generator=pythia&maxmemory=2000&publishdbsurl=https%3A%2F%2Fcmsweb.cern.ch%2Fdbs%2Fprod%2Fphys03%2FDBSWriter&priority=10&jobsw=CMSSW_9_3_2&primarydataset=&inputdata=%2FTprimeBToTH_M-3000_Width-30p_LH_TuneCUETP8M2T4_14TeV-madgraph-pythia8%2FPhaseIITDRFall17MiniAOD-PU200_93X_upgrade2023_realistic_v2-v1%2FMINIAODSIM&dryrun=0&workflow=crab_20171115_074049&cacheurl=https%3A%2F%2Fcmsweb.cern.ch%2Fcrabcache&nonprodsw=1&oneEventMode=0&debugfilename=712ec7c0d84f061301a6cdbff8aeb8e4e84ba2c2eb75332e31adcc55841b3aaf.tar.gz&saveoutput=1&publication=0&jobarch=slc6_amd64_gcc630&totalunits=0&splitalgo=FileBased&ignoreglobalblacklist=0&nonvaliddata=0&dbsurl=https%3A%2F%2Fcmsweb.cern.ch%2Fdbs%2Fprod%2Fglobal%2FDBSReader&publishgroupname=0&jobtype=Analysis&publishname2=&tfileoutfiles=analysis.root
DEBUG 2017-11-15 07:41:14,085: 	 Result: {u'result': [{u'RequestName': u'171115_134113:shigginb_crab_20171115_074049'}]}
INFO 2017-11-15 07:41:14,101: 	 Success: Your task has been delivered to the CRAB3 server.
INFO 2017-11-15 07:41:14,101: 	 Task name: 171115_134113:shigginb_crab_20171115_074049
INFO 2017-11-15 07:41:14,101: 	 Please use 'crab status' to check how the submission process proceeds.
DEBUG 2017-11-15 07:41:14,101: 	 About to return
INFO 2017-11-15 07:41:14,112: 	 Log file is /uscms_data/d3/samuellh/WorkingArea/TauAnalysis/CMSSW_9_3_2/src/PUAnalysis/VBFtt2017/crab/VBF57/crab_20171115_074049/crab.log
DEBUG 2017-11-15 08:06:04,960: 	 Executing command: 'status'
DEBUG 2017-11-15 08:06:04,960: 	 Found CRAB cache file /uscms/home/samuellh/.crab3
DEBUG 2017-11-15 08:06:04,969: 	 Checking credentials
DEBUG 2017-11-15 08:06:04,970: 	 Found proxy file /tmp/x509up_u52190
DEBUG 2017-11-15 08:06:04,970: 	 Getting proxy life time left
DEBUG 2017-11-15 08:06:05,073: 	 Executing : 
 command : voms-proxy-info -file /tmp/x509up_u52190 -timeleft
 output : 80918

 error: 
 retcode : 0
DEBUG 2017-11-15 08:06:05,177: 	 Executing : 
 command : voms-proxy-info -file /tmp/x509up_u52190 -actimeleft
 output : 80917

 error: 
 retcode : 0
DEBUG 2017-11-15 08:06:05,177: 	 Proxy valid for 22:28:38 hours
DEBUG 2017-11-15 08:06:05,290: 	 Executing : 
 command : openssl x509 -in ~/.globus/usercert.pem -subject -noout
 output : subject= /DC=ch/DC=cern/OU=Organic Units/OU=Users/CN=shigginb/CN=785176/CN=Sam Higginbotham

 error: 
 retcode : 0
DEBUG 2017-11-15 08:06:05,291: 	 Checking credentials
DEBUG 2017-11-15 08:06:05,291: 	 Found proxy file /tmp/x509up_u52190
DEBUG 2017-11-15 08:06:05,291: 	 Getting proxy life time left
DEBUG 2017-11-15 08:06:05,394: 	 Executing : 
 command : voms-proxy-info -file /tmp/x509up_u52190 -timeleft
 output : 80918

 error: 
 retcode : 0
DEBUG 2017-11-15 08:06:05,497: 	 Executing : 
 command : voms-proxy-info -file /tmp/x509up_u52190 -actimeleft
 output : 80917

 error: 
 retcode : 0
DEBUG 2017-11-15 08:06:05,498: 	 Proxy valid for 22:28:38 hours
DEBUG 2017-11-15 08:06:07,230: 	 Registering user credentials for server /DC=ch/DC=cern/OU=computers/CN=vocms(045|052|021|031|0118|0118a|0119|0108|0105|0109).cern.ch
DEBUG 2017-11-15 08:06:07,341: 	 Executing : 
 command : openssl x509 -in ~/.globus/usercert.pem -subject -noout
 output : subject= /DC=ch/DC=cern/OU=Organic Units/OU=Users/CN=shigginb/CN=785176/CN=Sam Higginbotham

 error: 
 retcode : 0
DEBUG 2017-11-15 08:06:07,342: 	 Getting myproxy life time left for myproxy.cern.ch
DEBUG 2017-11-15 08:06:07,342: 	 Calculating hash of /DC=ch/DC=cern/OU=Organic Units/OU=Users/CN=shigginb/CN=785176/CN=Sam Higginbotham_cmsweb.cern.ch for credential name
DEBUG 2017-11-15 08:06:08,146: 	 Executing : 
 command : myproxy-info -l 2f318c7a260d78734589f2cc772d26b8be79ec6c -s myproxy.cern.ch
 output : username: 2f318c7a260d78734589f2cc772d26b8be79ec6c
owner: /DC=ch/DC=cern/OU=Organic Units/OU=Users/CN=shigginb/CN=785176/CN=Sam Higginbotham
  renewal policy: /DC=ch/DC=cern/OU=computers/CN=vocms(045|052|021|031|0118|0118a|0119|0108|0105|0109).cern.ch
  trusted retrieval policy: /DC=ch/DC=cern/OU=computers/CN=vocms(045|052|021|031|0118|0118a|0119|0108|0105|0109).cern.ch
  timeleft: 431:17:33  (18.0 days)

 error: 
 retcode : 0
DEBUG 2017-11-15 08:06:08,148: 	 Myproxy is valid: 1552653
DEBUG 2017-11-15 08:06:08,148: 	 Command use: status
DEBUG 2017-11-15 08:06:08,148: 	 Options use: ['-d', 'crab_20171115_074049/']
DEBUG 2017-11-15 08:06:09,809: 	 CRABClient version: 3.3.1707.patch1
DEBUG 2017-11-15 08:06:09,809: 	 Instance is prod
DEBUG 2017-11-15 08:06:09,809: 	 Server base url is cmsweb.cern.ch
DEBUG 2017-11-15 08:06:09,809: 	 Command url /crabserver/prod/workflow
DEBUG 2017-11-15 08:06:11,725: 	 Got information from server oracle database: {u'result': [u'171115_134113:shigginb_crab_20171115_074049', u'None', u'SUBMITTED', u'2017-11-15 13:41:13.771324', u'None', u'2017-11-15 13:41:52.566150', u'None', u'CMSSW_9_3_2', u'slc6_amd64_gcc630', u'/TprimeBToTH_M-3000_Width-30p_LH_TuneCUETP8M2T4_14TeV-madgraph-pythia8/PhaseIITDRFall17MiniAOD-PU200_93X_upgrade2023_realistic_v2-v1/MINIAODSIM', u'[]', u'[]', u'FileBased', u"{'splitOnRun': False, 'halt_job_on_file_boundaries': False, 'files_per_job': 1, 'runs': [], 'lumis': []}", u'0', u'4e198fb019d07e682a8bd09208595d4eb73bac82ae7f6e24154a54b4451cc952.tar.gz', u'https://cmsweb.cern.ch/crabcache', u'shigginb', u'/DC=ch/DC=cern/OU=Organic Units/OU=Users/CN=shigginb/CN=785176/CN=Sam Higginbotham', u'cms', u'None', u'None', u'crab_20171115_074049-00000000000000000000000000000000', u'T3_US_FNALLPC', u'https://cmsweb.cern.ch/dbs/prod/global/DBSReader', u'https://cmsweb.cern.ch/dbs/prod/phys03/DBSWriter', u'F', u'Analysis', u'{}', u'[]', u'F', u'vocms052', u'[]', u'1250', u'1', u'2000', u'10', u'None', u'http://vocms0199.cern.ch/mon/cms1359/171115_134113:shigginb_crab_20171115_074049', u'None', u'None', u'[]', u'[]', u'[]', u'pythia', u'[]', u"['analysis.root']", u'[]', u'https://cmsweb.cern.ch/crabserver/prod', u'None', u'0', u'cmssrv221.fnal.gov:9620', u'crab3@vocms0199.cern.ch', u'F', u'[]', u'T', u'/store/user/shigginb/', u'F', u'None', u'F', u'F', u'F', u'None', u'TprimeBToTH_M-3000_Width-30p_LH_TuneCUETP8M2T4_14TeV-madgraph-pythia8', u'filetransfers', u'SUBMIT', u'13360063', u'712ec7c0d84f061301a6cdbff8aeb8e4e84ba2c2eb75332e31adcc55841b3aaf.tar.gz', u'131.225.190.56', u'F', u'None'], u'desc': {u'columns': [u'tm_taskname', u'panda_jobset_id', u'tm_task_status', u'tm_start_time', u'tm_start_injection', u'tm_end_injection', u'tm_task_failure', u'tm_job_sw', u'tm_job_arch', u'tm_input_dataset', u'tm_site_whitelist', u'tm_site_blacklist', u'tm_split_algo', u'tm_split_args', u'tm_totalunits', u'tm_user_sandbox', u'tm_cache_url', u'tm_username', u'tm_user_dn', u'tm_user_vo', u'tm_user_role', u'tm_user_group', u'tm_publish_name', u'tm_asyncdest', u'tm_dbs_url', u'tm_publish_dbs_url', u'tm_publication', u'tm_job_type', u'tm_arguments', u'panda_resubmitted_jobs', u'tm_save_logs', u'tw_name', u'tm_user_infiles', u'tm_maxjobruntime', u'tm_numcores', u'tm_maxmemory', u'tm_priority', u'tm_output_dataset', u'tm_user_webdir', u'tm_activity', u'tm_scriptexe', u'tm_scriptargs', u'tm_extrajdl', u'tm_task_warnings', u'tm_generator', u'tm_outfiles', u'tm_tfile_outfiles', u'tm_edm_outfiles', u'tm_asourl', u'tm_events_per_lumi', u'tm_use_parent', u'tm_collector', u'tm_schedd', u'tm_dry_run', u'tm_user_files', u'tm_transfer_outputs', u'tm_output_lfn', u'tm_ignore_locality', u'tm_fail_limit', u'tm_one_event_mode', u'tm_publish_groupname', u'tm_nonvalid_input_dataset', u'tm_secondary_input_dataset', u'tm_primary_dataset', u'tm_asodb', u'tm_task_command', u'clusterid', u'tm_debug_files', u'tm_submitter_ip_addr', u'tm_ignore_global_blacklist', u'tm_last_publication']}}
INFO 2017-11-15 08:06:11,725: 	 CRAB project directory:		/uscms_data/d3/samuellh/WorkingArea/TauAnalysis/CMSSW_9_3_2/src/PUAnalysis/VBFtt2017/crab/VBF57/crab_20171115_074049
INFO 2017-11-15 08:06:11,725: 	 Task name:			171115_134113:shigginb_crab_20171115_074049
INFO 2017-11-15 08:06:11,726: 	 Grid scheduler:			crab3@vocms0199.cern.ch
INFO 2017-11-15 08:06:11,726: 	 Status on the CRAB server:	SUBMITTED
INFO 2017-11-15 08:06:11,726: 	 Task URL to use for HELP:	https://cmsweb.cern.ch/crabserver/ui/task/171115_134113%3Ashigginb_crab_20171115_074049
INFO 2017-11-15 08:06:11,726: 	 Dashboard monitoring URL:	http://dashb-cms-job.cern.ch/dashboard/templates/task-analysis/#user=shigginb&refresh=0&table=Jobs&p=1&records=25&activemenu=2&status=&site=&tid=171115_134113%3Ashigginb_crab_20171115_074049
DEBUG 2017-11-15 08:06:11,726: 	 The CRAB server submitted your task to the Grid scheduler (cluster ID: 13360063)
DEBUG 2017-11-15 08:06:11,726: 	 Webdir is located at http://vocms0199.cern.ch/mon/cms1359/171115_134113:shigginb_crab_20171115_074049
DEBUG 2017-11-15 08:06:13,611: 	 Proxied webdir is located at https://cmsweb.cern.ch/scheddmon/0199/cms1359/171115_134113:shigginb_crab_20171115_074049
DEBUG 2017-11-15 08:06:13,611: 	 Retrieving 'status_cache' file from https://cmsweb.cern.ch/scheddmon/0199/cms1359/171115_134113:shigginb_crab_20171115_074049/status_cache
DEBUG 2017-11-15 08:06:15,463: 	 Got information from status cache file: {'1': {'Retries': 0, 'WallDurations': [389.0], 'StartTimes': [1510753341.0], 'SubmitTimes': [1510753324.0], 'JobIds': ['13360070.0'], 'EndTimes': [1510753730.0], 'Restarts': 0, 'RecordedSite': False, 'State': 'finished', 'ResidentSetSize': [1773376], 'TotalUserCpuTimeHistory': [307], 'SiteHistory': ['Unknown'], 'TotalSysCpuTimeHistory': [14]}, '3': {'Retries': 0, 'WallDurations': [323.0], 'StartTimes': [1510753379.0], 'SubmitTimes': [1510753324.0], 'JobIds': ['13360071.0'], 'EndTimes': [1510753702.0], 'Restarts': 0, 'RecordedSite': False, 'State': 'finished', 'ResidentSetSize': [1836932], 'TotalUserCpuTimeHistory': [249], 'SiteHistory': ['Unknown'], 'TotalSysCpuTimeHistory': [10]}, '2': {'Retries': 0, 'WallDurations': [611.0], 'StartTimes': [1510753383.0], 'SubmitTimes': [1510753324.0], 'JobIds': ['13360073.0'], 'EndTimes': [1510753994.0], 'Restarts': 0, 'RecordedSite': False, 'State': 'transferring', 'ResidentSetSize': [731736], 'TotalUserCpuTimeHistory': [153], 'SiteHistory': ['Unknown'], 'TotalSysCpuTimeHistory': [30]}, '4': {'Retries': 0, 'WallDurations': [561.0], 'StartTimes': [1510753381.0], 'SubmitTimes': [1510753324.0], 'JobIds': ['13360072.0'], 'EndTimes': [1510753942.0], 'Restarts': 0, 'RecordedSite': False, 'State': 'finished', 'ResidentSetSize': [745124], 'TotalUserCpuTimeHistory': [340], 'SiteHistory': ['Unknown'], 'TotalSysCpuTimeHistory': [18]}}
INFO 2017-11-15 08:06:15,463: 	 Status on the scheduler:	SUBMITTED
INFO 2017-11-15 08:06:15,464: 	 
Jobs status:                    finished       75.0% (3/4)
INFO 2017-11-15 08:06:15,464: 	 				transferring   25.0% (1/4)
INFO 2017-11-15 08:06:15,464: 	 
No publication information (publication has been disabled in the CRAB configuration file)
INFO 2017-11-15 08:06:15,485: 	 Log file is /uscms_data/d3/samuellh/WorkingArea/TauAnalysis/CMSSW_9_3_2/src/PUAnalysis/VBFtt2017/crab/VBF57/crab_20171115_074049/crab.log
DEBUG 2017-11-15 09:19:04,193: 	 Executing command: 'status'
DEBUG 2017-11-15 09:19:04,193: 	 Found CRAB cache file /uscms/home/samuellh/.crab3
DEBUG 2017-11-15 09:19:04,201: 	 Checking credentials
DEBUG 2017-11-15 09:19:04,201: 	 Found proxy file /tmp/x509up_u52190
DEBUG 2017-11-15 09:19:04,201: 	 Getting proxy life time left
DEBUG 2017-11-15 09:19:04,304: 	 Executing : 
 command : voms-proxy-info -file /tmp/x509up_u52190 -timeleft
 output : 76539

 error: 
 retcode : 0
DEBUG 2017-11-15 09:19:04,408: 	 Executing : 
 command : voms-proxy-info -file /tmp/x509up_u52190 -actimeleft
 output : 76538

 error: 
 retcode : 0
DEBUG 2017-11-15 09:19:04,408: 	 Proxy valid for 21:15:39 hours
DEBUG 2017-11-15 09:19:04,521: 	 Executing : 
 command : openssl x509 -in ~/.globus/usercert.pem -subject -noout
 output : subject= /DC=ch/DC=cern/OU=Organic Units/OU=Users/CN=shigginb/CN=785176/CN=Sam Higginbotham

 error: 
 retcode : 0
DEBUG 2017-11-15 09:19:04,521: 	 Checking credentials
DEBUG 2017-11-15 09:19:04,521: 	 Found proxy file /tmp/x509up_u52190
DEBUG 2017-11-15 09:19:04,521: 	 Getting proxy life time left
DEBUG 2017-11-15 09:19:04,624: 	 Executing : 
 command : voms-proxy-info -file /tmp/x509up_u52190 -timeleft
 output : 76539

 error: 
 retcode : 0
DEBUG 2017-11-15 09:19:04,728: 	 Executing : 
 command : voms-proxy-info -file /tmp/x509up_u52190 -actimeleft
 output : 76538

 error: 
 retcode : 0
DEBUG 2017-11-15 09:19:04,728: 	 Proxy valid for 21:15:39 hours
DEBUG 2017-11-15 09:19:06,537: 	 Registering user credentials for server /DC=ch/DC=cern/OU=computers/CN=vocms(045|052|021|031|0118|0118a|0119|0108|0105|0109).cern.ch
DEBUG 2017-11-15 09:19:06,643: 	 Executing : 
 command : openssl x509 -in ~/.globus/usercert.pem -subject -noout
 output : subject= /DC=ch/DC=cern/OU=Organic Units/OU=Users/CN=shigginb/CN=785176/CN=Sam Higginbotham

 error: 
 retcode : 0
DEBUG 2017-11-15 09:19:06,643: 	 Getting myproxy life time left for myproxy.cern.ch
DEBUG 2017-11-15 09:19:06,643: 	 Calculating hash of /DC=ch/DC=cern/OU=Organic Units/OU=Users/CN=shigginb/CN=785176/CN=Sam Higginbotham_cmsweb.cern.ch for credential name
DEBUG 2017-11-15 09:19:07,347: 	 Executing : 
 command : myproxy-info -l 2f318c7a260d78734589f2cc772d26b8be79ec6c -s myproxy.cern.ch
 output : username: 2f318c7a260d78734589f2cc772d26b8be79ec6c
owner: /DC=ch/DC=cern/OU=Organic Units/OU=Users/CN=shigginb/CN=785176/CN=Sam Higginbotham
  renewal policy: /DC=ch/DC=cern/OU=computers/CN=vocms(045|052|021|031|0118|0118a|0119|0108|0105|0109).cern.ch
  trusted retrieval policy: /DC=ch/DC=cern/OU=computers/CN=vocms(045|052|021|031|0118|0118a|0119|0108|0105|0109).cern.ch
  timeleft: 430:04:34  (17.9 days)

 error: 
 retcode : 0
DEBUG 2017-11-15 09:19:07,349: 	 Myproxy is valid: 1548274
DEBUG 2017-11-15 09:19:07,349: 	 Command use: status
DEBUG 2017-11-15 09:19:07,349: 	 Options use: ['-d', 'crab_20171115_074049/']
DEBUG 2017-11-15 09:19:09,108: 	 CRABClient version: 3.3.1707.patch1
DEBUG 2017-11-15 09:19:09,108: 	 Instance is prod
DEBUG 2017-11-15 09:19:09,108: 	 Server base url is cmsweb.cern.ch
DEBUG 2017-11-15 09:19:09,108: 	 Command url /crabserver/prod/workflow
DEBUG 2017-11-15 09:19:10,964: 	 Got information from server oracle database: {u'result': [u'171115_134113:shigginb_crab_20171115_074049', u'None', u'SUBMITTED', u'2017-11-15 13:41:13.771324', u'None', u'2017-11-15 13:41:52.566150', u'None', u'CMSSW_9_3_2', u'slc6_amd64_gcc630', u'/TprimeBToTH_M-3000_Width-30p_LH_TuneCUETP8M2T4_14TeV-madgraph-pythia8/PhaseIITDRFall17MiniAOD-PU200_93X_upgrade2023_realistic_v2-v1/MINIAODSIM', u'[]', u'[]', u'FileBased', u"{'splitOnRun': False, 'halt_job_on_file_boundaries': False, 'files_per_job': 1, 'runs': [], 'lumis': []}", u'0', u'4e198fb019d07e682a8bd09208595d4eb73bac82ae7f6e24154a54b4451cc952.tar.gz', u'https://cmsweb.cern.ch/crabcache', u'shigginb', u'/DC=ch/DC=cern/OU=Organic Units/OU=Users/CN=shigginb/CN=785176/CN=Sam Higginbotham', u'cms', u'None', u'None', u'crab_20171115_074049-00000000000000000000000000000000', u'T3_US_FNALLPC', u'https://cmsweb.cern.ch/dbs/prod/global/DBSReader', u'https://cmsweb.cern.ch/dbs/prod/phys03/DBSWriter', u'F', u'Analysis', u'{}', u'[]', u'F', u'vocms052', u'[]', u'1250', u'1', u'2000', u'10', u'None', u'http://vocms0199.cern.ch/mon/cms1359/171115_134113:shigginb_crab_20171115_074049', u'None', u'None', u'[]', u'[]', u'[]', u'pythia', u'[]', u"['analysis.root']", u'[]', u'https://cmsweb.cern.ch/crabserver/prod', u'None', u'0', u'cmssrv221.fnal.gov:9620', u'crab3@vocms0199.cern.ch', u'F', u'[]', u'T', u'/store/user/shigginb/', u'F', u'None', u'F', u'F', u'F', u'None', u'TprimeBToTH_M-3000_Width-30p_LH_TuneCUETP8M2T4_14TeV-madgraph-pythia8', u'filetransfers', u'SUBMIT', u'13360063', u'712ec7c0d84f061301a6cdbff8aeb8e4e84ba2c2eb75332e31adcc55841b3aaf.tar.gz', u'131.225.190.56', u'F', u'None'], u'desc': {u'columns': [u'tm_taskname', u'panda_jobset_id', u'tm_task_status', u'tm_start_time', u'tm_start_injection', u'tm_end_injection', u'tm_task_failure', u'tm_job_sw', u'tm_job_arch', u'tm_input_dataset', u'tm_site_whitelist', u'tm_site_blacklist', u'tm_split_algo', u'tm_split_args', u'tm_totalunits', u'tm_user_sandbox', u'tm_cache_url', u'tm_username', u'tm_user_dn', u'tm_user_vo', u'tm_user_role', u'tm_user_group', u'tm_publish_name', u'tm_asyncdest', u'tm_dbs_url', u'tm_publish_dbs_url', u'tm_publication', u'tm_job_type', u'tm_arguments', u'panda_resubmitted_jobs', u'tm_save_logs', u'tw_name', u'tm_user_infiles', u'tm_maxjobruntime', u'tm_numcores', u'tm_maxmemory', u'tm_priority', u'tm_output_dataset', u'tm_user_webdir', u'tm_activity', u'tm_scriptexe', u'tm_scriptargs', u'tm_extrajdl', u'tm_task_warnings', u'tm_generator', u'tm_outfiles', u'tm_tfile_outfiles', u'tm_edm_outfiles', u'tm_asourl', u'tm_events_per_lumi', u'tm_use_parent', u'tm_collector', u'tm_schedd', u'tm_dry_run', u'tm_user_files', u'tm_transfer_outputs', u'tm_output_lfn', u'tm_ignore_locality', u'tm_fail_limit', u'tm_one_event_mode', u'tm_publish_groupname', u'tm_nonvalid_input_dataset', u'tm_secondary_input_dataset', u'tm_primary_dataset', u'tm_asodb', u'tm_task_command', u'clusterid', u'tm_debug_files', u'tm_submitter_ip_addr', u'tm_ignore_global_blacklist', u'tm_last_publication']}}
INFO 2017-11-15 09:19:10,964: 	 CRAB project directory:		/uscms_data/d3/samuellh/WorkingArea/TauAnalysis/CMSSW_9_3_2/src/PUAnalysis/VBFtt2017/crab/VBF57/crab_20171115_074049
INFO 2017-11-15 09:19:10,964: 	 Task name:			171115_134113:shigginb_crab_20171115_074049
INFO 2017-11-15 09:19:10,965: 	 Grid scheduler:			crab3@vocms0199.cern.ch
INFO 2017-11-15 09:19:10,965: 	 Status on the CRAB server:	SUBMITTED
INFO 2017-11-15 09:19:10,965: 	 Task URL to use for HELP:	https://cmsweb.cern.ch/crabserver/ui/task/171115_134113%3Ashigginb_crab_20171115_074049
INFO 2017-11-15 09:19:10,965: 	 Dashboard monitoring URL:	http://dashb-cms-job.cern.ch/dashboard/templates/task-analysis/#user=shigginb&refresh=0&table=Jobs&p=1&records=25&activemenu=2&status=&site=&tid=171115_134113%3Ashigginb_crab_20171115_074049
DEBUG 2017-11-15 09:19:10,965: 	 The CRAB server submitted your task to the Grid scheduler (cluster ID: 13360063)
DEBUG 2017-11-15 09:19:10,965: 	 Webdir is located at http://vocms0199.cern.ch/mon/cms1359/171115_134113:shigginb_crab_20171115_074049
DEBUG 2017-11-15 09:19:12,661: 	 Proxied webdir is located at https://cmsweb.cern.ch/scheddmon/0199/cms1359/171115_134113:shigginb_crab_20171115_074049
DEBUG 2017-11-15 09:19:12,661: 	 Retrieving 'status_cache' file from https://cmsweb.cern.ch/scheddmon/0199/cms1359/171115_134113:shigginb_crab_20171115_074049/status_cache
DEBUG 2017-11-15 09:19:14,222: 	 Got information from status cache file: {'1': {'Retries': 0, 'WallDurations': [389.0], 'StartTimes': [1510753341.0], 'SubmitTimes': [1510753324.0], 'JobIds': ['13360070.0'], 'EndTimes': [1510753730.0], 'Restarts': 0, 'RecordedSite': False, 'State': 'finished', 'ResidentSetSize': [1773376], 'TotalUserCpuTimeHistory': [307], 'SiteHistory': ['Unknown'], 'TotalSysCpuTimeHistory': [14]}, '3': {'Retries': 0, 'WallDurations': [323.0], 'StartTimes': [1510753379.0], 'SubmitTimes': [1510753324.0], 'JobIds': ['13360071.0'], 'EndTimes': [1510753702.0], 'Restarts': 0, 'RecordedSite': False, 'State': 'finished', 'ResidentSetSize': [1836932], 'TotalUserCpuTimeHistory': [249], 'SiteHistory': ['Unknown'], 'TotalSysCpuTimeHistory': [10]}, '2': {'Retries': 0, 'WallDurations': [611.0], 'StartTimes': [1510753383.0], 'SubmitTimes': [1510753324.0], 'JobIds': ['13360073.0'], 'EndTimes': [1510753994.0], 'Restarts': 0, 'RecordedSite': False, 'State': 'finished', 'ResidentSetSize': [731736], 'TotalUserCpuTimeHistory': [153], 'SiteHistory': ['Unknown'], 'TotalSysCpuTimeHistory': [30]}, '4': {'Retries': 0, 'WallDurations': [561.0], 'StartTimes': [1510753381.0], 'SubmitTimes': [1510753324.0], 'JobIds': ['13360072.0'], 'EndTimes': [1510753942.0], 'Restarts': 0, 'RecordedSite': False, 'State': 'finished', 'ResidentSetSize': [745124], 'TotalUserCpuTimeHistory': [340], 'SiteHistory': ['Unknown'], 'TotalSysCpuTimeHistory': [18]}}
INFO 2017-11-15 09:19:14,222: 	 Status on the scheduler:	COMPLETED
INFO 2017-11-15 09:19:14,223: 	 
Jobs status:                    finished      100.0% (4/4)
INFO 2017-11-15 09:19:14,223: 	 
No publication information (publication has been disabled in the CRAB configuration file)
INFO 2017-11-15 09:19:14,235: 	 Log file is /uscms_data/d3/samuellh/WorkingArea/TauAnalysis/CMSSW_9_3_2/src/PUAnalysis/VBFtt2017/crab/VBF57/crab_20171115_074049/crab.log
