('The system path in the config file ', ['/cvmfs/cms.cern.ch/crab3/slc6_amd64_gcc493/cms/crabclient/3.3.1707.patch1/bin', '/uscms_data/d3/samuellh/WorkingArea/TauAnalysis/CMSSW_9_3_2/python', '/uscms_data/d3/samuellh/WorkingArea/TauAnalysis/CMSSW_9_3_2/lib/slc6_amd64_gcc630', '/cvmfs/cms.cern.ch/slc6_amd64_gcc630/cms/cmssw/CMSSW_9_3_2/python', '/cvmfs/cms.cern.ch/slc6_amd64_gcc630/cms/cmssw/CMSSW_9_3_2/lib/slc6_amd64_gcc630', '/cvmfs/cms.cern.ch/slc6_amd64_gcc630/cms/coral/CORAL_2_3_21-ghjeda6/slc6_amd64_gcc630/python', '/cvmfs/cms.cern.ch/slc6_amd64_gcc630/cms/coral/CORAL_2_3_21-ghjeda6/slc6_amd64_gcc630/lib', '/cvmfs/cms.cern.ch/slc6_amd64_gcc630/external/professor2/2.2.1-ghjeda6/lib/python2.7/site-packages', '/cvmfs/cms.cern.ch/slc6_amd64_gcc630/external/pyqt/4.11.4-mlhled2/lib/python2.7/site-packages', '/cvmfs/cms.cern.ch/slc6_amd64_gcc630/external/sherpa/2.2.4-ghjeda/lib/python2.7/site-packages', '/cvmfs/cms.cern.ch/slc6_amd64_gcc630/external/rivet/2.5.2-ghjeda4/lib/python2.7/site-packages', '/cvmfs/cms.cern.ch/slc6_amd64_gcc630/external/python-ldap/2.4.10-mlhled2/lib/python2.7/site-packages', '/cvmfs/cms.cern.ch/slc6_amd64_gcc630/external/py2-matplotlib/1.5.2-njopjo/lib/python2.7/site-packages', '/cvmfs/cms.cern.ch/slc6_amd64_gcc630/external/sip/4.17-mlhled2/lib/python2.7/site-packages', '/cvmfs/cms.cern.ch/slc6_amd64_gcc630/external/llvm/4.0.0-njopjo/lib64/python2.7/site-packages', '/cvmfs/cms.cern.ch/slc6_amd64_gcc630/external/py2-sqlalchemy/1.1.4-mlhled2/lib/python2.7/site-packages', '/cvmfs/cms.cern.ch/slc6_amd64_gcc630/external/py2-lint/0.25.1-mlhled2/lib/python2.7/site-packages', '/cvmfs/cms.cern.ch/slc6_amd64_gcc630/external/py2-dxr/1.0-ghjeda6/lib/python2.7/site-packages', '/cvmfs/cms.cern.ch/slc6_amd64_gcc630/external/py2-cx-oracle/5.2.1-mlhled2/lib/python2.7/site-packages', '/cvmfs/cms.cern.ch/slc6_amd64_gcc630/external/py2-numpy/1.12.1-mlhled2/lib/python2.7/site-packages', '/cvmfs/cms.cern.ch/slc6_amd64_gcc630/external/frontier_client/2.8.20-mlhled2/python/lib', '/cvmfs/cms.cern.ch/slc6_amd64_gcc630/cms/das_client/v03.01.00-mlhled2/bin', '/cvmfs/cms.cern.ch/slc6_amd64_gcc630/external/xrootd/4.6.1/lib/python2.7/site-packages', '/cvmfs/cms.cern.ch/slc6_amd64_gcc630/external/yoda/1.6.5-ghjeda4/lib/python2.7/site-packages', '/cvmfs/cms.cern.ch/slc6_amd64_gcc630/lcg/root/6.10.04-ghjeda/lib', '/cvmfs/cms.cern.ch/slc6_amd64_gcc630/external/pyminuit2/0.0.1-ghjeda4/lib/python2.7/site-packages', '/cvmfs/cms.cern.ch/slc6_amd64_gcc630/external/py2-PyYAML/3.11-mlhled2/lib/python2.7/site-packages', '/cvmfs/cms.cern.ch/slc6_amd64_gcc630/external/py2-pygithub/1.23.0-mlhled2/lib/python2.7/site-packages', '/cvmfs/cms.cern.ch/slc6_amd64_gcc630/external/py2-pip/9.0.1-mlhled2/lib/python2.7/site-packages', '/cvmfs/cms.cern.ch/slc6_amd64_gcc630/external/py2-dablooms/0.9.1-mlhled2/lib/python2.7/site-packages', '/cvmfs/cms.cern.ch/slc6_amd64_gcc630/external/py2-pippkgs_depscipy/3.0-ghjeda6/lib/python2.7/site-packages', '/cvmfs/cms.cern.ch/slc6_amd64_gcc630/external/py2-pippkgs/5.0-ghjeda6/lib/python2.7/site-packages', '/cvmfs/cms.cern.ch/slc6_amd64_gcc630/external/professor/1.4.0-ghjeda4/lib/python2.7/site-packages', '/cvmfs/cms.cern.ch/slc6_amd64_gcc630/cms/dbs-client/DBS_2_1_9-mlhled2/lib', '/cvmfs/cms.cern.ch/slc6_amd64_gcc630/cms/dbs-client/DBS_2_1_9-mlhled2/lib/DBSAPI', '/cvmfs/cms.cern.ch/slc6_amd64_gcc630/external/cvs2git/5419-mlhled2/lib', '/cvmfs/cms.cern.ch/crab3/slc6_amd64_gcc493/cms/crabclient/3.3.1707.patch1/lib/python2.7/site-packages', '/cvmfs/cms.cern.ch/crab3/slc6_amd64_gcc493/cms/dbs3-client/3.4.4/lib/python2.7/site-packages', '/cvmfs/cms.cern.ch/crab3/slc6_amd64_gcc493/cms/dbs3-pycurl-client/3.4.4/lib/python2.7/site-packages', '/cvmfs/cms.cern.ch/slc6_amd64_gcc630/external/py2-sqlalchemy/1.1.4-mlhled2/lib/python2.7/site-packages/SQLAlchemy-1.1.4-py2.7-linux-x86_64.egg', '/cvmfs/cms.cern.ch/slc6_amd64_gcc630/external/py2-numpy/1.12.1-mlhled2/lib/python2.7/site-packages/numpy-1.12.1-py2.7-linux-x86_64.egg', '/cvmfs/cms.cern.ch/slc6_amd64_gcc630/external/python/2.7.11-mlhled2/lib/python27.zip', '/cvmfs/cms.cern.ch/slc6_amd64_gcc630/external/python/2.7.11-mlhled2/lib/python2.7', '/cvmfs/cms.cern.ch/slc6_amd64_gcc630/external/python/2.7.11-mlhled2/lib/python2.7/plat-linux2', '/cvmfs/cms.cern.ch/slc6_amd64_gcc630/external/python/2.7.11-mlhled2/lib/python2.7/lib-tk', '/cvmfs/cms.cern.ch/slc6_amd64_gcc630/external/python/2.7.11-mlhled2/lib/python2.7/lib-old', '/cvmfs/cms.cern.ch/slc6_amd64_gcc630/external/python/2.7.11-mlhled2/lib/python2.7/lib-dynload', '/cvmfs/cms.cern.ch/slc6_amd64_gcc630/external/python/2.7.11-mlhled2/lib/python2.7/site-packages', '/uscms_data/d3/samuellh/WorkingArea/TauAnalysis/CMSSW_9_3_2/src/PUAnalysis/VBFtt2017/crab/VBF8'])
 ##################################################################### 
 # WARNING: the module CondCore.DBCommon.CondDBSetup is deprecated.  # 
 # Please import CondCore.CondDB.CondDB_cfi                          # 
 ##################################################################### 
recorrecting the jets
List Of Filters
['processedEvents', 'initialEventsTT', 'DiMuonCreation', 'AtLeastOneDiTau', 'TTTauPtEta', 'TTTauDecayFound', 'TTTauStandardDecayFound', 'TTTauDRSel', 'TTSync', 'TTAntiEle', 'TTAntiMu', 'TTIso', 'TTOS']
DEBUG 2017-11-15 07:53:12,938: 	 Executing command: 'submit'
DEBUG 2017-11-15 07:53:12,939: 	 Found CRAB cache file /uscms/home/samuellh/.crab3
DEBUG 2017-11-15 07:53:12,946: 	 Checking credentials
DEBUG 2017-11-15 07:53:12,946: 	 Found proxy file /tmp/x509up_u52190
DEBUG 2017-11-15 07:53:12,947: 	 Getting proxy life time left
DEBUG 2017-11-15 07:53:13,049: 	 Executing : 
 command : voms-proxy-info -file /tmp/x509up_u52190 -timeleft
 output : 81690

 error: 
 retcode : 0
DEBUG 2017-11-15 07:53:13,152: 	 Executing : 
 command : voms-proxy-info -file /tmp/x509up_u52190 -actimeleft
 output : 81689

 error: 
 retcode : 0
DEBUG 2017-11-15 07:53:13,153: 	 Proxy valid for 22:41:30 hours
INFO 2017-11-15 07:53:13,153: 	 Will use CRAB configuration file crab3_TT_MC.py
DEBUG 2017-11-15 07:53:13,153: 	 Loading CRAB configuration file.
DEBUG 2017-11-15 07:53:13,160: 	 Will use CRAB Analysis plugin (i.e. will run an analysis job type).
DEBUG 2017-11-15 07:53:13,276: 	 Executing : 
 command : openssl x509 -in ~/.globus/usercert.pem -subject -noout
 output : subject= /DC=ch/DC=cern/OU=Organic Units/OU=Users/CN=shigginb/CN=785176/CN=Sam Higginbotham

 error: 
 retcode : 0
DEBUG 2017-11-15 07:53:13,277: 	 Checking credentials
DEBUG 2017-11-15 07:53:13,277: 	 Found proxy file /tmp/x509up_u52190
DEBUG 2017-11-15 07:53:13,277: 	 Getting proxy life time left
DEBUG 2017-11-15 07:53:13,380: 	 Executing : 
 command : voms-proxy-info -file /tmp/x509up_u52190 -timeleft
 output : 81690

 error: 
 retcode : 0
DEBUG 2017-11-15 07:53:13,484: 	 Executing : 
 command : voms-proxy-info -file /tmp/x509up_u52190 -actimeleft
 output : 81689

 error: 
 retcode : 0
DEBUG 2017-11-15 07:53:13,484: 	 Proxy valid for 22:41:30 hours
DEBUG 2017-11-15 07:53:13,587: 	 Executing : 
 command : env X509_USER_PROXY=/tmp/x509up_u52190 voms-proxy-info -fqan
 output : /cms/Role=NULL/Capability=NULL

 error: 
 retcode : 0
DEBUG 2017-11-15 07:53:15,290: 	 Registering user credentials for server /DC=ch/DC=cern/OU=computers/CN=vocms(045|052|021|031|0118|0118a|0119|0108|0105|0109).cern.ch
DEBUG 2017-11-15 07:53:15,399: 	 Executing : 
 command : openssl x509 -in ~/.globus/usercert.pem -subject -noout
 output : subject= /DC=ch/DC=cern/OU=Organic Units/OU=Users/CN=shigginb/CN=785176/CN=Sam Higginbotham

 error: 
 retcode : 0
DEBUG 2017-11-15 07:53:15,399: 	 Getting myproxy life time left for myproxy.cern.ch
DEBUG 2017-11-15 07:53:15,400: 	 Calculating hash of /DC=ch/DC=cern/OU=Organic Units/OU=Users/CN=shigginb/CN=785176/CN=Sam Higginbotham_cmsweb.cern.ch for credential name
DEBUG 2017-11-15 07:53:16,605: 	 Executing : 
 command : myproxy-info -l 2f318c7a260d78734589f2cc772d26b8be79ec6c -s myproxy.cern.ch
 output : username: 2f318c7a260d78734589f2cc772d26b8be79ec6c
owner: /DC=ch/DC=cern/OU=Organic Units/OU=Users/CN=shigginb/CN=785176/CN=Sam Higginbotham
  renewal policy: /DC=ch/DC=cern/OU=computers/CN=vocms(045|052|021|031|0118|0118a|0119|0108|0105|0109).cern.ch
  trusted retrieval policy: /DC=ch/DC=cern/OU=computers/CN=vocms(045|052|021|031|0118|0118a|0119|0108|0105|0109).cern.ch
  timeleft: 431:30:25  (18.0 days)

 error: 
 retcode : 0
DEBUG 2017-11-15 07:53:16,606: 	 Myproxy is valid: 1553425
DEBUG 2017-11-15 07:53:16,607: 	 Command use: submit
DEBUG 2017-11-15 07:53:16,607: 	 Options use: ['-c', 'crab3_TT_MC.py']
DEBUG 2017-11-15 07:53:18,279: 	 CRABClient version: 3.3.1707.patch1
DEBUG 2017-11-15 07:53:18,280: 	 Instance is prod
DEBUG 2017-11-15 07:53:18,280: 	 Server base url is cmsweb.cern.ch
DEBUG 2017-11-15 07:53:18,280: 	 Command url /crabserver/prod/workflow
DEBUG 2017-11-15 07:53:18,280: 	 Started submission
DEBUG 2017-11-15 07:53:18,280: 	 Working on /uscms_data/d3/samuellh/WorkingArea/TauAnalysis/CMSSW_9_3_2/src/PUAnalysis/VBFtt2017/crab/VBF8/crab_20171115_075313
DEBUG 2017-11-15 07:53:20,091: 	 Loading required information from the environment
DEBUG 2017-11-15 07:53:20,091: 	 Found CMSSW_9_3_2 for slc6_amd64_gcc630 with base /uscms_data/d3/samuellh/WorkingArea/TauAnalysis/CMSSW_9_3_2
DEBUG 2017-11-15 07:53:20,091: 	 Loading required information from the environment
DEBUG 2017-11-15 07:53:20,091: 	 Found CMSSW_9_3_2 for slc6_amd64_gcc630 with base /uscms_data/d3/samuellh/WorkingArea/TauAnalysis/CMSSW_9_3_2
DEBUG 2017-11-15 07:53:20,103: 	 UNIQUE NAME: tarUUID 30629800-44b6-42ba-ada0-f12e1fad159f 
DEBUG 2017-11-15 07:53:20,103: 	 self.config: from WMCore.Configuration import Configuration
config = Configuration()
config.section_('General')
config.section_('JobType')
config.JobType.psetName = '../../../TT-MC-Up.py'
config.JobType.pluginName = 'Analysis'
config.JobType.inputFiles = ['../../../Configuration/data/PhaseIISummer16_25nsV3_MC.db']
config.JobType.outputFiles = ['analysis.root']
config.JobType.allowUndistributedCMSSW = True
config.section_('Data')
config.Data.inputDataset = '/GJet_Pt-40toInf_DoubleEMEnriched_MGG-80toInf_TuneCUETP8M1_14TeV_Pythia8/PhaseIITDRFall17MiniAOD-PU200_93X_upgrade2023_realistic_v2-v1/MINIAODSIM'
config.Data.unitsPerJob = 1
config.Data.publication = False
config.Data.inputDBS = 'global'
config.Data.splitting = 'FileBased'
config.section_('Site')
config.Site.storageSite = 'T3_US_FNALLPC'
config.section_('User')
config.section_('Debug')

DEBUG 2017-11-15 07:53:20,103: 	 self.config.JobType.psetName: ../../../TT-MC-Up.py
INFO 2017-11-15 07:53:20,103: 	 Importing CMSSW configuration ../../../TT-MC-Up.py
INFO 2017-11-15 07:53:22,515: 	 Finished importing CMSSW configuration ../../../TT-MC-Up.py
DEBUG 2017-11-15 07:53:22,515: 	 Writing CMSSW configuration to /uscms_data/d3/samuellh/WorkingArea/TauAnalysis/CMSSW_9_3_2/src/PUAnalysis/VBFtt2017/crab/VBF8/crab_20171115_075313/inputs/PSet.py
DEBUG 2017-11-15 07:53:23,324: 	 The following EDM output files will be collected: []
DEBUG 2017-11-15 07:53:23,324: 	 The following TFile output files will be collected: ['analysis.root']
DEBUG 2017-11-15 07:53:23,324: 	 The following user output files will be collected: []
DEBUG 2017-11-15 07:53:23,324: 	 Loading required information from the environment
DEBUG 2017-11-15 07:53:23,324: 	 Found CMSSW_9_3_2 for slc6_amd64_gcc630 with base /uscms_data/d3/samuellh/WorkingArea/TauAnalysis/CMSSW_9_3_2
DEBUG 2017-11-15 07:53:23,324: 	 Making tarball in /uscms_data/d3/samuellh/WorkingArea/TauAnalysis/CMSSW_9_3_2/src/PUAnalysis/VBFtt2017/crab/VBF8/crab_20171115_075313/inputs/30629800-44b6-42ba-ada0-f12e1fad159fdefault.tgz
DEBUG 2017-11-15 07:53:23,338: 	 Checking directory /uscms_data/d3/samuellh/WorkingArea/TauAnalysis/CMSSW_9_3_2/lib
DEBUG 2017-11-15 07:53:23,338: 	 Adding directory /uscms_data/d3/samuellh/WorkingArea/TauAnalysis/CMSSW_9_3_2/lib to tarball
DEBUG 2017-11-15 07:53:24,087: 	 Checking directory /uscms_data/d3/samuellh/WorkingArea/TauAnalysis/CMSSW_9_3_2/biglib
DEBUG 2017-11-15 07:53:24,087: 	 Adding directory /uscms_data/d3/samuellh/WorkingArea/TauAnalysis/CMSSW_9_3_2/biglib to tarball
DEBUG 2017-11-15 07:53:24,089: 	 Checking directory /uscms_data/d3/samuellh/WorkingArea/TauAnalysis/CMSSW_9_3_2/module
DEBUG 2017-11-15 07:53:24,113: 	 Adding data directory /uscms_data/d3/samuellh/WorkingArea/TauAnalysis/CMSSW_9_3_2/src/PUAnalysis/Configuration/data to tarball
DEBUG 2017-11-15 07:53:26,608: 	 Adding data directory /uscms_data/d3/samuellh/WorkingArea/TauAnalysis/CMSSW_9_3_2/src/PUAnalysis/DataFormats/interface to tarball
DEBUG 2017-11-15 07:53:26,617: 	 Adding data directory /uscms_data/d3/samuellh/WorkingArea/TauAnalysis/CMSSW_9_3_2/src/PUAnalysis/NtupleTools/interface to tarball
DEBUG 2017-11-15 07:53:26,621: 	 Adding data directory /uscms_data/d3/samuellh/WorkingArea/TauAnalysis/CMSSW_9_3_2/src/PUAnalysis/RecoTools/interface to tarball
DEBUG 2017-11-15 07:53:26,853: 	 Adding file ../../../Configuration/data/PhaseIISummer16_25nsV3_MC.db to tarball
DEBUG 2017-11-15 07:53:27,460: 	 Uploading archive /uscms_data/d3/samuellh/WorkingArea/TauAnalysis/CMSSW_9_3_2/src/PUAnalysis/VBFtt2017/crab/VBF8/crab_20171115_075313/inputs/30629800-44b6-42ba-ada0-f12e1fad159fdefault.tgz (11 MB) to the CRAB cache. Using URI https://cmsweb.cern.ch/crabcache
DEBUG 2017-11-15 07:53:34,377: 	 Loading required information from the environment
DEBUG 2017-11-15 07:53:34,378: 	 Found CMSSW_9_3_2 for slc6_amd64_gcc630 with base /uscms_data/d3/samuellh/WorkingArea/TauAnalysis/CMSSW_9_3_2
DEBUG 2017-11-15 07:53:34,378: 	 Making tarball in /uscms_data/d3/samuellh/WorkingArea/TauAnalysis/CMSSW_9_3_2/src/PUAnalysis/VBFtt2017/crab/VBF8/crab_20171115_075313/inputs/debugFiles.tgz
DEBUG 2017-11-15 07:53:34,738: 	 Uploading archive /uscms_data/d3/samuellh/WorkingArea/TauAnalysis/CMSSW_9_3_2/src/PUAnalysis/VBFtt2017/crab/VBF8/crab_20171115_075313/inputs/debugFiles.tgz (2 KB) to the CRAB cache. Using URI https://cmsweb.cern.ch/crabcache
DEBUG 2017-11-15 07:53:36,442: 	 Result uploading input files: 4e198fb019d07e682a8bd09208595d4eb73bac82ae7f6e24154a54b4451cc952.tar.gz 
INFO 2017-11-15 07:53:36,442: 	 Sending the request to the server
DEBUG 2017-11-15 07:53:36,443: 	 Submitting {'maxjobruntime': 1250, 'extrajdl': [], 'ignorelocality': 0, 'savelogsflag': 0, 'useparent': 0, 'asyncdest': 'T3_US_FNALLPC', 'algoargs': 1, 'cachefilename': '4e198fb019d07e682a8bd09208595d4eb73bac82ae7f6e24154a54b4451cc952.tar.gz', 'numcores': 1, 'addoutputfiles': [], 'generator': 'pythia', 'maxmemory': 2000, 'publishdbsurl': 'https://cmsweb.cern.ch/dbs/prod/phys03/DBSWriter', 'priority': 10, 'jobsw': 'CMSSW_9_3_2', 'edmoutfiles': [], 'userfiles': [], 'primarydataset': '', 'inputdata': '/GJet_Pt-40toInf_DoubleEMEnriched_MGG-80toInf_TuneCUETP8M1_14TeV_Pythia8/PhaseIITDRFall17MiniAOD-PU200_93X_upgrade2023_realistic_v2-v1/MINIAODSIM', 'dryrun': 0, 'workflow': 'crab_20171115_075313', 'cacheurl': u'https://cmsweb.cern.ch/crabcache', 'nonprodsw': 1, 'tfileoutfiles': ['analysis.root'], 'oneEventMode': 0, 'debugfilename': '3670fcbd6985b68c80c4e9dcf6ec8bd1ab7049ec36b6b4ffed90dfa7f482dfbb.tar.gz', 'saveoutput': 1, 'publication': 0, 'jobarch': 'slc6_amd64_gcc630', 'totalunits': 0, 'splitalgo': 'FileBased', 'ignoreglobalblacklist': 0, 'nonvaliddata': 0, 'dbsurl': 'https://cmsweb.cern.ch/dbs/prod/global/DBSReader', 'publishgroupname': 0, 'jobtype': 'Analysis', 'publishname2': ''} 
DEBUG 2017-11-15 07:53:36,443: 	 Encoded submit request: maxjobruntime=1250&ignorelocality=0&savelogsflag=0&useparent=0&asyncdest=T3_US_FNALLPC&algoargs=1&cachefilename=4e198fb019d07e682a8bd09208595d4eb73bac82ae7f6e24154a54b4451cc952.tar.gz&numcores=1&generator=pythia&maxmemory=2000&publishdbsurl=https%3A%2F%2Fcmsweb.cern.ch%2Fdbs%2Fprod%2Fphys03%2FDBSWriter&priority=10&jobsw=CMSSW_9_3_2&primarydataset=&inputdata=%2FGJet_Pt-40toInf_DoubleEMEnriched_MGG-80toInf_TuneCUETP8M1_14TeV_Pythia8%2FPhaseIITDRFall17MiniAOD-PU200_93X_upgrade2023_realistic_v2-v1%2FMINIAODSIM&dryrun=0&workflow=crab_20171115_075313&cacheurl=https%3A%2F%2Fcmsweb.cern.ch%2Fcrabcache&nonprodsw=1&oneEventMode=0&debugfilename=3670fcbd6985b68c80c4e9dcf6ec8bd1ab7049ec36b6b4ffed90dfa7f482dfbb.tar.gz&saveoutput=1&publication=0&jobarch=slc6_amd64_gcc630&totalunits=0&splitalgo=FileBased&ignoreglobalblacklist=0&nonvaliddata=0&dbsurl=https%3A%2F%2Fcmsweb.cern.ch%2Fdbs%2Fprod%2Fglobal%2FDBSReader&publishgroupname=0&jobtype=Analysis&publishname2=&tfileoutfiles=analysis.root
DEBUG 2017-11-15 07:53:38,246: 	 Result: {u'result': [{u'RequestName': u'171115_135338:shigginb_crab_20171115_075313'}]}
INFO 2017-11-15 07:53:39,512: 	 Success: Your task has been delivered to the CRAB3 server.
INFO 2017-11-15 07:53:39,513: 	 Task name: 171115_135338:shigginb_crab_20171115_075313
INFO 2017-11-15 07:53:39,520: 	 Please use 'crab status' to check how the submission process proceeds.
DEBUG 2017-11-15 07:53:39,521: 	 About to return
INFO 2017-11-15 07:53:39,528: 	 Log file is /uscms_data/d3/samuellh/WorkingArea/TauAnalysis/CMSSW_9_3_2/src/PUAnalysis/VBFtt2017/crab/VBF8/crab_20171115_075313/crab.log
DEBUG 2017-11-15 08:10:24,824: 	 Executing command: 'status'
DEBUG 2017-11-15 08:10:24,825: 	 Found CRAB cache file /uscms/home/samuellh/.crab3
DEBUG 2017-11-15 08:10:24,832: 	 Checking credentials
DEBUG 2017-11-15 08:10:24,833: 	 Found proxy file /tmp/x509up_u52190
DEBUG 2017-11-15 08:10:24,833: 	 Getting proxy life time left
DEBUG 2017-11-15 08:10:24,935: 	 Executing : 
 command : voms-proxy-info -file /tmp/x509up_u52190 -timeleft
 output : 80659

 error: 
 retcode : 0
DEBUG 2017-11-15 08:10:25,039: 	 Executing : 
 command : voms-proxy-info -file /tmp/x509up_u52190 -actimeleft
 output : 80658

 error: 
 retcode : 0
DEBUG 2017-11-15 08:10:25,039: 	 Proxy valid for 22:24:19 hours
DEBUG 2017-11-15 08:10:25,165: 	 Executing : 
 command : openssl x509 -in ~/.globus/usercert.pem -subject -noout
 output : subject= /DC=ch/DC=cern/OU=Organic Units/OU=Users/CN=shigginb/CN=785176/CN=Sam Higginbotham

 error: 
 retcode : 0
DEBUG 2017-11-15 08:10:25,166: 	 Checking credentials
DEBUG 2017-11-15 08:10:25,166: 	 Found proxy file /tmp/x509up_u52190
DEBUG 2017-11-15 08:10:25,166: 	 Getting proxy life time left
DEBUG 2017-11-15 08:10:25,269: 	 Executing : 
 command : voms-proxy-info -file /tmp/x509up_u52190 -timeleft
 output : 80658

 error: 
 retcode : 0
DEBUG 2017-11-15 08:10:25,372: 	 Executing : 
 command : voms-proxy-info -file /tmp/x509up_u52190 -actimeleft
 output : 80657

 error: 
 retcode : 0
DEBUG 2017-11-15 08:10:25,372: 	 Proxy valid for 22:24:18 hours
DEBUG 2017-11-15 08:10:27,164: 	 Registering user credentials for server /DC=ch/DC=cern/OU=computers/CN=vocms(045|052|021|031|0118|0118a|0119|0108|0105|0109).cern.ch
DEBUG 2017-11-15 08:10:27,272: 	 Executing : 
 command : openssl x509 -in ~/.globus/usercert.pem -subject -noout
 output : subject= /DC=ch/DC=cern/OU=Organic Units/OU=Users/CN=shigginb/CN=785176/CN=Sam Higginbotham

 error: 
 retcode : 0
DEBUG 2017-11-15 08:10:27,272: 	 Getting myproxy life time left for myproxy.cern.ch
DEBUG 2017-11-15 08:10:27,273: 	 Calculating hash of /DC=ch/DC=cern/OU=Organic Units/OU=Users/CN=shigginb/CN=785176/CN=Sam Higginbotham_cmsweb.cern.ch for credential name
DEBUG 2017-11-15 08:10:28,778: 	 Executing : 
 command : myproxy-info -l 2f318c7a260d78734589f2cc772d26b8be79ec6c -s myproxy.cern.ch
 output : username: 2f318c7a260d78734589f2cc772d26b8be79ec6c
owner: /DC=ch/DC=cern/OU=Organic Units/OU=Users/CN=shigginb/CN=785176/CN=Sam Higginbotham
  renewal policy: /DC=ch/DC=cern/OU=computers/CN=vocms(045|052|021|031|0118|0118a|0119|0108|0105|0109).cern.ch
  trusted retrieval policy: /DC=ch/DC=cern/OU=computers/CN=vocms(045|052|021|031|0118|0118a|0119|0108|0105|0109).cern.ch
  timeleft: 431:13:13  (18.0 days)

 error: 
 retcode : 0
DEBUG 2017-11-15 08:10:28,780: 	 Myproxy is valid: 1552393
DEBUG 2017-11-15 08:10:28,780: 	 Command use: status
DEBUG 2017-11-15 08:10:28,780: 	 Options use: ['-d', 'crab_20171115_075313/']
DEBUG 2017-11-15 08:10:30,814: 	 CRABClient version: 3.3.1707.patch1
DEBUG 2017-11-15 08:10:30,814: 	 Instance is prod
DEBUG 2017-11-15 08:10:30,814: 	 Server base url is cmsweb.cern.ch
DEBUG 2017-11-15 08:10:30,815: 	 Command url /crabserver/prod/workflow
DEBUG 2017-11-15 08:10:32,589: 	 Got information from server oracle database: {u'result': [u'171115_135338:shigginb_crab_20171115_075313', u'None', u'SUBMITTED', u'2017-11-15 13:53:38.185528', u'None', u'2017-11-15 13:54:45.844996', u'None', u'CMSSW_9_3_2', u'slc6_amd64_gcc630', u'/GJet_Pt-40toInf_DoubleEMEnriched_MGG-80toInf_TuneCUETP8M1_14TeV_Pythia8/PhaseIITDRFall17MiniAOD-PU200_93X_upgrade2023_realistic_v2-v1/MINIAODSIM', u'[]', u'[]', u'FileBased', u"{'splitOnRun': False, 'halt_job_on_file_boundaries': False, 'files_per_job': 1, 'runs': [], 'lumis': []}", u'0', u'4e198fb019d07e682a8bd09208595d4eb73bac82ae7f6e24154a54b4451cc952.tar.gz', u'https://cmsweb.cern.ch/crabcache', u'shigginb', u'/DC=ch/DC=cern/OU=Organic Units/OU=Users/CN=shigginb/CN=785176/CN=Sam Higginbotham', u'cms', u'None', u'None', u'crab_20171115_075313-00000000000000000000000000000000', u'T3_US_FNALLPC', u'https://cmsweb.cern.ch/dbs/prod/global/DBSReader', u'https://cmsweb.cern.ch/dbs/prod/phys03/DBSWriter', u'F', u'Analysis', u'{}', u'[]', u'F', u'vocms052', u'[]', u'1250', u'1', u'2000', u'10', u'None', u'http://vocms0119.cern.ch/mon/cms1359/171115_135338:shigginb_crab_20171115_075313', u'None', u'None', u'[]', u'[]', u'[]', u'pythia', u'[]', u"['analysis.root']", u'[]', u'https://cmsweb.cern.ch/crabserver/prod', u'None', u'0', u'cmssrv221.fnal.gov:9620', u'crab3@vocms0119.cern.ch', u'F', u'[]', u'T', u'/store/user/shigginb/', u'F', u'None', u'F', u'F', u'F', u'None', u'GJet_Pt-40toInf_DoubleEMEnriched_MGG-80toInf_TuneCUETP8M1_14TeV_Pythia8', u'filetransfers', u'SUBMIT', u'13721974', u'3670fcbd6985b68c80c4e9dcf6ec8bd1ab7049ec36b6b4ffed90dfa7f482dfbb.tar.gz', u'131.225.190.56', u'F', u'None'], u'desc': {u'columns': [u'tm_taskname', u'panda_jobset_id', u'tm_task_status', u'tm_start_time', u'tm_start_injection', u'tm_end_injection', u'tm_task_failure', u'tm_job_sw', u'tm_job_arch', u'tm_input_dataset', u'tm_site_whitelist', u'tm_site_blacklist', u'tm_split_algo', u'tm_split_args', u'tm_totalunits', u'tm_user_sandbox', u'tm_cache_url', u'tm_username', u'tm_user_dn', u'tm_user_vo', u'tm_user_role', u'tm_user_group', u'tm_publish_name', u'tm_asyncdest', u'tm_dbs_url', u'tm_publish_dbs_url', u'tm_publication', u'tm_job_type', u'tm_arguments', u'panda_resubmitted_jobs', u'tm_save_logs', u'tw_name', u'tm_user_infiles', u'tm_maxjobruntime', u'tm_numcores', u'tm_maxmemory', u'tm_priority', u'tm_output_dataset', u'tm_user_webdir', u'tm_activity', u'tm_scriptexe', u'tm_scriptargs', u'tm_extrajdl', u'tm_task_warnings', u'tm_generator', u'tm_outfiles', u'tm_tfile_outfiles', u'tm_edm_outfiles', u'tm_asourl', u'tm_events_per_lumi', u'tm_use_parent', u'tm_collector', u'tm_schedd', u'tm_dry_run', u'tm_user_files', u'tm_transfer_outputs', u'tm_output_lfn', u'tm_ignore_locality', u'tm_fail_limit', u'tm_one_event_mode', u'tm_publish_groupname', u'tm_nonvalid_input_dataset', u'tm_secondary_input_dataset', u'tm_primary_dataset', u'tm_asodb', u'tm_task_command', u'clusterid', u'tm_debug_files', u'tm_submitter_ip_addr', u'tm_ignore_global_blacklist', u'tm_last_publication']}}
INFO 2017-11-15 08:10:32,589: 	 CRAB project directory:		/uscms_data/d3/samuellh/WorkingArea/TauAnalysis/CMSSW_9_3_2/src/PUAnalysis/VBFtt2017/crab/VBF8/crab_20171115_075313
INFO 2017-11-15 08:10:32,589: 	 Task name:			171115_135338:shigginb_crab_20171115_075313
INFO 2017-11-15 08:10:32,590: 	 Grid scheduler:			crab3@vocms0119.cern.ch
INFO 2017-11-15 08:10:32,590: 	 Status on the CRAB server:	SUBMITTED
INFO 2017-11-15 08:10:32,590: 	 Task URL to use for HELP:	https://cmsweb.cern.ch/crabserver/ui/task/171115_135338%3Ashigginb_crab_20171115_075313
INFO 2017-11-15 08:10:32,590: 	 Dashboard monitoring URL:	http://dashb-cms-job.cern.ch/dashboard/templates/task-analysis/#user=shigginb&refresh=0&table=Jobs&p=1&records=25&activemenu=2&status=&site=&tid=171115_135338%3Ashigginb_crab_20171115_075313
DEBUG 2017-11-15 08:10:32,590: 	 The CRAB server submitted your task to the Grid scheduler (cluster ID: 13721974)
DEBUG 2017-11-15 08:10:32,590: 	 Webdir is located at http://vocms0119.cern.ch/mon/cms1359/171115_135338:shigginb_crab_20171115_075313
DEBUG 2017-11-15 08:10:34,244: 	 Proxied webdir is located at https://cmsweb.cern.ch/scheddmon/0119/cms1359/171115_135338:shigginb_crab_20171115_075313
DEBUG 2017-11-15 08:10:34,245: 	 Retrieving 'status_cache' file from https://cmsweb.cern.ch/scheddmon/0119/cms1359/171115_135338:shigginb_crab_20171115_075313/status_cache
DEBUG 2017-11-15 08:10:35,790: 	 Got information from status cache file: {'1': {'Retries': 0, 'WallDurations': [310.0], 'StartTimes': [1510754442.0], 'SubmitTimes': [1510754108.0], 'JobIds': ['13721983.0'], 'EndTimes': [], 'Restarts': 0, 'RecordedSite': False, 'State': 'running', 'ResidentSetSize': [739016], 'TotalUserCpuTimeHistory': [0], 'SiteHistory': ['Unknown'], 'TotalSysCpuTimeHistory': [0]}, '3': {'Retries': 0, 'WallDurations': [310.0], 'StartTimes': [1510754442.0], 'SubmitTimes': [1510754111.0], 'JobIds': ['13721986.0'], 'EndTimes': [], 'Restarts': 0, 'RecordedSite': False, 'State': 'running', 'ResidentSetSize': [743676], 'TotalUserCpuTimeHistory': [0], 'SiteHistory': ['Unknown'], 'TotalSysCpuTimeHistory': [0]}, '2': {'Retries': 0, 'WallDurations': [310.0], 'StartTimes': [1510754441.0], 'SubmitTimes': [1510754109.0], 'JobIds': ['13721984.0'], 'EndTimes': [], 'Restarts': 0, 'RecordedSite': False, 'State': 'running', 'ResidentSetSize': [739444], 'TotalUserCpuTimeHistory': [0], 'SiteHistory': ['Unknown'], 'TotalSysCpuTimeHistory': [0]}, '5': {'Retries': 0, 'WallDurations': [165.0], 'StartTimes': [1510754442.0], 'SubmitTimes': [1510754108.0], 'JobIds': ['13721982.0'], 'EndTimes': [1510754607.0], 'Restarts': 0, 'RecordedSite': False, 'State': 'finished', 'ResidentSetSize': [32932], 'TotalUserCpuTimeHistory': [91], 'SiteHistory': ['Unknown'], 'TotalSysCpuTimeHistory': [14]}, '4': {'Retries': 0, 'WallDurations': [310.0], 'StartTimes': [1510754442.0], 'SubmitTimes': [1510754110.0], 'JobIds': ['13721985.0'], 'EndTimes': [], 'Restarts': 0, 'RecordedSite': False, 'State': 'running', 'ResidentSetSize': [732456], 'TotalUserCpuTimeHistory': [0], 'SiteHistory': ['Unknown'], 'TotalSysCpuTimeHistory': [0]}}
INFO 2017-11-15 08:10:35,790: 	 Status on the scheduler:	SUBMITTED
INFO 2017-11-15 08:10:35,790: 	 
Jobs status:                    finished       20.0% (1/5)
INFO 2017-11-15 08:10:35,790: 	 				running        80.0% (4/5)
INFO 2017-11-15 08:10:35,790: 	 
No publication information (publication has been disabled in the CRAB configuration file)
INFO 2017-11-15 08:10:35,815: 	 Log file is /uscms_data/d3/samuellh/WorkingArea/TauAnalysis/CMSSW_9_3_2/src/PUAnalysis/VBFtt2017/crab/VBF8/crab_20171115_075313/crab.log
DEBUG 2017-11-15 09:23:56,371: 	 Executing command: 'status'
DEBUG 2017-11-15 09:23:56,372: 	 Found CRAB cache file /uscms/home/samuellh/.crab3
DEBUG 2017-11-15 09:23:56,379: 	 Checking credentials
DEBUG 2017-11-15 09:23:56,380: 	 Found proxy file /tmp/x509up_u52190
DEBUG 2017-11-15 09:23:56,380: 	 Getting proxy life time left
DEBUG 2017-11-15 09:23:56,483: 	 Executing : 
 command : voms-proxy-info -file /tmp/x509up_u52190 -timeleft
 output : 76247

 error: 
 retcode : 0
DEBUG 2017-11-15 09:23:56,586: 	 Executing : 
 command : voms-proxy-info -file /tmp/x509up_u52190 -actimeleft
 output : 76246

 error: 
 retcode : 0
DEBUG 2017-11-15 09:23:56,586: 	 Proxy valid for 21:10:47 hours
DEBUG 2017-11-15 09:23:56,700: 	 Executing : 
 command : openssl x509 -in ~/.globus/usercert.pem -subject -noout
 output : subject= /DC=ch/DC=cern/OU=Organic Units/OU=Users/CN=shigginb/CN=785176/CN=Sam Higginbotham

 error: 
 retcode : 0
DEBUG 2017-11-15 09:23:56,700: 	 Checking credentials
DEBUG 2017-11-15 09:23:56,700: 	 Found proxy file /tmp/x509up_u52190
DEBUG 2017-11-15 09:23:56,700: 	 Getting proxy life time left
DEBUG 2017-11-15 09:23:56,804: 	 Executing : 
 command : voms-proxy-info -file /tmp/x509up_u52190 -timeleft
 output : 76247

 error: 
 retcode : 0
DEBUG 2017-11-15 09:23:56,907: 	 Executing : 
 command : voms-proxy-info -file /tmp/x509up_u52190 -actimeleft
 output : 76246

 error: 
 retcode : 0
DEBUG 2017-11-15 09:23:56,907: 	 Proxy valid for 21:10:47 hours
DEBUG 2017-11-15 09:23:58,646: 	 Registering user credentials for server /DC=ch/DC=cern/OU=computers/CN=vocms(045|052|021|031|0118|0118a|0119|0108|0105|0109).cern.ch
DEBUG 2017-11-15 09:23:58,755: 	 Executing : 
 command : openssl x509 -in ~/.globus/usercert.pem -subject -noout
 output : subject= /DC=ch/DC=cern/OU=Organic Units/OU=Users/CN=shigginb/CN=785176/CN=Sam Higginbotham

 error: 
 retcode : 0
DEBUG 2017-11-15 09:23:58,755: 	 Getting myproxy life time left for myproxy.cern.ch
DEBUG 2017-11-15 09:23:58,755: 	 Calculating hash of /DC=ch/DC=cern/OU=Organic Units/OU=Users/CN=shigginb/CN=785176/CN=Sam Higginbotham_cmsweb.cern.ch for credential name
DEBUG 2017-11-15 09:23:59,459: 	 Executing : 
 command : myproxy-info -l 2f318c7a260d78734589f2cc772d26b8be79ec6c -s myproxy.cern.ch
 output : username: 2f318c7a260d78734589f2cc772d26b8be79ec6c
owner: /DC=ch/DC=cern/OU=Organic Units/OU=Users/CN=shigginb/CN=785176/CN=Sam Higginbotham
  renewal policy: /DC=ch/DC=cern/OU=computers/CN=vocms(045|052|021|031|0118|0118a|0119|0108|0105|0109).cern.ch
  trusted retrieval policy: /DC=ch/DC=cern/OU=computers/CN=vocms(045|052|021|031|0118|0118a|0119|0108|0105|0109).cern.ch
  timeleft: 429:59:42  (17.9 days)

 error: 
 retcode : 0
DEBUG 2017-11-15 09:23:59,461: 	 Myproxy is valid: 1547982
DEBUG 2017-11-15 09:23:59,461: 	 Command use: status
DEBUG 2017-11-15 09:23:59,461: 	 Options use: ['-d', 'crab_20171115_075313/']
DEBUG 2017-11-15 09:24:01,198: 	 CRABClient version: 3.3.1707.patch1
DEBUG 2017-11-15 09:24:01,198: 	 Instance is prod
DEBUG 2017-11-15 09:24:01,198: 	 Server base url is cmsweb.cern.ch
DEBUG 2017-11-15 09:24:01,198: 	 Command url /crabserver/prod/workflow
DEBUG 2017-11-15 09:24:03,033: 	 Got information from server oracle database: {u'result': [u'171115_135338:shigginb_crab_20171115_075313', u'None', u'SUBMITTED', u'2017-11-15 13:53:38.185528', u'None', u'2017-11-15 13:54:45.844996', u'None', u'CMSSW_9_3_2', u'slc6_amd64_gcc630', u'/GJet_Pt-40toInf_DoubleEMEnriched_MGG-80toInf_TuneCUETP8M1_14TeV_Pythia8/PhaseIITDRFall17MiniAOD-PU200_93X_upgrade2023_realistic_v2-v1/MINIAODSIM', u'[]', u'[]', u'FileBased', u"{'splitOnRun': False, 'halt_job_on_file_boundaries': False, 'files_per_job': 1, 'runs': [], 'lumis': []}", u'0', u'4e198fb019d07e682a8bd09208595d4eb73bac82ae7f6e24154a54b4451cc952.tar.gz', u'https://cmsweb.cern.ch/crabcache', u'shigginb', u'/DC=ch/DC=cern/OU=Organic Units/OU=Users/CN=shigginb/CN=785176/CN=Sam Higginbotham', u'cms', u'None', u'None', u'crab_20171115_075313-00000000000000000000000000000000', u'T3_US_FNALLPC', u'https://cmsweb.cern.ch/dbs/prod/global/DBSReader', u'https://cmsweb.cern.ch/dbs/prod/phys03/DBSWriter', u'F', u'Analysis', u'{}', u'[]', u'F', u'vocms052', u'[]', u'1250', u'1', u'2000', u'10', u'None', u'http://vocms0119.cern.ch/mon/cms1359/171115_135338:shigginb_crab_20171115_075313', u'None', u'None', u'[]', u'[]', u'[]', u'pythia', u'[]', u"['analysis.root']", u'[]', u'https://cmsweb.cern.ch/crabserver/prod', u'None', u'0', u'cmssrv221.fnal.gov:9620', u'crab3@vocms0119.cern.ch', u'F', u'[]', u'T', u'/store/user/shigginb/', u'F', u'None', u'F', u'F', u'F', u'None', u'GJet_Pt-40toInf_DoubleEMEnriched_MGG-80toInf_TuneCUETP8M1_14TeV_Pythia8', u'filetransfers', u'SUBMIT', u'13721974', u'3670fcbd6985b68c80c4e9dcf6ec8bd1ab7049ec36b6b4ffed90dfa7f482dfbb.tar.gz', u'131.225.190.56', u'F', u'None'], u'desc': {u'columns': [u'tm_taskname', u'panda_jobset_id', u'tm_task_status', u'tm_start_time', u'tm_start_injection', u'tm_end_injection', u'tm_task_failure', u'tm_job_sw', u'tm_job_arch', u'tm_input_dataset', u'tm_site_whitelist', u'tm_site_blacklist', u'tm_split_algo', u'tm_split_args', u'tm_totalunits', u'tm_user_sandbox', u'tm_cache_url', u'tm_username', u'tm_user_dn', u'tm_user_vo', u'tm_user_role', u'tm_user_group', u'tm_publish_name', u'tm_asyncdest', u'tm_dbs_url', u'tm_publish_dbs_url', u'tm_publication', u'tm_job_type', u'tm_arguments', u'panda_resubmitted_jobs', u'tm_save_logs', u'tw_name', u'tm_user_infiles', u'tm_maxjobruntime', u'tm_numcores', u'tm_maxmemory', u'tm_priority', u'tm_output_dataset', u'tm_user_webdir', u'tm_activity', u'tm_scriptexe', u'tm_scriptargs', u'tm_extrajdl', u'tm_task_warnings', u'tm_generator', u'tm_outfiles', u'tm_tfile_outfiles', u'tm_edm_outfiles', u'tm_asourl', u'tm_events_per_lumi', u'tm_use_parent', u'tm_collector', u'tm_schedd', u'tm_dry_run', u'tm_user_files', u'tm_transfer_outputs', u'tm_output_lfn', u'tm_ignore_locality', u'tm_fail_limit', u'tm_one_event_mode', u'tm_publish_groupname', u'tm_nonvalid_input_dataset', u'tm_secondary_input_dataset', u'tm_primary_dataset', u'tm_asodb', u'tm_task_command', u'clusterid', u'tm_debug_files', u'tm_submitter_ip_addr', u'tm_ignore_global_blacklist', u'tm_last_publication']}}
INFO 2017-11-15 09:24:03,033: 	 CRAB project directory:		/uscms_data/d3/samuellh/WorkingArea/TauAnalysis/CMSSW_9_3_2/src/PUAnalysis/VBFtt2017/crab/VBF8/crab_20171115_075313
INFO 2017-11-15 09:24:03,034: 	 Task name:			171115_135338:shigginb_crab_20171115_075313
INFO 2017-11-15 09:24:03,034: 	 Grid scheduler:			crab3@vocms0119.cern.ch
INFO 2017-11-15 09:24:03,034: 	 Status on the CRAB server:	SUBMITTED
INFO 2017-11-15 09:24:03,034: 	 Task URL to use for HELP:	https://cmsweb.cern.ch/crabserver/ui/task/171115_135338%3Ashigginb_crab_20171115_075313
INFO 2017-11-15 09:24:03,034: 	 Dashboard monitoring URL:	http://dashb-cms-job.cern.ch/dashboard/templates/task-analysis/#user=shigginb&refresh=0&table=Jobs&p=1&records=25&activemenu=2&status=&site=&tid=171115_135338%3Ashigginb_crab_20171115_075313
DEBUG 2017-11-15 09:24:03,034: 	 The CRAB server submitted your task to the Grid scheduler (cluster ID: 13721974)
DEBUG 2017-11-15 09:24:03,034: 	 Webdir is located at http://vocms0119.cern.ch/mon/cms1359/171115_135338:shigginb_crab_20171115_075313
DEBUG 2017-11-15 09:24:04,675: 	 Proxied webdir is located at https://cmsweb.cern.ch/scheddmon/0119/cms1359/171115_135338:shigginb_crab_20171115_075313
DEBUG 2017-11-15 09:24:04,675: 	 Retrieving 'status_cache' file from https://cmsweb.cern.ch/scheddmon/0119/cms1359/171115_135338:shigginb_crab_20171115_075313/status_cache
DEBUG 2017-11-15 09:24:06,236: 	 Got information from status cache file: {'1': {'Retries': 0, 'WallDurations': [1026.0], 'StartTimes': [1510754442.0], 'SubmitTimes': [1510754108.0], 'JobIds': ['13721983.0'], 'EndTimes': [1510755468.0], 'Restarts': 0, 'RecordedSite': False, 'State': 'finished', 'ResidentSetSize': [745644], 'TotalUserCpuTimeHistory': [130], 'SiteHistory': ['Unknown'], 'TotalSysCpuTimeHistory': [5]}, '3': {'Retries': 0, 'WallDurations': [4471.0], 'StartTimes': [1510754442.0], 'SubmitTimes': [1510754111.0], 'JobIds': ['13721986.0'], 'EndTimes': [1510758913.0], 'Restarts': 0, 'RecordedSite': False, 'State': 'finished', 'ResidentSetSize': [1766528], 'TotalUserCpuTimeHistory': [860], 'SiteHistory': ['Unknown'], 'TotalSysCpuTimeHistory': [597]}, '2': {'Retries': 0, 'WallDurations': [712.0], 'StartTimes': [1510754441.0], 'SubmitTimes': [1510754109.0], 'JobIds': ['13721984.0'], 'EndTimes': [1510755153.0], 'Restarts': 0, 'RecordedSite': False, 'State': 'finished', 'ResidentSetSize': [1788516], 'TotalUserCpuTimeHistory': [415], 'SiteHistory': ['Unknown'], 'TotalSysCpuTimeHistory': [19]}, '5': {'Retries': 0, 'WallDurations': [165.0], 'StartTimes': [1510754442.0], 'SubmitTimes': [1510754108.0], 'JobIds': ['13721982.0'], 'EndTimes': [1510754607.0], 'Restarts': 0, 'RecordedSite': False, 'State': 'finished', 'ResidentSetSize': [32932], 'TotalUserCpuTimeHistory': [91], 'SiteHistory': ['Unknown'], 'TotalSysCpuTimeHistory': [14]}, '4': {'Retries': 0, 'WallDurations': [407.0], 'StartTimes': [1510754442.0], 'SubmitTimes': [1510754110.0], 'JobIds': ['13721985.0'], 'EndTimes': [1510754849.0], 'Restarts': 0, 'RecordedSite': False, 'State': 'finished', 'ResidentSetSize': [732456], 'TotalUserCpuTimeHistory': [128], 'SiteHistory': ['Unknown'], 'TotalSysCpuTimeHistory': [7]}}
INFO 2017-11-15 09:24:06,236: 	 Status on the scheduler:	COMPLETED
INFO 2017-11-15 09:24:06,236: 	 
Jobs status:                    finished      100.0% (5/5)
INFO 2017-11-15 09:24:06,236: 	 
No publication information (publication has been disabled in the CRAB configuration file)
INFO 2017-11-15 09:24:06,983: 	 Log file is /uscms_data/d3/samuellh/WorkingArea/TauAnalysis/CMSSW_9_3_2/src/PUAnalysis/VBFtt2017/crab/VBF8/crab_20171115_075313/crab.log
