('The system path in the config file ', ['/cvmfs/cms.cern.ch/crab3/slc6_amd64_gcc493/cms/crabclient/3.3.1707.patch1/bin', '/uscms_data/d3/samuellh/WorkingArea/TauAnalysis/CMSSW_9_3_2/python', '/uscms_data/d3/samuellh/WorkingArea/TauAnalysis/CMSSW_9_3_2/lib/slc6_amd64_gcc630', '/cvmfs/cms.cern.ch/slc6_amd64_gcc630/cms/cmssw/CMSSW_9_3_2/python', '/cvmfs/cms.cern.ch/slc6_amd64_gcc630/cms/cmssw/CMSSW_9_3_2/lib/slc6_amd64_gcc630', '/cvmfs/cms.cern.ch/slc6_amd64_gcc630/cms/coral/CORAL_2_3_21-ghjeda6/slc6_amd64_gcc630/python', '/cvmfs/cms.cern.ch/slc6_amd64_gcc630/cms/coral/CORAL_2_3_21-ghjeda6/slc6_amd64_gcc630/lib', '/cvmfs/cms.cern.ch/slc6_amd64_gcc630/external/professor2/2.2.1-ghjeda6/lib/python2.7/site-packages', '/cvmfs/cms.cern.ch/slc6_amd64_gcc630/external/pyqt/4.11.4-mlhled2/lib/python2.7/site-packages', '/cvmfs/cms.cern.ch/slc6_amd64_gcc630/external/sherpa/2.2.4-ghjeda/lib/python2.7/site-packages', '/cvmfs/cms.cern.ch/slc6_amd64_gcc630/external/rivet/2.5.2-ghjeda4/lib/python2.7/site-packages', '/cvmfs/cms.cern.ch/slc6_amd64_gcc630/external/python-ldap/2.4.10-mlhled2/lib/python2.7/site-packages', '/cvmfs/cms.cern.ch/slc6_amd64_gcc630/external/py2-matplotlib/1.5.2-njopjo/lib/python2.7/site-packages', '/cvmfs/cms.cern.ch/slc6_amd64_gcc630/external/sip/4.17-mlhled2/lib/python2.7/site-packages', '/cvmfs/cms.cern.ch/slc6_amd64_gcc630/external/llvm/4.0.0-njopjo/lib64/python2.7/site-packages', '/cvmfs/cms.cern.ch/slc6_amd64_gcc630/external/py2-sqlalchemy/1.1.4-mlhled2/lib/python2.7/site-packages', '/cvmfs/cms.cern.ch/slc6_amd64_gcc630/external/py2-lint/0.25.1-mlhled2/lib/python2.7/site-packages', '/cvmfs/cms.cern.ch/slc6_amd64_gcc630/external/py2-dxr/1.0-ghjeda6/lib/python2.7/site-packages', '/cvmfs/cms.cern.ch/slc6_amd64_gcc630/external/py2-cx-oracle/5.2.1-mlhled2/lib/python2.7/site-packages', '/cvmfs/cms.cern.ch/slc6_amd64_gcc630/external/py2-numpy/1.12.1-mlhled2/lib/python2.7/site-packages', '/cvmfs/cms.cern.ch/slc6_amd64_gcc630/external/frontier_client/2.8.20-mlhled2/python/lib', '/cvmfs/cms.cern.ch/slc6_amd64_gcc630/cms/das_client/v03.01.00-mlhled2/bin', '/cvmfs/cms.cern.ch/slc6_amd64_gcc630/external/xrootd/4.6.1/lib/python2.7/site-packages', '/cvmfs/cms.cern.ch/slc6_amd64_gcc630/external/yoda/1.6.5-ghjeda4/lib/python2.7/site-packages', '/cvmfs/cms.cern.ch/slc6_amd64_gcc630/lcg/root/6.10.04-ghjeda/lib', '/cvmfs/cms.cern.ch/slc6_amd64_gcc630/external/pyminuit2/0.0.1-ghjeda4/lib/python2.7/site-packages', '/cvmfs/cms.cern.ch/slc6_amd64_gcc630/external/py2-PyYAML/3.11-mlhled2/lib/python2.7/site-packages', '/cvmfs/cms.cern.ch/slc6_amd64_gcc630/external/py2-pygithub/1.23.0-mlhled2/lib/python2.7/site-packages', '/cvmfs/cms.cern.ch/slc6_amd64_gcc630/external/py2-pip/9.0.1-mlhled2/lib/python2.7/site-packages', '/cvmfs/cms.cern.ch/slc6_amd64_gcc630/external/py2-dablooms/0.9.1-mlhled2/lib/python2.7/site-packages', '/cvmfs/cms.cern.ch/slc6_amd64_gcc630/external/py2-pippkgs_depscipy/3.0-ghjeda6/lib/python2.7/site-packages', '/cvmfs/cms.cern.ch/slc6_amd64_gcc630/external/py2-pippkgs/5.0-ghjeda6/lib/python2.7/site-packages', '/cvmfs/cms.cern.ch/slc6_amd64_gcc630/external/professor/1.4.0-ghjeda4/lib/python2.7/site-packages', '/cvmfs/cms.cern.ch/slc6_amd64_gcc630/cms/dbs-client/DBS_2_1_9-mlhled2/lib', '/cvmfs/cms.cern.ch/slc6_amd64_gcc630/cms/dbs-client/DBS_2_1_9-mlhled2/lib/DBSAPI', '/cvmfs/cms.cern.ch/slc6_amd64_gcc630/external/cvs2git/5419-mlhled2/lib', '/cvmfs/cms.cern.ch/crab3/slc6_amd64_gcc493/cms/crabclient/3.3.1707.patch1/lib/python2.7/site-packages', '/cvmfs/cms.cern.ch/crab3/slc6_amd64_gcc493/cms/dbs3-client/3.4.4/lib/python2.7/site-packages', '/cvmfs/cms.cern.ch/crab3/slc6_amd64_gcc493/cms/dbs3-pycurl-client/3.4.4/lib/python2.7/site-packages', '/cvmfs/cms.cern.ch/slc6_amd64_gcc630/external/py2-sqlalchemy/1.1.4-mlhled2/lib/python2.7/site-packages/SQLAlchemy-1.1.4-py2.7-linux-x86_64.egg', '/cvmfs/cms.cern.ch/slc6_amd64_gcc630/external/py2-numpy/1.12.1-mlhled2/lib/python2.7/site-packages/numpy-1.12.1-py2.7-linux-x86_64.egg', '/cvmfs/cms.cern.ch/slc6_amd64_gcc630/external/python/2.7.11-mlhled2/lib/python27.zip', '/cvmfs/cms.cern.ch/slc6_amd64_gcc630/external/python/2.7.11-mlhled2/lib/python2.7', '/cvmfs/cms.cern.ch/slc6_amd64_gcc630/external/python/2.7.11-mlhled2/lib/python2.7/plat-linux2', '/cvmfs/cms.cern.ch/slc6_amd64_gcc630/external/python/2.7.11-mlhled2/lib/python2.7/lib-tk', '/cvmfs/cms.cern.ch/slc6_amd64_gcc630/external/python/2.7.11-mlhled2/lib/python2.7/lib-old', '/cvmfs/cms.cern.ch/slc6_amd64_gcc630/external/python/2.7.11-mlhled2/lib/python2.7/lib-dynload', '/cvmfs/cms.cern.ch/slc6_amd64_gcc630/external/python/2.7.11-mlhled2/lib/python2.7/site-packages', '/uscms_data/d3/samuellh/WorkingArea/TauAnalysis/CMSSW_9_3_2/src/PUAnalysis/VBFtt2017/crab/VBF2'])
 ##################################################################### 
 # WARNING: the module CondCore.DBCommon.CondDBSetup is deprecated.  # 
 # Please import CondCore.CondDB.CondDB_cfi                          # 
 ##################################################################### 
recorrecting the jets
List Of Filters
['processedEvents', 'initialEventsTT', 'DiMuonCreation', 'AtLeastOneDiTau', 'TTTauPtEta', 'TTTauDecayFound', 'TTTauStandardDecayFound', 'TTTauDRSel', 'TTSync', 'TTAntiEle', 'TTAntiMu', 'TTIso', 'TTOS']
DEBUG 2017-11-15 07:22:09,532: 	 Executing command: 'submit'
DEBUG 2017-11-15 07:22:09,533: 	 Found CRAB cache file /uscms/home/samuellh/.crab3
DEBUG 2017-11-15 07:22:09,540: 	 Checking credentials
DEBUG 2017-11-15 07:22:09,541: 	 Found proxy file /tmp/x509up_u52190
DEBUG 2017-11-15 07:22:09,541: 	 Getting proxy life time left
DEBUG 2017-11-15 07:22:09,644: 	 Executing : 
 command : voms-proxy-info -file /tmp/x509up_u52190 -timeleft
 output : 83554

 error: 
 retcode : 0
DEBUG 2017-11-15 07:22:09,748: 	 Executing : 
 command : voms-proxy-info -file /tmp/x509up_u52190 -actimeleft
 output : 83553

 error: 
 retcode : 0
DEBUG 2017-11-15 07:22:09,748: 	 Proxy valid for 23:12:34 hours
INFO 2017-11-15 07:22:09,748: 	 Will use CRAB configuration file crab3_TT_MC.py
DEBUG 2017-11-15 07:22:09,748: 	 Loading CRAB configuration file.
DEBUG 2017-11-15 07:22:09,756: 	 Will use CRAB Analysis plugin (i.e. will run an analysis job type).
DEBUG 2017-11-15 07:22:09,872: 	 Executing : 
 command : openssl x509 -in ~/.globus/usercert.pem -subject -noout
 output : subject= /DC=ch/DC=cern/OU=Organic Units/OU=Users/CN=shigginb/CN=785176/CN=Sam Higginbotham

 error: 
 retcode : 0
DEBUG 2017-11-15 07:22:09,873: 	 Checking credentials
DEBUG 2017-11-15 07:22:09,873: 	 Found proxy file /tmp/x509up_u52190
DEBUG 2017-11-15 07:22:09,873: 	 Getting proxy life time left
DEBUG 2017-11-15 07:22:09,976: 	 Executing : 
 command : voms-proxy-info -file /tmp/x509up_u52190 -timeleft
 output : 83554

 error: 
 retcode : 0
DEBUG 2017-11-15 07:22:10,080: 	 Executing : 
 command : voms-proxy-info -file /tmp/x509up_u52190 -actimeleft
 output : 83552

 error: 
 retcode : 0
DEBUG 2017-11-15 07:22:10,080: 	 Proxy valid for 23:12:34 hours
DEBUG 2017-11-15 07:22:10,183: 	 Executing : 
 command : env X509_USER_PROXY=/tmp/x509up_u52190 voms-proxy-info -fqan
 output : /cms/Role=NULL/Capability=NULL

 error: 
 retcode : 0
DEBUG 2017-11-15 07:22:11,815: 	 Registering user credentials for server /DC=ch/DC=cern/OU=computers/CN=vocms(045|052|021|031|0118|0118a|0119|0108|0105|0109).cern.ch
DEBUG 2017-11-15 07:22:11,924: 	 Executing : 
 command : openssl x509 -in ~/.globus/usercert.pem -subject -noout
 output : subject= /DC=ch/DC=cern/OU=Organic Units/OU=Users/CN=shigginb/CN=785176/CN=Sam Higginbotham

 error: 
 retcode : 0
DEBUG 2017-11-15 07:22:11,924: 	 Getting myproxy life time left for myproxy.cern.ch
DEBUG 2017-11-15 07:22:11,924: 	 Calculating hash of /DC=ch/DC=cern/OU=Organic Units/OU=Users/CN=shigginb/CN=785176/CN=Sam Higginbotham_cmsweb.cern.ch for credential name
DEBUG 2017-11-15 07:22:12,729: 	 Executing : 
 command : myproxy-info -l 2f318c7a260d78734589f2cc772d26b8be79ec6c -s myproxy.cern.ch
 output : username: 2f318c7a260d78734589f2cc772d26b8be79ec6c
owner: /DC=ch/DC=cern/OU=Organic Units/OU=Users/CN=shigginb/CN=785176/CN=Sam Higginbotham
  renewal policy: /DC=ch/DC=cern/OU=computers/CN=vocms(045|052|021|031|0118|0118a|0119|0108|0105|0109).cern.ch
  trusted retrieval policy: /DC=ch/DC=cern/OU=computers/CN=vocms(045|052|021|031|0118|0118a|0119|0108|0105|0109).cern.ch
  timeleft: 432:01:29  (18.0 days)

 error: 
 retcode : 0
DEBUG 2017-11-15 07:22:12,730: 	 Myproxy is valid: 1555289
DEBUG 2017-11-15 07:22:12,730: 	 Command use: submit
DEBUG 2017-11-15 07:22:12,730: 	 Options use: ['-c', 'crab3_TT_MC.py']
DEBUG 2017-11-15 07:22:14,349: 	 CRABClient version: 3.3.1707.patch1
DEBUG 2017-11-15 07:22:14,349: 	 Instance is prod
DEBUG 2017-11-15 07:22:14,349: 	 Server base url is cmsweb.cern.ch
DEBUG 2017-11-15 07:22:14,349: 	 Command url /crabserver/prod/workflow
DEBUG 2017-11-15 07:22:14,349: 	 Started submission
DEBUG 2017-11-15 07:22:14,349: 	 Working on /uscms_data/d3/samuellh/WorkingArea/TauAnalysis/CMSSW_9_3_2/src/PUAnalysis/VBFtt2017/crab/VBF2/crab_20171115_072209
DEBUG 2017-11-15 07:22:16,220: 	 Loading required information from the environment
DEBUG 2017-11-15 07:22:16,220: 	 Found CMSSW_9_3_2 for slc6_amd64_gcc630 with base /uscms_data/d3/samuellh/WorkingArea/TauAnalysis/CMSSW_9_3_2
DEBUG 2017-11-15 07:22:16,220: 	 Loading required information from the environment
DEBUG 2017-11-15 07:22:16,220: 	 Found CMSSW_9_3_2 for slc6_amd64_gcc630 with base /uscms_data/d3/samuellh/WorkingArea/TauAnalysis/CMSSW_9_3_2
DEBUG 2017-11-15 07:22:16,231: 	 UNIQUE NAME: tarUUID 75dc6dc5-7977-49c4-a2e1-ad9f5bd02953 
DEBUG 2017-11-15 07:22:16,231: 	 self.config: from WMCore.Configuration import Configuration
config = Configuration()
config.section_('General')
config.section_('JobType')
config.JobType.psetName = '../../../TT-MC-Up.py'
config.JobType.pluginName = 'Analysis'
config.JobType.inputFiles = ['../../../Configuration/data/PhaseIISummer16_25nsV3_MC.db']
config.JobType.outputFiles = ['analysis.root']
config.JobType.allowUndistributedCMSSW = True
config.section_('Data')
config.Data.inputDataset = '/DYToLL-M-50_0J_14TeV-madgraphMLM-pythia8/PhaseIITDRFall17MiniAOD-PU200_93X_upgrade2023_realistic_v2-v1/MINIAODSIM'
config.Data.unitsPerJob = 1
config.Data.publication = False
config.Data.inputDBS = 'global'
config.Data.splitting = 'FileBased'
config.section_('Site')
config.Site.storageSite = 'T3_US_FNALLPC'
config.section_('User')
config.section_('Debug')

DEBUG 2017-11-15 07:22:16,231: 	 self.config.JobType.psetName: ../../../TT-MC-Up.py
INFO 2017-11-15 07:22:16,231: 	 Importing CMSSW configuration ../../../TT-MC-Up.py
INFO 2017-11-15 07:22:18,656: 	 Finished importing CMSSW configuration ../../../TT-MC-Up.py
DEBUG 2017-11-15 07:22:18,656: 	 Writing CMSSW configuration to /uscms_data/d3/samuellh/WorkingArea/TauAnalysis/CMSSW_9_3_2/src/PUAnalysis/VBFtt2017/crab/VBF2/crab_20171115_072209/inputs/PSet.py
DEBUG 2017-11-15 07:22:19,663: 	 The following EDM output files will be collected: []
DEBUG 2017-11-15 07:22:19,663: 	 The following TFile output files will be collected: ['analysis.root']
DEBUG 2017-11-15 07:22:19,663: 	 The following user output files will be collected: []
DEBUG 2017-11-15 07:22:19,663: 	 Loading required information from the environment
DEBUG 2017-11-15 07:22:19,664: 	 Found CMSSW_9_3_2 for slc6_amd64_gcc630 with base /uscms_data/d3/samuellh/WorkingArea/TauAnalysis/CMSSW_9_3_2
DEBUG 2017-11-15 07:22:19,664: 	 Making tarball in /uscms_data/d3/samuellh/WorkingArea/TauAnalysis/CMSSW_9_3_2/src/PUAnalysis/VBFtt2017/crab/VBF2/crab_20171115_072209/inputs/75dc6dc5-7977-49c4-a2e1-ad9f5bd02953default.tgz
DEBUG 2017-11-15 07:22:19,681: 	 Checking directory /uscms_data/d3/samuellh/WorkingArea/TauAnalysis/CMSSW_9_3_2/lib
DEBUG 2017-11-15 07:22:19,681: 	 Adding directory /uscms_data/d3/samuellh/WorkingArea/TauAnalysis/CMSSW_9_3_2/lib to tarball
DEBUG 2017-11-15 07:22:20,646: 	 Checking directory /uscms_data/d3/samuellh/WorkingArea/TauAnalysis/CMSSW_9_3_2/biglib
DEBUG 2017-11-15 07:22:20,646: 	 Adding directory /uscms_data/d3/samuellh/WorkingArea/TauAnalysis/CMSSW_9_3_2/biglib to tarball
DEBUG 2017-11-15 07:22:20,649: 	 Checking directory /uscms_data/d3/samuellh/WorkingArea/TauAnalysis/CMSSW_9_3_2/module
DEBUG 2017-11-15 07:22:20,671: 	 Adding data directory /uscms_data/d3/samuellh/WorkingArea/TauAnalysis/CMSSW_9_3_2/src/PUAnalysis/Configuration/data to tarball
DEBUG 2017-11-15 07:22:23,505: 	 Adding data directory /uscms_data/d3/samuellh/WorkingArea/TauAnalysis/CMSSW_9_3_2/src/PUAnalysis/DataFormats/interface to tarball
DEBUG 2017-11-15 07:22:23,515: 	 Adding data directory /uscms_data/d3/samuellh/WorkingArea/TauAnalysis/CMSSW_9_3_2/src/PUAnalysis/NtupleTools/interface to tarball
DEBUG 2017-11-15 07:22:23,527: 	 Adding data directory /uscms_data/d3/samuellh/WorkingArea/TauAnalysis/CMSSW_9_3_2/src/PUAnalysis/RecoTools/interface to tarball
DEBUG 2017-11-15 07:22:23,704: 	 Adding file ../../../Configuration/data/PhaseIISummer16_25nsV3_MC.db to tarball
DEBUG 2017-11-15 07:22:24,023: 	 Uploading archive /uscms_data/d3/samuellh/WorkingArea/TauAnalysis/CMSSW_9_3_2/src/PUAnalysis/VBFtt2017/crab/VBF2/crab_20171115_072209/inputs/75dc6dc5-7977-49c4-a2e1-ad9f5bd02953default.tgz (11 MB) to the CRAB cache. Using URI https://cmsweb.cern.ch/crabcache
DEBUG 2017-11-15 07:22:31,107: 	 Loading required information from the environment
DEBUG 2017-11-15 07:22:31,107: 	 Found CMSSW_9_3_2 for slc6_amd64_gcc630 with base /uscms_data/d3/samuellh/WorkingArea/TauAnalysis/CMSSW_9_3_2
DEBUG 2017-11-15 07:22:31,107: 	 Making tarball in /uscms_data/d3/samuellh/WorkingArea/TauAnalysis/CMSSW_9_3_2/src/PUAnalysis/VBFtt2017/crab/VBF2/crab_20171115_072209/inputs/debugFiles.tgz
DEBUG 2017-11-15 07:22:31,128: 	 Uploading archive /uscms_data/d3/samuellh/WorkingArea/TauAnalysis/CMSSW_9_3_2/src/PUAnalysis/VBFtt2017/crab/VBF2/crab_20171115_072209/inputs/debugFiles.tgz (2 KB) to the CRAB cache. Using URI https://cmsweb.cern.ch/crabcache
DEBUG 2017-11-15 07:22:32,874: 	 Result uploading input files: 4e198fb019d07e682a8bd09208595d4eb73bac82ae7f6e24154a54b4451cc952.tar.gz 
INFO 2017-11-15 07:22:32,875: 	 Sending the request to the server
DEBUG 2017-11-15 07:22:32,875: 	 Submitting {'maxjobruntime': 1250, 'extrajdl': [], 'ignorelocality': 0, 'savelogsflag': 0, 'useparent': 0, 'asyncdest': 'T3_US_FNALLPC', 'algoargs': 1, 'cachefilename': '4e198fb019d07e682a8bd09208595d4eb73bac82ae7f6e24154a54b4451cc952.tar.gz', 'numcores': 1, 'addoutputfiles': [], 'generator': 'pythia', 'maxmemory': 2000, 'publishdbsurl': 'https://cmsweb.cern.ch/dbs/prod/phys03/DBSWriter', 'priority': 10, 'jobsw': 'CMSSW_9_3_2', 'edmoutfiles': [], 'userfiles': [], 'primarydataset': '', 'inputdata': '/DYToLL-M-50_0J_14TeV-madgraphMLM-pythia8/PhaseIITDRFall17MiniAOD-PU200_93X_upgrade2023_realistic_v2-v1/MINIAODSIM', 'dryrun': 0, 'workflow': 'crab_20171115_072209', 'cacheurl': u'https://cmsweb.cern.ch/crabcache', 'nonprodsw': 1, 'tfileoutfiles': ['analysis.root'], 'oneEventMode': 0, 'debugfilename': 'ca6de94b20fb2fe667c189fdbcfd1c7973e12334111ffd760b9a42de594ba8bd.tar.gz', 'saveoutput': 1, 'publication': 0, 'jobarch': 'slc6_amd64_gcc630', 'totalunits': 0, 'splitalgo': 'FileBased', 'ignoreglobalblacklist': 0, 'nonvaliddata': 0, 'dbsurl': 'https://cmsweb.cern.ch/dbs/prod/global/DBSReader', 'publishgroupname': 0, 'jobtype': 'Analysis', 'publishname2': ''} 
DEBUG 2017-11-15 07:22:32,875: 	 Encoded submit request: maxjobruntime=1250&ignorelocality=0&savelogsflag=0&useparent=0&asyncdest=T3_US_FNALLPC&algoargs=1&cachefilename=4e198fb019d07e682a8bd09208595d4eb73bac82ae7f6e24154a54b4451cc952.tar.gz&numcores=1&generator=pythia&maxmemory=2000&publishdbsurl=https%3A%2F%2Fcmsweb.cern.ch%2Fdbs%2Fprod%2Fphys03%2FDBSWriter&priority=10&jobsw=CMSSW_9_3_2&primarydataset=&inputdata=%2FDYToLL-M-50_0J_14TeV-madgraphMLM-pythia8%2FPhaseIITDRFall17MiniAOD-PU200_93X_upgrade2023_realistic_v2-v1%2FMINIAODSIM&dryrun=0&workflow=crab_20171115_072209&cacheurl=https%3A%2F%2Fcmsweb.cern.ch%2Fcrabcache&nonprodsw=1&oneEventMode=0&debugfilename=ca6de94b20fb2fe667c189fdbcfd1c7973e12334111ffd760b9a42de594ba8bd.tar.gz&saveoutput=1&publication=0&jobarch=slc6_amd64_gcc630&totalunits=0&splitalgo=FileBased&ignoreglobalblacklist=0&nonvaliddata=0&dbsurl=https%3A%2F%2Fcmsweb.cern.ch%2Fdbs%2Fprod%2Fglobal%2FDBSReader&publishgroupname=0&jobtype=Analysis&publishname2=&tfileoutfiles=analysis.root
DEBUG 2017-11-15 07:22:34,931: 	 Result: {u'result': [{u'RequestName': u'171115_132234:shigginb_crab_20171115_072209'}]}
INFO 2017-11-15 07:22:35,200: 	 Success: Your task has been delivered to the CRAB3 server.
INFO 2017-11-15 07:22:35,201: 	 Task name: 171115_132234:shigginb_crab_20171115_072209
INFO 2017-11-15 07:22:35,201: 	 Please use 'crab status' to check how the submission process proceeds.
DEBUG 2017-11-15 07:22:35,201: 	 About to return
INFO 2017-11-15 07:22:35,209: 	 Log file is /uscms_data/d3/samuellh/WorkingArea/TauAnalysis/CMSSW_9_3_2/src/PUAnalysis/VBFtt2017/crab/VBF2/crab_20171115_072209/crab.log
DEBUG 2017-11-15 07:58:24,279: 	 Executing command: 'status'
DEBUG 2017-11-15 07:58:24,279: 	 Found CRAB cache file /uscms/home/samuellh/.crab3
DEBUG 2017-11-15 07:58:24,286: 	 Checking credentials
DEBUG 2017-11-15 07:58:24,287: 	 Found proxy file /tmp/x509up_u52190
DEBUG 2017-11-15 07:58:24,287: 	 Getting proxy life time left
DEBUG 2017-11-15 07:58:24,390: 	 Executing : 
 command : voms-proxy-info -file /tmp/x509up_u52190 -timeleft
 output : 81379

 error: 
 retcode : 0
DEBUG 2017-11-15 07:58:24,494: 	 Executing : 
 command : voms-proxy-info -file /tmp/x509up_u52190 -actimeleft
 output : 81378

 error: 
 retcode : 0
DEBUG 2017-11-15 07:58:24,494: 	 Proxy valid for 22:36:19 hours
DEBUG 2017-11-15 07:58:24,635: 	 Executing : 
 command : openssl x509 -in ~/.globus/usercert.pem -subject -noout
 output : subject= /DC=ch/DC=cern/OU=Organic Units/OU=Users/CN=shigginb/CN=785176/CN=Sam Higginbotham

 error: 
 retcode : 0
DEBUG 2017-11-15 07:58:24,635: 	 Checking credentials
DEBUG 2017-11-15 07:58:24,635: 	 Found proxy file /tmp/x509up_u52190
DEBUG 2017-11-15 07:58:24,635: 	 Getting proxy life time left
DEBUG 2017-11-15 07:58:24,739: 	 Executing : 
 command : voms-proxy-info -file /tmp/x509up_u52190 -timeleft
 output : 81379

 error: 
 retcode : 0
DEBUG 2017-11-15 07:58:24,842: 	 Executing : 
 command : voms-proxy-info -file /tmp/x509up_u52190 -actimeleft
 output : 81378

 error: 
 retcode : 0
DEBUG 2017-11-15 07:58:24,842: 	 Proxy valid for 22:36:19 hours
DEBUG 2017-11-15 07:58:26,609: 	 Registering user credentials for server /DC=ch/DC=cern/OU=computers/CN=vocms(045|052|021|031|0118|0118a|0119|0108|0105|0109).cern.ch
DEBUG 2017-11-15 07:58:26,717: 	 Executing : 
 command : openssl x509 -in ~/.globus/usercert.pem -subject -noout
 output : subject= /DC=ch/DC=cern/OU=Organic Units/OU=Users/CN=shigginb/CN=785176/CN=Sam Higginbotham

 error: 
 retcode : 0
DEBUG 2017-11-15 07:58:26,717: 	 Getting myproxy life time left for myproxy.cern.ch
DEBUG 2017-11-15 07:58:26,718: 	 Calculating hash of /DC=ch/DC=cern/OU=Organic Units/OU=Users/CN=shigginb/CN=785176/CN=Sam Higginbotham_cmsweb.cern.ch for credential name
DEBUG 2017-11-15 07:58:27,523: 	 Executing : 
 command : myproxy-info -l 2f318c7a260d78734589f2cc772d26b8be79ec6c -s myproxy.cern.ch
 output : username: 2f318c7a260d78734589f2cc772d26b8be79ec6c
owner: /DC=ch/DC=cern/OU=Organic Units/OU=Users/CN=shigginb/CN=785176/CN=Sam Higginbotham
  renewal policy: /DC=ch/DC=cern/OU=computers/CN=vocms(045|052|021|031|0118|0118a|0119|0108|0105|0109).cern.ch
  trusted retrieval policy: /DC=ch/DC=cern/OU=computers/CN=vocms(045|052|021|031|0118|0118a|0119|0108|0105|0109).cern.ch
  timeleft: 431:25:14  (18.0 days)

 error: 
 retcode : 0
DEBUG 2017-11-15 07:58:27,525: 	 Myproxy is valid: 1553114
DEBUG 2017-11-15 07:58:27,525: 	 Command use: status
DEBUG 2017-11-15 07:58:27,525: 	 Options use: ['-d', 'crab_20171115_072209/']
DEBUG 2017-11-15 07:58:29,274: 	 CRABClient version: 3.3.1707.patch1
DEBUG 2017-11-15 07:58:29,274: 	 Instance is prod
DEBUG 2017-11-15 07:58:29,274: 	 Server base url is cmsweb.cern.ch
DEBUG 2017-11-15 07:58:29,274: 	 Command url /crabserver/prod/workflow
DEBUG 2017-11-15 07:58:31,101: 	 Got information from server oracle database: {u'result': [u'171115_132234:shigginb_crab_20171115_072209', u'None', u'SUBMITTED', u'2017-11-15 13:22:34.870543', u'None', u'2017-11-15 13:23:42.975867', u'None', u'CMSSW_9_3_2', u'slc6_amd64_gcc630', u'/DYToLL-M-50_0J_14TeV-madgraphMLM-pythia8/PhaseIITDRFall17MiniAOD-PU200_93X_upgrade2023_realistic_v2-v1/MINIAODSIM', u'[]', u'[]', u'FileBased', u"{'splitOnRun': False, 'halt_job_on_file_boundaries': False, 'files_per_job': 1, 'runs': [], 'lumis': []}", u'0', u'4e198fb019d07e682a8bd09208595d4eb73bac82ae7f6e24154a54b4451cc952.tar.gz', u'https://cmsweb.cern.ch/crabcache', u'shigginb', u'/DC=ch/DC=cern/OU=Organic Units/OU=Users/CN=shigginb/CN=785176/CN=Sam Higginbotham', u'cms', u'None', u'None', u'crab_20171115_072209-00000000000000000000000000000000', u'T3_US_FNALLPC', u'https://cmsweb.cern.ch/dbs/prod/global/DBSReader', u'https://cmsweb.cern.ch/dbs/prod/phys03/DBSWriter', u'F', u'Analysis', u'{}', u'[]', u'F', u'vocms052', u'[]', u'1250', u'1', u'2000', u'10', u'None', u'http://vocms0199.cern.ch/mon/cms1359/171115_132234:shigginb_crab_20171115_072209', u'None', u'None', u'[]', u'[]', u'[]', u'pythia', u'[]', u"['analysis.root']", u'[]', u'https://cmsweb.cern.ch/crabserver/prod', u'None', u'0', u'cmssrv221.fnal.gov:9620', u'crab3@vocms0199.cern.ch', u'F', u'[]', u'T', u'/store/user/shigginb/', u'F', u'None', u'F', u'F', u'F', u'None', u'DYToLL-M-50_0J_14TeV-madgraphMLM-pythia8', u'filetransfers', u'SUBMIT', u'13358901', u'ca6de94b20fb2fe667c189fdbcfd1c7973e12334111ffd760b9a42de594ba8bd.tar.gz', u'131.225.190.56', u'F', u'None'], u'desc': {u'columns': [u'tm_taskname', u'panda_jobset_id', u'tm_task_status', u'tm_start_time', u'tm_start_injection', u'tm_end_injection', u'tm_task_failure', u'tm_job_sw', u'tm_job_arch', u'tm_input_dataset', u'tm_site_whitelist', u'tm_site_blacklist', u'tm_split_algo', u'tm_split_args', u'tm_totalunits', u'tm_user_sandbox', u'tm_cache_url', u'tm_username', u'tm_user_dn', u'tm_user_vo', u'tm_user_role', u'tm_user_group', u'tm_publish_name', u'tm_asyncdest', u'tm_dbs_url', u'tm_publish_dbs_url', u'tm_publication', u'tm_job_type', u'tm_arguments', u'panda_resubmitted_jobs', u'tm_save_logs', u'tw_name', u'tm_user_infiles', u'tm_maxjobruntime', u'tm_numcores', u'tm_maxmemory', u'tm_priority', u'tm_output_dataset', u'tm_user_webdir', u'tm_activity', u'tm_scriptexe', u'tm_scriptargs', u'tm_extrajdl', u'tm_task_warnings', u'tm_generator', u'tm_outfiles', u'tm_tfile_outfiles', u'tm_edm_outfiles', u'tm_asourl', u'tm_events_per_lumi', u'tm_use_parent', u'tm_collector', u'tm_schedd', u'tm_dry_run', u'tm_user_files', u'tm_transfer_outputs', u'tm_output_lfn', u'tm_ignore_locality', u'tm_fail_limit', u'tm_one_event_mode', u'tm_publish_groupname', u'tm_nonvalid_input_dataset', u'tm_secondary_input_dataset', u'tm_primary_dataset', u'tm_asodb', u'tm_task_command', u'clusterid', u'tm_debug_files', u'tm_submitter_ip_addr', u'tm_ignore_global_blacklist', u'tm_last_publication']}}
INFO 2017-11-15 07:58:31,102: 	 CRAB project directory:		/uscms_data/d3/samuellh/WorkingArea/TauAnalysis/CMSSW_9_3_2/src/PUAnalysis/VBFtt2017/crab/VBF2/crab_20171115_072209
INFO 2017-11-15 07:58:31,102: 	 Task name:			171115_132234:shigginb_crab_20171115_072209
INFO 2017-11-15 07:58:31,102: 	 Grid scheduler:			crab3@vocms0199.cern.ch
INFO 2017-11-15 07:58:31,102: 	 Status on the CRAB server:	SUBMITTED
INFO 2017-11-15 07:58:31,102: 	 Task URL to use for HELP:	https://cmsweb.cern.ch/crabserver/ui/task/171115_132234%3Ashigginb_crab_20171115_072209
INFO 2017-11-15 07:58:31,102: 	 Dashboard monitoring URL:	http://dashb-cms-job.cern.ch/dashboard/templates/task-analysis/#user=shigginb&refresh=0&table=Jobs&p=1&records=25&activemenu=2&status=&site=&tid=171115_132234%3Ashigginb_crab_20171115_072209
DEBUG 2017-11-15 07:58:31,102: 	 The CRAB server submitted your task to the Grid scheduler (cluster ID: 13358901)
DEBUG 2017-11-15 07:58:31,102: 	 Webdir is located at http://vocms0199.cern.ch/mon/cms1359/171115_132234:shigginb_crab_20171115_072209
DEBUG 2017-11-15 07:58:32,753: 	 Proxied webdir is located at https://cmsweb.cern.ch/scheddmon/0199/cms1359/171115_132234:shigginb_crab_20171115_072209
DEBUG 2017-11-15 07:58:32,753: 	 Retrieving 'status_cache' file from https://cmsweb.cern.ch/scheddmon/0199/cms1359/171115_132234:shigginb_crab_20171115_072209/status_cache
DEBUG 2017-11-15 07:58:34,324: 	 Got information from status cache file: {'20': {'Retries': 0, 'WallDurations': [912.0], 'StartTimes': [1510752428.0], 'SubmitTimes': [1510752241.0], 'JobIds': ['13358965.0'], 'EndTimes': [], 'Restarts': 0, 'RecordedSite': False, 'State': 'running', 'ResidentSetSize': [2036256], 'TotalUserCpuTimeHistory': [0], 'SiteHistory': ['Unknown'], 'TotalSysCpuTimeHistory': [0]}, '21': {'Retries': 0, 'WallDurations': [177.0], 'StartTimes': [1510752435.0], 'SubmitTimes': [1510752241.0], 'JobIds': ['13358967.0'], 'EndTimes': [1510752612.0], 'Restarts': 0, 'RecordedSite': False, 'State': 'finished', 'ResidentSetSize': [83660], 'TotalUserCpuTimeHistory': [102], 'SiteHistory': ['Unknown'], 'TotalSysCpuTimeHistory': [3]}, '22': {'Retries': 0, 'WallDurations': [711.0], 'StartTimes': [1510752423.0], 'SubmitTimes': [1510752241.0], 'JobIds': ['13358966.0'], 'EndTimes': [1510753134.0], 'Restarts': 0, 'RecordedSite': False, 'State': 'finished', 'ResidentSetSize': [1926464], 'TotalUserCpuTimeHistory': [505], 'SiteHistory': ['Unknown'], 'TotalSysCpuTimeHistory': [14]}, '1': {'Retries': 0, 'WallDurations': [289.0], 'StartTimes': [1510752432.0], 'SubmitTimes': [1510752238.0], 'JobIds': ['13358946.0'], 'EndTimes': [1510752721.0], 'Restarts': 0, 'RecordedSite': False, 'State': 'finished', 'ResidentSetSize': [26804], 'TotalUserCpuTimeHistory': [174], 'SiteHistory': ['Unknown'], 'TotalSysCpuTimeHistory': [5]}, '3': {'Retries': 0, 'WallDurations': [637.0], 'StartTimes': [1510752420.0], 'SubmitTimes': [1510752238.0], 'JobIds': ['13358948.0'], 'EndTimes': [1510753057.0], 'Restarts': 0, 'RecordedSite': False, 'State': 'finished', 'ResidentSetSize': [1749032], 'TotalUserCpuTimeHistory': [456], 'SiteHistory': ['Unknown'], 'TotalSysCpuTimeHistory': [10]}, '2': {'Retries': 0, 'WallDurations': [305.0], 'StartTimes': [1510752433.0], 'SubmitTimes': [1510752238.0], 'JobIds': ['13358947.0'], 'EndTimes': [1510752738.0], 'Restarts': 0, 'RecordedSite': False, 'State': 'finished', 'ResidentSetSize': [30060], 'TotalUserCpuTimeHistory': [165], 'SiteHistory': ['Unknown'], 'TotalSysCpuTimeHistory': [7]}, '5': {'Retries': 0, 'WallDurations': [354.0], 'StartTimes': [1510752418.0], 'SubmitTimes': [1510752239.0], 'JobIds': ['13358950.0'], 'EndTimes': [1510752772.0], 'Restarts': 0, 'RecordedSite': False, 'State': 'finished', 'ResidentSetSize': [1830664], 'TotalUserCpuTimeHistory': [259], 'SiteHistory': ['Unknown'], 'TotalSysCpuTimeHistory': [9]}, '4': {'Retries': 0, 'WallDurations': [308.0], 'StartTimes': [1510752418.0], 'SubmitTimes': [1510752239.0], 'JobIds': ['13358949.0'], 'EndTimes': [1510752726.0], 'Restarts': 0, 'RecordedSite': False, 'State': 'finished', 'ResidentSetSize': [1968], 'TotalUserCpuTimeHistory': [137], 'SiteHistory': ['Unknown'], 'TotalSysCpuTimeHistory': [7]}, '7': {'Retries': 0, 'WallDurations': [1181.0], 'StartTimes': [1510752421.0], 'SubmitTimes': [1510752239.0], 'JobIds': ['13358952.0'], 'EndTimes': [1510753602.0], 'Restarts': 0, 'RecordedSite': False, 'State': 'finished', 'ResidentSetSize': [1799504], 'TotalUserCpuTimeHistory': [972], 'SiteHistory': ['Unknown'], 'TotalSysCpuTimeHistory': [14]}, '6': {'Retries': 0, 'WallDurations': [543.0], 'StartTimes': [1510752415.0], 'SubmitTimes': [1510752239.0], 'JobIds': ['13358951.0'], 'EndTimes': [1510752958.0], 'Restarts': 0, 'RecordedSite': False, 'State': 'finished', 'ResidentSetSize': [752004], 'TotalUserCpuTimeHistory': [120], 'SiteHistory': ['Unknown'], 'TotalSysCpuTimeHistory': [6]}, '9': {'Retries': 0, 'WallDurations': [686.0], 'StartTimes': [1510752422.0], 'SubmitTimes': [1510752240.0], 'JobIds': ['13358954.0'], 'EndTimes': [1510753108.0], 'Restarts': 0, 'RecordedSite': False, 'State': 'finished', 'ResidentSetSize': [1825440], 'TotalUserCpuTimeHistory': [517], 'SiteHistory': ['Unknown'], 'TotalSysCpuTimeHistory': [14]}, '8': {'Retries': 0, 'WallDurations': [163.0], 'StartTimes': [1510752424.0], 'SubmitTimes': [1510752240.0], 'JobIds': ['13358953.0'], 'EndTimes': [1510752587.0], 'Restarts': 0, 'RecordedSite': False, 'State': 'finished', 'ResidentSetSize': [19268], 'TotalUserCpuTimeHistory': [109], 'SiteHistory': ['Unknown'], 'TotalSysCpuTimeHistory': [3]}, '11': {'Retries': 0, 'WallDurations': [310.0], 'StartTimes': [1510752423.0], 'SubmitTimes': [1510752240.0], 'JobIds': ['13358956.0'], 'EndTimes': [], 'Restarts': 0, 'RecordedSite': False, 'State': 'running', 'ResidentSetSize': [1763168], 'TotalUserCpuTimeHistory': [0], 'SiteHistory': ['Unknown'], 'TotalSysCpuTimeHistory': [0]}, '10': {'Retries': 0, 'WallDurations': [1437.0], 'StartTimes': [1510752422.0], 'SubmitTimes': [1510752240.0], 'JobIds': ['13358955.0'], 'EndTimes': [1510753859.0], 'Restarts': 0, 'RecordedSite': False, 'State': 'finished', 'ResidentSetSize': [1830568], 'TotalUserCpuTimeHistory': [297], 'SiteHistory': ['Unknown'], 'TotalSysCpuTimeHistory': [11]}, '13': {'Retries': 0, 'WallDurations': [889.0], 'StartTimes': [1510752429.0], 'SubmitTimes': [1510752240.0], 'JobIds': ['13358958.0'], 'EndTimes': [1510753318.0], 'Restarts': 0, 'RecordedSite': False, 'State': 'finished', 'ResidentSetSize': [1927144], 'TotalUserCpuTimeHistory': [698], 'SiteHistory': ['Unknown'], 'TotalSysCpuTimeHistory': [13]}, '12': {'Retries': 0, 'WallDurations': [1133.0], 'StartTimes': [1510752420.0], 'SubmitTimes': [1510752240.0], 'JobIds': ['13358957.0'], 'EndTimes': [1510753553.0], 'Restarts': 0, 'RecordedSite': False, 'State': 'finished', 'ResidentSetSize': [1775336], 'TotalUserCpuTimeHistory': [469], 'SiteHistory': ['Unknown'], 'TotalSysCpuTimeHistory': [105]}, '15': {'Retries': 0, 'WallDurations': [611.0], 'StartTimes': [1510752418.0], 'SubmitTimes': [1510752240.0], 'JobIds': ['13358960.0'], 'EndTimes': [1510753029.0], 'Restarts': 0, 'RecordedSite': False, 'State': 'finished', 'ResidentSetSize': [715720], 'TotalUserCpuTimeHistory': [148], 'SiteHistory': ['Unknown'], 'TotalSysCpuTimeHistory': [7]}, '14': {'Retries': 0, 'WallDurations': [125.0], 'StartTimes': [1510752421.0], 'SubmitTimes': [1510752240.0], 'JobIds': ['13358959.0'], 'EndTimes': [1510752546.0], 'Restarts': 0, 'RecordedSite': False, 'State': 'finished', 'ResidentSetSize': [2620], 'TotalUserCpuTimeHistory': [57], 'SiteHistory': ['Unknown'], 'TotalSysCpuTimeHistory': [3]}, '17': {'Retries': 0, 'WallDurations': [1439.0], 'StartTimes': [1510752419.0], 'SubmitTimes': [1510752241.0], 'JobIds': ['13358962.0'], 'EndTimes': [1510753858.0], 'Restarts': 0, 'RecordedSite': False, 'State': 'finished', 'ResidentSetSize': [1665092], 'TotalUserCpuTimeHistory': [450], 'SiteHistory': ['Unknown'], 'TotalSysCpuTimeHistory': [17]}, '16': {'Retries': 0, 'WallDurations': [1510.0], 'StartTimes': [1510752416.0], 'SubmitTimes': [1510752240.0], 'JobIds': ['13358961.0'], 'EndTimes': [], 'Restarts': 0, 'RecordedSite': False, 'State': 'running', 'ResidentSetSize': [1744884], 'TotalUserCpuTimeHistory': [0], 'SiteHistory': ['Unknown'], 'TotalSysCpuTimeHistory': [0]}, '19': {'Retries': 0, 'WallDurations': [868.0], 'StartTimes': [1510752422.0], 'SubmitTimes': [1510752241.0], 'JobIds': ['13358964.0'], 'EndTimes': [1510753290.0], 'Restarts': 0, 'RecordedSite': False, 'State': 'finished', 'ResidentSetSize': [1709712], 'TotalUserCpuTimeHistory': [380], 'SiteHistory': ['Unknown'], 'TotalSysCpuTimeHistory': [11]}, '18': {'Retries': 0, 'WallDurations': [1544.0], 'StartTimes': [1510752422.0], 'SubmitTimes': [1510752241.0], 'JobIds': ['13358963.0'], 'EndTimes': [1510753966.0], 'Restarts': 0, 'RecordedSite': False, 'State': 'finished', 'ResidentSetSize': [1910052], 'TotalUserCpuTimeHistory': [1253], 'SiteHistory': ['Unknown'], 'TotalSysCpuTimeHistory': [23]}}
INFO 2017-11-15 07:58:34,324: 	 Status on the scheduler:	SUBMITTED
INFO 2017-11-15 07:58:34,324: 	 
Jobs status:                    finished       86.4% (19/22)
INFO 2017-11-15 07:58:34,324: 	 				running        13.6% ( 3/22)
INFO 2017-11-15 07:58:34,324: 	 
No publication information (publication has been disabled in the CRAB configuration file)
INFO 2017-11-15 07:58:34,352: 	 Log file is /uscms_data/d3/samuellh/WorkingArea/TauAnalysis/CMSSW_9_3_2/src/PUAnalysis/VBFtt2017/crab/VBF2/crab_20171115_072209/crab.log
DEBUG 2017-11-15 09:11:46,971: 	 Executing command: 'status'
DEBUG 2017-11-15 09:11:46,972: 	 Found CRAB cache file /uscms/home/samuellh/.crab3
DEBUG 2017-11-15 09:11:46,979: 	 Checking credentials
DEBUG 2017-11-15 09:11:46,979: 	 Found proxy file /tmp/x509up_u52190
DEBUG 2017-11-15 09:11:46,979: 	 Getting proxy life time left
DEBUG 2017-11-15 09:11:47,082: 	 Executing : 
 command : voms-proxy-info -file /tmp/x509up_u52190 -timeleft
 output : 76976

 error: 
 retcode : 0
DEBUG 2017-11-15 09:11:47,185: 	 Executing : 
 command : voms-proxy-info -file /tmp/x509up_u52190 -actimeleft
 output : 76975

 error: 
 retcode : 0
DEBUG 2017-11-15 09:11:47,186: 	 Proxy valid for 21:22:56 hours
DEBUG 2017-11-15 09:11:47,299: 	 Executing : 
 command : openssl x509 -in ~/.globus/usercert.pem -subject -noout
 output : subject= /DC=ch/DC=cern/OU=Organic Units/OU=Users/CN=shigginb/CN=785176/CN=Sam Higginbotham

 error: 
 retcode : 0
DEBUG 2017-11-15 09:11:47,299: 	 Checking credentials
DEBUG 2017-11-15 09:11:47,299: 	 Found proxy file /tmp/x509up_u52190
DEBUG 2017-11-15 09:11:47,299: 	 Getting proxy life time left
DEBUG 2017-11-15 09:11:47,402: 	 Executing : 
 command : voms-proxy-info -file /tmp/x509up_u52190 -timeleft
 output : 76976

 error: 
 retcode : 0
DEBUG 2017-11-15 09:11:47,506: 	 Executing : 
 command : voms-proxy-info -file /tmp/x509up_u52190 -actimeleft
 output : 76975

 error: 
 retcode : 0
DEBUG 2017-11-15 09:11:47,506: 	 Proxy valid for 21:22:56 hours
DEBUG 2017-11-15 09:11:49,209: 	 Registering user credentials for server /DC=ch/DC=cern/OU=computers/CN=vocms(045|052|021|031|0118|0118a|0119|0108|0105|0109).cern.ch
DEBUG 2017-11-15 09:11:49,318: 	 Executing : 
 command : openssl x509 -in ~/.globus/usercert.pem -subject -noout
 output : subject= /DC=ch/DC=cern/OU=Organic Units/OU=Users/CN=shigginb/CN=785176/CN=Sam Higginbotham

 error: 
 retcode : 0
DEBUG 2017-11-15 09:11:49,318: 	 Getting myproxy life time left for myproxy.cern.ch
DEBUG 2017-11-15 09:11:49,318: 	 Calculating hash of /DC=ch/DC=cern/OU=Organic Units/OU=Users/CN=shigginb/CN=785176/CN=Sam Higginbotham_cmsweb.cern.ch for credential name
DEBUG 2017-11-15 09:11:50,122: 	 Executing : 
 command : myproxy-info -l 2f318c7a260d78734589f2cc772d26b8be79ec6c -s myproxy.cern.ch
 output : username: 2f318c7a260d78734589f2cc772d26b8be79ec6c
owner: /DC=ch/DC=cern/OU=Organic Units/OU=Users/CN=shigginb/CN=785176/CN=Sam Higginbotham
  renewal policy: /DC=ch/DC=cern/OU=computers/CN=vocms(045|052|021|031|0118|0118a|0119|0108|0105|0109).cern.ch
  trusted retrieval policy: /DC=ch/DC=cern/OU=computers/CN=vocms(045|052|021|031|0118|0118a|0119|0108|0105|0109).cern.ch
  timeleft: 430:11:51  (17.9 days)

 error: 
 retcode : 0
DEBUG 2017-11-15 09:11:50,124: 	 Myproxy is valid: 1548711
DEBUG 2017-11-15 09:11:50,124: 	 Command use: status
DEBUG 2017-11-15 09:11:50,124: 	 Options use: ['-d', 'crab_20171115_072209/']
DEBUG 2017-11-15 09:11:51,757: 	 CRABClient version: 3.3.1707.patch1
DEBUG 2017-11-15 09:11:51,757: 	 Instance is prod
DEBUG 2017-11-15 09:11:51,757: 	 Server base url is cmsweb.cern.ch
DEBUG 2017-11-15 09:11:51,757: 	 Command url /crabserver/prod/workflow
DEBUG 2017-11-15 09:11:53,768: 	 Got information from server oracle database: {u'result': [u'171115_132234:shigginb_crab_20171115_072209', u'None', u'SUBMITTED', u'2017-11-15 13:22:34.870543', u'None', u'2017-11-15 13:23:42.975867', u'None', u'CMSSW_9_3_2', u'slc6_amd64_gcc630', u'/DYToLL-M-50_0J_14TeV-madgraphMLM-pythia8/PhaseIITDRFall17MiniAOD-PU200_93X_upgrade2023_realistic_v2-v1/MINIAODSIM', u'[]', u'[]', u'FileBased', u"{'splitOnRun': False, 'halt_job_on_file_boundaries': False, 'files_per_job': 1, 'runs': [], 'lumis': []}", u'0', u'4e198fb019d07e682a8bd09208595d4eb73bac82ae7f6e24154a54b4451cc952.tar.gz', u'https://cmsweb.cern.ch/crabcache', u'shigginb', u'/DC=ch/DC=cern/OU=Organic Units/OU=Users/CN=shigginb/CN=785176/CN=Sam Higginbotham', u'cms', u'None', u'None', u'crab_20171115_072209-00000000000000000000000000000000', u'T3_US_FNALLPC', u'https://cmsweb.cern.ch/dbs/prod/global/DBSReader', u'https://cmsweb.cern.ch/dbs/prod/phys03/DBSWriter', u'F', u'Analysis', u'{}', u'[]', u'F', u'vocms052', u'[]', u'1250', u'1', u'2000', u'10', u'None', u'http://vocms0199.cern.ch/mon/cms1359/171115_132234:shigginb_crab_20171115_072209', u'None', u'None', u'[]', u'[]', u'[]', u'pythia', u'[]', u"['analysis.root']", u'[]', u'https://cmsweb.cern.ch/crabserver/prod', u'None', u'0', u'cmssrv221.fnal.gov:9620', u'crab3@vocms0199.cern.ch', u'F', u'[]', u'T', u'/store/user/shigginb/', u'F', u'None', u'F', u'F', u'F', u'None', u'DYToLL-M-50_0J_14TeV-madgraphMLM-pythia8', u'filetransfers', u'SUBMIT', u'13358901', u'ca6de94b20fb2fe667c189fdbcfd1c7973e12334111ffd760b9a42de594ba8bd.tar.gz', u'131.225.190.56', u'F', u'None'], u'desc': {u'columns': [u'tm_taskname', u'panda_jobset_id', u'tm_task_status', u'tm_start_time', u'tm_start_injection', u'tm_end_injection', u'tm_task_failure', u'tm_job_sw', u'tm_job_arch', u'tm_input_dataset', u'tm_site_whitelist', u'tm_site_blacklist', u'tm_split_algo', u'tm_split_args', u'tm_totalunits', u'tm_user_sandbox', u'tm_cache_url', u'tm_username', u'tm_user_dn', u'tm_user_vo', u'tm_user_role', u'tm_user_group', u'tm_publish_name', u'tm_asyncdest', u'tm_dbs_url', u'tm_publish_dbs_url', u'tm_publication', u'tm_job_type', u'tm_arguments', u'panda_resubmitted_jobs', u'tm_save_logs', u'tw_name', u'tm_user_infiles', u'tm_maxjobruntime', u'tm_numcores', u'tm_maxmemory', u'tm_priority', u'tm_output_dataset', u'tm_user_webdir', u'tm_activity', u'tm_scriptexe', u'tm_scriptargs', u'tm_extrajdl', u'tm_task_warnings', u'tm_generator', u'tm_outfiles', u'tm_tfile_outfiles', u'tm_edm_outfiles', u'tm_asourl', u'tm_events_per_lumi', u'tm_use_parent', u'tm_collector', u'tm_schedd', u'tm_dry_run', u'tm_user_files', u'tm_transfer_outputs', u'tm_output_lfn', u'tm_ignore_locality', u'tm_fail_limit', u'tm_one_event_mode', u'tm_publish_groupname', u'tm_nonvalid_input_dataset', u'tm_secondary_input_dataset', u'tm_primary_dataset', u'tm_asodb', u'tm_task_command', u'clusterid', u'tm_debug_files', u'tm_submitter_ip_addr', u'tm_ignore_global_blacklist', u'tm_last_publication']}}
INFO 2017-11-15 09:11:53,769: 	 CRAB project directory:		/uscms_data/d3/samuellh/WorkingArea/TauAnalysis/CMSSW_9_3_2/src/PUAnalysis/VBFtt2017/crab/VBF2/crab_20171115_072209
INFO 2017-11-15 09:11:53,769: 	 Task name:			171115_132234:shigginb_crab_20171115_072209
INFO 2017-11-15 09:11:53,769: 	 Grid scheduler:			crab3@vocms0199.cern.ch
INFO 2017-11-15 09:11:53,769: 	 Status on the CRAB server:	SUBMITTED
INFO 2017-11-15 09:11:53,769: 	 Task URL to use for HELP:	https://cmsweb.cern.ch/crabserver/ui/task/171115_132234%3Ashigginb_crab_20171115_072209
INFO 2017-11-15 09:11:53,769: 	 Dashboard monitoring URL:	http://dashb-cms-job.cern.ch/dashboard/templates/task-analysis/#user=shigginb&refresh=0&table=Jobs&p=1&records=25&activemenu=2&status=&site=&tid=171115_132234%3Ashigginb_crab_20171115_072209
DEBUG 2017-11-15 09:11:53,769: 	 The CRAB server submitted your task to the Grid scheduler (cluster ID: 13358901)
DEBUG 2017-11-15 09:11:53,770: 	 Webdir is located at http://vocms0199.cern.ch/mon/cms1359/171115_132234:shigginb_crab_20171115_072209
DEBUG 2017-11-15 09:11:55,599: 	 Proxied webdir is located at https://cmsweb.cern.ch/scheddmon/0199/cms1359/171115_132234:shigginb_crab_20171115_072209
DEBUG 2017-11-15 09:11:55,600: 	 Retrieving 'status_cache' file from https://cmsweb.cern.ch/scheddmon/0199/cms1359/171115_132234:shigginb_crab_20171115_072209/status_cache
DEBUG 2017-11-15 09:11:57,212: 	 Got information from status cache file: {'20': {'Retries': 0, 'WallDurations': [1783.0], 'StartTimes': [1510752428.0], 'SubmitTimes': [1510752241.0], 'JobIds': ['13358965.0'], 'EndTimes': [1510754211.0], 'Restarts': 0, 'RecordedSite': False, 'State': 'finished', 'ResidentSetSize': [2036256], 'TotalUserCpuTimeHistory': [1282], 'SiteHistory': ['Unknown'], 'TotalSysCpuTimeHistory': [19]}, '21': {'Retries': 0, 'WallDurations': [177.0], 'StartTimes': [1510752435.0], 'SubmitTimes': [1510752241.0], 'JobIds': ['13358967.0'], 'EndTimes': [1510752612.0], 'Restarts': 0, 'RecordedSite': False, 'State': 'finished', 'ResidentSetSize': [83660], 'TotalUserCpuTimeHistory': [102], 'SiteHistory': ['Unknown'], 'TotalSysCpuTimeHistory': [3]}, '22': {'Retries': 0, 'WallDurations': [711.0], 'StartTimes': [1510752423.0], 'SubmitTimes': [1510752241.0], 'JobIds': ['13358966.0'], 'EndTimes': [1510753134.0], 'Restarts': 0, 'RecordedSite': False, 'State': 'finished', 'ResidentSetSize': [1926464], 'TotalUserCpuTimeHistory': [505], 'SiteHistory': ['Unknown'], 'TotalSysCpuTimeHistory': [14]}, '1': {'Retries': 0, 'WallDurations': [289.0], 'StartTimes': [1510752432.0], 'SubmitTimes': [1510752238.0], 'JobIds': ['13358946.0'], 'EndTimes': [1510752721.0], 'Restarts': 0, 'RecordedSite': False, 'State': 'finished', 'ResidentSetSize': [26804], 'TotalUserCpuTimeHistory': [174], 'SiteHistory': ['Unknown'], 'TotalSysCpuTimeHistory': [5]}, '3': {'Retries': 0, 'WallDurations': [637.0], 'StartTimes': [1510752420.0], 'SubmitTimes': [1510752238.0], 'JobIds': ['13358948.0'], 'EndTimes': [1510753057.0], 'Restarts': 0, 'RecordedSite': False, 'State': 'finished', 'ResidentSetSize': [1749032], 'TotalUserCpuTimeHistory': [456], 'SiteHistory': ['Unknown'], 'TotalSysCpuTimeHistory': [10]}, '2': {'Retries': 0, 'WallDurations': [305.0], 'StartTimes': [1510752433.0], 'SubmitTimes': [1510752238.0], 'JobIds': ['13358947.0'], 'EndTimes': [1510752738.0], 'Restarts': 0, 'RecordedSite': False, 'State': 'finished', 'ResidentSetSize': [30060], 'TotalUserCpuTimeHistory': [165], 'SiteHistory': ['Unknown'], 'TotalSysCpuTimeHistory': [7]}, '5': {'Retries': 0, 'WallDurations': [354.0], 'StartTimes': [1510752418.0], 'SubmitTimes': [1510752239.0], 'JobIds': ['13358950.0'], 'EndTimes': [1510752772.0], 'Restarts': 0, 'RecordedSite': False, 'State': 'finished', 'ResidentSetSize': [1830664], 'TotalUserCpuTimeHistory': [259], 'SiteHistory': ['Unknown'], 'TotalSysCpuTimeHistory': [9]}, '4': {'Retries': 0, 'WallDurations': [308.0], 'StartTimes': [1510752418.0], 'SubmitTimes': [1510752239.0], 'JobIds': ['13358949.0'], 'EndTimes': [1510752726.0], 'Restarts': 0, 'RecordedSite': False, 'State': 'finished', 'ResidentSetSize': [1968], 'TotalUserCpuTimeHistory': [137], 'SiteHistory': ['Unknown'], 'TotalSysCpuTimeHistory': [7]}, '7': {'Retries': 0, 'WallDurations': [1181.0], 'StartTimes': [1510752421.0], 'SubmitTimes': [1510752239.0], 'JobIds': ['13358952.0'], 'EndTimes': [1510753602.0], 'Restarts': 0, 'RecordedSite': False, 'State': 'finished', 'ResidentSetSize': [1799504], 'TotalUserCpuTimeHistory': [972], 'SiteHistory': ['Unknown'], 'TotalSysCpuTimeHistory': [14]}, '6': {'Retries': 0, 'WallDurations': [543.0], 'StartTimes': [1510752415.0], 'SubmitTimes': [1510752239.0], 'JobIds': ['13358951.0'], 'EndTimes': [1510752958.0], 'Restarts': 0, 'RecordedSite': False, 'State': 'finished', 'ResidentSetSize': [752004], 'TotalUserCpuTimeHistory': [120], 'SiteHistory': ['Unknown'], 'TotalSysCpuTimeHistory': [6]}, '9': {'Retries': 0, 'WallDurations': [686.0], 'StartTimes': [1510752422.0], 'SubmitTimes': [1510752240.0], 'JobIds': ['13358954.0'], 'EndTimes': [1510753108.0], 'Restarts': 0, 'RecordedSite': False, 'State': 'finished', 'ResidentSetSize': [1825440], 'TotalUserCpuTimeHistory': [517], 'SiteHistory': ['Unknown'], 'TotalSysCpuTimeHistory': [14]}, '8': {'Retries': 0, 'WallDurations': [163.0], 'StartTimes': [1510752424.0], 'SubmitTimes': [1510752240.0], 'JobIds': ['13358953.0'], 'EndTimes': [1510752587.0], 'Restarts': 0, 'RecordedSite': False, 'State': 'finished', 'ResidentSetSize': [19268], 'TotalUserCpuTimeHistory': [109], 'SiteHistory': ['Unknown'], 'TotalSysCpuTimeHistory': [3]}, '11': {'Retries': 0, 'WallDurations': [2407.0], 'StartTimes': [1510752423.0], 'SubmitTimes': [1510752240.0], 'JobIds': ['13358956.0'], 'EndTimes': [1510754830.0], 'Restarts': 0, 'RecordedSite': False, 'State': 'finished', 'ResidentSetSize': [1763168], 'TotalUserCpuTimeHistory': [1717], 'SiteHistory': ['Unknown'], 'TotalSysCpuTimeHistory': [58]}, '10': {'Retries': 0, 'WallDurations': [1437.0], 'StartTimes': [1510752422.0], 'SubmitTimes': [1510752240.0], 'JobIds': ['13358955.0'], 'EndTimes': [1510753859.0], 'Restarts': 0, 'RecordedSite': False, 'State': 'finished', 'ResidentSetSize': [1830568], 'TotalUserCpuTimeHistory': [297], 'SiteHistory': ['Unknown'], 'TotalSysCpuTimeHistory': [11]}, '13': {'Retries': 0, 'WallDurations': [889.0], 'StartTimes': [1510752429.0], 'SubmitTimes': [1510752240.0], 'JobIds': ['13358958.0'], 'EndTimes': [1510753318.0], 'Restarts': 0, 'RecordedSite': False, 'State': 'finished', 'ResidentSetSize': [1927144], 'TotalUserCpuTimeHistory': [698], 'SiteHistory': ['Unknown'], 'TotalSysCpuTimeHistory': [13]}, '12': {'Retries': 0, 'WallDurations': [1133.0], 'StartTimes': [1510752420.0], 'SubmitTimes': [1510752240.0], 'JobIds': ['13358957.0'], 'EndTimes': [1510753553.0], 'Restarts': 0, 'RecordedSite': False, 'State': 'finished', 'ResidentSetSize': [1775336], 'TotalUserCpuTimeHistory': [469], 'SiteHistory': ['Unknown'], 'TotalSysCpuTimeHistory': [105]}, '15': {'Retries': 0, 'WallDurations': [611.0], 'StartTimes': [1510752418.0], 'SubmitTimes': [1510752240.0], 'JobIds': ['13358960.0'], 'EndTimes': [1510753029.0], 'Restarts': 0, 'RecordedSite': False, 'State': 'finished', 'ResidentSetSize': [715720], 'TotalUserCpuTimeHistory': [148], 'SiteHistory': ['Unknown'], 'TotalSysCpuTimeHistory': [7]}, '14': {'Retries': 0, 'WallDurations': [125.0], 'StartTimes': [1510752421.0], 'SubmitTimes': [1510752240.0], 'JobIds': ['13358959.0'], 'EndTimes': [1510752546.0], 'Restarts': 0, 'RecordedSite': False, 'State': 'finished', 'ResidentSetSize': [2620], 'TotalUserCpuTimeHistory': [57], 'SiteHistory': ['Unknown'], 'TotalSysCpuTimeHistory': [3]}, '17': {'Retries': 0, 'WallDurations': [1439.0], 'StartTimes': [1510752419.0], 'SubmitTimes': [1510752241.0], 'JobIds': ['13358962.0'], 'EndTimes': [1510753858.0], 'Restarts': 0, 'RecordedSite': False, 'State': 'finished', 'ResidentSetSize': [1665092], 'TotalUserCpuTimeHistory': [450], 'SiteHistory': ['Unknown'], 'TotalSysCpuTimeHistory': [17]}, '16': {'Retries': 0, 'WallDurations': [2093.0], 'StartTimes': [1510752416.0], 'SubmitTimes': [1510752240.0], 'JobIds': ['13358961.0'], 'EndTimes': [1510754509.0], 'Restarts': 0, 'RecordedSite': False, 'State': 'finished', 'ResidentSetSize': [1744884], 'TotalUserCpuTimeHistory': [788], 'SiteHistory': ['Unknown'], 'TotalSysCpuTimeHistory': [28]}, '19': {'Retries': 0, 'WallDurations': [868.0], 'StartTimes': [1510752422.0], 'SubmitTimes': [1510752241.0], 'JobIds': ['13358964.0'], 'EndTimes': [1510753290.0], 'Restarts': 0, 'RecordedSite': False, 'State': 'finished', 'ResidentSetSize': [1709712], 'TotalUserCpuTimeHistory': [380], 'SiteHistory': ['Unknown'], 'TotalSysCpuTimeHistory': [11]}, '18': {'Retries': 0, 'WallDurations': [1544.0], 'StartTimes': [1510752422.0], 'SubmitTimes': [1510752241.0], 'JobIds': ['13358963.0'], 'EndTimes': [1510753966.0], 'Restarts': 0, 'RecordedSite': False, 'State': 'finished', 'ResidentSetSize': [1910052], 'TotalUserCpuTimeHistory': [1253], 'SiteHistory': ['Unknown'], 'TotalSysCpuTimeHistory': [23]}}
INFO 2017-11-15 09:11:57,212: 	 Status on the scheduler:	COMPLETED
INFO 2017-11-15 09:11:57,212: 	 
Jobs status:                    finished      100.0% (22/22)
INFO 2017-11-15 09:11:57,212: 	 
No publication information (publication has been disabled in the CRAB configuration file)
INFO 2017-11-15 09:11:57,243: 	 Log file is /uscms_data/d3/samuellh/WorkingArea/TauAnalysis/CMSSW_9_3_2/src/PUAnalysis/VBFtt2017/crab/VBF2/crab_20171115_072209/crab.log
