('The system path in the config file ', ['/cvmfs/cms.cern.ch/crab3/slc6_amd64_gcc493/cms/crabclient/3.3.1707.patch1/bin', '/uscms_data/d3/samuellh/WorkingArea/TauAnalysis/CMSSW_9_3_2/python', '/uscms_data/d3/samuellh/WorkingArea/TauAnalysis/CMSSW_9_3_2/lib/slc6_amd64_gcc630', '/cvmfs/cms.cern.ch/slc6_amd64_gcc630/cms/cmssw/CMSSW_9_3_2/python', '/cvmfs/cms.cern.ch/slc6_amd64_gcc630/cms/cmssw/CMSSW_9_3_2/lib/slc6_amd64_gcc630', '/cvmfs/cms.cern.ch/slc6_amd64_gcc630/cms/coral/CORAL_2_3_21-ghjeda6/slc6_amd64_gcc630/python', '/cvmfs/cms.cern.ch/slc6_amd64_gcc630/cms/coral/CORAL_2_3_21-ghjeda6/slc6_amd64_gcc630/lib', '/cvmfs/cms.cern.ch/slc6_amd64_gcc630/external/professor2/2.2.1-ghjeda6/lib/python2.7/site-packages', '/cvmfs/cms.cern.ch/slc6_amd64_gcc630/external/pyqt/4.11.4-mlhled2/lib/python2.7/site-packages', '/cvmfs/cms.cern.ch/slc6_amd64_gcc630/external/sherpa/2.2.4-ghjeda/lib/python2.7/site-packages', '/cvmfs/cms.cern.ch/slc6_amd64_gcc630/external/rivet/2.5.2-ghjeda4/lib/python2.7/site-packages', '/cvmfs/cms.cern.ch/slc6_amd64_gcc630/external/python-ldap/2.4.10-mlhled2/lib/python2.7/site-packages', '/cvmfs/cms.cern.ch/slc6_amd64_gcc630/external/py2-matplotlib/1.5.2-njopjo/lib/python2.7/site-packages', '/cvmfs/cms.cern.ch/slc6_amd64_gcc630/external/sip/4.17-mlhled2/lib/python2.7/site-packages', '/cvmfs/cms.cern.ch/slc6_amd64_gcc630/external/llvm/4.0.0-njopjo/lib64/python2.7/site-packages', '/cvmfs/cms.cern.ch/slc6_amd64_gcc630/external/py2-sqlalchemy/1.1.4-mlhled2/lib/python2.7/site-packages', '/cvmfs/cms.cern.ch/slc6_amd64_gcc630/external/py2-lint/0.25.1-mlhled2/lib/python2.7/site-packages', '/cvmfs/cms.cern.ch/slc6_amd64_gcc630/external/py2-dxr/1.0-ghjeda6/lib/python2.7/site-packages', '/cvmfs/cms.cern.ch/slc6_amd64_gcc630/external/py2-cx-oracle/5.2.1-mlhled2/lib/python2.7/site-packages', '/cvmfs/cms.cern.ch/slc6_amd64_gcc630/external/py2-numpy/1.12.1-mlhled2/lib/python2.7/site-packages', '/cvmfs/cms.cern.ch/slc6_amd64_gcc630/external/frontier_client/2.8.20-mlhled2/python/lib', '/cvmfs/cms.cern.ch/slc6_amd64_gcc630/cms/das_client/v03.01.00-mlhled2/bin', '/cvmfs/cms.cern.ch/slc6_amd64_gcc630/external/xrootd/4.6.1/lib/python2.7/site-packages', '/cvmfs/cms.cern.ch/slc6_amd64_gcc630/external/yoda/1.6.5-ghjeda4/lib/python2.7/site-packages', '/cvmfs/cms.cern.ch/slc6_amd64_gcc630/lcg/root/6.10.04-ghjeda/lib', '/cvmfs/cms.cern.ch/slc6_amd64_gcc630/external/pyminuit2/0.0.1-ghjeda4/lib/python2.7/site-packages', '/cvmfs/cms.cern.ch/slc6_amd64_gcc630/external/py2-PyYAML/3.11-mlhled2/lib/python2.7/site-packages', '/cvmfs/cms.cern.ch/slc6_amd64_gcc630/external/py2-pygithub/1.23.0-mlhled2/lib/python2.7/site-packages', '/cvmfs/cms.cern.ch/slc6_amd64_gcc630/external/py2-pip/9.0.1-mlhled2/lib/python2.7/site-packages', '/cvmfs/cms.cern.ch/slc6_amd64_gcc630/external/py2-dablooms/0.9.1-mlhled2/lib/python2.7/site-packages', '/cvmfs/cms.cern.ch/slc6_amd64_gcc630/external/py2-pippkgs_depscipy/3.0-ghjeda6/lib/python2.7/site-packages', '/cvmfs/cms.cern.ch/slc6_amd64_gcc630/external/py2-pippkgs/5.0-ghjeda6/lib/python2.7/site-packages', '/cvmfs/cms.cern.ch/slc6_amd64_gcc630/external/professor/1.4.0-ghjeda4/lib/python2.7/site-packages', '/cvmfs/cms.cern.ch/slc6_amd64_gcc630/cms/dbs-client/DBS_2_1_9-mlhled2/lib', '/cvmfs/cms.cern.ch/slc6_amd64_gcc630/cms/dbs-client/DBS_2_1_9-mlhled2/lib/DBSAPI', '/cvmfs/cms.cern.ch/slc6_amd64_gcc630/external/cvs2git/5419-mlhled2/lib', '/cvmfs/cms.cern.ch/crab3/slc6_amd64_gcc493/cms/crabclient/3.3.1707.patch1/lib/python2.7/site-packages', '/cvmfs/cms.cern.ch/crab3/slc6_amd64_gcc493/cms/dbs3-client/3.4.4/lib/python2.7/site-packages', '/cvmfs/cms.cern.ch/crab3/slc6_amd64_gcc493/cms/dbs3-pycurl-client/3.4.4/lib/python2.7/site-packages', '/cvmfs/cms.cern.ch/slc6_amd64_gcc630/external/py2-sqlalchemy/1.1.4-mlhled2/lib/python2.7/site-packages/SQLAlchemy-1.1.4-py2.7-linux-x86_64.egg', '/cvmfs/cms.cern.ch/slc6_amd64_gcc630/external/py2-numpy/1.12.1-mlhled2/lib/python2.7/site-packages/numpy-1.12.1-py2.7-linux-x86_64.egg', '/cvmfs/cms.cern.ch/slc6_amd64_gcc630/external/python/2.7.11-mlhled2/lib/python27.zip', '/cvmfs/cms.cern.ch/slc6_amd64_gcc630/external/python/2.7.11-mlhled2/lib/python2.7', '/cvmfs/cms.cern.ch/slc6_amd64_gcc630/external/python/2.7.11-mlhled2/lib/python2.7/plat-linux2', '/cvmfs/cms.cern.ch/slc6_amd64_gcc630/external/python/2.7.11-mlhled2/lib/python2.7/lib-tk', '/cvmfs/cms.cern.ch/slc6_amd64_gcc630/external/python/2.7.11-mlhled2/lib/python2.7/lib-old', '/cvmfs/cms.cern.ch/slc6_amd64_gcc630/external/python/2.7.11-mlhled2/lib/python2.7/lib-dynload', '/cvmfs/cms.cern.ch/slc6_amd64_gcc630/external/python/2.7.11-mlhled2/lib/python2.7/site-packages', '/uscms_data/d3/samuellh/WorkingArea/TauAnalysis/CMSSW_9_3_2/src/PUAnalysis/VBFtt2017/crab/VBF43'])
 ##################################################################### 
 # WARNING: the module CondCore.DBCommon.CondDBSetup is deprecated.  # 
 # Please import CondCore.CondDB.CondDB_cfi                          # 
 ##################################################################### 
recorrecting the jets
List Of Filters
['processedEvents', 'initialEventsTT', 'DiMuonCreation', 'AtLeastOneDiTau', 'TTTauPtEta', 'TTTauDecayFound', 'TTTauStandardDecayFound', 'TTTauDRSel', 'TTSync', 'TTAntiEle', 'TTAntiMu', 'TTIso', 'TTOS']
DEBUG 2017-11-15 07:33:52,767: 	 Executing command: 'submit'
DEBUG 2017-11-15 07:33:52,767: 	 Found CRAB cache file /uscms/home/samuellh/.crab3
DEBUG 2017-11-15 07:33:52,774: 	 Checking credentials
DEBUG 2017-11-15 07:33:52,775: 	 Found proxy file /tmp/x509up_u52190
DEBUG 2017-11-15 07:33:52,775: 	 Getting proxy life time left
DEBUG 2017-11-15 07:33:52,878: 	 Executing : 
 command : voms-proxy-info -file /tmp/x509up_u52190 -timeleft
 output : 82851

 error: 
 retcode : 0
DEBUG 2017-11-15 07:33:52,983: 	 Executing : 
 command : voms-proxy-info -file /tmp/x509up_u52190 -actimeleft
 output : 82850

 error: 
 retcode : 0
DEBUG 2017-11-15 07:33:52,983: 	 Proxy valid for 23:00:51 hours
INFO 2017-11-15 07:33:52,983: 	 Will use CRAB configuration file crab3_TT_MC.py
DEBUG 2017-11-15 07:33:52,983: 	 Loading CRAB configuration file.
DEBUG 2017-11-15 07:33:52,991: 	 Will use CRAB Analysis plugin (i.e. will run an analysis job type).
DEBUG 2017-11-15 07:33:53,105: 	 Executing : 
 command : openssl x509 -in ~/.globus/usercert.pem -subject -noout
 output : subject= /DC=ch/DC=cern/OU=Organic Units/OU=Users/CN=shigginb/CN=785176/CN=Sam Higginbotham

 error: 
 retcode : 0
DEBUG 2017-11-15 07:33:53,106: 	 Checking credentials
DEBUG 2017-11-15 07:33:53,106: 	 Found proxy file /tmp/x509up_u52190
DEBUG 2017-11-15 07:33:53,106: 	 Getting proxy life time left
DEBUG 2017-11-15 07:33:53,209: 	 Executing : 
 command : voms-proxy-info -file /tmp/x509up_u52190 -timeleft
 output : 82850

 error: 
 retcode : 0
DEBUG 2017-11-15 07:33:53,312: 	 Executing : 
 command : voms-proxy-info -file /tmp/x509up_u52190 -actimeleft
 output : 82849

 error: 
 retcode : 0
DEBUG 2017-11-15 07:33:53,312: 	 Proxy valid for 23:00:50 hours
DEBUG 2017-11-15 07:33:53,416: 	 Executing : 
 command : env X509_USER_PROXY=/tmp/x509up_u52190 voms-proxy-info -fqan
 output : /cms/Role=NULL/Capability=NULL

 error: 
 retcode : 0
DEBUG 2017-11-15 07:33:55,156: 	 Registering user credentials for server /DC=ch/DC=cern/OU=computers/CN=vocms(045|052|021|031|0118|0118a|0119|0108|0105|0109).cern.ch
DEBUG 2017-11-15 07:33:55,266: 	 Executing : 
 command : openssl x509 -in ~/.globus/usercert.pem -subject -noout
 output : subject= /DC=ch/DC=cern/OU=Organic Units/OU=Users/CN=shigginb/CN=785176/CN=Sam Higginbotham

 error: 
 retcode : 0
DEBUG 2017-11-15 07:33:55,266: 	 Getting myproxy life time left for myproxy.cern.ch
DEBUG 2017-11-15 07:33:55,266: 	 Calculating hash of /DC=ch/DC=cern/OU=Organic Units/OU=Users/CN=shigginb/CN=785176/CN=Sam Higginbotham_cmsweb.cern.ch for credential name
DEBUG 2017-11-15 07:33:55,970: 	 Executing : 
 command : myproxy-info -l 2f318c7a260d78734589f2cc772d26b8be79ec6c -s myproxy.cern.ch
 output : username: 2f318c7a260d78734589f2cc772d26b8be79ec6c
owner: /DC=ch/DC=cern/OU=Organic Units/OU=Users/CN=shigginb/CN=785176/CN=Sam Higginbotham
  renewal policy: /DC=ch/DC=cern/OU=computers/CN=vocms(045|052|021|031|0118|0118a|0119|0108|0105|0109).cern.ch
  trusted retrieval policy: /DC=ch/DC=cern/OU=computers/CN=vocms(045|052|021|031|0118|0118a|0119|0108|0105|0109).cern.ch
  timeleft: 431:49:46  (18.0 days)

 error: 
 retcode : 0
DEBUG 2017-11-15 07:33:55,971: 	 Myproxy is valid: 1554586
DEBUG 2017-11-15 07:33:55,972: 	 Command use: submit
DEBUG 2017-11-15 07:33:55,972: 	 Options use: ['-c', 'crab3_TT_MC.py']
DEBUG 2017-11-15 07:33:57,705: 	 CRABClient version: 3.3.1707.patch1
DEBUG 2017-11-15 07:33:57,705: 	 Instance is prod
DEBUG 2017-11-15 07:33:57,706: 	 Server base url is cmsweb.cern.ch
DEBUG 2017-11-15 07:33:57,706: 	 Command url /crabserver/prod/workflow
DEBUG 2017-11-15 07:33:57,706: 	 Started submission
DEBUG 2017-11-15 07:33:57,706: 	 Working on /uscms_data/d3/samuellh/WorkingArea/TauAnalysis/CMSSW_9_3_2/src/PUAnalysis/VBFtt2017/crab/VBF43/crab_20171115_073352
DEBUG 2017-11-15 07:33:59,373: 	 Loading required information from the environment
DEBUG 2017-11-15 07:33:59,373: 	 Found CMSSW_9_3_2 for slc6_amd64_gcc630 with base /uscms_data/d3/samuellh/WorkingArea/TauAnalysis/CMSSW_9_3_2
DEBUG 2017-11-15 07:33:59,373: 	 Loading required information from the environment
DEBUG 2017-11-15 07:33:59,373: 	 Found CMSSW_9_3_2 for slc6_amd64_gcc630 with base /uscms_data/d3/samuellh/WorkingArea/TauAnalysis/CMSSW_9_3_2
DEBUG 2017-11-15 07:33:59,385: 	 UNIQUE NAME: tarUUID 1a7073b7-80ae-4ac9-811e-ef34d10b794f 
DEBUG 2017-11-15 07:33:59,385: 	 self.config: from WMCore.Configuration import Configuration
config = Configuration()
config.section_('General')
config.section_('JobType')
config.JobType.psetName = '../../../TT-MC-Up.py'
config.JobType.pluginName = 'Analysis'
config.JobType.inputFiles = ['../../../Configuration/data/PhaseIISummer16_25nsV3_MC.db']
config.JobType.outputFiles = ['analysis.root']
config.JobType.allowUndistributedCMSSW = True
config.section_('Data')
config.Data.inputDataset = '/TTTo2L2Nu_TuneCUETP8M1_14TeV-powheg-pythia8/PhaseIITDRFall17MiniAOD-PU200_93X_upgrade2023_realistic_v2-v1/MINIAODSIM'
config.Data.unitsPerJob = 1
config.Data.publication = False
config.Data.inputDBS = 'global'
config.Data.splitting = 'FileBased'
config.section_('Site')
config.Site.storageSite = 'T3_US_FNALLPC'
config.section_('User')
config.section_('Debug')

DEBUG 2017-11-15 07:33:59,385: 	 self.config.JobType.psetName: ../../../TT-MC-Up.py
INFO 2017-11-15 07:33:59,386: 	 Importing CMSSW configuration ../../../TT-MC-Up.py
INFO 2017-11-15 07:34:01,705: 	 Finished importing CMSSW configuration ../../../TT-MC-Up.py
DEBUG 2017-11-15 07:34:01,705: 	 Writing CMSSW configuration to /uscms_data/d3/samuellh/WorkingArea/TauAnalysis/CMSSW_9_3_2/src/PUAnalysis/VBFtt2017/crab/VBF43/crab_20171115_073352/inputs/PSet.py
DEBUG 2017-11-15 07:34:02,660: 	 The following EDM output files will be collected: []
DEBUG 2017-11-15 07:34:02,660: 	 The following TFile output files will be collected: ['analysis.root']
DEBUG 2017-11-15 07:34:02,660: 	 The following user output files will be collected: []
DEBUG 2017-11-15 07:34:02,660: 	 Loading required information from the environment
DEBUG 2017-11-15 07:34:02,660: 	 Found CMSSW_9_3_2 for slc6_amd64_gcc630 with base /uscms_data/d3/samuellh/WorkingArea/TauAnalysis/CMSSW_9_3_2
DEBUG 2017-11-15 07:34:02,660: 	 Making tarball in /uscms_data/d3/samuellh/WorkingArea/TauAnalysis/CMSSW_9_3_2/src/PUAnalysis/VBFtt2017/crab/VBF43/crab_20171115_073352/inputs/1a7073b7-80ae-4ac9-811e-ef34d10b794fdefault.tgz
DEBUG 2017-11-15 07:34:02,665: 	 Checking directory /uscms_data/d3/samuellh/WorkingArea/TauAnalysis/CMSSW_9_3_2/lib
DEBUG 2017-11-15 07:34:02,666: 	 Adding directory /uscms_data/d3/samuellh/WorkingArea/TauAnalysis/CMSSW_9_3_2/lib to tarball
DEBUG 2017-11-15 07:34:03,611: 	 Checking directory /uscms_data/d3/samuellh/WorkingArea/TauAnalysis/CMSSW_9_3_2/biglib
DEBUG 2017-11-15 07:34:03,611: 	 Adding directory /uscms_data/d3/samuellh/WorkingArea/TauAnalysis/CMSSW_9_3_2/biglib to tarball
DEBUG 2017-11-15 07:34:03,613: 	 Checking directory /uscms_data/d3/samuellh/WorkingArea/TauAnalysis/CMSSW_9_3_2/module
DEBUG 2017-11-15 07:34:03,734: 	 Adding data directory /uscms_data/d3/samuellh/WorkingArea/TauAnalysis/CMSSW_9_3_2/src/PUAnalysis/Configuration/data to tarball
DEBUG 2017-11-15 07:34:06,238: 	 Adding data directory /uscms_data/d3/samuellh/WorkingArea/TauAnalysis/CMSSW_9_3_2/src/PUAnalysis/DataFormats/interface to tarball
DEBUG 2017-11-15 07:34:06,246: 	 Adding data directory /uscms_data/d3/samuellh/WorkingArea/TauAnalysis/CMSSW_9_3_2/src/PUAnalysis/NtupleTools/interface to tarball
DEBUG 2017-11-15 07:34:06,251: 	 Adding data directory /uscms_data/d3/samuellh/WorkingArea/TauAnalysis/CMSSW_9_3_2/src/PUAnalysis/RecoTools/interface to tarball
DEBUG 2017-11-15 07:34:06,444: 	 Adding file ../../../Configuration/data/PhaseIISummer16_25nsV3_MC.db to tarball
DEBUG 2017-11-15 07:34:06,765: 	 Uploading archive /uscms_data/d3/samuellh/WorkingArea/TauAnalysis/CMSSW_9_3_2/src/PUAnalysis/VBFtt2017/crab/VBF43/crab_20171115_073352/inputs/1a7073b7-80ae-4ac9-811e-ef34d10b794fdefault.tgz (11 MB) to the CRAB cache. Using URI https://cmsweb.cern.ch/crabcache
DEBUG 2017-11-15 07:34:15,176: 	 Loading required information from the environment
DEBUG 2017-11-15 07:34:15,176: 	 Found CMSSW_9_3_2 for slc6_amd64_gcc630 with base /uscms_data/d3/samuellh/WorkingArea/TauAnalysis/CMSSW_9_3_2
DEBUG 2017-11-15 07:34:15,177: 	 Making tarball in /uscms_data/d3/samuellh/WorkingArea/TauAnalysis/CMSSW_9_3_2/src/PUAnalysis/VBFtt2017/crab/VBF43/crab_20171115_073352/inputs/debugFiles.tgz
DEBUG 2017-11-15 07:34:15,183: 	 Uploading archive /uscms_data/d3/samuellh/WorkingArea/TauAnalysis/CMSSW_9_3_2/src/PUAnalysis/VBFtt2017/crab/VBF43/crab_20171115_073352/inputs/debugFiles.tgz (2 KB) to the CRAB cache. Using URI https://cmsweb.cern.ch/crabcache
DEBUG 2017-11-15 07:34:17,128: 	 Result uploading input files: 4e198fb019d07e682a8bd09208595d4eb73bac82ae7f6e24154a54b4451cc952.tar.gz 
INFO 2017-11-15 07:34:17,128: 	 Sending the request to the server
DEBUG 2017-11-15 07:34:17,128: 	 Submitting {'maxjobruntime': 1250, 'extrajdl': [], 'ignorelocality': 0, 'savelogsflag': 0, 'useparent': 0, 'asyncdest': 'T3_US_FNALLPC', 'algoargs': 1, 'cachefilename': '4e198fb019d07e682a8bd09208595d4eb73bac82ae7f6e24154a54b4451cc952.tar.gz', 'numcores': 1, 'addoutputfiles': [], 'generator': 'pythia', 'maxmemory': 2000, 'publishdbsurl': 'https://cmsweb.cern.ch/dbs/prod/phys03/DBSWriter', 'priority': 10, 'jobsw': 'CMSSW_9_3_2', 'edmoutfiles': [], 'userfiles': [], 'primarydataset': '', 'inputdata': '/TTTo2L2Nu_TuneCUETP8M1_14TeV-powheg-pythia8/PhaseIITDRFall17MiniAOD-PU200_93X_upgrade2023_realistic_v2-v1/MINIAODSIM', 'dryrun': 0, 'workflow': 'crab_20171115_073352', 'cacheurl': u'https://cmsweb.cern.ch/crabcache', 'nonprodsw': 1, 'tfileoutfiles': ['analysis.root'], 'oneEventMode': 0, 'debugfilename': '2f04665ec820b338db6e3509f1ae3f13827577311f6a79d23ab8fadba0ccf122.tar.gz', 'saveoutput': 1, 'publication': 0, 'jobarch': 'slc6_amd64_gcc630', 'totalunits': 0, 'splitalgo': 'FileBased', 'ignoreglobalblacklist': 0, 'nonvaliddata': 0, 'dbsurl': 'https://cmsweb.cern.ch/dbs/prod/global/DBSReader', 'publishgroupname': 0, 'jobtype': 'Analysis', 'publishname2': ''} 
DEBUG 2017-11-15 07:34:17,129: 	 Encoded submit request: maxjobruntime=1250&ignorelocality=0&savelogsflag=0&useparent=0&asyncdest=T3_US_FNALLPC&algoargs=1&cachefilename=4e198fb019d07e682a8bd09208595d4eb73bac82ae7f6e24154a54b4451cc952.tar.gz&numcores=1&generator=pythia&maxmemory=2000&publishdbsurl=https%3A%2F%2Fcmsweb.cern.ch%2Fdbs%2Fprod%2Fphys03%2FDBSWriter&priority=10&jobsw=CMSSW_9_3_2&primarydataset=&inputdata=%2FTTTo2L2Nu_TuneCUETP8M1_14TeV-powheg-pythia8%2FPhaseIITDRFall17MiniAOD-PU200_93X_upgrade2023_realistic_v2-v1%2FMINIAODSIM&dryrun=0&workflow=crab_20171115_073352&cacheurl=https%3A%2F%2Fcmsweb.cern.ch%2Fcrabcache&nonprodsw=1&oneEventMode=0&debugfilename=2f04665ec820b338db6e3509f1ae3f13827577311f6a79d23ab8fadba0ccf122.tar.gz&saveoutput=1&publication=0&jobarch=slc6_amd64_gcc630&totalunits=0&splitalgo=FileBased&ignoreglobalblacklist=0&nonvaliddata=0&dbsurl=https%3A%2F%2Fcmsweb.cern.ch%2Fdbs%2Fprod%2Fglobal%2FDBSReader&publishgroupname=0&jobtype=Analysis&publishname2=&tfileoutfiles=analysis.root
DEBUG 2017-11-15 07:34:18,838: 	 Result: {u'result': [{u'RequestName': u'171115_133418:shigginb_crab_20171115_073352'}]}
INFO 2017-11-15 07:34:18,841: 	 Success: Your task has been delivered to the CRAB3 server.
INFO 2017-11-15 07:34:18,842: 	 Task name: 171115_133418:shigginb_crab_20171115_073352
INFO 2017-11-15 07:34:18,842: 	 Please use 'crab status' to check how the submission process proceeds.
DEBUG 2017-11-15 07:34:18,842: 	 About to return
INFO 2017-11-15 07:34:18,847: 	 Log file is /uscms_data/d3/samuellh/WorkingArea/TauAnalysis/CMSSW_9_3_2/src/PUAnalysis/VBFtt2017/crab/VBF43/crab_20171115_073352/crab.log
DEBUG 2017-11-15 08:03:15,740: 	 Executing command: 'status'
DEBUG 2017-11-15 08:03:15,741: 	 Found CRAB cache file /uscms/home/samuellh/.crab3
DEBUG 2017-11-15 08:03:15,748: 	 Checking credentials
DEBUG 2017-11-15 08:03:15,748: 	 Found proxy file /tmp/x509up_u52190
DEBUG 2017-11-15 08:03:15,748: 	 Getting proxy life time left
DEBUG 2017-11-15 08:03:15,851: 	 Executing : 
 command : voms-proxy-info -file /tmp/x509up_u52190 -timeleft
 output : 81088

 error: 
 retcode : 0
DEBUG 2017-11-15 08:03:15,954: 	 Executing : 
 command : voms-proxy-info -file /tmp/x509up_u52190 -actimeleft
 output : 81087

 error: 
 retcode : 0
DEBUG 2017-11-15 08:03:15,955: 	 Proxy valid for 22:31:28 hours
DEBUG 2017-11-15 08:03:16,068: 	 Executing : 
 command : openssl x509 -in ~/.globus/usercert.pem -subject -noout
 output : subject= /DC=ch/DC=cern/OU=Organic Units/OU=Users/CN=shigginb/CN=785176/CN=Sam Higginbotham

 error: 
 retcode : 0
DEBUG 2017-11-15 08:03:16,068: 	 Checking credentials
DEBUG 2017-11-15 08:03:16,068: 	 Found proxy file /tmp/x509up_u52190
DEBUG 2017-11-15 08:03:16,068: 	 Getting proxy life time left
DEBUG 2017-11-15 08:03:16,172: 	 Executing : 
 command : voms-proxy-info -file /tmp/x509up_u52190 -timeleft
 output : 81087

 error: 
 retcode : 0
DEBUG 2017-11-15 08:03:16,275: 	 Executing : 
 command : voms-proxy-info -file /tmp/x509up_u52190 -actimeleft
 output : 81086

 error: 
 retcode : 0
DEBUG 2017-11-15 08:03:16,276: 	 Proxy valid for 22:31:27 hours
DEBUG 2017-11-15 08:03:18,052: 	 Registering user credentials for server /DC=ch/DC=cern/OU=computers/CN=vocms(045|052|021|031|0118|0118a|0119|0108|0105|0109).cern.ch
DEBUG 2017-11-15 08:03:18,157: 	 Executing : 
 command : openssl x509 -in ~/.globus/usercert.pem -subject -noout
 output : subject= /DC=ch/DC=cern/OU=Organic Units/OU=Users/CN=shigginb/CN=785176/CN=Sam Higginbotham

 error: 
 retcode : 0
DEBUG 2017-11-15 08:03:18,158: 	 Getting myproxy life time left for myproxy.cern.ch
DEBUG 2017-11-15 08:03:18,158: 	 Calculating hash of /DC=ch/DC=cern/OU=Organic Units/OU=Users/CN=shigginb/CN=785176/CN=Sam Higginbotham_cmsweb.cern.ch for credential name
DEBUG 2017-11-15 08:03:18,862: 	 Executing : 
 command : myproxy-info -l 2f318c7a260d78734589f2cc772d26b8be79ec6c -s myproxy.cern.ch
 output : username: 2f318c7a260d78734589f2cc772d26b8be79ec6c
owner: /DC=ch/DC=cern/OU=Organic Units/OU=Users/CN=shigginb/CN=785176/CN=Sam Higginbotham
  renewal policy: /DC=ch/DC=cern/OU=computers/CN=vocms(045|052|021|031|0118|0118a|0119|0108|0105|0109).cern.ch
  trusted retrieval policy: /DC=ch/DC=cern/OU=computers/CN=vocms(045|052|021|031|0118|0118a|0119|0108|0105|0109).cern.ch
  timeleft: 431:20:23  (18.0 days)

 error: 
 retcode : 0
DEBUG 2017-11-15 08:03:18,864: 	 Myproxy is valid: 1552823
DEBUG 2017-11-15 08:03:18,864: 	 Command use: status
DEBUG 2017-11-15 08:03:18,864: 	 Options use: ['-d', 'crab_20171115_073352/']
DEBUG 2017-11-15 08:03:20,802: 	 CRABClient version: 3.3.1707.patch1
DEBUG 2017-11-15 08:03:20,802: 	 Instance is prod
DEBUG 2017-11-15 08:03:20,802: 	 Server base url is cmsweb.cern.ch
DEBUG 2017-11-15 08:03:20,802: 	 Command url /crabserver/prod/workflow
DEBUG 2017-11-15 08:03:22,631: 	 Got information from server oracle database: {u'result': [u'171115_133418:shigginb_crab_20171115_073352', u'None', u'SUBMITTED', u'2017-11-15 13:34:18.746993', u'None', u'2017-11-15 13:35:07.037892', u'None', u'CMSSW_9_3_2', u'slc6_amd64_gcc630', u'/TTTo2L2Nu_TuneCUETP8M1_14TeV-powheg-pythia8/PhaseIITDRFall17MiniAOD-PU200_93X_upgrade2023_realistic_v2-v1/MINIAODSIM', u'[]', u'[]', u'FileBased', u"{'splitOnRun': False, 'halt_job_on_file_boundaries': False, 'files_per_job': 1, 'runs': [], 'lumis': []}", u'0', u'4e198fb019d07e682a8bd09208595d4eb73bac82ae7f6e24154a54b4451cc952.tar.gz', u'https://cmsweb.cern.ch/crabcache', u'shigginb', u'/DC=ch/DC=cern/OU=Organic Units/OU=Users/CN=shigginb/CN=785176/CN=Sam Higginbotham', u'cms', u'None', u'None', u'crab_20171115_073352-00000000000000000000000000000000', u'T3_US_FNALLPC', u'https://cmsweb.cern.ch/dbs/prod/global/DBSReader', u'https://cmsweb.cern.ch/dbs/prod/phys03/DBSWriter', u'F', u'Analysis', u'{}', u'[]', u'F', u'vocms052', u'[]', u'1250', u'1', u'2000', u'10', u'None', u'http://vocms0120.cern.ch/mon/cms1359/171115_133418:shigginb_crab_20171115_073352', u'None', u'None', u'[]', u'[]', u'[]', u'pythia', u'[]', u"['analysis.root']", u'[]', u'https://cmsweb.cern.ch/crabserver/prod', u'None', u'0', u'cmssrv221.fnal.gov:9620', u'crab3@vocms0120.cern.ch', u'F', u'[]', u'T', u'/store/user/shigginb/', u'F', u'None', u'F', u'F', u'F', u'None', u'TTTo2L2Nu_TuneCUETP8M1_14TeV-powheg-pythia8', u'filetransfers', u'SUBMIT', u'13785956', u'2f04665ec820b338db6e3509f1ae3f13827577311f6a79d23ab8fadba0ccf122.tar.gz', u'131.225.190.56', u'F', u'None'], u'desc': {u'columns': [u'tm_taskname', u'panda_jobset_id', u'tm_task_status', u'tm_start_time', u'tm_start_injection', u'tm_end_injection', u'tm_task_failure', u'tm_job_sw', u'tm_job_arch', u'tm_input_dataset', u'tm_site_whitelist', u'tm_site_blacklist', u'tm_split_algo', u'tm_split_args', u'tm_totalunits', u'tm_user_sandbox', u'tm_cache_url', u'tm_username', u'tm_user_dn', u'tm_user_vo', u'tm_user_role', u'tm_user_group', u'tm_publish_name', u'tm_asyncdest', u'tm_dbs_url', u'tm_publish_dbs_url', u'tm_publication', u'tm_job_type', u'tm_arguments', u'panda_resubmitted_jobs', u'tm_save_logs', u'tw_name', u'tm_user_infiles', u'tm_maxjobruntime', u'tm_numcores', u'tm_maxmemory', u'tm_priority', u'tm_output_dataset', u'tm_user_webdir', u'tm_activity', u'tm_scriptexe', u'tm_scriptargs', u'tm_extrajdl', u'tm_task_warnings', u'tm_generator', u'tm_outfiles', u'tm_tfile_outfiles', u'tm_edm_outfiles', u'tm_asourl', u'tm_events_per_lumi', u'tm_use_parent', u'tm_collector', u'tm_schedd', u'tm_dry_run', u'tm_user_files', u'tm_transfer_outputs', u'tm_output_lfn', u'tm_ignore_locality', u'tm_fail_limit', u'tm_one_event_mode', u'tm_publish_groupname', u'tm_nonvalid_input_dataset', u'tm_secondary_input_dataset', u'tm_primary_dataset', u'tm_asodb', u'tm_task_command', u'clusterid', u'tm_debug_files', u'tm_submitter_ip_addr', u'tm_ignore_global_blacklist', u'tm_last_publication']}}
INFO 2017-11-15 08:03:22,631: 	 CRAB project directory:		/uscms_data/d3/samuellh/WorkingArea/TauAnalysis/CMSSW_9_3_2/src/PUAnalysis/VBFtt2017/crab/VBF43/crab_20171115_073352
INFO 2017-11-15 08:03:22,632: 	 Task name:			171115_133418:shigginb_crab_20171115_073352
INFO 2017-11-15 08:03:22,632: 	 Grid scheduler:			crab3@vocms0120.cern.ch
INFO 2017-11-15 08:03:22,632: 	 Status on the CRAB server:	SUBMITTED
INFO 2017-11-15 08:03:22,632: 	 Task URL to use for HELP:	https://cmsweb.cern.ch/crabserver/ui/task/171115_133418%3Ashigginb_crab_20171115_073352
INFO 2017-11-15 08:03:22,632: 	 Dashboard monitoring URL:	http://dashb-cms-job.cern.ch/dashboard/templates/task-analysis/#user=shigginb&refresh=0&table=Jobs&p=1&records=25&activemenu=2&status=&site=&tid=171115_133418%3Ashigginb_crab_20171115_073352
DEBUG 2017-11-15 08:03:22,633: 	 The CRAB server submitted your task to the Grid scheduler (cluster ID: 13785956)
DEBUG 2017-11-15 08:03:22,633: 	 Webdir is located at http://vocms0120.cern.ch/mon/cms1359/171115_133418:shigginb_crab_20171115_073352
DEBUG 2017-11-15 08:03:24,284: 	 Proxied webdir is located at https://cmsweb.cern.ch/scheddmon/0120/cms1359/171115_133418:shigginb_crab_20171115_073352
DEBUG 2017-11-15 08:03:24,284: 	 Retrieving 'status_cache' file from https://cmsweb.cern.ch/scheddmon/0120/cms1359/171115_133418:shigginb_crab_20171115_073352/status_cache
DEBUG 2017-11-15 08:03:26,029: 	 Got information from status cache file: {'1': {'Retries': 0, 'WallDurations': [610.0], 'StartTimes': [1510753020.0], 'SubmitTimes': [1510752923.0], 'JobIds': ['13785977.0'], 'EndTimes': [1510753630.0], 'Restarts': 0, 'RecordedSite': False, 'State': 'finished', 'ResidentSetSize': [743292], 'TotalUserCpuTimeHistory': [128], 'SiteHistory': ['Unknown'], 'TotalSysCpuTimeHistory': [8]}, '2': {'Retries': 0, 'WallDurations': [1397.0], 'StartTimes': [1510752955.0], 'SubmitTimes': [1510752921.0], 'JobIds': ['13785976.0'], 'EndTimes': [1510754352.0], 'Restarts': 0, 'RecordedSite': False, 'State': 'finished', 'ResidentSetSize': [751936], 'TotalUserCpuTimeHistory': [182], 'SiteHistory': ['Unknown'], 'TotalSysCpuTimeHistory': [55]}}
INFO 2017-11-15 08:03:26,030: 	 Status on the scheduler:	COMPLETED
INFO 2017-11-15 08:03:26,030: 	 
Jobs status:                    finished      100.0% (2/2)
INFO 2017-11-15 08:03:26,030: 	 
No publication information (publication has been disabled in the CRAB configuration file)
INFO 2017-11-15 08:03:26,038: 	 Log file is /uscms_data/d3/samuellh/WorkingArea/TauAnalysis/CMSSW_9_3_2/src/PUAnalysis/VBFtt2017/crab/VBF43/crab_20171115_073352/crab.log
DEBUG 2017-11-15 09:16:26,234: 	 Executing command: 'status'
DEBUG 2017-11-15 09:16:26,234: 	 Found CRAB cache file /uscms/home/samuellh/.crab3
DEBUG 2017-11-15 09:16:26,241: 	 Checking credentials
DEBUG 2017-11-15 09:16:26,242: 	 Found proxy file /tmp/x509up_u52190
DEBUG 2017-11-15 09:16:26,242: 	 Getting proxy life time left
DEBUG 2017-11-15 09:16:26,344: 	 Executing : 
 command : voms-proxy-info -file /tmp/x509up_u52190 -timeleft
 output : 76697

 error: 
 retcode : 0
DEBUG 2017-11-15 09:16:26,447: 	 Executing : 
 command : voms-proxy-info -file /tmp/x509up_u52190 -actimeleft
 output : 76696

 error: 
 retcode : 0
DEBUG 2017-11-15 09:16:26,448: 	 Proxy valid for 21:18:17 hours
DEBUG 2017-11-15 09:16:26,561: 	 Executing : 
 command : openssl x509 -in ~/.globus/usercert.pem -subject -noout
 output : subject= /DC=ch/DC=cern/OU=Organic Units/OU=Users/CN=shigginb/CN=785176/CN=Sam Higginbotham

 error: 
 retcode : 0
DEBUG 2017-11-15 09:16:26,561: 	 Checking credentials
DEBUG 2017-11-15 09:16:26,561: 	 Found proxy file /tmp/x509up_u52190
DEBUG 2017-11-15 09:16:26,561: 	 Getting proxy life time left
DEBUG 2017-11-15 09:16:26,664: 	 Executing : 
 command : voms-proxy-info -file /tmp/x509up_u52190 -timeleft
 output : 76697

 error: 
 retcode : 0
DEBUG 2017-11-15 09:16:26,767: 	 Executing : 
 command : voms-proxy-info -file /tmp/x509up_u52190 -actimeleft
 output : 76696

 error: 
 retcode : 0
DEBUG 2017-11-15 09:16:26,768: 	 Proxy valid for 21:18:17 hours
DEBUG 2017-11-15 09:16:28,539: 	 Registering user credentials for server /DC=ch/DC=cern/OU=computers/CN=vocms(045|052|021|031|0118|0118a|0119|0108|0105|0109).cern.ch
DEBUG 2017-11-15 09:16:28,646: 	 Executing : 
 command : openssl x509 -in ~/.globus/usercert.pem -subject -noout
 output : subject= /DC=ch/DC=cern/OU=Organic Units/OU=Users/CN=shigginb/CN=785176/CN=Sam Higginbotham

 error: 
 retcode : 0
DEBUG 2017-11-15 09:16:28,646: 	 Getting myproxy life time left for myproxy.cern.ch
DEBUG 2017-11-15 09:16:28,646: 	 Calculating hash of /DC=ch/DC=cern/OU=Organic Units/OU=Users/CN=shigginb/CN=785176/CN=Sam Higginbotham_cmsweb.cern.ch for credential name
DEBUG 2017-11-15 09:16:29,450: 	 Executing : 
 command : myproxy-info -l 2f318c7a260d78734589f2cc772d26b8be79ec6c -s myproxy.cern.ch
 output : username: 2f318c7a260d78734589f2cc772d26b8be79ec6c
owner: /DC=ch/DC=cern/OU=Organic Units/OU=Users/CN=shigginb/CN=785176/CN=Sam Higginbotham
  renewal policy: /DC=ch/DC=cern/OU=computers/CN=vocms(045|052|021|031|0118|0118a|0119|0108|0105|0109).cern.ch
  trusted retrieval policy: /DC=ch/DC=cern/OU=computers/CN=vocms(045|052|021|031|0118|0118a|0119|0108|0105|0109).cern.ch
  timeleft: 430:07:12  (17.9 days)

 error: 
 retcode : 0
DEBUG 2017-11-15 09:16:29,452: 	 Myproxy is valid: 1548432
DEBUG 2017-11-15 09:16:29,452: 	 Command use: status
DEBUG 2017-11-15 09:16:29,452: 	 Options use: ['-d', 'crab_20171115_073352/']
DEBUG 2017-11-15 09:16:31,145: 	 CRABClient version: 3.3.1707.patch1
DEBUG 2017-11-15 09:16:31,145: 	 Instance is prod
DEBUG 2017-11-15 09:16:31,146: 	 Server base url is cmsweb.cern.ch
DEBUG 2017-11-15 09:16:31,146: 	 Command url /crabserver/prod/workflow
DEBUG 2017-11-15 09:16:33,006: 	 Got information from server oracle database: {u'result': [u'171115_133418:shigginb_crab_20171115_073352', u'None', u'SUBMITTED', u'2017-11-15 13:34:18.746993', u'None', u'2017-11-15 13:35:07.037892', u'None', u'CMSSW_9_3_2', u'slc6_amd64_gcc630', u'/TTTo2L2Nu_TuneCUETP8M1_14TeV-powheg-pythia8/PhaseIITDRFall17MiniAOD-PU200_93X_upgrade2023_realistic_v2-v1/MINIAODSIM', u'[]', u'[]', u'FileBased', u"{'splitOnRun': False, 'halt_job_on_file_boundaries': False, 'files_per_job': 1, 'runs': [], 'lumis': []}", u'0', u'4e198fb019d07e682a8bd09208595d4eb73bac82ae7f6e24154a54b4451cc952.tar.gz', u'https://cmsweb.cern.ch/crabcache', u'shigginb', u'/DC=ch/DC=cern/OU=Organic Units/OU=Users/CN=shigginb/CN=785176/CN=Sam Higginbotham', u'cms', u'None', u'None', u'crab_20171115_073352-00000000000000000000000000000000', u'T3_US_FNALLPC', u'https://cmsweb.cern.ch/dbs/prod/global/DBSReader', u'https://cmsweb.cern.ch/dbs/prod/phys03/DBSWriter', u'F', u'Analysis', u'{}', u'[]', u'F', u'vocms052', u'[]', u'1250', u'1', u'2000', u'10', u'None', u'http://vocms0120.cern.ch/mon/cms1359/171115_133418:shigginb_crab_20171115_073352', u'None', u'None', u'[]', u'[]', u'[]', u'pythia', u'[]', u"['analysis.root']", u'[]', u'https://cmsweb.cern.ch/crabserver/prod', u'None', u'0', u'cmssrv221.fnal.gov:9620', u'crab3@vocms0120.cern.ch', u'F', u'[]', u'T', u'/store/user/shigginb/', u'F', u'None', u'F', u'F', u'F', u'None', u'TTTo2L2Nu_TuneCUETP8M1_14TeV-powheg-pythia8', u'filetransfers', u'SUBMIT', u'13785956', u'2f04665ec820b338db6e3509f1ae3f13827577311f6a79d23ab8fadba0ccf122.tar.gz', u'131.225.190.56', u'F', u'None'], u'desc': {u'columns': [u'tm_taskname', u'panda_jobset_id', u'tm_task_status', u'tm_start_time', u'tm_start_injection', u'tm_end_injection', u'tm_task_failure', u'tm_job_sw', u'tm_job_arch', u'tm_input_dataset', u'tm_site_whitelist', u'tm_site_blacklist', u'tm_split_algo', u'tm_split_args', u'tm_totalunits', u'tm_user_sandbox', u'tm_cache_url', u'tm_username', u'tm_user_dn', u'tm_user_vo', u'tm_user_role', u'tm_user_group', u'tm_publish_name', u'tm_asyncdest', u'tm_dbs_url', u'tm_publish_dbs_url', u'tm_publication', u'tm_job_type', u'tm_arguments', u'panda_resubmitted_jobs', u'tm_save_logs', u'tw_name', u'tm_user_infiles', u'tm_maxjobruntime', u'tm_numcores', u'tm_maxmemory', u'tm_priority', u'tm_output_dataset', u'tm_user_webdir', u'tm_activity', u'tm_scriptexe', u'tm_scriptargs', u'tm_extrajdl', u'tm_task_warnings', u'tm_generator', u'tm_outfiles', u'tm_tfile_outfiles', u'tm_edm_outfiles', u'tm_asourl', u'tm_events_per_lumi', u'tm_use_parent', u'tm_collector', u'tm_schedd', u'tm_dry_run', u'tm_user_files', u'tm_transfer_outputs', u'tm_output_lfn', u'tm_ignore_locality', u'tm_fail_limit', u'tm_one_event_mode', u'tm_publish_groupname', u'tm_nonvalid_input_dataset', u'tm_secondary_input_dataset', u'tm_primary_dataset', u'tm_asodb', u'tm_task_command', u'clusterid', u'tm_debug_files', u'tm_submitter_ip_addr', u'tm_ignore_global_blacklist', u'tm_last_publication']}}
INFO 2017-11-15 09:16:33,007: 	 CRAB project directory:		/uscms_data/d3/samuellh/WorkingArea/TauAnalysis/CMSSW_9_3_2/src/PUAnalysis/VBFtt2017/crab/VBF43/crab_20171115_073352
INFO 2017-11-15 09:16:33,007: 	 Task name:			171115_133418:shigginb_crab_20171115_073352
INFO 2017-11-15 09:16:33,007: 	 Grid scheduler:			crab3@vocms0120.cern.ch
INFO 2017-11-15 09:16:33,007: 	 Status on the CRAB server:	SUBMITTED
INFO 2017-11-15 09:16:33,007: 	 Task URL to use for HELP:	https://cmsweb.cern.ch/crabserver/ui/task/171115_133418%3Ashigginb_crab_20171115_073352
INFO 2017-11-15 09:16:33,007: 	 Dashboard monitoring URL:	http://dashb-cms-job.cern.ch/dashboard/templates/task-analysis/#user=shigginb&refresh=0&table=Jobs&p=1&records=25&activemenu=2&status=&site=&tid=171115_133418%3Ashigginb_crab_20171115_073352
DEBUG 2017-11-15 09:16:33,007: 	 The CRAB server submitted your task to the Grid scheduler (cluster ID: 13785956)
DEBUG 2017-11-15 09:16:33,007: 	 Webdir is located at http://vocms0120.cern.ch/mon/cms1359/171115_133418:shigginb_crab_20171115_073352
DEBUG 2017-11-15 09:16:34,668: 	 Proxied webdir is located at https://cmsweb.cern.ch/scheddmon/0120/cms1359/171115_133418:shigginb_crab_20171115_073352
DEBUG 2017-11-15 09:16:34,668: 	 Retrieving 'status_cache' file from https://cmsweb.cern.ch/scheddmon/0120/cms1359/171115_133418:shigginb_crab_20171115_073352/status_cache
DEBUG 2017-11-15 09:16:36,245: 	 Got information from status cache file: {'1': {'Retries': 0, 'WallDurations': [610.0], 'StartTimes': [1510753020.0], 'SubmitTimes': [1510752923.0], 'JobIds': ['13785977.0'], 'EndTimes': [1510753630.0], 'Restarts': 0, 'RecordedSite': False, 'State': 'finished', 'ResidentSetSize': [743292], 'TotalUserCpuTimeHistory': [128], 'SiteHistory': ['Unknown'], 'TotalSysCpuTimeHistory': [8]}, '2': {'Retries': 0, 'WallDurations': [1397.0], 'StartTimes': [1510752955.0], 'SubmitTimes': [1510752921.0], 'JobIds': ['13785976.0'], 'EndTimes': [1510754352.0], 'Restarts': 0, 'RecordedSite': False, 'State': 'finished', 'ResidentSetSize': [751936], 'TotalUserCpuTimeHistory': [182], 'SiteHistory': ['Unknown'], 'TotalSysCpuTimeHistory': [55]}}
INFO 2017-11-15 09:16:36,246: 	 Status on the scheduler:	COMPLETED
INFO 2017-11-15 09:16:36,246: 	 
Jobs status:                    finished      100.0% (2/2)
INFO 2017-11-15 09:16:36,246: 	 
No publication information (publication has been disabled in the CRAB configuration file)
INFO 2017-11-15 09:16:36,273: 	 Log file is /uscms_data/d3/samuellh/WorkingArea/TauAnalysis/CMSSW_9_3_2/src/PUAnalysis/VBFtt2017/crab/VBF43/crab_20171115_073352/crab.log
