('The system path in the config file ', ['/cvmfs/cms.cern.ch/crab3/slc6_amd64_gcc493/cms/crabclient/3.3.1707.patch1/bin', '/uscms_data/d3/samuellh/WorkingArea/TauAnalysis/CMSSW_9_3_2/python', '/uscms_data/d3/samuellh/WorkingArea/TauAnalysis/CMSSW_9_3_2/lib/slc6_amd64_gcc630', '/cvmfs/cms.cern.ch/slc6_amd64_gcc630/cms/cmssw/CMSSW_9_3_2/python', '/cvmfs/cms.cern.ch/slc6_amd64_gcc630/cms/cmssw/CMSSW_9_3_2/lib/slc6_amd64_gcc630', '/cvmfs/cms.cern.ch/slc6_amd64_gcc630/cms/coral/CORAL_2_3_21-ghjeda6/slc6_amd64_gcc630/python', '/cvmfs/cms.cern.ch/slc6_amd64_gcc630/cms/coral/CORAL_2_3_21-ghjeda6/slc6_amd64_gcc630/lib', '/cvmfs/cms.cern.ch/slc6_amd64_gcc630/external/professor2/2.2.1-ghjeda6/lib/python2.7/site-packages', '/cvmfs/cms.cern.ch/slc6_amd64_gcc630/external/pyqt/4.11.4-mlhled2/lib/python2.7/site-packages', '/cvmfs/cms.cern.ch/slc6_amd64_gcc630/external/sherpa/2.2.4-ghjeda/lib/python2.7/site-packages', '/cvmfs/cms.cern.ch/slc6_amd64_gcc630/external/rivet/2.5.2-ghjeda4/lib/python2.7/site-packages', '/cvmfs/cms.cern.ch/slc6_amd64_gcc630/external/python-ldap/2.4.10-mlhled2/lib/python2.7/site-packages', '/cvmfs/cms.cern.ch/slc6_amd64_gcc630/external/py2-matplotlib/1.5.2-njopjo/lib/python2.7/site-packages', '/cvmfs/cms.cern.ch/slc6_amd64_gcc630/external/sip/4.17-mlhled2/lib/python2.7/site-packages', '/cvmfs/cms.cern.ch/slc6_amd64_gcc630/external/llvm/4.0.0-njopjo/lib64/python2.7/site-packages', '/cvmfs/cms.cern.ch/slc6_amd64_gcc630/external/py2-sqlalchemy/1.1.4-mlhled2/lib/python2.7/site-packages', '/cvmfs/cms.cern.ch/slc6_amd64_gcc630/external/py2-lint/0.25.1-mlhled2/lib/python2.7/site-packages', '/cvmfs/cms.cern.ch/slc6_amd64_gcc630/external/py2-dxr/1.0-ghjeda6/lib/python2.7/site-packages', '/cvmfs/cms.cern.ch/slc6_amd64_gcc630/external/py2-cx-oracle/5.2.1-mlhled2/lib/python2.7/site-packages', '/cvmfs/cms.cern.ch/slc6_amd64_gcc630/external/py2-numpy/1.12.1-mlhled2/lib/python2.7/site-packages', '/cvmfs/cms.cern.ch/slc6_amd64_gcc630/external/frontier_client/2.8.20-mlhled2/python/lib', '/cvmfs/cms.cern.ch/slc6_amd64_gcc630/cms/das_client/v03.01.00-mlhled2/bin', '/cvmfs/cms.cern.ch/slc6_amd64_gcc630/external/xrootd/4.6.1/lib/python2.7/site-packages', '/cvmfs/cms.cern.ch/slc6_amd64_gcc630/external/yoda/1.6.5-ghjeda4/lib/python2.7/site-packages', '/cvmfs/cms.cern.ch/slc6_amd64_gcc630/lcg/root/6.10.04-ghjeda/lib', '/cvmfs/cms.cern.ch/slc6_amd64_gcc630/external/pyminuit2/0.0.1-ghjeda4/lib/python2.7/site-packages', '/cvmfs/cms.cern.ch/slc6_amd64_gcc630/external/py2-PyYAML/3.11-mlhled2/lib/python2.7/site-packages', '/cvmfs/cms.cern.ch/slc6_amd64_gcc630/external/py2-pygithub/1.23.0-mlhled2/lib/python2.7/site-packages', '/cvmfs/cms.cern.ch/slc6_amd64_gcc630/external/py2-pip/9.0.1-mlhled2/lib/python2.7/site-packages', '/cvmfs/cms.cern.ch/slc6_amd64_gcc630/external/py2-dablooms/0.9.1-mlhled2/lib/python2.7/site-packages', '/cvmfs/cms.cern.ch/slc6_amd64_gcc630/external/py2-pippkgs_depscipy/3.0-ghjeda6/lib/python2.7/site-packages', '/cvmfs/cms.cern.ch/slc6_amd64_gcc630/external/py2-pippkgs/5.0-ghjeda6/lib/python2.7/site-packages', '/cvmfs/cms.cern.ch/slc6_amd64_gcc630/external/professor/1.4.0-ghjeda4/lib/python2.7/site-packages', '/cvmfs/cms.cern.ch/slc6_amd64_gcc630/cms/dbs-client/DBS_2_1_9-mlhled2/lib', '/cvmfs/cms.cern.ch/slc6_amd64_gcc630/cms/dbs-client/DBS_2_1_9-mlhled2/lib/DBSAPI', '/cvmfs/cms.cern.ch/slc6_amd64_gcc630/external/cvs2git/5419-mlhled2/lib', '/cvmfs/cms.cern.ch/crab3/slc6_amd64_gcc493/cms/crabclient/3.3.1707.patch1/lib/python2.7/site-packages', '/cvmfs/cms.cern.ch/crab3/slc6_amd64_gcc493/cms/dbs3-client/3.4.4/lib/python2.7/site-packages', '/cvmfs/cms.cern.ch/crab3/slc6_amd64_gcc493/cms/dbs3-pycurl-client/3.4.4/lib/python2.7/site-packages', '/cvmfs/cms.cern.ch/slc6_amd64_gcc630/external/py2-sqlalchemy/1.1.4-mlhled2/lib/python2.7/site-packages/SQLAlchemy-1.1.4-py2.7-linux-x86_64.egg', '/cvmfs/cms.cern.ch/slc6_amd64_gcc630/external/py2-numpy/1.12.1-mlhled2/lib/python2.7/site-packages/numpy-1.12.1-py2.7-linux-x86_64.egg', '/cvmfs/cms.cern.ch/slc6_amd64_gcc630/external/python/2.7.11-mlhled2/lib/python27.zip', '/cvmfs/cms.cern.ch/slc6_amd64_gcc630/external/python/2.7.11-mlhled2/lib/python2.7', '/cvmfs/cms.cern.ch/slc6_amd64_gcc630/external/python/2.7.11-mlhled2/lib/python2.7/plat-linux2', '/cvmfs/cms.cern.ch/slc6_amd64_gcc630/external/python/2.7.11-mlhled2/lib/python2.7/lib-tk', '/cvmfs/cms.cern.ch/slc6_amd64_gcc630/external/python/2.7.11-mlhled2/lib/python2.7/lib-old', '/cvmfs/cms.cern.ch/slc6_amd64_gcc630/external/python/2.7.11-mlhled2/lib/python2.7/lib-dynload', '/cvmfs/cms.cern.ch/slc6_amd64_gcc630/external/python/2.7.11-mlhled2/lib/python2.7/site-packages', '/uscms_data/d3/samuellh/WorkingArea/TauAnalysis/CMSSW_9_3_2/src/PUAnalysis/VBFtt2017/crab/VBF66'])
 ##################################################################### 
 # WARNING: the module CondCore.DBCommon.CondDBSetup is deprecated.  # 
 # Please import CondCore.CondDB.CondDB_cfi                          # 
 ##################################################################### 
recorrecting the jets
List Of Filters
['processedEvents', 'initialEventsTT', 'DiMuonCreation', 'AtLeastOneDiTau', 'TTTauPtEta', 'TTTauDecayFound', 'TTTauStandardDecayFound', 'TTTauDRSel', 'TTSync', 'TTAntiEle', 'TTAntiMu', 'TTIso', 'TTOS']
DEBUG 2017-11-15 07:45:37,926: 	 Executing command: 'submit'
DEBUG 2017-11-15 07:45:37,926: 	 Found CRAB cache file /uscms/home/samuellh/.crab3
DEBUG 2017-11-15 07:45:37,935: 	 Checking credentials
DEBUG 2017-11-15 07:45:37,935: 	 Found proxy file /tmp/x509up_u52190
DEBUG 2017-11-15 07:45:37,935: 	 Getting proxy life time left
DEBUG 2017-11-15 07:45:38,039: 	 Executing : 
 command : voms-proxy-info -file /tmp/x509up_u52190 -timeleft
 output : 82146

 error: 
 retcode : 0
DEBUG 2017-11-15 07:45:38,142: 	 Executing : 
 command : voms-proxy-info -file /tmp/x509up_u52190 -actimeleft
 output : 82144

 error: 
 retcode : 0
DEBUG 2017-11-15 07:45:38,142: 	 Proxy valid for 22:49:06 hours
INFO 2017-11-15 07:45:38,143: 	 Will use CRAB configuration file crab3_TT_MC.py
DEBUG 2017-11-15 07:45:38,143: 	 Loading CRAB configuration file.
DEBUG 2017-11-15 07:45:39,116: 	 Will use CRAB Analysis plugin (i.e. will run an analysis job type).
DEBUG 2017-11-15 07:45:42,441: 	 Executing : 
 command : openssl x509 -in ~/.globus/usercert.pem -subject -noout
 output : subject= /DC=ch/DC=cern/OU=Organic Units/OU=Users/CN=shigginb/CN=785176/CN=Sam Higginbotham

 error: 
 retcode : 0
DEBUG 2017-11-15 07:45:42,441: 	 Checking credentials
DEBUG 2017-11-15 07:45:42,442: 	 Found proxy file /tmp/x509up_u52190
DEBUG 2017-11-15 07:45:42,442: 	 Getting proxy life time left
DEBUG 2017-11-15 07:45:42,545: 	 Executing : 
 command : voms-proxy-info -file /tmp/x509up_u52190 -timeleft
 output : 82141

 error: 
 retcode : 0
DEBUG 2017-11-15 07:45:42,648: 	 Executing : 
 command : voms-proxy-info -file /tmp/x509up_u52190 -actimeleft
 output : 82140

 error: 
 retcode : 0
DEBUG 2017-11-15 07:45:42,648: 	 Proxy valid for 22:49:01 hours
DEBUG 2017-11-15 07:45:42,751: 	 Executing : 
 command : env X509_USER_PROXY=/tmp/x509up_u52190 voms-proxy-info -fqan
 output : /cms/Role=NULL/Capability=NULL

 error: 
 retcode : 0
DEBUG 2017-11-15 07:45:44,355: 	 Registering user credentials for server /DC=ch/DC=cern/OU=computers/CN=vocms(045|052|021|031|0118|0118a|0119|0108|0105|0109).cern.ch
DEBUG 2017-11-15 07:45:44,463: 	 Executing : 
 command : openssl x509 -in ~/.globus/usercert.pem -subject -noout
 output : subject= /DC=ch/DC=cern/OU=Organic Units/OU=Users/CN=shigginb/CN=785176/CN=Sam Higginbotham

 error: 
 retcode : 0
DEBUG 2017-11-15 07:45:44,463: 	 Getting myproxy life time left for myproxy.cern.ch
DEBUG 2017-11-15 07:45:44,463: 	 Calculating hash of /DC=ch/DC=cern/OU=Organic Units/OU=Users/CN=shigginb/CN=785176/CN=Sam Higginbotham_cmsweb.cern.ch for credential name
DEBUG 2017-11-15 07:45:45,268: 	 Executing : 
 command : myproxy-info -l 2f318c7a260d78734589f2cc772d26b8be79ec6c -s myproxy.cern.ch
 output : username: 2f318c7a260d78734589f2cc772d26b8be79ec6c
owner: /DC=ch/DC=cern/OU=Organic Units/OU=Users/CN=shigginb/CN=785176/CN=Sam Higginbotham
  renewal policy: /DC=ch/DC=cern/OU=computers/CN=vocms(045|052|021|031|0118|0118a|0119|0108|0105|0109).cern.ch
  trusted retrieval policy: /DC=ch/DC=cern/OU=computers/CN=vocms(045|052|021|031|0118|0118a|0119|0108|0105|0109).cern.ch
  timeleft: 431:37:56  (18.0 days)

 error: 
 retcode : 0
DEBUG 2017-11-15 07:45:45,269: 	 Myproxy is valid: 1553876
DEBUG 2017-11-15 07:45:45,269: 	 Command use: submit
DEBUG 2017-11-15 07:45:45,269: 	 Options use: ['-c', 'crab3_TT_MC.py']
DEBUG 2017-11-15 07:45:47,145: 	 CRABClient version: 3.3.1707.patch1
DEBUG 2017-11-15 07:45:47,145: 	 Instance is prod
DEBUG 2017-11-15 07:45:47,146: 	 Server base url is cmsweb.cern.ch
DEBUG 2017-11-15 07:45:47,146: 	 Command url /crabserver/prod/workflow
DEBUG 2017-11-15 07:45:47,146: 	 Started submission
DEBUG 2017-11-15 07:45:47,146: 	 Working on /uscms_data/d3/samuellh/WorkingArea/TauAnalysis/CMSSW_9_3_2/src/PUAnalysis/VBFtt2017/crab/VBF66/crab_20171115_074539
DEBUG 2017-11-15 07:45:48,844: 	 Loading required information from the environment
DEBUG 2017-11-15 07:45:48,844: 	 Found CMSSW_9_3_2 for slc6_amd64_gcc630 with base /uscms_data/d3/samuellh/WorkingArea/TauAnalysis/CMSSW_9_3_2
DEBUG 2017-11-15 07:45:48,844: 	 Loading required information from the environment
DEBUG 2017-11-15 07:45:48,844: 	 Found CMSSW_9_3_2 for slc6_amd64_gcc630 with base /uscms_data/d3/samuellh/WorkingArea/TauAnalysis/CMSSW_9_3_2
DEBUG 2017-11-15 07:45:48,861: 	 UNIQUE NAME: tarUUID 229b33f0-6d9a-43a7-81eb-a3cdca834b11 
DEBUG 2017-11-15 07:45:48,862: 	 self.config: from WMCore.Configuration import Configuration
config = Configuration()
config.section_('General')
config.section_('JobType')
config.JobType.psetName = '../../../TT-MC-Up.py'
config.JobType.pluginName = 'Analysis'
config.JobType.inputFiles = ['../../../Configuration/data/PhaseIISummer16_25nsV3_MC.db']
config.JobType.outputFiles = ['analysis.root']
config.JobType.allowUndistributedCMSSW = True
config.section_('Data')
config.Data.inputDataset = '/VBF_RS_bulk_M1500_W01pc_14TeV-madgraph/PhaseIITDRFall17MiniAOD-PU200_93X_upgrade2023_realistic_v2-v1/MINIAODSIM'
config.Data.unitsPerJob = 1
config.Data.publication = False
config.Data.inputDBS = 'global'
config.Data.splitting = 'FileBased'
config.section_('Site')
config.Site.storageSite = 'T3_US_FNALLPC'
config.section_('User')
config.section_('Debug')

DEBUG 2017-11-15 07:45:48,862: 	 self.config.JobType.psetName: ../../../TT-MC-Up.py
INFO 2017-11-15 07:45:48,862: 	 Importing CMSSW configuration ../../../TT-MC-Up.py
INFO 2017-11-15 07:45:51,467: 	 Finished importing CMSSW configuration ../../../TT-MC-Up.py
DEBUG 2017-11-15 07:45:51,467: 	 Writing CMSSW configuration to /uscms_data/d3/samuellh/WorkingArea/TauAnalysis/CMSSW_9_3_2/src/PUAnalysis/VBFtt2017/crab/VBF66/crab_20171115_074539/inputs/PSet.py
DEBUG 2017-11-15 07:45:52,282: 	 The following EDM output files will be collected: []
DEBUG 2017-11-15 07:45:52,282: 	 The following TFile output files will be collected: ['analysis.root']
DEBUG 2017-11-15 07:45:52,282: 	 The following user output files will be collected: []
DEBUG 2017-11-15 07:45:52,283: 	 Loading required information from the environment
DEBUG 2017-11-15 07:45:52,283: 	 Found CMSSW_9_3_2 for slc6_amd64_gcc630 with base /uscms_data/d3/samuellh/WorkingArea/TauAnalysis/CMSSW_9_3_2
DEBUG 2017-11-15 07:45:52,283: 	 Making tarball in /uscms_data/d3/samuellh/WorkingArea/TauAnalysis/CMSSW_9_3_2/src/PUAnalysis/VBFtt2017/crab/VBF66/crab_20171115_074539/inputs/229b33f0-6d9a-43a7-81eb-a3cdca834b11default.tgz
DEBUG 2017-11-15 07:45:52,308: 	 Checking directory /uscms_data/d3/samuellh/WorkingArea/TauAnalysis/CMSSW_9_3_2/lib
DEBUG 2017-11-15 07:45:52,308: 	 Adding directory /uscms_data/d3/samuellh/WorkingArea/TauAnalysis/CMSSW_9_3_2/lib to tarball
DEBUG 2017-11-15 07:45:53,011: 	 Checking directory /uscms_data/d3/samuellh/WorkingArea/TauAnalysis/CMSSW_9_3_2/biglib
DEBUG 2017-11-15 07:45:53,011: 	 Adding directory /uscms_data/d3/samuellh/WorkingArea/TauAnalysis/CMSSW_9_3_2/biglib to tarball
DEBUG 2017-11-15 07:45:53,013: 	 Checking directory /uscms_data/d3/samuellh/WorkingArea/TauAnalysis/CMSSW_9_3_2/module
DEBUG 2017-11-15 07:45:53,162: 	 Adding data directory /uscms_data/d3/samuellh/WorkingArea/TauAnalysis/CMSSW_9_3_2/src/PUAnalysis/Configuration/data to tarball
DEBUG 2017-11-15 07:45:56,027: 	 Adding data directory /uscms_data/d3/samuellh/WorkingArea/TauAnalysis/CMSSW_9_3_2/src/PUAnalysis/DataFormats/interface to tarball
DEBUG 2017-11-15 07:45:56,034: 	 Adding data directory /uscms_data/d3/samuellh/WorkingArea/TauAnalysis/CMSSW_9_3_2/src/PUAnalysis/NtupleTools/interface to tarball
DEBUG 2017-11-15 07:45:56,049: 	 Adding data directory /uscms_data/d3/samuellh/WorkingArea/TauAnalysis/CMSSW_9_3_2/src/PUAnalysis/RecoTools/interface to tarball
DEBUG 2017-11-15 07:45:56,309: 	 Adding file ../../../Configuration/data/PhaseIISummer16_25nsV3_MC.db to tarball
DEBUG 2017-11-15 07:45:56,668: 	 Uploading archive /uscms_data/d3/samuellh/WorkingArea/TauAnalysis/CMSSW_9_3_2/src/PUAnalysis/VBFtt2017/crab/VBF66/crab_20171115_074539/inputs/229b33f0-6d9a-43a7-81eb-a3cdca834b11default.tgz (11 MB) to the CRAB cache. Using URI https://cmsweb.cern.ch/crabcache
DEBUG 2017-11-15 07:46:04,986: 	 Loading required information from the environment
DEBUG 2017-11-15 07:46:04,986: 	 Found CMSSW_9_3_2 for slc6_amd64_gcc630 with base /uscms_data/d3/samuellh/WorkingArea/TauAnalysis/CMSSW_9_3_2
DEBUG 2017-11-15 07:46:04,986: 	 Making tarball in /uscms_data/d3/samuellh/WorkingArea/TauAnalysis/CMSSW_9_3_2/src/PUAnalysis/VBFtt2017/crab/VBF66/crab_20171115_074539/inputs/debugFiles.tgz
DEBUG 2017-11-15 07:46:11,824: 	 Uploading archive /uscms_data/d3/samuellh/WorkingArea/TauAnalysis/CMSSW_9_3_2/src/PUAnalysis/VBFtt2017/crab/VBF66/crab_20171115_074539/inputs/debugFiles.tgz (2 KB) to the CRAB cache. Using URI https://cmsweb.cern.ch/crabcache
DEBUG 2017-11-15 07:46:13,798: 	 Result uploading input files: 4e198fb019d07e682a8bd09208595d4eb73bac82ae7f6e24154a54b4451cc952.tar.gz 
INFO 2017-11-15 07:46:13,798: 	 Sending the request to the server
DEBUG 2017-11-15 07:46:13,799: 	 Submitting {'maxjobruntime': 1250, 'extrajdl': [], 'ignorelocality': 0, 'savelogsflag': 0, 'useparent': 0, 'asyncdest': 'T3_US_FNALLPC', 'algoargs': 1, 'cachefilename': '4e198fb019d07e682a8bd09208595d4eb73bac82ae7f6e24154a54b4451cc952.tar.gz', 'numcores': 1, 'addoutputfiles': [], 'generator': 'pythia', 'maxmemory': 2000, 'publishdbsurl': 'https://cmsweb.cern.ch/dbs/prod/phys03/DBSWriter', 'priority': 10, 'jobsw': 'CMSSW_9_3_2', 'edmoutfiles': [], 'userfiles': [], 'primarydataset': '', 'inputdata': '/VBF_RS_bulk_M1500_W01pc_14TeV-madgraph/PhaseIITDRFall17MiniAOD-PU200_93X_upgrade2023_realistic_v2-v1/MINIAODSIM', 'dryrun': 0, 'workflow': 'crab_20171115_074539', 'cacheurl': u'https://cmsweb.cern.ch/crabcache', 'nonprodsw': 1, 'tfileoutfiles': ['analysis.root'], 'oneEventMode': 0, 'debugfilename': 'cf5867842d5617797cd3c5c118d56a5e36fee03f38f3b31a04fe29167a78fb12.tar.gz', 'saveoutput': 1, 'publication': 0, 'jobarch': 'slc6_amd64_gcc630', 'totalunits': 0, 'splitalgo': 'FileBased', 'ignoreglobalblacklist': 0, 'nonvaliddata': 0, 'dbsurl': 'https://cmsweb.cern.ch/dbs/prod/global/DBSReader', 'publishgroupname': 0, 'jobtype': 'Analysis', 'publishname2': ''} 
DEBUG 2017-11-15 07:46:13,799: 	 Encoded submit request: maxjobruntime=1250&ignorelocality=0&savelogsflag=0&useparent=0&asyncdest=T3_US_FNALLPC&algoargs=1&cachefilename=4e198fb019d07e682a8bd09208595d4eb73bac82ae7f6e24154a54b4451cc952.tar.gz&numcores=1&generator=pythia&maxmemory=2000&publishdbsurl=https%3A%2F%2Fcmsweb.cern.ch%2Fdbs%2Fprod%2Fphys03%2FDBSWriter&priority=10&jobsw=CMSSW_9_3_2&primarydataset=&inputdata=%2FVBF_RS_bulk_M1500_W01pc_14TeV-madgraph%2FPhaseIITDRFall17MiniAOD-PU200_93X_upgrade2023_realistic_v2-v1%2FMINIAODSIM&dryrun=0&workflow=crab_20171115_074539&cacheurl=https%3A%2F%2Fcmsweb.cern.ch%2Fcrabcache&nonprodsw=1&oneEventMode=0&debugfilename=cf5867842d5617797cd3c5c118d56a5e36fee03f38f3b31a04fe29167a78fb12.tar.gz&saveoutput=1&publication=0&jobarch=slc6_amd64_gcc630&totalunits=0&splitalgo=FileBased&ignoreglobalblacklist=0&nonvaliddata=0&dbsurl=https%3A%2F%2Fcmsweb.cern.ch%2Fdbs%2Fprod%2Fglobal%2FDBSReader&publishgroupname=0&jobtype=Analysis&publishname2=&tfileoutfiles=analysis.root
DEBUG 2017-11-15 07:46:15,594: 	 Result: {u'result': [{u'RequestName': u'171115_134615:shigginb_crab_20171115_074539'}]}
INFO 2017-11-15 07:46:15,596: 	 Success: Your task has been delivered to the CRAB3 server.
INFO 2017-11-15 07:46:15,596: 	 Task name: 171115_134615:shigginb_crab_20171115_074539
INFO 2017-11-15 07:46:15,596: 	 Please use 'crab status' to check how the submission process proceeds.
DEBUG 2017-11-15 07:46:15,597: 	 About to return
INFO 2017-11-15 07:46:15,600: 	 Log file is /uscms_data/d3/samuellh/WorkingArea/TauAnalysis/CMSSW_9_3_2/src/PUAnalysis/VBFtt2017/crab/VBF66/crab_20171115_074539/crab.log
DEBUG 2017-11-15 08:07:49,623: 	 Executing command: 'status'
DEBUG 2017-11-15 08:07:49,624: 	 Found CRAB cache file /uscms/home/samuellh/.crab3
DEBUG 2017-11-15 08:07:49,631: 	 Checking credentials
DEBUG 2017-11-15 08:07:49,631: 	 Found proxy file /tmp/x509up_u52190
DEBUG 2017-11-15 08:07:49,631: 	 Getting proxy life time left
DEBUG 2017-11-15 08:07:49,734: 	 Executing : 
 command : voms-proxy-info -file /tmp/x509up_u52190 -timeleft
 output : 80814

 error: 
 retcode : 0
DEBUG 2017-11-15 08:07:49,837: 	 Executing : 
 command : voms-proxy-info -file /tmp/x509up_u52190 -actimeleft
 output : 80813

 error: 
 retcode : 0
DEBUG 2017-11-15 08:07:49,837: 	 Proxy valid for 22:26:54 hours
DEBUG 2017-11-15 08:07:49,950: 	 Executing : 
 command : openssl x509 -in ~/.globus/usercert.pem -subject -noout
 output : subject= /DC=ch/DC=cern/OU=Organic Units/OU=Users/CN=shigginb/CN=785176/CN=Sam Higginbotham

 error: 
 retcode : 0
DEBUG 2017-11-15 08:07:49,950: 	 Checking credentials
DEBUG 2017-11-15 08:07:49,950: 	 Found proxy file /tmp/x509up_u52190
DEBUG 2017-11-15 08:07:49,950: 	 Getting proxy life time left
DEBUG 2017-11-15 08:07:50,053: 	 Executing : 
 command : voms-proxy-info -file /tmp/x509up_u52190 -timeleft
 output : 80813

 error: 
 retcode : 0
DEBUG 2017-11-15 08:07:50,156: 	 Executing : 
 command : voms-proxy-info -file /tmp/x509up_u52190 -actimeleft
 output : 80812

 error: 
 retcode : 0
DEBUG 2017-11-15 08:07:50,157: 	 Proxy valid for 22:26:53 hours
DEBUG 2017-11-15 08:07:51,810: 	 Registering user credentials for server /DC=ch/DC=cern/OU=computers/CN=vocms(045|052|021|031|0118|0118a|0119|0108|0105|0109).cern.ch
DEBUG 2017-11-15 08:07:51,919: 	 Executing : 
 command : openssl x509 -in ~/.globus/usercert.pem -subject -noout
 output : subject= /DC=ch/DC=cern/OU=Organic Units/OU=Users/CN=shigginb/CN=785176/CN=Sam Higginbotham

 error: 
 retcode : 0
DEBUG 2017-11-15 08:07:51,919: 	 Getting myproxy life time left for myproxy.cern.ch
DEBUG 2017-11-15 08:07:51,919: 	 Calculating hash of /DC=ch/DC=cern/OU=Organic Units/OU=Users/CN=shigginb/CN=785176/CN=Sam Higginbotham_cmsweb.cern.ch for credential name
DEBUG 2017-11-15 08:07:52,623: 	 Executing : 
 command : myproxy-info -l 2f318c7a260d78734589f2cc772d26b8be79ec6c -s myproxy.cern.ch
 output : username: 2f318c7a260d78734589f2cc772d26b8be79ec6c
owner: /DC=ch/DC=cern/OU=Organic Units/OU=Users/CN=shigginb/CN=785176/CN=Sam Higginbotham
  renewal policy: /DC=ch/DC=cern/OU=computers/CN=vocms(045|052|021|031|0118|0118a|0119|0108|0105|0109).cern.ch
  trusted retrieval policy: /DC=ch/DC=cern/OU=computers/CN=vocms(045|052|021|031|0118|0118a|0119|0108|0105|0109).cern.ch
  timeleft: 431:15:49  (18.0 days)

 error: 
 retcode : 0
DEBUG 2017-11-15 08:07:52,625: 	 Myproxy is valid: 1552549
DEBUG 2017-11-15 08:07:52,625: 	 Command use: status
DEBUG 2017-11-15 08:07:52,625: 	 Options use: ['-d', 'crab_20171115_074539/']
DEBUG 2017-11-15 08:07:54,550: 	 CRABClient version: 3.3.1707.patch1
DEBUG 2017-11-15 08:07:54,550: 	 Instance is prod
DEBUG 2017-11-15 08:07:54,550: 	 Server base url is cmsweb.cern.ch
DEBUG 2017-11-15 08:07:54,550: 	 Command url /crabserver/prod/workflow
DEBUG 2017-11-15 08:07:56,224: 	 Got information from server oracle database: {u'result': [u'171115_134615:shigginb_crab_20171115_074539', u'None', u'SUBMITTED', u'2017-11-15 13:46:15.514211', u'None', u'2017-11-15 13:46:50.876446', u'None', u'CMSSW_9_3_2', u'slc6_amd64_gcc630', u'/VBF_RS_bulk_M1500_W01pc_14TeV-madgraph/PhaseIITDRFall17MiniAOD-PU200_93X_upgrade2023_realistic_v2-v1/MINIAODSIM', u'[]', u'[]', u'FileBased', u"{'splitOnRun': False, 'halt_job_on_file_boundaries': False, 'files_per_job': 1, 'runs': [], 'lumis': []}", u'0', u'4e198fb019d07e682a8bd09208595d4eb73bac82ae7f6e24154a54b4451cc952.tar.gz', u'https://cmsweb.cern.ch/crabcache', u'shigginb', u'/DC=ch/DC=cern/OU=Organic Units/OU=Users/CN=shigginb/CN=785176/CN=Sam Higginbotham', u'cms', u'None', u'None', u'crab_20171115_074539-00000000000000000000000000000000', u'T3_US_FNALLPC', u'https://cmsweb.cern.ch/dbs/prod/global/DBSReader', u'https://cmsweb.cern.ch/dbs/prod/phys03/DBSWriter', u'F', u'Analysis', u'{}', u'[]', u'F', u'vocms052', u'[]', u'1250', u'1', u'2000', u'10', u'None', u'http://vocms0199.cern.ch/mon/cms1359/171115_134615:shigginb_crab_20171115_074539', u'None', u'None', u'[]', u'[]', u'[]', u'pythia', u'[]', u"['analysis.root']", u'[]', u'https://cmsweb.cern.ch/crabserver/prod', u'None', u'0', u'cmssrv221.fnal.gov:9620', u'crab3@vocms0199.cern.ch', u'F', u'[]', u'T', u'/store/user/shigginb/', u'F', u'None', u'F', u'F', u'F', u'None', u'VBF_RS_bulk_M1500_W01pc_14TeV-madgraph', u'filetransfers', u'SUBMIT', u'13360270', u'cf5867842d5617797cd3c5c118d56a5e36fee03f38f3b31a04fe29167a78fb12.tar.gz', u'131.225.190.56', u'F', u'None'], u'desc': {u'columns': [u'tm_taskname', u'panda_jobset_id', u'tm_task_status', u'tm_start_time', u'tm_start_injection', u'tm_end_injection', u'tm_task_failure', u'tm_job_sw', u'tm_job_arch', u'tm_input_dataset', u'tm_site_whitelist', u'tm_site_blacklist', u'tm_split_algo', u'tm_split_args', u'tm_totalunits', u'tm_user_sandbox', u'tm_cache_url', u'tm_username', u'tm_user_dn', u'tm_user_vo', u'tm_user_role', u'tm_user_group', u'tm_publish_name', u'tm_asyncdest', u'tm_dbs_url', u'tm_publish_dbs_url', u'tm_publication', u'tm_job_type', u'tm_arguments', u'panda_resubmitted_jobs', u'tm_save_logs', u'tw_name', u'tm_user_infiles', u'tm_maxjobruntime', u'tm_numcores', u'tm_maxmemory', u'tm_priority', u'tm_output_dataset', u'tm_user_webdir', u'tm_activity', u'tm_scriptexe', u'tm_scriptargs', u'tm_extrajdl', u'tm_task_warnings', u'tm_generator', u'tm_outfiles', u'tm_tfile_outfiles', u'tm_edm_outfiles', u'tm_asourl', u'tm_events_per_lumi', u'tm_use_parent', u'tm_collector', u'tm_schedd', u'tm_dry_run', u'tm_user_files', u'tm_transfer_outputs', u'tm_output_lfn', u'tm_ignore_locality', u'tm_fail_limit', u'tm_one_event_mode', u'tm_publish_groupname', u'tm_nonvalid_input_dataset', u'tm_secondary_input_dataset', u'tm_primary_dataset', u'tm_asodb', u'tm_task_command', u'clusterid', u'tm_debug_files', u'tm_submitter_ip_addr', u'tm_ignore_global_blacklist', u'tm_last_publication']}}
INFO 2017-11-15 08:07:56,225: 	 CRAB project directory:		/uscms_data/d3/samuellh/WorkingArea/TauAnalysis/CMSSW_9_3_2/src/PUAnalysis/VBFtt2017/crab/VBF66/crab_20171115_074539
INFO 2017-11-15 08:07:56,225: 	 Task name:			171115_134615:shigginb_crab_20171115_074539
INFO 2017-11-15 08:07:56,225: 	 Grid scheduler:			crab3@vocms0199.cern.ch
INFO 2017-11-15 08:07:56,225: 	 Status on the CRAB server:	SUBMITTED
INFO 2017-11-15 08:07:56,225: 	 Task URL to use for HELP:	https://cmsweb.cern.ch/crabserver/ui/task/171115_134615%3Ashigginb_crab_20171115_074539
INFO 2017-11-15 08:07:56,226: 	 Dashboard monitoring URL:	http://dashb-cms-job.cern.ch/dashboard/templates/task-analysis/#user=shigginb&refresh=0&table=Jobs&p=1&records=25&activemenu=2&status=&site=&tid=171115_134615%3Ashigginb_crab_20171115_074539
DEBUG 2017-11-15 08:07:56,226: 	 The CRAB server submitted your task to the Grid scheduler (cluster ID: 13360270)
DEBUG 2017-11-15 08:07:56,226: 	 Webdir is located at http://vocms0199.cern.ch/mon/cms1359/171115_134615:shigginb_crab_20171115_074539
DEBUG 2017-11-15 08:07:57,879: 	 Proxied webdir is located at https://cmsweb.cern.ch/scheddmon/0199/cms1359/171115_134615:shigginb_crab_20171115_074539
DEBUG 2017-11-15 08:07:57,879: 	 Retrieving 'status_cache' file from https://cmsweb.cern.ch/scheddmon/0199/cms1359/171115_134615:shigginb_crab_20171115_074539/status_cache
DEBUG 2017-11-15 08:07:59,596: 	 Got information from status cache file: {'1': {'Retries': 0, 'WallDurations': [914.0], 'StartTimes': [1510753704.0], 'SubmitTimes': [1510753623.0], 'JobIds': ['13360276.0'], 'EndTimes': [1510754618.0], 'Restarts': 0, 'RecordedSite': False, 'State': 'finished', 'ResidentSetSize': [743476], 'TotalUserCpuTimeHistory': [106], 'SiteHistory': ['Unknown'], 'TotalSysCpuTimeHistory': [5]}, '3': {'Retries': 0, 'WallDurations': [909.0], 'StartTimes': [1510753853.0], 'SubmitTimes': [1510753623.0], 'JobIds': ['13360280.0'], 'EndTimes': [], 'Restarts': 0, 'RecordedSite': False, 'State': 'running', 'ResidentSetSize': [1879600], 'TotalUserCpuTimeHistory': [0], 'SiteHistory': ['Unknown'], 'TotalSysCpuTimeHistory': [0]}, '2': {'Retries': 0, 'WallDurations': [911.0], 'StartTimes': [1510753734.0], 'SubmitTimes': [1510753623.0], 'JobIds': ['13360278.0'], 'EndTimes': [], 'Restarts': 0, 'RecordedSite': False, 'State': 'running', 'ResidentSetSize': [1801128], 'TotalUserCpuTimeHistory': [0], 'SiteHistory': ['Unknown'], 'TotalSysCpuTimeHistory': [0]}, '5': {'Retries': 0, 'WallDurations': [696.0], 'StartTimes': [1510753647.0], 'SubmitTimes': [1510753623.0], 'JobIds': ['13360275.0'], 'EndTimes': [1510754343.0], 'Restarts': 0, 'RecordedSite': False, 'State': 'finished', 'ResidentSetSize': [1824468], 'TotalUserCpuTimeHistory': [475], 'SiteHistory': ['Unknown'], 'TotalSysCpuTimeHistory': [16]}, '4': {'Retries': 0, 'WallDurations': [302.0], 'StartTimes': [1510753831.0], 'SubmitTimes': [1510753623.0], 'JobIds': ['13360279.0'], 'EndTimes': [1510754133.0], 'Restarts': 0, 'RecordedSite': False, 'State': 'finished', 'ResidentSetSize': [18944], 'TotalUserCpuTimeHistory': [210], 'SiteHistory': ['Unknown'], 'TotalSysCpuTimeHistory': [8]}}
INFO 2017-11-15 08:07:59,597: 	 Status on the scheduler:	SUBMITTED
INFO 2017-11-15 08:07:59,597: 	 
Jobs status:                    finished       60.0% (3/5)
INFO 2017-11-15 08:07:59,597: 	 				running        40.0% (2/5)
INFO 2017-11-15 08:07:59,597: 	 
No publication information (publication has been disabled in the CRAB configuration file)
INFO 2017-11-15 08:07:59,614: 	 Log file is /uscms_data/d3/samuellh/WorkingArea/TauAnalysis/CMSSW_9_3_2/src/PUAnalysis/VBFtt2017/crab/VBF66/crab_20171115_074539/crab.log
DEBUG 2017-11-15 09:20:45,373: 	 Executing command: 'status'
DEBUG 2017-11-15 09:20:45,373: 	 Found CRAB cache file /uscms/home/samuellh/.crab3
DEBUG 2017-11-15 09:20:45,380: 	 Checking credentials
DEBUG 2017-11-15 09:20:45,380: 	 Found proxy file /tmp/x509up_u52190
DEBUG 2017-11-15 09:20:45,380: 	 Getting proxy life time left
DEBUG 2017-11-15 09:20:45,483: 	 Executing : 
 command : voms-proxy-info -file /tmp/x509up_u52190 -timeleft
 output : 76438

 error: 
 retcode : 0
DEBUG 2017-11-15 09:20:45,586: 	 Executing : 
 command : voms-proxy-info -file /tmp/x509up_u52190 -actimeleft
 output : 76437

 error: 
 retcode : 0
DEBUG 2017-11-15 09:20:45,586: 	 Proxy valid for 21:13:58 hours
DEBUG 2017-11-15 09:20:45,699: 	 Executing : 
 command : openssl x509 -in ~/.globus/usercert.pem -subject -noout
 output : subject= /DC=ch/DC=cern/OU=Organic Units/OU=Users/CN=shigginb/CN=785176/CN=Sam Higginbotham

 error: 
 retcode : 0
DEBUG 2017-11-15 09:20:45,699: 	 Checking credentials
DEBUG 2017-11-15 09:20:45,699: 	 Found proxy file /tmp/x509up_u52190
DEBUG 2017-11-15 09:20:45,699: 	 Getting proxy life time left
DEBUG 2017-11-15 09:20:45,802: 	 Executing : 
 command : voms-proxy-info -file /tmp/x509up_u52190 -timeleft
 output : 76438

 error: 
 retcode : 0
DEBUG 2017-11-15 09:20:45,906: 	 Executing : 
 command : voms-proxy-info -file /tmp/x509up_u52190 -actimeleft
 output : 76437

 error: 
 retcode : 0
DEBUG 2017-11-15 09:20:45,906: 	 Proxy valid for 21:13:58 hours
DEBUG 2017-11-15 09:20:47,912: 	 Registering user credentials for server /DC=ch/DC=cern/OU=computers/CN=vocms(045|052|021|031|0118|0118a|0119|0108|0105|0109).cern.ch
DEBUG 2017-11-15 09:20:48,017: 	 Executing : 
 command : openssl x509 -in ~/.globus/usercert.pem -subject -noout
 output : subject= /DC=ch/DC=cern/OU=Organic Units/OU=Users/CN=shigginb/CN=785176/CN=Sam Higginbotham

 error: 
 retcode : 0
DEBUG 2017-11-15 09:20:48,017: 	 Getting myproxy life time left for myproxy.cern.ch
DEBUG 2017-11-15 09:20:48,017: 	 Calculating hash of /DC=ch/DC=cern/OU=Organic Units/OU=Users/CN=shigginb/CN=785176/CN=Sam Higginbotham_cmsweb.cern.ch for credential name
DEBUG 2017-11-15 09:20:48,820: 	 Executing : 
 command : myproxy-info -l 2f318c7a260d78734589f2cc772d26b8be79ec6c -s myproxy.cern.ch
 output : username: 2f318c7a260d78734589f2cc772d26b8be79ec6c
owner: /DC=ch/DC=cern/OU=Organic Units/OU=Users/CN=shigginb/CN=785176/CN=Sam Higginbotham
  renewal policy: /DC=ch/DC=cern/OU=computers/CN=vocms(045|052|021|031|0118|0118a|0119|0108|0105|0109).cern.ch
  trusted retrieval policy: /DC=ch/DC=cern/OU=computers/CN=vocms(045|052|021|031|0118|0118a|0119|0108|0105|0109).cern.ch
  timeleft: 430:02:53  (17.9 days)

 error: 
 retcode : 0
DEBUG 2017-11-15 09:20:48,823: 	 Myproxy is valid: 1548173
DEBUG 2017-11-15 09:20:48,823: 	 Command use: status
DEBUG 2017-11-15 09:20:48,823: 	 Options use: ['-d', 'crab_20171115_074539/']
DEBUG 2017-11-15 09:20:50,635: 	 CRABClient version: 3.3.1707.patch1
DEBUG 2017-11-15 09:20:50,635: 	 Instance is prod
DEBUG 2017-11-15 09:20:50,635: 	 Server base url is cmsweb.cern.ch
DEBUG 2017-11-15 09:20:50,635: 	 Command url /crabserver/prod/workflow
DEBUG 2017-11-15 09:20:52,274: 	 Got information from server oracle database: {u'result': [u'171115_134615:shigginb_crab_20171115_074539', u'None', u'SUBMITTED', u'2017-11-15 13:46:15.514211', u'None', u'2017-11-15 13:46:50.876446', u'None', u'CMSSW_9_3_2', u'slc6_amd64_gcc630', u'/VBF_RS_bulk_M1500_W01pc_14TeV-madgraph/PhaseIITDRFall17MiniAOD-PU200_93X_upgrade2023_realistic_v2-v1/MINIAODSIM', u'[]', u'[]', u'FileBased', u"{'splitOnRun': False, 'halt_job_on_file_boundaries': False, 'files_per_job': 1, 'runs': [], 'lumis': []}", u'0', u'4e198fb019d07e682a8bd09208595d4eb73bac82ae7f6e24154a54b4451cc952.tar.gz', u'https://cmsweb.cern.ch/crabcache', u'shigginb', u'/DC=ch/DC=cern/OU=Organic Units/OU=Users/CN=shigginb/CN=785176/CN=Sam Higginbotham', u'cms', u'None', u'None', u'crab_20171115_074539-00000000000000000000000000000000', u'T3_US_FNALLPC', u'https://cmsweb.cern.ch/dbs/prod/global/DBSReader', u'https://cmsweb.cern.ch/dbs/prod/phys03/DBSWriter', u'F', u'Analysis', u'{}', u'[]', u'F', u'vocms052', u'[]', u'1250', u'1', u'2000', u'10', u'None', u'http://vocms0199.cern.ch/mon/cms1359/171115_134615:shigginb_crab_20171115_074539', u'None', u'None', u'[]', u'[]', u'[]', u'pythia', u'[]', u"['analysis.root']", u'[]', u'https://cmsweb.cern.ch/crabserver/prod', u'None', u'0', u'cmssrv221.fnal.gov:9620', u'crab3@vocms0199.cern.ch', u'F', u'[]', u'T', u'/store/user/shigginb/', u'F', u'None', u'F', u'F', u'F', u'None', u'VBF_RS_bulk_M1500_W01pc_14TeV-madgraph', u'filetransfers', u'SUBMIT', u'13360270', u'cf5867842d5617797cd3c5c118d56a5e36fee03f38f3b31a04fe29167a78fb12.tar.gz', u'131.225.190.56', u'F', u'None'], u'desc': {u'columns': [u'tm_taskname', u'panda_jobset_id', u'tm_task_status', u'tm_start_time', u'tm_start_injection', u'tm_end_injection', u'tm_task_failure', u'tm_job_sw', u'tm_job_arch', u'tm_input_dataset', u'tm_site_whitelist', u'tm_site_blacklist', u'tm_split_algo', u'tm_split_args', u'tm_totalunits', u'tm_user_sandbox', u'tm_cache_url', u'tm_username', u'tm_user_dn', u'tm_user_vo', u'tm_user_role', u'tm_user_group', u'tm_publish_name', u'tm_asyncdest', u'tm_dbs_url', u'tm_publish_dbs_url', u'tm_publication', u'tm_job_type', u'tm_arguments', u'panda_resubmitted_jobs', u'tm_save_logs', u'tw_name', u'tm_user_infiles', u'tm_maxjobruntime', u'tm_numcores', u'tm_maxmemory', u'tm_priority', u'tm_output_dataset', u'tm_user_webdir', u'tm_activity', u'tm_scriptexe', u'tm_scriptargs', u'tm_extrajdl', u'tm_task_warnings', u'tm_generator', u'tm_outfiles', u'tm_tfile_outfiles', u'tm_edm_outfiles', u'tm_asourl', u'tm_events_per_lumi', u'tm_use_parent', u'tm_collector', u'tm_schedd', u'tm_dry_run', u'tm_user_files', u'tm_transfer_outputs', u'tm_output_lfn', u'tm_ignore_locality', u'tm_fail_limit', u'tm_one_event_mode', u'tm_publish_groupname', u'tm_nonvalid_input_dataset', u'tm_secondary_input_dataset', u'tm_primary_dataset', u'tm_asodb', u'tm_task_command', u'clusterid', u'tm_debug_files', u'tm_submitter_ip_addr', u'tm_ignore_global_blacklist', u'tm_last_publication']}}
INFO 2017-11-15 09:20:52,274: 	 CRAB project directory:		/uscms_data/d3/samuellh/WorkingArea/TauAnalysis/CMSSW_9_3_2/src/PUAnalysis/VBFtt2017/crab/VBF66/crab_20171115_074539
INFO 2017-11-15 09:20:52,275: 	 Task name:			171115_134615:shigginb_crab_20171115_074539
INFO 2017-11-15 09:20:52,275: 	 Grid scheduler:			crab3@vocms0199.cern.ch
INFO 2017-11-15 09:20:52,275: 	 Status on the CRAB server:	SUBMITTED
INFO 2017-11-15 09:20:52,275: 	 Task URL to use for HELP:	https://cmsweb.cern.ch/crabserver/ui/task/171115_134615%3Ashigginb_crab_20171115_074539
INFO 2017-11-15 09:20:52,275: 	 Dashboard monitoring URL:	http://dashb-cms-job.cern.ch/dashboard/templates/task-analysis/#user=shigginb&refresh=0&table=Jobs&p=1&records=25&activemenu=2&status=&site=&tid=171115_134615%3Ashigginb_crab_20171115_074539
DEBUG 2017-11-15 09:20:52,275: 	 The CRAB server submitted your task to the Grid scheduler (cluster ID: 13360270)
DEBUG 2017-11-15 09:20:52,275: 	 Webdir is located at http://vocms0199.cern.ch/mon/cms1359/171115_134615:shigginb_crab_20171115_074539
DEBUG 2017-11-15 09:20:54,041: 	 Proxied webdir is located at https://cmsweb.cern.ch/scheddmon/0199/cms1359/171115_134615:shigginb_crab_20171115_074539
DEBUG 2017-11-15 09:20:54,041: 	 Retrieving 'status_cache' file from https://cmsweb.cern.ch/scheddmon/0199/cms1359/171115_134615:shigginb_crab_20171115_074539/status_cache
DEBUG 2017-11-15 09:20:55,672: 	 Got information from status cache file: {'1': {'Retries': 0, 'WallDurations': [914.0], 'StartTimes': [1510753704.0], 'SubmitTimes': [1510753623.0], 'JobIds': ['13360276.0'], 'EndTimes': [1510754618.0], 'Restarts': 0, 'RecordedSite': False, 'State': 'finished', 'ResidentSetSize': [743476], 'TotalUserCpuTimeHistory': [106], 'SiteHistory': ['Unknown'], 'TotalSysCpuTimeHistory': [5]}, '3': {'Retries': 0, 'WallDurations': [1524.0], 'StartTimes': [1510753853.0], 'SubmitTimes': [1510753623.0], 'JobIds': ['13360280.0'], 'EndTimes': [1510755377.0], 'Restarts': 0, 'RecordedSite': False, 'State': 'finished', 'ResidentSetSize': [1912844], 'TotalUserCpuTimeHistory': [963], 'SiteHistory': ['Unknown'], 'TotalSysCpuTimeHistory': [14]}, '2': {'Retries': 0, 'WallDurations': [1347.0], 'StartTimes': [1510753734.0], 'SubmitTimes': [1510753623.0], 'JobIds': ['13360278.0'], 'EndTimes': [1510755081.0], 'Restarts': 0, 'RecordedSite': False, 'State': 'finished', 'ResidentSetSize': [1810232], 'TotalUserCpuTimeHistory': [823], 'SiteHistory': ['Unknown'], 'TotalSysCpuTimeHistory': [25]}, '5': {'Retries': 0, 'WallDurations': [696.0], 'StartTimes': [1510753647.0], 'SubmitTimes': [1510753623.0], 'JobIds': ['13360275.0'], 'EndTimes': [1510754343.0], 'Restarts': 0, 'RecordedSite': False, 'State': 'finished', 'ResidentSetSize': [1824468], 'TotalUserCpuTimeHistory': [475], 'SiteHistory': ['Unknown'], 'TotalSysCpuTimeHistory': [16]}, '4': {'Retries': 0, 'WallDurations': [302.0], 'StartTimes': [1510753831.0], 'SubmitTimes': [1510753623.0], 'JobIds': ['13360279.0'], 'EndTimes': [1510754133.0], 'Restarts': 0, 'RecordedSite': False, 'State': 'finished', 'ResidentSetSize': [18944], 'TotalUserCpuTimeHistory': [210], 'SiteHistory': ['Unknown'], 'TotalSysCpuTimeHistory': [8]}}
INFO 2017-11-15 09:20:55,672: 	 Status on the scheduler:	COMPLETED
INFO 2017-11-15 09:20:55,673: 	 
Jobs status:                    finished      100.0% (5/5)
INFO 2017-11-15 09:20:55,673: 	 
No publication information (publication has been disabled in the CRAB configuration file)
INFO 2017-11-15 09:20:55,709: 	 Log file is /uscms_data/d3/samuellh/WorkingArea/TauAnalysis/CMSSW_9_3_2/src/PUAnalysis/VBFtt2017/crab/VBF66/crab_20171115_074539/crab.log
