('The system path in the config file ', ['/cvmfs/cms.cern.ch/crab3/slc6_amd64_gcc493/cms/crabclient/3.3.1707.patch1/bin', '/uscms_data/d3/samuellh/WorkingArea/TauAnalysis/CMSSW_9_3_2/python', '/uscms_data/d3/samuellh/WorkingArea/TauAnalysis/CMSSW_9_3_2/lib/slc6_amd64_gcc630', '/cvmfs/cms.cern.ch/slc6_amd64_gcc630/cms/cmssw/CMSSW_9_3_2/python', '/cvmfs/cms.cern.ch/slc6_amd64_gcc630/cms/cmssw/CMSSW_9_3_2/lib/slc6_amd64_gcc630', '/cvmfs/cms.cern.ch/slc6_amd64_gcc630/cms/coral/CORAL_2_3_21-ghjeda6/slc6_amd64_gcc630/python', '/cvmfs/cms.cern.ch/slc6_amd64_gcc630/cms/coral/CORAL_2_3_21-ghjeda6/slc6_amd64_gcc630/lib', '/cvmfs/cms.cern.ch/slc6_amd64_gcc630/external/professor2/2.2.1-ghjeda6/lib/python2.7/site-packages', '/cvmfs/cms.cern.ch/slc6_amd64_gcc630/external/pyqt/4.11.4-mlhled2/lib/python2.7/site-packages', '/cvmfs/cms.cern.ch/slc6_amd64_gcc630/external/sherpa/2.2.4-ghjeda/lib/python2.7/site-packages', '/cvmfs/cms.cern.ch/slc6_amd64_gcc630/external/rivet/2.5.2-ghjeda4/lib/python2.7/site-packages', '/cvmfs/cms.cern.ch/slc6_amd64_gcc630/external/python-ldap/2.4.10-mlhled2/lib/python2.7/site-packages', '/cvmfs/cms.cern.ch/slc6_amd64_gcc630/external/py2-matplotlib/1.5.2-njopjo/lib/python2.7/site-packages', '/cvmfs/cms.cern.ch/slc6_amd64_gcc630/external/sip/4.17-mlhled2/lib/python2.7/site-packages', '/cvmfs/cms.cern.ch/slc6_amd64_gcc630/external/llvm/4.0.0-njopjo/lib64/python2.7/site-packages', '/cvmfs/cms.cern.ch/slc6_amd64_gcc630/external/py2-sqlalchemy/1.1.4-mlhled2/lib/python2.7/site-packages', '/cvmfs/cms.cern.ch/slc6_amd64_gcc630/external/py2-lint/0.25.1-mlhled2/lib/python2.7/site-packages', '/cvmfs/cms.cern.ch/slc6_amd64_gcc630/external/py2-dxr/1.0-ghjeda6/lib/python2.7/site-packages', '/cvmfs/cms.cern.ch/slc6_amd64_gcc630/external/py2-cx-oracle/5.2.1-mlhled2/lib/python2.7/site-packages', '/cvmfs/cms.cern.ch/slc6_amd64_gcc630/external/py2-numpy/1.12.1-mlhled2/lib/python2.7/site-packages', '/cvmfs/cms.cern.ch/slc6_amd64_gcc630/external/frontier_client/2.8.20-mlhled2/python/lib', '/cvmfs/cms.cern.ch/slc6_amd64_gcc630/cms/das_client/v03.01.00-mlhled2/bin', '/cvmfs/cms.cern.ch/slc6_amd64_gcc630/external/xrootd/4.6.1/lib/python2.7/site-packages', '/cvmfs/cms.cern.ch/slc6_amd64_gcc630/external/yoda/1.6.5-ghjeda4/lib/python2.7/site-packages', '/cvmfs/cms.cern.ch/slc6_amd64_gcc630/lcg/root/6.10.04-ghjeda/lib', '/cvmfs/cms.cern.ch/slc6_amd64_gcc630/external/pyminuit2/0.0.1-ghjeda4/lib/python2.7/site-packages', '/cvmfs/cms.cern.ch/slc6_amd64_gcc630/external/py2-PyYAML/3.11-mlhled2/lib/python2.7/site-packages', '/cvmfs/cms.cern.ch/slc6_amd64_gcc630/external/py2-pygithub/1.23.0-mlhled2/lib/python2.7/site-packages', '/cvmfs/cms.cern.ch/slc6_amd64_gcc630/external/py2-pip/9.0.1-mlhled2/lib/python2.7/site-packages', '/cvmfs/cms.cern.ch/slc6_amd64_gcc630/external/py2-dablooms/0.9.1-mlhled2/lib/python2.7/site-packages', '/cvmfs/cms.cern.ch/slc6_amd64_gcc630/external/py2-pippkgs_depscipy/3.0-ghjeda6/lib/python2.7/site-packages', '/cvmfs/cms.cern.ch/slc6_amd64_gcc630/external/py2-pippkgs/5.0-ghjeda6/lib/python2.7/site-packages', '/cvmfs/cms.cern.ch/slc6_amd64_gcc630/external/professor/1.4.0-ghjeda4/lib/python2.7/site-packages', '/cvmfs/cms.cern.ch/slc6_amd64_gcc630/cms/dbs-client/DBS_2_1_9-mlhled2/lib', '/cvmfs/cms.cern.ch/slc6_amd64_gcc630/cms/dbs-client/DBS_2_1_9-mlhled2/lib/DBSAPI', '/cvmfs/cms.cern.ch/slc6_amd64_gcc630/external/cvs2git/5419-mlhled2/lib', '/cvmfs/cms.cern.ch/crab3/slc6_amd64_gcc493/cms/crabclient/3.3.1707.patch1/lib/python2.7/site-packages', '/cvmfs/cms.cern.ch/crab3/slc6_amd64_gcc493/cms/dbs3-client/3.4.4/lib/python2.7/site-packages', '/cvmfs/cms.cern.ch/crab3/slc6_amd64_gcc493/cms/dbs3-pycurl-client/3.4.4/lib/python2.7/site-packages', '/cvmfs/cms.cern.ch/slc6_amd64_gcc630/external/py2-sqlalchemy/1.1.4-mlhled2/lib/python2.7/site-packages/SQLAlchemy-1.1.4-py2.7-linux-x86_64.egg', '/cvmfs/cms.cern.ch/slc6_amd64_gcc630/external/py2-numpy/1.12.1-mlhled2/lib/python2.7/site-packages/numpy-1.12.1-py2.7-linux-x86_64.egg', '/cvmfs/cms.cern.ch/slc6_amd64_gcc630/external/python/2.7.11-mlhled2/lib/python27.zip', '/cvmfs/cms.cern.ch/slc6_amd64_gcc630/external/python/2.7.11-mlhled2/lib/python2.7', '/cvmfs/cms.cern.ch/slc6_amd64_gcc630/external/python/2.7.11-mlhled2/lib/python2.7/plat-linux2', '/cvmfs/cms.cern.ch/slc6_amd64_gcc630/external/python/2.7.11-mlhled2/lib/python2.7/lib-tk', '/cvmfs/cms.cern.ch/slc6_amd64_gcc630/external/python/2.7.11-mlhled2/lib/python2.7/lib-old', '/cvmfs/cms.cern.ch/slc6_amd64_gcc630/external/python/2.7.11-mlhled2/lib/python2.7/lib-dynload', '/cvmfs/cms.cern.ch/slc6_amd64_gcc630/external/python/2.7.11-mlhled2/lib/python2.7/site-packages', '/uscms_data/d3/samuellh/WorkingArea/TauAnalysis/CMSSW_9_3_2/src/PUAnalysis/VBFtt2017/crab/VBF48'])
 ##################################################################### 
 # WARNING: the module CondCore.DBCommon.CondDBSetup is deprecated.  # 
 # Please import CondCore.CondDB.CondDB_cfi                          # 
 ##################################################################### 
recorrecting the jets
List Of Filters
['processedEvents', 'initialEventsTT', 'DiMuonCreation', 'AtLeastOneDiTau', 'TTTauPtEta', 'TTTauDecayFound', 'TTTauStandardDecayFound', 'TTTauDRSel', 'TTSync', 'TTAntiEle', 'TTAntiMu', 'TTIso', 'TTOS']
DEBUG 2017-11-15 07:36:07,422: 	 Executing command: 'submit'
DEBUG 2017-11-15 07:36:07,423: 	 Found CRAB cache file /uscms/home/samuellh/.crab3
DEBUG 2017-11-15 07:36:07,431: 	 Checking credentials
DEBUG 2017-11-15 07:36:07,431: 	 Found proxy file /tmp/x509up_u52190
DEBUG 2017-11-15 07:36:07,431: 	 Getting proxy life time left
DEBUG 2017-11-15 07:36:07,534: 	 Executing : 
 command : voms-proxy-info -file /tmp/x509up_u52190 -timeleft
 output : 82716

 error: 
 retcode : 0
DEBUG 2017-11-15 07:36:07,638: 	 Executing : 
 command : voms-proxy-info -file /tmp/x509up_u52190 -actimeleft
 output : 82715

 error: 
 retcode : 0
DEBUG 2017-11-15 07:36:07,638: 	 Proxy valid for 22:58:36 hours
INFO 2017-11-15 07:36:07,638: 	 Will use CRAB configuration file crab3_TT_MC.py
DEBUG 2017-11-15 07:36:07,638: 	 Loading CRAB configuration file.
DEBUG 2017-11-15 07:36:07,646: 	 Will use CRAB Analysis plugin (i.e. will run an analysis job type).
DEBUG 2017-11-15 07:36:07,762: 	 Executing : 
 command : openssl x509 -in ~/.globus/usercert.pem -subject -noout
 output : subject= /DC=ch/DC=cern/OU=Organic Units/OU=Users/CN=shigginb/CN=785176/CN=Sam Higginbotham

 error: 
 retcode : 0
DEBUG 2017-11-15 07:36:07,762: 	 Checking credentials
DEBUG 2017-11-15 07:36:07,762: 	 Found proxy file /tmp/x509up_u52190
DEBUG 2017-11-15 07:36:07,762: 	 Getting proxy life time left
DEBUG 2017-11-15 07:36:07,865: 	 Executing : 
 command : voms-proxy-info -file /tmp/x509up_u52190 -timeleft
 output : 82716

 error: 
 retcode : 0
DEBUG 2017-11-15 07:36:07,969: 	 Executing : 
 command : voms-proxy-info -file /tmp/x509up_u52190 -actimeleft
 output : 82715

 error: 
 retcode : 0
DEBUG 2017-11-15 07:36:07,969: 	 Proxy valid for 22:58:36 hours
DEBUG 2017-11-15 07:36:08,073: 	 Executing : 
 command : env X509_USER_PROXY=/tmp/x509up_u52190 voms-proxy-info -fqan
 output : /cms/Role=NULL/Capability=NULL

 error: 
 retcode : 0
DEBUG 2017-11-15 07:36:10,013: 	 Registering user credentials for server /DC=ch/DC=cern/OU=computers/CN=vocms(045|052|021|031|0118|0118a|0119|0108|0105|0109).cern.ch
DEBUG 2017-11-15 07:36:10,120: 	 Executing : 
 command : openssl x509 -in ~/.globus/usercert.pem -subject -noout
 output : subject= /DC=ch/DC=cern/OU=Organic Units/OU=Users/CN=shigginb/CN=785176/CN=Sam Higginbotham

 error: 
 retcode : 0
DEBUG 2017-11-15 07:36:10,121: 	 Getting myproxy life time left for myproxy.cern.ch
DEBUG 2017-11-15 07:36:10,121: 	 Calculating hash of /DC=ch/DC=cern/OU=Organic Units/OU=Users/CN=shigginb/CN=785176/CN=Sam Higginbotham_cmsweb.cern.ch for credential name
DEBUG 2017-11-15 07:36:10,825: 	 Executing : 
 command : myproxy-info -l 2f318c7a260d78734589f2cc772d26b8be79ec6c -s myproxy.cern.ch
 output : username: 2f318c7a260d78734589f2cc772d26b8be79ec6c
owner: /DC=ch/DC=cern/OU=Organic Units/OU=Users/CN=shigginb/CN=785176/CN=Sam Higginbotham
  renewal policy: /DC=ch/DC=cern/OU=computers/CN=vocms(045|052|021|031|0118|0118a|0119|0108|0105|0109).cern.ch
  trusted retrieval policy: /DC=ch/DC=cern/OU=computers/CN=vocms(045|052|021|031|0118|0118a|0119|0108|0105|0109).cern.ch
  timeleft: 431:47:31  (18.0 days)

 error: 
 retcode : 0
DEBUG 2017-11-15 07:36:10,826: 	 Myproxy is valid: 1554451
DEBUG 2017-11-15 07:36:10,827: 	 Command use: submit
DEBUG 2017-11-15 07:36:10,827: 	 Options use: ['-c', 'crab3_TT_MC.py']
DEBUG 2017-11-15 07:36:12,601: 	 CRABClient version: 3.3.1707.patch1
DEBUG 2017-11-15 07:36:12,601: 	 Instance is prod
DEBUG 2017-11-15 07:36:12,601: 	 Server base url is cmsweb.cern.ch
DEBUG 2017-11-15 07:36:12,601: 	 Command url /crabserver/prod/workflow
DEBUG 2017-11-15 07:36:12,601: 	 Started submission
DEBUG 2017-11-15 07:36:12,601: 	 Working on /uscms_data/d3/samuellh/WorkingArea/TauAnalysis/CMSSW_9_3_2/src/PUAnalysis/VBFtt2017/crab/VBF48/crab_20171115_073607
DEBUG 2017-11-15 07:36:14,319: 	 Loading required information from the environment
DEBUG 2017-11-15 07:36:14,319: 	 Found CMSSW_9_3_2 for slc6_amd64_gcc630 with base /uscms_data/d3/samuellh/WorkingArea/TauAnalysis/CMSSW_9_3_2
DEBUG 2017-11-15 07:36:14,319: 	 Loading required information from the environment
DEBUG 2017-11-15 07:36:14,319: 	 Found CMSSW_9_3_2 for slc6_amd64_gcc630 with base /uscms_data/d3/samuellh/WorkingArea/TauAnalysis/CMSSW_9_3_2
DEBUG 2017-11-15 07:36:14,332: 	 UNIQUE NAME: tarUUID 703f7a82-fd31-4672-92d5-693243e720a3 
DEBUG 2017-11-15 07:36:14,333: 	 self.config: from WMCore.Configuration import Configuration
config = Configuration()
config.section_('General')
config.section_('JobType')
config.JobType.psetName = '../../../TT-MC-Up.py'
config.JobType.pluginName = 'Analysis'
config.JobType.inputFiles = ['../../../Configuration/data/PhaseIISummer16_25nsV3_MC.db']
config.JobType.outputFiles = ['analysis.root']
config.JobType.allowUndistributedCMSSW = True
config.section_('Data')
config.Data.inputDataset = '/TprimeBToTH_M-1000_Width-30p_LH_TuneCUETP8M2T4_14TeV-madgraph-pythia8/PhaseIITDRFall17MiniAOD-PU200_93X_upgrade2023_realistic_v2-v1/MINIAODSIM'
config.Data.unitsPerJob = 1
config.Data.publication = False
config.Data.inputDBS = 'global'
config.Data.splitting = 'FileBased'
config.section_('Site')
config.Site.storageSite = 'T3_US_FNALLPC'
config.section_('User')
config.section_('Debug')

DEBUG 2017-11-15 07:36:14,333: 	 self.config.JobType.psetName: ../../../TT-MC-Up.py
INFO 2017-11-15 07:36:14,333: 	 Importing CMSSW configuration ../../../TT-MC-Up.py
INFO 2017-11-15 07:36:16,941: 	 Finished importing CMSSW configuration ../../../TT-MC-Up.py
DEBUG 2017-11-15 07:36:16,942: 	 Writing CMSSW configuration to /uscms_data/d3/samuellh/WorkingArea/TauAnalysis/CMSSW_9_3_2/src/PUAnalysis/VBFtt2017/crab/VBF48/crab_20171115_073607/inputs/PSet.py
DEBUG 2017-11-15 07:36:17,819: 	 The following EDM output files will be collected: []
DEBUG 2017-11-15 07:36:17,819: 	 The following TFile output files will be collected: ['analysis.root']
DEBUG 2017-11-15 07:36:17,819: 	 The following user output files will be collected: []
DEBUG 2017-11-15 07:36:17,819: 	 Loading required information from the environment
DEBUG 2017-11-15 07:36:17,819: 	 Found CMSSW_9_3_2 for slc6_amd64_gcc630 with base /uscms_data/d3/samuellh/WorkingArea/TauAnalysis/CMSSW_9_3_2
DEBUG 2017-11-15 07:36:17,819: 	 Making tarball in /uscms_data/d3/samuellh/WorkingArea/TauAnalysis/CMSSW_9_3_2/src/PUAnalysis/VBFtt2017/crab/VBF48/crab_20171115_073607/inputs/703f7a82-fd31-4672-92d5-693243e720a3default.tgz
DEBUG 2017-11-15 07:36:17,839: 	 Checking directory /uscms_data/d3/samuellh/WorkingArea/TauAnalysis/CMSSW_9_3_2/lib
DEBUG 2017-11-15 07:36:17,839: 	 Adding directory /uscms_data/d3/samuellh/WorkingArea/TauAnalysis/CMSSW_9_3_2/lib to tarball
DEBUG 2017-11-15 07:36:18,565: 	 Checking directory /uscms_data/d3/samuellh/WorkingArea/TauAnalysis/CMSSW_9_3_2/biglib
DEBUG 2017-11-15 07:36:18,566: 	 Adding directory /uscms_data/d3/samuellh/WorkingArea/TauAnalysis/CMSSW_9_3_2/biglib to tarball
DEBUG 2017-11-15 07:36:18,568: 	 Checking directory /uscms_data/d3/samuellh/WorkingArea/TauAnalysis/CMSSW_9_3_2/module
DEBUG 2017-11-15 07:36:18,599: 	 Adding data directory /uscms_data/d3/samuellh/WorkingArea/TauAnalysis/CMSSW_9_3_2/src/PUAnalysis/Configuration/data to tarball
DEBUG 2017-11-15 07:36:21,709: 	 Adding data directory /uscms_data/d3/samuellh/WorkingArea/TauAnalysis/CMSSW_9_3_2/src/PUAnalysis/DataFormats/interface to tarball
DEBUG 2017-11-15 07:36:21,718: 	 Adding data directory /uscms_data/d3/samuellh/WorkingArea/TauAnalysis/CMSSW_9_3_2/src/PUAnalysis/NtupleTools/interface to tarball
DEBUG 2017-11-15 07:36:21,730: 	 Adding data directory /uscms_data/d3/samuellh/WorkingArea/TauAnalysis/CMSSW_9_3_2/src/PUAnalysis/RecoTools/interface to tarball
DEBUG 2017-11-15 07:36:21,937: 	 Adding file ../../../Configuration/data/PhaseIISummer16_25nsV3_MC.db to tarball
DEBUG 2017-11-15 07:36:22,476: 	 Uploading archive /uscms_data/d3/samuellh/WorkingArea/TauAnalysis/CMSSW_9_3_2/src/PUAnalysis/VBFtt2017/crab/VBF48/crab_20171115_073607/inputs/703f7a82-fd31-4672-92d5-693243e720a3default.tgz (11 MB) to the CRAB cache. Using URI https://cmsweb.cern.ch/crabcache
DEBUG 2017-11-15 07:36:29,606: 	 Loading required information from the environment
DEBUG 2017-11-15 07:36:29,607: 	 Found CMSSW_9_3_2 for slc6_amd64_gcc630 with base /uscms_data/d3/samuellh/WorkingArea/TauAnalysis/CMSSW_9_3_2
DEBUG 2017-11-15 07:36:29,607: 	 Making tarball in /uscms_data/d3/samuellh/WorkingArea/TauAnalysis/CMSSW_9_3_2/src/PUAnalysis/VBFtt2017/crab/VBF48/crab_20171115_073607/inputs/debugFiles.tgz
DEBUG 2017-11-15 07:36:29,612: 	 Uploading archive /uscms_data/d3/samuellh/WorkingArea/TauAnalysis/CMSSW_9_3_2/src/PUAnalysis/VBFtt2017/crab/VBF48/crab_20171115_073607/inputs/debugFiles.tgz (2 KB) to the CRAB cache. Using URI https://cmsweb.cern.ch/crabcache
DEBUG 2017-11-15 07:36:31,368: 	 Result uploading input files: 4e198fb019d07e682a8bd09208595d4eb73bac82ae7f6e24154a54b4451cc952.tar.gz 
INFO 2017-11-15 07:36:31,368: 	 Sending the request to the server
DEBUG 2017-11-15 07:36:31,368: 	 Submitting {'maxjobruntime': 1250, 'extrajdl': [], 'ignorelocality': 0, 'savelogsflag': 0, 'useparent': 0, 'asyncdest': 'T3_US_FNALLPC', 'algoargs': 1, 'cachefilename': '4e198fb019d07e682a8bd09208595d4eb73bac82ae7f6e24154a54b4451cc952.tar.gz', 'numcores': 1, 'addoutputfiles': [], 'generator': 'pythia', 'maxmemory': 2000, 'publishdbsurl': 'https://cmsweb.cern.ch/dbs/prod/phys03/DBSWriter', 'priority': 10, 'jobsw': 'CMSSW_9_3_2', 'edmoutfiles': [], 'userfiles': [], 'primarydataset': '', 'inputdata': '/TprimeBToTH_M-1000_Width-30p_LH_TuneCUETP8M2T4_14TeV-madgraph-pythia8/PhaseIITDRFall17MiniAOD-PU200_93X_upgrade2023_realistic_v2-v1/MINIAODSIM', 'dryrun': 0, 'workflow': 'crab_20171115_073607', 'cacheurl': u'https://cmsweb.cern.ch/crabcache', 'nonprodsw': 1, 'tfileoutfiles': ['analysis.root'], 'oneEventMode': 0, 'debugfilename': '9f352bead67d6bab7ff8c95b834f628ce8790b4f5c7314d91f5c40d37b8d0ab2.tar.gz', 'saveoutput': 1, 'publication': 0, 'jobarch': 'slc6_amd64_gcc630', 'totalunits': 0, 'splitalgo': 'FileBased', 'ignoreglobalblacklist': 0, 'nonvaliddata': 0, 'dbsurl': 'https://cmsweb.cern.ch/dbs/prod/global/DBSReader', 'publishgroupname': 0, 'jobtype': 'Analysis', 'publishname2': ''} 
DEBUG 2017-11-15 07:36:31,369: 	 Encoded submit request: maxjobruntime=1250&ignorelocality=0&savelogsflag=0&useparent=0&asyncdest=T3_US_FNALLPC&algoargs=1&cachefilename=4e198fb019d07e682a8bd09208595d4eb73bac82ae7f6e24154a54b4451cc952.tar.gz&numcores=1&generator=pythia&maxmemory=2000&publishdbsurl=https%3A%2F%2Fcmsweb.cern.ch%2Fdbs%2Fprod%2Fphys03%2FDBSWriter&priority=10&jobsw=CMSSW_9_3_2&primarydataset=&inputdata=%2FTprimeBToTH_M-1000_Width-30p_LH_TuneCUETP8M2T4_14TeV-madgraph-pythia8%2FPhaseIITDRFall17MiniAOD-PU200_93X_upgrade2023_realistic_v2-v1%2FMINIAODSIM&dryrun=0&workflow=crab_20171115_073607&cacheurl=https%3A%2F%2Fcmsweb.cern.ch%2Fcrabcache&nonprodsw=1&oneEventMode=0&debugfilename=9f352bead67d6bab7ff8c95b834f628ce8790b4f5c7314d91f5c40d37b8d0ab2.tar.gz&saveoutput=1&publication=0&jobarch=slc6_amd64_gcc630&totalunits=0&splitalgo=FileBased&ignoreglobalblacklist=0&nonvaliddata=0&dbsurl=https%3A%2F%2Fcmsweb.cern.ch%2Fdbs%2Fprod%2Fglobal%2FDBSReader&publishgroupname=0&jobtype=Analysis&publishname2=&tfileoutfiles=analysis.root
DEBUG 2017-11-15 07:36:33,178: 	 Result: {u'result': [{u'RequestName': u'171115_133633:shigginb_crab_20171115_073607'}]}
INFO 2017-11-15 07:36:33,181: 	 Success: Your task has been delivered to the CRAB3 server.
INFO 2017-11-15 07:36:33,181: 	 Task name: 171115_133633:shigginb_crab_20171115_073607
INFO 2017-11-15 07:36:33,182: 	 Please use 'crab status' to check how the submission process proceeds.
DEBUG 2017-11-15 07:36:33,182: 	 About to return
INFO 2017-11-15 07:36:33,187: 	 Log file is /uscms_data/d3/samuellh/WorkingArea/TauAnalysis/CMSSW_9_3_2/src/PUAnalysis/VBFtt2017/crab/VBF48/crab_20171115_073607/crab.log
DEBUG 2017-11-15 08:04:11,877: 	 Executing command: 'status'
DEBUG 2017-11-15 08:04:11,877: 	 Found CRAB cache file /uscms/home/samuellh/.crab3
DEBUG 2017-11-15 08:04:11,884: 	 Checking credentials
DEBUG 2017-11-15 08:04:11,885: 	 Found proxy file /tmp/x509up_u52190
DEBUG 2017-11-15 08:04:11,885: 	 Getting proxy life time left
DEBUG 2017-11-15 08:04:11,988: 	 Executing : 
 command : voms-proxy-info -file /tmp/x509up_u52190 -timeleft
 output : 81032

 error: 
 retcode : 0
DEBUG 2017-11-15 08:04:12,092: 	 Executing : 
 command : voms-proxy-info -file /tmp/x509up_u52190 -actimeleft
 output : 81030

 error: 
 retcode : 0
DEBUG 2017-11-15 08:04:12,092: 	 Proxy valid for 22:30:32 hours
DEBUG 2017-11-15 08:04:12,237: 	 Executing : 
 command : openssl x509 -in ~/.globus/usercert.pem -subject -noout
 output : subject= /DC=ch/DC=cern/OU=Organic Units/OU=Users/CN=shigginb/CN=785176/CN=Sam Higginbotham

 error: 
 retcode : 0
DEBUG 2017-11-15 08:04:12,237: 	 Checking credentials
DEBUG 2017-11-15 08:04:12,238: 	 Found proxy file /tmp/x509up_u52190
DEBUG 2017-11-15 08:04:12,238: 	 Getting proxy life time left
DEBUG 2017-11-15 08:04:12,341: 	 Executing : 
 command : voms-proxy-info -file /tmp/x509up_u52190 -timeleft
 output : 81031

 error: 
 retcode : 0
DEBUG 2017-11-15 08:04:12,444: 	 Executing : 
 command : voms-proxy-info -file /tmp/x509up_u52190 -actimeleft
 output : 81030

 error: 
 retcode : 0
DEBUG 2017-11-15 08:04:12,444: 	 Proxy valid for 22:30:31 hours
DEBUG 2017-11-15 08:04:14,165: 	 Registering user credentials for server /DC=ch/DC=cern/OU=computers/CN=vocms(045|052|021|031|0118|0118a|0119|0108|0105|0109).cern.ch
DEBUG 2017-11-15 08:04:14,273: 	 Executing : 
 command : openssl x509 -in ~/.globus/usercert.pem -subject -noout
 output : subject= /DC=ch/DC=cern/OU=Organic Units/OU=Users/CN=shigginb/CN=785176/CN=Sam Higginbotham

 error: 
 retcode : 0
DEBUG 2017-11-15 08:04:14,273: 	 Getting myproxy life time left for myproxy.cern.ch
DEBUG 2017-11-15 08:04:14,273: 	 Calculating hash of /DC=ch/DC=cern/OU=Organic Units/OU=Users/CN=shigginb/CN=785176/CN=Sam Higginbotham_cmsweb.cern.ch for credential name
DEBUG 2017-11-15 08:04:14,978: 	 Executing : 
 command : myproxy-info -l 2f318c7a260d78734589f2cc772d26b8be79ec6c -s myproxy.cern.ch
 output : username: 2f318c7a260d78734589f2cc772d26b8be79ec6c
owner: /DC=ch/DC=cern/OU=Organic Units/OU=Users/CN=shigginb/CN=785176/CN=Sam Higginbotham
  renewal policy: /DC=ch/DC=cern/OU=computers/CN=vocms(045|052|021|031|0118|0118a|0119|0108|0105|0109).cern.ch
  trusted retrieval policy: /DC=ch/DC=cern/OU=computers/CN=vocms(045|052|021|031|0118|0118a|0119|0108|0105|0109).cern.ch
  timeleft: 431:19:27  (18.0 days)

 error: 
 retcode : 0
DEBUG 2017-11-15 08:04:14,979: 	 Myproxy is valid: 1552767
DEBUG 2017-11-15 08:04:14,979: 	 Command use: status
DEBUG 2017-11-15 08:04:14,979: 	 Options use: ['-d', 'crab_20171115_073607/']
DEBUG 2017-11-15 08:04:16,976: 	 CRABClient version: 3.3.1707.patch1
DEBUG 2017-11-15 08:04:16,976: 	 Instance is prod
DEBUG 2017-11-15 08:04:16,976: 	 Server base url is cmsweb.cern.ch
DEBUG 2017-11-15 08:04:16,976: 	 Command url /crabserver/prod/workflow
DEBUG 2017-11-15 08:04:18,673: 	 Got information from server oracle database: {u'result': [u'171115_133633:shigginb_crab_20171115_073607', u'None', u'SUBMITTED', u'2017-11-15 13:36:33.097380', u'None', u'2017-11-15 13:37:34.689632', u'None', u'CMSSW_9_3_2', u'slc6_amd64_gcc630', u'/TprimeBToTH_M-1000_Width-30p_LH_TuneCUETP8M2T4_14TeV-madgraph-pythia8/PhaseIITDRFall17MiniAOD-PU200_93X_upgrade2023_realistic_v2-v1/MINIAODSIM', u'[]', u'[]', u'FileBased', u"{'splitOnRun': False, 'halt_job_on_file_boundaries': False, 'files_per_job': 1, 'runs': [], 'lumis': []}", u'0', u'4e198fb019d07e682a8bd09208595d4eb73bac82ae7f6e24154a54b4451cc952.tar.gz', u'https://cmsweb.cern.ch/crabcache', u'shigginb', u'/DC=ch/DC=cern/OU=Organic Units/OU=Users/CN=shigginb/CN=785176/CN=Sam Higginbotham', u'cms', u'None', u'None', u'crab_20171115_073607-00000000000000000000000000000000', u'T3_US_FNALLPC', u'https://cmsweb.cern.ch/dbs/prod/global/DBSReader', u'https://cmsweb.cern.ch/dbs/prod/phys03/DBSWriter', u'F', u'Analysis', u'{}', u'[]', u'F', u'vocms052', u'[]', u'1250', u'1', u'2000', u'10', u'None', u'http://vocms0106.cern.ch/mon/cms1359/171115_133633:shigginb_crab_20171115_073607', u'None', u'None', u'[]', u'[]', u'[]', u'pythia', u'[]', u"['analysis.root']", u'[]', u'https://cmsweb.cern.ch/crabserver/prod', u'None', u'0', u'cmssrv221.fnal.gov:9620', u'crab3@vocms0106.cern.ch', u'F', u'[]', u'T', u'/store/user/shigginb/', u'F', u'None', u'F', u'F', u'F', u'None', u'TprimeBToTH_M-1000_Width-30p_LH_TuneCUETP8M2T4_14TeV-madgraph-pythia8', u'filetransfers', u'SUBMIT', u'26792435', u'9f352bead67d6bab7ff8c95b834f628ce8790b4f5c7314d91f5c40d37b8d0ab2.tar.gz', u'131.225.190.56', u'F', u'None'], u'desc': {u'columns': [u'tm_taskname', u'panda_jobset_id', u'tm_task_status', u'tm_start_time', u'tm_start_injection', u'tm_end_injection', u'tm_task_failure', u'tm_job_sw', u'tm_job_arch', u'tm_input_dataset', u'tm_site_whitelist', u'tm_site_blacklist', u'tm_split_algo', u'tm_split_args', u'tm_totalunits', u'tm_user_sandbox', u'tm_cache_url', u'tm_username', u'tm_user_dn', u'tm_user_vo', u'tm_user_role', u'tm_user_group', u'tm_publish_name', u'tm_asyncdest', u'tm_dbs_url', u'tm_publish_dbs_url', u'tm_publication', u'tm_job_type', u'tm_arguments', u'panda_resubmitted_jobs', u'tm_save_logs', u'tw_name', u'tm_user_infiles', u'tm_maxjobruntime', u'tm_numcores', u'tm_maxmemory', u'tm_priority', u'tm_output_dataset', u'tm_user_webdir', u'tm_activity', u'tm_scriptexe', u'tm_scriptargs', u'tm_extrajdl', u'tm_task_warnings', u'tm_generator', u'tm_outfiles', u'tm_tfile_outfiles', u'tm_edm_outfiles', u'tm_asourl', u'tm_events_per_lumi', u'tm_use_parent', u'tm_collector', u'tm_schedd', u'tm_dry_run', u'tm_user_files', u'tm_transfer_outputs', u'tm_output_lfn', u'tm_ignore_locality', u'tm_fail_limit', u'tm_one_event_mode', u'tm_publish_groupname', u'tm_nonvalid_input_dataset', u'tm_secondary_input_dataset', u'tm_primary_dataset', u'tm_asodb', u'tm_task_command', u'clusterid', u'tm_debug_files', u'tm_submitter_ip_addr', u'tm_ignore_global_blacklist', u'tm_last_publication']}}
INFO 2017-11-15 08:04:18,674: 	 CRAB project directory:		/uscms_data/d3/samuellh/WorkingArea/TauAnalysis/CMSSW_9_3_2/src/PUAnalysis/VBFtt2017/crab/VBF48/crab_20171115_073607
INFO 2017-11-15 08:04:18,674: 	 Task name:			171115_133633:shigginb_crab_20171115_073607
INFO 2017-11-15 08:04:18,674: 	 Grid scheduler:			crab3@vocms0106.cern.ch
INFO 2017-11-15 08:04:18,674: 	 Status on the CRAB server:	SUBMITTED
INFO 2017-11-15 08:04:18,674: 	 Task URL to use for HELP:	https://cmsweb.cern.ch/crabserver/ui/task/171115_133633%3Ashigginb_crab_20171115_073607
INFO 2017-11-15 08:04:18,674: 	 Dashboard monitoring URL:	http://dashb-cms-job.cern.ch/dashboard/templates/task-analysis/#user=shigginb&refresh=0&table=Jobs&p=1&records=25&activemenu=2&status=&site=&tid=171115_133633%3Ashigginb_crab_20171115_073607
DEBUG 2017-11-15 08:04:18,675: 	 The CRAB server submitted your task to the Grid scheduler (cluster ID: 26792435)
DEBUG 2017-11-15 08:04:18,675: 	 Webdir is located at http://vocms0106.cern.ch/mon/cms1359/171115_133633:shigginb_crab_20171115_073607
DEBUG 2017-11-15 08:04:20,348: 	 Proxied webdir is located at https://cmsweb.cern.ch/scheddmon/0106/cms1359/171115_133633:shigginb_crab_20171115_073607
DEBUG 2017-11-15 08:04:20,348: 	 Retrieving 'status_cache' file from https://cmsweb.cern.ch/scheddmon/0106/cms1359/171115_133633:shigginb_crab_20171115_073607/status_cache
DEBUG 2017-11-15 08:04:22,357: 	 Got information from status cache file: {'1': {'Retries': 0, 'WallDurations': [408.0], 'StartTimes': [1510753130.0], 'SubmitTimes': [1510753066.0], 'JobIds': ['26792462.0'], 'EndTimes': [1510753538.0], 'Restarts': 0, 'RecordedSite': False, 'State': 'finished', 'ResidentSetSize': [727672], 'TotalUserCpuTimeHistory': [83], 'SiteHistory': ['Unknown'], 'TotalSysCpuTimeHistory': [4]}}
INFO 2017-11-15 08:04:22,357: 	 Status on the scheduler:	COMPLETED
INFO 2017-11-15 08:04:22,357: 	 
Jobs status:                    finished      100.0% (1/1)
INFO 2017-11-15 08:04:22,357: 	 
No publication information (publication has been disabled in the CRAB configuration file)
INFO 2017-11-15 08:04:22,417: 	 Log file is /uscms_data/d3/samuellh/WorkingArea/TauAnalysis/CMSSW_9_3_2/src/PUAnalysis/VBFtt2017/crab/VBF48/crab_20171115_073607/crab.log
DEBUG 2017-11-15 09:17:19,073: 	 Executing command: 'status'
DEBUG 2017-11-15 09:17:19,073: 	 Found CRAB cache file /uscms/home/samuellh/.crab3
DEBUG 2017-11-15 09:17:19,081: 	 Checking credentials
DEBUG 2017-11-15 09:17:19,081: 	 Found proxy file /tmp/x509up_u52190
DEBUG 2017-11-15 09:17:19,081: 	 Getting proxy life time left
DEBUG 2017-11-15 09:17:19,184: 	 Executing : 
 command : voms-proxy-info -file /tmp/x509up_u52190 -timeleft
 output : 76644

 error: 
 retcode : 0
DEBUG 2017-11-15 09:17:19,288: 	 Executing : 
 command : voms-proxy-info -file /tmp/x509up_u52190 -actimeleft
 output : 76643

 error: 
 retcode : 0
DEBUG 2017-11-15 09:17:19,288: 	 Proxy valid for 21:17:24 hours
DEBUG 2017-11-15 09:17:19,401: 	 Executing : 
 command : openssl x509 -in ~/.globus/usercert.pem -subject -noout
 output : subject= /DC=ch/DC=cern/OU=Organic Units/OU=Users/CN=shigginb/CN=785176/CN=Sam Higginbotham

 error: 
 retcode : 0
DEBUG 2017-11-15 09:17:19,401: 	 Checking credentials
DEBUG 2017-11-15 09:17:19,402: 	 Found proxy file /tmp/x509up_u52190
DEBUG 2017-11-15 09:17:19,402: 	 Getting proxy life time left
DEBUG 2017-11-15 09:17:19,505: 	 Executing : 
 command : voms-proxy-info -file /tmp/x509up_u52190 -timeleft
 output : 76644

 error: 
 retcode : 0
DEBUG 2017-11-15 09:17:19,609: 	 Executing : 
 command : voms-proxy-info -file /tmp/x509up_u52190 -actimeleft
 output : 76643

 error: 
 retcode : 0
DEBUG 2017-11-15 09:17:19,609: 	 Proxy valid for 21:17:24 hours
DEBUG 2017-11-15 09:17:21,228: 	 Registering user credentials for server /DC=ch/DC=cern/OU=computers/CN=vocms(045|052|021|031|0118|0118a|0119|0108|0105|0109).cern.ch
DEBUG 2017-11-15 09:17:21,336: 	 Executing : 
 command : openssl x509 -in ~/.globus/usercert.pem -subject -noout
 output : subject= /DC=ch/DC=cern/OU=Organic Units/OU=Users/CN=shigginb/CN=785176/CN=Sam Higginbotham

 error: 
 retcode : 0
DEBUG 2017-11-15 09:17:21,336: 	 Getting myproxy life time left for myproxy.cern.ch
DEBUG 2017-11-15 09:17:21,336: 	 Calculating hash of /DC=ch/DC=cern/OU=Organic Units/OU=Users/CN=shigginb/CN=785176/CN=Sam Higginbotham_cmsweb.cern.ch for credential name
DEBUG 2017-11-15 09:17:22,040: 	 Executing : 
 command : myproxy-info -l 2f318c7a260d78734589f2cc772d26b8be79ec6c -s myproxy.cern.ch
 output : username: 2f318c7a260d78734589f2cc772d26b8be79ec6c
owner: /DC=ch/DC=cern/OU=Organic Units/OU=Users/CN=shigginb/CN=785176/CN=Sam Higginbotham
  renewal policy: /DC=ch/DC=cern/OU=computers/CN=vocms(045|052|021|031|0118|0118a|0119|0108|0105|0109).cern.ch
  trusted retrieval policy: /DC=ch/DC=cern/OU=computers/CN=vocms(045|052|021|031|0118|0118a|0119|0108|0105|0109).cern.ch
  timeleft: 430:06:19  (17.9 days)

 error: 
 retcode : 0
DEBUG 2017-11-15 09:17:22,042: 	 Myproxy is valid: 1548379
DEBUG 2017-11-15 09:17:22,042: 	 Command use: status
DEBUG 2017-11-15 09:17:22,042: 	 Options use: ['-d', 'crab_20171115_073607/']
DEBUG 2017-11-15 09:17:23,715: 	 CRABClient version: 3.3.1707.patch1
DEBUG 2017-11-15 09:17:23,715: 	 Instance is prod
DEBUG 2017-11-15 09:17:23,716: 	 Server base url is cmsweb.cern.ch
DEBUG 2017-11-15 09:17:23,716: 	 Command url /crabserver/prod/workflow
DEBUG 2017-11-15 09:17:25,275: 	 Got information from server oracle database: {u'result': [u'171115_133633:shigginb_crab_20171115_073607', u'None', u'SUBMITTED', u'2017-11-15 13:36:33.097380', u'None', u'2017-11-15 13:37:34.689632', u'None', u'CMSSW_9_3_2', u'slc6_amd64_gcc630', u'/TprimeBToTH_M-1000_Width-30p_LH_TuneCUETP8M2T4_14TeV-madgraph-pythia8/PhaseIITDRFall17MiniAOD-PU200_93X_upgrade2023_realistic_v2-v1/MINIAODSIM', u'[]', u'[]', u'FileBased', u"{'splitOnRun': False, 'halt_job_on_file_boundaries': False, 'files_per_job': 1, 'runs': [], 'lumis': []}", u'0', u'4e198fb019d07e682a8bd09208595d4eb73bac82ae7f6e24154a54b4451cc952.tar.gz', u'https://cmsweb.cern.ch/crabcache', u'shigginb', u'/DC=ch/DC=cern/OU=Organic Units/OU=Users/CN=shigginb/CN=785176/CN=Sam Higginbotham', u'cms', u'None', u'None', u'crab_20171115_073607-00000000000000000000000000000000', u'T3_US_FNALLPC', u'https://cmsweb.cern.ch/dbs/prod/global/DBSReader', u'https://cmsweb.cern.ch/dbs/prod/phys03/DBSWriter', u'F', u'Analysis', u'{}', u'[]', u'F', u'vocms052', u'[]', u'1250', u'1', u'2000', u'10', u'None', u'http://vocms0106.cern.ch/mon/cms1359/171115_133633:shigginb_crab_20171115_073607', u'None', u'None', u'[]', u'[]', u'[]', u'pythia', u'[]', u"['analysis.root']", u'[]', u'https://cmsweb.cern.ch/crabserver/prod', u'None', u'0', u'cmssrv221.fnal.gov:9620', u'crab3@vocms0106.cern.ch', u'F', u'[]', u'T', u'/store/user/shigginb/', u'F', u'None', u'F', u'F', u'F', u'None', u'TprimeBToTH_M-1000_Width-30p_LH_TuneCUETP8M2T4_14TeV-madgraph-pythia8', u'filetransfers', u'SUBMIT', u'26792435', u'9f352bead67d6bab7ff8c95b834f628ce8790b4f5c7314d91f5c40d37b8d0ab2.tar.gz', u'131.225.190.56', u'F', u'None'], u'desc': {u'columns': [u'tm_taskname', u'panda_jobset_id', u'tm_task_status', u'tm_start_time', u'tm_start_injection', u'tm_end_injection', u'tm_task_failure', u'tm_job_sw', u'tm_job_arch', u'tm_input_dataset', u'tm_site_whitelist', u'tm_site_blacklist', u'tm_split_algo', u'tm_split_args', u'tm_totalunits', u'tm_user_sandbox', u'tm_cache_url', u'tm_username', u'tm_user_dn', u'tm_user_vo', u'tm_user_role', u'tm_user_group', u'tm_publish_name', u'tm_asyncdest', u'tm_dbs_url', u'tm_publish_dbs_url', u'tm_publication', u'tm_job_type', u'tm_arguments', u'panda_resubmitted_jobs', u'tm_save_logs', u'tw_name', u'tm_user_infiles', u'tm_maxjobruntime', u'tm_numcores', u'tm_maxmemory', u'tm_priority', u'tm_output_dataset', u'tm_user_webdir', u'tm_activity', u'tm_scriptexe', u'tm_scriptargs', u'tm_extrajdl', u'tm_task_warnings', u'tm_generator', u'tm_outfiles', u'tm_tfile_outfiles', u'tm_edm_outfiles', u'tm_asourl', u'tm_events_per_lumi', u'tm_use_parent', u'tm_collector', u'tm_schedd', u'tm_dry_run', u'tm_user_files', u'tm_transfer_outputs', u'tm_output_lfn', u'tm_ignore_locality', u'tm_fail_limit', u'tm_one_event_mode', u'tm_publish_groupname', u'tm_nonvalid_input_dataset', u'tm_secondary_input_dataset', u'tm_primary_dataset', u'tm_asodb', u'tm_task_command', u'clusterid', u'tm_debug_files', u'tm_submitter_ip_addr', u'tm_ignore_global_blacklist', u'tm_last_publication']}}
INFO 2017-11-15 09:17:25,275: 	 CRAB project directory:		/uscms_data/d3/samuellh/WorkingArea/TauAnalysis/CMSSW_9_3_2/src/PUAnalysis/VBFtt2017/crab/VBF48/crab_20171115_073607
INFO 2017-11-15 09:17:25,275: 	 Task name:			171115_133633:shigginb_crab_20171115_073607
INFO 2017-11-15 09:17:25,275: 	 Grid scheduler:			crab3@vocms0106.cern.ch
INFO 2017-11-15 09:17:25,276: 	 Status on the CRAB server:	SUBMITTED
INFO 2017-11-15 09:17:25,276: 	 Task URL to use for HELP:	https://cmsweb.cern.ch/crabserver/ui/task/171115_133633%3Ashigginb_crab_20171115_073607
INFO 2017-11-15 09:17:25,276: 	 Dashboard monitoring URL:	http://dashb-cms-job.cern.ch/dashboard/templates/task-analysis/#user=shigginb&refresh=0&table=Jobs&p=1&records=25&activemenu=2&status=&site=&tid=171115_133633%3Ashigginb_crab_20171115_073607
DEBUG 2017-11-15 09:17:25,276: 	 The CRAB server submitted your task to the Grid scheduler (cluster ID: 26792435)
DEBUG 2017-11-15 09:17:25,276: 	 Webdir is located at http://vocms0106.cern.ch/mon/cms1359/171115_133633:shigginb_crab_20171115_073607
DEBUG 2017-11-15 09:17:27,041: 	 Proxied webdir is located at https://cmsweb.cern.ch/scheddmon/0106/cms1359/171115_133633:shigginb_crab_20171115_073607
DEBUG 2017-11-15 09:17:27,041: 	 Retrieving 'status_cache' file from https://cmsweb.cern.ch/scheddmon/0106/cms1359/171115_133633:shigginb_crab_20171115_073607/status_cache
DEBUG 2017-11-15 09:17:28,671: 	 Got information from status cache file: {'1': {'Retries': 0, 'WallDurations': [408.0], 'StartTimes': [1510753130.0], 'SubmitTimes': [1510753066.0], 'JobIds': ['26792462.0'], 'EndTimes': [1510753538.0], 'Restarts': 0, 'RecordedSite': False, 'State': 'finished', 'ResidentSetSize': [727672], 'TotalUserCpuTimeHistory': [83], 'SiteHistory': ['Unknown'], 'TotalSysCpuTimeHistory': [4]}}
INFO 2017-11-15 09:17:28,671: 	 Status on the scheduler:	COMPLETED
INFO 2017-11-15 09:17:28,671: 	 
Jobs status:                    finished      100.0% (1/1)
INFO 2017-11-15 09:17:28,672: 	 
No publication information (publication has been disabled in the CRAB configuration file)
INFO 2017-11-15 09:17:28,684: 	 Log file is /uscms_data/d3/samuellh/WorkingArea/TauAnalysis/CMSSW_9_3_2/src/PUAnalysis/VBFtt2017/crab/VBF48/crab_20171115_073607/crab.log
