('The system path in the config file ', ['/cvmfs/cms.cern.ch/crab3/slc6_amd64_gcc493/cms/crabclient/3.3.1707.patch1/bin', '/uscms_data/d3/samuellh/WorkingArea/TauAnalysis/CMSSW_9_3_2/python', '/uscms_data/d3/samuellh/WorkingArea/TauAnalysis/CMSSW_9_3_2/lib/slc6_amd64_gcc630', '/cvmfs/cms.cern.ch/slc6_amd64_gcc630/cms/cmssw/CMSSW_9_3_2/python', '/cvmfs/cms.cern.ch/slc6_amd64_gcc630/cms/cmssw/CMSSW_9_3_2/lib/slc6_amd64_gcc630', '/cvmfs/cms.cern.ch/slc6_amd64_gcc630/cms/coral/CORAL_2_3_21-ghjeda6/slc6_amd64_gcc630/python', '/cvmfs/cms.cern.ch/slc6_amd64_gcc630/cms/coral/CORAL_2_3_21-ghjeda6/slc6_amd64_gcc630/lib', '/cvmfs/cms.cern.ch/slc6_amd64_gcc630/external/professor2/2.2.1-ghjeda6/lib/python2.7/site-packages', '/cvmfs/cms.cern.ch/slc6_amd64_gcc630/external/pyqt/4.11.4-mlhled2/lib/python2.7/site-packages', '/cvmfs/cms.cern.ch/slc6_amd64_gcc630/external/sherpa/2.2.4-ghjeda/lib/python2.7/site-packages', '/cvmfs/cms.cern.ch/slc6_amd64_gcc630/external/rivet/2.5.2-ghjeda4/lib/python2.7/site-packages', '/cvmfs/cms.cern.ch/slc6_amd64_gcc630/external/python-ldap/2.4.10-mlhled2/lib/python2.7/site-packages', '/cvmfs/cms.cern.ch/slc6_amd64_gcc630/external/py2-matplotlib/1.5.2-njopjo/lib/python2.7/site-packages', '/cvmfs/cms.cern.ch/slc6_amd64_gcc630/external/sip/4.17-mlhled2/lib/python2.7/site-packages', '/cvmfs/cms.cern.ch/slc6_amd64_gcc630/external/llvm/4.0.0-njopjo/lib64/python2.7/site-packages', '/cvmfs/cms.cern.ch/slc6_amd64_gcc630/external/py2-sqlalchemy/1.1.4-mlhled2/lib/python2.7/site-packages', '/cvmfs/cms.cern.ch/slc6_amd64_gcc630/external/py2-lint/0.25.1-mlhled2/lib/python2.7/site-packages', '/cvmfs/cms.cern.ch/slc6_amd64_gcc630/external/py2-dxr/1.0-ghjeda6/lib/python2.7/site-packages', '/cvmfs/cms.cern.ch/slc6_amd64_gcc630/external/py2-cx-oracle/5.2.1-mlhled2/lib/python2.7/site-packages', '/cvmfs/cms.cern.ch/slc6_amd64_gcc630/external/py2-numpy/1.12.1-mlhled2/lib/python2.7/site-packages', '/cvmfs/cms.cern.ch/slc6_amd64_gcc630/external/frontier_client/2.8.20-mlhled2/python/lib', '/cvmfs/cms.cern.ch/slc6_amd64_gcc630/cms/das_client/v03.01.00-mlhled2/bin', '/cvmfs/cms.cern.ch/slc6_amd64_gcc630/external/xrootd/4.6.1/lib/python2.7/site-packages', '/cvmfs/cms.cern.ch/slc6_amd64_gcc630/external/yoda/1.6.5-ghjeda4/lib/python2.7/site-packages', '/cvmfs/cms.cern.ch/slc6_amd64_gcc630/lcg/root/6.10.04-ghjeda/lib', '/cvmfs/cms.cern.ch/slc6_amd64_gcc630/external/pyminuit2/0.0.1-ghjeda4/lib/python2.7/site-packages', '/cvmfs/cms.cern.ch/slc6_amd64_gcc630/external/py2-PyYAML/3.11-mlhled2/lib/python2.7/site-packages', '/cvmfs/cms.cern.ch/slc6_amd64_gcc630/external/py2-pygithub/1.23.0-mlhled2/lib/python2.7/site-packages', '/cvmfs/cms.cern.ch/slc6_amd64_gcc630/external/py2-pip/9.0.1-mlhled2/lib/python2.7/site-packages', '/cvmfs/cms.cern.ch/slc6_amd64_gcc630/external/py2-dablooms/0.9.1-mlhled2/lib/python2.7/site-packages', '/cvmfs/cms.cern.ch/slc6_amd64_gcc630/external/py2-pippkgs_depscipy/3.0-ghjeda6/lib/python2.7/site-packages', '/cvmfs/cms.cern.ch/slc6_amd64_gcc630/external/py2-pippkgs/5.0-ghjeda6/lib/python2.7/site-packages', '/cvmfs/cms.cern.ch/slc6_amd64_gcc630/external/professor/1.4.0-ghjeda4/lib/python2.7/site-packages', '/cvmfs/cms.cern.ch/slc6_amd64_gcc630/cms/dbs-client/DBS_2_1_9-mlhled2/lib', '/cvmfs/cms.cern.ch/slc6_amd64_gcc630/cms/dbs-client/DBS_2_1_9-mlhled2/lib/DBSAPI', '/cvmfs/cms.cern.ch/slc6_amd64_gcc630/external/cvs2git/5419-mlhled2/lib', '/cvmfs/cms.cern.ch/crab3/slc6_amd64_gcc493/cms/crabclient/3.3.1707.patch1/lib/python2.7/site-packages', '/cvmfs/cms.cern.ch/crab3/slc6_amd64_gcc493/cms/dbs3-client/3.4.4/lib/python2.7/site-packages', '/cvmfs/cms.cern.ch/crab3/slc6_amd64_gcc493/cms/dbs3-pycurl-client/3.4.4/lib/python2.7/site-packages', '/cvmfs/cms.cern.ch/slc6_amd64_gcc630/external/py2-sqlalchemy/1.1.4-mlhled2/lib/python2.7/site-packages/SQLAlchemy-1.1.4-py2.7-linux-x86_64.egg', '/cvmfs/cms.cern.ch/slc6_amd64_gcc630/external/py2-numpy/1.12.1-mlhled2/lib/python2.7/site-packages/numpy-1.12.1-py2.7-linux-x86_64.egg', '/cvmfs/cms.cern.ch/slc6_amd64_gcc630/external/python/2.7.11-mlhled2/lib/python27.zip', '/cvmfs/cms.cern.ch/slc6_amd64_gcc630/external/python/2.7.11-mlhled2/lib/python2.7', '/cvmfs/cms.cern.ch/slc6_amd64_gcc630/external/python/2.7.11-mlhled2/lib/python2.7/plat-linux2', '/cvmfs/cms.cern.ch/slc6_amd64_gcc630/external/python/2.7.11-mlhled2/lib/python2.7/lib-tk', '/cvmfs/cms.cern.ch/slc6_amd64_gcc630/external/python/2.7.11-mlhled2/lib/python2.7/lib-old', '/cvmfs/cms.cern.ch/slc6_amd64_gcc630/external/python/2.7.11-mlhled2/lib/python2.7/lib-dynload', '/cvmfs/cms.cern.ch/slc6_amd64_gcc630/external/python/2.7.11-mlhled2/lib/python2.7/site-packages', '/uscms_data/d3/samuellh/WorkingArea/TauAnalysis/CMSSW_9_3_2/src/PUAnalysis/VBFtt2017/crab/VBF77'])
 ##################################################################### 
 # WARNING: the module CondCore.DBCommon.CondDBSetup is deprecated.  # 
 # Please import CondCore.CondDB.CondDB_cfi                          # 
 ##################################################################### 
recorrecting the jets
List Of Filters
['processedEvents', 'initialEventsTT', 'DiMuonCreation', 'AtLeastOneDiTau', 'TTTauPtEta', 'TTTauDecayFound', 'TTTauStandardDecayFound', 'TTTauDRSel', 'TTSync', 'TTAntiEle', 'TTAntiMu', 'TTIso', 'TTOS']
DEBUG 2017-11-15 07:51:43,362: 	 Executing command: 'submit'
DEBUG 2017-11-15 07:51:43,363: 	 Found CRAB cache file /uscms/home/samuellh/.crab3
DEBUG 2017-11-15 07:51:43,370: 	 Checking credentials
DEBUG 2017-11-15 07:51:43,371: 	 Found proxy file /tmp/x509up_u52190
DEBUG 2017-11-15 07:51:43,371: 	 Getting proxy life time left
DEBUG 2017-11-15 07:51:43,474: 	 Executing : 
 command : voms-proxy-info -file /tmp/x509up_u52190 -timeleft
 output : 81780

 error: 
 retcode : 0
DEBUG 2017-11-15 07:51:43,577: 	 Executing : 
 command : voms-proxy-info -file /tmp/x509up_u52190 -actimeleft
 output : 81779

 error: 
 retcode : 0
DEBUG 2017-11-15 07:51:43,577: 	 Proxy valid for 22:43:00 hours
INFO 2017-11-15 07:51:43,577: 	 Will use CRAB configuration file crab3_TT_MC.py
DEBUG 2017-11-15 07:51:43,577: 	 Loading CRAB configuration file.
DEBUG 2017-11-15 07:51:44,131: 	 Will use CRAB Analysis plugin (i.e. will run an analysis job type).
DEBUG 2017-11-15 07:51:44,569: 	 Executing : 
 command : openssl x509 -in ~/.globus/usercert.pem -subject -noout
 output : subject= /DC=ch/DC=cern/OU=Organic Units/OU=Users/CN=shigginb/CN=785176/CN=Sam Higginbotham

 error: 
 retcode : 0
DEBUG 2017-11-15 07:51:44,570: 	 Checking credentials
DEBUG 2017-11-15 07:51:44,570: 	 Found proxy file /tmp/x509up_u52190
DEBUG 2017-11-15 07:51:44,570: 	 Getting proxy life time left
DEBUG 2017-11-15 07:51:44,673: 	 Executing : 
 command : voms-proxy-info -file /tmp/x509up_u52190 -timeleft
 output : 81779

 error: 
 retcode : 0
DEBUG 2017-11-15 07:51:44,776: 	 Executing : 
 command : voms-proxy-info -file /tmp/x509up_u52190 -actimeleft
 output : 81778

 error: 
 retcode : 0
DEBUG 2017-11-15 07:51:44,776: 	 Proxy valid for 22:42:59 hours
DEBUG 2017-11-15 07:51:44,879: 	 Executing : 
 command : env X509_USER_PROXY=/tmp/x509up_u52190 voms-proxy-info -fqan
 output : /cms/Role=NULL/Capability=NULL

 error: 
 retcode : 0
DEBUG 2017-11-15 07:51:46,660: 	 Registering user credentials for server /DC=ch/DC=cern/OU=computers/CN=vocms(045|052|021|031|0118|0118a|0119|0108|0105|0109).cern.ch
DEBUG 2017-11-15 07:51:46,767: 	 Executing : 
 command : openssl x509 -in ~/.globus/usercert.pem -subject -noout
 output : subject= /DC=ch/DC=cern/OU=Organic Units/OU=Users/CN=shigginb/CN=785176/CN=Sam Higginbotham

 error: 
 retcode : 0
DEBUG 2017-11-15 07:51:46,767: 	 Getting myproxy life time left for myproxy.cern.ch
DEBUG 2017-11-15 07:51:46,767: 	 Calculating hash of /DC=ch/DC=cern/OU=Organic Units/OU=Users/CN=shigginb/CN=785176/CN=Sam Higginbotham_cmsweb.cern.ch for credential name
DEBUG 2017-11-15 07:51:47,772: 	 Executing : 
 command : myproxy-info -l 2f318c7a260d78734589f2cc772d26b8be79ec6c -s myproxy.cern.ch
 output : username: 2f318c7a260d78734589f2cc772d26b8be79ec6c
owner: /DC=ch/DC=cern/OU=Organic Units/OU=Users/CN=shigginb/CN=785176/CN=Sam Higginbotham
  renewal policy: /DC=ch/DC=cern/OU=computers/CN=vocms(045|052|021|031|0118|0118a|0119|0108|0105|0109).cern.ch
  trusted retrieval policy: /DC=ch/DC=cern/OU=computers/CN=vocms(045|052|021|031|0118|0118a|0119|0108|0105|0109).cern.ch
  timeleft: 431:31:54  (18.0 days)

 error: 
 retcode : 0
DEBUG 2017-11-15 07:51:47,774: 	 Myproxy is valid: 1553514
DEBUG 2017-11-15 07:51:47,774: 	 Command use: submit
DEBUG 2017-11-15 07:51:47,774: 	 Options use: ['-c', 'crab3_TT_MC.py']
DEBUG 2017-11-15 07:51:49,409: 	 CRABClient version: 3.3.1707.patch1
DEBUG 2017-11-15 07:51:49,409: 	 Instance is prod
DEBUG 2017-11-15 07:51:49,409: 	 Server base url is cmsweb.cern.ch
DEBUG 2017-11-15 07:51:49,409: 	 Command url /crabserver/prod/workflow
DEBUG 2017-11-15 07:51:49,409: 	 Started submission
DEBUG 2017-11-15 07:51:49,409: 	 Working on /uscms_data/d3/samuellh/WorkingArea/TauAnalysis/CMSSW_9_3_2/src/PUAnalysis/VBFtt2017/crab/VBF77/crab_20171115_075144
DEBUG 2017-11-15 07:51:51,437: 	 Loading required information from the environment
DEBUG 2017-11-15 07:51:51,437: 	 Found CMSSW_9_3_2 for slc6_amd64_gcc630 with base /uscms_data/d3/samuellh/WorkingArea/TauAnalysis/CMSSW_9_3_2
DEBUG 2017-11-15 07:51:51,437: 	 Loading required information from the environment
DEBUG 2017-11-15 07:51:51,438: 	 Found CMSSW_9_3_2 for slc6_amd64_gcc630 with base /uscms_data/d3/samuellh/WorkingArea/TauAnalysis/CMSSW_9_3_2
DEBUG 2017-11-15 07:51:51,452: 	 UNIQUE NAME: tarUUID c41286a7-f5f1-43e1-bf08-c67470f8bca0 
DEBUG 2017-11-15 07:51:51,453: 	 self.config: from WMCore.Configuration import Configuration
config = Configuration()
config.section_('General')
config.section_('JobType')
config.JobType.psetName = '../../../TT-MC-Up.py'
config.JobType.pluginName = 'Analysis'
config.JobType.inputFiles = ['../../../Configuration/data/PhaseIISummer16_25nsV3_MC.db']
config.JobType.outputFiles = ['analysis.root']
config.JobType.allowUndistributedCMSSW = True
config.section_('Data')
config.Data.inputDataset = '/ZZTo4L_14TeV_powheg_pythia8/PhaseIITDRFall17MiniAOD-PU200_93X_upgrade2023_realistic_v2-v1/MINIAODSIM'
config.Data.unitsPerJob = 1
config.Data.publication = False
config.Data.inputDBS = 'global'
config.Data.splitting = 'FileBased'
config.section_('Site')
config.Site.storageSite = 'T3_US_FNALLPC'
config.section_('User')
config.section_('Debug')

DEBUG 2017-11-15 07:51:51,453: 	 self.config.JobType.psetName: ../../../TT-MC-Up.py
INFO 2017-11-15 07:51:51,453: 	 Importing CMSSW configuration ../../../TT-MC-Up.py
INFO 2017-11-15 07:51:54,144: 	 Finished importing CMSSW configuration ../../../TT-MC-Up.py
DEBUG 2017-11-15 07:51:54,145: 	 Writing CMSSW configuration to /uscms_data/d3/samuellh/WorkingArea/TauAnalysis/CMSSW_9_3_2/src/PUAnalysis/VBFtt2017/crab/VBF77/crab_20171115_075144/inputs/PSet.py
DEBUG 2017-11-15 07:51:55,101: 	 The following EDM output files will be collected: []
DEBUG 2017-11-15 07:51:55,101: 	 The following TFile output files will be collected: ['analysis.root']
DEBUG 2017-11-15 07:51:55,101: 	 The following user output files will be collected: []
DEBUG 2017-11-15 07:51:55,102: 	 Loading required information from the environment
DEBUG 2017-11-15 07:51:55,102: 	 Found CMSSW_9_3_2 for slc6_amd64_gcc630 with base /uscms_data/d3/samuellh/WorkingArea/TauAnalysis/CMSSW_9_3_2
DEBUG 2017-11-15 07:51:55,102: 	 Making tarball in /uscms_data/d3/samuellh/WorkingArea/TauAnalysis/CMSSW_9_3_2/src/PUAnalysis/VBFtt2017/crab/VBF77/crab_20171115_075144/inputs/c41286a7-f5f1-43e1-bf08-c67470f8bca0default.tgz
DEBUG 2017-11-15 07:51:55,134: 	 Checking directory /uscms_data/d3/samuellh/WorkingArea/TauAnalysis/CMSSW_9_3_2/lib
DEBUG 2017-11-15 07:51:55,135: 	 Adding directory /uscms_data/d3/samuellh/WorkingArea/TauAnalysis/CMSSW_9_3_2/lib to tarball
DEBUG 2017-11-15 07:51:56,074: 	 Checking directory /uscms_data/d3/samuellh/WorkingArea/TauAnalysis/CMSSW_9_3_2/biglib
DEBUG 2017-11-15 07:51:56,074: 	 Adding directory /uscms_data/d3/samuellh/WorkingArea/TauAnalysis/CMSSW_9_3_2/biglib to tarball
DEBUG 2017-11-15 07:51:56,077: 	 Checking directory /uscms_data/d3/samuellh/WorkingArea/TauAnalysis/CMSSW_9_3_2/module
DEBUG 2017-11-15 07:51:56,216: 	 Adding data directory /uscms_data/d3/samuellh/WorkingArea/TauAnalysis/CMSSW_9_3_2/src/PUAnalysis/Configuration/data to tarball
DEBUG 2017-11-15 07:51:59,043: 	 Adding data directory /uscms_data/d3/samuellh/WorkingArea/TauAnalysis/CMSSW_9_3_2/src/PUAnalysis/DataFormats/interface to tarball
DEBUG 2017-11-15 07:51:59,049: 	 Adding data directory /uscms_data/d3/samuellh/WorkingArea/TauAnalysis/CMSSW_9_3_2/src/PUAnalysis/NtupleTools/interface to tarball
DEBUG 2017-11-15 07:51:59,070: 	 Adding data directory /uscms_data/d3/samuellh/WorkingArea/TauAnalysis/CMSSW_9_3_2/src/PUAnalysis/RecoTools/interface to tarball
DEBUG 2017-11-15 07:51:59,355: 	 Adding file ../../../Configuration/data/PhaseIISummer16_25nsV3_MC.db to tarball
DEBUG 2017-11-15 07:51:59,673: 	 Uploading archive /uscms_data/d3/samuellh/WorkingArea/TauAnalysis/CMSSW_9_3_2/src/PUAnalysis/VBFtt2017/crab/VBF77/crab_20171115_075144/inputs/c41286a7-f5f1-43e1-bf08-c67470f8bca0default.tgz (11 MB) to the CRAB cache. Using URI https://cmsweb.cern.ch/crabcache
DEBUG 2017-11-15 07:52:06,989: 	 Loading required information from the environment
DEBUG 2017-11-15 07:52:06,990: 	 Found CMSSW_9_3_2 for slc6_amd64_gcc630 with base /uscms_data/d3/samuellh/WorkingArea/TauAnalysis/CMSSW_9_3_2
DEBUG 2017-11-15 07:52:06,990: 	 Making tarball in /uscms_data/d3/samuellh/WorkingArea/TauAnalysis/CMSSW_9_3_2/src/PUAnalysis/VBFtt2017/crab/VBF77/crab_20171115_075144/inputs/debugFiles.tgz
DEBUG 2017-11-15 07:52:10,290: 	 Uploading archive /uscms_data/d3/samuellh/WorkingArea/TauAnalysis/CMSSW_9_3_2/src/PUAnalysis/VBFtt2017/crab/VBF77/crab_20171115_075144/inputs/debugFiles.tgz (2 KB) to the CRAB cache. Using URI https://cmsweb.cern.ch/crabcache
DEBUG 2017-11-15 07:52:12,179: 	 Result uploading input files: 4e198fb019d07e682a8bd09208595d4eb73bac82ae7f6e24154a54b4451cc952.tar.gz 
INFO 2017-11-15 07:52:12,179: 	 Sending the request to the server
DEBUG 2017-11-15 07:52:12,179: 	 Submitting {'maxjobruntime': 1250, 'extrajdl': [], 'ignorelocality': 0, 'savelogsflag': 0, 'useparent': 0, 'asyncdest': 'T3_US_FNALLPC', 'algoargs': 1, 'cachefilename': '4e198fb019d07e682a8bd09208595d4eb73bac82ae7f6e24154a54b4451cc952.tar.gz', 'numcores': 1, 'addoutputfiles': [], 'generator': 'pythia', 'maxmemory': 2000, 'publishdbsurl': 'https://cmsweb.cern.ch/dbs/prod/phys03/DBSWriter', 'priority': 10, 'jobsw': 'CMSSW_9_3_2', 'edmoutfiles': [], 'userfiles': [], 'primarydataset': '', 'inputdata': '/ZZTo4L_14TeV_powheg_pythia8/PhaseIITDRFall17MiniAOD-PU200_93X_upgrade2023_realistic_v2-v1/MINIAODSIM', 'dryrun': 0, 'workflow': 'crab_20171115_075144', 'cacheurl': u'https://cmsweb.cern.ch/crabcache', 'nonprodsw': 1, 'tfileoutfiles': ['analysis.root'], 'oneEventMode': 0, 'debugfilename': 'e30b8b6e5e93b9ed6cb7ea5f5c01f871f576fda8c1cad202fa14ddedaa10547c.tar.gz', 'saveoutput': 1, 'publication': 0, 'jobarch': 'slc6_amd64_gcc630', 'totalunits': 0, 'splitalgo': 'FileBased', 'ignoreglobalblacklist': 0, 'nonvaliddata': 0, 'dbsurl': 'https://cmsweb.cern.ch/dbs/prod/global/DBSReader', 'publishgroupname': 0, 'jobtype': 'Analysis', 'publishname2': ''} 
DEBUG 2017-11-15 07:52:12,180: 	 Encoded submit request: maxjobruntime=1250&ignorelocality=0&savelogsflag=0&useparent=0&asyncdest=T3_US_FNALLPC&algoargs=1&cachefilename=4e198fb019d07e682a8bd09208595d4eb73bac82ae7f6e24154a54b4451cc952.tar.gz&numcores=1&generator=pythia&maxmemory=2000&publishdbsurl=https%3A%2F%2Fcmsweb.cern.ch%2Fdbs%2Fprod%2Fphys03%2FDBSWriter&priority=10&jobsw=CMSSW_9_3_2&primarydataset=&inputdata=%2FZZTo4L_14TeV_powheg_pythia8%2FPhaseIITDRFall17MiniAOD-PU200_93X_upgrade2023_realistic_v2-v1%2FMINIAODSIM&dryrun=0&workflow=crab_20171115_075144&cacheurl=https%3A%2F%2Fcmsweb.cern.ch%2Fcrabcache&nonprodsw=1&oneEventMode=0&debugfilename=e30b8b6e5e93b9ed6cb7ea5f5c01f871f576fda8c1cad202fa14ddedaa10547c.tar.gz&saveoutput=1&publication=0&jobarch=slc6_amd64_gcc630&totalunits=0&splitalgo=FileBased&ignoreglobalblacklist=0&nonvaliddata=0&dbsurl=https%3A%2F%2Fcmsweb.cern.ch%2Fdbs%2Fprod%2Fglobal%2FDBSReader&publishgroupname=0&jobtype=Analysis&publishname2=&tfileoutfiles=analysis.root
DEBUG 2017-11-15 07:52:13,830: 	 Result: {u'result': [{u'RequestName': u'171115_135213:shigginb_crab_20171115_075144'}]}
INFO 2017-11-15 07:52:13,833: 	 Success: Your task has been delivered to the CRAB3 server.
INFO 2017-11-15 07:52:13,833: 	 Task name: 171115_135213:shigginb_crab_20171115_075144
INFO 2017-11-15 07:52:13,834: 	 Please use 'crab status' to check how the submission process proceeds.
DEBUG 2017-11-15 07:52:13,834: 	 About to return
INFO 2017-11-15 07:52:13,839: 	 Log file is /uscms_data/d3/samuellh/WorkingArea/TauAnalysis/CMSSW_9_3_2/src/PUAnalysis/VBFtt2017/crab/VBF77/crab_20171115_075144/crab.log
DEBUG 2017-11-15 08:09:56,488: 	 Executing command: 'status'
DEBUG 2017-11-15 08:09:56,488: 	 Found CRAB cache file /uscms/home/samuellh/.crab3
DEBUG 2017-11-15 08:09:56,495: 	 Checking credentials
DEBUG 2017-11-15 08:09:56,495: 	 Found proxy file /tmp/x509up_u52190
DEBUG 2017-11-15 08:09:56,495: 	 Getting proxy life time left
DEBUG 2017-11-15 08:09:56,598: 	 Executing : 
 command : voms-proxy-info -file /tmp/x509up_u52190 -timeleft
 output : 80687

 error: 
 retcode : 0
DEBUG 2017-11-15 08:09:56,702: 	 Executing : 
 command : voms-proxy-info -file /tmp/x509up_u52190 -actimeleft
 output : 80686

 error: 
 retcode : 0
DEBUG 2017-11-15 08:09:56,702: 	 Proxy valid for 22:24:47 hours
DEBUG 2017-11-15 08:09:56,814: 	 Executing : 
 command : openssl x509 -in ~/.globus/usercert.pem -subject -noout
 output : subject= /DC=ch/DC=cern/OU=Organic Units/OU=Users/CN=shigginb/CN=785176/CN=Sam Higginbotham

 error: 
 retcode : 0
DEBUG 2017-11-15 08:09:56,814: 	 Checking credentials
DEBUG 2017-11-15 08:09:56,815: 	 Found proxy file /tmp/x509up_u52190
DEBUG 2017-11-15 08:09:56,815: 	 Getting proxy life time left
DEBUG 2017-11-15 08:09:56,918: 	 Executing : 
 command : voms-proxy-info -file /tmp/x509up_u52190 -timeleft
 output : 80687

 error: 
 retcode : 0
DEBUG 2017-11-15 08:09:57,021: 	 Executing : 
 command : voms-proxy-info -file /tmp/x509up_u52190 -actimeleft
 output : 80686

 error: 
 retcode : 0
DEBUG 2017-11-15 08:09:57,022: 	 Proxy valid for 22:24:47 hours
DEBUG 2017-11-15 08:09:58,701: 	 Registering user credentials for server /DC=ch/DC=cern/OU=computers/CN=vocms(045|052|021|031|0118|0118a|0119|0108|0105|0109).cern.ch
DEBUG 2017-11-15 08:09:58,810: 	 Executing : 
 command : openssl x509 -in ~/.globus/usercert.pem -subject -noout
 output : subject= /DC=ch/DC=cern/OU=Organic Units/OU=Users/CN=shigginb/CN=785176/CN=Sam Higginbotham

 error: 
 retcode : 0
DEBUG 2017-11-15 08:09:58,810: 	 Getting myproxy life time left for myproxy.cern.ch
DEBUG 2017-11-15 08:09:58,810: 	 Calculating hash of /DC=ch/DC=cern/OU=Organic Units/OU=Users/CN=shigginb/CN=785176/CN=Sam Higginbotham_cmsweb.cern.ch for credential name
DEBUG 2017-11-15 08:09:59,515: 	 Executing : 
 command : myproxy-info -l 2f318c7a260d78734589f2cc772d26b8be79ec6c -s myproxy.cern.ch
 output : username: 2f318c7a260d78734589f2cc772d26b8be79ec6c
owner: /DC=ch/DC=cern/OU=Organic Units/OU=Users/CN=shigginb/CN=785176/CN=Sam Higginbotham
  renewal policy: /DC=ch/DC=cern/OU=computers/CN=vocms(045|052|021|031|0118|0118a|0119|0108|0105|0109).cern.ch
  trusted retrieval policy: /DC=ch/DC=cern/OU=computers/CN=vocms(045|052|021|031|0118|0118a|0119|0108|0105|0109).cern.ch
  timeleft: 431:13:42  (18.0 days)

 error: 
 retcode : 0
DEBUG 2017-11-15 08:09:59,516: 	 Myproxy is valid: 1552422
DEBUG 2017-11-15 08:09:59,516: 	 Command use: status
DEBUG 2017-11-15 08:09:59,516: 	 Options use: ['-d', 'crab_20171115_075144/']
DEBUG 2017-11-15 08:10:01,209: 	 CRABClient version: 3.3.1707.patch1
DEBUG 2017-11-15 08:10:01,209: 	 Instance is prod
DEBUG 2017-11-15 08:10:01,209: 	 Server base url is cmsweb.cern.ch
DEBUG 2017-11-15 08:10:01,209: 	 Command url /crabserver/prod/workflow
DEBUG 2017-11-15 08:10:02,807: 	 Got information from server oracle database: {u'result': [u'171115_135213:shigginb_crab_20171115_075144', u'None', u'SUBMITTED', u'2017-11-15 13:52:13.770093', u'None', u'2017-11-15 13:52:50.024372', u'None', u'CMSSW_9_3_2', u'slc6_amd64_gcc630', u'/ZZTo4L_14TeV_powheg_pythia8/PhaseIITDRFall17MiniAOD-PU200_93X_upgrade2023_realistic_v2-v1/MINIAODSIM', u'[]', u'[]', u'FileBased', u"{'splitOnRun': False, 'halt_job_on_file_boundaries': False, 'files_per_job': 1, 'runs': [], 'lumis': []}", u'0', u'4e198fb019d07e682a8bd09208595d4eb73bac82ae7f6e24154a54b4451cc952.tar.gz', u'https://cmsweb.cern.ch/crabcache', u'shigginb', u'/DC=ch/DC=cern/OU=Organic Units/OU=Users/CN=shigginb/CN=785176/CN=Sam Higginbotham', u'cms', u'None', u'None', u'crab_20171115_075144-00000000000000000000000000000000', u'T3_US_FNALLPC', u'https://cmsweb.cern.ch/dbs/prod/global/DBSReader', u'https://cmsweb.cern.ch/dbs/prod/phys03/DBSWriter', u'F', u'Analysis', u'{}', u'[]', u'F', u'vocms052', u'[]', u'1250', u'1', u'2000', u'10', u'None', u'http://vocms0155.cern.ch/mon/cms1359/171115_135213:shigginb_crab_20171115_075144', u'None', u'None', u'[]', u'[]', u'[]', u'pythia', u'[]', u"['analysis.root']", u'[]', u'https://cmsweb.cern.ch/crabserver/prod', u'None', u'0', u'cmssrv221.fnal.gov:9620', u'crab3@vocms0155.cern.ch', u'F', u'[]', u'T', u'/store/user/shigginb/', u'F', u'None', u'F', u'F', u'F', u'None', u'ZZTo4L_14TeV_powheg_pythia8', u'filetransfers', u'SUBMIT', u'15443609', u'e30b8b6e5e93b9ed6cb7ea5f5c01f871f576fda8c1cad202fa14ddedaa10547c.tar.gz', u'131.225.190.56', u'F', u'None'], u'desc': {u'columns': [u'tm_taskname', u'panda_jobset_id', u'tm_task_status', u'tm_start_time', u'tm_start_injection', u'tm_end_injection', u'tm_task_failure', u'tm_job_sw', u'tm_job_arch', u'tm_input_dataset', u'tm_site_whitelist', u'tm_site_blacklist', u'tm_split_algo', u'tm_split_args', u'tm_totalunits', u'tm_user_sandbox', u'tm_cache_url', u'tm_username', u'tm_user_dn', u'tm_user_vo', u'tm_user_role', u'tm_user_group', u'tm_publish_name', u'tm_asyncdest', u'tm_dbs_url', u'tm_publish_dbs_url', u'tm_publication', u'tm_job_type', u'tm_arguments', u'panda_resubmitted_jobs', u'tm_save_logs', u'tw_name', u'tm_user_infiles', u'tm_maxjobruntime', u'tm_numcores', u'tm_maxmemory', u'tm_priority', u'tm_output_dataset', u'tm_user_webdir', u'tm_activity', u'tm_scriptexe', u'tm_scriptargs', u'tm_extrajdl', u'tm_task_warnings', u'tm_generator', u'tm_outfiles', u'tm_tfile_outfiles', u'tm_edm_outfiles', u'tm_asourl', u'tm_events_per_lumi', u'tm_use_parent', u'tm_collector', u'tm_schedd', u'tm_dry_run', u'tm_user_files', u'tm_transfer_outputs', u'tm_output_lfn', u'tm_ignore_locality', u'tm_fail_limit', u'tm_one_event_mode', u'tm_publish_groupname', u'tm_nonvalid_input_dataset', u'tm_secondary_input_dataset', u'tm_primary_dataset', u'tm_asodb', u'tm_task_command', u'clusterid', u'tm_debug_files', u'tm_submitter_ip_addr', u'tm_ignore_global_blacklist', u'tm_last_publication']}}
INFO 2017-11-15 08:10:02,807: 	 CRAB project directory:		/uscms_data/d3/samuellh/WorkingArea/TauAnalysis/CMSSW_9_3_2/src/PUAnalysis/VBFtt2017/crab/VBF77/crab_20171115_075144
INFO 2017-11-15 08:10:02,808: 	 Task name:			171115_135213:shigginb_crab_20171115_075144
INFO 2017-11-15 08:10:02,808: 	 Grid scheduler:			crab3@vocms0155.cern.ch
INFO 2017-11-15 08:10:02,808: 	 Status on the CRAB server:	SUBMITTED
INFO 2017-11-15 08:10:02,808: 	 Task URL to use for HELP:	https://cmsweb.cern.ch/crabserver/ui/task/171115_135213%3Ashigginb_crab_20171115_075144
INFO 2017-11-15 08:10:02,808: 	 Dashboard monitoring URL:	http://dashb-cms-job.cern.ch/dashboard/templates/task-analysis/#user=shigginb&refresh=0&table=Jobs&p=1&records=25&activemenu=2&status=&site=&tid=171115_135213%3Ashigginb_crab_20171115_075144
DEBUG 2017-11-15 08:10:02,808: 	 The CRAB server submitted your task to the Grid scheduler (cluster ID: 15443609)
DEBUG 2017-11-15 08:10:02,808: 	 Webdir is located at http://vocms0155.cern.ch/mon/cms1359/171115_135213:shigginb_crab_20171115_075144
DEBUG 2017-11-15 08:10:04,616: 	 Proxied webdir is located at https://cmsweb.cern.ch/scheddmon/0155/cms1359/171115_135213:shigginb_crab_20171115_075144
DEBUG 2017-11-15 08:10:04,616: 	 Retrieving 'status_cache' file from https://cmsweb.cern.ch/scheddmon/0155/cms1359/171115_135213:shigginb_crab_20171115_075144/status_cache
DEBUG 2017-11-15 08:10:06,217: 	 Got information from status cache file: {'1': {'Retries': 0, 'WallDurations': [9.0], 'StartTimes': [1510754752.0], 'SubmitTimes': [1510753981.0], 'JobIds': ['15443613.0'], 'EndTimes': [], 'Restarts': 0, 'RecordedSite': False, 'State': 'running', 'ResidentSetSize': [27928], 'TotalUserCpuTimeHistory': [0], 'SiteHistory': ['Unknown'], 'TotalSysCpuTimeHistory': [0]}}
INFO 2017-11-15 08:10:06,217: 	 Status on the scheduler:	SUBMITTED
INFO 2017-11-15 08:10:06,217: 	 
Jobs status:                    running       100.0% (1/1)
INFO 2017-11-15 08:10:06,218: 	 
No publication information (publication has been disabled in the CRAB configuration file)
INFO 2017-11-15 08:10:06,232: 	 Log file is /uscms_data/d3/samuellh/WorkingArea/TauAnalysis/CMSSW_9_3_2/src/PUAnalysis/VBFtt2017/crab/VBF77/crab_20171115_075144/crab.log
DEBUG 2017-11-15 09:23:27,257: 	 Executing command: 'status'
DEBUG 2017-11-15 09:23:27,258: 	 Found CRAB cache file /uscms/home/samuellh/.crab3
DEBUG 2017-11-15 09:23:27,265: 	 Checking credentials
DEBUG 2017-11-15 09:23:27,265: 	 Found proxy file /tmp/x509up_u52190
DEBUG 2017-11-15 09:23:27,265: 	 Getting proxy life time left
DEBUG 2017-11-15 09:23:27,368: 	 Executing : 
 command : voms-proxy-info -file /tmp/x509up_u52190 -timeleft
 output : 76276

 error: 
 retcode : 0
DEBUG 2017-11-15 09:23:27,472: 	 Executing : 
 command : voms-proxy-info -file /tmp/x509up_u52190 -actimeleft
 output : 76275

 error: 
 retcode : 0
DEBUG 2017-11-15 09:23:27,472: 	 Proxy valid for 21:11:16 hours
DEBUG 2017-11-15 09:23:27,608: 	 Executing : 
 command : openssl x509 -in ~/.globus/usercert.pem -subject -noout
 output : subject= /DC=ch/DC=cern/OU=Organic Units/OU=Users/CN=shigginb/CN=785176/CN=Sam Higginbotham

 error: 
 retcode : 0
DEBUG 2017-11-15 09:23:27,609: 	 Checking credentials
DEBUG 2017-11-15 09:23:27,609: 	 Found proxy file /tmp/x509up_u52190
DEBUG 2017-11-15 09:23:27,609: 	 Getting proxy life time left
DEBUG 2017-11-15 09:23:27,712: 	 Executing : 
 command : voms-proxy-info -file /tmp/x509up_u52190 -timeleft
 output : 76276

 error: 
 retcode : 0
DEBUG 2017-11-15 09:23:27,815: 	 Executing : 
 command : voms-proxy-info -file /tmp/x509up_u52190 -actimeleft
 output : 76275

 error: 
 retcode : 0
DEBUG 2017-11-15 09:23:27,815: 	 Proxy valid for 21:11:16 hours
DEBUG 2017-11-15 09:23:29,590: 	 Registering user credentials for server /DC=ch/DC=cern/OU=computers/CN=vocms(045|052|021|031|0118|0118a|0119|0108|0105|0109).cern.ch
DEBUG 2017-11-15 09:23:29,698: 	 Executing : 
 command : openssl x509 -in ~/.globus/usercert.pem -subject -noout
 output : subject= /DC=ch/DC=cern/OU=Organic Units/OU=Users/CN=shigginb/CN=785176/CN=Sam Higginbotham

 error: 
 retcode : 0
DEBUG 2017-11-15 09:23:29,699: 	 Getting myproxy life time left for myproxy.cern.ch
DEBUG 2017-11-15 09:23:29,699: 	 Calculating hash of /DC=ch/DC=cern/OU=Organic Units/OU=Users/CN=shigginb/CN=785176/CN=Sam Higginbotham_cmsweb.cern.ch for credential name
DEBUG 2017-11-15 09:23:30,503: 	 Executing : 
 command : myproxy-info -l 2f318c7a260d78734589f2cc772d26b8be79ec6c -s myproxy.cern.ch
 output : username: 2f318c7a260d78734589f2cc772d26b8be79ec6c
owner: /DC=ch/DC=cern/OU=Organic Units/OU=Users/CN=shigginb/CN=785176/CN=Sam Higginbotham
  renewal policy: /DC=ch/DC=cern/OU=computers/CN=vocms(045|052|021|031|0118|0118a|0119|0108|0105|0109).cern.ch
  trusted retrieval policy: /DC=ch/DC=cern/OU=computers/CN=vocms(045|052|021|031|0118|0118a|0119|0108|0105|0109).cern.ch
  timeleft: 430:00:11  (17.9 days)

 error: 
 retcode : 0
DEBUG 2017-11-15 09:23:30,505: 	 Myproxy is valid: 1548011
DEBUG 2017-11-15 09:23:30,505: 	 Command use: status
DEBUG 2017-11-15 09:23:30,505: 	 Options use: ['-d', 'crab_20171115_075144/']
DEBUG 2017-11-15 09:23:32,161: 	 CRABClient version: 3.3.1707.patch1
DEBUG 2017-11-15 09:23:32,161: 	 Instance is prod
DEBUG 2017-11-15 09:23:32,161: 	 Server base url is cmsweb.cern.ch
DEBUG 2017-11-15 09:23:32,162: 	 Command url /crabserver/prod/workflow
DEBUG 2017-11-15 09:23:33,772: 	 Got information from server oracle database: {u'result': [u'171115_135213:shigginb_crab_20171115_075144', u'None', u'SUBMITTED', u'2017-11-15 13:52:13.770093', u'None', u'2017-11-15 13:52:50.024372', u'None', u'CMSSW_9_3_2', u'slc6_amd64_gcc630', u'/ZZTo4L_14TeV_powheg_pythia8/PhaseIITDRFall17MiniAOD-PU200_93X_upgrade2023_realistic_v2-v1/MINIAODSIM', u'[]', u'[]', u'FileBased', u"{'splitOnRun': False, 'halt_job_on_file_boundaries': False, 'files_per_job': 1, 'runs': [], 'lumis': []}", u'0', u'4e198fb019d07e682a8bd09208595d4eb73bac82ae7f6e24154a54b4451cc952.tar.gz', u'https://cmsweb.cern.ch/crabcache', u'shigginb', u'/DC=ch/DC=cern/OU=Organic Units/OU=Users/CN=shigginb/CN=785176/CN=Sam Higginbotham', u'cms', u'None', u'None', u'crab_20171115_075144-00000000000000000000000000000000', u'T3_US_FNALLPC', u'https://cmsweb.cern.ch/dbs/prod/global/DBSReader', u'https://cmsweb.cern.ch/dbs/prod/phys03/DBSWriter', u'F', u'Analysis', u'{}', u'[]', u'F', u'vocms052', u'[]', u'1250', u'1', u'2000', u'10', u'None', u'http://vocms0155.cern.ch/mon/cms1359/171115_135213:shigginb_crab_20171115_075144', u'None', u'None', u'[]', u'[]', u'[]', u'pythia', u'[]', u"['analysis.root']", u'[]', u'https://cmsweb.cern.ch/crabserver/prod', u'None', u'0', u'cmssrv221.fnal.gov:9620', u'crab3@vocms0155.cern.ch', u'F', u'[]', u'T', u'/store/user/shigginb/', u'F', u'None', u'F', u'F', u'F', u'None', u'ZZTo4L_14TeV_powheg_pythia8', u'filetransfers', u'SUBMIT', u'15443609', u'e30b8b6e5e93b9ed6cb7ea5f5c01f871f576fda8c1cad202fa14ddedaa10547c.tar.gz', u'131.225.190.56', u'F', u'None'], u'desc': {u'columns': [u'tm_taskname', u'panda_jobset_id', u'tm_task_status', u'tm_start_time', u'tm_start_injection', u'tm_end_injection', u'tm_task_failure', u'tm_job_sw', u'tm_job_arch', u'tm_input_dataset', u'tm_site_whitelist', u'tm_site_blacklist', u'tm_split_algo', u'tm_split_args', u'tm_totalunits', u'tm_user_sandbox', u'tm_cache_url', u'tm_username', u'tm_user_dn', u'tm_user_vo', u'tm_user_role', u'tm_user_group', u'tm_publish_name', u'tm_asyncdest', u'tm_dbs_url', u'tm_publish_dbs_url', u'tm_publication', u'tm_job_type', u'tm_arguments', u'panda_resubmitted_jobs', u'tm_save_logs', u'tw_name', u'tm_user_infiles', u'tm_maxjobruntime', u'tm_numcores', u'tm_maxmemory', u'tm_priority', u'tm_output_dataset', u'tm_user_webdir', u'tm_activity', u'tm_scriptexe', u'tm_scriptargs', u'tm_extrajdl', u'tm_task_warnings', u'tm_generator', u'tm_outfiles', u'tm_tfile_outfiles', u'tm_edm_outfiles', u'tm_asourl', u'tm_events_per_lumi', u'tm_use_parent', u'tm_collector', u'tm_schedd', u'tm_dry_run', u'tm_user_files', u'tm_transfer_outputs', u'tm_output_lfn', u'tm_ignore_locality', u'tm_fail_limit', u'tm_one_event_mode', u'tm_publish_groupname', u'tm_nonvalid_input_dataset', u'tm_secondary_input_dataset', u'tm_primary_dataset', u'tm_asodb', u'tm_task_command', u'clusterid', u'tm_debug_files', u'tm_submitter_ip_addr', u'tm_ignore_global_blacklist', u'tm_last_publication']}}
INFO 2017-11-15 09:23:33,773: 	 CRAB project directory:		/uscms_data/d3/samuellh/WorkingArea/TauAnalysis/CMSSW_9_3_2/src/PUAnalysis/VBFtt2017/crab/VBF77/crab_20171115_075144
INFO 2017-11-15 09:23:33,773: 	 Task name:			171115_135213:shigginb_crab_20171115_075144
INFO 2017-11-15 09:23:33,773: 	 Grid scheduler:			crab3@vocms0155.cern.ch
INFO 2017-11-15 09:23:33,773: 	 Status on the CRAB server:	SUBMITTED
INFO 2017-11-15 09:23:33,773: 	 Task URL to use for HELP:	https://cmsweb.cern.ch/crabserver/ui/task/171115_135213%3Ashigginb_crab_20171115_075144
INFO 2017-11-15 09:23:33,773: 	 Dashboard monitoring URL:	http://dashb-cms-job.cern.ch/dashboard/templates/task-analysis/#user=shigginb&refresh=0&table=Jobs&p=1&records=25&activemenu=2&status=&site=&tid=171115_135213%3Ashigginb_crab_20171115_075144
DEBUG 2017-11-15 09:23:33,773: 	 The CRAB server submitted your task to the Grid scheduler (cluster ID: 15443609)
DEBUG 2017-11-15 09:23:33,774: 	 Webdir is located at http://vocms0155.cern.ch/mon/cms1359/171115_135213:shigginb_crab_20171115_075144
DEBUG 2017-11-15 09:23:35,547: 	 Proxied webdir is located at https://cmsweb.cern.ch/scheddmon/0155/cms1359/171115_135213:shigginb_crab_20171115_075144
DEBUG 2017-11-15 09:23:35,547: 	 Retrieving 'status_cache' file from https://cmsweb.cern.ch/scheddmon/0155/cms1359/171115_135213:shigginb_crab_20171115_075144/status_cache
DEBUG 2017-11-15 09:23:37,317: 	 Got information from status cache file: {'1': {'Retries': 0, 'WallDurations': [313.0], 'StartTimes': [1510754752.0], 'SubmitTimes': [1510753981.0], 'JobIds': ['15443613.0'], 'EndTimes': [1510755065.0], 'Restarts': 0, 'RecordedSite': False, 'State': 'finished', 'ResidentSetSize': [799176], 'TotalUserCpuTimeHistory': [45], 'SiteHistory': ['Unknown'], 'TotalSysCpuTimeHistory': [3]}}
INFO 2017-11-15 09:23:37,317: 	 Status on the scheduler:	COMPLETED
INFO 2017-11-15 09:23:37,318: 	 
Jobs status:                    finished      100.0% (1/1)
INFO 2017-11-15 09:23:37,318: 	 
No publication information (publication has been disabled in the CRAB configuration file)
INFO 2017-11-15 09:23:37,343: 	 Log file is /uscms_data/d3/samuellh/WorkingArea/TauAnalysis/CMSSW_9_3_2/src/PUAnalysis/VBFtt2017/crab/VBF77/crab_20171115_075144/crab.log
