# Conditions read from  CMS_CONDITIONS  via FrontierProd 
 ################################################################### 
 # WARNING: this module is deprecated.                             # 
 # Please use CondCore.CondDB.CondDB_cfi.py                        # 
 ################################################################### 
recorrecting the jets
List Of Filters
['processedEvents', 'initialEventsTT', 'AtLeastOneDiMuon', 'DiMuonCreation', 'AtLeastOneDiTau', 'TTTauPtEta', 'TTTauDecayFound', 'TTTauStandardDecayFound', 'TTTauDRSel', 'TTSync', 'TTAntiEle', 'TTAntiMu', 'TTIso', 'TTOS']
DEBUG 2018-02-23 15:45:33,296: 	 Executing command: 'submit'
DEBUG 2018-02-23 15:45:33,296: 	 Found CRAB cache file /uscms/home/samuellh/.crab3
DEBUG 2018-02-23 15:45:33,305: 	 Checking credentials
DEBUG 2018-02-23 15:45:33,306: 	 Found proxy file /tmp/x509up_u52190
DEBUG 2018-02-23 15:45:33,306: 	 Getting proxy life time left
DEBUG 2018-02-23 15:45:33,409: 	 Executing : 
 command : voms-proxy-info -file /tmp/x509up_u52190 -timeleft
 output : 37929

 error: 
 retcode : 0
DEBUG 2018-02-23 15:45:33,513: 	 Executing : 
 command : voms-proxy-info -file /tmp/x509up_u52190 -actimeleft
 output : 37928

 error: 
 retcode : 0
DEBUG 2018-02-23 15:45:33,513: 	 Proxy valid for 10:32:09 hours
INFO 2018-02-23 15:45:33,513: 	 Will use CRAB configuration file crab3_cp_mc.py
DEBUG 2018-02-23 15:45:33,514: 	 Loading CRAB configuration file.
DEBUG 2018-02-23 15:45:33,527: 	 Will use CRAB Analysis plugin (i.e. will run an analysis job type).
DEBUG 2018-02-23 15:45:33,656: 	 Executing : 
 command : openssl x509 -in ~/.globus/usercert.pem -subject -noout
 output : subject= /DC=ch/DC=cern/OU=Organic Units/OU=Users/CN=shigginb/CN=785176/CN=Sam Higginbotham

 error: 
 retcode : 0
DEBUG 2018-02-23 15:45:33,656: 	 Checking credentials
DEBUG 2018-02-23 15:45:33,656: 	 Found proxy file /tmp/x509up_u52190
DEBUG 2018-02-23 15:45:33,656: 	 Getting proxy life time left
DEBUG 2018-02-23 15:45:33,759: 	 Executing : 
 command : voms-proxy-info -file /tmp/x509up_u52190 -timeleft
 output : 37929

 error: 
 retcode : 0
DEBUG 2018-02-23 15:45:33,863: 	 Executing : 
 command : voms-proxy-info -file /tmp/x509up_u52190 -actimeleft
 output : 37928

 error: 
 retcode : 0
DEBUG 2018-02-23 15:45:33,863: 	 Proxy valid for 10:32:09 hours
DEBUG 2018-02-23 15:45:33,966: 	 Executing : 
 command : env X509_USER_PROXY=/tmp/x509up_u52190 voms-proxy-info -fqan
 output : /cms/Role=NULL/Capability=NULL

 error: 
 retcode : 0
DEBUG 2018-02-23 15:45:35,250: 	 Registering user credentials for server /DC=ch/DC=cern/OU=computers/CN=vocms(045|052|021|031|0118|0118a|0119|0108|0105|0109).cern.ch
DEBUG 2018-02-23 15:45:35,359: 	 Executing : 
 command : openssl x509 -in ~/.globus/usercert.pem -subject -noout
 output : subject= /DC=ch/DC=cern/OU=Organic Units/OU=Users/CN=shigginb/CN=785176/CN=Sam Higginbotham

 error: 
 retcode : 0
DEBUG 2018-02-23 15:45:35,359: 	 Getting myproxy life time left for myproxy.cern.ch
DEBUG 2018-02-23 15:45:35,359: 	 Calculating hash of /DC=ch/DC=cern/OU=Organic Units/OU=Users/CN=shigginb/CN=785176/CN=Sam Higginbotham_cmsweb.cern.ch for credential name
DEBUG 2018-02-23 15:45:36,264: 	 Executing : 
 command : myproxy-info -l 2f318c7a260d78734589f2cc772d26b8be79ec6c -s myproxy.cern.ch
 output : username: 2f318c7a260d78734589f2cc772d26b8be79ec6c
owner: /DC=ch/DC=cern/OU=Organic Units/OU=Users/CN=shigginb/CN=785176/CN=Sam Higginbotham
  renewal policy: /DC=ch/DC=cern/OU=computers/CN=vocms(045|052|021|031|0118|0118a|0119|0108|0105|0109).cern.ch
  trusted retrieval policy: /DC=ch/DC=cern/OU=computers/CN=vocms(045|052|021|031|0118|0118a|0119|0108|0105|0109).cern.ch
  timeleft: 478:21:49  (19.9 days)

 error: 
 retcode : 0
DEBUG 2018-02-23 15:45:36,266: 	 Myproxy is valid: 1722109
DEBUG 2018-02-23 15:45:36,266: 	 Command use: submit
DEBUG 2018-02-23 15:45:36,266: 	 Options use: ['-c', 'crab3_cp_mc.py']
DEBUG 2018-02-23 15:45:37,423: 	 CRABClient version: 3.3.1802
DEBUG 2018-02-23 15:45:37,423: 	 Instance is prod
DEBUG 2018-02-23 15:45:37,423: 	 Server base url is cmsweb.cern.ch
DEBUG 2018-02-23 15:45:37,423: 	 Command url /crabserver/prod/workflow
DEBUG 2018-02-23 15:45:37,423: 	 Started submission
DEBUG 2018-02-23 15:45:37,423: 	 Working on /uscms_data/d3/samuellh/WorkingArea/CpHiggs/CMSSW_8_0_21/src/PUAnalysis/CrabTools/crab/ZHiggs0PM/CP_Higgs_2016/crab_20180223_154533
DEBUG 2018-02-23 15:45:38,694: 	 Loading required information from the environment
DEBUG 2018-02-23 15:45:38,694: 	 Found CMSSW_8_0_21 for slc6_amd64_gcc530 with base /uscms_data/d3/samuellh/WorkingArea/CpHiggs/CMSSW_8_0_21
DEBUG 2018-02-23 15:45:38,694: 	 Loading required information from the environment
DEBUG 2018-02-23 15:45:38,694: 	 Found CMSSW_8_0_21 for slc6_amd64_gcc530 with base /uscms_data/d3/samuellh/WorkingArea/CpHiggs/CMSSW_8_0_21
DEBUG 2018-02-23 15:45:38,707: 	 UNIQUE NAME: tarUUID d84eb70a-a239-4848-a5b1-a067285679b7 
DEBUG 2018-02-23 15:45:38,707: 	 self.config: from WMCore.Configuration import Configuration
config = Configuration()
config.section_('General')
config.General.workArea = 'CP_Higgs_2016'
config.General.requestName = ''
config.section_('JobType')
config.JobType.psetName = '../../../cp-mc.py'
config.JobType.pluginName = 'Analysis'
config.JobType.inputFiles = ['../../../Configuration/data/Summer16_23Sep2016V4_MC.db']
config.JobType.outputFiles = ['analysis.root']
config.JobType.allowUndistributedCMSSW = True
config.section_('Data')
config.Data.inputDataset = '/ZHiggs0PM_Undecayed_M-125_13TeV-JHUgenV6/RunIISummer16MiniAODv2-PUMoriond17_80X_mcRun2_asymptotic_2016_TrancheIV_v6-v1/MINIAODSIM'
config.Data.unitsPerJob = 1
config.Data.publication = False
config.Data.inputDBS = 'global'
config.Data.splitting = 'FileBased'
config.section_('Site')
config.Site.storageSite = 'T3_US_FNALLPC'
config.section_('User')
config.section_('Debug')

DEBUG 2018-02-23 15:45:38,708: 	 self.config.JobType.psetName: ../../../cp-mc.py
INFO 2018-02-23 15:45:38,708: 	 Importing CMSSW configuration ../../../cp-mc.py
INFO 2018-02-23 15:45:42,340: 	 Finished importing CMSSW configuration ../../../cp-mc.py
DEBUG 2018-02-23 15:45:42,340: 	 Writing CMSSW configuration to /uscms_data/d3/samuellh/WorkingArea/CpHiggs/CMSSW_8_0_21/src/PUAnalysis/CrabTools/crab/ZHiggs0PM/CP_Higgs_2016/crab_20180223_154533/inputs/PSet.py
DEBUG 2018-02-23 15:45:43,677: 	 The following EDM output files will be collected: []
DEBUG 2018-02-23 15:45:43,677: 	 The following TFile output files will be collected: ['analysis.root']
DEBUG 2018-02-23 15:45:43,677: 	 The following user output files will be collected: []
DEBUG 2018-02-23 15:45:43,677: 	 Loading required information from the environment
DEBUG 2018-02-23 15:45:43,677: 	 Found CMSSW_8_0_21 for slc6_amd64_gcc530 with base /uscms_data/d3/samuellh/WorkingArea/CpHiggs/CMSSW_8_0_21
DEBUG 2018-02-23 15:45:43,677: 	 Making tarball in /uscms_data/d3/samuellh/WorkingArea/CpHiggs/CMSSW_8_0_21/src/PUAnalysis/CrabTools/crab/ZHiggs0PM/CP_Higgs_2016/crab_20180223_154533/inputs/d84eb70a-a239-4848-a5b1-a067285679b7default.tgz
DEBUG 2018-02-23 15:45:44,427: 	 Checking directory /uscms_data/d3/samuellh/WorkingArea/CpHiggs/CMSSW_8_0_21/lib
DEBUG 2018-02-23 15:45:44,427: 	 Adding directory /uscms_data/d3/samuellh/WorkingArea/CpHiggs/CMSSW_8_0_21/lib to tarball
DEBUG 2018-02-23 15:45:56,600: 	 Checking directory /uscms_data/d3/samuellh/WorkingArea/CpHiggs/CMSSW_8_0_21/biglib
DEBUG 2018-02-23 15:45:56,600: 	 Adding directory /uscms_data/d3/samuellh/WorkingArea/CpHiggs/CMSSW_8_0_21/biglib to tarball
DEBUG 2018-02-23 15:45:56,602: 	 Checking directory /uscms_data/d3/samuellh/WorkingArea/CpHiggs/CMSSW_8_0_21/module
DEBUG 2018-02-23 15:45:56,977: 	 Adding data directory /uscms_data/d3/samuellh/WorkingArea/CpHiggs/CMSSW_8_0_21/src/PUAnalysis/Configuration/data to tarball
DEBUG 2018-02-23 15:46:00,235: 	 Adding data directory /uscms_data/d3/samuellh/WorkingArea/CpHiggs/CMSSW_8_0_21/src/PUAnalysis/DataFormats/interface to tarball
DEBUG 2018-02-23 15:46:00,245: 	 Adding data directory /uscms_data/d3/samuellh/WorkingArea/CpHiggs/CMSSW_8_0_21/src/PUAnalysis/NtupleTools/interface to tarball
DEBUG 2018-02-23 15:46:00,261: 	 Adding data directory /uscms_data/d3/samuellh/WorkingArea/CpHiggs/CMSSW_8_0_21/src/PUAnalysis/RecoTools/interface to tarball
DEBUG 2018-02-23 15:46:00,297: 	 Adding data directory /uscms_data/d3/samuellh/WorkingArea/CpHiggs/CMSSW_8_0_21/src/PUAnalysis/StatTools/ROOT/interface to tarball
DEBUG 2018-02-23 15:46:00,303: 	 Adding data directory /uscms_data/d3/samuellh/WorkingArea/CpHiggs/CMSSW_8_0_21/src/PUAnalysis/StatTools/data to tarball
DEBUG 2018-02-23 15:46:00,308: 	 Adding data directory /uscms_data/d3/samuellh/WorkingArea/CpHiggs/CMSSW_8_0_21/src/PUAnalysis/StatTools/interface to tarball
DEBUG 2018-02-23 15:46:00,627: 	 Adding data directory /uscms_data/d3/samuellh/WorkingArea/CpHiggs/CMSSW_8_0_21/src/ZZMatrixElement/MEKD/interface to tarball
DEBUG 2018-02-23 15:46:00,706: 	 Adding data directory /uscms_data/d3/samuellh/WorkingArea/CpHiggs/CMSSW_8_0_21/src/ZZMatrixElement/MELA/data to tarball
DEBUG 2018-02-23 15:46:27,402: 	 Adding data directory /uscms_data/d3/samuellh/WorkingArea/CpHiggs/CMSSW_8_0_21/src/ZZMatrixElement/MELA/interface to tarball
DEBUG 2018-02-23 15:46:27,601: 	 Adding data directory /uscms_data/d3/samuellh/WorkingArea/CpHiggs/CMSSW_8_0_21/src/ZZMatrixElement/MEMCalculators/interface to tarball
DEBUG 2018-02-23 15:46:27,607: 	 Adding data directory /uscms_data/d3/samuellh/WorkingArea/CpHiggs/CMSSW_8_0_21/src/ZZMatrixElement/PythonWrapper/interface to tarball
DEBUG 2018-02-23 15:46:27,627: 	 Adding data directory /uscms_data/d3/samuellh/WorkingArea/CpHiggs/CMSSW_8_0_21/src/TauAnalysis/SVfitStandalone/data to tarball
DEBUG 2018-02-23 15:46:27,641: 	 Adding data directory /uscms_data/d3/samuellh/WorkingArea/CpHiggs/CMSSW_8_0_21/src/TauAnalysis/SVfitStandalone/interface to tarball
DEBUG 2018-02-23 15:46:27,660: 	 Adding data directory /uscms_data/d3/samuellh/WorkingArea/CpHiggs/CMSSW_8_0_21/src/DataFormats/CTPPSReco/interface to tarball
DEBUG 2018-02-23 15:46:27,669: 	 Adding file ../../../Configuration/data/Summer16_23Sep2016V4_MC.db to tarball
DEBUG 2018-02-23 15:46:28,478: 	 Uploading archive /uscms_data/d3/samuellh/WorkingArea/CpHiggs/CMSSW_8_0_21/src/PUAnalysis/CrabTools/crab/ZHiggs0PM/CP_Higgs_2016/crab_20180223_154533/inputs/d84eb70a-a239-4848-a5b1-a067285679b7default.tgz (63 MB) to the CRAB cache. Using URI https://cmsweb.cern.ch/crabcache
DEBUG 2018-02-23 15:46:58,209: 	 Loading required information from the environment
DEBUG 2018-02-23 15:46:58,209: 	 Found CMSSW_8_0_21 for slc6_amd64_gcc530 with base /uscms_data/d3/samuellh/WorkingArea/CpHiggs/CMSSW_8_0_21
DEBUG 2018-02-23 15:46:58,209: 	 Making tarball in /uscms_data/d3/samuellh/WorkingArea/CpHiggs/CMSSW_8_0_21/src/PUAnalysis/CrabTools/crab/ZHiggs0PM/CP_Higgs_2016/crab_20180223_154533/inputs/debugFiles.tgz
DEBUG 2018-02-23 15:46:58,215: 	 Uploading archive /uscms_data/d3/samuellh/WorkingArea/CpHiggs/CMSSW_8_0_21/src/PUAnalysis/CrabTools/crab/ZHiggs0PM/CP_Higgs_2016/crab_20180223_154533/inputs/debugFiles.tgz (2 KB) to the CRAB cache. Using URI https://cmsweb.cern.ch/crabcache
DEBUG 2018-02-23 15:46:59,544: 	 Result uploading input files: 96ab15e7c14266e693aed3c1f6d4a65723f909417b130812bd0067a433ff65f9.tar.gz 
INFO 2018-02-23 15:46:59,545: 	 Sending the request to the server
DEBUG 2018-02-23 15:46:59,545: 	 Submitting {'maxjobruntime': 1250, 'extrajdl': [], 'ignorelocality': 0, 'savelogsflag': 0, 'useparent': 0, 'asyncdest': 'T3_US_FNALLPC', 'algoargs': 1, 'cachefilename': '96ab15e7c14266e693aed3c1f6d4a65723f909417b130812bd0067a433ff65f9.tar.gz', 'numcores': 1, 'addoutputfiles': [], 'generator': 'pythia', 'maxmemory': 2000, 'publishdbsurl': 'https://cmsweb.cern.ch/dbs/prod/phys03/DBSWriter', 'priority': 10, 'jobsw': 'CMSSW_8_0_21', 'edmoutfiles': [], 'userfiles': [], 'primarydataset': '', 'inputdata': '/ZHiggs0PM_Undecayed_M-125_13TeV-JHUgenV6/RunIISummer16MiniAODv2-PUMoriond17_80X_mcRun2_asymptotic_2016_TrancheIV_v6-v1/MINIAODSIM', 'dryrun': 0, 'workflow': 'crab_20180223_154533', 'cacheurl': u'https://cmsweb.cern.ch/crabcache', 'nonprodsw': 1, 'tfileoutfiles': ['analysis.root'], 'oneEventMode': 0, 'debugfilename': '81391d7863a10a4b01b3682b1649553c84cbf311aad599a0b8aac04b0ec7276e.tar.gz', 'saveoutput': 1, 'publication': 0, 'jobarch': 'slc6_amd64_gcc530', 'totalunits': 0, 'splitalgo': 'FileBased', 'ignoreglobalblacklist': 0, 'nonvaliddata': 0, 'dbsurl': 'https://cmsweb.cern.ch/dbs/prod/global/DBSReader', 'publishgroupname': 0, 'jobtype': 'Analysis', 'publishname2': ''} 
DEBUG 2018-02-23 15:46:59,545: 	 Encoded submit request: maxjobruntime=1250&ignorelocality=0&savelogsflag=0&useparent=0&asyncdest=T3_US_FNALLPC&algoargs=1&cachefilename=96ab15e7c14266e693aed3c1f6d4a65723f909417b130812bd0067a433ff65f9.tar.gz&numcores=1&generator=pythia&maxmemory=2000&publishdbsurl=https%3A%2F%2Fcmsweb.cern.ch%2Fdbs%2Fprod%2Fphys03%2FDBSWriter&priority=10&jobsw=CMSSW_8_0_21&primarydataset=&inputdata=%2FZHiggs0PM_Undecayed_M-125_13TeV-JHUgenV6%2FRunIISummer16MiniAODv2-PUMoriond17_80X_mcRun2_asymptotic_2016_TrancheIV_v6-v1%2FMINIAODSIM&dryrun=0&workflow=crab_20180223_154533&cacheurl=https%3A%2F%2Fcmsweb.cern.ch%2Fcrabcache&nonprodsw=1&oneEventMode=0&debugfilename=81391d7863a10a4b01b3682b1649553c84cbf311aad599a0b8aac04b0ec7276e.tar.gz&saveoutput=1&publication=0&jobarch=slc6_amd64_gcc530&totalunits=0&splitalgo=FileBased&ignoreglobalblacklist=0&nonvaliddata=0&dbsurl=https%3A%2F%2Fcmsweb.cern.ch%2Fdbs%2Fprod%2Fglobal%2FDBSReader&publishgroupname=0&jobtype=Analysis&publishname2=&tfileoutfiles=analysis.root
DEBUG 2018-02-23 15:47:00,737: 	 Result: {u'result': [{u'RequestName': u'180223_214700:shigginb_crab_20180223_154533'}]}
INFO 2018-02-23 15:47:00,741: 	 Success: Your task has been delivered to the CRAB3 server.
INFO 2018-02-23 15:47:00,742: 	 Task name: 180223_214700:shigginb_crab_20180223_154533
INFO 2018-02-23 15:47:00,742: 	 Please use 'crab status' to check how the submission process proceeds.
DEBUG 2018-02-23 15:47:00,742: 	 About to return
INFO 2018-02-23 15:47:00,748: 	 Log file is /uscms_data/d3/samuellh/WorkingArea/CpHiggs/CMSSW_8_0_21/src/PUAnalysis/CrabTools/crab/ZHiggs0PM/CP_Higgs_2016/crab_20180223_154533/crab.log
DEBUG 2018-02-23 16:03:38,910: 	 Executing command: 'status'
DEBUG 2018-02-23 16:03:38,910: 	 Found CRAB cache file /uscms/home/samuellh/.crab3
DEBUG 2018-02-23 16:03:38,918: 	 Checking credentials
DEBUG 2018-02-23 16:03:38,919: 	 Found proxy file /tmp/x509up_u52190
DEBUG 2018-02-23 16:03:38,919: 	 Getting proxy life time left
DEBUG 2018-02-23 16:03:39,022: 	 Executing : 
 command : voms-proxy-info -file /tmp/x509up_u52190 -timeleft
 output : 36844

 error: 
 retcode : 0
DEBUG 2018-02-23 16:03:39,126: 	 Executing : 
 command : voms-proxy-info -file /tmp/x509up_u52190 -actimeleft
 output : 36842

 error: 
 retcode : 0
DEBUG 2018-02-23 16:03:39,126: 	 Proxy valid for 10:14:04 hours
DEBUG 2018-02-23 16:03:39,238: 	 Executing : 
 command : openssl x509 -in ~/.globus/usercert.pem -subject -noout
 output : subject= /DC=ch/DC=cern/OU=Organic Units/OU=Users/CN=shigginb/CN=785176/CN=Sam Higginbotham

 error: 
 retcode : 0
DEBUG 2018-02-23 16:03:39,239: 	 Checking credentials
DEBUG 2018-02-23 16:03:39,239: 	 Found proxy file /tmp/x509up_u52190
DEBUG 2018-02-23 16:03:39,239: 	 Getting proxy life time left
DEBUG 2018-02-23 16:03:39,342: 	 Executing : 
 command : voms-proxy-info -file /tmp/x509up_u52190 -timeleft
 output : 36843

 error: 
 retcode : 0
DEBUG 2018-02-23 16:03:39,446: 	 Executing : 
 command : voms-proxy-info -file /tmp/x509up_u52190 -actimeleft
 output : 36842

 error: 
 retcode : 0
DEBUG 2018-02-23 16:03:39,446: 	 Proxy valid for 10:14:03 hours
DEBUG 2018-02-23 16:03:40,584: 	 Registering user credentials for server /DC=ch/DC=cern/OU=computers/CN=vocms(045|052|021|031|0118|0118a|0119|0108|0105|0109).cern.ch
DEBUG 2018-02-23 16:03:40,693: 	 Executing : 
 command : openssl x509 -in ~/.globus/usercert.pem -subject -noout
 output : subject= /DC=ch/DC=cern/OU=Organic Units/OU=Users/CN=shigginb/CN=785176/CN=Sam Higginbotham

 error: 
 retcode : 0
DEBUG 2018-02-23 16:03:40,693: 	 Getting myproxy life time left for myproxy.cern.ch
DEBUG 2018-02-23 16:03:40,693: 	 Calculating hash of /DC=ch/DC=cern/OU=Organic Units/OU=Users/CN=shigginb/CN=785176/CN=Sam Higginbotham_cmsweb.cern.ch for credential name
DEBUG 2018-02-23 16:03:41,398: 	 Executing : 
 command : myproxy-info -l 2f318c7a260d78734589f2cc772d26b8be79ec6c -s myproxy.cern.ch
 output : username: 2f318c7a260d78734589f2cc772d26b8be79ec6c
owner: /DC=ch/DC=cern/OU=Organic Units/OU=Users/CN=shigginb/CN=785176/CN=Sam Higginbotham
  renewal policy: /DC=ch/DC=cern/OU=computers/CN=vocms(045|052|021|031|0118|0118a|0119|0108|0105|0109).cern.ch
  trusted retrieval policy: /DC=ch/DC=cern/OU=computers/CN=vocms(045|052|021|031|0118|0118a|0119|0108|0105|0109).cern.ch
  timeleft: 478:03:44  (19.9 days)

 error: 
 retcode : 0
DEBUG 2018-02-23 16:03:41,399: 	 Myproxy is valid: 1721024
DEBUG 2018-02-23 16:03:41,400: 	 Command use: status
DEBUG 2018-02-23 16:03:41,400: 	 Options use: ['-d', 'CP_Higgs_2016/crab_20180223_154533']
DEBUG 2018-02-23 16:03:42,491: 	 CRABClient version: 3.3.1802
DEBUG 2018-02-23 16:03:42,491: 	 Instance is prod
DEBUG 2018-02-23 16:03:42,491: 	 Server base url is cmsweb.cern.ch
DEBUG 2018-02-23 16:03:42,491: 	 Command url /crabserver/prod/workflow
DEBUG 2018-02-23 16:03:43,671: 	 Got information from server oracle database: {u'result': [u'180223_214700:shigginb_crab_20180223_154533', u'None', u'None', u'SUBMITFAILED', u'SUBMIT', u'2018-02-23 21:47:00.677809', u'None', u'2018-02-23 21:47:44.771686', u'Cannot find dataset /ZHiggs0PM_Undecayed_M-125_13TeV-JHUgenV6/RunIISummer16MiniAODv2-PUMoriond17_80X_mcRun2_asymptotic_2016_TrancheIV_v6-v1/MINIAODSIM in prod/global DBS instance', u'CMSSW_8_0_21', u'slc6_amd64_gcc530', u'/ZHiggs0PM_Undecayed_M-125_13TeV-JHUgenV6/RunIISummer16MiniAODv2-PUMoriond17_80X_mcRun2_asymptotic_2016_TrancheIV_v6-v1/MINIAODSIM', u'F', u'0', u'[]', u'[]', u'FileBased', u"{'splitOnRun': False, 'halt_job_on_file_boundaries': False, 'files_per_job': 1, 'runs': [], 'lumis': []}", u'0', u'96ab15e7c14266e693aed3c1f6d4a65723f909417b130812bd0067a433ff65f9.tar.gz', u'https://cmsweb.cern.ch/crabcache', u'shigginb', u'/DC=ch/DC=cern/OU=Organic Units/OU=Users/CN=shigginb/CN=785176/CN=Sam Higginbotham', u'cms', u'None', u'None', u'crab_20180223_154533-00000000000000000000000000000000', u'F', u'T3_US_FNALLPC', u'https://cmsweb.cern.ch/dbs/prod/global/DBSReader', u'https://cmsweb.cern.ch/dbs/prod/phys03/DBSWriter', u'F', u'[]', u"['analysis.root']", u'[]', u'Analysis', u'pythia', u'None', u'{}', u'[]', u'F', u'vocms052', u'[]', u'1250', u'1', u'2000', u'10', u'None', u'[]', u'None', u'None', u'[]', u'[]', u'https://cmsweb.cern.ch/crabserver/prod', u'cmsgwms-collector-global.cern.ch:9620,cmssrv221.fnal.gov:9620', u'None', u'F', u'[]', u'T', u'/store/user/shigginb/', u'F', u'None', u'F', u'None', u'ZHiggs0PM_Undecayed_M-125_13TeV-JHUgenV6', u'None', u'81391d7863a10a4b01b3682b1649553c84cbf311aad599a0b8aac04b0ec7276e.tar.gz', u'None', u'filetransfers', u'F', u'131.225.189.130'], u'desc': {u'columns': [u'tm_taskname', u'tm_activity', u'panda_jobset_id', u'tm_task_status', u'tm_task_command', u'tm_start_time', u'tm_start_injection', u'tm_end_injection', u'tm_task_failure', u'tm_job_sw', u'tm_job_arch', u'tm_input_dataset', u'tm_nonvalid_input_dataset', u'tm_use_parent', u'tm_site_whitelist', u'tm_site_blacklist', u'tm_split_algo', u'tm_split_args', u'tm_totalunits', u'tm_user_sandbox', u'tm_cache_url', u'tm_username', u'tm_user_dn', u'tm_user_vo', u'tm_user_role', u'tm_user_group', u'tm_publish_name', u'tm_publish_groupname', u'tm_asyncdest', u'tm_dbs_url', u'tm_publish_dbs_url', u'tm_publication', u'tm_outfiles', u'tm_tfile_outfiles', u'tm_edm_outfiles', u'tm_job_type', u'tm_generator', u'tm_events_per_lumi', u'tm_arguments', u'panda_resubmitted_jobs', u'tm_save_logs', u'tw_name', u'tm_user_infiles', u'tm_maxjobruntime', u'tm_numcores', u'tm_maxmemory', u'tm_priority', u'tm_output_dataset', u'tm_task_warnings', u'tm_user_webdir', u'tm_scriptexe', u'tm_scriptargs', u'tm_extrajdl', u'tm_asourl', u'tm_collector', u'tm_schedd', u'tm_dry_run', u'tm_user_files', u'tm_transfer_outputs', u'tm_output_lfn', u'tm_ignore_locality', u'tm_fail_limit', u'tm_one_event_mode', u'tm_secondary_input_dataset', u'tm_primary_dataset', u'tm_last_publication', u'tm_debug_files', u'clusterid', u'tm_asodb', u'tm_ignore_global_blacklist', u'tm_submitter_ip_addr']}}
INFO 2018-02-23 16:03:43,672: 	 CRAB project directory:		/uscms_data/d3/samuellh/WorkingArea/CpHiggs/CMSSW_8_0_21/src/PUAnalysis/CrabTools/crab/ZHiggs0PM/CP_Higgs_2016/crab_20180223_154533
INFO 2018-02-23 16:03:43,672: 	 Task name:			180223_214700:shigginb_crab_20180223_154533
INFO 2018-02-23 16:03:43,672: 	 Status on the CRAB server:	SUBMITFAILED
INFO 2018-02-23 16:03:43,672: 	 Task URL to use for HELP:	https://cmsweb.cern.ch/crabserver/ui/task/180223_214700%3Ashigginb_crab_20180223_154533
ERROR 2018-02-23 16:03:43,672: 	 Failure message from the server:		Cannot find dataset /ZHiggs0PM_Undecayed_M-125_13TeV-JHUgenV6/RunIISummer16MiniAODv2-PUMoriond17_80X_mcRun2_asymptotic_2016_TrancheIV_v6-v1/MINIAODSIM in prod/global DBS instance
DEBUG 2018-02-23 16:03:43,672: 	 The task has not been submitted to the Grid scheduler yet. Not printing job information.
INFO 2018-02-23 16:03:43,679: 	 Log file is /uscms_data/d3/samuellh/WorkingArea/CpHiggs/CMSSW_8_0_21/src/PUAnalysis/CrabTools/crab/ZHiggs0PM/CP_Higgs_2016/crab_20180223_154533/crab.log
