# Conditions read from  CMS_CONDITIONS  via FrontierProd 
 ################################################################### 
 # WARNING: this module is deprecated.                             # 
 # Please use CondCore.CondDB.CondDB_cfi.py                        # 
 ################################################################### 
recorrecting the jets
List Of Filters
['processedEvents', 'initialEventsTT', 'AtLeastOneDiMuon', 'DiMuonCreation', 'AtLeastOneDiTau', 'TTTauPtEta', 'TTTauDecayFound', 'TTTauStandardDecayFound', 'TTTauDRSel', 'TTSync', 'TTAntiEle', 'TTAntiMu', 'TTIso', 'TTOS']
DEBUG 2018-02-19 00:18:38,061: 	 Executing command: 'submit'
DEBUG 2018-02-19 00:18:38,061: 	 Found CRAB cache file /uscms/home/samuellh/.crab3
DEBUG 2018-02-19 00:18:38,069: 	 Checking credentials
DEBUG 2018-02-19 00:18:38,069: 	 Found proxy file /tmp/x509up_u52190
DEBUG 2018-02-19 00:18:38,069: 	 Getting proxy life time left
DEBUG 2018-02-19 00:18:38,173: 	 Executing : 
 command : voms-proxy-info -file /tmp/x509up_u52190 -timeleft
 output : 41848

 error: 
 retcode : 0
DEBUG 2018-02-19 00:18:38,276: 	 Executing : 
 command : voms-proxy-info -file /tmp/x509up_u52190 -actimeleft
 output : 41848

 error: 
 retcode : 0
DEBUG 2018-02-19 00:18:38,277: 	 Proxy valid for 11:37:28 hours
INFO 2018-02-19 00:18:38,277: 	 Will use CRAB configuration file crab3_cp_mc.py
DEBUG 2018-02-19 00:18:38,277: 	 Loading CRAB configuration file.
DEBUG 2018-02-19 00:18:38,293: 	 Will use CRAB Analysis plugin (i.e. will run an analysis job type).
DEBUG 2018-02-19 00:18:38,409: 	 Executing : 
 command : openssl x509 -in ~/.globus/usercert.pem -subject -noout
 output : subject= /DC=ch/DC=cern/OU=Organic Units/OU=Users/CN=shigginb/CN=785176/CN=Sam Higginbotham

 error: 
 retcode : 0
DEBUG 2018-02-19 00:18:38,409: 	 Checking credentials
DEBUG 2018-02-19 00:18:38,410: 	 Found proxy file /tmp/x509up_u52190
DEBUG 2018-02-19 00:18:38,410: 	 Getting proxy life time left
DEBUG 2018-02-19 00:18:38,513: 	 Executing : 
 command : voms-proxy-info -file /tmp/x509up_u52190 -timeleft
 output : 41848

 error: 
 retcode : 0
DEBUG 2018-02-19 00:18:38,617: 	 Executing : 
 command : voms-proxy-info -file /tmp/x509up_u52190 -actimeleft
 output : 41848

 error: 
 retcode : 0
DEBUG 2018-02-19 00:18:38,617: 	 Proxy valid for 11:37:28 hours
DEBUG 2018-02-19 00:18:38,721: 	 Executing : 
 command : env X509_USER_PROXY=/tmp/x509up_u52190 voms-proxy-info -fqan
 output : /cms/Role=NULL/Capability=NULL

 error: 
 retcode : 0
DEBUG 2018-02-19 00:18:39,927: 	 Registering user credentials for server /DC=ch/DC=cern/OU=computers/CN=vocms(045|052|021|031|0118|0118a|0119|0108|0105|0109).cern.ch
DEBUG 2018-02-19 00:18:40,036: 	 Executing : 
 command : openssl x509 -in ~/.globus/usercert.pem -subject -noout
 output : subject= /DC=ch/DC=cern/OU=Organic Units/OU=Users/CN=shigginb/CN=785176/CN=Sam Higginbotham

 error: 
 retcode : 0
DEBUG 2018-02-19 00:18:40,037: 	 Getting myproxy life time left for myproxy.cern.ch
DEBUG 2018-02-19 00:18:40,037: 	 Calculating hash of /DC=ch/DC=cern/OU=Organic Units/OU=Users/CN=shigginb/CN=785176/CN=Sam Higginbotham_cmsweb.cern.ch for credential name
DEBUG 2018-02-19 00:18:40,842: 	 Executing : 
 command : myproxy-info -l 2f318c7a260d78734589f2cc772d26b8be79ec6c -s myproxy.cern.ch
 output : username: 2f318c7a260d78734589f2cc772d26b8be79ec6c
owner: /DC=ch/DC=cern/OU=Organic Units/OU=Users/CN=shigginb/CN=785176/CN=Sam Higginbotham
  renewal policy: /DC=ch/DC=cern/OU=computers/CN=vocms(045|052|021|031|0118|0118a|0119|0108|0105|0109).cern.ch
  trusted retrieval policy: /DC=ch/DC=cern/OU=computers/CN=vocms(045|052|021|031|0118|0118a|0119|0108|0105|0109).cern.ch
  timeleft: 589:48:45  (24.6 days)

 error: 
 retcode : 0
DEBUG 2018-02-19 00:18:40,843: 	 Myproxy is valid: 2123325
DEBUG 2018-02-19 00:18:40,844: 	 Command use: submit
DEBUG 2018-02-19 00:18:40,844: 	 Options use: ['-c', 'crab3_cp_mc.py']
DEBUG 2018-02-19 00:18:41,990: 	 CRABClient version: 3.3.1802
DEBUG 2018-02-19 00:18:41,990: 	 Instance is prod
DEBUG 2018-02-19 00:18:41,990: 	 Server base url is cmsweb.cern.ch
DEBUG 2018-02-19 00:18:41,990: 	 Command url /crabserver/prod/workflow
DEBUG 2018-02-19 00:18:41,990: 	 Started submission
DEBUG 2018-02-19 00:18:41,990: 	 Working on /uscms_data/d3/samuellh/WorkingArea/CpHiggs/CMSSW_8_0_21/src/PUAnalysis/VBFtt2017/crab/VBF/2018_MC_VBFtt/crab_20180219_001838
DEBUG 2018-02-19 00:18:43,189: 	 Loading required information from the environment
DEBUG 2018-02-19 00:18:43,189: 	 Found CMSSW_8_0_21 for slc6_amd64_gcc530 with base /uscms_data/d3/samuellh/WorkingArea/CpHiggs/CMSSW_8_0_21
DEBUG 2018-02-19 00:18:43,189: 	 Loading required information from the environment
DEBUG 2018-02-19 00:18:43,190: 	 Found CMSSW_8_0_21 for slc6_amd64_gcc530 with base /uscms_data/d3/samuellh/WorkingArea/CpHiggs/CMSSW_8_0_21
DEBUG 2018-02-19 00:18:43,206: 	 UNIQUE NAME: tarUUID d16f89a9-8525-4ad1-aa4a-3ae2650e8405 
DEBUG 2018-02-19 00:18:43,207: 	 self.config: from WMCore.Configuration import Configuration
config = Configuration()
config.section_('General')
config.General.workArea = '2018_MC_VBFtt'
config.General.requestName = ''
config.section_('JobType')
config.JobType.psetName = '../../../cp-mc.py'
config.JobType.pluginName = 'Analysis'
config.JobType.inputFiles = ['../../../Configuration/data/Summer16_23Sep2016V4_MC.db']
config.JobType.outputFiles = ['analysis.root']
config.JobType.allowUndistributedCMSSW = True
config.section_('Data')
config.Data.inputDataset = '/VBFHToTauTau_M125_13TeV_amcatnloFXFX_pythia8/RunIISpring16MiniAODv2-PUSpring16RAWAODSIM_reHLT_80X_mcRun2_asymptotic_v14-v1/MINIAODSIM'
config.Data.unitsPerJob = 1
config.Data.publication = False
config.Data.inputDBS = 'global'
config.Data.splitting = 'FileBased'
config.section_('Site')
config.Site.storageSite = 'T3_US_FNALLPC'
config.section_('User')
config.section_('Debug')

DEBUG 2018-02-19 00:18:43,207: 	 self.config.JobType.psetName: ../../../cp-mc.py
INFO 2018-02-19 00:18:43,208: 	 Importing CMSSW configuration ../../../cp-mc.py
INFO 2018-02-19 00:18:46,860: 	 Finished importing CMSSW configuration ../../../cp-mc.py
DEBUG 2018-02-19 00:18:46,860: 	 Writing CMSSW configuration to /uscms_data/d3/samuellh/WorkingArea/CpHiggs/CMSSW_8_0_21/src/PUAnalysis/VBFtt2017/crab/VBF/2018_MC_VBFtt/crab_20180219_001838/inputs/PSet.py
DEBUG 2018-02-19 00:18:47,938: 	 The following EDM output files will be collected: []
DEBUG 2018-02-19 00:18:47,938: 	 The following TFile output files will be collected: ['analysis.root']
DEBUG 2018-02-19 00:18:47,938: 	 The following user output files will be collected: []
DEBUG 2018-02-19 00:18:47,938: 	 Loading required information from the environment
DEBUG 2018-02-19 00:18:47,938: 	 Found CMSSW_8_0_21 for slc6_amd64_gcc530 with base /uscms_data/d3/samuellh/WorkingArea/CpHiggs/CMSSW_8_0_21
DEBUG 2018-02-19 00:18:47,938: 	 Making tarball in /uscms_data/d3/samuellh/WorkingArea/CpHiggs/CMSSW_8_0_21/src/PUAnalysis/VBFtt2017/crab/VBF/2018_MC_VBFtt/crab_20180219_001838/inputs/d16f89a9-8525-4ad1-aa4a-3ae2650e8405default.tgz
DEBUG 2018-02-19 00:18:48,041: 	 Checking directory /uscms_data/d3/samuellh/WorkingArea/CpHiggs/CMSSW_8_0_21/lib
DEBUG 2018-02-19 00:18:48,041: 	 Adding directory /uscms_data/d3/samuellh/WorkingArea/CpHiggs/CMSSW_8_0_21/lib to tarball
DEBUG 2018-02-19 00:18:57,264: 	 Checking directory /uscms_data/d3/samuellh/WorkingArea/CpHiggs/CMSSW_8_0_21/biglib
DEBUG 2018-02-19 00:18:57,264: 	 Adding directory /uscms_data/d3/samuellh/WorkingArea/CpHiggs/CMSSW_8_0_21/biglib to tarball
DEBUG 2018-02-19 00:18:57,266: 	 Checking directory /uscms_data/d3/samuellh/WorkingArea/CpHiggs/CMSSW_8_0_21/module
DEBUG 2018-02-19 00:18:57,561: 	 Adding data directory /uscms_data/d3/samuellh/WorkingArea/CpHiggs/CMSSW_8_0_21/src/PUAnalysis/Configuration/data to tarball
DEBUG 2018-02-19 00:19:00,753: 	 Adding data directory /uscms_data/d3/samuellh/WorkingArea/CpHiggs/CMSSW_8_0_21/src/PUAnalysis/DataFormats/interface to tarball
DEBUG 2018-02-19 00:19:00,762: 	 Adding data directory /uscms_data/d3/samuellh/WorkingArea/CpHiggs/CMSSW_8_0_21/src/PUAnalysis/NtupleTools/interface to tarball
DEBUG 2018-02-19 00:19:00,778: 	 Adding data directory /uscms_data/d3/samuellh/WorkingArea/CpHiggs/CMSSW_8_0_21/src/PUAnalysis/RecoTools/interface to tarball
DEBUG 2018-02-19 00:19:01,058: 	 Adding data directory /uscms_data/d3/samuellh/WorkingArea/CpHiggs/CMSSW_8_0_21/src/ZZMatrixElement/MEKD/interface to tarball
DEBUG 2018-02-19 00:19:01,148: 	 Adding data directory /uscms_data/d3/samuellh/WorkingArea/CpHiggs/CMSSW_8_0_21/src/ZZMatrixElement/MELA/data to tarball
DEBUG 2018-02-19 00:19:25,613: 	 Adding data directory /uscms_data/d3/samuellh/WorkingArea/CpHiggs/CMSSW_8_0_21/src/ZZMatrixElement/MELA/interface to tarball
DEBUG 2018-02-19 00:19:25,757: 	 Adding data directory /uscms_data/d3/samuellh/WorkingArea/CpHiggs/CMSSW_8_0_21/src/ZZMatrixElement/MEMCalculators/interface to tarball
DEBUG 2018-02-19 00:19:25,762: 	 Adding data directory /uscms_data/d3/samuellh/WorkingArea/CpHiggs/CMSSW_8_0_21/src/ZZMatrixElement/PythonWrapper/interface to tarball
DEBUG 2018-02-19 00:19:25,765: 	 Adding file ../../../Configuration/data/Summer16_23Sep2016V4_MC.db to tarball
DEBUG 2018-02-19 00:19:26,200: 	 Uploading archive /uscms_data/d3/samuellh/WorkingArea/CpHiggs/CMSSW_8_0_21/src/PUAnalysis/VBFtt2017/crab/VBF/2018_MC_VBFtt/crab_20180219_001838/inputs/d16f89a9-8525-4ad1-aa4a-3ae2650e8405default.tgz (62 MB) to the CRAB cache. Using URI https://cmsweb.cern.ch/crabcache
DEBUG 2018-02-19 00:19:49,546: 	 Loading required information from the environment
DEBUG 2018-02-19 00:19:49,546: 	 Found CMSSW_8_0_21 for slc6_amd64_gcc530 with base /uscms_data/d3/samuellh/WorkingArea/CpHiggs/CMSSW_8_0_21
DEBUG 2018-02-19 00:19:49,546: 	 Making tarball in /uscms_data/d3/samuellh/WorkingArea/CpHiggs/CMSSW_8_0_21/src/PUAnalysis/VBFtt2017/crab/VBF/2018_MC_VBFtt/crab_20180219_001838/inputs/debugFiles.tgz
DEBUG 2018-02-19 00:19:49,552: 	 Uploading archive /uscms_data/d3/samuellh/WorkingArea/CpHiggs/CMSSW_8_0_21/src/PUAnalysis/VBFtt2017/crab/VBF/2018_MC_VBFtt/crab_20180219_001838/inputs/debugFiles.tgz (2 KB) to the CRAB cache. Using URI https://cmsweb.cern.ch/crabcache
DEBUG 2018-02-19 00:19:50,971: 	 Result uploading input files: 07193c70e0f67b39d43a7b35ebad35b1a1141b31c4d5de5a13aecf2164a2f1d3.tar.gz 
INFO 2018-02-19 00:19:50,971: 	 Sending the request to the server
DEBUG 2018-02-19 00:19:50,971: 	 Submitting {'maxjobruntime': 1250, 'extrajdl': [], 'ignorelocality': 0, 'savelogsflag': 0, 'useparent': 0, 'asyncdest': 'T3_US_FNALLPC', 'algoargs': 1, 'cachefilename': '07193c70e0f67b39d43a7b35ebad35b1a1141b31c4d5de5a13aecf2164a2f1d3.tar.gz', 'numcores': 1, 'addoutputfiles': [], 'generator': 'pythia', 'maxmemory': 2000, 'publishdbsurl': 'https://cmsweb.cern.ch/dbs/prod/phys03/DBSWriter', 'priority': 10, 'jobsw': 'CMSSW_8_0_21', 'edmoutfiles': [], 'userfiles': [], 'primarydataset': '', 'inputdata': '/VBFHToTauTau_M125_13TeV_amcatnloFXFX_pythia8/RunIISpring16MiniAODv2-PUSpring16RAWAODSIM_reHLT_80X_mcRun2_asymptotic_v14-v1/MINIAODSIM', 'dryrun': 0, 'workflow': 'crab_20180219_001838', 'cacheurl': u'https://cmsweb.cern.ch/crabcache', 'nonprodsw': 1, 'tfileoutfiles': ['analysis.root'], 'oneEventMode': 0, 'debugfilename': '07286e22a180ed7b3a23b7f126b64686c310024b5d7b435a7e34aabc24249ef1.tar.gz', 'saveoutput': 1, 'publication': 0, 'jobarch': 'slc6_amd64_gcc530', 'totalunits': 0, 'splitalgo': 'FileBased', 'ignoreglobalblacklist': 0, 'nonvaliddata': 0, 'dbsurl': 'https://cmsweb.cern.ch/dbs/prod/global/DBSReader', 'publishgroupname': 0, 'jobtype': 'Analysis', 'publishname2': ''} 
DEBUG 2018-02-19 00:19:50,971: 	 Encoded submit request: maxjobruntime=1250&ignorelocality=0&savelogsflag=0&useparent=0&asyncdest=T3_US_FNALLPC&algoargs=1&cachefilename=07193c70e0f67b39d43a7b35ebad35b1a1141b31c4d5de5a13aecf2164a2f1d3.tar.gz&numcores=1&generator=pythia&maxmemory=2000&publishdbsurl=https%3A%2F%2Fcmsweb.cern.ch%2Fdbs%2Fprod%2Fphys03%2FDBSWriter&priority=10&jobsw=CMSSW_8_0_21&primarydataset=&inputdata=%2FVBFHToTauTau_M125_13TeV_amcatnloFXFX_pythia8%2FRunIISpring16MiniAODv2-PUSpring16RAWAODSIM_reHLT_80X_mcRun2_asymptotic_v14-v1%2FMINIAODSIM&dryrun=0&workflow=crab_20180219_001838&cacheurl=https%3A%2F%2Fcmsweb.cern.ch%2Fcrabcache&nonprodsw=1&oneEventMode=0&debugfilename=07286e22a180ed7b3a23b7f126b64686c310024b5d7b435a7e34aabc24249ef1.tar.gz&saveoutput=1&publication=0&jobarch=slc6_amd64_gcc530&totalunits=0&splitalgo=FileBased&ignoreglobalblacklist=0&nonvaliddata=0&dbsurl=https%3A%2F%2Fcmsweb.cern.ch%2Fdbs%2Fprod%2Fglobal%2FDBSReader&publishgroupname=0&jobtype=Analysis&publishname2=&tfileoutfiles=analysis.root
DEBUG 2018-02-19 00:19:52,196: 	 Result: {u'result': [{u'RequestName': u'180219_061952:shigginb_crab_20180219_001838'}]}
INFO 2018-02-19 00:19:52,199: 	 Success: Your task has been delivered to the CRAB3 server.
INFO 2018-02-19 00:19:52,199: 	 Task name: 180219_061952:shigginb_crab_20180219_001838
INFO 2018-02-19 00:19:52,200: 	 Please use 'crab status' to check how the submission process proceeds.
DEBUG 2018-02-19 00:19:52,200: 	 About to return
INFO 2018-02-19 00:19:52,206: 	 Log file is /uscms_data/d3/samuellh/WorkingArea/CpHiggs/CMSSW_8_0_21/src/PUAnalysis/VBFtt2017/crab/VBF/2018_MC_VBFtt/crab_20180219_001838/crab.log
DEBUG 2018-02-19 00:24:55,735: 	 Executing command: 'status'
DEBUG 2018-02-19 00:24:55,736: 	 Found CRAB cache file /uscms/home/samuellh/.crab3
DEBUG 2018-02-19 00:24:55,748: 	 Checking credentials
DEBUG 2018-02-19 00:24:55,748: 	 Found proxy file /tmp/x509up_u52190
DEBUG 2018-02-19 00:24:55,748: 	 Getting proxy life time left
DEBUG 2018-02-19 00:24:55,852: 	 Executing : 
 command : voms-proxy-info -file /tmp/x509up_u52190 -timeleft
 output : 41471

 error: 
 retcode : 0
DEBUG 2018-02-19 00:24:55,955: 	 Executing : 
 command : voms-proxy-info -file /tmp/x509up_u52190 -actimeleft
 output : 41471

 error: 
 retcode : 0
DEBUG 2018-02-19 00:24:55,956: 	 Proxy valid for 11:31:11 hours
DEBUG 2018-02-19 00:24:56,068: 	 Executing : 
 command : openssl x509 -in ~/.globus/usercert.pem -subject -noout
 output : subject= /DC=ch/DC=cern/OU=Organic Units/OU=Users/CN=shigginb/CN=785176/CN=Sam Higginbotham

 error: 
 retcode : 0
DEBUG 2018-02-19 00:24:56,069: 	 Checking credentials
DEBUG 2018-02-19 00:24:56,069: 	 Found proxy file /tmp/x509up_u52190
DEBUG 2018-02-19 00:24:56,069: 	 Getting proxy life time left
DEBUG 2018-02-19 00:24:56,172: 	 Executing : 
 command : voms-proxy-info -file /tmp/x509up_u52190 -timeleft
 output : 41470

 error: 
 retcode : 0
DEBUG 2018-02-19 00:24:56,276: 	 Executing : 
 command : voms-proxy-info -file /tmp/x509up_u52190 -actimeleft
 output : 41470

 error: 
 retcode : 0
DEBUG 2018-02-19 00:24:56,277: 	 Proxy valid for 11:31:10 hours
DEBUG 2018-02-19 00:24:57,382: 	 Registering user credentials for server /DC=ch/DC=cern/OU=computers/CN=vocms(045|052|021|031|0118|0118a|0119|0108|0105|0109).cern.ch
DEBUG 2018-02-19 00:24:57,491: 	 Executing : 
 command : openssl x509 -in ~/.globus/usercert.pem -subject -noout
 output : subject= /DC=ch/DC=cern/OU=Organic Units/OU=Users/CN=shigginb/CN=785176/CN=Sam Higginbotham

 error: 
 retcode : 0
DEBUG 2018-02-19 00:24:57,491: 	 Getting myproxy life time left for myproxy.cern.ch
DEBUG 2018-02-19 00:24:57,491: 	 Calculating hash of /DC=ch/DC=cern/OU=Organic Units/OU=Users/CN=shigginb/CN=785176/CN=Sam Higginbotham_cmsweb.cern.ch for credential name
DEBUG 2018-02-19 00:24:58,296: 	 Executing : 
 command : myproxy-info -l 2f318c7a260d78734589f2cc772d26b8be79ec6c -s myproxy.cern.ch
 output : username: 2f318c7a260d78734589f2cc772d26b8be79ec6c
owner: /DC=ch/DC=cern/OU=Organic Units/OU=Users/CN=shigginb/CN=785176/CN=Sam Higginbotham
  renewal policy: /DC=ch/DC=cern/OU=computers/CN=vocms(045|052|021|031|0118|0118a|0119|0108|0105|0109).cern.ch
  trusted retrieval policy: /DC=ch/DC=cern/OU=computers/CN=vocms(045|052|021|031|0118|0118a|0119|0108|0105|0109).cern.ch
  timeleft: 589:42:27  (24.6 days)

 error: 
 retcode : 0
DEBUG 2018-02-19 00:24:58,298: 	 Myproxy is valid: 2122947
DEBUG 2018-02-19 00:24:58,298: 	 Command use: status
DEBUG 2018-02-19 00:24:58,298: 	 Options use: ['VBF/2018_MC_VBFtt/crab_20180219_001838/']
DEBUG 2018-02-19 00:24:59,435: 	 CRABClient version: 3.3.1802
DEBUG 2018-02-19 00:24:59,435: 	 Instance is prod
DEBUG 2018-02-19 00:24:59,435: 	 Server base url is cmsweb.cern.ch
DEBUG 2018-02-19 00:24:59,435: 	 Command url /crabserver/prod/workflow
DEBUG 2018-02-19 00:25:00,567: 	 Got information from server oracle database: {u'result': [u'180219_061952:shigginb_crab_20180219_001838', u'None', u'None', u'SUBMITTED', u'SUBMIT', u'2018-02-19 06:19:52.078706', u'None', u'2018-02-19 06:20:41.756931', u'None', u'CMSSW_8_0_21', u'slc6_amd64_gcc530', u'/VBFHToTauTau_M125_13TeV_amcatnloFXFX_pythia8/RunIISpring16MiniAODv2-PUSpring16RAWAODSIM_reHLT_80X_mcRun2_asymptotic_v14-v1/MINIAODSIM', u'F', u'0', u'[]', u'[]', u'FileBased', u"{'splitOnRun': False, 'halt_job_on_file_boundaries': False, 'files_per_job': 1, 'runs': [], 'lumis': []}", u'0', u'07193c70e0f67b39d43a7b35ebad35b1a1141b31c4d5de5a13aecf2164a2f1d3.tar.gz', u'https://cmsweb.cern.ch/crabcache', u'shigginb', u'/DC=ch/DC=cern/OU=Organic Units/OU=Users/CN=shigginb/CN=785176/CN=Sam Higginbotham', u'cms', u'None', u'None', u'crab_20180219_001838-00000000000000000000000000000000', u'F', u'T3_US_FNALLPC', u'https://cmsweb.cern.ch/dbs/prod/global/DBSReader', u'https://cmsweb.cern.ch/dbs/prod/phys03/DBSWriter', u'F', u'[]', u"['analysis.root']", u'[]', u'Analysis', u'pythia', u'None', u'{}', u'[]', u'F', u'vocms052', u'[]', u'1250', u'1', u'2000', u'10', u'None', u'[]', u'http://vocms0120.cern.ch/mon/cms1359/180219_061952:shigginb_crab_20180219_001838', u'None', u'[]', u'[]', u'https://cmsweb.cern.ch/crabserver/prod', u'cmsgwms-collector-global.cern.ch:9620,cmssrv221.fnal.gov:9620', u'crab3@vocms0120.cern.ch', u'F', u'[]', u'T', u'/store/user/shigginb/', u'F', u'None', u'F', u'None', u'VBFHToTauTau_M125_13TeV_amcatnloFXFX_pythia8', u'None', u'07286e22a180ed7b3a23b7f126b64686c310024b5d7b435a7e34aabc24249ef1.tar.gz', u'17787911', u'filetransfers', u'F', u'131.225.190.151'], u'desc': {u'columns': [u'tm_taskname', u'tm_activity', u'panda_jobset_id', u'tm_task_status', u'tm_task_command', u'tm_start_time', u'tm_start_injection', u'tm_end_injection', u'tm_task_failure', u'tm_job_sw', u'tm_job_arch', u'tm_input_dataset', u'tm_nonvalid_input_dataset', u'tm_use_parent', u'tm_site_whitelist', u'tm_site_blacklist', u'tm_split_algo', u'tm_split_args', u'tm_totalunits', u'tm_user_sandbox', u'tm_cache_url', u'tm_username', u'tm_user_dn', u'tm_user_vo', u'tm_user_role', u'tm_user_group', u'tm_publish_name', u'tm_publish_groupname', u'tm_asyncdest', u'tm_dbs_url', u'tm_publish_dbs_url', u'tm_publication', u'tm_outfiles', u'tm_tfile_outfiles', u'tm_edm_outfiles', u'tm_job_type', u'tm_generator', u'tm_events_per_lumi', u'tm_arguments', u'panda_resubmitted_jobs', u'tm_save_logs', u'tw_name', u'tm_user_infiles', u'tm_maxjobruntime', u'tm_numcores', u'tm_maxmemory', u'tm_priority', u'tm_output_dataset', u'tm_task_warnings', u'tm_user_webdir', u'tm_scriptexe', u'tm_scriptargs', u'tm_extrajdl', u'tm_asourl', u'tm_collector', u'tm_schedd', u'tm_dry_run', u'tm_user_files', u'tm_transfer_outputs', u'tm_output_lfn', u'tm_ignore_locality', u'tm_fail_limit', u'tm_one_event_mode', u'tm_secondary_input_dataset', u'tm_primary_dataset', u'tm_last_publication', u'tm_debug_files', u'clusterid', u'tm_asodb', u'tm_ignore_global_blacklist', u'tm_submitter_ip_addr']}}
INFO 2018-02-19 00:25:00,568: 	 CRAB project directory:		/uscms_data/d3/samuellh/WorkingArea/CpHiggs/CMSSW_8_0_21/src/PUAnalysis/VBFtt2017/crab/VBF/2018_MC_VBFtt/crab_20180219_001838
INFO 2018-02-19 00:25:00,568: 	 Task name:			180219_061952:shigginb_crab_20180219_001838
INFO 2018-02-19 00:25:00,568: 	 Grid scheduler:			crab3@vocms0120.cern.ch
INFO 2018-02-19 00:25:00,568: 	 Status on the CRAB server:	SUBMITTED
INFO 2018-02-19 00:25:00,568: 	 Task URL to use for HELP:	https://cmsweb.cern.ch/crabserver/ui/task/180219_061952%3Ashigginb_crab_20180219_001838
INFO 2018-02-19 00:25:00,569: 	 Dashboard monitoring URL:	http://dashb-cms-job.cern.ch/dashboard/templates/task-analysis/#user=shigginb&refresh=0&table=Jobs&p=1&records=25&activemenu=2&status=&site=&tid=180219_061952%3Ashigginb_crab_20180219_001838
DEBUG 2018-02-19 00:25:00,569: 	 The CRAB server submitted your task to the Grid scheduler (cluster ID: 17787911)
DEBUG 2018-02-19 00:25:00,569: 	 Webdir is located at http://vocms0120.cern.ch/mon/cms1359/180219_061952:shigginb_crab_20180219_001838
DEBUG 2018-02-19 00:25:01,695: 	 Proxied webdir is located at https://cmsweb.cern.ch/scheddmon/0120/cms1359/180219_061952:shigginb_crab_20180219_001838
DEBUG 2018-02-19 00:25:01,695: 	 Retrieving 'status_cache' file from https://cmsweb.cern.ch/scheddmon/0120/cms1359/180219_061952:shigginb_crab_20180219_001838/status_cache
DEBUG 2018-02-19 00:25:03,147: 	 Got information from status cache file: {'11': {'Retries': 0, 'WallDurations': [0], 'StartTimes': [], 'SubmitTimes': [1519021297.0], 'JobIds': ['17788019.0'], 'EndTimes': [], 'Restarts': 0, 'RecordedSite': False, 'State': 'idle', 'ResidentSetSize': [0], 'TotalUserCpuTimeHistory': [0.0], 'SiteHistory': ['Unknown'], 'TotalSysCpuTimeHistory': [0.0]}, '10': {'Retries': 0, 'WallDurations': [0], 'StartTimes': [], 'SubmitTimes': [1519021295.0], 'JobIds': ['17788014.0'], 'EndTimes': [], 'Restarts': 0, 'RecordedSite': False, 'State': 'idle', 'ResidentSetSize': [0], 'TotalUserCpuTimeHistory': [0.0], 'SiteHistory': ['Unknown'], 'TotalSysCpuTimeHistory': [0.0]}, '13': {'Retries': 0, 'WallDurations': [0], 'StartTimes': [], 'SubmitTimes': [1519021302.0], 'JobIds': ['17788032.0'], 'EndTimes': [], 'Restarts': 0, 'RecordedSite': False, 'State': 'idle', 'ResidentSetSize': [0], 'TotalUserCpuTimeHistory': [0.0], 'SiteHistory': ['Unknown'], 'TotalSysCpuTimeHistory': [0.0]}, '12': {'Retries': 0, 'WallDurations': [0], 'StartTimes': [], 'SubmitTimes': [1519021298.0], 'JobIds': ['17788025.0'], 'EndTimes': [], 'Restarts': 0, 'RecordedSite': False, 'State': 'idle', 'ResidentSetSize': [0], 'TotalUserCpuTimeHistory': [0.0], 'SiteHistory': ['Unknown'], 'TotalSysCpuTimeHistory': [0.0]}, '15': {'Retries': 0, 'WallDurations': [0], 'StartTimes': [], 'SubmitTimes': [1519021310.0], 'JobIds': ['17788051.0'], 'EndTimes': [], 'Restarts': 0, 'RecordedSite': False, 'State': 'idle', 'ResidentSetSize': [0], 'TotalUserCpuTimeHistory': [0.0], 'SiteHistory': ['Unknown'], 'TotalSysCpuTimeHistory': [0.0]}, '14': {'Retries': 0, 'WallDurations': [0], 'StartTimes': [], 'SubmitTimes': [1519021308.0], 'JobIds': ['17788043.0'], 'EndTimes': [], 'Restarts': 0, 'RecordedSite': False, 'State': 'idle', 'ResidentSetSize': [0], 'TotalUserCpuTimeHistory': [0.0], 'SiteHistory': ['Unknown'], 'TotalSysCpuTimeHistory': [0.0]}, '17': {'Retries': 0, 'WallDurations': [0], 'StartTimes': [], 'SubmitTimes': [1519021313.0], 'JobIds': ['17788058.0'], 'EndTimes': [], 'Restarts': 0, 'RecordedSite': False, 'State': 'idle', 'ResidentSetSize': [0], 'TotalUserCpuTimeHistory': [0.0], 'SiteHistory': ['Unknown'], 'TotalSysCpuTimeHistory': [0.0]}, '16': {'Retries': 0, 'WallDurations': [0], 'StartTimes': [], 'SubmitTimes': [1519021311.0], 'JobIds': ['17788055.0'], 'EndTimes': [], 'Restarts': 0, 'RecordedSite': False, 'State': 'idle', 'ResidentSetSize': [0], 'TotalUserCpuTimeHistory': [0.0], 'SiteHistory': ['Unknown'], 'TotalSysCpuTimeHistory': [0.0]}, '1': {'Retries': 0, 'WallDurations': [0], 'StartTimes': [], 'SubmitTimes': [1519021264.0], 'JobIds': ['17787953.0'], 'EndTimes': [], 'Restarts': 0, 'RecordedSite': False, 'State': 'idle', 'ResidentSetSize': [0], 'TotalUserCpuTimeHistory': [0.0], 'SiteHistory': ['Unknown'], 'TotalSysCpuTimeHistory': [0.0]}, '3': {'Retries': 0, 'WallDurations': [0], 'StartTimes': [], 'SubmitTimes': [1519021263.0], 'JobIds': ['17787949.0'], 'EndTimes': [], 'Restarts': 0, 'RecordedSite': False, 'State': 'idle', 'ResidentSetSize': [0], 'TotalUserCpuTimeHistory': [0.0], 'SiteHistory': ['Unknown'], 'TotalSysCpuTimeHistory': [0.0]}, '2': {'Retries': 0, 'WallDurations': [0], 'StartTimes': [], 'SubmitTimes': [1519021266.0], 'JobIds': ['17787957.0'], 'EndTimes': [], 'Restarts': 0, 'RecordedSite': False, 'State': 'idle', 'ResidentSetSize': [0], 'TotalUserCpuTimeHistory': [0.0], 'SiteHistory': ['Unknown'], 'TotalSysCpuTimeHistory': [0.0]}, '5': {'Retries': 0, 'WallDurations': [0], 'StartTimes': [], 'SubmitTimes': [1519021273.0], 'JobIds': ['17787971.0'], 'EndTimes': [], 'Restarts': 0, 'RecordedSite': False, 'State': 'idle', 'ResidentSetSize': [0], 'TotalUserCpuTimeHistory': [0.0], 'SiteHistory': ['Unknown'], 'TotalSysCpuTimeHistory': [0.0]}, '4': {'Retries': 0, 'WallDurations': [0], 'StartTimes': [], 'SubmitTimes': [1519021272.0], 'JobIds': ['17787966.0'], 'EndTimes': [], 'Restarts': 0, 'RecordedSite': False, 'State': 'idle', 'ResidentSetSize': [0], 'TotalUserCpuTimeHistory': [0.0], 'SiteHistory': ['Unknown'], 'TotalSysCpuTimeHistory': [0.0]}, '7': {'Retries': 0, 'WallDurations': [0], 'StartTimes': [], 'SubmitTimes': [1519021277.0], 'JobIds': ['17787980.0'], 'EndTimes': [], 'Restarts': 0, 'RecordedSite': False, 'State': 'idle', 'ResidentSetSize': [0], 'TotalUserCpuTimeHistory': [0.0], 'SiteHistory': ['Unknown'], 'TotalSysCpuTimeHistory': [0.0]}, '6': {'Retries': 0, 'WallDurations': [0], 'StartTimes': [], 'SubmitTimes': [1519021276.0], 'JobIds': ['17787975.0'], 'EndTimes': [], 'Restarts': 0, 'RecordedSite': False, 'State': 'idle', 'ResidentSetSize': [0], 'TotalUserCpuTimeHistory': [0.0], 'SiteHistory': ['Unknown'], 'TotalSysCpuTimeHistory': [0.0]}, '9': {'Retries': 0, 'WallDurations': [0], 'StartTimes': [], 'SubmitTimes': [1519021289.0], 'JobIds': ['17788000.0'], 'EndTimes': [], 'Restarts': 0, 'RecordedSite': False, 'State': 'idle', 'ResidentSetSize': [0], 'TotalUserCpuTimeHistory': [0.0], 'SiteHistory': ['Unknown'], 'TotalSysCpuTimeHistory': [0.0]}, '8': {'Retries': 0, 'WallDurations': [0], 'StartTimes': [], 'SubmitTimes': [1519021287.0], 'JobIds': ['17787992.0'], 'EndTimes': [], 'Restarts': 0, 'RecordedSite': False, 'State': 'idle', 'ResidentSetSize': [0], 'TotalUserCpuTimeHistory': [0.0], 'SiteHistory': ['Unknown'], 'TotalSysCpuTimeHistory': [0.0]}}
INFO 2018-02-19 00:25:03,148: 	 Status on the scheduler:	SUBMITTED
INFO 2018-02-19 00:25:03,148: 	 
Jobs status:                    idle          100.0% (17/17)
INFO 2018-02-19 00:25:03,148: 	 
No publication information (publication has been disabled in the CRAB configuration file)
INFO 2018-02-19 00:25:03,203: 	 Log file is /uscms_data/d3/samuellh/WorkingArea/CpHiggs/CMSSW_8_0_21/src/PUAnalysis/VBFtt2017/crab/VBF/2018_MC_VBFtt/crab_20180219_001838/crab.log
