('The system path in the config file ', ['/cvmfs/cms.cern.ch/crab3/slc6_amd64_gcc493/cms/crabclient/3.3.1707.patch1/bin', '/uscms_data/d3/samuellh/WorkingArea/TauAnalysis/CMSSW_9_3_2/python', '/uscms_data/d3/samuellh/WorkingArea/TauAnalysis/CMSSW_9_3_2/lib/slc6_amd64_gcc630', '/cvmfs/cms.cern.ch/slc6_amd64_gcc630/cms/cmssw/CMSSW_9_3_2/python', '/cvmfs/cms.cern.ch/slc6_amd64_gcc630/cms/cmssw/CMSSW_9_3_2/lib/slc6_amd64_gcc630', '/cvmfs/cms.cern.ch/slc6_amd64_gcc630/cms/coral/CORAL_2_3_21-ghjeda6/slc6_amd64_gcc630/python', '/cvmfs/cms.cern.ch/slc6_amd64_gcc630/cms/coral/CORAL_2_3_21-ghjeda6/slc6_amd64_gcc630/lib', '/cvmfs/cms.cern.ch/slc6_amd64_gcc630/external/professor2/2.2.1-ghjeda6/lib/python2.7/site-packages', '/cvmfs/cms.cern.ch/slc6_amd64_gcc630/external/pyqt/4.11.4-mlhled2/lib/python2.7/site-packages', '/cvmfs/cms.cern.ch/slc6_amd64_gcc630/external/sherpa/2.2.4-ghjeda/lib/python2.7/site-packages', '/cvmfs/cms.cern.ch/slc6_amd64_gcc630/external/rivet/2.5.2-ghjeda4/lib/python2.7/site-packages', '/cvmfs/cms.cern.ch/slc6_amd64_gcc630/external/python-ldap/2.4.10-mlhled2/lib/python2.7/site-packages', '/cvmfs/cms.cern.ch/slc6_amd64_gcc630/external/py2-matplotlib/1.5.2-njopjo/lib/python2.7/site-packages', '/cvmfs/cms.cern.ch/slc6_amd64_gcc630/external/sip/4.17-mlhled2/lib/python2.7/site-packages', '/cvmfs/cms.cern.ch/slc6_amd64_gcc630/external/llvm/4.0.0-njopjo/lib64/python2.7/site-packages', '/cvmfs/cms.cern.ch/slc6_amd64_gcc630/external/py2-sqlalchemy/1.1.4-mlhled2/lib/python2.7/site-packages', '/cvmfs/cms.cern.ch/slc6_amd64_gcc630/external/py2-lint/0.25.1-mlhled2/lib/python2.7/site-packages', '/cvmfs/cms.cern.ch/slc6_amd64_gcc630/external/py2-dxr/1.0-ghjeda6/lib/python2.7/site-packages', '/cvmfs/cms.cern.ch/slc6_amd64_gcc630/external/py2-cx-oracle/5.2.1-mlhled2/lib/python2.7/site-packages', '/cvmfs/cms.cern.ch/slc6_amd64_gcc630/external/py2-numpy/1.12.1-mlhled2/lib/python2.7/site-packages', '/cvmfs/cms.cern.ch/slc6_amd64_gcc630/external/frontier_client/2.8.20-mlhled2/python/lib', '/cvmfs/cms.cern.ch/slc6_amd64_gcc630/cms/das_client/v03.01.00-mlhled2/bin', '/cvmfs/cms.cern.ch/slc6_amd64_gcc630/external/xrootd/4.6.1/lib/python2.7/site-packages', '/cvmfs/cms.cern.ch/slc6_amd64_gcc630/external/yoda/1.6.5-ghjeda4/lib/python2.7/site-packages', '/cvmfs/cms.cern.ch/slc6_amd64_gcc630/lcg/root/6.10.04-ghjeda/lib', '/cvmfs/cms.cern.ch/slc6_amd64_gcc630/external/pyminuit2/0.0.1-ghjeda4/lib/python2.7/site-packages', '/cvmfs/cms.cern.ch/slc6_amd64_gcc630/external/py2-PyYAML/3.11-mlhled2/lib/python2.7/site-packages', '/cvmfs/cms.cern.ch/slc6_amd64_gcc630/external/py2-pygithub/1.23.0-mlhled2/lib/python2.7/site-packages', '/cvmfs/cms.cern.ch/slc6_amd64_gcc630/external/py2-pip/9.0.1-mlhled2/lib/python2.7/site-packages', '/cvmfs/cms.cern.ch/slc6_amd64_gcc630/external/py2-dablooms/0.9.1-mlhled2/lib/python2.7/site-packages', '/cvmfs/cms.cern.ch/slc6_amd64_gcc630/external/py2-pippkgs_depscipy/3.0-ghjeda6/lib/python2.7/site-packages', '/cvmfs/cms.cern.ch/slc6_amd64_gcc630/external/py2-pippkgs/5.0-ghjeda6/lib/python2.7/site-packages', '/cvmfs/cms.cern.ch/slc6_amd64_gcc630/external/professor/1.4.0-ghjeda4/lib/python2.7/site-packages', '/cvmfs/cms.cern.ch/slc6_amd64_gcc630/cms/dbs-client/DBS_2_1_9-mlhled2/lib', '/cvmfs/cms.cern.ch/slc6_amd64_gcc630/cms/dbs-client/DBS_2_1_9-mlhled2/lib/DBSAPI', '/cvmfs/cms.cern.ch/slc6_amd64_gcc630/external/cvs2git/5419-mlhled2/lib', '/cvmfs/cms.cern.ch/crab3/slc6_amd64_gcc493/cms/crabclient/3.3.1707.patch1/lib/python2.7/site-packages', '/cvmfs/cms.cern.ch/crab3/slc6_amd64_gcc493/cms/dbs3-client/3.4.4/lib/python2.7/site-packages', '/cvmfs/cms.cern.ch/crab3/slc6_amd64_gcc493/cms/dbs3-pycurl-client/3.4.4/lib/python2.7/site-packages', '/cvmfs/cms.cern.ch/slc6_amd64_gcc630/external/py2-sqlalchemy/1.1.4-mlhled2/lib/python2.7/site-packages/SQLAlchemy-1.1.4-py2.7-linux-x86_64.egg', '/cvmfs/cms.cern.ch/slc6_amd64_gcc630/external/py2-numpy/1.12.1-mlhled2/lib/python2.7/site-packages/numpy-1.12.1-py2.7-linux-x86_64.egg', '/cvmfs/cms.cern.ch/slc6_amd64_gcc630/external/python/2.7.11-mlhled2/lib/python27.zip', '/cvmfs/cms.cern.ch/slc6_amd64_gcc630/external/python/2.7.11-mlhled2/lib/python2.7', '/cvmfs/cms.cern.ch/slc6_amd64_gcc630/external/python/2.7.11-mlhled2/lib/python2.7/plat-linux2', '/cvmfs/cms.cern.ch/slc6_amd64_gcc630/external/python/2.7.11-mlhled2/lib/python2.7/lib-tk', '/cvmfs/cms.cern.ch/slc6_amd64_gcc630/external/python/2.7.11-mlhled2/lib/python2.7/lib-old', '/cvmfs/cms.cern.ch/slc6_amd64_gcc630/external/python/2.7.11-mlhled2/lib/python2.7/lib-dynload', '/cvmfs/cms.cern.ch/slc6_amd64_gcc630/external/python/2.7.11-mlhled2/lib/python2.7/site-packages', '/uscms_data/d3/samuellh/WorkingArea/TauAnalysis/CMSSW_9_3_2/src/PUAnalysis/VBFtt2017/crab/VBF16'])
 ##################################################################### 
 # WARNING: the module CondCore.DBCommon.CondDBSetup is deprecated.  # 
 # Please import CondCore.CondDB.CondDB_cfi                          # 
 ##################################################################### 
recorrecting the jets
List Of Filters
['processedEvents', 'initialEventsTT', 'DiMuonCreation', 'AtLeastOneDiTau', 'TTTauPtEta', 'TTTauDecayFound', 'TTTauStandardDecayFound', 'TTTauDRSel', 'TTSync', 'TTAntiEle', 'TTAntiMu', 'TTIso', 'TTOS']
DEBUG 2017-11-15 17:33:38,744: 	 Executing command: 'submit'
DEBUG 2017-11-15 17:33:38,745: 	 Found CRAB cache file /uscms/home/samuellh/.crab3
DEBUG 2017-11-15 17:33:38,767: 	 Checking credentials
DEBUG 2017-11-15 17:33:38,767: 	 Found proxy file /tmp/x509up_u52190
DEBUG 2017-11-15 17:33:38,767: 	 Getting proxy life time left
DEBUG 2017-11-15 17:33:38,870: 	 Executing : 
 command : voms-proxy-info -file /tmp/x509up_u52190 -timeleft
 output : 37669

 error: 
 retcode : 0
DEBUG 2017-11-15 17:33:38,973: 	 Executing : 
 command : voms-proxy-info -file /tmp/x509up_u52190 -actimeleft
 output : 37669

 error: 
 retcode : 0
DEBUG 2017-11-15 17:33:38,974: 	 Proxy valid for 10:27:49 hours
INFO 2017-11-15 17:33:38,974: 	 Will use CRAB configuration file crab3_TT_MC.py
DEBUG 2017-11-15 17:33:38,974: 	 Loading CRAB configuration file.
DEBUG 2017-11-15 17:33:39,059: 	 Will use CRAB Analysis plugin (i.e. will run an analysis job type).
DEBUG 2017-11-15 17:33:39,172: 	 Executing : 
 command : openssl x509 -in ~/.globus/usercert.pem -subject -noout
 output : subject= /DC=ch/DC=cern/OU=Organic Units/OU=Users/CN=shigginb/CN=785176/CN=Sam Higginbotham

 error: 
 retcode : 0
DEBUG 2017-11-15 17:33:39,173: 	 Checking credentials
DEBUG 2017-11-15 17:33:39,173: 	 Found proxy file /tmp/x509up_u52190
DEBUG 2017-11-15 17:33:39,173: 	 Getting proxy life time left
DEBUG 2017-11-15 17:33:39,276: 	 Executing : 
 command : voms-proxy-info -file /tmp/x509up_u52190 -timeleft
 output : 37668

 error: 
 retcode : 0
DEBUG 2017-11-15 17:33:39,379: 	 Executing : 
 command : voms-proxy-info -file /tmp/x509up_u52190 -actimeleft
 output : 37668

 error: 
 retcode : 0
DEBUG 2017-11-15 17:33:39,379: 	 Proxy valid for 10:27:48 hours
DEBUG 2017-11-15 17:33:39,482: 	 Executing : 
 command : env X509_USER_PROXY=/tmp/x509up_u52190 voms-proxy-info -fqan
 output : /cms/Role=NULL/Capability=NULL

 error: 
 retcode : 0
DEBUG 2017-11-15 17:33:41,328: 	 Registering user credentials for server /DC=ch/DC=cern/OU=computers/CN=vocms(045|052|021|031|0118|0118a|0119|0108|0105|0109).cern.ch
DEBUG 2017-11-15 17:33:41,436: 	 Executing : 
 command : openssl x509 -in ~/.globus/usercert.pem -subject -noout
 output : subject= /DC=ch/DC=cern/OU=Organic Units/OU=Users/CN=shigginb/CN=785176/CN=Sam Higginbotham

 error: 
 retcode : 0
DEBUG 2017-11-15 17:33:41,436: 	 Getting myproxy life time left for myproxy.cern.ch
DEBUG 2017-11-15 17:33:41,436: 	 Calculating hash of /DC=ch/DC=cern/OU=Organic Units/OU=Users/CN=shigginb/CN=785176/CN=Sam Higginbotham_cmsweb.cern.ch for credential name
DEBUG 2017-11-15 17:33:42,241: 	 Executing : 
 command : myproxy-info -l 2f318c7a260d78734589f2cc772d26b8be79ec6c -s myproxy.cern.ch
 output : username: 2f318c7a260d78734589f2cc772d26b8be79ec6c
owner: /DC=ch/DC=cern/OU=Organic Units/OU=Users/CN=shigginb/CN=785176/CN=Sam Higginbotham
  renewal policy: /DC=ch/DC=cern/OU=computers/CN=vocms(045|052|021|031|0118|0118a|0119|0108|0105|0109).cern.ch
  trusted retrieval policy: /DC=ch/DC=cern/OU=computers/CN=vocms(045|052|021|031|0118|0118a|0119|0108|0105|0109).cern.ch
  timeleft: 421:49:59  (17.6 days)

 error: 
 retcode : 0
DEBUG 2017-11-15 17:33:42,242: 	 Myproxy is valid: 1518599
DEBUG 2017-11-15 17:33:42,243: 	 Command use: submit
DEBUG 2017-11-15 17:33:42,243: 	 Options use: ['-c', 'crab3_TT_MC.py']
DEBUG 2017-11-15 17:33:43,905: 	 CRABClient version: 3.3.1707.patch1
DEBUG 2017-11-15 17:33:43,905: 	 Instance is prod
DEBUG 2017-11-15 17:33:43,905: 	 Server base url is cmsweb.cern.ch
DEBUG 2017-11-15 17:33:43,906: 	 Command url /crabserver/prod/workflow
DEBUG 2017-11-15 17:33:43,906: 	 Started submission
DEBUG 2017-11-15 17:33:43,906: 	 Working on /uscms_data/d3/samuellh/WorkingArea/TauAnalysis/CMSSW_9_3_2/src/PUAnalysis/VBFtt2017/crab/VBF16/crab_20171115_173339
DEBUG 2017-11-15 17:33:45,617: 	 Loading required information from the environment
DEBUG 2017-11-15 17:33:45,617: 	 Found CMSSW_9_3_2 for slc6_amd64_gcc630 with base /uscms_data/d3/samuellh/WorkingArea/TauAnalysis/CMSSW_9_3_2
DEBUG 2017-11-15 17:33:45,617: 	 Loading required information from the environment
DEBUG 2017-11-15 17:33:45,617: 	 Found CMSSW_9_3_2 for slc6_amd64_gcc630 with base /uscms_data/d3/samuellh/WorkingArea/TauAnalysis/CMSSW_9_3_2
DEBUG 2017-11-15 17:33:45,633: 	 UNIQUE NAME: tarUUID 43e5a7b3-357d-404a-a138-90c5e0b11dd7 
DEBUG 2017-11-15 17:33:45,634: 	 self.config: from WMCore.Configuration import Configuration
config = Configuration()
config.section_('General')
config.section_('JobType')
config.JobType.psetName = '../../../TT-MC-Up.py'
config.JobType.pluginName = 'Analysis'
config.JobType.inputFiles = ['../../../Configuration/data/PhaseIISummer16_25nsV3_MC.db']
config.JobType.outputFiles = ['analysis.root']
config.JobType.allowUndistributedCMSSW = True
config.section_('Data')
config.Data.inputDataset = '/RSGluonToTT_M-3000_TuneCUETP8M1_14TeV-pythia8/PhaseIITDRFall17MiniAOD-PU200_93X_upgrade2023_realistic_v2-v1/MINIAODSIM'
config.Data.allowNonValidInputDataset = True
config.Data.publication = False
config.Data.unitsPerJob = 1
config.Data.inputDBS = 'global'
config.Data.splitting = 'FileBased'
config.section_('Site')
config.Site.storageSite = 'T3_US_FNALLPC'
config.section_('User')
config.section_('Debug')

DEBUG 2017-11-15 17:33:45,634: 	 self.config.JobType.psetName: ../../../TT-MC-Up.py
INFO 2017-11-15 17:33:45,634: 	 Importing CMSSW configuration ../../../TT-MC-Up.py
INFO 2017-11-15 17:33:48,865: 	 Finished importing CMSSW configuration ../../../TT-MC-Up.py
DEBUG 2017-11-15 17:33:48,866: 	 Writing CMSSW configuration to /uscms_data/d3/samuellh/WorkingArea/TauAnalysis/CMSSW_9_3_2/src/PUAnalysis/VBFtt2017/crab/VBF16/crab_20171115_173339/inputs/PSet.py
DEBUG 2017-11-15 17:33:49,826: 	 The following EDM output files will be collected: []
DEBUG 2017-11-15 17:33:49,826: 	 The following TFile output files will be collected: ['analysis.root']
DEBUG 2017-11-15 17:33:49,826: 	 The following user output files will be collected: []
DEBUG 2017-11-15 17:33:49,826: 	 Loading required information from the environment
DEBUG 2017-11-15 17:33:49,826: 	 Found CMSSW_9_3_2 for slc6_amd64_gcc630 with base /uscms_data/d3/samuellh/WorkingArea/TauAnalysis/CMSSW_9_3_2
DEBUG 2017-11-15 17:33:49,826: 	 Making tarball in /uscms_data/d3/samuellh/WorkingArea/TauAnalysis/CMSSW_9_3_2/src/PUAnalysis/VBFtt2017/crab/VBF16/crab_20171115_173339/inputs/43e5a7b3-357d-404a-a138-90c5e0b11dd7default.tgz
DEBUG 2017-11-15 17:33:49,885: 	 Checking directory /uscms_data/d3/samuellh/WorkingArea/TauAnalysis/CMSSW_9_3_2/lib
DEBUG 2017-11-15 17:33:49,885: 	 Adding directory /uscms_data/d3/samuellh/WorkingArea/TauAnalysis/CMSSW_9_3_2/lib to tarball
DEBUG 2017-11-15 17:33:50,924: 	 Checking directory /uscms_data/d3/samuellh/WorkingArea/TauAnalysis/CMSSW_9_3_2/biglib
DEBUG 2017-11-15 17:33:50,925: 	 Adding directory /uscms_data/d3/samuellh/WorkingArea/TauAnalysis/CMSSW_9_3_2/biglib to tarball
DEBUG 2017-11-15 17:33:50,928: 	 Checking directory /uscms_data/d3/samuellh/WorkingArea/TauAnalysis/CMSSW_9_3_2/module
DEBUG 2017-11-15 17:33:52,336: 	 Adding data directory /uscms_data/d3/samuellh/WorkingArea/TauAnalysis/CMSSW_9_3_2/src/PUAnalysis/Configuration/data to tarball
DEBUG 2017-11-15 17:33:55,902: 	 Adding data directory /uscms_data/d3/samuellh/WorkingArea/TauAnalysis/CMSSW_9_3_2/src/PUAnalysis/DataFormats/interface to tarball
DEBUG 2017-11-15 17:33:55,933: 	 Adding data directory /uscms_data/d3/samuellh/WorkingArea/TauAnalysis/CMSSW_9_3_2/src/PUAnalysis/NtupleTools/interface to tarball
DEBUG 2017-11-15 17:33:55,952: 	 Adding data directory /uscms_data/d3/samuellh/WorkingArea/TauAnalysis/CMSSW_9_3_2/src/PUAnalysis/RecoTools/interface to tarball
DEBUG 2017-11-15 17:33:56,510: 	 Adding file ../../../Configuration/data/PhaseIISummer16_25nsV3_MC.db to tarball
DEBUG 2017-11-15 17:33:56,894: 	 Uploading archive /uscms_data/d3/samuellh/WorkingArea/TauAnalysis/CMSSW_9_3_2/src/PUAnalysis/VBFtt2017/crab/VBF16/crab_20171115_173339/inputs/43e5a7b3-357d-404a-a138-90c5e0b11dd7default.tgz (11 MB) to the CRAB cache. Using URI https://cmsweb.cern.ch/crabcache
DEBUG 2017-11-15 17:34:05,423: 	 Loading required information from the environment
DEBUG 2017-11-15 17:34:05,423: 	 Found CMSSW_9_3_2 for slc6_amd64_gcc630 with base /uscms_data/d3/samuellh/WorkingArea/TauAnalysis/CMSSW_9_3_2
DEBUG 2017-11-15 17:34:05,423: 	 Making tarball in /uscms_data/d3/samuellh/WorkingArea/TauAnalysis/CMSSW_9_3_2/src/PUAnalysis/VBFtt2017/crab/VBF16/crab_20171115_173339/inputs/debugFiles.tgz
DEBUG 2017-11-15 17:34:05,429: 	 Uploading archive /uscms_data/d3/samuellh/WorkingArea/TauAnalysis/CMSSW_9_3_2/src/PUAnalysis/VBFtt2017/crab/VBF16/crab_20171115_173339/inputs/debugFiles.tgz (2 KB) to the CRAB cache. Using URI https://cmsweb.cern.ch/crabcache
DEBUG 2017-11-15 17:34:07,315: 	 Result uploading input files: 4e198fb019d07e682a8bd09208595d4eb73bac82ae7f6e24154a54b4451cc952.tar.gz 
INFO 2017-11-15 17:34:07,315: 	 Sending the request to the server
DEBUG 2017-11-15 17:34:07,315: 	 Submitting {'maxjobruntime': 1250, 'extrajdl': [], 'ignorelocality': 0, 'savelogsflag': 0, 'useparent': 0, 'asyncdest': 'T3_US_FNALLPC', 'algoargs': 1, 'cachefilename': '4e198fb019d07e682a8bd09208595d4eb73bac82ae7f6e24154a54b4451cc952.tar.gz', 'numcores': 1, 'addoutputfiles': [], 'generator': 'pythia', 'maxmemory': 2000, 'publishdbsurl': 'https://cmsweb.cern.ch/dbs/prod/phys03/DBSWriter', 'priority': 10, 'jobsw': 'CMSSW_9_3_2', 'edmoutfiles': [], 'userfiles': [], 'primarydataset': '', 'inputdata': '/RSGluonToTT_M-3000_TuneCUETP8M1_14TeV-pythia8/PhaseIITDRFall17MiniAOD-PU200_93X_upgrade2023_realistic_v2-v1/MINIAODSIM', 'dryrun': 0, 'workflow': 'crab_20171115_173339', 'cacheurl': u'https://cmsweb.cern.ch/crabcache', 'nonprodsw': 1, 'tfileoutfiles': ['analysis.root'], 'oneEventMode': 0, 'debugfilename': '5ae75029367a44edee52fe16e542b00fd47ca51e6193d3899b71fa1a63546e1d.tar.gz', 'saveoutput': 1, 'publication': 0, 'jobarch': 'slc6_amd64_gcc630', 'totalunits': 0, 'splitalgo': 'FileBased', 'ignoreglobalblacklist': 0, 'nonvaliddata': 1, 'dbsurl': 'https://cmsweb.cern.ch/dbs/prod/global/DBSReader', 'publishgroupname': 0, 'jobtype': 'Analysis', 'publishname2': ''} 
DEBUG 2017-11-15 17:34:07,316: 	 Encoded submit request: maxjobruntime=1250&ignorelocality=0&savelogsflag=0&useparent=0&asyncdest=T3_US_FNALLPC&algoargs=1&cachefilename=4e198fb019d07e682a8bd09208595d4eb73bac82ae7f6e24154a54b4451cc952.tar.gz&numcores=1&generator=pythia&maxmemory=2000&publishdbsurl=https%3A%2F%2Fcmsweb.cern.ch%2Fdbs%2Fprod%2Fphys03%2FDBSWriter&priority=10&jobsw=CMSSW_9_3_2&primarydataset=&inputdata=%2FRSGluonToTT_M-3000_TuneCUETP8M1_14TeV-pythia8%2FPhaseIITDRFall17MiniAOD-PU200_93X_upgrade2023_realistic_v2-v1%2FMINIAODSIM&dryrun=0&workflow=crab_20171115_173339&cacheurl=https%3A%2F%2Fcmsweb.cern.ch%2Fcrabcache&nonprodsw=1&oneEventMode=0&debugfilename=5ae75029367a44edee52fe16e542b00fd47ca51e6193d3899b71fa1a63546e1d.tar.gz&saveoutput=1&publication=0&jobarch=slc6_amd64_gcc630&totalunits=0&splitalgo=FileBased&ignoreglobalblacklist=0&nonvaliddata=1&dbsurl=https%3A%2F%2Fcmsweb.cern.ch%2Fdbs%2Fprod%2Fglobal%2FDBSReader&publishgroupname=0&jobtype=Analysis&publishname2=&tfileoutfiles=analysis.root
DEBUG 2017-11-15 17:34:09,041: 	 Result: {u'result': [{u'RequestName': u'171115_233408:shigginb_crab_20171115_173339'}]}
INFO 2017-11-15 17:34:09,044: 	 Success: Your task has been delivered to the CRAB3 server.
INFO 2017-11-15 17:34:09,044: 	 Task name: 171115_233408:shigginb_crab_20171115_173339
INFO 2017-11-15 17:34:09,044: 	 Please use 'crab status' to check how the submission process proceeds.
DEBUG 2017-11-15 17:34:09,044: 	 About to return
INFO 2017-11-15 17:34:09,050: 	 Log file is /uscms_data/d3/samuellh/WorkingArea/TauAnalysis/CMSSW_9_3_2/src/PUAnalysis/VBFtt2017/crab/VBF16/crab_20171115_173339/crab.log
DEBUG 2017-11-15 17:51:08,351: 	 Executing command: 'status'
DEBUG 2017-11-15 17:51:08,352: 	 Found CRAB cache file /uscms/home/samuellh/.crab3
DEBUG 2017-11-15 17:51:08,359: 	 Checking credentials
DEBUG 2017-11-15 17:51:08,359: 	 Found proxy file /tmp/x509up_u52190
DEBUG 2017-11-15 17:51:08,360: 	 Getting proxy life time left
DEBUG 2017-11-15 17:51:08,463: 	 Executing : 
 command : voms-proxy-info -file /tmp/x509up_u52190 -timeleft
 output : 80453

 error: 
 retcode : 0
DEBUG 2017-11-15 17:51:08,566: 	 Executing : 
 command : voms-proxy-info -file /tmp/x509up_u52190 -actimeleft
 output : 80452

 error: 
 retcode : 0
DEBUG 2017-11-15 17:51:08,566: 	 Proxy valid for 22:20:53 hours
DEBUG 2017-11-15 17:51:08,680: 	 Executing : 
 command : openssl x509 -in ~/.globus/usercert.pem -subject -noout
 output : subject= /DC=ch/DC=cern/OU=Organic Units/OU=Users/CN=shigginb/CN=785176/CN=Sam Higginbotham

 error: 
 retcode : 0
DEBUG 2017-11-15 17:51:08,681: 	 Checking credentials
DEBUG 2017-11-15 17:51:08,681: 	 Found proxy file /tmp/x509up_u52190
DEBUG 2017-11-15 17:51:08,681: 	 Getting proxy life time left
DEBUG 2017-11-15 17:51:08,784: 	 Executing : 
 command : voms-proxy-info -file /tmp/x509up_u52190 -timeleft
 output : 80453

 error: 
 retcode : 0
DEBUG 2017-11-15 17:51:08,887: 	 Executing : 
 command : voms-proxy-info -file /tmp/x509up_u52190 -actimeleft
 output : 80452

 error: 
 retcode : 0
DEBUG 2017-11-15 17:51:08,888: 	 Proxy valid for 22:20:53 hours
DEBUG 2017-11-15 17:51:10,651: 	 Registering user credentials for server /DC=ch/DC=cern/OU=computers/CN=vocms(045|052|021|031|0118|0118a|0119|0108|0105|0109).cern.ch
DEBUG 2017-11-15 17:51:10,759: 	 Executing : 
 command : openssl x509 -in ~/.globus/usercert.pem -subject -noout
 output : subject= /DC=ch/DC=cern/OU=Organic Units/OU=Users/CN=shigginb/CN=785176/CN=Sam Higginbotham

 error: 
 retcode : 0
DEBUG 2017-11-15 17:51:10,760: 	 Getting myproxy life time left for myproxy.cern.ch
DEBUG 2017-11-15 17:51:10,760: 	 Calculating hash of /DC=ch/DC=cern/OU=Organic Units/OU=Users/CN=shigginb/CN=785176/CN=Sam Higginbotham_cmsweb.cern.ch for credential name
DEBUG 2017-11-15 17:51:11,464: 	 Executing : 
 command : myproxy-info -l 2f318c7a260d78734589f2cc772d26b8be79ec6c -s myproxy.cern.ch
 output : username: 2f318c7a260d78734589f2cc772d26b8be79ec6c
owner: /DC=ch/DC=cern/OU=Organic Units/OU=Users/CN=shigginb/CN=785176/CN=Sam Higginbotham
  renewal policy: /DC=ch/DC=cern/OU=computers/CN=vocms(045|052|021|031|0118|0118a|0119|0108|0105|0109).cern.ch
  trusted retrieval policy: /DC=ch/DC=cern/OU=computers/CN=vocms(045|052|021|031|0118|0118a|0119|0108|0105|0109).cern.ch
  timeleft: 421:32:30  (17.6 days)

 error: 
 retcode : 0
DEBUG 2017-11-15 17:51:11,466: 	 Myproxy is valid: 1517550
DEBUG 2017-11-15 17:51:11,466: 	 Command use: status
DEBUG 2017-11-15 17:51:11,466: 	 Options use: ['-d', 'crab_20171115_173339/']
DEBUG 2017-11-15 17:51:13,157: 	 CRABClient version: 3.3.1707.patch1
DEBUG 2017-11-15 17:51:13,157: 	 Instance is prod
DEBUG 2017-11-15 17:51:13,157: 	 Server base url is cmsweb.cern.ch
DEBUG 2017-11-15 17:51:13,157: 	 Command url /crabserver/prod/workflow
DEBUG 2017-11-15 17:51:15,048: 	 Got information from server oracle database: {u'result': [u'171115_233408:shigginb_crab_20171115_173339', u'None', u'SUBMITTED', u'2017-11-15 23:34:08.979318', u'None', u'2017-11-15 23:35:12.546661', u'None', u'CMSSW_9_3_2', u'slc6_amd64_gcc630', u'/RSGluonToTT_M-3000_TuneCUETP8M1_14TeV-pythia8/PhaseIITDRFall17MiniAOD-PU200_93X_upgrade2023_realistic_v2-v1/MINIAODSIM', u'[]', u'[]', u'FileBased', u"{'splitOnRun': False, 'halt_job_on_file_boundaries': False, 'files_per_job': 1, 'runs': [], 'lumis': []}", u'0', u'4e198fb019d07e682a8bd09208595d4eb73bac82ae7f6e24154a54b4451cc952.tar.gz', u'https://cmsweb.cern.ch/crabcache', u'shigginb', u'/DC=ch/DC=cern/OU=Organic Units/OU=Users/CN=shigginb/CN=785176/CN=Sam Higginbotham', u'cms', u'None', u'None', u'crab_20171115_173339-00000000000000000000000000000000', u'T3_US_FNALLPC', u'https://cmsweb.cern.ch/dbs/prod/global/DBSReader', u'https://cmsweb.cern.ch/dbs/prod/phys03/DBSWriter', u'F', u'Analysis', u'{}', u'[]', u'F', u'vocms052', u'[]', u'1250', u'1', u'2000', u'10', u'None', u'http://vocms0194.cern.ch/mon/cms1359/171115_233408:shigginb_crab_20171115_173339', u'None', u'None', u'[]', u'[]', u'["The input dataset /RSGluonToTT_M-3000_TuneCUETP8M1_14TeV-pythia8/PhaseIITDRFall17MiniAOD-PU200_93X_upgrade2023_realistic_v2-v1/MINIAODSIM is not \'VALID\' but \'PRODUCTION\'. CRAB will check if there are any valid files in the dataset and run only over those files."]', u'pythia', u'[]', u"['analysis.root']", u'[]', u'https://cmsweb.cern.ch/crabserver/prod', u'None', u'0', u'cmssrv221.fnal.gov:9620', u'crab3@vocms0194.cern.ch', u'F', u'[]', u'T', u'/store/user/shigginb/', u'F', u'None', u'F', u'F', u'T', u'None', u'RSGluonToTT_M-3000_TuneCUETP8M1_14TeV-pythia8', u'filetransfers', u'SUBMIT', u'13823876', u'5ae75029367a44edee52fe16e542b00fd47ca51e6193d3899b71fa1a63546e1d.tar.gz', u'131.225.189.130', u'F', u'None'], u'desc': {u'columns': [u'tm_taskname', u'panda_jobset_id', u'tm_task_status', u'tm_start_time', u'tm_start_injection', u'tm_end_injection', u'tm_task_failure', u'tm_job_sw', u'tm_job_arch', u'tm_input_dataset', u'tm_site_whitelist', u'tm_site_blacklist', u'tm_split_algo', u'tm_split_args', u'tm_totalunits', u'tm_user_sandbox', u'tm_cache_url', u'tm_username', u'tm_user_dn', u'tm_user_vo', u'tm_user_role', u'tm_user_group', u'tm_publish_name', u'tm_asyncdest', u'tm_dbs_url', u'tm_publish_dbs_url', u'tm_publication', u'tm_job_type', u'tm_arguments', u'panda_resubmitted_jobs', u'tm_save_logs', u'tw_name', u'tm_user_infiles', u'tm_maxjobruntime', u'tm_numcores', u'tm_maxmemory', u'tm_priority', u'tm_output_dataset', u'tm_user_webdir', u'tm_activity', u'tm_scriptexe', u'tm_scriptargs', u'tm_extrajdl', u'tm_task_warnings', u'tm_generator', u'tm_outfiles', u'tm_tfile_outfiles', u'tm_edm_outfiles', u'tm_asourl', u'tm_events_per_lumi', u'tm_use_parent', u'tm_collector', u'tm_schedd', u'tm_dry_run', u'tm_user_files', u'tm_transfer_outputs', u'tm_output_lfn', u'tm_ignore_locality', u'tm_fail_limit', u'tm_one_event_mode', u'tm_publish_groupname', u'tm_nonvalid_input_dataset', u'tm_secondary_input_dataset', u'tm_primary_dataset', u'tm_asodb', u'tm_task_command', u'clusterid', u'tm_debug_files', u'tm_submitter_ip_addr', u'tm_ignore_global_blacklist', u'tm_last_publication']}}
INFO 2017-11-15 17:51:15,048: 	 CRAB project directory:		/uscms_data/d3/samuellh/WorkingArea/TauAnalysis/CMSSW_9_3_2/src/PUAnalysis/VBFtt2017/crab/VBF16/crab_20171115_173339
INFO 2017-11-15 17:51:15,048: 	 Task name:			171115_233408:shigginb_crab_20171115_173339
INFO 2017-11-15 17:51:15,048: 	 Grid scheduler:			crab3@vocms0194.cern.ch
INFO 2017-11-15 17:51:15,048: 	 Status on the CRAB server:	SUBMITTED
INFO 2017-11-15 17:51:15,049: 	 Task URL to use for HELP:	https://cmsweb.cern.ch/crabserver/ui/task/171115_233408%3Ashigginb_crab_20171115_173339
INFO 2017-11-15 17:51:15,049: 	 Dashboard monitoring URL:	http://dashb-cms-job.cern.ch/dashboard/templates/task-analysis/#user=shigginb&refresh=0&table=Jobs&p=1&records=25&activemenu=2&status=&site=&tid=171115_233408%3Ashigginb_crab_20171115_173339
WARNING 2017-11-15 17:51:15,049: 	 Warning:			The input dataset /RSGluonToTT_M-3000_TuneCUETP8M1_14TeV-pythia8/PhaseIITDRFall17MiniAOD-PU200_93X_upgrade2023_realistic_v2-v1/MINIAODSIM is not 'VALID' but 'PRODUCTION'. CRAB will check if there are any valid files in the dataset and run only over those files.
DEBUG 2017-11-15 17:51:15,049: 	 The CRAB server submitted your task to the Grid scheduler (cluster ID: 13823876)
DEBUG 2017-11-15 17:51:15,049: 	 Webdir is located at http://vocms0194.cern.ch/mon/cms1359/171115_233408:shigginb_crab_20171115_173339
DEBUG 2017-11-15 17:51:16,719: 	 Proxied webdir is located at https://cmsweb.cern.ch/scheddmon/0194/cms1359/171115_233408:shigginb_crab_20171115_173339
DEBUG 2017-11-15 17:51:16,719: 	 Retrieving 'status_cache' file from https://cmsweb.cern.ch/scheddmon/0194/cms1359/171115_233408:shigginb_crab_20171115_173339/status_cache
DEBUG 2017-11-15 17:51:18,521: 	 Got information from status cache file: {'1': {'Retries': 0, 'WallDurations': [0], 'StartTimes': [], 'SubmitTimes': [1510788942.0], 'JobIds': ['13823901.0'], 'EndTimes': [], 'Restarts': 0, 'RecordedSite': False, 'State': 'idle', 'ResidentSetSize': [0], 'TotalUserCpuTimeHistory': [0], 'SiteHistory': ['Unknown'], 'TotalSysCpuTimeHistory': [0]}}
INFO 2017-11-15 17:51:18,521: 	 Status on the scheduler:	SUBMITTED
INFO 2017-11-15 17:51:18,521: 	 
Jobs status:                    idle          100.0% (1/1)
INFO 2017-11-15 17:51:18,521: 	 
No publication information (publication has been disabled in the CRAB configuration file)
INFO 2017-11-15 17:51:18,534: 	 Log file is /uscms_data/d3/samuellh/WorkingArea/TauAnalysis/CMSSW_9_3_2/src/PUAnalysis/VBFtt2017/crab/VBF16/crab_20171115_173339/crab.log
DEBUG 2017-11-16 04:00:44,178: 	 Executing command: 'status'
DEBUG 2017-11-16 04:00:44,178: 	 Found CRAB cache file /uscms/home/samuellh/.crab3
DEBUG 2017-11-16 04:00:44,183: 	 Checking credentials
DEBUG 2017-11-16 04:00:44,184: 	 Found proxy file /tmp/x509up_u52190
DEBUG 2017-11-16 04:00:44,184: 	 Getting proxy life time left
DEBUG 2017-11-16 04:00:44,285: 	 Executing : 
 command : voms-proxy-info -file /tmp/x509up_u52190 -timeleft
 output : 9239

 error: 
 retcode : 0
DEBUG 2017-11-16 04:00:44,388: 	 Executing : 
 command : voms-proxy-info -file /tmp/x509up_u52190 -actimeleft
 output : 9238

 error: 
 retcode : 0
DEBUG 2017-11-16 04:00:44,389: 	 Proxy valid for 02:33:59 hours
DEBUG 2017-11-16 04:00:44,506: 	 Executing : 
 command : openssl x509 -in ~/.globus/usercert.pem -subject -noout
 output : subject= /DC=ch/DC=cern/OU=Organic Units/OU=Users/CN=shigginb/CN=785176/CN=Sam Higginbotham

 error: 
 retcode : 0
DEBUG 2017-11-16 04:00:44,506: 	 Checking credentials
DEBUG 2017-11-16 04:00:44,506: 	 Found proxy file /tmp/x509up_u52190
DEBUG 2017-11-16 04:00:44,506: 	 Getting proxy life time left
DEBUG 2017-11-16 04:00:44,608: 	 Executing : 
 command : voms-proxy-info -file /tmp/x509up_u52190 -timeleft
 output : 9239

 error: 
 retcode : 0
DEBUG 2017-11-16 04:00:44,710: 	 Executing : 
 command : voms-proxy-info -file /tmp/x509up_u52190 -actimeleft
 output : 9238

 error: 
 retcode : 0
DEBUG 2017-11-16 04:00:44,711: 	 Proxy valid for 02:33:59 hours
DEBUG 2017-11-16 04:00:46,095: 	 Registering user credentials for server /DC=ch/DC=cern/OU=computers/CN=vocms(045|052|021|031|0118|0118a|0119|0108|0105|0109).cern.ch
DEBUG 2017-11-16 04:00:46,200: 	 Executing : 
 command : openssl x509 -in ~/.globus/usercert.pem -subject -noout
 output : subject= /DC=ch/DC=cern/OU=Organic Units/OU=Users/CN=shigginb/CN=785176/CN=Sam Higginbotham

 error: 
 retcode : 0
DEBUG 2017-11-16 04:00:46,200: 	 Getting myproxy life time left for myproxy.cern.ch
DEBUG 2017-11-16 04:00:46,200: 	 Calculating hash of /DC=ch/DC=cern/OU=Organic Units/OU=Users/CN=shigginb/CN=785176/CN=Sam Higginbotham_cmsweb.cern.ch for credential name
DEBUG 2017-11-16 04:00:47,004: 	 Executing : 
 command : myproxy-info -l 2f318c7a260d78734589f2cc772d26b8be79ec6c -s myproxy.cern.ch
 output : username: 2f318c7a260d78734589f2cc772d26b8be79ec6c
owner: /DC=ch/DC=cern/OU=Organic Units/OU=Users/CN=shigginb/CN=785176/CN=Sam Higginbotham
  renewal policy: /DC=ch/DC=cern/OU=computers/CN=vocms(045|052|021|031|0118|0118a|0119|0108|0105|0109).cern.ch
  trusted retrieval policy: /DC=ch/DC=cern/OU=computers/CN=vocms(045|052|021|031|0118|0118a|0119|0108|0105|0109).cern.ch
  timeleft: 411:22:55  (17.1 days)

 error: 
 retcode : 0
DEBUG 2017-11-16 04:00:47,006: 	 Myproxy is valid: 1480975
DEBUG 2017-11-16 04:00:47,006: 	 Command use: status
DEBUG 2017-11-16 04:00:47,006: 	 Options use: ['-d', 'crab_20171115_173339/']
DEBUG 2017-11-16 04:00:48,371: 	 CRABClient version: 3.3.1707.patch1
DEBUG 2017-11-16 04:00:48,371: 	 Instance is prod
DEBUG 2017-11-16 04:00:48,371: 	 Server base url is cmsweb.cern.ch
DEBUG 2017-11-16 04:00:48,371: 	 Command url /crabserver/prod/workflow
DEBUG 2017-11-16 04:00:49,721: 	 Got information from server oracle database: {u'result': [u'171115_233408:shigginb_crab_20171115_173339', u'None', u'SUBMITTED', u'2017-11-15 23:34:08.979318', u'None', u'2017-11-15 23:35:12.546661', u'None', u'CMSSW_9_3_2', u'slc6_amd64_gcc630', u'/RSGluonToTT_M-3000_TuneCUETP8M1_14TeV-pythia8/PhaseIITDRFall17MiniAOD-PU200_93X_upgrade2023_realistic_v2-v1/MINIAODSIM', u'[]', u'[]', u'FileBased', u"{'splitOnRun': False, 'halt_job_on_file_boundaries': False, 'files_per_job': 1, 'runs': [], 'lumis': []}", u'0', u'4e198fb019d07e682a8bd09208595d4eb73bac82ae7f6e24154a54b4451cc952.tar.gz', u'https://cmsweb.cern.ch/crabcache', u'shigginb', u'/DC=ch/DC=cern/OU=Organic Units/OU=Users/CN=shigginb/CN=785176/CN=Sam Higginbotham', u'cms', u'None', u'None', u'crab_20171115_173339-00000000000000000000000000000000', u'T3_US_FNALLPC', u'https://cmsweb.cern.ch/dbs/prod/global/DBSReader', u'https://cmsweb.cern.ch/dbs/prod/phys03/DBSWriter', u'F', u'Analysis', u'{}', u'[]', u'F', u'vocms052', u'[]', u'1250', u'1', u'2000', u'10', u'None', u'http://vocms0194.cern.ch/mon/cms1359/171115_233408:shigginb_crab_20171115_173339', u'None', u'None', u'[]', u'[]', u'["The input dataset /RSGluonToTT_M-3000_TuneCUETP8M1_14TeV-pythia8/PhaseIITDRFall17MiniAOD-PU200_93X_upgrade2023_realistic_v2-v1/MINIAODSIM is not \'VALID\' but \'PRODUCTION\'. CRAB will check if there are any valid files in the dataset and run only over those files."]', u'pythia', u'[]', u"['analysis.root']", u'[]', u'https://cmsweb.cern.ch/crabserver/prod', u'None', u'0', u'cmssrv221.fnal.gov:9620', u'crab3@vocms0194.cern.ch', u'F', u'[]', u'T', u'/store/user/shigginb/', u'F', u'None', u'F', u'F', u'T', u'None', u'RSGluonToTT_M-3000_TuneCUETP8M1_14TeV-pythia8', u'filetransfers', u'SUBMIT', u'13823876', u'5ae75029367a44edee52fe16e542b00fd47ca51e6193d3899b71fa1a63546e1d.tar.gz', u'131.225.189.130', u'F', u'None'], u'desc': {u'columns': [u'tm_taskname', u'panda_jobset_id', u'tm_task_status', u'tm_start_time', u'tm_start_injection', u'tm_end_injection', u'tm_task_failure', u'tm_job_sw', u'tm_job_arch', u'tm_input_dataset', u'tm_site_whitelist', u'tm_site_blacklist', u'tm_split_algo', u'tm_split_args', u'tm_totalunits', u'tm_user_sandbox', u'tm_cache_url', u'tm_username', u'tm_user_dn', u'tm_user_vo', u'tm_user_role', u'tm_user_group', u'tm_publish_name', u'tm_asyncdest', u'tm_dbs_url', u'tm_publish_dbs_url', u'tm_publication', u'tm_job_type', u'tm_arguments', u'panda_resubmitted_jobs', u'tm_save_logs', u'tw_name', u'tm_user_infiles', u'tm_maxjobruntime', u'tm_numcores', u'tm_maxmemory', u'tm_priority', u'tm_output_dataset', u'tm_user_webdir', u'tm_activity', u'tm_scriptexe', u'tm_scriptargs', u'tm_extrajdl', u'tm_task_warnings', u'tm_generator', u'tm_outfiles', u'tm_tfile_outfiles', u'tm_edm_outfiles', u'tm_asourl', u'tm_events_per_lumi', u'tm_use_parent', u'tm_collector', u'tm_schedd', u'tm_dry_run', u'tm_user_files', u'tm_transfer_outputs', u'tm_output_lfn', u'tm_ignore_locality', u'tm_fail_limit', u'tm_one_event_mode', u'tm_publish_groupname', u'tm_nonvalid_input_dataset', u'tm_secondary_input_dataset', u'tm_primary_dataset', u'tm_asodb', u'tm_task_command', u'clusterid', u'tm_debug_files', u'tm_submitter_ip_addr', u'tm_ignore_global_blacklist', u'tm_last_publication']}}
INFO 2017-11-16 04:00:49,721: 	 CRAB project directory:		/uscms_data/d3/samuellh/WorkingArea/TauAnalysis/CMSSW_9_3_2/src/PUAnalysis/VBFtt2017/crab/VBF16/crab_20171115_173339
INFO 2017-11-16 04:00:49,721: 	 Task name:			171115_233408:shigginb_crab_20171115_173339
INFO 2017-11-16 04:00:49,721: 	 Grid scheduler:			crab3@vocms0194.cern.ch
INFO 2017-11-16 04:00:49,721: 	 Status on the CRAB server:	SUBMITTED
INFO 2017-11-16 04:00:49,721: 	 Task URL to use for HELP:	https://cmsweb.cern.ch/crabserver/ui/task/171115_233408%3Ashigginb_crab_20171115_173339
INFO 2017-11-16 04:00:49,721: 	 Dashboard monitoring URL:	http://dashb-cms-job.cern.ch/dashboard/templates/task-analysis/#user=shigginb&refresh=0&table=Jobs&p=1&records=25&activemenu=2&status=&site=&tid=171115_233408%3Ashigginb_crab_20171115_173339
WARNING 2017-11-16 04:00:49,722: 	 Warning:			The input dataset /RSGluonToTT_M-3000_TuneCUETP8M1_14TeV-pythia8/PhaseIITDRFall17MiniAOD-PU200_93X_upgrade2023_realistic_v2-v1/MINIAODSIM is not 'VALID' but 'PRODUCTION'. CRAB will check if there are any valid files in the dataset and run only over those files.
DEBUG 2017-11-16 04:00:49,722: 	 The CRAB server submitted your task to the Grid scheduler (cluster ID: 13823876)
DEBUG 2017-11-16 04:00:49,722: 	 Webdir is located at http://vocms0194.cern.ch/mon/cms1359/171115_233408:shigginb_crab_20171115_173339
DEBUG 2017-11-16 04:00:51,092: 	 Proxied webdir is located at https://cmsweb.cern.ch/scheddmon/0194/cms1359/171115_233408:shigginb_crab_20171115_173339
DEBUG 2017-11-16 04:00:51,092: 	 Retrieving 'status_cache' file from https://cmsweb.cern.ch/scheddmon/0194/cms1359/171115_233408:shigginb_crab_20171115_173339/status_cache
DEBUG 2017-11-16 04:00:52,446: 	 Got information from status cache file: {'1': {'Retries': 0, 'WallDurations': [1013.0], 'StartTimes': [1510789797.0], 'SubmitTimes': [1510788942.0], 'JobIds': ['13823901.0'], 'EndTimes': [1510790810.0], 'Restarts': 0, 'RecordedSite': False, 'State': 'finished', 'ResidentSetSize': [759324], 'TotalUserCpuTimeHistory': [131], 'SiteHistory': ['Unknown'], 'TotalSysCpuTimeHistory': [14]}}
INFO 2017-11-16 04:00:52,447: 	 Status on the scheduler:	COMPLETED
INFO 2017-11-16 04:00:52,447: 	 
Jobs status:                    finished      100.0% (1/1)
INFO 2017-11-16 04:00:52,447: 	 
No publication information (publication has been disabled in the CRAB configuration file)
INFO 2017-11-16 04:00:52,469: 	 Log file is /uscms_data/d3/samuellh/WorkingArea/TauAnalysis/CMSSW_9_3_2/src/PUAnalysis/VBFtt2017/crab/VBF16/crab_20171115_173339/crab.log
