# Conditions read from  CMS_CONDITIONS  via FrontierProd 
 ################################################################### 
 # WARNING: this module is deprecated.                             # 
 # Please use CondCore.CondDB.CondDB_cfi.py                        # 
 ################################################################### 
recorrecting the jets
List Of Filters
['processedEvents', 'initialEventsTT', 'AtLeastOneDiMuon', 'DiMuonCreation', 'AtLeastOneDiTau', 'TTTauPtEta', 'TTTauDecayFound', 'TTTauStandardDecayFound', 'TTTauDRSel', 'TTSync', 'TTAntiEle', 'TTAntiMu', 'TTIso', 'TTOS']
DEBUG 2018-02-23 15:38:13,868: 	 Executing command: 'submit'
DEBUG 2018-02-23 15:38:13,869: 	 Found CRAB cache file /uscms/home/samuellh/.crab3
DEBUG 2018-02-23 15:38:13,879: 	 Checking credentials
DEBUG 2018-02-23 15:38:13,879: 	 Found proxy file /tmp/x509up_u52190
DEBUG 2018-02-23 15:38:13,879: 	 Getting proxy life time left
DEBUG 2018-02-23 15:38:13,982: 	 Executing : 
 command : voms-proxy-info -file /tmp/x509up_u52190 -timeleft
 output : 38369

 error: 
 retcode : 0
DEBUG 2018-02-23 15:38:14,086: 	 Executing : 
 command : voms-proxy-info -file /tmp/x509up_u52190 -actimeleft
 output : 38367

 error: 
 retcode : 0
DEBUG 2018-02-23 15:38:14,086: 	 Proxy valid for 10:39:29 hours
INFO 2018-02-23 15:38:14,087: 	 Will use CRAB configuration file crab3_cp_mc.py
DEBUG 2018-02-23 15:38:14,087: 	 Loading CRAB configuration file.
DEBUG 2018-02-23 15:38:14,100: 	 Will use CRAB Analysis plugin (i.e. will run an analysis job type).
DEBUG 2018-02-23 15:38:14,218: 	 Executing : 
 command : openssl x509 -in ~/.globus/usercert.pem -subject -noout
 output : subject= /DC=ch/DC=cern/OU=Organic Units/OU=Users/CN=shigginb/CN=785176/CN=Sam Higginbotham

 error: 
 retcode : 0
DEBUG 2018-02-23 15:38:14,218: 	 Checking credentials
DEBUG 2018-02-23 15:38:14,218: 	 Found proxy file /tmp/x509up_u52190
DEBUG 2018-02-23 15:38:14,218: 	 Getting proxy life time left
DEBUG 2018-02-23 15:38:14,322: 	 Executing : 
 command : voms-proxy-info -file /tmp/x509up_u52190 -timeleft
 output : 38368

 error: 
 retcode : 0
DEBUG 2018-02-23 15:38:14,425: 	 Executing : 
 command : voms-proxy-info -file /tmp/x509up_u52190 -actimeleft
 output : 38367

 error: 
 retcode : 0
DEBUG 2018-02-23 15:38:14,425: 	 Proxy valid for 10:39:28 hours
DEBUG 2018-02-23 15:38:14,529: 	 Executing : 
 command : env X509_USER_PROXY=/tmp/x509up_u52190 voms-proxy-info -fqan
 output : /cms/Role=NULL/Capability=NULL

 error: 
 retcode : 0
DEBUG 2018-02-23 15:38:15,650: 	 Registering user credentials for server /DC=ch/DC=cern/OU=computers/CN=vocms(045|052|021|031|0118|0118a|0119|0108|0105|0109).cern.ch
DEBUG 2018-02-23 15:38:15,758: 	 Executing : 
 command : openssl x509 -in ~/.globus/usercert.pem -subject -noout
 output : subject= /DC=ch/DC=cern/OU=Organic Units/OU=Users/CN=shigginb/CN=785176/CN=Sam Higginbotham

 error: 
 retcode : 0
DEBUG 2018-02-23 15:38:15,758: 	 Getting myproxy life time left for myproxy.cern.ch
DEBUG 2018-02-23 15:38:15,758: 	 Calculating hash of /DC=ch/DC=cern/OU=Organic Units/OU=Users/CN=shigginb/CN=785176/CN=Sam Higginbotham_cmsweb.cern.ch for credential name
DEBUG 2018-02-23 15:38:16,463: 	 Executing : 
 command : myproxy-info -l 2f318c7a260d78734589f2cc772d26b8be79ec6c -s myproxy.cern.ch
 output : username: 2f318c7a260d78734589f2cc772d26b8be79ec6c
owner: /DC=ch/DC=cern/OU=Organic Units/OU=Users/CN=shigginb/CN=785176/CN=Sam Higginbotham
  renewal policy: /DC=ch/DC=cern/OU=computers/CN=vocms(045|052|021|031|0118|0118a|0119|0108|0105|0109).cern.ch
  trusted retrieval policy: /DC=ch/DC=cern/OU=computers/CN=vocms(045|052|021|031|0118|0118a|0119|0108|0105|0109).cern.ch
  timeleft: 478:29:09  (19.9 days)

 error: 
 retcode : 0
DEBUG 2018-02-23 15:38:16,464: 	 Myproxy is valid: 1722549
DEBUG 2018-02-23 15:38:16,464: 	 Command use: submit
DEBUG 2018-02-23 15:38:16,464: 	 Options use: ['-c', 'crab3_cp_mc.py']
DEBUG 2018-02-23 15:38:17,567: 	 CRABClient version: 3.3.1802
DEBUG 2018-02-23 15:38:17,567: 	 Instance is prod
DEBUG 2018-02-23 15:38:17,568: 	 Server base url is cmsweb.cern.ch
DEBUG 2018-02-23 15:38:17,568: 	 Command url /crabserver/prod/workflow
DEBUG 2018-02-23 15:38:17,568: 	 Started submission
DEBUG 2018-02-23 15:38:17,568: 	 Working on /uscms_data/d3/samuellh/WorkingArea/CpHiggs/CMSSW_8_0_21/src/PUAnalysis/CrabTools/crab/ZHiggs0L1fZH05ph0/CP_Higgs_2016/crab_20180223_153814
DEBUG 2018-02-23 15:38:19,045: 	 Loading required information from the environment
DEBUG 2018-02-23 15:38:19,045: 	 Found CMSSW_8_0_21 for slc6_amd64_gcc530 with base /uscms_data/d3/samuellh/WorkingArea/CpHiggs/CMSSW_8_0_21
DEBUG 2018-02-23 15:38:19,045: 	 Loading required information from the environment
DEBUG 2018-02-23 15:38:19,045: 	 Found CMSSW_8_0_21 for slc6_amd64_gcc530 with base /uscms_data/d3/samuellh/WorkingArea/CpHiggs/CMSSW_8_0_21
DEBUG 2018-02-23 15:38:19,059: 	 UNIQUE NAME: tarUUID 289c2254-3e86-4408-a2b3-1ddcb493f572 
DEBUG 2018-02-23 15:38:19,059: 	 self.config: from WMCore.Configuration import Configuration
config = Configuration()
config.section_('General')
config.General.workArea = 'CP_Higgs_2016'
config.General.requestName = ''
config.section_('JobType')
config.JobType.psetName = '../../../cp-mc.py'
config.JobType.pluginName = 'Analysis'
config.JobType.inputFiles = ['../../../Configuration/data/Summer16_23Sep2016V4_MC.db']
config.JobType.outputFiles = ['analysis.root']
config.JobType.allowUndistributedCMSSW = True
config.section_('Data')
config.Data.inputDataset = '/ZHiggs0L1fZH05ph0_Undecayed_M-125_13TeV-JHUgenV6/RunIISummer16MiniAODv2-PUMoriond17_80X_mcRun2_asymptotic_2016_TrancheIV_v6-v1/MINIAODSIM'
config.Data.unitsPerJob = 1
config.Data.publication = False
config.Data.inputDBS = 'global'
config.Data.splitting = 'FileBased'
config.section_('Site')
config.Site.storageSite = 'T3_US_FNALLPC'
config.section_('User')
config.section_('Debug')

DEBUG 2018-02-23 15:38:19,059: 	 self.config.JobType.psetName: ../../../cp-mc.py
INFO 2018-02-23 15:38:19,060: 	 Importing CMSSW configuration ../../../cp-mc.py
INFO 2018-02-23 15:38:22,702: 	 Finished importing CMSSW configuration ../../../cp-mc.py
DEBUG 2018-02-23 15:38:22,702: 	 Writing CMSSW configuration to /uscms_data/d3/samuellh/WorkingArea/CpHiggs/CMSSW_8_0_21/src/PUAnalysis/CrabTools/crab/ZHiggs0L1fZH05ph0/CP_Higgs_2016/crab_20180223_153814/inputs/PSet.py
DEBUG 2018-02-23 15:38:23,817: 	 The following EDM output files will be collected: []
DEBUG 2018-02-23 15:38:23,817: 	 The following TFile output files will be collected: ['analysis.root']
DEBUG 2018-02-23 15:38:23,817: 	 The following user output files will be collected: []
DEBUG 2018-02-23 15:38:23,817: 	 Loading required information from the environment
DEBUG 2018-02-23 15:38:23,817: 	 Found CMSSW_8_0_21 for slc6_amd64_gcc530 with base /uscms_data/d3/samuellh/WorkingArea/CpHiggs/CMSSW_8_0_21
DEBUG 2018-02-23 15:38:23,817: 	 Making tarball in /uscms_data/d3/samuellh/WorkingArea/CpHiggs/CMSSW_8_0_21/src/PUAnalysis/CrabTools/crab/ZHiggs0L1fZH05ph0/CP_Higgs_2016/crab_20180223_153814/inputs/289c2254-3e86-4408-a2b3-1ddcb493f572default.tgz
DEBUG 2018-02-23 15:38:23,908: 	 Checking directory /uscms_data/d3/samuellh/WorkingArea/CpHiggs/CMSSW_8_0_21/lib
DEBUG 2018-02-23 15:38:23,908: 	 Adding directory /uscms_data/d3/samuellh/WorkingArea/CpHiggs/CMSSW_8_0_21/lib to tarball
DEBUG 2018-02-23 15:38:33,590: 	 Checking directory /uscms_data/d3/samuellh/WorkingArea/CpHiggs/CMSSW_8_0_21/biglib
DEBUG 2018-02-23 15:38:33,590: 	 Adding directory /uscms_data/d3/samuellh/WorkingArea/CpHiggs/CMSSW_8_0_21/biglib to tarball
DEBUG 2018-02-23 15:38:33,592: 	 Checking directory /uscms_data/d3/samuellh/WorkingArea/CpHiggs/CMSSW_8_0_21/module
DEBUG 2018-02-23 15:38:33,981: 	 Adding data directory /uscms_data/d3/samuellh/WorkingArea/CpHiggs/CMSSW_8_0_21/src/PUAnalysis/Configuration/data to tarball
DEBUG 2018-02-23 15:38:37,242: 	 Adding data directory /uscms_data/d3/samuellh/WorkingArea/CpHiggs/CMSSW_8_0_21/src/PUAnalysis/DataFormats/interface to tarball
DEBUG 2018-02-23 15:38:37,252: 	 Adding data directory /uscms_data/d3/samuellh/WorkingArea/CpHiggs/CMSSW_8_0_21/src/PUAnalysis/NtupleTools/interface to tarball
DEBUG 2018-02-23 15:38:37,269: 	 Adding data directory /uscms_data/d3/samuellh/WorkingArea/CpHiggs/CMSSW_8_0_21/src/PUAnalysis/RecoTools/interface to tarball
DEBUG 2018-02-23 15:38:37,306: 	 Adding data directory /uscms_data/d3/samuellh/WorkingArea/CpHiggs/CMSSW_8_0_21/src/PUAnalysis/StatTools/ROOT/interface to tarball
DEBUG 2018-02-23 15:38:37,311: 	 Adding data directory /uscms_data/d3/samuellh/WorkingArea/CpHiggs/CMSSW_8_0_21/src/PUAnalysis/StatTools/data to tarball
DEBUG 2018-02-23 15:38:37,317: 	 Adding data directory /uscms_data/d3/samuellh/WorkingArea/CpHiggs/CMSSW_8_0_21/src/PUAnalysis/StatTools/interface to tarball
DEBUG 2018-02-23 15:38:37,618: 	 Adding data directory /uscms_data/d3/samuellh/WorkingArea/CpHiggs/CMSSW_8_0_21/src/ZZMatrixElement/MEKD/interface to tarball
DEBUG 2018-02-23 15:38:37,695: 	 Adding data directory /uscms_data/d3/samuellh/WorkingArea/CpHiggs/CMSSW_8_0_21/src/ZZMatrixElement/MELA/data to tarball
DEBUG 2018-02-23 15:39:02,436: 	 Adding data directory /uscms_data/d3/samuellh/WorkingArea/CpHiggs/CMSSW_8_0_21/src/ZZMatrixElement/MELA/interface to tarball
DEBUG 2018-02-23 15:39:02,586: 	 Adding data directory /uscms_data/d3/samuellh/WorkingArea/CpHiggs/CMSSW_8_0_21/src/ZZMatrixElement/MEMCalculators/interface to tarball
DEBUG 2018-02-23 15:39:02,590: 	 Adding data directory /uscms_data/d3/samuellh/WorkingArea/CpHiggs/CMSSW_8_0_21/src/ZZMatrixElement/PythonWrapper/interface to tarball
DEBUG 2018-02-23 15:39:02,606: 	 Adding data directory /uscms_data/d3/samuellh/WorkingArea/CpHiggs/CMSSW_8_0_21/src/TauAnalysis/SVfitStandalone/data to tarball
DEBUG 2018-02-23 15:39:02,616: 	 Adding data directory /uscms_data/d3/samuellh/WorkingArea/CpHiggs/CMSSW_8_0_21/src/TauAnalysis/SVfitStandalone/interface to tarball
DEBUG 2018-02-23 15:39:02,628: 	 Adding data directory /uscms_data/d3/samuellh/WorkingArea/CpHiggs/CMSSW_8_0_21/src/DataFormats/CTPPSReco/interface to tarball
DEBUG 2018-02-23 15:39:02,634: 	 Adding file ../../../Configuration/data/Summer16_23Sep2016V4_MC.db to tarball
DEBUG 2018-02-23 15:39:03,456: 	 Uploading archive /uscms_data/d3/samuellh/WorkingArea/CpHiggs/CMSSW_8_0_21/src/PUAnalysis/CrabTools/crab/ZHiggs0L1fZH05ph0/CP_Higgs_2016/crab_20180223_153814/inputs/289c2254-3e86-4408-a2b3-1ddcb493f572default.tgz (63 MB) to the CRAB cache. Using URI https://cmsweb.cern.ch/crabcache
DEBUG 2018-02-23 15:39:36,782: 	 Loading required information from the environment
DEBUG 2018-02-23 15:39:36,782: 	 Found CMSSW_8_0_21 for slc6_amd64_gcc530 with base /uscms_data/d3/samuellh/WorkingArea/CpHiggs/CMSSW_8_0_21
DEBUG 2018-02-23 15:39:36,782: 	 Making tarball in /uscms_data/d3/samuellh/WorkingArea/CpHiggs/CMSSW_8_0_21/src/PUAnalysis/CrabTools/crab/ZHiggs0L1fZH05ph0/CP_Higgs_2016/crab_20180223_153814/inputs/debugFiles.tgz
DEBUG 2018-02-23 15:39:36,788: 	 Uploading archive /uscms_data/d3/samuellh/WorkingArea/CpHiggs/CMSSW_8_0_21/src/PUAnalysis/CrabTools/crab/ZHiggs0L1fZH05ph0/CP_Higgs_2016/crab_20180223_153814/inputs/debugFiles.tgz (2 KB) to the CRAB cache. Using URI https://cmsweb.cern.ch/crabcache
DEBUG 2018-02-23 15:39:38,119: 	 Result uploading input files: 96ab15e7c14266e693aed3c1f6d4a65723f909417b130812bd0067a433ff65f9.tar.gz 
INFO 2018-02-23 15:39:38,120: 	 Sending the request to the server
DEBUG 2018-02-23 15:39:38,120: 	 Submitting {'maxjobruntime': 1250, 'extrajdl': [], 'ignorelocality': 0, 'savelogsflag': 0, 'useparent': 0, 'asyncdest': 'T3_US_FNALLPC', 'algoargs': 1, 'cachefilename': '96ab15e7c14266e693aed3c1f6d4a65723f909417b130812bd0067a433ff65f9.tar.gz', 'numcores': 1, 'addoutputfiles': [], 'generator': 'pythia', 'maxmemory': 2000, 'publishdbsurl': 'https://cmsweb.cern.ch/dbs/prod/phys03/DBSWriter', 'priority': 10, 'jobsw': 'CMSSW_8_0_21', 'edmoutfiles': [], 'userfiles': [], 'primarydataset': '', 'inputdata': '/ZHiggs0L1fZH05ph0_Undecayed_M-125_13TeV-JHUgenV6/RunIISummer16MiniAODv2-PUMoriond17_80X_mcRun2_asymptotic_2016_TrancheIV_v6-v1/MINIAODSIM', 'dryrun': 0, 'workflow': 'crab_20180223_153814', 'cacheurl': u'https://cmsweb.cern.ch/crabcache', 'nonprodsw': 1, 'tfileoutfiles': ['analysis.root'], 'oneEventMode': 0, 'debugfilename': '341f7d77159ad8752a891e351a4494013e61477145f6da8b19ccaef3d9d6e04c.tar.gz', 'saveoutput': 1, 'publication': 0, 'jobarch': 'slc6_amd64_gcc530', 'totalunits': 0, 'splitalgo': 'FileBased', 'ignoreglobalblacklist': 0, 'nonvaliddata': 0, 'dbsurl': 'https://cmsweb.cern.ch/dbs/prod/global/DBSReader', 'publishgroupname': 0, 'jobtype': 'Analysis', 'publishname2': ''} 
DEBUG 2018-02-23 15:39:38,120: 	 Encoded submit request: maxjobruntime=1250&ignorelocality=0&savelogsflag=0&useparent=0&asyncdest=T3_US_FNALLPC&algoargs=1&cachefilename=96ab15e7c14266e693aed3c1f6d4a65723f909417b130812bd0067a433ff65f9.tar.gz&numcores=1&generator=pythia&maxmemory=2000&publishdbsurl=https%3A%2F%2Fcmsweb.cern.ch%2Fdbs%2Fprod%2Fphys03%2FDBSWriter&priority=10&jobsw=CMSSW_8_0_21&primarydataset=&inputdata=%2FZHiggs0L1fZH05ph0_Undecayed_M-125_13TeV-JHUgenV6%2FRunIISummer16MiniAODv2-PUMoriond17_80X_mcRun2_asymptotic_2016_TrancheIV_v6-v1%2FMINIAODSIM&dryrun=0&workflow=crab_20180223_153814&cacheurl=https%3A%2F%2Fcmsweb.cern.ch%2Fcrabcache&nonprodsw=1&oneEventMode=0&debugfilename=341f7d77159ad8752a891e351a4494013e61477145f6da8b19ccaef3d9d6e04c.tar.gz&saveoutput=1&publication=0&jobarch=slc6_amd64_gcc530&totalunits=0&splitalgo=FileBased&ignoreglobalblacklist=0&nonvaliddata=0&dbsurl=https%3A%2F%2Fcmsweb.cern.ch%2Fdbs%2Fprod%2Fglobal%2FDBSReader&publishgroupname=0&jobtype=Analysis&publishname2=&tfileoutfiles=analysis.root
DEBUG 2018-02-23 15:39:39,276: 	 Result: {u'result': [{u'RequestName': u'180223_213939:shigginb_crab_20180223_153814'}]}
INFO 2018-02-23 15:39:39,279: 	 Success: Your task has been delivered to the CRAB3 server.
INFO 2018-02-23 15:39:39,279: 	 Task name: 180223_213939:shigginb_crab_20180223_153814
INFO 2018-02-23 15:39:39,279: 	 Please use 'crab status' to check how the submission process proceeds.
DEBUG 2018-02-23 15:39:39,279: 	 About to return
INFO 2018-02-23 15:39:39,283: 	 Log file is /uscms_data/d3/samuellh/WorkingArea/CpHiggs/CMSSW_8_0_21/src/PUAnalysis/CrabTools/crab/ZHiggs0L1fZH05ph0/CP_Higgs_2016/crab_20180223_153814/crab.log
DEBUG 2018-02-23 16:03:09,577: 	 Executing command: 'status'
DEBUG 2018-02-23 16:03:09,578: 	 Found CRAB cache file /uscms/home/samuellh/.crab3
DEBUG 2018-02-23 16:03:09,588: 	 Checking credentials
DEBUG 2018-02-23 16:03:09,588: 	 Found proxy file /tmp/x509up_u52190
DEBUG 2018-02-23 16:03:09,588: 	 Getting proxy life time left
DEBUG 2018-02-23 16:03:09,691: 	 Executing : 
 command : voms-proxy-info -file /tmp/x509up_u52190 -timeleft
 output : 36873

 error: 
 retcode : 0
DEBUG 2018-02-23 16:03:09,795: 	 Executing : 
 command : voms-proxy-info -file /tmp/x509up_u52190 -actimeleft
 output : 36872

 error: 
 retcode : 0
DEBUG 2018-02-23 16:03:09,795: 	 Proxy valid for 10:14:33 hours
DEBUG 2018-02-23 16:03:09,905: 	 Executing : 
 command : openssl x509 -in ~/.globus/usercert.pem -subject -noout
 output : subject= /DC=ch/DC=cern/OU=Organic Units/OU=Users/CN=shigginb/CN=785176/CN=Sam Higginbotham

 error: 
 retcode : 0
DEBUG 2018-02-23 16:03:09,905: 	 Checking credentials
DEBUG 2018-02-23 16:03:09,905: 	 Found proxy file /tmp/x509up_u52190
DEBUG 2018-02-23 16:03:09,905: 	 Getting proxy life time left
DEBUG 2018-02-23 16:03:10,008: 	 Executing : 
 command : voms-proxy-info -file /tmp/x509up_u52190 -timeleft
 output : 36873

 error: 
 retcode : 0
DEBUG 2018-02-23 16:03:10,111: 	 Executing : 
 command : voms-proxy-info -file /tmp/x509up_u52190 -actimeleft
 output : 36871

 error: 
 retcode : 0
DEBUG 2018-02-23 16:03:10,111: 	 Proxy valid for 10:14:33 hours
DEBUG 2018-02-23 16:03:11,028: 	 Registering user credentials for server /DC=ch/DC=cern/OU=computers/CN=vocms(045|052|021|031|0118|0118a|0119|0108|0105|0109).cern.ch
DEBUG 2018-02-23 16:03:11,134: 	 Executing : 
 command : openssl x509 -in ~/.globus/usercert.pem -subject -noout
 output : subject= /DC=ch/DC=cern/OU=Organic Units/OU=Users/CN=shigginb/CN=785176/CN=Sam Higginbotham

 error: 
 retcode : 0
DEBUG 2018-02-23 16:03:11,134: 	 Getting myproxy life time left for myproxy.cern.ch
DEBUG 2018-02-23 16:03:11,134: 	 Calculating hash of /DC=ch/DC=cern/OU=Organic Units/OU=Users/CN=shigginb/CN=785176/CN=Sam Higginbotham_cmsweb.cern.ch for credential name
DEBUG 2018-02-23 16:03:11,838: 	 Executing : 
 command : myproxy-info -l 2f318c7a260d78734589f2cc772d26b8be79ec6c -s myproxy.cern.ch
 output : username: 2f318c7a260d78734589f2cc772d26b8be79ec6c
owner: /DC=ch/DC=cern/OU=Organic Units/OU=Users/CN=shigginb/CN=785176/CN=Sam Higginbotham
  renewal policy: /DC=ch/DC=cern/OU=computers/CN=vocms(045|052|021|031|0118|0118a|0119|0108|0105|0109).cern.ch
  trusted retrieval policy: /DC=ch/DC=cern/OU=computers/CN=vocms(045|052|021|031|0118|0118a|0119|0108|0105|0109).cern.ch
  timeleft: 478:04:14  (19.9 days)

 error: 
 retcode : 0
DEBUG 2018-02-23 16:03:11,840: 	 Myproxy is valid: 1721054
DEBUG 2018-02-23 16:03:11,840: 	 Command use: status
DEBUG 2018-02-23 16:03:11,840: 	 Options use: ['-d', 'CP_Higgs_2016/crab_20180223_153814']
DEBUG 2018-02-23 16:03:12,903: 	 CRABClient version: 3.3.1802
DEBUG 2018-02-23 16:03:12,903: 	 Instance is prod
DEBUG 2018-02-23 16:03:12,903: 	 Server base url is cmsweb.cern.ch
DEBUG 2018-02-23 16:03:12,903: 	 Command url /crabserver/prod/workflow
DEBUG 2018-02-23 16:03:14,020: 	 Got information from server oracle database: {u'result': [u'180223_213939:shigginb_crab_20180223_153814', u'None', u'None', u'SUBMITTED', u'SUBMIT', u'2018-02-23 21:39:39.216294', u'None', u'2018-02-23 21:40:44.974086', u'None', u'CMSSW_8_0_21', u'slc6_amd64_gcc530', u'/ZHiggs0L1fZH05ph0_Undecayed_M-125_13TeV-JHUgenV6/RunIISummer16MiniAODv2-PUMoriond17_80X_mcRun2_asymptotic_2016_TrancheIV_v6-v1/MINIAODSIM', u'F', u'0', u'[]', u'[]', u'FileBased', u"{'splitOnRun': False, 'halt_job_on_file_boundaries': False, 'files_per_job': 1, 'runs': [], 'lumis': []}", u'0', u'96ab15e7c14266e693aed3c1f6d4a65723f909417b130812bd0067a433ff65f9.tar.gz', u'https://cmsweb.cern.ch/crabcache', u'shigginb', u'/DC=ch/DC=cern/OU=Organic Units/OU=Users/CN=shigginb/CN=785176/CN=Sam Higginbotham', u'cms', u'None', u'None', u'crab_20180223_153814-00000000000000000000000000000000', u'F', u'T3_US_FNALLPC', u'https://cmsweb.cern.ch/dbs/prod/global/DBSReader', u'https://cmsweb.cern.ch/dbs/prod/phys03/DBSWriter', u'F', u'[]', u"['analysis.root']", u'[]', u'Analysis', u'pythia', u'None', u'{}', u'[]', u'F', u'vocms052', u'[]', u'1250', u'1', u'2000', u'10', u'None', u'[]', u'http://vocms0155.cern.ch/mon/cms1359/180223_213939:shigginb_crab_20180223_153814', u'None', u'[]', u'[]', u'https://cmsweb.cern.ch/crabserver/prod', u'cmsgwms-collector-global.cern.ch:9620,cmssrv221.fnal.gov:9620', u'crab3@vocms0155.cern.ch', u'F', u'[]', u'T', u'/store/user/shigginb/', u'F', u'None', u'F', u'None', u'ZHiggs0L1fZH05ph0_Undecayed_M-125_13TeV-JHUgenV6', u'None', u'341f7d77159ad8752a891e351a4494013e61477145f6da8b19ccaef3d9d6e04c.tar.gz', u'19770009', u'filetransfers', u'F', u'131.225.189.130'], u'desc': {u'columns': [u'tm_taskname', u'tm_activity', u'panda_jobset_id', u'tm_task_status', u'tm_task_command', u'tm_start_time', u'tm_start_injection', u'tm_end_injection', u'tm_task_failure', u'tm_job_sw', u'tm_job_arch', u'tm_input_dataset', u'tm_nonvalid_input_dataset', u'tm_use_parent', u'tm_site_whitelist', u'tm_site_blacklist', u'tm_split_algo', u'tm_split_args', u'tm_totalunits', u'tm_user_sandbox', u'tm_cache_url', u'tm_username', u'tm_user_dn', u'tm_user_vo', u'tm_user_role', u'tm_user_group', u'tm_publish_name', u'tm_publish_groupname', u'tm_asyncdest', u'tm_dbs_url', u'tm_publish_dbs_url', u'tm_publication', u'tm_outfiles', u'tm_tfile_outfiles', u'tm_edm_outfiles', u'tm_job_type', u'tm_generator', u'tm_events_per_lumi', u'tm_arguments', u'panda_resubmitted_jobs', u'tm_save_logs', u'tw_name', u'tm_user_infiles', u'tm_maxjobruntime', u'tm_numcores', u'tm_maxmemory', u'tm_priority', u'tm_output_dataset', u'tm_task_warnings', u'tm_user_webdir', u'tm_scriptexe', u'tm_scriptargs', u'tm_extrajdl', u'tm_asourl', u'tm_collector', u'tm_schedd', u'tm_dry_run', u'tm_user_files', u'tm_transfer_outputs', u'tm_output_lfn', u'tm_ignore_locality', u'tm_fail_limit', u'tm_one_event_mode', u'tm_secondary_input_dataset', u'tm_primary_dataset', u'tm_last_publication', u'tm_debug_files', u'clusterid', u'tm_asodb', u'tm_ignore_global_blacklist', u'tm_submitter_ip_addr']}}
INFO 2018-02-23 16:03:14,021: 	 CRAB project directory:		/uscms_data/d3/samuellh/WorkingArea/CpHiggs/CMSSW_8_0_21/src/PUAnalysis/CrabTools/crab/ZHiggs0L1fZH05ph0/CP_Higgs_2016/crab_20180223_153814
INFO 2018-02-23 16:03:14,021: 	 Task name:			180223_213939:shigginb_crab_20180223_153814
INFO 2018-02-23 16:03:14,021: 	 Grid scheduler:			crab3@vocms0155.cern.ch
INFO 2018-02-23 16:03:14,021: 	 Status on the CRAB server:	SUBMITTED
INFO 2018-02-23 16:03:14,021: 	 Task URL to use for HELP:	https://cmsweb.cern.ch/crabserver/ui/task/180223_213939%3Ashigginb_crab_20180223_153814
INFO 2018-02-23 16:03:14,021: 	 Dashboard monitoring URL:	http://dashb-cms-job.cern.ch/dashboard/templates/task-analysis/#user=shigginb&refresh=0&table=Jobs&p=1&records=25&activemenu=2&status=&site=&tid=180223_213939%3Ashigginb_crab_20180223_153814
DEBUG 2018-02-23 16:03:14,022: 	 The CRAB server submitted your task to the Grid scheduler (cluster ID: 19770009)
DEBUG 2018-02-23 16:03:14,022: 	 Webdir is located at http://vocms0155.cern.ch/mon/cms1359/180223_213939:shigginb_crab_20180223_153814
DEBUG 2018-02-23 16:03:14,892: 	 Proxied webdir is located at https://cmsweb.cern.ch/scheddmon/0155/cms1359/180223_213939:shigginb_crab_20180223_153814
DEBUG 2018-02-23 16:03:14,892: 	 Retrieving 'status_cache' file from https://cmsweb.cern.ch/scheddmon/0155/cms1359/180223_213939:shigginb_crab_20180223_153814/status_cache
DEBUG 2018-02-23 16:03:16,100: 	 Got information from status cache file: {'24': {'Retries': 0, 'WallDurations': [9.0, 610.0], 'StartTimes': [1519422558.0], 'SubmitTimes': [1519422060.0], 'JobIds': ['19770036.0'], 'EndTimes': [], 'Restarts': 0, 'RecordedSite': True, 'State': 'running', 'ResidentSetSize': [1373956], 'TotalUserCpuTimeHistory': [401.0], 'SiteHistory': ['Unknown', 'T2_US_UCSD'], 'TotalSysCpuTimeHistory': [23.0]}, '25': {'Retries': 0, 'WallDurations': [8.0, 608.0], 'StartTimes': [1519422568.0], 'SubmitTimes': [1519422060.0], 'JobIds': ['19770039.0'], 'EndTimes': [], 'Restarts': 0, 'RecordedSite': True, 'State': 'running', 'ResidentSetSize': [1321540], 'TotalUserCpuTimeHistory': [392.0], 'SiteHistory': ['Unknown', 'T2_US_UCSD'], 'TotalSysCpuTimeHistory': [35.0]}, '26': {'Retries': 0, 'WallDurations': [8.0, 449.0], 'StartTimes': [1519422566.0], 'SubmitTimes': [1519422061.0], 'JobIds': ['19770045.0'], 'EndTimes': [1519423015.0], 'Restarts': 0, 'RecordedSite': True, 'State': 'transferring', 'ResidentSetSize': [939392], 'TotalUserCpuTimeHistory': [254], 'SiteHistory': ['Unknown', 'T2_US_UCSD'], 'TotalSysCpuTimeHistory': [29]}, '27': {'Retries': 0, 'WallDurations': [8.0, 647.0], 'StartTimes': [1519422565.0], 'SubmitTimes': [1519422061.0], 'JobIds': ['19770043.0'], 'EndTimes': [1519423212.0], 'Restarts': 0, 'RecordedSite': True, 'State': 'transferring', 'ResidentSetSize': [1344816], 'TotalUserCpuTimeHistory': [455], 'SiteHistory': ['Unknown', 'T2_US_Wisconsin'], 'TotalSysCpuTimeHistory': [59]}, '20': {'Retries': 0, 'WallDurations': [9.0, 777.0], 'StartTimes': [1519422470.0], 'SubmitTimes': [1519422059.0], 'JobIds': ['19770031.0'], 'EndTimes': [1519423247.0], 'Restarts': 0, 'RecordedSite': True, 'State': 'transferring', 'ResidentSetSize': [1295996], 'TotalUserCpuTimeHistory': [485], 'SiteHistory': ['Unknown', 'T2_US_UCSD'], 'TotalSysCpuTimeHistory': [64]}, '21': {'Retries': 0, 'WallDurations': [9.0, 610.0], 'StartTimes': [1519422581.0], 'SubmitTimes': [1519422062.0], 'JobIds': ['19770048.0'], 'EndTimes': [], 'Restarts': 0, 'RecordedSite': True, 'State': 'running', 'ResidentSetSize': [1245788], 'TotalUserCpuTimeHistory': [375.0], 'SiteHistory': ['Unknown', 'T2_US_UCSD'], 'TotalSysCpuTimeHistory': [28.0]}, '22': {'Retries': 0, 'WallDurations': [8.0, 609.0], 'StartTimes': [1519422557.0], 'SubmitTimes': [1519422059.0], 'JobIds': ['19770032.0'], 'EndTimes': [], 'Restarts': 0, 'RecordedSite': True, 'State': 'running', 'ResidentSetSize': [1285336], 'TotalUserCpuTimeHistory': [417.0], 'SiteHistory': ['Unknown', 'T2_US_UCSD'], 'TotalSysCpuTimeHistory': [20.0]}, '23': {'Retries': 0, 'WallDurations': [8.0, 609.0], 'StartTimes': [1519422559.0], 'SubmitTimes': [1519422060.0], 'JobIds': ['19770033.0'], 'EndTimes': [], 'Restarts': 0, 'RecordedSite': True, 'State': 'running', 'ResidentSetSize': [1214792], 'TotalUserCpuTimeHistory': [416.0], 'SiteHistory': ['Unknown', 'T2_US_UCSD'], 'TotalSysCpuTimeHistory': [23.0]}, '28': {'Retries': 0, 'WallDurations': [9.0, 344.0], 'StartTimes': [1519422567.0], 'SubmitTimes': [1519422060.0], 'JobIds': ['19770038.0'], 'EndTimes': [1519422911.0], 'Restarts': 0, 'RecordedSite': True, 'State': 'transferring', 'ResidentSetSize': [1201328], 'TotalUserCpuTimeHistory': [149], 'SiteHistory': ['Unknown', 'T2_US_UCSD'], 'TotalSysCpuTimeHistory': [23]}, '29': {'Retries': 0, 'WallDurations': [8.0, 609.0], 'StartTimes': [1519422578.0], 'SubmitTimes': [1519422061.0], 'JobIds': ['19770042.0'], 'EndTimes': [], 'Restarts': 0, 'RecordedSite': True, 'State': 'running', 'ResidentSetSize': [1219820], 'TotalUserCpuTimeHistory': [409.0], 'SiteHistory': ['Unknown', 'T2_US_UCSD'], 'TotalSysCpuTimeHistory': [23.0]}, '1': {'Retries': 0, 'WallDurations': [9.0, 610.0], 'StartTimes': [1519422570.0], 'SubmitTimes': [1519422057.0], 'JobIds': ['19770012.0'], 'EndTimes': [], 'Restarts': 0, 'RecordedSite': True, 'State': 'running', 'ResidentSetSize': [1308028], 'TotalUserCpuTimeHistory': [416.0], 'SiteHistory': ['Unknown', 'T2_US_UCSD'], 'TotalSysCpuTimeHistory': [22.0]}, '3': {'Retries': 0, 'WallDurations': [8.0, 608.0], 'StartTimes': [1519422586.0], 'SubmitTimes': [1519422057.0], 'JobIds': ['19770011.0'], 'EndTimes': [], 'Restarts': 0, 'RecordedSite': True, 'State': 'running', 'ResidentSetSize': [1310240], 'TotalUserCpuTimeHistory': [396.0], 'SiteHistory': ['Unknown', 'T2_US_UCSD'], 'TotalSysCpuTimeHistory': [48.0]}, '2': {'Retries': 0, 'WallDurations': [8.0, 608.0], 'StartTimes': [1519422571.0], 'SubmitTimes': [1519422057.0], 'JobIds': ['19770013.0'], 'EndTimes': [], 'Restarts': 0, 'RecordedSite': True, 'State': 'running', 'ResidentSetSize': [1326860], 'TotalUserCpuTimeHistory': [398.0], 'SiteHistory': ['Unknown', 'T2_US_UCSD'], 'TotalSysCpuTimeHistory': [20.0]}, '5': {'Retries': 0, 'WallDurations': [8.0, 638.0], 'StartTimes': [1519422567.0], 'SubmitTimes': [1519422057.0], 'JobIds': ['19770015.0'], 'EndTimes': [1519423205.0], 'Restarts': 0, 'RecordedSite': True, 'State': 'transferring', 'ResidentSetSize': [1320732], 'TotalUserCpuTimeHistory': [419], 'SiteHistory': ['Unknown', 'T2_US_UCSD'], 'TotalSysCpuTimeHistory': [38]}, '4': {'Retries': 0, 'WallDurations': [9.0, 611.0], 'StartTimes': [1519422581.0], 'SubmitTimes': [1519422057.0], 'JobIds': ['19770014.0'], 'EndTimes': [], 'Restarts': 0, 'RecordedSite': True, 'State': 'running', 'ResidentSetSize': [1357748], 'TotalUserCpuTimeHistory': [413.0], 'SiteHistory': ['Unknown', 'T2_US_UCSD'], 'TotalSysCpuTimeHistory': [26.0]}, '7': {'Retries': 0, 'WallDurations': [9.0, 609.0], 'StartTimes': [1519422366.0], 'SubmitTimes': [1519422058.0], 'JobIds': ['19770017.0'], 'EndTimes': [], 'Restarts': 0, 'RecordedSite': True, 'State': 'running', 'ResidentSetSize': [1315908], 'TotalUserCpuTimeHistory': [407.0], 'SiteHistory': ['Unknown', 'T2_US_UCSD'], 'TotalSysCpuTimeHistory': [39.0]}, '6': {'Retries': 0, 'WallDurations': [9.0, 378.0], 'StartTimes': [1519422378.0], 'SubmitTimes': [1519422057.0], 'JobIds': ['19770016.0'], 'EndTimes': [1519422756.0], 'Restarts': 0, 'RecordedSite': True, 'State': 'transferring', 'ResidentSetSize': [950064], 'TotalUserCpuTimeHistory': [152], 'SiteHistory': ['Unknown', 'T2_US_UCSD'], 'TotalSysCpuTimeHistory': [38]}, '9': {'Retries': 0, 'WallDurations': [9.0, 611.0], 'StartTimes': [1519422368.0], 'SubmitTimes': [1519422058.0], 'JobIds': ['19770019.0'], 'EndTimes': [], 'Restarts': 0, 'RecordedSite': True, 'State': 'running', 'ResidentSetSize': [1330172], 'TotalUserCpuTimeHistory': [413.0], 'SiteHistory': ['Unknown', 'T2_US_UCSD'], 'TotalSysCpuTimeHistory': [24.0]}, '8': {'Retries': 0, 'WallDurations': [8.0, 378.0], 'StartTimes': [1519422391.0], 'SubmitTimes': [1519422058.0], 'JobIds': ['19770018.0'], 'EndTimes': [1519422769.0], 'Restarts': 0, 'RecordedSite': True, 'State': 'transferring', 'ResidentSetSize': [1235844], 'TotalUserCpuTimeHistory': [194], 'SiteHistory': ['Unknown', 'T2_US_UCSD'], 'TotalSysCpuTimeHistory': [18]}, '11': {'Retries': 1, 'WallDurations': [10.0, 65.0, 611.0], 'StartTimes': [1519422376.0, 1519422552.0], 'SubmitTimes': [1519422058.0, 1519422509.0], 'JobIds': ['19770021.0', '19770238.0'], 'EndTimes': [1519422441.0], 'Restarts': 0, 'RecordedSite': True, 'State': 'running', 'ResidentSetSize': [1484, 1325620], 'TotalUserCpuTimeHistory': [0, 450.0], 'SiteHistory': ['Unknown', 'T2_US_UCSD', 'T2_US_Wisconsin'], 'TotalSysCpuTimeHistory': [0, 60.0]}, '10': {'Retries': 0, 'WallDurations': [9.0, 910.0], 'StartTimes': [1519422372.0], 'SubmitTimes': [1519422058.0], 'JobIds': ['19770020.0'], 'EndTimes': [], 'Restarts': 0, 'RecordedSite': True, 'State': 'running', 'ResidentSetSize': [1329552], 'TotalUserCpuTimeHistory': [628.0], 'SiteHistory': ['Unknown', 'T2_US_UCSD'], 'TotalSysCpuTimeHistory': [63.0]}, '13': {'Retries': 0, 'WallDurations': [10.0, 767.0], 'StartTimes': [1519422367.0], 'SubmitTimes': [1519422058.0], 'JobIds': ['19770023.0'], 'EndTimes': [1519423134.0], 'Restarts': 0, 'RecordedSite': True, 'State': 'transferring', 'ResidentSetSize': [1290032], 'TotalUserCpuTimeHistory': [515], 'SiteHistory': ['Unknown', 'T2_US_UCSD'], 'TotalSysCpuTimeHistory': [43]}, '12': {'Retries': 0, 'WallDurations': [9.0, 610.0], 'StartTimes': [1519422369.0], 'SubmitTimes': [1519422058.0], 'JobIds': ['19770022.0'], 'EndTimes': [], 'Restarts': 0, 'RecordedSite': True, 'State': 'running', 'ResidentSetSize': [1339116], 'TotalUserCpuTimeHistory': [421.0], 'SiteHistory': ['Unknown', 'T2_US_UCSD'], 'TotalSysCpuTimeHistory': [18.0]}, '15': {'Retries': 0, 'WallDurations': [8.0, 909.0], 'StartTimes': [1519422370.0], 'SubmitTimes': [1519422059.0], 'JobIds': ['19770025.0'], 'EndTimes': [], 'Restarts': 0, 'RecordedSite': True, 'State': 'running', 'ResidentSetSize': [1295848], 'TotalUserCpuTimeHistory': [615.0], 'SiteHistory': ['Unknown', 'T2_US_UCSD'], 'TotalSysCpuTimeHistory': [35.0]}, '14': {'Retries': 0, 'WallDurations': [9.0, 672.0], 'StartTimes': [1519422373.0], 'SubmitTimes': [1519422059.0], 'JobIds': ['19770024.0'], 'EndTimes': [1519423045.0], 'Restarts': 0, 'RecordedSite': True, 'State': 'transferring', 'ResidentSetSize': [1242356], 'TotalUserCpuTimeHistory': [374], 'SiteHistory': ['Unknown', 'T2_US_UCSD'], 'TotalSysCpuTimeHistory': [43]}, '17': {'Retries': 0, 'WallDurations': [9.0, 383.0], 'StartTimes': [1519422370.0], 'SubmitTimes': [1519422059.0], 'JobIds': ['19770028.0'], 'EndTimes': [1519422753.0], 'Restarts': 0, 'RecordedSite': True, 'State': 'transferring', 'ResidentSetSize': [1246504], 'TotalUserCpuTimeHistory': [197], 'SiteHistory': ['Unknown', 'T2_US_UCSD'], 'TotalSysCpuTimeHistory': [17]}, '16': {'Retries': 0, 'WallDurations': [9.0, 911.0], 'StartTimes': [1519422368.0], 'SubmitTimes': [1519422059.0], 'JobIds': ['19770027.0'], 'EndTimes': [], 'Restarts': 0, 'RecordedSite': True, 'State': 'running', 'ResidentSetSize': [1300692], 'TotalUserCpuTimeHistory': [678.0], 'SiteHistory': ['Unknown', 'T2_US_UCSD'], 'TotalSysCpuTimeHistory': [54.0]}, '19': {'Retries': 0, 'WallDurations': [9.0, 610.0], 'StartTimes': [1519422396.0], 'SubmitTimes': [1519422059.0], 'JobIds': ['19770030.0'], 'EndTimes': [], 'Restarts': 0, 'RecordedSite': True, 'State': 'running', 'ResidentSetSize': [1309112], 'TotalUserCpuTimeHistory': [361.0], 'SiteHistory': ['Unknown', 'T2_US_UCSD'], 'TotalSysCpuTimeHistory': [27.0]}, '18': {'Retries': 0, 'WallDurations': [9.0, 306.0], 'StartTimes': [1519422415.0], 'SubmitTimes': [1519422059.0], 'JobIds': ['19770029.0'], 'EndTimes': [1519422721.0], 'Restarts': 0, 'RecordedSite': True, 'State': 'transferring', 'ResidentSetSize': [2588], 'TotalUserCpuTimeHistory': [130], 'SiteHistory': ['Unknown', 'T2_US_UCSD'], 'TotalSysCpuTimeHistory': [17]}, '31': {'Retries': 0, 'WallDurations': [9.0, 610.0], 'StartTimes': [1519422557.0], 'SubmitTimes': [1519422060.0], 'JobIds': ['19770035.0'], 'EndTimes': [], 'Restarts': 0, 'RecordedSite': True, 'State': 'running', 'ResidentSetSize': [1310876], 'TotalUserCpuTimeHistory': [417.0], 'SiteHistory': ['Unknown', 'T2_US_UCSD'], 'TotalSysCpuTimeHistory': [26.0]}, '30': {'Retries': 0, 'WallDurations': [9.0, 611.0], 'StartTimes': [1519422561.0], 'SubmitTimes': [1519422060.0], 'JobIds': ['19770034.0'], 'EndTimes': [], 'Restarts': 0, 'RecordedSite': True, 'State': 'running', 'ResidentSetSize': [1289876], 'TotalUserCpuTimeHistory': [380.0], 'SiteHistory': ['Unknown', 'T2_US_UCSD'], 'TotalSysCpuTimeHistory': [22.0]}, '37': {'Retries': 0, 'WallDurations': [8.0, 479.0], 'StartTimes': [1519422565.0], 'SubmitTimes': [1519422061.0], 'JobIds': ['19770047.0'], 'EndTimes': [1519423044.0], 'Restarts': 0, 'RecordedSite': True, 'State': 'transferring', 'ResidentSetSize': [1245792], 'TotalUserCpuTimeHistory': [300], 'SiteHistory': ['Unknown', 'T2_US_Wisconsin'], 'TotalSysCpuTimeHistory': [52]}, '36': {'Retries': 0, 'WallDurations': [8.0, 323.0], 'StartTimes': [1519422582.0], 'SubmitTimes': [1519422061.0], 'JobIds': ['19770044.0'], 'EndTimes': [1519422905.0], 'Restarts': 0, 'RecordedSite': True, 'State': 'transferring', 'ResidentSetSize': [1231972], 'TotalUserCpuTimeHistory': [118], 'SiteHistory': ['Unknown', 'T2_US_UCSD'], 'TotalSysCpuTimeHistory': [14]}, '35': {'Retries': 0, 'WallDurations': [9.0, 476.0], 'StartTimes': [1519422562.0], 'SubmitTimes': [1519422061.0], 'JobIds': ['19770046.0'], 'EndTimes': [1519423038.0], 'Restarts': 0, 'RecordedSite': True, 'State': 'transferring', 'ResidentSetSize': [1341052], 'TotalUserCpuTimeHistory': [373], 'SiteHistory': ['Unknown', 'T2_US_Wisconsin'], 'TotalSysCpuTimeHistory': [20]}, '34': {'Retries': 0, 'WallDurations': [8.0, 609.0], 'StartTimes': [1519422573.0], 'SubmitTimes': [1519422061.0], 'JobIds': ['19770040.0'], 'EndTimes': [], 'Restarts': 0, 'RecordedSite': True, 'State': 'running', 'ResidentSetSize': [1340472], 'TotalUserCpuTimeHistory': [400.0], 'SiteHistory': ['Unknown', 'T2_US_UCSD'], 'TotalSysCpuTimeHistory': [21.0]}, '33': {'Retries': 0, 'WallDurations': [9.0, 416.0], 'StartTimes': [1519422581.0], 'SubmitTimes': [1519422060.0], 'JobIds': ['19770037.0'], 'EndTimes': [1519422997.0], 'Restarts': 0, 'RecordedSite': True, 'State': 'transferring', 'ResidentSetSize': [1175924], 'TotalUserCpuTimeHistory': [210], 'SiteHistory': ['Unknown', 'T2_US_UCSD'], 'TotalSysCpuTimeHistory': [24]}, '32': {'Retries': 0, 'WallDurations': [8.0, 460.0], 'StartTimes': [1519422567.0], 'SubmitTimes': [1519422061.0], 'JobIds': ['19770041.0'], 'EndTimes': [1519423027.0], 'Restarts': 0, 'RecordedSite': True, 'State': 'transferring', 'ResidentSetSize': [921904], 'TotalUserCpuTimeHistory': [247], 'SiteHistory': ['Unknown', 'T2_US_UCSD'], 'TotalSysCpuTimeHistory': [27]}}
INFO 2018-02-23 16:03:16,100: 	 Status on the scheduler:	SUBMITTED
INFO 2018-02-23 16:03:16,101: 	 
Jobs status:                    running        56.8% (21/37)
INFO 2018-02-23 16:03:16,101: 	 				transferring   43.2% (16/37)
INFO 2018-02-23 16:03:16,101: 	 
No publication information (publication has been disabled in the CRAB configuration file)
INFO 2018-02-23 16:03:16,114: 	 Log file is /uscms_data/d3/samuellh/WorkingArea/CpHiggs/CMSSW_8_0_21/src/PUAnalysis/CrabTools/crab/ZHiggs0L1fZH05ph0/CP_Higgs_2016/crab_20180223_153814/crab.log
