# Conditions read from  CMS_CONDITIONS  via FrontierProd 
 ################################################################### 
 # WARNING: this module is deprecated.                             # 
 # Please use CondCore.CondDB.CondDB_cfi.py                        # 
 ################################################################### 
recorrecting the jets
List Of Filters
['processedEvents', 'initialEventsTT', 'AtLeastOneDiMuon', 'DiMuonCreation', 'AtLeastOneDiTau', 'TTTauPtEta', 'TTTauDecayFound', 'TTTauStandardDecayFound', 'TTTauDRSel', 'TTSync', 'TTAntiEle', 'TTAntiMu', 'TTIso', 'TTOS']
DEBUG 2018-02-23 15:35:22,869: 	 Executing command: 'submit'
DEBUG 2018-02-23 15:35:22,870: 	 Found CRAB cache file /uscms/home/samuellh/.crab3
DEBUG 2018-02-23 15:35:22,879: 	 Checking credentials
DEBUG 2018-02-23 15:35:22,879: 	 Found proxy file /tmp/x509up_u52190
DEBUG 2018-02-23 15:35:22,879: 	 Getting proxy life time left
DEBUG 2018-02-23 15:35:22,982: 	 Executing : 
 command : voms-proxy-info -file /tmp/x509up_u52190 -timeleft
 output : 38540

 error: 
 retcode : 0
DEBUG 2018-02-23 15:35:23,086: 	 Executing : 
 command : voms-proxy-info -file /tmp/x509up_u52190 -actimeleft
 output : 38538

 error: 
 retcode : 0
DEBUG 2018-02-23 15:35:23,086: 	 Proxy valid for 10:42:20 hours
INFO 2018-02-23 15:35:23,087: 	 Will use CRAB configuration file crab3_cp_mc.py
DEBUG 2018-02-23 15:35:23,087: 	 Loading CRAB configuration file.
DEBUG 2018-02-23 15:35:23,098: 	 Will use CRAB Analysis plugin (i.e. will run an analysis job type).
DEBUG 2018-02-23 15:35:23,215: 	 Executing : 
 command : openssl x509 -in ~/.globus/usercert.pem -subject -noout
 output : subject= /DC=ch/DC=cern/OU=Organic Units/OU=Users/CN=shigginb/CN=785176/CN=Sam Higginbotham

 error: 
 retcode : 0
DEBUG 2018-02-23 15:35:23,216: 	 Checking credentials
DEBUG 2018-02-23 15:35:23,216: 	 Found proxy file /tmp/x509up_u52190
DEBUG 2018-02-23 15:35:23,216: 	 Getting proxy life time left
DEBUG 2018-02-23 15:35:23,319: 	 Executing : 
 command : voms-proxy-info -file /tmp/x509up_u52190 -timeleft
 output : 38539

 error: 
 retcode : 0
DEBUG 2018-02-23 15:35:23,423: 	 Executing : 
 command : voms-proxy-info -file /tmp/x509up_u52190 -actimeleft
 output : 38538

 error: 
 retcode : 0
DEBUG 2018-02-23 15:35:23,423: 	 Proxy valid for 10:42:19 hours
DEBUG 2018-02-23 15:35:23,526: 	 Executing : 
 command : env X509_USER_PROXY=/tmp/x509up_u52190 voms-proxy-info -fqan
 output : /cms/Role=NULL/Capability=NULL

 error: 
 retcode : 0
DEBUG 2018-02-23 15:35:24,644: 	 Registering user credentials for server /DC=ch/DC=cern/OU=computers/CN=vocms(045|052|021|031|0118|0118a|0119|0108|0105|0109).cern.ch
DEBUG 2018-02-23 15:35:24,752: 	 Executing : 
 command : openssl x509 -in ~/.globus/usercert.pem -subject -noout
 output : subject= /DC=ch/DC=cern/OU=Organic Units/OU=Users/CN=shigginb/CN=785176/CN=Sam Higginbotham

 error: 
 retcode : 0
DEBUG 2018-02-23 15:35:24,752: 	 Getting myproxy life time left for myproxy.cern.ch
DEBUG 2018-02-23 15:35:24,752: 	 Calculating hash of /DC=ch/DC=cern/OU=Organic Units/OU=Users/CN=shigginb/CN=785176/CN=Sam Higginbotham_cmsweb.cern.ch for credential name
DEBUG 2018-02-23 15:35:25,557: 	 Executing : 
 command : myproxy-info -l 2f318c7a260d78734589f2cc772d26b8be79ec6c -s myproxy.cern.ch
 output : username: 2f318c7a260d78734589f2cc772d26b8be79ec6c
owner: /DC=ch/DC=cern/OU=Organic Units/OU=Users/CN=shigginb/CN=785176/CN=Sam Higginbotham
  renewal policy: /DC=ch/DC=cern/OU=computers/CN=vocms(045|052|021|031|0118|0118a|0119|0108|0105|0109).cern.ch
  trusted retrieval policy: /DC=ch/DC=cern/OU=computers/CN=vocms(045|052|021|031|0118|0118a|0119|0108|0105|0109).cern.ch
  timeleft: 478:32:00  (19.9 days)

 error: 
 retcode : 0
DEBUG 2018-02-23 15:35:25,559: 	 Myproxy is valid: 1722720
DEBUG 2018-02-23 15:35:25,559: 	 Command use: submit
DEBUG 2018-02-23 15:35:25,559: 	 Options use: ['-c', 'crab3_cp_mc.py']
DEBUG 2018-02-23 15:35:26,567: 	 CRABClient version: 3.3.1802
DEBUG 2018-02-23 15:35:26,567: 	 Instance is prod
DEBUG 2018-02-23 15:35:26,567: 	 Server base url is cmsweb.cern.ch
DEBUG 2018-02-23 15:35:26,567: 	 Command url /crabserver/prod/workflow
DEBUG 2018-02-23 15:35:26,567: 	 Started submission
DEBUG 2018-02-23 15:35:26,567: 	 Working on /uscms_data/d3/samuellh/WorkingArea/CpHiggs/CMSSW_8_0_21/src/PUAnalysis/CrabTools/crab/VBFHiggs0PHf05ph0/CP_Higgs_2016/crab_20180223_153523
DEBUG 2018-02-23 15:35:27,617: 	 Loading required information from the environment
DEBUG 2018-02-23 15:35:27,618: 	 Found CMSSW_8_0_21 for slc6_amd64_gcc530 with base /uscms_data/d3/samuellh/WorkingArea/CpHiggs/CMSSW_8_0_21
DEBUG 2018-02-23 15:35:27,618: 	 Loading required information from the environment
DEBUG 2018-02-23 15:35:27,618: 	 Found CMSSW_8_0_21 for slc6_amd64_gcc530 with base /uscms_data/d3/samuellh/WorkingArea/CpHiggs/CMSSW_8_0_21
DEBUG 2018-02-23 15:35:27,634: 	 UNIQUE NAME: tarUUID 5225cb2b-12b4-4c48-8941-eade355444cc 
DEBUG 2018-02-23 15:35:27,634: 	 self.config: from WMCore.Configuration import Configuration
config = Configuration()
config.section_('General')
config.General.workArea = 'CP_Higgs_2016'
config.General.requestName = ''
config.section_('JobType')
config.JobType.psetName = '../../../cp-mc.py'
config.JobType.pluginName = 'Analysis'
config.JobType.inputFiles = ['../../../Configuration/data/Summer16_23Sep2016V4_MC.db']
config.JobType.outputFiles = ['analysis.root']
config.JobType.allowUndistributedCMSSW = True
config.section_('Data')
config.Data.inputDataset = '/VBFHiggs0PHf05ph0_M-125_13TeV-JHUGenV6/RunIISummer16MiniAODv2-PUMoriond17_80X_mcRun2_asymptotic_2016_TrancheIV_v6-v1/MINIAODSIM'
config.Data.unitsPerJob = 1
config.Data.publication = False
config.Data.inputDBS = 'global'
config.Data.splitting = 'FileBased'
config.section_('Site')
config.Site.storageSite = 'T3_US_FNALLPC'
config.section_('User')
config.section_('Debug')

DEBUG 2018-02-23 15:35:27,634: 	 self.config.JobType.psetName: ../../../cp-mc.py
INFO 2018-02-23 15:35:27,635: 	 Importing CMSSW configuration ../../../cp-mc.py
INFO 2018-02-23 15:35:31,076: 	 Finished importing CMSSW configuration ../../../cp-mc.py
DEBUG 2018-02-23 15:35:31,077: 	 Writing CMSSW configuration to /uscms_data/d3/samuellh/WorkingArea/CpHiggs/CMSSW_8_0_21/src/PUAnalysis/CrabTools/crab/VBFHiggs0PHf05ph0/CP_Higgs_2016/crab_20180223_153523/inputs/PSet.py
DEBUG 2018-02-23 15:35:32,356: 	 The following EDM output files will be collected: []
DEBUG 2018-02-23 15:35:32,356: 	 The following TFile output files will be collected: ['analysis.root']
DEBUG 2018-02-23 15:35:32,356: 	 The following user output files will be collected: []
DEBUG 2018-02-23 15:35:32,356: 	 Loading required information from the environment
DEBUG 2018-02-23 15:35:32,356: 	 Found CMSSW_8_0_21 for slc6_amd64_gcc530 with base /uscms_data/d3/samuellh/WorkingArea/CpHiggs/CMSSW_8_0_21
DEBUG 2018-02-23 15:35:32,356: 	 Making tarball in /uscms_data/d3/samuellh/WorkingArea/CpHiggs/CMSSW_8_0_21/src/PUAnalysis/CrabTools/crab/VBFHiggs0PHf05ph0/CP_Higgs_2016/crab_20180223_153523/inputs/5225cb2b-12b4-4c48-8941-eade355444ccdefault.tgz
DEBUG 2018-02-23 15:35:32,434: 	 Checking directory /uscms_data/d3/samuellh/WorkingArea/CpHiggs/CMSSW_8_0_21/lib
DEBUG 2018-02-23 15:35:32,434: 	 Adding directory /uscms_data/d3/samuellh/WorkingArea/CpHiggs/CMSSW_8_0_21/lib to tarball
DEBUG 2018-02-23 15:35:42,252: 	 Checking directory /uscms_data/d3/samuellh/WorkingArea/CpHiggs/CMSSW_8_0_21/biglib
DEBUG 2018-02-23 15:35:42,252: 	 Adding directory /uscms_data/d3/samuellh/WorkingArea/CpHiggs/CMSSW_8_0_21/biglib to tarball
DEBUG 2018-02-23 15:35:42,254: 	 Checking directory /uscms_data/d3/samuellh/WorkingArea/CpHiggs/CMSSW_8_0_21/module
DEBUG 2018-02-23 15:35:42,607: 	 Adding data directory /uscms_data/d3/samuellh/WorkingArea/CpHiggs/CMSSW_8_0_21/src/PUAnalysis/Configuration/data to tarball
DEBUG 2018-02-23 15:35:45,862: 	 Adding data directory /uscms_data/d3/samuellh/WorkingArea/CpHiggs/CMSSW_8_0_21/src/PUAnalysis/DataFormats/interface to tarball
DEBUG 2018-02-23 15:35:45,874: 	 Adding data directory /uscms_data/d3/samuellh/WorkingArea/CpHiggs/CMSSW_8_0_21/src/PUAnalysis/NtupleTools/interface to tarball
DEBUG 2018-02-23 15:35:45,893: 	 Adding data directory /uscms_data/d3/samuellh/WorkingArea/CpHiggs/CMSSW_8_0_21/src/PUAnalysis/RecoTools/interface to tarball
DEBUG 2018-02-23 15:35:45,934: 	 Adding data directory /uscms_data/d3/samuellh/WorkingArea/CpHiggs/CMSSW_8_0_21/src/PUAnalysis/StatTools/ROOT/interface to tarball
DEBUG 2018-02-23 15:35:45,939: 	 Adding data directory /uscms_data/d3/samuellh/WorkingArea/CpHiggs/CMSSW_8_0_21/src/PUAnalysis/StatTools/data to tarball
DEBUG 2018-02-23 15:35:45,945: 	 Adding data directory /uscms_data/d3/samuellh/WorkingArea/CpHiggs/CMSSW_8_0_21/src/PUAnalysis/StatTools/interface to tarball
DEBUG 2018-02-23 15:35:46,284: 	 Adding data directory /uscms_data/d3/samuellh/WorkingArea/CpHiggs/CMSSW_8_0_21/src/ZZMatrixElement/MEKD/interface to tarball
DEBUG 2018-02-23 15:35:46,423: 	 Adding data directory /uscms_data/d3/samuellh/WorkingArea/CpHiggs/CMSSW_8_0_21/src/ZZMatrixElement/MELA/data to tarball
DEBUG 2018-02-23 15:36:12,910: 	 Adding data directory /uscms_data/d3/samuellh/WorkingArea/CpHiggs/CMSSW_8_0_21/src/ZZMatrixElement/MELA/interface to tarball
DEBUG 2018-02-23 15:36:13,091: 	 Adding data directory /uscms_data/d3/samuellh/WorkingArea/CpHiggs/CMSSW_8_0_21/src/ZZMatrixElement/MEMCalculators/interface to tarball
DEBUG 2018-02-23 15:36:13,097: 	 Adding data directory /uscms_data/d3/samuellh/WorkingArea/CpHiggs/CMSSW_8_0_21/src/ZZMatrixElement/PythonWrapper/interface to tarball
DEBUG 2018-02-23 15:36:13,116: 	 Adding data directory /uscms_data/d3/samuellh/WorkingArea/CpHiggs/CMSSW_8_0_21/src/TauAnalysis/SVfitStandalone/data to tarball
DEBUG 2018-02-23 15:36:13,128: 	 Adding data directory /uscms_data/d3/samuellh/WorkingArea/CpHiggs/CMSSW_8_0_21/src/TauAnalysis/SVfitStandalone/interface to tarball
DEBUG 2018-02-23 15:36:13,145: 	 Adding data directory /uscms_data/d3/samuellh/WorkingArea/CpHiggs/CMSSW_8_0_21/src/DataFormats/CTPPSReco/interface to tarball
DEBUG 2018-02-23 15:36:13,153: 	 Adding file ../../../Configuration/data/Summer16_23Sep2016V4_MC.db to tarball
DEBUG 2018-02-23 15:36:13,654: 	 Uploading archive /uscms_data/d3/samuellh/WorkingArea/CpHiggs/CMSSW_8_0_21/src/PUAnalysis/CrabTools/crab/VBFHiggs0PHf05ph0/CP_Higgs_2016/crab_20180223_153523/inputs/5225cb2b-12b4-4c48-8941-eade355444ccdefault.tgz (63 MB) to the CRAB cache. Using URI https://cmsweb.cern.ch/crabcache
DEBUG 2018-02-23 15:36:42,742: 	 Loading required information from the environment
DEBUG 2018-02-23 15:36:42,742: 	 Found CMSSW_8_0_21 for slc6_amd64_gcc530 with base /uscms_data/d3/samuellh/WorkingArea/CpHiggs/CMSSW_8_0_21
DEBUG 2018-02-23 15:36:42,742: 	 Making tarball in /uscms_data/d3/samuellh/WorkingArea/CpHiggs/CMSSW_8_0_21/src/PUAnalysis/CrabTools/crab/VBFHiggs0PHf05ph0/CP_Higgs_2016/crab_20180223_153523/inputs/debugFiles.tgz
DEBUG 2018-02-23 15:36:42,760: 	 Uploading archive /uscms_data/d3/samuellh/WorkingArea/CpHiggs/CMSSW_8_0_21/src/PUAnalysis/CrabTools/crab/VBFHiggs0PHf05ph0/CP_Higgs_2016/crab_20180223_153523/inputs/debugFiles.tgz (2 KB) to the CRAB cache. Using URI https://cmsweb.cern.ch/crabcache
DEBUG 2018-02-23 15:36:43,957: 	 Result uploading input files: 96ab15e7c14266e693aed3c1f6d4a65723f909417b130812bd0067a433ff65f9.tar.gz 
INFO 2018-02-23 15:36:43,957: 	 Sending the request to the server
DEBUG 2018-02-23 15:36:43,957: 	 Submitting {'maxjobruntime': 1250, 'extrajdl': [], 'ignorelocality': 0, 'savelogsflag': 0, 'useparent': 0, 'asyncdest': 'T3_US_FNALLPC', 'algoargs': 1, 'cachefilename': '96ab15e7c14266e693aed3c1f6d4a65723f909417b130812bd0067a433ff65f9.tar.gz', 'numcores': 1, 'addoutputfiles': [], 'generator': 'pythia', 'maxmemory': 2000, 'publishdbsurl': 'https://cmsweb.cern.ch/dbs/prod/phys03/DBSWriter', 'priority': 10, 'jobsw': 'CMSSW_8_0_21', 'edmoutfiles': [], 'userfiles': [], 'primarydataset': '', 'inputdata': '/VBFHiggs0PHf05ph0_M-125_13TeV-JHUGenV6/RunIISummer16MiniAODv2-PUMoriond17_80X_mcRun2_asymptotic_2016_TrancheIV_v6-v1/MINIAODSIM', 'dryrun': 0, 'workflow': 'crab_20180223_153523', 'cacheurl': u'https://cmsweb.cern.ch/crabcache', 'nonprodsw': 1, 'tfileoutfiles': ['analysis.root'], 'oneEventMode': 0, 'debugfilename': '9311148958ac2533c7977e9c6e6a724d8d671fd49c387f7540fdc6f09006dae2.tar.gz', 'saveoutput': 1, 'publication': 0, 'jobarch': 'slc6_amd64_gcc530', 'totalunits': 0, 'splitalgo': 'FileBased', 'ignoreglobalblacklist': 0, 'nonvaliddata': 0, 'dbsurl': 'https://cmsweb.cern.ch/dbs/prod/global/DBSReader', 'publishgroupname': 0, 'jobtype': 'Analysis', 'publishname2': ''} 
DEBUG 2018-02-23 15:36:43,958: 	 Encoded submit request: maxjobruntime=1250&ignorelocality=0&savelogsflag=0&useparent=0&asyncdest=T3_US_FNALLPC&algoargs=1&cachefilename=96ab15e7c14266e693aed3c1f6d4a65723f909417b130812bd0067a433ff65f9.tar.gz&numcores=1&generator=pythia&maxmemory=2000&publishdbsurl=https%3A%2F%2Fcmsweb.cern.ch%2Fdbs%2Fprod%2Fphys03%2FDBSWriter&priority=10&jobsw=CMSSW_8_0_21&primarydataset=&inputdata=%2FVBFHiggs0PHf05ph0_M-125_13TeV-JHUGenV6%2FRunIISummer16MiniAODv2-PUMoriond17_80X_mcRun2_asymptotic_2016_TrancheIV_v6-v1%2FMINIAODSIM&dryrun=0&workflow=crab_20180223_153523&cacheurl=https%3A%2F%2Fcmsweb.cern.ch%2Fcrabcache&nonprodsw=1&oneEventMode=0&debugfilename=9311148958ac2533c7977e9c6e6a724d8d671fd49c387f7540fdc6f09006dae2.tar.gz&saveoutput=1&publication=0&jobarch=slc6_amd64_gcc530&totalunits=0&splitalgo=FileBased&ignoreglobalblacklist=0&nonvaliddata=0&dbsurl=https%3A%2F%2Fcmsweb.cern.ch%2Fdbs%2Fprod%2Fglobal%2FDBSReader&publishgroupname=0&jobtype=Analysis&publishname2=&tfileoutfiles=analysis.root
DEBUG 2018-02-23 15:36:44,899: 	 Result: {u'result': [{u'RequestName': u'180223_213644:shigginb_crab_20180223_153523'}]}
INFO 2018-02-23 15:36:44,917: 	 Success: Your task has been delivered to the CRAB3 server.
INFO 2018-02-23 15:36:44,917: 	 Task name: 180223_213644:shigginb_crab_20180223_153523
INFO 2018-02-23 15:36:44,917: 	 Please use 'crab status' to check how the submission process proceeds.
DEBUG 2018-02-23 15:36:44,917: 	 About to return
INFO 2018-02-23 15:36:44,924: 	 Log file is /uscms_data/d3/samuellh/WorkingArea/CpHiggs/CMSSW_8_0_21/src/PUAnalysis/CrabTools/crab/VBFHiggs0PHf05ph0/CP_Higgs_2016/crab_20180223_153523/crab.log
DEBUG 2018-02-23 16:02:57,270: 	 Executing command: 'status'
DEBUG 2018-02-23 16:02:57,270: 	 Found CRAB cache file /uscms/home/samuellh/.crab3
DEBUG 2018-02-23 16:02:57,279: 	 Checking credentials
DEBUG 2018-02-23 16:02:57,279: 	 Found proxy file /tmp/x509up_u52190
DEBUG 2018-02-23 16:02:57,279: 	 Getting proxy life time left
DEBUG 2018-02-23 16:02:57,382: 	 Executing : 
 command : voms-proxy-info -file /tmp/x509up_u52190 -timeleft
 output : 36885

 error: 
 retcode : 0
DEBUG 2018-02-23 16:02:57,486: 	 Executing : 
 command : voms-proxy-info -file /tmp/x509up_u52190 -actimeleft
 output : 36884

 error: 
 retcode : 0
DEBUG 2018-02-23 16:02:57,486: 	 Proxy valid for 10:14:45 hours
DEBUG 2018-02-23 16:02:57,604: 	 Executing : 
 command : openssl x509 -in ~/.globus/usercert.pem -subject -noout
 output : subject= /DC=ch/DC=cern/OU=Organic Units/OU=Users/CN=shigginb/CN=785176/CN=Sam Higginbotham

 error: 
 retcode : 0
DEBUG 2018-02-23 16:02:57,604: 	 Checking credentials
DEBUG 2018-02-23 16:02:57,605: 	 Found proxy file /tmp/x509up_u52190
DEBUG 2018-02-23 16:02:57,605: 	 Getting proxy life time left
DEBUG 2018-02-23 16:02:57,708: 	 Executing : 
 command : voms-proxy-info -file /tmp/x509up_u52190 -timeleft
 output : 36885

 error: 
 retcode : 0
DEBUG 2018-02-23 16:02:57,811: 	 Executing : 
 command : voms-proxy-info -file /tmp/x509up_u52190 -actimeleft
 output : 36884

 error: 
 retcode : 0
DEBUG 2018-02-23 16:02:57,812: 	 Proxy valid for 10:14:45 hours
DEBUG 2018-02-23 16:02:58,865: 	 Registering user credentials for server /DC=ch/DC=cern/OU=computers/CN=vocms(045|052|021|031|0118|0118a|0119|0108|0105|0109).cern.ch
DEBUG 2018-02-23 16:02:58,974: 	 Executing : 
 command : openssl x509 -in ~/.globus/usercert.pem -subject -noout
 output : subject= /DC=ch/DC=cern/OU=Organic Units/OU=Users/CN=shigginb/CN=785176/CN=Sam Higginbotham

 error: 
 retcode : 0
DEBUG 2018-02-23 16:02:58,974: 	 Getting myproxy life time left for myproxy.cern.ch
DEBUG 2018-02-23 16:02:58,974: 	 Calculating hash of /DC=ch/DC=cern/OU=Organic Units/OU=Users/CN=shigginb/CN=785176/CN=Sam Higginbotham_cmsweb.cern.ch for credential name
DEBUG 2018-02-23 16:02:59,579: 	 Executing : 
 command : myproxy-info -l 2f318c7a260d78734589f2cc772d26b8be79ec6c -s myproxy.cern.ch
 output : username: 2f318c7a260d78734589f2cc772d26b8be79ec6c
owner: /DC=ch/DC=cern/OU=Organic Units/OU=Users/CN=shigginb/CN=785176/CN=Sam Higginbotham
  renewal policy: /DC=ch/DC=cern/OU=computers/CN=vocms(045|052|021|031|0118|0118a|0119|0108|0105|0109).cern.ch
  trusted retrieval policy: /DC=ch/DC=cern/OU=computers/CN=vocms(045|052|021|031|0118|0118a|0119|0108|0105|0109).cern.ch
  timeleft: 478:04:26  (19.9 days)

 error: 
 retcode : 0
DEBUG 2018-02-23 16:02:59,581: 	 Myproxy is valid: 1721066
DEBUG 2018-02-23 16:02:59,581: 	 Command use: status
DEBUG 2018-02-23 16:02:59,581: 	 Options use: ['-d', 'CP_Higgs_2016/crab_20180223_153523']
DEBUG 2018-02-23 16:03:00,445: 	 CRABClient version: 3.3.1802
DEBUG 2018-02-23 16:03:00,445: 	 Instance is prod
DEBUG 2018-02-23 16:03:00,446: 	 Server base url is cmsweb.cern.ch
DEBUG 2018-02-23 16:03:00,446: 	 Command url /crabserver/prod/workflow
DEBUG 2018-02-23 16:03:01,420: 	 Got information from server oracle database: {u'result': [u'180223_213644:shigginb_crab_20180223_153523', u'None', u'None', u'SUBMITTED', u'SUBMIT', u'2018-02-23 21:36:44.838087', u'None', u'2018-02-23 21:37:33.978309', u'None', u'CMSSW_8_0_21', u'slc6_amd64_gcc530', u'/VBFHiggs0PHf05ph0_M-125_13TeV-JHUGenV6/RunIISummer16MiniAODv2-PUMoriond17_80X_mcRun2_asymptotic_2016_TrancheIV_v6-v1/MINIAODSIM', u'F', u'0', u'[]', u'[]', u'FileBased', u"{'splitOnRun': False, 'halt_job_on_file_boundaries': False, 'files_per_job': 1, 'runs': [], 'lumis': []}", u'0', u'96ab15e7c14266e693aed3c1f6d4a65723f909417b130812bd0067a433ff65f9.tar.gz', u'https://cmsweb.cern.ch/crabcache', u'shigginb', u'/DC=ch/DC=cern/OU=Organic Units/OU=Users/CN=shigginb/CN=785176/CN=Sam Higginbotham', u'cms', u'None', u'None', u'crab_20180223_153523-00000000000000000000000000000000', u'F', u'T3_US_FNALLPC', u'https://cmsweb.cern.ch/dbs/prod/global/DBSReader', u'https://cmsweb.cern.ch/dbs/prod/phys03/DBSWriter', u'F', u'[]', u"['analysis.root']", u'[]', u'Analysis', u'pythia', u'None', u'{}', u'[]', u'F', u'vocms052', u'[]', u'1250', u'1', u'2000', u'10', u'None', u'[]', u'http://vocms0155.cern.ch/mon/cms1359/180223_213644:shigginb_crab_20180223_153523', u'None', u'[]', u'[]', u'https://cmsweb.cern.ch/crabserver/prod', u'cmsgwms-collector-global.cern.ch:9620,cmssrv221.fnal.gov:9620', u'crab3@vocms0155.cern.ch', u'F', u'[]', u'T', u'/store/user/shigginb/', u'F', u'None', u'F', u'None', u'VBFHiggs0PHf05ph0_M-125_13TeV-JHUGenV6', u'None', u'9311148958ac2533c7977e9c6e6a724d8d671fd49c387f7540fdc6f09006dae2.tar.gz', u'19769925', u'filetransfers', u'F', u'131.225.189.130'], u'desc': {u'columns': [u'tm_taskname', u'tm_activity', u'panda_jobset_id', u'tm_task_status', u'tm_task_command', u'tm_start_time', u'tm_start_injection', u'tm_end_injection', u'tm_task_failure', u'tm_job_sw', u'tm_job_arch', u'tm_input_dataset', u'tm_nonvalid_input_dataset', u'tm_use_parent', u'tm_site_whitelist', u'tm_site_blacklist', u'tm_split_algo', u'tm_split_args', u'tm_totalunits', u'tm_user_sandbox', u'tm_cache_url', u'tm_username', u'tm_user_dn', u'tm_user_vo', u'tm_user_role', u'tm_user_group', u'tm_publish_name', u'tm_publish_groupname', u'tm_asyncdest', u'tm_dbs_url', u'tm_publish_dbs_url', u'tm_publication', u'tm_outfiles', u'tm_tfile_outfiles', u'tm_edm_outfiles', u'tm_job_type', u'tm_generator', u'tm_events_per_lumi', u'tm_arguments', u'panda_resubmitted_jobs', u'tm_save_logs', u'tw_name', u'tm_user_infiles', u'tm_maxjobruntime', u'tm_numcores', u'tm_maxmemory', u'tm_priority', u'tm_output_dataset', u'tm_task_warnings', u'tm_user_webdir', u'tm_scriptexe', u'tm_scriptargs', u'tm_extrajdl', u'tm_asourl', u'tm_collector', u'tm_schedd', u'tm_dry_run', u'tm_user_files', u'tm_transfer_outputs', u'tm_output_lfn', u'tm_ignore_locality', u'tm_fail_limit', u'tm_one_event_mode', u'tm_secondary_input_dataset', u'tm_primary_dataset', u'tm_last_publication', u'tm_debug_files', u'clusterid', u'tm_asodb', u'tm_ignore_global_blacklist', u'tm_submitter_ip_addr']}}
INFO 2018-02-23 16:03:01,420: 	 CRAB project directory:		/uscms_data/d3/samuellh/WorkingArea/CpHiggs/CMSSW_8_0_21/src/PUAnalysis/CrabTools/crab/VBFHiggs0PHf05ph0/CP_Higgs_2016/crab_20180223_153523
INFO 2018-02-23 16:03:01,421: 	 Task name:			180223_213644:shigginb_crab_20180223_153523
INFO 2018-02-23 16:03:01,421: 	 Grid scheduler:			crab3@vocms0155.cern.ch
INFO 2018-02-23 16:03:01,421: 	 Status on the CRAB server:	SUBMITTED
INFO 2018-02-23 16:03:01,421: 	 Task URL to use for HELP:	https://cmsweb.cern.ch/crabserver/ui/task/180223_213644%3Ashigginb_crab_20180223_153523
INFO 2018-02-23 16:03:01,421: 	 Dashboard monitoring URL:	http://dashb-cms-job.cern.ch/dashboard/templates/task-analysis/#user=shigginb&refresh=0&table=Jobs&p=1&records=25&activemenu=2&status=&site=&tid=180223_213644%3Ashigginb_crab_20180223_153523
DEBUG 2018-02-23 16:03:01,421: 	 The CRAB server submitted your task to the Grid scheduler (cluster ID: 19769925)
DEBUG 2018-02-23 16:03:01,421: 	 Webdir is located at http://vocms0155.cern.ch/mon/cms1359/180223_213644:shigginb_crab_20180223_153523
DEBUG 2018-02-23 16:03:02,450: 	 Proxied webdir is located at https://cmsweb.cern.ch/scheddmon/0155/cms1359/180223_213644:shigginb_crab_20180223_153523
DEBUG 2018-02-23 16:03:02,450: 	 Retrieving 'status_cache' file from https://cmsweb.cern.ch/scheddmon/0155/cms1359/180223_213644:shigginb_crab_20180223_153523/status_cache
DEBUG 2018-02-23 16:03:03,649: 	 Got information from status cache file: {'24': {'Retries': 0, 'WallDurations': [9.0, 470.0], 'StartTimes': [1519422383.0], 'SubmitTimes': [1519421871.0], 'JobIds': ['19769950.0'], 'EndTimes': [1519422853.0], 'Restarts': 0, 'RecordedSite': True, 'State': 'transferring', 'ResidentSetSize': [1128368], 'TotalUserCpuTimeHistory': [223], 'SiteHistory': ['Unknown', 'T2_US_UCSD'], 'TotalSysCpuTimeHistory': [33]}, '25': {'Retries': 0, 'WallDurations': [9.0, 610.0], 'StartTimes': [1519422368.0], 'SubmitTimes': [1519421871.0], 'JobIds': ['19769949.0'], 'EndTimes': [], 'Restarts': 0, 'RecordedSite': True, 'State': 'running', 'ResidentSetSize': [1329732], 'TotalUserCpuTimeHistory': [338.0], 'SiteHistory': ['Unknown', 'T2_US_UCSD'], 'TotalSysCpuTimeHistory': [51.0]}, '26': {'Retries': 0, 'WallDurations': [10.0, 611.0], 'StartTimes': [1519422365.0], 'SubmitTimes': [1519421871.0], 'JobIds': ['19769951.0'], 'EndTimes': [], 'Restarts': 0, 'RecordedSite': True, 'State': 'running', 'ResidentSetSize': [1371408], 'TotalUserCpuTimeHistory': [422.0], 'SiteHistory': ['Unknown', 'T2_US_UCSD'], 'TotalSysCpuTimeHistory': [20.0]}, '27': {'Retries': 0, 'WallDurations': [9.0, 724.0], 'StartTimes': [1519422362.0], 'SubmitTimes': [1519421871.0], 'JobIds': ['19769952.0'], 'EndTimes': [1519423086.0], 'Restarts': 0, 'RecordedSite': True, 'State': 'transferring', 'ResidentSetSize': [1331104], 'TotalUserCpuTimeHistory': [484], 'SiteHistory': ['Unknown', 'T2_US_UCSD'], 'TotalSysCpuTimeHistory': [38]}, '20': {'Retries': 0, 'WallDurations': [9.0, 611.0], 'StartTimes': [1519422357.0], 'SubmitTimes': [1519421871.0], 'JobIds': ['19769946.0'], 'EndTimes': [], 'Restarts': 0, 'RecordedSite': True, 'State': 'running', 'ResidentSetSize': [1249660], 'TotalUserCpuTimeHistory': [308.0], 'SiteHistory': ['Unknown', 'T2_US_UCSD'], 'TotalSysCpuTimeHistory': [34.0]}, '21': {'Retries': 0, 'WallDurations': [9.0, 609.0], 'StartTimes': [1519422387.0], 'SubmitTimes': [1519421873.0], 'JobIds': ['19769964.0'], 'EndTimes': [], 'Restarts': 0, 'RecordedSite': True, 'State': 'running', 'ResidentSetSize': [1332984], 'TotalUserCpuTimeHistory': [229.0], 'SiteHistory': ['Unknown', 'T2_US_UCSD'], 'TotalSysCpuTimeHistory': [47.0]}, '22': {'Retries': 0, 'WallDurations': [9.0, 648.0], 'StartTimes': [1519422365.0], 'SubmitTimes': [1519421871.0], 'JobIds': ['19769947.0'], 'EndTimes': [1519423013.0], 'Restarts': 0, 'RecordedSite': True, 'State': 'transferring', 'ResidentSetSize': [1286160], 'TotalUserCpuTimeHistory': [383], 'SiteHistory': ['Unknown', 'T2_US_UCSD'], 'TotalSysCpuTimeHistory': [49]}, '23': {'Retries': 0, 'WallDurations': [9.0, 611.0], 'StartTimes': [1519422369.0], 'SubmitTimes': [1519421871.0], 'JobIds': ['19769948.0'], 'EndTimes': [], 'Restarts': 0, 'RecordedSite': True, 'State': 'running', 'ResidentSetSize': [1259956], 'TotalUserCpuTimeHistory': [344.0], 'SiteHistory': ['Unknown', 'T2_US_UCSD'], 'TotalSysCpuTimeHistory': [22.0]}, '28': {'Retries': 0, 'WallDurations': [9.0, 341.0], 'StartTimes': [1519422374.0], 'SubmitTimes': [1519421871.0], 'JobIds': ['19769953.0'], 'EndTimes': [1519422715.0], 'Restarts': 0, 'RecordedSite': True, 'State': 'transferring', 'ResidentSetSize': [1286968], 'TotalUserCpuTimeHistory': [148], 'SiteHistory': ['Unknown', 'T2_US_UCSD'], 'TotalSysCpuTimeHistory': [42]}, '29': {'Retries': 0, 'WallDurations': [9.0, 610.0], 'StartTimes': [1519422375.0], 'SubmitTimes': [1519421871.0], 'JobIds': ['19769954.0'], 'EndTimes': [], 'Restarts': 0, 'RecordedSite': True, 'State': 'running', 'ResidentSetSize': [1324848], 'TotalUserCpuTimeHistory': [341.0], 'SiteHistory': ['Unknown', 'T2_US_UCSD'], 'TotalSysCpuTimeHistory': [30.0]}, '1': {'Retries': 0, 'WallDurations': [9.0, 402.0], 'StartTimes': [1519422573.0], 'SubmitTimes': [1519421868.0], 'JobIds': ['19769928.0'], 'EndTimes': [1519422975.0], 'Restarts': 0, 'RecordedSite': True, 'State': 'transferring', 'ResidentSetSize': [951444], 'TotalUserCpuTimeHistory': [197], 'SiteHistory': ['Unknown', 'T2_US_UCSD'], 'TotalSysCpuTimeHistory': [42]}, '3': {'Retries': 0, 'WallDurations': [8.0, 308.0], 'StartTimes': [1519422582.0], 'SubmitTimes': [1519421869.0], 'JobIds': ['19769929.0'], 'EndTimes': [], 'Restarts': 0, 'RecordedSite': True, 'State': 'running', 'ResidentSetSize': [1233636], 'TotalUserCpuTimeHistory': [155.0], 'SiteHistory': ['Unknown', 'T2_US_UCSD'], 'TotalSysCpuTimeHistory': [18.0]}, '2': {'Retries': 0, 'WallDurations': [9.0, 344.0], 'StartTimes': [1519422580.0], 'SubmitTimes': [1519421868.0], 'JobIds': ['19769927.0'], 'EndTimes': [1519422924.0], 'Restarts': 0, 'RecordedSite': True, 'State': 'transferring', 'ResidentSetSize': [1320308], 'TotalUserCpuTimeHistory': [158], 'SiteHistory': ['Unknown', 'T2_US_UCSD'], 'TotalSysCpuTimeHistory': [28]}, '5': {'Retries': 0, 'WallDurations': [8.0, 308.0], 'StartTimes': [1519422563.0], 'SubmitTimes': [1519421869.0], 'JobIds': ['19769931.0'], 'EndTimes': [], 'Restarts': 0, 'RecordedSite': True, 'State': 'running', 'ResidentSetSize': [1212368], 'TotalUserCpuTimeHistory': [229.0], 'SiteHistory': ['Unknown', 'T2_US_Wisconsin'], 'TotalSysCpuTimeHistory': [29.0]}, '4': {'Retries': 0, 'WallDurations': [8.0, 308.0], 'StartTimes': [1519422578.0], 'SubmitTimes': [1519421869.0], 'JobIds': ['19769930.0'], 'EndTimes': [], 'Restarts': 0, 'RecordedSite': True, 'State': 'running', 'ResidentSetSize': [1270296], 'TotalUserCpuTimeHistory': [158.0], 'SiteHistory': ['Unknown', 'T2_US_UCSD'], 'TotalSysCpuTimeHistory': [12.0]}, '7': {'Retries': 0, 'WallDurations': [8.0, 909.0], 'StartTimes': [1519422196.0], 'SubmitTimes': [1519421869.0], 'JobIds': ['19769933.0'], 'EndTimes': [], 'Restarts': 0, 'RecordedSite': True, 'State': 'running', 'ResidentSetSize': [1333092], 'TotalUserCpuTimeHistory': [609.0], 'SiteHistory': ['Unknown', 'T2_US_UCSD'], 'TotalSysCpuTimeHistory': [69.0]}, '6': {'Retries': 0, 'WallDurations': [9.0, 610.0], 'StartTimes': [1519422190.0], 'SubmitTimes': [1519421869.0], 'JobIds': ['19769932.0'], 'EndTimes': [], 'Restarts': 0, 'RecordedSite': True, 'State': 'running', 'ResidentSetSize': [1251048], 'TotalUserCpuTimeHistory': [396.0], 'SiteHistory': ['Unknown', 'T2_US_UCSD'], 'TotalSysCpuTimeHistory': [38.0]}, '9': {'Retries': 0, 'WallDurations': [9.0, 611.0], 'StartTimes': [1519422213.0], 'SubmitTimes': [1519421869.0], 'JobIds': ['19769935.0'], 'EndTimes': [1519422824.0], 'Restarts': 0, 'RecordedSite': True, 'State': 'transferring', 'ResidentSetSize': [1230408], 'TotalUserCpuTimeHistory': [412], 'SiteHistory': ['Unknown', 'T2_US_UCSD'], 'TotalSysCpuTimeHistory': [25]}, '8': {'Retries': 0, 'WallDurations': [8.0, 674.0], 'StartTimes': [1519422199.0], 'SubmitTimes': [1519421869.0], 'JobIds': ['19769934.0'], 'EndTimes': [1519422873.0], 'Restarts': 0, 'RecordedSite': True, 'State': 'transferring', 'ResidentSetSize': [1299300], 'TotalUserCpuTimeHistory': [159], 'SiteHistory': ['Unknown', 'T2_US_UCSD'], 'TotalSysCpuTimeHistory': [26]}, '12': {'Retries': 0, 'WallDurations': [8.0, 909.0], 'StartTimes': [1519422203.0], 'SubmitTimes': [1519421870.0], 'JobIds': ['19769938.0'], 'EndTimes': [], 'Restarts': 0, 'RecordedSite': True, 'State': 'running', 'ResidentSetSize': [1358360], 'TotalUserCpuTimeHistory': [384.0], 'SiteHistory': ['Unknown', 'T2_US_UCSD'], 'TotalSysCpuTimeHistory': [41.0]}, '11': {'Retries': 0, 'WallDurations': [10.0, 574.0], 'StartTimes': [1519422198.0], 'SubmitTimes': [1519421870.0], 'JobIds': ['19769937.0'], 'EndTimes': [1519422772.0], 'Restarts': 0, 'RecordedSite': True, 'State': 'transferring', 'ResidentSetSize': [903304], 'TotalUserCpuTimeHistory': [323], 'SiteHistory': ['Unknown', 'T2_US_UCSD'], 'TotalSysCpuTimeHistory': [47]}, '10': {'Retries': 0, 'WallDurations': [8.0, 609.0], 'StartTimes': [1519422200.0], 'SubmitTimes': [1519421869.0], 'JobIds': ['19769936.0'], 'EndTimes': [], 'Restarts': 0, 'RecordedSite': True, 'State': 'running', 'ResidentSetSize': [1219900], 'TotalUserCpuTimeHistory': [385.0], 'SiteHistory': ['Unknown', 'T2_US_UCSD'], 'TotalSysCpuTimeHistory': [26.0]}, '13': {'Retries': 0, 'WallDurations': [10.0, 738.0], 'StartTimes': [1519422203.0], 'SubmitTimes': [1519421870.0], 'JobIds': ['19769939.0'], 'EndTimes': [1519422941.0], 'Restarts': 0, 'RecordedSite': True, 'State': 'transferring', 'ResidentSetSize': [1307716], 'TotalUserCpuTimeHistory': [186], 'SiteHistory': ['Unknown', 'T2_US_UCSD'], 'TotalSysCpuTimeHistory': [27]}, '38': {'Retries': 0, 'WallDurations': [9.0, 461.0], 'StartTimes': [1519422365.0], 'SubmitTimes': [1519421873.0], 'JobIds': ['19769963.0'], 'EndTimes': [1519422826.0], 'Restarts': 0, 'RecordedSite': True, 'State': 'transferring', 'ResidentSetSize': [1314096], 'TotalUserCpuTimeHistory': [277], 'SiteHistory': ['Unknown', 'T2_US_UCSD'], 'TotalSysCpuTimeHistory': [16]}, '15': {'Retries': 0, 'WallDurations': [9.0, 520.0], 'StartTimes': [1519422354.0], 'SubmitTimes': [1519421870.0], 'JobIds': ['19769941.0'], 'EndTimes': [1519422874.0], 'Restarts': 0, 'RecordedSite': True, 'State': 'transferring', 'ResidentSetSize': [1157380], 'TotalUserCpuTimeHistory': [300], 'SiteHistory': ['Unknown', 'T2_US_UCSD'], 'TotalSysCpuTimeHistory': [31]}, '14': {'Retries': 0, 'WallDurations': [10.0, 552.0], 'StartTimes': [1519422370.0], 'SubmitTimes': [1519421870.0], 'JobIds': ['19769940.0'], 'EndTimes': [1519422922.0], 'Restarts': 0, 'RecordedSite': True, 'State': 'transferring', 'ResidentSetSize': [947420], 'TotalUserCpuTimeHistory': [304], 'SiteHistory': ['Unknown', 'T2_US_UCSD'], 'TotalSysCpuTimeHistory': [42]}, '17': {'Retries': 0, 'WallDurations': [9.0, 612.0], 'StartTimes': [1519422359.0], 'SubmitTimes': [1519421870.0], 'JobIds': ['19769943.0'], 'EndTimes': [], 'Restarts': 0, 'RecordedSite': True, 'State': 'running', 'ResidentSetSize': [1371524], 'TotalUserCpuTimeHistory': [370.0], 'SiteHistory': ['Unknown', 'T2_US_UCSD'], 'TotalSysCpuTimeHistory': [26.0]}, '16': {'Retries': 0, 'WallDurations': [8.0, 384.0], 'StartTimes': [1519422360.0], 'SubmitTimes': [1519421870.0], 'JobIds': ['19769942.0'], 'EndTimes': [1519422744.0], 'Restarts': 0, 'RecordedSite': True, 'State': 'transferring', 'ResidentSetSize': [1263336], 'TotalUserCpuTimeHistory': [197], 'SiteHistory': ['Unknown', 'T2_US_UCSD'], 'TotalSysCpuTimeHistory': [14]}, '19': {'Retries': 0, 'WallDurations': [8.0, 608.0], 'StartTimes': [1519422378.0], 'SubmitTimes': [1519421870.0], 'JobIds': ['19769945.0'], 'EndTimes': [], 'Restarts': 0, 'RecordedSite': True, 'State': 'running', 'ResidentSetSize': [1322308], 'TotalUserCpuTimeHistory': [374.0], 'SiteHistory': ['Unknown', 'T2_US_UCSD'], 'TotalSysCpuTimeHistory': [55.0]}, '18': {'Retries': 0, 'WallDurations': [10.0, 612.0], 'StartTimes': [1519422370.0], 'SubmitTimes': [1519421870.0], 'JobIds': ['19769944.0'], 'EndTimes': [], 'Restarts': 0, 'RecordedSite': True, 'State': 'running', 'ResidentSetSize': [1347004], 'TotalUserCpuTimeHistory': [328.0], 'SiteHistory': ['Unknown', 'T2_US_UCSD'], 'TotalSysCpuTimeHistory': [22.0]}, '31': {'Retries': 0, 'WallDurations': [9.0, 481.0], 'StartTimes': [1519422366.0], 'SubmitTimes': [1519421872.0], 'JobIds': ['19769957.0'], 'EndTimes': [1519422847.0], 'Restarts': 0, 'RecordedSite': True, 'State': 'transferring', 'ResidentSetSize': [1062080], 'TotalUserCpuTimeHistory': [254], 'SiteHistory': ['Unknown', 'T2_US_UCSD'], 'TotalSysCpuTimeHistory': [37]}, '30': {'Retries': 0, 'WallDurations': [9.0, 621.0], 'StartTimes': [1519422375.0], 'SubmitTimes': [1519421872.0], 'JobIds': ['19769956.0'], 'EndTimes': [1519422996.0], 'Restarts': 0, 'RecordedSite': True, 'State': 'transferring', 'ResidentSetSize': [826904], 'TotalUserCpuTimeHistory': [290], 'SiteHistory': ['Unknown', 'T2_US_UCSD'], 'TotalSysCpuTimeHistory': [50]}, '37': {'Retries': 0, 'WallDurations': [10.0, 481.0], 'StartTimes': [1519422389.0], 'SubmitTimes': [1519421873.0], 'JobIds': ['19769962.0'], 'EndTimes': [1519422870.0], 'Restarts': 0, 'RecordedSite': True, 'State': 'transferring', 'ResidentSetSize': [1162392], 'TotalUserCpuTimeHistory': [265], 'SiteHistory': ['Unknown', 'T2_US_UCSD'], 'TotalSysCpuTimeHistory': [39]}, '36': {'Retries': 0, 'WallDurations': [8.0, 610.0], 'StartTimes': [1519422370.0], 'SubmitTimes': [1519421872.0], 'JobIds': ['19769961.0'], 'EndTimes': [], 'Restarts': 0, 'RecordedSite': True, 'State': 'running', 'ResidentSetSize': [1279044], 'TotalUserCpuTimeHistory': [403.0], 'SiteHistory': ['Unknown', 'T2_US_UCSD'], 'TotalSysCpuTimeHistory': [45.0]}, '35': {'Retries': 0, 'WallDurations': [9.0, 454.0], 'StartTimes': [1519422368.0], 'SubmitTimes': [1519421872.0], 'JobIds': ['19769960.0'], 'EndTimes': [1519422822.0], 'Restarts': 0, 'RecordedSite': True, 'State': 'transferring', 'ResidentSetSize': [1316596], 'TotalUserCpuTimeHistory': [265], 'SiteHistory': ['Unknown', 'T2_US_UCSD'], 'TotalSysCpuTimeHistory': [15]}, '34': {'Retries': 0, 'WallDurations': [8.0, 494.0], 'StartTimes': [1519422365.0], 'SubmitTimes': [1519421872.0], 'JobIds': ['19769958.0'], 'EndTimes': [1519422859.0], 'Restarts': 0, 'RecordedSite': True, 'State': 'transferring', 'ResidentSetSize': [1223672], 'TotalUserCpuTimeHistory': [295], 'SiteHistory': ['Unknown', 'T2_US_UCSD'], 'TotalSysCpuTimeHistory': [19]}, '33': {'Retries': 0, 'WallDurations': [8.0, 610.0], 'StartTimes': [1519422370.0], 'SubmitTimes': [1519421872.0], 'JobIds': ['19769959.0'], 'EndTimes': [], 'Restarts': 0, 'RecordedSite': True, 'State': 'running', 'ResidentSetSize': [1326584], 'TotalUserCpuTimeHistory': [344.0], 'SiteHistory': ['Unknown', 'T2_US_UCSD'], 'TotalSysCpuTimeHistory': [47.0]}, '32': {'Retries': 0, 'WallDurations': [9.0, 611.0], 'StartTimes': [1519422383.0], 'SubmitTimes': [1519421872.0], 'JobIds': ['19769955.0'], 'EndTimes': [], 'Restarts': 0, 'RecordedSite': True, 'State': 'running', 'ResidentSetSize': [1252788], 'TotalUserCpuTimeHistory': [373.0], 'SiteHistory': ['Unknown', 'T2_US_UCSD'], 'TotalSysCpuTimeHistory': [46.0]}}
INFO 2018-02-23 16:03:03,650: 	 Status on the scheduler:	SUBMITTED
INFO 2018-02-23 16:03:03,650: 	 
Jobs status:                    running        50.0% (19/38)
INFO 2018-02-23 16:03:03,650: 	 				transferring   50.0% (19/38)
INFO 2018-02-23 16:03:03,650: 	 
No publication information (publication has been disabled in the CRAB configuration file)
INFO 2018-02-23 16:03:03,663: 	 Log file is /uscms_data/d3/samuellh/WorkingArea/CpHiggs/CMSSW_8_0_21/src/PUAnalysis/CrabTools/crab/VBFHiggs0PHf05ph0/CP_Higgs_2016/crab_20180223_153523/crab.log
