('The system path in the config file ', ['/cvmfs/cms.cern.ch/crab3/slc6_amd64_gcc493/cms/crabclient/3.3.1707.patch1/bin', '/uscms_data/d3/samuellh/WorkingArea/TauAnalysis/CMSSW_9_3_2/python', '/uscms_data/d3/samuellh/WorkingArea/TauAnalysis/CMSSW_9_3_2/lib/slc6_amd64_gcc630', '/cvmfs/cms.cern.ch/slc6_amd64_gcc630/cms/cmssw/CMSSW_9_3_2/python', '/cvmfs/cms.cern.ch/slc6_amd64_gcc630/cms/cmssw/CMSSW_9_3_2/lib/slc6_amd64_gcc630', '/cvmfs/cms.cern.ch/slc6_amd64_gcc630/cms/coral/CORAL_2_3_21-ghjeda6/slc6_amd64_gcc630/python', '/cvmfs/cms.cern.ch/slc6_amd64_gcc630/cms/coral/CORAL_2_3_21-ghjeda6/slc6_amd64_gcc630/lib', '/cvmfs/cms.cern.ch/slc6_amd64_gcc630/external/professor2/2.2.1-ghjeda6/lib/python2.7/site-packages', '/cvmfs/cms.cern.ch/slc6_amd64_gcc630/external/pyqt/4.11.4-mlhled2/lib/python2.7/site-packages', '/cvmfs/cms.cern.ch/slc6_amd64_gcc630/external/sherpa/2.2.4-ghjeda/lib/python2.7/site-packages', '/cvmfs/cms.cern.ch/slc6_amd64_gcc630/external/rivet/2.5.2-ghjeda4/lib/python2.7/site-packages', '/cvmfs/cms.cern.ch/slc6_amd64_gcc630/external/python-ldap/2.4.10-mlhled2/lib/python2.7/site-packages', '/cvmfs/cms.cern.ch/slc6_amd64_gcc630/external/py2-matplotlib/1.5.2-njopjo/lib/python2.7/site-packages', '/cvmfs/cms.cern.ch/slc6_amd64_gcc630/external/sip/4.17-mlhled2/lib/python2.7/site-packages', '/cvmfs/cms.cern.ch/slc6_amd64_gcc630/external/llvm/4.0.0-njopjo/lib64/python2.7/site-packages', '/cvmfs/cms.cern.ch/slc6_amd64_gcc630/external/py2-sqlalchemy/1.1.4-mlhled2/lib/python2.7/site-packages', '/cvmfs/cms.cern.ch/slc6_amd64_gcc630/external/py2-lint/0.25.1-mlhled2/lib/python2.7/site-packages', '/cvmfs/cms.cern.ch/slc6_amd64_gcc630/external/py2-dxr/1.0-ghjeda6/lib/python2.7/site-packages', '/cvmfs/cms.cern.ch/slc6_amd64_gcc630/external/py2-cx-oracle/5.2.1-mlhled2/lib/python2.7/site-packages', '/cvmfs/cms.cern.ch/slc6_amd64_gcc630/external/py2-numpy/1.12.1-mlhled2/lib/python2.7/site-packages', '/cvmfs/cms.cern.ch/slc6_amd64_gcc630/external/frontier_client/2.8.20-mlhled2/python/lib', '/cvmfs/cms.cern.ch/slc6_amd64_gcc630/cms/das_client/v03.01.00-mlhled2/bin', '/cvmfs/cms.cern.ch/slc6_amd64_gcc630/external/xrootd/4.6.1/lib/python2.7/site-packages', '/cvmfs/cms.cern.ch/slc6_amd64_gcc630/external/yoda/1.6.5-ghjeda4/lib/python2.7/site-packages', '/cvmfs/cms.cern.ch/slc6_amd64_gcc630/lcg/root/6.10.04-ghjeda/lib', '/cvmfs/cms.cern.ch/slc6_amd64_gcc630/external/pyminuit2/0.0.1-ghjeda4/lib/python2.7/site-packages', '/cvmfs/cms.cern.ch/slc6_amd64_gcc630/external/py2-PyYAML/3.11-mlhled2/lib/python2.7/site-packages', '/cvmfs/cms.cern.ch/slc6_amd64_gcc630/external/py2-pygithub/1.23.0-mlhled2/lib/python2.7/site-packages', '/cvmfs/cms.cern.ch/slc6_amd64_gcc630/external/py2-pip/9.0.1-mlhled2/lib/python2.7/site-packages', '/cvmfs/cms.cern.ch/slc6_amd64_gcc630/external/py2-dablooms/0.9.1-mlhled2/lib/python2.7/site-packages', '/cvmfs/cms.cern.ch/slc6_amd64_gcc630/external/py2-pippkgs_depscipy/3.0-ghjeda6/lib/python2.7/site-packages', '/cvmfs/cms.cern.ch/slc6_amd64_gcc630/external/py2-pippkgs/5.0-ghjeda6/lib/python2.7/site-packages', '/cvmfs/cms.cern.ch/slc6_amd64_gcc630/external/professor/1.4.0-ghjeda4/lib/python2.7/site-packages', '/cvmfs/cms.cern.ch/slc6_amd64_gcc630/cms/dbs-client/DBS_2_1_9-mlhled2/lib', '/cvmfs/cms.cern.ch/slc6_amd64_gcc630/cms/dbs-client/DBS_2_1_9-mlhled2/lib/DBSAPI', '/cvmfs/cms.cern.ch/slc6_amd64_gcc630/external/cvs2git/5419-mlhled2/lib', '/cvmfs/cms.cern.ch/crab3/slc6_amd64_gcc493/cms/crabclient/3.3.1707.patch1/lib/python2.7/site-packages', '/cvmfs/cms.cern.ch/crab3/slc6_amd64_gcc493/cms/dbs3-client/3.4.4/lib/python2.7/site-packages', '/cvmfs/cms.cern.ch/crab3/slc6_amd64_gcc493/cms/dbs3-pycurl-client/3.4.4/lib/python2.7/site-packages', '/cvmfs/cms.cern.ch/slc6_amd64_gcc630/external/py2-sqlalchemy/1.1.4-mlhled2/lib/python2.7/site-packages/SQLAlchemy-1.1.4-py2.7-linux-x86_64.egg', '/cvmfs/cms.cern.ch/slc6_amd64_gcc630/external/py2-numpy/1.12.1-mlhled2/lib/python2.7/site-packages/numpy-1.12.1-py2.7-linux-x86_64.egg', '/cvmfs/cms.cern.ch/slc6_amd64_gcc630/external/python/2.7.11-mlhled2/lib/python27.zip', '/cvmfs/cms.cern.ch/slc6_amd64_gcc630/external/python/2.7.11-mlhled2/lib/python2.7', '/cvmfs/cms.cern.ch/slc6_amd64_gcc630/external/python/2.7.11-mlhled2/lib/python2.7/plat-linux2', '/cvmfs/cms.cern.ch/slc6_amd64_gcc630/external/python/2.7.11-mlhled2/lib/python2.7/lib-tk', '/cvmfs/cms.cern.ch/slc6_amd64_gcc630/external/python/2.7.11-mlhled2/lib/python2.7/lib-old', '/cvmfs/cms.cern.ch/slc6_amd64_gcc630/external/python/2.7.11-mlhled2/lib/python2.7/lib-dynload', '/cvmfs/cms.cern.ch/slc6_amd64_gcc630/external/python/2.7.11-mlhled2/lib/python2.7/site-packages', '/uscms_data/d3/samuellh/WorkingArea/TauAnalysis/CMSSW_9_3_2/src/PUAnalysis/VBFtt2017/crab/VBF3'])
 ##################################################################### 
 # WARNING: the module CondCore.DBCommon.CondDBSetup is deprecated.  # 
 # Please import CondCore.CondDB.CondDB_cfi                          # 
 ##################################################################### 
recorrecting the jets
List Of Filters
['processedEvents', 'initialEventsTT', 'DiMuonCreation', 'AtLeastOneDiTau', 'TTTauPtEta', 'TTTauDecayFound', 'TTTauStandardDecayFound', 'TTTauDRSel', 'TTSync', 'TTAntiEle', 'TTAntiMu', 'TTIso', 'TTOS']
DEBUG 2017-11-15 07:27:07,173: 	 Executing command: 'submit'
DEBUG 2017-11-15 07:27:07,174: 	 Found CRAB cache file /uscms/home/samuellh/.crab3
DEBUG 2017-11-15 07:27:07,182: 	 Checking credentials
DEBUG 2017-11-15 07:27:07,182: 	 Found proxy file /tmp/x509up_u52190
DEBUG 2017-11-15 07:27:07,182: 	 Getting proxy life time left
DEBUG 2017-11-15 07:27:07,285: 	 Executing : 
 command : voms-proxy-info -file /tmp/x509up_u52190 -timeleft
 output : 83256

 error: 
 retcode : 0
DEBUG 2017-11-15 07:27:07,388: 	 Executing : 
 command : voms-proxy-info -file /tmp/x509up_u52190 -actimeleft
 output : 83255

 error: 
 retcode : 0
DEBUG 2017-11-15 07:27:07,389: 	 Proxy valid for 23:07:36 hours
INFO 2017-11-15 07:27:07,389: 	 Will use CRAB configuration file crab3_TT_MC.py
DEBUG 2017-11-15 07:27:07,389: 	 Loading CRAB configuration file.
DEBUG 2017-11-15 07:27:07,397: 	 Will use CRAB Analysis plugin (i.e. will run an analysis job type).
DEBUG 2017-11-15 07:27:07,513: 	 Executing : 
 command : openssl x509 -in ~/.globus/usercert.pem -subject -noout
 output : subject= /DC=ch/DC=cern/OU=Organic Units/OU=Users/CN=shigginb/CN=785176/CN=Sam Higginbotham

 error: 
 retcode : 0
DEBUG 2017-11-15 07:27:07,513: 	 Checking credentials
DEBUG 2017-11-15 07:27:07,513: 	 Found proxy file /tmp/x509up_u52190
DEBUG 2017-11-15 07:27:07,513: 	 Getting proxy life time left
DEBUG 2017-11-15 07:27:07,616: 	 Executing : 
 command : voms-proxy-info -file /tmp/x509up_u52190 -timeleft
 output : 83256

 error: 
 retcode : 0
DEBUG 2017-11-15 07:27:07,719: 	 Executing : 
 command : voms-proxy-info -file /tmp/x509up_u52190 -actimeleft
 output : 83255

 error: 
 retcode : 0
DEBUG 2017-11-15 07:27:07,720: 	 Proxy valid for 23:07:36 hours
DEBUG 2017-11-15 07:27:07,823: 	 Executing : 
 command : env X509_USER_PROXY=/tmp/x509up_u52190 voms-proxy-info -fqan
 output : /cms/Role=NULL/Capability=NULL

 error: 
 retcode : 0
DEBUG 2017-11-15 07:27:09,600: 	 Registering user credentials for server /DC=ch/DC=cern/OU=computers/CN=vocms(045|052|021|031|0118|0118a|0119|0108|0105|0109).cern.ch
DEBUG 2017-11-15 07:27:09,708: 	 Executing : 
 command : openssl x509 -in ~/.globus/usercert.pem -subject -noout
 output : subject= /DC=ch/DC=cern/OU=Organic Units/OU=Users/CN=shigginb/CN=785176/CN=Sam Higginbotham

 error: 
 retcode : 0
DEBUG 2017-11-15 07:27:09,708: 	 Getting myproxy life time left for myproxy.cern.ch
DEBUG 2017-11-15 07:27:09,708: 	 Calculating hash of /DC=ch/DC=cern/OU=Organic Units/OU=Users/CN=shigginb/CN=785176/CN=Sam Higginbotham_cmsweb.cern.ch for credential name
DEBUG 2017-11-15 07:27:10,513: 	 Executing : 
 command : myproxy-info -l 2f318c7a260d78734589f2cc772d26b8be79ec6c -s myproxy.cern.ch
 output : username: 2f318c7a260d78734589f2cc772d26b8be79ec6c
owner: /DC=ch/DC=cern/OU=Organic Units/OU=Users/CN=shigginb/CN=785176/CN=Sam Higginbotham
  renewal policy: /DC=ch/DC=cern/OU=computers/CN=vocms(045|052|021|031|0118|0118a|0119|0108|0105|0109).cern.ch
  trusted retrieval policy: /DC=ch/DC=cern/OU=computers/CN=vocms(045|052|021|031|0118|0118a|0119|0108|0105|0109).cern.ch
  timeleft: 431:56:31  (18.0 days)

 error: 
 retcode : 0
DEBUG 2017-11-15 07:27:10,515: 	 Myproxy is valid: 1554991
DEBUG 2017-11-15 07:27:10,515: 	 Command use: submit
DEBUG 2017-11-15 07:27:10,515: 	 Options use: ['-c', 'crab3_TT_MC.py']
DEBUG 2017-11-15 07:27:12,222: 	 CRABClient version: 3.3.1707.patch1
DEBUG 2017-11-15 07:27:12,222: 	 Instance is prod
DEBUG 2017-11-15 07:27:12,222: 	 Server base url is cmsweb.cern.ch
DEBUG 2017-11-15 07:27:12,222: 	 Command url /crabserver/prod/workflow
DEBUG 2017-11-15 07:27:12,222: 	 Started submission
DEBUG 2017-11-15 07:27:12,222: 	 Working on /uscms_data/d3/samuellh/WorkingArea/TauAnalysis/CMSSW_9_3_2/src/PUAnalysis/VBFtt2017/crab/VBF3/crab_20171115_072707
DEBUG 2017-11-15 07:27:13,850: 	 Loading required information from the environment
DEBUG 2017-11-15 07:27:13,850: 	 Found CMSSW_9_3_2 for slc6_amd64_gcc630 with base /uscms_data/d3/samuellh/WorkingArea/TauAnalysis/CMSSW_9_3_2
DEBUG 2017-11-15 07:27:13,851: 	 Loading required information from the environment
DEBUG 2017-11-15 07:27:13,851: 	 Found CMSSW_9_3_2 for slc6_amd64_gcc630 with base /uscms_data/d3/samuellh/WorkingArea/TauAnalysis/CMSSW_9_3_2
DEBUG 2017-11-15 07:27:13,863: 	 UNIQUE NAME: tarUUID 35e5dce8-b06b-4c58-abe5-fd296f41ea24 
DEBUG 2017-11-15 07:27:13,863: 	 self.config: from WMCore.Configuration import Configuration
config = Configuration()
config.section_('General')
config.section_('JobType')
config.JobType.psetName = '../../../TT-MC-Up.py'
config.JobType.pluginName = 'Analysis'
config.JobType.inputFiles = ['../../../Configuration/data/PhaseIISummer16_25nsV3_MC.db']
config.JobType.outputFiles = ['analysis.root']
config.JobType.allowUndistributedCMSSW = True
config.section_('Data')
config.Data.inputDataset = '/DYToLL-M-50_1J_14TeV-madgraphMLM-pythia8/PhaseIITDRFall17MiniAOD-PU200_93X_upgrade2023_realistic_v2-v1/MINIAODSIM'
config.Data.unitsPerJob = 1
config.Data.publication = False
config.Data.inputDBS = 'global'
config.Data.splitting = 'FileBased'
config.section_('Site')
config.Site.storageSite = 'T3_US_FNALLPC'
config.section_('User')
config.section_('Debug')

DEBUG 2017-11-15 07:27:13,863: 	 self.config.JobType.psetName: ../../../TT-MC-Up.py
INFO 2017-11-15 07:27:13,863: 	 Importing CMSSW configuration ../../../TT-MC-Up.py
INFO 2017-11-15 07:27:16,258: 	 Finished importing CMSSW configuration ../../../TT-MC-Up.py
DEBUG 2017-11-15 07:27:16,259: 	 Writing CMSSW configuration to /uscms_data/d3/samuellh/WorkingArea/TauAnalysis/CMSSW_9_3_2/src/PUAnalysis/VBFtt2017/crab/VBF3/crab_20171115_072707/inputs/PSet.py
DEBUG 2017-11-15 07:27:17,207: 	 The following EDM output files will be collected: []
DEBUG 2017-11-15 07:27:17,207: 	 The following TFile output files will be collected: ['analysis.root']
DEBUG 2017-11-15 07:27:17,207: 	 The following user output files will be collected: []
DEBUG 2017-11-15 07:27:17,207: 	 Loading required information from the environment
DEBUG 2017-11-15 07:27:17,208: 	 Found CMSSW_9_3_2 for slc6_amd64_gcc630 with base /uscms_data/d3/samuellh/WorkingArea/TauAnalysis/CMSSW_9_3_2
DEBUG 2017-11-15 07:27:17,208: 	 Making tarball in /uscms_data/d3/samuellh/WorkingArea/TauAnalysis/CMSSW_9_3_2/src/PUAnalysis/VBFtt2017/crab/VBF3/crab_20171115_072707/inputs/35e5dce8-b06b-4c58-abe5-fd296f41ea24default.tgz
DEBUG 2017-11-15 07:27:17,213: 	 Checking directory /uscms_data/d3/samuellh/WorkingArea/TauAnalysis/CMSSW_9_3_2/lib
DEBUG 2017-11-15 07:27:17,213: 	 Adding directory /uscms_data/d3/samuellh/WorkingArea/TauAnalysis/CMSSW_9_3_2/lib to tarball
DEBUG 2017-11-15 07:27:18,142: 	 Checking directory /uscms_data/d3/samuellh/WorkingArea/TauAnalysis/CMSSW_9_3_2/biglib
DEBUG 2017-11-15 07:27:18,142: 	 Adding directory /uscms_data/d3/samuellh/WorkingArea/TauAnalysis/CMSSW_9_3_2/biglib to tarball
DEBUG 2017-11-15 07:27:18,144: 	 Checking directory /uscms_data/d3/samuellh/WorkingArea/TauAnalysis/CMSSW_9_3_2/module
DEBUG 2017-11-15 07:27:18,301: 	 Adding data directory /uscms_data/d3/samuellh/WorkingArea/TauAnalysis/CMSSW_9_3_2/src/PUAnalysis/Configuration/data to tarball
DEBUG 2017-11-15 07:27:20,495: 	 Adding data directory /uscms_data/d3/samuellh/WorkingArea/TauAnalysis/CMSSW_9_3_2/src/PUAnalysis/DataFormats/interface to tarball
DEBUG 2017-11-15 07:27:20,501: 	 Adding data directory /uscms_data/d3/samuellh/WorkingArea/TauAnalysis/CMSSW_9_3_2/src/PUAnalysis/NtupleTools/interface to tarball
DEBUG 2017-11-15 07:27:20,505: 	 Adding data directory /uscms_data/d3/samuellh/WorkingArea/TauAnalysis/CMSSW_9_3_2/src/PUAnalysis/RecoTools/interface to tarball
DEBUG 2017-11-15 07:27:20,687: 	 Adding file ../../../Configuration/data/PhaseIISummer16_25nsV3_MC.db to tarball
DEBUG 2017-11-15 07:27:21,003: 	 Uploading archive /uscms_data/d3/samuellh/WorkingArea/TauAnalysis/CMSSW_9_3_2/src/PUAnalysis/VBFtt2017/crab/VBF3/crab_20171115_072707/inputs/35e5dce8-b06b-4c58-abe5-fd296f41ea24default.tgz (11 MB) to the CRAB cache. Using URI https://cmsweb.cern.ch/crabcache
DEBUG 2017-11-15 07:27:28,144: 	 Loading required information from the environment
DEBUG 2017-11-15 07:27:28,144: 	 Found CMSSW_9_3_2 for slc6_amd64_gcc630 with base /uscms_data/d3/samuellh/WorkingArea/TauAnalysis/CMSSW_9_3_2
DEBUG 2017-11-15 07:27:28,144: 	 Making tarball in /uscms_data/d3/samuellh/WorkingArea/TauAnalysis/CMSSW_9_3_2/src/PUAnalysis/VBFtt2017/crab/VBF3/crab_20171115_072707/inputs/debugFiles.tgz
DEBUG 2017-11-15 07:27:28,150: 	 Uploading archive /uscms_data/d3/samuellh/WorkingArea/TauAnalysis/CMSSW_9_3_2/src/PUAnalysis/VBFtt2017/crab/VBF3/crab_20171115_072707/inputs/debugFiles.tgz (2 KB) to the CRAB cache. Using URI https://cmsweb.cern.ch/crabcache
DEBUG 2017-11-15 07:27:29,899: 	 Result uploading input files: 4e198fb019d07e682a8bd09208595d4eb73bac82ae7f6e24154a54b4451cc952.tar.gz 
INFO 2017-11-15 07:27:29,900: 	 Sending the request to the server
DEBUG 2017-11-15 07:27:29,900: 	 Submitting {'maxjobruntime': 1250, 'extrajdl': [], 'ignorelocality': 0, 'savelogsflag': 0, 'useparent': 0, 'asyncdest': 'T3_US_FNALLPC', 'algoargs': 1, 'cachefilename': '4e198fb019d07e682a8bd09208595d4eb73bac82ae7f6e24154a54b4451cc952.tar.gz', 'numcores': 1, 'addoutputfiles': [], 'generator': 'pythia', 'maxmemory': 2000, 'publishdbsurl': 'https://cmsweb.cern.ch/dbs/prod/phys03/DBSWriter', 'priority': 10, 'jobsw': 'CMSSW_9_3_2', 'edmoutfiles': [], 'userfiles': [], 'primarydataset': '', 'inputdata': '/DYToLL-M-50_1J_14TeV-madgraphMLM-pythia8/PhaseIITDRFall17MiniAOD-PU200_93X_upgrade2023_realistic_v2-v1/MINIAODSIM', 'dryrun': 0, 'workflow': 'crab_20171115_072707', 'cacheurl': u'https://cmsweb.cern.ch/crabcache', 'nonprodsw': 1, 'tfileoutfiles': ['analysis.root'], 'oneEventMode': 0, 'debugfilename': '70af1e747aafc31a84a06f96ccc9de64196f5fc0e2c9b434e046a5ea12fc846b.tar.gz', 'saveoutput': 1, 'publication': 0, 'jobarch': 'slc6_amd64_gcc630', 'totalunits': 0, 'splitalgo': 'FileBased', 'ignoreglobalblacklist': 0, 'nonvaliddata': 0, 'dbsurl': 'https://cmsweb.cern.ch/dbs/prod/global/DBSReader', 'publishgroupname': 0, 'jobtype': 'Analysis', 'publishname2': ''} 
DEBUG 2017-11-15 07:27:29,900: 	 Encoded submit request: maxjobruntime=1250&ignorelocality=0&savelogsflag=0&useparent=0&asyncdest=T3_US_FNALLPC&algoargs=1&cachefilename=4e198fb019d07e682a8bd09208595d4eb73bac82ae7f6e24154a54b4451cc952.tar.gz&numcores=1&generator=pythia&maxmemory=2000&publishdbsurl=https%3A%2F%2Fcmsweb.cern.ch%2Fdbs%2Fprod%2Fphys03%2FDBSWriter&priority=10&jobsw=CMSSW_9_3_2&primarydataset=&inputdata=%2FDYToLL-M-50_1J_14TeV-madgraphMLM-pythia8%2FPhaseIITDRFall17MiniAOD-PU200_93X_upgrade2023_realistic_v2-v1%2FMINIAODSIM&dryrun=0&workflow=crab_20171115_072707&cacheurl=https%3A%2F%2Fcmsweb.cern.ch%2Fcrabcache&nonprodsw=1&oneEventMode=0&debugfilename=70af1e747aafc31a84a06f96ccc9de64196f5fc0e2c9b434e046a5ea12fc846b.tar.gz&saveoutput=1&publication=0&jobarch=slc6_amd64_gcc630&totalunits=0&splitalgo=FileBased&ignoreglobalblacklist=0&nonvaliddata=0&dbsurl=https%3A%2F%2Fcmsweb.cern.ch%2Fdbs%2Fprod%2Fglobal%2FDBSReader&publishgroupname=0&jobtype=Analysis&publishname2=&tfileoutfiles=analysis.root
DEBUG 2017-11-15 07:27:31,670: 	 Result: {u'result': [{u'RequestName': u'171115_132731:shigginb_crab_20171115_072707'}]}
INFO 2017-11-15 07:27:31,675: 	 Success: Your task has been delivered to the CRAB3 server.
INFO 2017-11-15 07:27:31,675: 	 Task name: 171115_132731:shigginb_crab_20171115_072707
INFO 2017-11-15 07:27:31,676: 	 Please use 'crab status' to check how the submission process proceeds.
DEBUG 2017-11-15 07:27:31,676: 	 About to return
INFO 2017-11-15 07:27:31,681: 	 Log file is /uscms_data/d3/samuellh/WorkingArea/TauAnalysis/CMSSW_9_3_2/src/PUAnalysis/VBFtt2017/crab/VBF3/crab_20171115_072707/crab.log
DEBUG 2017-11-15 08:00:23,844: 	 Executing command: 'status'
DEBUG 2017-11-15 08:00:23,845: 	 Found CRAB cache file /uscms/home/samuellh/.crab3
DEBUG 2017-11-15 08:00:23,852: 	 Checking credentials
DEBUG 2017-11-15 08:00:23,852: 	 Found proxy file /tmp/x509up_u52190
DEBUG 2017-11-15 08:00:23,852: 	 Getting proxy life time left
DEBUG 2017-11-15 08:00:23,955: 	 Executing : 
 command : voms-proxy-info -file /tmp/x509up_u52190 -timeleft
 output : 81260

 error: 
 retcode : 0
DEBUG 2017-11-15 08:00:24,059: 	 Executing : 
 command : voms-proxy-info -file /tmp/x509up_u52190 -actimeleft
 output : 81258

 error: 
 retcode : 0
DEBUG 2017-11-15 08:00:24,059: 	 Proxy valid for 22:34:20 hours
DEBUG 2017-11-15 08:00:24,173: 	 Executing : 
 command : openssl x509 -in ~/.globus/usercert.pem -subject -noout
 output : subject= /DC=ch/DC=cern/OU=Organic Units/OU=Users/CN=shigginb/CN=785176/CN=Sam Higginbotham

 error: 
 retcode : 0
DEBUG 2017-11-15 08:00:24,173: 	 Checking credentials
DEBUG 2017-11-15 08:00:24,173: 	 Found proxy file /tmp/x509up_u52190
DEBUG 2017-11-15 08:00:24,173: 	 Getting proxy life time left
DEBUG 2017-11-15 08:00:24,276: 	 Executing : 
 command : voms-proxy-info -file /tmp/x509up_u52190 -timeleft
 output : 81259

 error: 
 retcode : 0
DEBUG 2017-11-15 08:00:24,380: 	 Executing : 
 command : voms-proxy-info -file /tmp/x509up_u52190 -actimeleft
 output : 81258

 error: 
 retcode : 0
DEBUG 2017-11-15 08:00:24,380: 	 Proxy valid for 22:34:19 hours
DEBUG 2017-11-15 08:00:26,121: 	 Registering user credentials for server /DC=ch/DC=cern/OU=computers/CN=vocms(045|052|021|031|0118|0118a|0119|0108|0105|0109).cern.ch
DEBUG 2017-11-15 08:00:26,229: 	 Executing : 
 command : openssl x509 -in ~/.globus/usercert.pem -subject -noout
 output : subject= /DC=ch/DC=cern/OU=Organic Units/OU=Users/CN=shigginb/CN=785176/CN=Sam Higginbotham

 error: 
 retcode : 0
DEBUG 2017-11-15 08:00:26,229: 	 Getting myproxy life time left for myproxy.cern.ch
DEBUG 2017-11-15 08:00:26,229: 	 Calculating hash of /DC=ch/DC=cern/OU=Organic Units/OU=Users/CN=shigginb/CN=785176/CN=Sam Higginbotham_cmsweb.cern.ch for credential name
DEBUG 2017-11-15 08:00:26,934: 	 Executing : 
 command : myproxy-info -l 2f318c7a260d78734589f2cc772d26b8be79ec6c -s myproxy.cern.ch
 output : username: 2f318c7a260d78734589f2cc772d26b8be79ec6c
owner: /DC=ch/DC=cern/OU=Organic Units/OU=Users/CN=shigginb/CN=785176/CN=Sam Higginbotham
  renewal policy: /DC=ch/DC=cern/OU=computers/CN=vocms(045|052|021|031|0118|0118a|0119|0108|0105|0109).cern.ch
  trusted retrieval policy: /DC=ch/DC=cern/OU=computers/CN=vocms(045|052|021|031|0118|0118a|0119|0108|0105|0109).cern.ch
  timeleft: 431:23:15  (18.0 days)

 error: 
 retcode : 0
DEBUG 2017-11-15 08:00:26,935: 	 Myproxy is valid: 1552995
DEBUG 2017-11-15 08:00:26,935: 	 Command use: status
DEBUG 2017-11-15 08:00:26,935: 	 Options use: ['-d', 'crab_20171115_072707/']
DEBUG 2017-11-15 08:00:28,676: 	 CRABClient version: 3.3.1707.patch1
DEBUG 2017-11-15 08:00:28,676: 	 Instance is prod
DEBUG 2017-11-15 08:00:28,676: 	 Server base url is cmsweb.cern.ch
DEBUG 2017-11-15 08:00:28,676: 	 Command url /crabserver/prod/workflow
DEBUG 2017-11-15 08:00:30,323: 	 Got information from server oracle database: {u'result': [u'171115_132731:shigginb_crab_20171115_072707', u'None', u'SUBMITTED', u'2017-11-15 13:27:31.608003', u'None', u'2017-11-15 13:28:10.958195', u'None', u'CMSSW_9_3_2', u'slc6_amd64_gcc630', u'/DYToLL-M-50_1J_14TeV-madgraphMLM-pythia8/PhaseIITDRFall17MiniAOD-PU200_93X_upgrade2023_realistic_v2-v1/MINIAODSIM', u'[]', u'[]', u'FileBased', u"{'splitOnRun': False, 'halt_job_on_file_boundaries': False, 'files_per_job': 1, 'runs': [], 'lumis': []}", u'0', u'4e198fb019d07e682a8bd09208595d4eb73bac82ae7f6e24154a54b4451cc952.tar.gz', u'https://cmsweb.cern.ch/crabcache', u'shigginb', u'/DC=ch/DC=cern/OU=Organic Units/OU=Users/CN=shigginb/CN=785176/CN=Sam Higginbotham', u'cms', u'None', u'None', u'crab_20171115_072707-00000000000000000000000000000000', u'T3_US_FNALLPC', u'https://cmsweb.cern.ch/dbs/prod/global/DBSReader', u'https://cmsweb.cern.ch/dbs/prod/phys03/DBSWriter', u'F', u'Analysis', u'{}', u'[]', u'F', u'vocms052', u'[]', u'1250', u'1', u'2000', u'10', u'None', u'http://vocms0197.cern.ch/mon/cms1359/171115_132731:shigginb_crab_20171115_072707', u'None', u'None', u'[]', u'[]', u'[]', u'pythia', u'[]', u"['analysis.root']", u'[]', u'https://cmsweb.cern.ch/crabserver/prod', u'None', u'0', u'cmssrv221.fnal.gov:9620', u'crab3@vocms0197.cern.ch', u'F', u'[]', u'T', u'/store/user/shigginb/', u'F', u'None', u'F', u'F', u'F', u'None', u'DYToLL-M-50_1J_14TeV-madgraphMLM-pythia8', u'filetransfers', u'SUBMIT', u'12846933', u'70af1e747aafc31a84a06f96ccc9de64196f5fc0e2c9b434e046a5ea12fc846b.tar.gz', u'131.225.190.56', u'F', u'None'], u'desc': {u'columns': [u'tm_taskname', u'panda_jobset_id', u'tm_task_status', u'tm_start_time', u'tm_start_injection', u'tm_end_injection', u'tm_task_failure', u'tm_job_sw', u'tm_job_arch', u'tm_input_dataset', u'tm_site_whitelist', u'tm_site_blacklist', u'tm_split_algo', u'tm_split_args', u'tm_totalunits', u'tm_user_sandbox', u'tm_cache_url', u'tm_username', u'tm_user_dn', u'tm_user_vo', u'tm_user_role', u'tm_user_group', u'tm_publish_name', u'tm_asyncdest', u'tm_dbs_url', u'tm_publish_dbs_url', u'tm_publication', u'tm_job_type', u'tm_arguments', u'panda_resubmitted_jobs', u'tm_save_logs', u'tw_name', u'tm_user_infiles', u'tm_maxjobruntime', u'tm_numcores', u'tm_maxmemory', u'tm_priority', u'tm_output_dataset', u'tm_user_webdir', u'tm_activity', u'tm_scriptexe', u'tm_scriptargs', u'tm_extrajdl', u'tm_task_warnings', u'tm_generator', u'tm_outfiles', u'tm_tfile_outfiles', u'tm_edm_outfiles', u'tm_asourl', u'tm_events_per_lumi', u'tm_use_parent', u'tm_collector', u'tm_schedd', u'tm_dry_run', u'tm_user_files', u'tm_transfer_outputs', u'tm_output_lfn', u'tm_ignore_locality', u'tm_fail_limit', u'tm_one_event_mode', u'tm_publish_groupname', u'tm_nonvalid_input_dataset', u'tm_secondary_input_dataset', u'tm_primary_dataset', u'tm_asodb', u'tm_task_command', u'clusterid', u'tm_debug_files', u'tm_submitter_ip_addr', u'tm_ignore_global_blacklist', u'tm_last_publication']}}
INFO 2017-11-15 08:00:30,324: 	 CRAB project directory:		/uscms_data/d3/samuellh/WorkingArea/TauAnalysis/CMSSW_9_3_2/src/PUAnalysis/VBFtt2017/crab/VBF3/crab_20171115_072707
INFO 2017-11-15 08:00:30,324: 	 Task name:			171115_132731:shigginb_crab_20171115_072707
INFO 2017-11-15 08:00:30,324: 	 Grid scheduler:			crab3@vocms0197.cern.ch
INFO 2017-11-15 08:00:30,324: 	 Status on the CRAB server:	SUBMITTED
INFO 2017-11-15 08:00:30,324: 	 Task URL to use for HELP:	https://cmsweb.cern.ch/crabserver/ui/task/171115_132731%3Ashigginb_crab_20171115_072707
INFO 2017-11-15 08:00:30,324: 	 Dashboard monitoring URL:	http://dashb-cms-job.cern.ch/dashboard/templates/task-analysis/#user=shigginb&refresh=0&table=Jobs&p=1&records=25&activemenu=2&status=&site=&tid=171115_132731%3Ashigginb_crab_20171115_072707
DEBUG 2017-11-15 08:00:30,324: 	 The CRAB server submitted your task to the Grid scheduler (cluster ID: 12846933)
DEBUG 2017-11-15 08:00:30,325: 	 Webdir is located at http://vocms0197.cern.ch/mon/cms1359/171115_132731:shigginb_crab_20171115_072707
DEBUG 2017-11-15 08:00:32,159: 	 Proxied webdir is located at https://cmsweb.cern.ch/scheddmon/0197/cms1359/171115_132731:shigginb_crab_20171115_072707
DEBUG 2017-11-15 08:00:32,159: 	 Retrieving 'status_cache' file from https://cmsweb.cern.ch/scheddmon/0197/cms1359/171115_132731:shigginb_crab_20171115_072707/status_cache
DEBUG 2017-11-15 08:00:33,890: 	 Got information from status cache file: {'30': {'Retries': 0, 'WallDurations': [1514.0], 'StartTimes': [1510752678.0], 'SubmitTimes': [1510752505.0], 'JobIds': ['12846967.0'], 'EndTimes': [], 'Restarts': 0, 'RecordedSite': False, 'State': 'running', 'ResidentSetSize': [716060], 'TotalUserCpuTimeHistory': [0], 'SiteHistory': ['Unknown'], 'TotalSysCpuTimeHistory': [0]}, '28': {'Retries': 0, 'WallDurations': [643.0], 'StartTimes': [1510752680.0], 'SubmitTimes': [1510752505.0], 'JobIds': ['12846965.0'], 'EndTimes': [1510753323.0], 'Restarts': 0, 'RecordedSite': False, 'State': 'finished', 'ResidentSetSize': [1750964], 'TotalUserCpuTimeHistory': [504], 'SiteHistory': ['Unknown'], 'TotalSysCpuTimeHistory': [23]}, '22': {'Retries': 0, 'WallDurations': [454.0], 'StartTimes': [1510752836.0], 'SubmitTimes': [1510752504.0], 'JobIds': ['12846960.0'], 'EndTimes': [1510753290.0], 'Restarts': 0, 'RecordedSite': False, 'State': 'finished', 'ResidentSetSize': [1865784], 'TotalUserCpuTimeHistory': [327], 'SiteHistory': ['Unknown'], 'TotalSysCpuTimeHistory': [31]}, '29': {'Retries': 0, 'WallDurations': [1081.0], 'StartTimes': [1510752842.0], 'SubmitTimes': [1510752505.0], 'JobIds': ['12846966.0'], 'EndTimes': [1510753923.0], 'Restarts': 0, 'RecordedSite': False, 'State': 'finished', 'ResidentSetSize': [1829864], 'TotalUserCpuTimeHistory': [761], 'SiteHistory': ['Unknown'], 'TotalSysCpuTimeHistory': [146]}, '24': {'Retries': 0, 'WallDurations': [394.0], 'StartTimes': [1510752834.0], 'SubmitTimes': [1510752504.0], 'JobIds': ['12846959.0'], 'EndTimes': [1510753228.0], 'Restarts': 0, 'RecordedSite': False, 'State': 'finished', 'ResidentSetSize': [1730636], 'TotalUserCpuTimeHistory': [262], 'SiteHistory': ['Unknown'], 'TotalSysCpuTimeHistory': [20]}, '25': {'Retries': 0, 'WallDurations': [204.0], 'StartTimes': [1510752671.0], 'SubmitTimes': [1510752505.0], 'JobIds': ['12846962.0'], 'EndTimes': [1510752875.0], 'Restarts': 0, 'RecordedSite': False, 'State': 'finished', 'ResidentSetSize': [2552], 'TotalUserCpuTimeHistory': [131], 'SiteHistory': ['Unknown'], 'TotalSysCpuTimeHistory': [26]}, '26': {'Retries': 0, 'WallDurations': [1196.0], 'StartTimes': [1510752834.0], 'SubmitTimes': [1510752505.0], 'JobIds': ['12846963.0'], 'EndTimes': [1510754030.0], 'Restarts': 0, 'RecordedSite': False, 'State': 'finished', 'ResidentSetSize': [1797644], 'TotalUserCpuTimeHistory': [855], 'SiteHistory': ['Unknown'], 'TotalSysCpuTimeHistory': [38]}, '27': {'Retries': 0, 'WallDurations': [772.0], 'StartTimes': [1510752680.0], 'SubmitTimes': [1510752505.0], 'JobIds': ['12846964.0'], 'EndTimes': [1510753452.0], 'Restarts': 0, 'RecordedSite': False, 'State': 'finished', 'ResidentSetSize': [1648068], 'TotalUserCpuTimeHistory': [249], 'SiteHistory': ['Unknown'], 'TotalSysCpuTimeHistory': [28]}, '20': {'Retries': 0, 'WallDurations': [1324.0], 'StartTimes': [1510752678.0], 'SubmitTimes': [1510752504.0], 'JobIds': ['12846958.0'], 'EndTimes': [1510754002.0], 'Restarts': 0, 'RecordedSite': False, 'State': 'finished', 'ResidentSetSize': [1740588], 'TotalUserCpuTimeHistory': [1003], 'SiteHistory': ['Unknown'], 'TotalSysCpuTimeHistory': [34]}, '21': {'Retries': 0, 'WallDurations': [1077.0], 'StartTimes': [1510752678.0], 'SubmitTimes': [1510752507.0], 'JobIds': ['12846988.0'], 'EndTimes': [1510753755.0], 'Restarts': 0, 'RecordedSite': False, 'State': 'finished', 'ResidentSetSize': [1756468], 'TotalUserCpuTimeHistory': [775], 'SiteHistory': ['Unknown'], 'TotalSysCpuTimeHistory': [129]}, '48': {'Retries': 0, 'WallDurations': [1513.0], 'StartTimes': [1510752838.0], 'SubmitTimes': [1510752507.0], 'JobIds': ['12846985.0'], 'EndTimes': [], 'Restarts': 0, 'RecordedSite': False, 'State': 'running', 'ResidentSetSize': [1814492], 'TotalUserCpuTimeHistory': [0], 'SiteHistory': ['Unknown'], 'TotalSysCpuTimeHistory': [0]}, '23': {'Retries': 0, 'WallDurations': [833.0], 'StartTimes': [1510752833.0], 'SubmitTimes': [1510752504.0], 'JobIds': ['12846961.0'], 'EndTimes': [1510753666.0], 'Restarts': 0, 'RecordedSite': False, 'State': 'finished', 'ResidentSetSize': [2011548], 'TotalUserCpuTimeHistory': [457], 'SiteHistory': ['Unknown'], 'TotalSysCpuTimeHistory': [11]}, '46': {'Retries': 0, 'WallDurations': [1513.0], 'StartTimes': [1510752835.0], 'SubmitTimes': [1510752506.0], 'JobIds': ['12846983.0'], 'EndTimes': [], 'Restarts': 0, 'RecordedSite': False, 'State': 'running', 'ResidentSetSize': [1832880], 'TotalUserCpuTimeHistory': [0], 'SiteHistory': ['Unknown'], 'TotalSysCpuTimeHistory': [0]}, '47': {'Retries': 0, 'WallDurations': [346.0], 'StartTimes': [1510752836.0], 'SubmitTimes': [1510752506.0], 'JobIds': ['12846984.0'], 'EndTimes': [1510753182.0], 'Restarts': 0, 'RecordedSite': False, 'State': 'finished', 'ResidentSetSize': [753000], 'TotalUserCpuTimeHistory': [109], 'SiteHistory': ['Unknown'], 'TotalSysCpuTimeHistory': [7]}, '44': {'Retries': 0, 'WallDurations': [427.0], 'StartTimes': [1510752674.0], 'SubmitTimes': [1510752506.0], 'JobIds': ['12846981.0'], 'EndTimes': [1510753101.0], 'Restarts': 0, 'RecordedSite': False, 'State': 'finished', 'ResidentSetSize': [628580], 'TotalUserCpuTimeHistory': [87], 'SiteHistory': ['Unknown'], 'TotalSysCpuTimeHistory': [4]}, '45': {'Retries': 0, 'WallDurations': [311.0], 'StartTimes': [1510752843.0], 'SubmitTimes': [1510752506.0], 'JobIds': ['12846982.0'], 'EndTimes': [], 'Restarts': 0, 'RecordedSite': False, 'State': 'running', 'ResidentSetSize': [722660], 'TotalUserCpuTimeHistory': [0], 'SiteHistory': ['Unknown'], 'TotalSysCpuTimeHistory': [0]}, '42': {'Retries': 0, 'WallDurations': [397.0], 'StartTimes': [1510752840.0], 'SubmitTimes': [1510752506.0], 'JobIds': ['12846979.0'], 'EndTimes': [1510753237.0], 'Restarts': 0, 'RecordedSite': False, 'State': 'finished', 'ResidentSetSize': [1744436], 'TotalUserCpuTimeHistory': [328], 'SiteHistory': ['Unknown'], 'TotalSysCpuTimeHistory': [12]}, '43': {'Retries': 0, 'WallDurations': [942.0], 'StartTimes': [1510752674.0], 'SubmitTimes': [1510752506.0], 'JobIds': ['12846980.0'], 'EndTimes': [1510753616.0], 'Restarts': 0, 'RecordedSite': False, 'State': 'finished', 'ResidentSetSize': [1788728], 'TotalUserCpuTimeHistory': [556], 'SiteHistory': ['Unknown'], 'TotalSysCpuTimeHistory': [22]}, '40': {'Retries': 0, 'WallDurations': [156.0], 'StartTimes': [1510752674.0], 'SubmitTimes': [1510752506.0], 'JobIds': ['12846976.0'], 'EndTimes': [1510752830.0], 'Restarts': 0, 'RecordedSite': False, 'State': 'finished', 'ResidentSetSize': [15028], 'TotalUserCpuTimeHistory': [88], 'SiteHistory': ['Unknown'], 'TotalSysCpuTimeHistory': [4]}, '41': {'Retries': 0, 'WallDurations': [1148.0], 'StartTimes': [1510752835.0], 'SubmitTimes': [1510752506.0], 'JobIds': ['12846977.0'], 'EndTimes': [1510753983.0], 'Restarts': 0, 'RecordedSite': False, 'State': 'finished', 'ResidentSetSize': [1792420], 'TotalUserCpuTimeHistory': [777], 'SiteHistory': ['Unknown'], 'TotalSysCpuTimeHistory': [20]}, '1': {'Retries': 0, 'WallDurations': [610.0], 'StartTimes': [1510752678.0], 'SubmitTimes': [1510752502.0], 'JobIds': ['12846943.0'], 'EndTimes': [], 'Restarts': 0, 'RecordedSite': False, 'State': 'running', 'ResidentSetSize': [717136], 'TotalUserCpuTimeHistory': [0], 'SiteHistory': ['Unknown'], 'TotalSysCpuTimeHistory': [0]}, '3': {'Retries': 0, 'WallDurations': [692.0], 'StartTimes': [1510752673.0], 'SubmitTimes': [1510752502.0], 'JobIds': ['12846944.0'], 'EndTimes': [1510753365.0], 'Restarts': 0, 'RecordedSite': False, 'State': 'finished', 'ResidentSetSize': [1910548], 'TotalUserCpuTimeHistory': [470], 'SiteHistory': ['Unknown'], 'TotalSysCpuTimeHistory': [5]}, '2': {'Retries': 0, 'WallDurations': [279.0], 'StartTimes': [1510752674.0], 'SubmitTimes': [1510752502.0], 'JobIds': ['12846940.0'], 'EndTimes': [1510752953.0], 'Restarts': 0, 'RecordedSite': False, 'State': 'finished', 'ResidentSetSize': [22408], 'TotalUserCpuTimeHistory': [113], 'SiteHistory': ['Unknown'], 'TotalSysCpuTimeHistory': [2]}, '5': {'Retries': 0, 'WallDurations': [911.0], 'StartTimes': [1510752678.0], 'SubmitTimes': [1510752503.0], 'JobIds': ['12846946.0'], 'EndTimes': [], 'Restarts': 0, 'RecordedSite': False, 'State': 'running', 'ResidentSetSize': [1996900], 'TotalUserCpuTimeHistory': [0], 'SiteHistory': ['Unknown'], 'TotalSysCpuTimeHistory': [0]}, '4': {'Retries': 0, 'WallDurations': [201.0], 'StartTimes': [1510752673.0], 'SubmitTimes': [1510752503.0], 'JobIds': ['12846945.0'], 'EndTimes': [1510752874.0], 'Restarts': 0, 'RecordedSite': False, 'State': 'finished', 'ResidentSetSize': [11512], 'TotalUserCpuTimeHistory': [28], 'SiteHistory': ['Unknown'], 'TotalSysCpuTimeHistory': [1]}, '7': {'Retries': 0, 'WallDurations': [810.0], 'StartTimes': [1510752673.0], 'SubmitTimes': [1510752503.0], 'JobIds': ['12846947.0'], 'EndTimes': [1510753483.0], 'Restarts': 0, 'RecordedSite': False, 'State': 'finished', 'ResidentSetSize': [1819092], 'TotalUserCpuTimeHistory': [660], 'SiteHistory': ['Unknown'], 'TotalSysCpuTimeHistory': [30]}, '6': {'Retries': 0, 'WallDurations': [224.0], 'StartTimes': [1510752674.0], 'SubmitTimes': [1510752502.0], 'JobIds': ['12846941.0'], 'EndTimes': [1510752898.0], 'Restarts': 0, 'RecordedSite': False, 'State': 'finished', 'ResidentSetSize': [28224], 'TotalUserCpuTimeHistory': [117], 'SiteHistory': ['Unknown'], 'TotalSysCpuTimeHistory': [30]}, '9': {'Retries': 0, 'WallDurations': [294.0], 'StartTimes': [1510752705.0], 'SubmitTimes': [1510752503.0], 'JobIds': ['12846948.0'], 'EndTimes': [1510752999.0], 'Restarts': 0, 'RecordedSite': False, 'State': 'finished', 'ResidentSetSize': [33128], 'TotalUserCpuTimeHistory': [194], 'SiteHistory': ['Unknown'], 'TotalSysCpuTimeHistory': [21]}, '8': {'Retries': 0, 'WallDurations': [543.0], 'StartTimes': [1510752621.0], 'SubmitTimes': [1510752502.0], 'JobIds': ['12846939.0'], 'EndTimes': [1510753164.0], 'Restarts': 0, 'RecordedSite': False, 'State': 'finished', 'ResidentSetSize': [759632], 'TotalUserCpuTimeHistory': [101], 'SiteHistory': ['Unknown'], 'TotalSysCpuTimeHistory': [3]}, '13': {'Retries': 0, 'WallDurations': [661.0], 'StartTimes': [1510752856.0], 'SubmitTimes': [1510752504.0], 'JobIds': ['12846952.0'], 'EndTimes': [1510753517.0], 'Restarts': 0, 'RecordedSite': False, 'State': 'finished', 'ResidentSetSize': [1793848], 'TotalUserCpuTimeHistory': [369], 'SiteHistory': ['Unknown'], 'TotalSysCpuTimeHistory': [104]}, '12': {'Retries': 0, 'WallDurations': [1512.0], 'StartTimes': [1510752682.0], 'SubmitTimes': [1510752504.0], 'JobIds': ['12846951.0'], 'EndTimes': [], 'Restarts': 0, 'RecordedSite': False, 'State': 'running', 'ResidentSetSize': [1912716], 'TotalUserCpuTimeHistory': [0], 'SiteHistory': ['Unknown'], 'TotalSysCpuTimeHistory': [0]}, '11': {'Retries': 0, 'WallDurations': [1141.0], 'StartTimes': [1510752834.0], 'SubmitTimes': [1510752504.0], 'JobIds': ['12846950.0'], 'EndTimes': [1510753975.0], 'Restarts': 0, 'RecordedSite': False, 'State': 'finished', 'ResidentSetSize': [1759996], 'TotalUserCpuTimeHistory': [951], 'SiteHistory': ['Unknown'], 'TotalSysCpuTimeHistory': [27]}, '10': {'Retries': 0, 'WallDurations': [411.0], 'StartTimes': [1510752681.0], 'SubmitTimes': [1510752504.0], 'JobIds': ['12846949.0'], 'EndTimes': [1510753092.0], 'Restarts': 0, 'RecordedSite': False, 'State': 'finished', 'ResidentSetSize': [1827184], 'TotalUserCpuTimeHistory': [255], 'SiteHistory': ['Unknown'], 'TotalSysCpuTimeHistory': [4]}, '39': {'Retries': 0, 'WallDurations': [260.0], 'StartTimes': [1510752680.0], 'SubmitTimes': [1510752506.0], 'JobIds': ['12846978.0'], 'EndTimes': [1510752940.0], 'Restarts': 0, 'RecordedSite': False, 'State': 'finished', 'ResidentSetSize': [232980], 'TotalUserCpuTimeHistory': [186], 'SiteHistory': ['Unknown'], 'TotalSysCpuTimeHistory': [5]}, '38': {'Retries': 0, 'WallDurations': [1511.0], 'StartTimes': [1510752674.0], 'SubmitTimes': [1510752506.0], 'JobIds': ['12846974.0'], 'EndTimes': [], 'Restarts': 0, 'RecordedSite': False, 'State': 'running', 'ResidentSetSize': [1810792], 'TotalUserCpuTimeHistory': [0], 'SiteHistory': ['Unknown'], 'TotalSysCpuTimeHistory': [0]}, '15': {'Retries': 0, 'WallDurations': [472.0], 'StartTimes': [1510752673.0], 'SubmitTimes': [1510752502.0], 'JobIds': ['12846942.0'], 'EndTimes': [1510753145.0], 'Restarts': 0, 'RecordedSite': False, 'State': 'finished', 'ResidentSetSize': [1367836], 'TotalUserCpuTimeHistory': [225], 'SiteHistory': ['Unknown'], 'TotalSysCpuTimeHistory': [90]}, '14': {'Retries': 0, 'WallDurations': [842.0], 'StartTimes': [1510752675.0], 'SubmitTimes': [1510752504.0], 'JobIds': ['12846953.0'], 'EndTimes': [1510753517.0], 'Restarts': 0, 'RecordedSite': False, 'State': 'finished', 'ResidentSetSize': [1744740], 'TotalUserCpuTimeHistory': [458], 'SiteHistory': ['Unknown'], 'TotalSysCpuTimeHistory': [21]}, '17': {'Retries': 0, 'WallDurations': [1118.0], 'StartTimes': [1510752835.0], 'SubmitTimes': [1510752504.0], 'JobIds': ['12846955.0'], 'EndTimes': [1510753953.0], 'Restarts': 0, 'RecordedSite': False, 'State': 'finished', 'ResidentSetSize': [1828308], 'TotalUserCpuTimeHistory': [893], 'SiteHistory': ['Unknown'], 'TotalSysCpuTimeHistory': [61]}, '16': {'Retries': 0, 'WallDurations': [896.0], 'StartTimes': [1510752834.0], 'SubmitTimes': [1510752504.0], 'JobIds': ['12846954.0'], 'EndTimes': [1510753730.0], 'Restarts': 0, 'RecordedSite': False, 'State': 'finished', 'ResidentSetSize': [1746664], 'TotalUserCpuTimeHistory': [722], 'SiteHistory': ['Unknown'], 'TotalSysCpuTimeHistory': [42]}, '19': {'Retries': 0, 'WallDurations': [812.0], 'StartTimes': [1510752835.0], 'SubmitTimes': [1510752504.0], 'JobIds': ['12846957.0'], 'EndTimes': [1510753647.0], 'Restarts': 0, 'RecordedSite': False, 'State': 'finished', 'ResidentSetSize': [1801712], 'TotalUserCpuTimeHistory': [619], 'SiteHistory': ['Unknown'], 'TotalSysCpuTimeHistory': [27]}, '32': {'Retries': 0, 'WallDurations': [792.0], 'StartTimes': [1510752835.0], 'SubmitTimes': [1510752505.0], 'JobIds': ['12846969.0'], 'EndTimes': [1510753627.0], 'Restarts': 0, 'RecordedSite': False, 'State': 'finished', 'ResidentSetSize': [1794456], 'TotalUserCpuTimeHistory': [499], 'SiteHistory': ['Unknown'], 'TotalSysCpuTimeHistory': [20]}, '31': {'Retries': 0, 'WallDurations': [432.0], 'StartTimes': [1510752835.0], 'SubmitTimes': [1510752505.0], 'JobIds': ['12846968.0'], 'EndTimes': [1510753267.0], 'Restarts': 0, 'RecordedSite': False, 'State': 'finished', 'ResidentSetSize': [1723224], 'TotalUserCpuTimeHistory': [289], 'SiteHistory': ['Unknown'], 'TotalSysCpuTimeHistory': [18]}, '49': {'Retries': 0, 'WallDurations': [699.0], 'StartTimes': [1510752834.0], 'SubmitTimes': [1510752507.0], 'JobIds': ['12846986.0'], 'EndTimes': [1510753533.0], 'Restarts': 0, 'RecordedSite': False, 'State': 'finished', 'ResidentSetSize': [1800800], 'TotalUserCpuTimeHistory': [497], 'SiteHistory': ['Unknown'], 'TotalSysCpuTimeHistory': [48]}, '37': {'Retries': 0, 'WallDurations': [1513.0], 'StartTimes': [1510752842.0], 'SubmitTimes': [1510752506.0], 'JobIds': ['12846975.0'], 'EndTimes': [], 'Restarts': 0, 'RecordedSite': False, 'State': 'running', 'ResidentSetSize': [727844], 'TotalUserCpuTimeHistory': [0], 'SiteHistory': ['Unknown'], 'TotalSysCpuTimeHistory': [0]}, '36': {'Retries': 0, 'WallDurations': [1512.0], 'StartTimes': [1510752832.0], 'SubmitTimes': [1510752505.0], 'JobIds': ['12846973.0'], 'EndTimes': [], 'Restarts': 0, 'RecordedSite': False, 'State': 'running', 'ResidentSetSize': [1726828], 'TotalUserCpuTimeHistory': [0], 'SiteHistory': ['Unknown'], 'TotalSysCpuTimeHistory': [0]}, '35': {'Retries': 0, 'WallDurations': [908.0], 'StartTimes': [1510752836.0], 'SubmitTimes': [1510752505.0], 'JobIds': ['12846971.0'], 'EndTimes': [1510753744.0], 'Restarts': 0, 'RecordedSite': False, 'State': 'finished', 'ResidentSetSize': [1795080], 'TotalUserCpuTimeHistory': [660], 'SiteHistory': ['Unknown'], 'TotalSysCpuTimeHistory': [64]}, '34': {'Retries': 0, 'WallDurations': [1107.0], 'StartTimes': [1510752835.0], 'SubmitTimes': [1510752505.0], 'JobIds': ['12846970.0'], 'EndTimes': [1510753942.0], 'Restarts': 0, 'RecordedSite': False, 'State': 'finished', 'ResidentSetSize': [1788620], 'TotalUserCpuTimeHistory': [677], 'SiteHistory': ['Unknown'], 'TotalSysCpuTimeHistory': [37]}, '33': {'Retries': 0, 'WallDurations': [609.0], 'StartTimes': [1510752837.0], 'SubmitTimes': [1510752505.0], 'JobIds': ['12846972.0'], 'EndTimes': [], 'Restarts': 0, 'RecordedSite': False, 'State': 'running', 'ResidentSetSize': [739992], 'TotalUserCpuTimeHistory': [0], 'SiteHistory': ['Unknown'], 'TotalSysCpuTimeHistory': [0]}, '18': {'Retries': 0, 'WallDurations': [1514.0], 'StartTimes': [1510752678.0], 'SubmitTimes': [1510752504.0], 'JobIds': ['12846956.0'], 'EndTimes': [], 'Restarts': 0, 'RecordedSite': False, 'State': 'running', 'ResidentSetSize': [724252], 'TotalUserCpuTimeHistory': [0], 'SiteHistory': ['Unknown'], 'TotalSysCpuTimeHistory': [0]}, '50': {'Retries': 0, 'WallDurations': [308.0], 'StartTimes': [1510752836.0], 'SubmitTimes': [1510752507.0], 'JobIds': ['12846987.0'], 'EndTimes': [], 'Restarts': 0, 'RecordedSite': False, 'State': 'running', 'ResidentSetSize': [1842356], 'TotalUserCpuTimeHistory': [0], 'SiteHistory': ['Unknown'], 'TotalSysCpuTimeHistory': [0]}}
INFO 2017-11-15 08:00:33,890: 	 Status on the scheduler:	SUBMITTED
INFO 2017-11-15 08:00:33,890: 	 
Jobs status:                    finished       74.0% (37/50)
INFO 2017-11-15 08:00:33,891: 	 				running        26.0% (13/50)
INFO 2017-11-15 08:00:33,891: 	 
No publication information (publication has been disabled in the CRAB configuration file)
INFO 2017-11-15 08:00:33,902: 	 Log file is /uscms_data/d3/samuellh/WorkingArea/TauAnalysis/CMSSW_9_3_2/src/PUAnalysis/VBFtt2017/crab/VBF3/crab_20171115_072707/crab.log
DEBUG 2017-11-15 09:13:46,020: 	 Executing command: 'status'
DEBUG 2017-11-15 09:13:46,021: 	 Found CRAB cache file /uscms/home/samuellh/.crab3
DEBUG 2017-11-15 09:13:46,028: 	 Checking credentials
DEBUG 2017-11-15 09:13:46,028: 	 Found proxy file /tmp/x509up_u52190
DEBUG 2017-11-15 09:13:46,028: 	 Getting proxy life time left
DEBUG 2017-11-15 09:13:46,131: 	 Executing : 
 command : voms-proxy-info -file /tmp/x509up_u52190 -timeleft
 output : 76857

 error: 
 retcode : 0
DEBUG 2017-11-15 09:13:46,234: 	 Executing : 
 command : voms-proxy-info -file /tmp/x509up_u52190 -actimeleft
 output : 76856

 error: 
 retcode : 0
DEBUG 2017-11-15 09:13:46,235: 	 Proxy valid for 21:20:57 hours
DEBUG 2017-11-15 09:13:46,349: 	 Executing : 
 command : openssl x509 -in ~/.globus/usercert.pem -subject -noout
 output : subject= /DC=ch/DC=cern/OU=Organic Units/OU=Users/CN=shigginb/CN=785176/CN=Sam Higginbotham

 error: 
 retcode : 0
DEBUG 2017-11-15 09:13:46,349: 	 Checking credentials
DEBUG 2017-11-15 09:13:46,350: 	 Found proxy file /tmp/x509up_u52190
DEBUG 2017-11-15 09:13:46,350: 	 Getting proxy life time left
DEBUG 2017-11-15 09:13:46,453: 	 Executing : 
 command : voms-proxy-info -file /tmp/x509up_u52190 -timeleft
 output : 76857

 error: 
 retcode : 0
DEBUG 2017-11-15 09:13:46,556: 	 Executing : 
 command : voms-proxy-info -file /tmp/x509up_u52190 -actimeleft
 output : 76856

 error: 
 retcode : 0
DEBUG 2017-11-15 09:13:46,556: 	 Proxy valid for 21:20:57 hours
DEBUG 2017-11-15 09:13:48,285: 	 Registering user credentials for server /DC=ch/DC=cern/OU=computers/CN=vocms(045|052|021|031|0118|0118a|0119|0108|0105|0109).cern.ch
DEBUG 2017-11-15 09:13:48,393: 	 Executing : 
 command : openssl x509 -in ~/.globus/usercert.pem -subject -noout
 output : subject= /DC=ch/DC=cern/OU=Organic Units/OU=Users/CN=shigginb/CN=785176/CN=Sam Higginbotham

 error: 
 retcode : 0
DEBUG 2017-11-15 09:13:48,394: 	 Getting myproxy life time left for myproxy.cern.ch
DEBUG 2017-11-15 09:13:48,394: 	 Calculating hash of /DC=ch/DC=cern/OU=Organic Units/OU=Users/CN=shigginb/CN=785176/CN=Sam Higginbotham_cmsweb.cern.ch for credential name
DEBUG 2017-11-15 09:13:49,098: 	 Executing : 
 command : myproxy-info -l 2f318c7a260d78734589f2cc772d26b8be79ec6c -s myproxy.cern.ch
 output : username: 2f318c7a260d78734589f2cc772d26b8be79ec6c
owner: /DC=ch/DC=cern/OU=Organic Units/OU=Users/CN=shigginb/CN=785176/CN=Sam Higginbotham
  renewal policy: /DC=ch/DC=cern/OU=computers/CN=vocms(045|052|021|031|0118|0118a|0119|0108|0105|0109).cern.ch
  trusted retrieval policy: /DC=ch/DC=cern/OU=computers/CN=vocms(045|052|021|031|0118|0118a|0119|0108|0105|0109).cern.ch
  timeleft: 430:09:52  (17.9 days)

 error: 
 retcode : 0
DEBUG 2017-11-15 09:13:49,100: 	 Myproxy is valid: 1548592
DEBUG 2017-11-15 09:13:49,100: 	 Command use: status
DEBUG 2017-11-15 09:13:49,100: 	 Options use: ['-d', 'crab_20171115_072707/']
DEBUG 2017-11-15 09:13:50,740: 	 CRABClient version: 3.3.1707.patch1
DEBUG 2017-11-15 09:13:50,740: 	 Instance is prod
DEBUG 2017-11-15 09:13:50,740: 	 Server base url is cmsweb.cern.ch
DEBUG 2017-11-15 09:13:50,740: 	 Command url /crabserver/prod/workflow
DEBUG 2017-11-15 09:13:52,581: 	 Got information from server oracle database: {u'result': [u'171115_132731:shigginb_crab_20171115_072707', u'None', u'SUBMITTED', u'2017-11-15 13:27:31.608003', u'None', u'2017-11-15 13:28:10.958195', u'None', u'CMSSW_9_3_2', u'slc6_amd64_gcc630', u'/DYToLL-M-50_1J_14TeV-madgraphMLM-pythia8/PhaseIITDRFall17MiniAOD-PU200_93X_upgrade2023_realistic_v2-v1/MINIAODSIM', u'[]', u'[]', u'FileBased', u"{'splitOnRun': False, 'halt_job_on_file_boundaries': False, 'files_per_job': 1, 'runs': [], 'lumis': []}", u'0', u'4e198fb019d07e682a8bd09208595d4eb73bac82ae7f6e24154a54b4451cc952.tar.gz', u'https://cmsweb.cern.ch/crabcache', u'shigginb', u'/DC=ch/DC=cern/OU=Organic Units/OU=Users/CN=shigginb/CN=785176/CN=Sam Higginbotham', u'cms', u'None', u'None', u'crab_20171115_072707-00000000000000000000000000000000', u'T3_US_FNALLPC', u'https://cmsweb.cern.ch/dbs/prod/global/DBSReader', u'https://cmsweb.cern.ch/dbs/prod/phys03/DBSWriter', u'F', u'Analysis', u'{}', u'[]', u'F', u'vocms052', u'[]', u'1250', u'1', u'2000', u'10', u'None', u'http://vocms0197.cern.ch/mon/cms1359/171115_132731:shigginb_crab_20171115_072707', u'None', u'None', u'[]', u'[]', u'[]', u'pythia', u'[]', u"['analysis.root']", u'[]', u'https://cmsweb.cern.ch/crabserver/prod', u'None', u'0', u'cmssrv221.fnal.gov:9620', u'crab3@vocms0197.cern.ch', u'F', u'[]', u'T', u'/store/user/shigginb/', u'F', u'None', u'F', u'F', u'F', u'None', u'DYToLL-M-50_1J_14TeV-madgraphMLM-pythia8', u'filetransfers', u'SUBMIT', u'12846933', u'70af1e747aafc31a84a06f96ccc9de64196f5fc0e2c9b434e046a5ea12fc846b.tar.gz', u'131.225.190.56', u'F', u'None'], u'desc': {u'columns': [u'tm_taskname', u'panda_jobset_id', u'tm_task_status', u'tm_start_time', u'tm_start_injection', u'tm_end_injection', u'tm_task_failure', u'tm_job_sw', u'tm_job_arch', u'tm_input_dataset', u'tm_site_whitelist', u'tm_site_blacklist', u'tm_split_algo', u'tm_split_args', u'tm_totalunits', u'tm_user_sandbox', u'tm_cache_url', u'tm_username', u'tm_user_dn', u'tm_user_vo', u'tm_user_role', u'tm_user_group', u'tm_publish_name', u'tm_asyncdest', u'tm_dbs_url', u'tm_publish_dbs_url', u'tm_publication', u'tm_job_type', u'tm_arguments', u'panda_resubmitted_jobs', u'tm_save_logs', u'tw_name', u'tm_user_infiles', u'tm_maxjobruntime', u'tm_numcores', u'tm_maxmemory', u'tm_priority', u'tm_output_dataset', u'tm_user_webdir', u'tm_activity', u'tm_scriptexe', u'tm_scriptargs', u'tm_extrajdl', u'tm_task_warnings', u'tm_generator', u'tm_outfiles', u'tm_tfile_outfiles', u'tm_edm_outfiles', u'tm_asourl', u'tm_events_per_lumi', u'tm_use_parent', u'tm_collector', u'tm_schedd', u'tm_dry_run', u'tm_user_files', u'tm_transfer_outputs', u'tm_output_lfn', u'tm_ignore_locality', u'tm_fail_limit', u'tm_one_event_mode', u'tm_publish_groupname', u'tm_nonvalid_input_dataset', u'tm_secondary_input_dataset', u'tm_primary_dataset', u'tm_asodb', u'tm_task_command', u'clusterid', u'tm_debug_files', u'tm_submitter_ip_addr', u'tm_ignore_global_blacklist', u'tm_last_publication']}}
INFO 2017-11-15 09:13:52,581: 	 CRAB project directory:		/uscms_data/d3/samuellh/WorkingArea/TauAnalysis/CMSSW_9_3_2/src/PUAnalysis/VBFtt2017/crab/VBF3/crab_20171115_072707
INFO 2017-11-15 09:13:52,581: 	 Task name:			171115_132731:shigginb_crab_20171115_072707
INFO 2017-11-15 09:13:52,581: 	 Grid scheduler:			crab3@vocms0197.cern.ch
INFO 2017-11-15 09:13:52,582: 	 Status on the CRAB server:	SUBMITTED
INFO 2017-11-15 09:13:52,582: 	 Task URL to use for HELP:	https://cmsweb.cern.ch/crabserver/ui/task/171115_132731%3Ashigginb_crab_20171115_072707
INFO 2017-11-15 09:13:52,582: 	 Dashboard monitoring URL:	http://dashb-cms-job.cern.ch/dashboard/templates/task-analysis/#user=shigginb&refresh=0&table=Jobs&p=1&records=25&activemenu=2&status=&site=&tid=171115_132731%3Ashigginb_crab_20171115_072707
DEBUG 2017-11-15 09:13:52,582: 	 The CRAB server submitted your task to the Grid scheduler (cluster ID: 12846933)
DEBUG 2017-11-15 09:13:52,582: 	 Webdir is located at http://vocms0197.cern.ch/mon/cms1359/171115_132731:shigginb_crab_20171115_072707
DEBUG 2017-11-15 09:13:54,220: 	 Proxied webdir is located at https://cmsweb.cern.ch/scheddmon/0197/cms1359/171115_132731:shigginb_crab_20171115_072707
DEBUG 2017-11-15 09:13:54,221: 	 Retrieving 'status_cache' file from https://cmsweb.cern.ch/scheddmon/0197/cms1359/171115_132731:shigginb_crab_20171115_072707/status_cache
DEBUG 2017-11-15 09:13:56,147: 	 Got information from status cache file: {'30': {'Retries': 0, 'WallDurations': [2170.0], 'StartTimes': [1510752678.0], 'SubmitTimes': [1510752505.0], 'JobIds': ['12846967.0'], 'EndTimes': [1510754848.0], 'Restarts': 0, 'RecordedSite': False, 'State': 'finished', 'ResidentSetSize': [1703796], 'TotalUserCpuTimeHistory': [184], 'SiteHistory': ['Unknown'], 'TotalSysCpuTimeHistory': [14]}, '28': {'Retries': 0, 'WallDurations': [643.0], 'StartTimes': [1510752680.0], 'SubmitTimes': [1510752505.0], 'JobIds': ['12846965.0'], 'EndTimes': [1510753323.0], 'Restarts': 0, 'RecordedSite': False, 'State': 'finished', 'ResidentSetSize': [1750964], 'TotalUserCpuTimeHistory': [504], 'SiteHistory': ['Unknown'], 'TotalSysCpuTimeHistory': [23]}, '29': {'Retries': 0, 'WallDurations': [1081.0], 'StartTimes': [1510752842.0], 'SubmitTimes': [1510752505.0], 'JobIds': ['12846966.0'], 'EndTimes': [1510753923.0], 'Restarts': 0, 'RecordedSite': False, 'State': 'finished', 'ResidentSetSize': [1829864], 'TotalUserCpuTimeHistory': [761], 'SiteHistory': ['Unknown'], 'TotalSysCpuTimeHistory': [146]}, '24': {'Retries': 0, 'WallDurations': [394.0], 'StartTimes': [1510752834.0], 'SubmitTimes': [1510752504.0], 'JobIds': ['12846959.0'], 'EndTimes': [1510753228.0], 'Restarts': 0, 'RecordedSite': False, 'State': 'finished', 'ResidentSetSize': [1730636], 'TotalUserCpuTimeHistory': [262], 'SiteHistory': ['Unknown'], 'TotalSysCpuTimeHistory': [20]}, '25': {'Retries': 0, 'WallDurations': [204.0], 'StartTimes': [1510752671.0], 'SubmitTimes': [1510752505.0], 'JobIds': ['12846962.0'], 'EndTimes': [1510752875.0], 'Restarts': 0, 'RecordedSite': False, 'State': 'finished', 'ResidentSetSize': [2552], 'TotalUserCpuTimeHistory': [131], 'SiteHistory': ['Unknown'], 'TotalSysCpuTimeHistory': [26]}, '26': {'Retries': 0, 'WallDurations': [1196.0], 'StartTimes': [1510752834.0], 'SubmitTimes': [1510752505.0], 'JobIds': ['12846963.0'], 'EndTimes': [1510754030.0], 'Restarts': 0, 'RecordedSite': False, 'State': 'finished', 'ResidentSetSize': [1797644], 'TotalUserCpuTimeHistory': [855], 'SiteHistory': ['Unknown'], 'TotalSysCpuTimeHistory': [38]}, '27': {'Retries': 0, 'WallDurations': [772.0], 'StartTimes': [1510752680.0], 'SubmitTimes': [1510752505.0], 'JobIds': ['12846964.0'], 'EndTimes': [1510753452.0], 'Restarts': 0, 'RecordedSite': False, 'State': 'finished', 'ResidentSetSize': [1648068], 'TotalUserCpuTimeHistory': [249], 'SiteHistory': ['Unknown'], 'TotalSysCpuTimeHistory': [28]}, '20': {'Retries': 0, 'WallDurations': [1324.0], 'StartTimes': [1510752678.0], 'SubmitTimes': [1510752504.0], 'JobIds': ['12846958.0'], 'EndTimes': [1510754002.0], 'Restarts': 0, 'RecordedSite': False, 'State': 'finished', 'ResidentSetSize': [1740588], 'TotalUserCpuTimeHistory': [1003], 'SiteHistory': ['Unknown'], 'TotalSysCpuTimeHistory': [34]}, '21': {'Retries': 0, 'WallDurations': [1077.0], 'StartTimes': [1510752678.0], 'SubmitTimes': [1510752507.0], 'JobIds': ['12846988.0'], 'EndTimes': [1510753755.0], 'Restarts': 0, 'RecordedSite': False, 'State': 'finished', 'ResidentSetSize': [1756468], 'TotalUserCpuTimeHistory': [775], 'SiteHistory': ['Unknown'], 'TotalSysCpuTimeHistory': [129]}, '48': {'Retries': 0, 'WallDurations': [4174.0], 'StartTimes': [1510752838.0], 'SubmitTimes': [1510752507.0], 'JobIds': ['12846985.0'], 'EndTimes': [1510757012.0], 'Restarts': 0, 'RecordedSite': False, 'State': 'finished', 'ResidentSetSize': [1814492], 'TotalUserCpuTimeHistory': [1300], 'SiteHistory': ['Unknown'], 'TotalSysCpuTimeHistory': [664]}, '49': {'Retries': 0, 'WallDurations': [699.0], 'StartTimes': [1510752834.0], 'SubmitTimes': [1510752507.0], 'JobIds': ['12846986.0'], 'EndTimes': [1510753533.0], 'Restarts': 0, 'RecordedSite': False, 'State': 'finished', 'ResidentSetSize': [1800800], 'TotalUserCpuTimeHistory': [497], 'SiteHistory': ['Unknown'], 'TotalSysCpuTimeHistory': [48]}, '46': {'Retries': 0, 'WallDurations': [5421.0], 'StartTimes': [1510752835.0], 'SubmitTimes': [1510752506.0], 'JobIds': ['12846983.0'], 'EndTimes': [], 'Restarts': 0, 'RecordedSite': False, 'State': 'running', 'ResidentSetSize': [1833240], 'TotalUserCpuTimeHistory': [0], 'SiteHistory': ['Unknown'], 'TotalSysCpuTimeHistory': [0]}, '47': {'Retries': 0, 'WallDurations': [346.0], 'StartTimes': [1510752836.0], 'SubmitTimes': [1510752506.0], 'JobIds': ['12846984.0'], 'EndTimes': [1510753182.0], 'Restarts': 0, 'RecordedSite': False, 'State': 'finished', 'ResidentSetSize': [753000], 'TotalUserCpuTimeHistory': [109], 'SiteHistory': ['Unknown'], 'TotalSysCpuTimeHistory': [7]}, '44': {'Retries': 0, 'WallDurations': [427.0], 'StartTimes': [1510752674.0], 'SubmitTimes': [1510752506.0], 'JobIds': ['12846981.0'], 'EndTimes': [1510753101.0], 'Restarts': 0, 'RecordedSite': False, 'State': 'finished', 'ResidentSetSize': [628580], 'TotalUserCpuTimeHistory': [87], 'SiteHistory': ['Unknown'], 'TotalSysCpuTimeHistory': [4]}, '45': {'Retries': 0, 'WallDurations': [3424.0], 'StartTimes': [1510752843.0], 'SubmitTimes': [1510752506.0], 'JobIds': ['12846982.0'], 'EndTimes': [1510756267.0], 'Restarts': 0, 'RecordedSite': False, 'State': 'finished', 'ResidentSetSize': [1706568], 'TotalUserCpuTimeHistory': [868], 'SiteHistory': ['Unknown'], 'TotalSysCpuTimeHistory': [49]}, '42': {'Retries': 0, 'WallDurations': [397.0], 'StartTimes': [1510752840.0], 'SubmitTimes': [1510752506.0], 'JobIds': ['12846979.0'], 'EndTimes': [1510753237.0], 'Restarts': 0, 'RecordedSite': False, 'State': 'finished', 'ResidentSetSize': [1744436], 'TotalUserCpuTimeHistory': [328], 'SiteHistory': ['Unknown'], 'TotalSysCpuTimeHistory': [12]}, '43': {'Retries': 0, 'WallDurations': [942.0], 'StartTimes': [1510752674.0], 'SubmitTimes': [1510752506.0], 'JobIds': ['12846980.0'], 'EndTimes': [1510753616.0], 'Restarts': 0, 'RecordedSite': False, 'State': 'finished', 'ResidentSetSize': [1788728], 'TotalUserCpuTimeHistory': [556], 'SiteHistory': ['Unknown'], 'TotalSysCpuTimeHistory': [22]}, '40': {'Retries': 0, 'WallDurations': [156.0], 'StartTimes': [1510752674.0], 'SubmitTimes': [1510752506.0], 'JobIds': ['12846976.0'], 'EndTimes': [1510752830.0], 'Restarts': 0, 'RecordedSite': False, 'State': 'finished', 'ResidentSetSize': [15028], 'TotalUserCpuTimeHistory': [88], 'SiteHistory': ['Unknown'], 'TotalSysCpuTimeHistory': [4]}, '41': {'Retries': 0, 'WallDurations': [1148.0], 'StartTimes': [1510752835.0], 'SubmitTimes': [1510752506.0], 'JobIds': ['12846977.0'], 'EndTimes': [1510753983.0], 'Restarts': 0, 'RecordedSite': False, 'State': 'finished', 'ResidentSetSize': [1792420], 'TotalUserCpuTimeHistory': [777], 'SiteHistory': ['Unknown'], 'TotalSysCpuTimeHistory': [20]}, '1': {'Retries': 0, 'WallDurations': [4819.0], 'StartTimes': [1510752678.0], 'SubmitTimes': [1510752502.0], 'JobIds': ['12846943.0'], 'EndTimes': [], 'Restarts': 0, 'RecordedSite': False, 'State': 'running', 'ResidentSetSize': [779544], 'TotalUserCpuTimeHistory': [0], 'SiteHistory': ['Unknown'], 'TotalSysCpuTimeHistory': [0]}, '3': {'Retries': 0, 'WallDurations': [692.0], 'StartTimes': [1510752673.0], 'SubmitTimes': [1510752502.0], 'JobIds': ['12846944.0'], 'EndTimes': [1510753365.0], 'Restarts': 0, 'RecordedSite': False, 'State': 'finished', 'ResidentSetSize': [1910548], 'TotalUserCpuTimeHistory': [470], 'SiteHistory': ['Unknown'], 'TotalSysCpuTimeHistory': [5]}, '2': {'Retries': 0, 'WallDurations': [279.0], 'StartTimes': [1510752674.0], 'SubmitTimes': [1510752502.0], 'JobIds': ['12846940.0'], 'EndTimes': [1510752953.0], 'Restarts': 0, 'RecordedSite': False, 'State': 'finished', 'ResidentSetSize': [22408], 'TotalUserCpuTimeHistory': [113], 'SiteHistory': ['Unknown'], 'TotalSysCpuTimeHistory': [2]}, '5': {'Retries': 0, 'WallDurations': [2618.0], 'StartTimes': [1510752678.0], 'SubmitTimes': [1510752503.0], 'JobIds': ['12846946.0'], 'EndTimes': [1510755296.0], 'Restarts': 0, 'RecordedSite': False, 'State': 'finished', 'ResidentSetSize': [1996900], 'TotalUserCpuTimeHistory': [2295], 'SiteHistory': ['Unknown'], 'TotalSysCpuTimeHistory': [25]}, '4': {'Retries': 0, 'WallDurations': [201.0], 'StartTimes': [1510752673.0], 'SubmitTimes': [1510752503.0], 'JobIds': ['12846945.0'], 'EndTimes': [1510752874.0], 'Restarts': 0, 'RecordedSite': False, 'State': 'finished', 'ResidentSetSize': [11512], 'TotalUserCpuTimeHistory': [28], 'SiteHistory': ['Unknown'], 'TotalSysCpuTimeHistory': [1]}, '7': {'Retries': 0, 'WallDurations': [810.0], 'StartTimes': [1510752673.0], 'SubmitTimes': [1510752503.0], 'JobIds': ['12846947.0'], 'EndTimes': [1510753483.0], 'Restarts': 0, 'RecordedSite': False, 'State': 'finished', 'ResidentSetSize': [1819092], 'TotalUserCpuTimeHistory': [660], 'SiteHistory': ['Unknown'], 'TotalSysCpuTimeHistory': [30]}, '6': {'Retries': 0, 'WallDurations': [224.0], 'StartTimes': [1510752674.0], 'SubmitTimes': [1510752502.0], 'JobIds': ['12846941.0'], 'EndTimes': [1510752898.0], 'Restarts': 0, 'RecordedSite': False, 'State': 'finished', 'ResidentSetSize': [28224], 'TotalUserCpuTimeHistory': [117], 'SiteHistory': ['Unknown'], 'TotalSysCpuTimeHistory': [30]}, '9': {'Retries': 0, 'WallDurations': [294.0], 'StartTimes': [1510752705.0], 'SubmitTimes': [1510752503.0], 'JobIds': ['12846948.0'], 'EndTimes': [1510752999.0], 'Restarts': 0, 'RecordedSite': False, 'State': 'finished', 'ResidentSetSize': [33128], 'TotalUserCpuTimeHistory': [194], 'SiteHistory': ['Unknown'], 'TotalSysCpuTimeHistory': [21]}, '8': {'Retries': 0, 'WallDurations': [543.0], 'StartTimes': [1510752621.0], 'SubmitTimes': [1510752502.0], 'JobIds': ['12846939.0'], 'EndTimes': [1510753164.0], 'Restarts': 0, 'RecordedSite': False, 'State': 'finished', 'ResidentSetSize': [759632], 'TotalUserCpuTimeHistory': [101], 'SiteHistory': ['Unknown'], 'TotalSysCpuTimeHistory': [3]}, '13': {'Retries': 0, 'WallDurations': [661.0], 'StartTimes': [1510752856.0], 'SubmitTimes': [1510752504.0], 'JobIds': ['12846952.0'], 'EndTimes': [1510753517.0], 'Restarts': 0, 'RecordedSite': False, 'State': 'finished', 'ResidentSetSize': [1793848], 'TotalUserCpuTimeHistory': [369], 'SiteHistory': ['Unknown'], 'TotalSysCpuTimeHistory': [104]}, '12': {'Retries': 0, 'WallDurations': [2348.0], 'StartTimes': [1510752682.0], 'SubmitTimes': [1510752504.0], 'JobIds': ['12846951.0'], 'EndTimes': [1510755030.0], 'Restarts': 0, 'RecordedSite': False, 'State': 'finished', 'ResidentSetSize': [1918220], 'TotalUserCpuTimeHistory': [583], 'SiteHistory': ['Unknown'], 'TotalSysCpuTimeHistory': [26]}, '14': {'Retries': 0, 'WallDurations': [842.0], 'StartTimes': [1510752675.0], 'SubmitTimes': [1510752504.0], 'JobIds': ['12846953.0'], 'EndTimes': [1510753517.0], 'Restarts': 0, 'RecordedSite': False, 'State': 'finished', 'ResidentSetSize': [1744740], 'TotalUserCpuTimeHistory': [458], 'SiteHistory': ['Unknown'], 'TotalSysCpuTimeHistory': [21]}, '11': {'Retries': 0, 'WallDurations': [1141.0], 'StartTimes': [1510752834.0], 'SubmitTimes': [1510752504.0], 'JobIds': ['12846950.0'], 'EndTimes': [1510753975.0], 'Restarts': 0, 'RecordedSite': False, 'State': 'finished', 'ResidentSetSize': [1759996], 'TotalUserCpuTimeHistory': [951], 'SiteHistory': ['Unknown'], 'TotalSysCpuTimeHistory': [27]}, '10': {'Retries': 0, 'WallDurations': [411.0], 'StartTimes': [1510752681.0], 'SubmitTimes': [1510752504.0], 'JobIds': ['12846949.0'], 'EndTimes': [1510753092.0], 'Restarts': 0, 'RecordedSite': False, 'State': 'finished', 'ResidentSetSize': [1827184], 'TotalUserCpuTimeHistory': [255], 'SiteHistory': ['Unknown'], 'TotalSysCpuTimeHistory': [4]}, '39': {'Retries': 0, 'WallDurations': [260.0], 'StartTimes': [1510752680.0], 'SubmitTimes': [1510752506.0], 'JobIds': ['12846978.0'], 'EndTimes': [1510752940.0], 'Restarts': 0, 'RecordedSite': False, 'State': 'finished', 'ResidentSetSize': [232980], 'TotalUserCpuTimeHistory': [186], 'SiteHistory': ['Unknown'], 'TotalSysCpuTimeHistory': [5]}, '38': {'Retries': 0, 'WallDurations': [2244.0], 'StartTimes': [1510752674.0], 'SubmitTimes': [1510752506.0], 'JobIds': ['12846974.0'], 'EndTimes': [1510754918.0], 'Restarts': 0, 'RecordedSite': False, 'State': 'finished', 'ResidentSetSize': [1810792], 'TotalUserCpuTimeHistory': [739], 'SiteHistory': ['Unknown'], 'TotalSysCpuTimeHistory': [13]}, '15': {'Retries': 0, 'WallDurations': [472.0], 'StartTimes': [1510752673.0], 'SubmitTimes': [1510752502.0], 'JobIds': ['12846942.0'], 'EndTimes': [1510753145.0], 'Restarts': 0, 'RecordedSite': False, 'State': 'finished', 'ResidentSetSize': [1367836], 'TotalUserCpuTimeHistory': [225], 'SiteHistory': ['Unknown'], 'TotalSysCpuTimeHistory': [90]}, '22': {'Retries': 0, 'WallDurations': [454.0], 'StartTimes': [1510752836.0], 'SubmitTimes': [1510752504.0], 'JobIds': ['12846960.0'], 'EndTimes': [1510753290.0], 'Restarts': 0, 'RecordedSite': False, 'State': 'finished', 'ResidentSetSize': [1865784], 'TotalUserCpuTimeHistory': [327], 'SiteHistory': ['Unknown'], 'TotalSysCpuTimeHistory': [31]}, '17': {'Retries': 0, 'WallDurations': [1118.0], 'StartTimes': [1510752835.0], 'SubmitTimes': [1510752504.0], 'JobIds': ['12846955.0'], 'EndTimes': [1510753953.0], 'Restarts': 0, 'RecordedSite': False, 'State': 'finished', 'ResidentSetSize': [1828308], 'TotalUserCpuTimeHistory': [893], 'SiteHistory': ['Unknown'], 'TotalSysCpuTimeHistory': [61]}, '16': {'Retries': 0, 'WallDurations': [896.0], 'StartTimes': [1510752834.0], 'SubmitTimes': [1510752504.0], 'JobIds': ['12846954.0'], 'EndTimes': [1510753730.0], 'Restarts': 0, 'RecordedSite': False, 'State': 'finished', 'ResidentSetSize': [1746664], 'TotalUserCpuTimeHistory': [722], 'SiteHistory': ['Unknown'], 'TotalSysCpuTimeHistory': [42]}, '19': {'Retries': 0, 'WallDurations': [812.0], 'StartTimes': [1510752835.0], 'SubmitTimes': [1510752504.0], 'JobIds': ['12846957.0'], 'EndTimes': [1510753647.0], 'Restarts': 0, 'RecordedSite': False, 'State': 'finished', 'ResidentSetSize': [1801712], 'TotalUserCpuTimeHistory': [619], 'SiteHistory': ['Unknown'], 'TotalSysCpuTimeHistory': [27]}, '18': {'Retries': 0, 'WallDurations': [5719.0], 'StartTimes': [1510752678.0], 'SubmitTimes': [1510752504.0], 'JobIds': ['12846956.0'], 'EndTimes': [], 'Restarts': 0, 'RecordedSite': False, 'State': 'running', 'ResidentSetSize': [1736228], 'TotalUserCpuTimeHistory': [0], 'SiteHistory': ['Unknown'], 'TotalSysCpuTimeHistory': [0]}, '31': {'Retries': 0, 'WallDurations': [432.0], 'StartTimes': [1510752835.0], 'SubmitTimes': [1510752505.0], 'JobIds': ['12846968.0'], 'EndTimes': [1510753267.0], 'Restarts': 0, 'RecordedSite': False, 'State': 'finished', 'ResidentSetSize': [1723224], 'TotalUserCpuTimeHistory': [289], 'SiteHistory': ['Unknown'], 'TotalSysCpuTimeHistory': [18]}, '23': {'Retries': 0, 'WallDurations': [833.0], 'StartTimes': [1510752833.0], 'SubmitTimes': [1510752504.0], 'JobIds': ['12846961.0'], 'EndTimes': [1510753666.0], 'Restarts': 0, 'RecordedSite': False, 'State': 'finished', 'ResidentSetSize': [2011548], 'TotalUserCpuTimeHistory': [457], 'SiteHistory': ['Unknown'], 'TotalSysCpuTimeHistory': [11]}, '37': {'Retries': 0, 'WallDurations': [5580.0], 'StartTimes': [1510752842.0], 'SubmitTimes': [1510752506.0], 'JobIds': ['12846975.0'], 'EndTimes': [1510758422.0], 'Restarts': 0, 'RecordedSite': False, 'State': 'finished', 'ResidentSetSize': [1739480], 'TotalUserCpuTimeHistory': [919], 'SiteHistory': ['Unknown'], 'TotalSysCpuTimeHistory': [42]}, '36': {'Retries': 0, 'WallDurations': [2548.0], 'StartTimes': [1510752832.0], 'SubmitTimes': [1510752505.0], 'JobIds': ['12846973.0'], 'EndTimes': [1510755380.0], 'Restarts': 0, 'RecordedSite': False, 'State': 'finished', 'ResidentSetSize': [1730996], 'TotalUserCpuTimeHistory': [1014], 'SiteHistory': ['Unknown'], 'TotalSysCpuTimeHistory': [31]}, '35': {'Retries': 0, 'WallDurations': [908.0], 'StartTimes': [1510752836.0], 'SubmitTimes': [1510752505.0], 'JobIds': ['12846971.0'], 'EndTimes': [1510753744.0], 'Restarts': 0, 'RecordedSite': False, 'State': 'finished', 'ResidentSetSize': [1795080], 'TotalUserCpuTimeHistory': [660], 'SiteHistory': ['Unknown'], 'TotalSysCpuTimeHistory': [64]}, '34': {'Retries': 0, 'WallDurations': [1107.0], 'StartTimes': [1510752835.0], 'SubmitTimes': [1510752505.0], 'JobIds': ['12846970.0'], 'EndTimes': [1510753942.0], 'Restarts': 0, 'RecordedSite': False, 'State': 'finished', 'ResidentSetSize': [1788620], 'TotalUserCpuTimeHistory': [677], 'SiteHistory': ['Unknown'], 'TotalSysCpuTimeHistory': [37]}, '33': {'Retries': 0, 'WallDurations': [2491.0], 'StartTimes': [1510752837.0], 'SubmitTimes': [1510752505.0], 'JobIds': ['12846972.0'], 'EndTimes': [1510755328.0], 'Restarts': 0, 'RecordedSite': False, 'State': 'finished', 'ResidentSetSize': [1713504], 'TotalUserCpuTimeHistory': [323], 'SiteHistory': ['Unknown'], 'TotalSysCpuTimeHistory': [32]}, '32': {'Retries': 0, 'WallDurations': [792.0], 'StartTimes': [1510752835.0], 'SubmitTimes': [1510752505.0], 'JobIds': ['12846969.0'], 'EndTimes': [1510753627.0], 'Restarts': 0, 'RecordedSite': False, 'State': 'finished', 'ResidentSetSize': [1794456], 'TotalUserCpuTimeHistory': [499], 'SiteHistory': ['Unknown'], 'TotalSysCpuTimeHistory': [20]}, '50': {'Retries': 0, 'WallDurations': [2466.0], 'StartTimes': [1510752836.0], 'SubmitTimes': [1510752507.0], 'JobIds': ['12846987.0'], 'EndTimes': [1510755302.0], 'Restarts': 0, 'RecordedSite': False, 'State': 'finished', 'ResidentSetSize': [1842356], 'TotalUserCpuTimeHistory': [824], 'SiteHistory': ['Unknown'], 'TotalSysCpuTimeHistory': [131]}}
INFO 2017-11-15 09:13:56,147: 	 Status on the scheduler:	SUBMITTED
INFO 2017-11-15 09:13:56,147: 	 
Jobs status:                    finished       94.0% (47/50)
INFO 2017-11-15 09:13:56,147: 	 				running         6.0% ( 3/50)
INFO 2017-11-15 09:13:56,147: 	 
No publication information (publication has been disabled in the CRAB configuration file)
INFO 2017-11-15 09:13:56,164: 	 Log file is /uscms_data/d3/samuellh/WorkingArea/TauAnalysis/CMSSW_9_3_2/src/PUAnalysis/VBFtt2017/crab/VBF3/crab_20171115_072707/crab.log
