('The system path in the config file ', ['/cvmfs/cms.cern.ch/crab3/slc6_amd64_gcc493/cms/crabclient/3.3.1707.patch1/bin', '/uscms_data/d3/samuellh/WorkingArea/TauAnalysis/CMSSW_9_3_2/python', '/uscms_data/d3/samuellh/WorkingArea/TauAnalysis/CMSSW_9_3_2/lib/slc6_amd64_gcc630', '/cvmfs/cms.cern.ch/slc6_amd64_gcc630/cms/cmssw/CMSSW_9_3_2/python', '/cvmfs/cms.cern.ch/slc6_amd64_gcc630/cms/cmssw/CMSSW_9_3_2/lib/slc6_amd64_gcc630', '/cvmfs/cms.cern.ch/slc6_amd64_gcc630/cms/coral/CORAL_2_3_21-ghjeda6/slc6_amd64_gcc630/python', '/cvmfs/cms.cern.ch/slc6_amd64_gcc630/cms/coral/CORAL_2_3_21-ghjeda6/slc6_amd64_gcc630/lib', '/cvmfs/cms.cern.ch/slc6_amd64_gcc630/external/professor2/2.2.1-ghjeda6/lib/python2.7/site-packages', '/cvmfs/cms.cern.ch/slc6_amd64_gcc630/external/pyqt/4.11.4-mlhled2/lib/python2.7/site-packages', '/cvmfs/cms.cern.ch/slc6_amd64_gcc630/external/sherpa/2.2.4-ghjeda/lib/python2.7/site-packages', '/cvmfs/cms.cern.ch/slc6_amd64_gcc630/external/rivet/2.5.2-ghjeda4/lib/python2.7/site-packages', '/cvmfs/cms.cern.ch/slc6_amd64_gcc630/external/python-ldap/2.4.10-mlhled2/lib/python2.7/site-packages', '/cvmfs/cms.cern.ch/slc6_amd64_gcc630/external/py2-matplotlib/1.5.2-njopjo/lib/python2.7/site-packages', '/cvmfs/cms.cern.ch/slc6_amd64_gcc630/external/sip/4.17-mlhled2/lib/python2.7/site-packages', '/cvmfs/cms.cern.ch/slc6_amd64_gcc630/external/llvm/4.0.0-njopjo/lib64/python2.7/site-packages', '/cvmfs/cms.cern.ch/slc6_amd64_gcc630/external/py2-sqlalchemy/1.1.4-mlhled2/lib/python2.7/site-packages', '/cvmfs/cms.cern.ch/slc6_amd64_gcc630/external/py2-lint/0.25.1-mlhled2/lib/python2.7/site-packages', '/cvmfs/cms.cern.ch/slc6_amd64_gcc630/external/py2-dxr/1.0-ghjeda6/lib/python2.7/site-packages', '/cvmfs/cms.cern.ch/slc6_amd64_gcc630/external/py2-cx-oracle/5.2.1-mlhled2/lib/python2.7/site-packages', '/cvmfs/cms.cern.ch/slc6_amd64_gcc630/external/py2-numpy/1.12.1-mlhled2/lib/python2.7/site-packages', '/cvmfs/cms.cern.ch/slc6_amd64_gcc630/external/frontier_client/2.8.20-mlhled2/python/lib', '/cvmfs/cms.cern.ch/slc6_amd64_gcc630/cms/das_client/v03.01.00-mlhled2/bin', '/cvmfs/cms.cern.ch/slc6_amd64_gcc630/external/xrootd/4.6.1/lib/python2.7/site-packages', '/cvmfs/cms.cern.ch/slc6_amd64_gcc630/external/yoda/1.6.5-ghjeda4/lib/python2.7/site-packages', '/cvmfs/cms.cern.ch/slc6_amd64_gcc630/lcg/root/6.10.04-ghjeda/lib', '/cvmfs/cms.cern.ch/slc6_amd64_gcc630/external/pyminuit2/0.0.1-ghjeda4/lib/python2.7/site-packages', '/cvmfs/cms.cern.ch/slc6_amd64_gcc630/external/py2-PyYAML/3.11-mlhled2/lib/python2.7/site-packages', '/cvmfs/cms.cern.ch/slc6_amd64_gcc630/external/py2-pygithub/1.23.0-mlhled2/lib/python2.7/site-packages', '/cvmfs/cms.cern.ch/slc6_amd64_gcc630/external/py2-pip/9.0.1-mlhled2/lib/python2.7/site-packages', '/cvmfs/cms.cern.ch/slc6_amd64_gcc630/external/py2-dablooms/0.9.1-mlhled2/lib/python2.7/site-packages', '/cvmfs/cms.cern.ch/slc6_amd64_gcc630/external/py2-pippkgs_depscipy/3.0-ghjeda6/lib/python2.7/site-packages', '/cvmfs/cms.cern.ch/slc6_amd64_gcc630/external/py2-pippkgs/5.0-ghjeda6/lib/python2.7/site-packages', '/cvmfs/cms.cern.ch/slc6_amd64_gcc630/external/professor/1.4.0-ghjeda4/lib/python2.7/site-packages', '/cvmfs/cms.cern.ch/slc6_amd64_gcc630/cms/dbs-client/DBS_2_1_9-mlhled2/lib', '/cvmfs/cms.cern.ch/slc6_amd64_gcc630/cms/dbs-client/DBS_2_1_9-mlhled2/lib/DBSAPI', '/cvmfs/cms.cern.ch/slc6_amd64_gcc630/external/cvs2git/5419-mlhled2/lib', '/cvmfs/cms.cern.ch/crab3/slc6_amd64_gcc493/cms/crabclient/3.3.1707.patch1/lib/python2.7/site-packages', '/cvmfs/cms.cern.ch/crab3/slc6_amd64_gcc493/cms/dbs3-client/3.4.4/lib/python2.7/site-packages', '/cvmfs/cms.cern.ch/crab3/slc6_amd64_gcc493/cms/dbs3-pycurl-client/3.4.4/lib/python2.7/site-packages', '/cvmfs/cms.cern.ch/slc6_amd64_gcc630/external/py2-sqlalchemy/1.1.4-mlhled2/lib/python2.7/site-packages/SQLAlchemy-1.1.4-py2.7-linux-x86_64.egg', '/cvmfs/cms.cern.ch/slc6_amd64_gcc630/external/py2-numpy/1.12.1-mlhled2/lib/python2.7/site-packages/numpy-1.12.1-py2.7-linux-x86_64.egg', '/cvmfs/cms.cern.ch/slc6_amd64_gcc630/external/python/2.7.11-mlhled2/lib/python27.zip', '/cvmfs/cms.cern.ch/slc6_amd64_gcc630/external/python/2.7.11-mlhled2/lib/python2.7', '/cvmfs/cms.cern.ch/slc6_amd64_gcc630/external/python/2.7.11-mlhled2/lib/python2.7/plat-linux2', '/cvmfs/cms.cern.ch/slc6_amd64_gcc630/external/python/2.7.11-mlhled2/lib/python2.7/lib-tk', '/cvmfs/cms.cern.ch/slc6_amd64_gcc630/external/python/2.7.11-mlhled2/lib/python2.7/lib-old', '/cvmfs/cms.cern.ch/slc6_amd64_gcc630/external/python/2.7.11-mlhled2/lib/python2.7/lib-dynload', '/cvmfs/cms.cern.ch/slc6_amd64_gcc630/external/python/2.7.11-mlhled2/lib/python2.7/site-packages', '/uscms_data/d3/samuellh/WorkingArea/TauAnalysis/CMSSW_9_3_2/src/PUAnalysis/VBFtt2017/crab/VBF51'])
 ##################################################################### 
 # WARNING: the module CondCore.DBCommon.CondDBSetup is deprecated.  # 
 # Please import CondCore.CondDB.CondDB_cfi                          # 
 ##################################################################### 
recorrecting the jets
List Of Filters
['processedEvents', 'initialEventsTT', 'DiMuonCreation', 'AtLeastOneDiTau', 'TTTauPtEta', 'TTTauDecayFound', 'TTTauStandardDecayFound', 'TTTauDRSel', 'TTSync', 'TTAntiEle', 'TTAntiMu', 'TTIso', 'TTOS']
DEBUG 2017-11-15 07:37:57,983: 	 Executing command: 'submit'
DEBUG 2017-11-15 07:37:57,984: 	 Found CRAB cache file /uscms/home/samuellh/.crab3
DEBUG 2017-11-15 07:37:57,991: 	 Checking credentials
DEBUG 2017-11-15 07:37:57,992: 	 Found proxy file /tmp/x509up_u52190
DEBUG 2017-11-15 07:37:57,992: 	 Getting proxy life time left
DEBUG 2017-11-15 07:37:58,095: 	 Executing : 
 command : voms-proxy-info -file /tmp/x509up_u52190 -timeleft
 output : 82605

 error: 
 retcode : 0
DEBUG 2017-11-15 07:37:58,199: 	 Executing : 
 command : voms-proxy-info -file /tmp/x509up_u52190 -actimeleft
 output : 82604

 error: 
 retcode : 0
DEBUG 2017-11-15 07:37:58,199: 	 Proxy valid for 22:56:45 hours
INFO 2017-11-15 07:37:58,199: 	 Will use CRAB configuration file crab3_TT_MC.py
DEBUG 2017-11-15 07:37:58,200: 	 Loading CRAB configuration file.
DEBUG 2017-11-15 07:37:58,207: 	 Will use CRAB Analysis plugin (i.e. will run an analysis job type).
DEBUG 2017-11-15 07:37:58,322: 	 Executing : 
 command : openssl x509 -in ~/.globus/usercert.pem -subject -noout
 output : subject= /DC=ch/DC=cern/OU=Organic Units/OU=Users/CN=shigginb/CN=785176/CN=Sam Higginbotham

 error: 
 retcode : 0
DEBUG 2017-11-15 07:37:58,322: 	 Checking credentials
DEBUG 2017-11-15 07:37:58,322: 	 Found proxy file /tmp/x509up_u52190
DEBUG 2017-11-15 07:37:58,322: 	 Getting proxy life time left
DEBUG 2017-11-15 07:37:58,426: 	 Executing : 
 command : voms-proxy-info -file /tmp/x509up_u52190 -timeleft
 output : 82605

 error: 
 retcode : 0
DEBUG 2017-11-15 07:37:58,529: 	 Executing : 
 command : voms-proxy-info -file /tmp/x509up_u52190 -actimeleft
 output : 82604

 error: 
 retcode : 0
DEBUG 2017-11-15 07:37:58,530: 	 Proxy valid for 22:56:45 hours
DEBUG 2017-11-15 07:37:58,633: 	 Executing : 
 command : env X509_USER_PROXY=/tmp/x509up_u52190 voms-proxy-info -fqan
 output : /cms/Role=NULL/Capability=NULL

 error: 
 retcode : 0
DEBUG 2017-11-15 07:38:00,297: 	 Registering user credentials for server /DC=ch/DC=cern/OU=computers/CN=vocms(045|052|021|031|0118|0118a|0119|0108|0105|0109).cern.ch
DEBUG 2017-11-15 07:38:00,411: 	 Executing : 
 command : openssl x509 -in ~/.globus/usercert.pem -subject -noout
 output : subject= /DC=ch/DC=cern/OU=Organic Units/OU=Users/CN=shigginb/CN=785176/CN=Sam Higginbotham

 error: 
 retcode : 0
DEBUG 2017-11-15 07:38:00,412: 	 Getting myproxy life time left for myproxy.cern.ch
DEBUG 2017-11-15 07:38:00,412: 	 Calculating hash of /DC=ch/DC=cern/OU=Organic Units/OU=Users/CN=shigginb/CN=785176/CN=Sam Higginbotham_cmsweb.cern.ch for credential name
DEBUG 2017-11-15 07:38:01,117: 	 Executing : 
 command : myproxy-info -l 2f318c7a260d78734589f2cc772d26b8be79ec6c -s myproxy.cern.ch
 output : username: 2f318c7a260d78734589f2cc772d26b8be79ec6c
owner: /DC=ch/DC=cern/OU=Organic Units/OU=Users/CN=shigginb/CN=785176/CN=Sam Higginbotham
  renewal policy: /DC=ch/DC=cern/OU=computers/CN=vocms(045|052|021|031|0118|0118a|0119|0108|0105|0109).cern.ch
  trusted retrieval policy: /DC=ch/DC=cern/OU=computers/CN=vocms(045|052|021|031|0118|0118a|0119|0108|0105|0109).cern.ch
  timeleft: 431:45:40  (18.0 days)

 error: 
 retcode : 0
DEBUG 2017-11-15 07:38:01,119: 	 Myproxy is valid: 1554340
DEBUG 2017-11-15 07:38:01,119: 	 Command use: submit
DEBUG 2017-11-15 07:38:01,119: 	 Options use: ['-c', 'crab3_TT_MC.py']
DEBUG 2017-11-15 07:38:03,120: 	 CRABClient version: 3.3.1707.patch1
DEBUG 2017-11-15 07:38:03,120: 	 Instance is prod
DEBUG 2017-11-15 07:38:03,120: 	 Server base url is cmsweb.cern.ch
DEBUG 2017-11-15 07:38:03,120: 	 Command url /crabserver/prod/workflow
DEBUG 2017-11-15 07:38:03,121: 	 Started submission
DEBUG 2017-11-15 07:38:03,121: 	 Working on /uscms_data/d3/samuellh/WorkingArea/TauAnalysis/CMSSW_9_3_2/src/PUAnalysis/VBFtt2017/crab/VBF51/crab_20171115_073758
DEBUG 2017-11-15 07:38:04,795: 	 Loading required information from the environment
DEBUG 2017-11-15 07:38:04,795: 	 Found CMSSW_9_3_2 for slc6_amd64_gcc630 with base /uscms_data/d3/samuellh/WorkingArea/TauAnalysis/CMSSW_9_3_2
DEBUG 2017-11-15 07:38:04,795: 	 Loading required information from the environment
DEBUG 2017-11-15 07:38:04,795: 	 Found CMSSW_9_3_2 for slc6_amd64_gcc630 with base /uscms_data/d3/samuellh/WorkingArea/TauAnalysis/CMSSW_9_3_2
DEBUG 2017-11-15 07:38:04,806: 	 UNIQUE NAME: tarUUID d07deeaf-cf78-4d66-ab8e-4991119a7e80 
DEBUG 2017-11-15 07:38:04,807: 	 self.config: from WMCore.Configuration import Configuration
config = Configuration()
config.section_('General')
config.section_('JobType')
config.JobType.psetName = '../../../TT-MC-Up.py'
config.JobType.pluginName = 'Analysis'
config.JobType.inputFiles = ['../../../Configuration/data/PhaseIISummer16_25nsV3_MC.db']
config.JobType.outputFiles = ['analysis.root']
config.JobType.allowUndistributedCMSSW = True
config.section_('Data')
config.Data.inputDataset = '/TprimeBToTH_M-2000_Width-20p_LH_TuneCUETP8M2T4_14TeV-madgraph-pythia8/PhaseIITDRFall17MiniAOD-PU200_93X_upgrade2023_realistic_v2-v1/MINIAODSIM'
config.Data.unitsPerJob = 1
config.Data.publication = False
config.Data.inputDBS = 'global'
config.Data.splitting = 'FileBased'
config.section_('Site')
config.Site.storageSite = 'T3_US_FNALLPC'
config.section_('User')
config.section_('Debug')

DEBUG 2017-11-15 07:38:04,807: 	 self.config.JobType.psetName: ../../../TT-MC-Up.py
INFO 2017-11-15 07:38:04,807: 	 Importing CMSSW configuration ../../../TT-MC-Up.py
INFO 2017-11-15 07:38:07,741: 	 Finished importing CMSSW configuration ../../../TT-MC-Up.py
DEBUG 2017-11-15 07:38:07,741: 	 Writing CMSSW configuration to /uscms_data/d3/samuellh/WorkingArea/TauAnalysis/CMSSW_9_3_2/src/PUAnalysis/VBFtt2017/crab/VBF51/crab_20171115_073758/inputs/PSet.py
DEBUG 2017-11-15 07:38:08,692: 	 The following EDM output files will be collected: []
DEBUG 2017-11-15 07:38:08,692: 	 The following TFile output files will be collected: ['analysis.root']
DEBUG 2017-11-15 07:38:08,692: 	 The following user output files will be collected: []
DEBUG 2017-11-15 07:38:08,693: 	 Loading required information from the environment
DEBUG 2017-11-15 07:38:08,693: 	 Found CMSSW_9_3_2 for slc6_amd64_gcc630 with base /uscms_data/d3/samuellh/WorkingArea/TauAnalysis/CMSSW_9_3_2
DEBUG 2017-11-15 07:38:08,693: 	 Making tarball in /uscms_data/d3/samuellh/WorkingArea/TauAnalysis/CMSSW_9_3_2/src/PUAnalysis/VBFtt2017/crab/VBF51/crab_20171115_073758/inputs/d07deeaf-cf78-4d66-ab8e-4991119a7e80default.tgz
DEBUG 2017-11-15 07:38:08,699: 	 Checking directory /uscms_data/d3/samuellh/WorkingArea/TauAnalysis/CMSSW_9_3_2/lib
DEBUG 2017-11-15 07:38:08,699: 	 Adding directory /uscms_data/d3/samuellh/WorkingArea/TauAnalysis/CMSSW_9_3_2/lib to tarball
DEBUG 2017-11-15 07:38:09,632: 	 Checking directory /uscms_data/d3/samuellh/WorkingArea/TauAnalysis/CMSSW_9_3_2/biglib
DEBUG 2017-11-15 07:38:09,632: 	 Adding directory /uscms_data/d3/samuellh/WorkingArea/TauAnalysis/CMSSW_9_3_2/biglib to tarball
DEBUG 2017-11-15 07:38:09,633: 	 Checking directory /uscms_data/d3/samuellh/WorkingArea/TauAnalysis/CMSSW_9_3_2/module
DEBUG 2017-11-15 07:38:09,758: 	 Adding data directory /uscms_data/d3/samuellh/WorkingArea/TauAnalysis/CMSSW_9_3_2/src/PUAnalysis/Configuration/data to tarball
DEBUG 2017-11-15 07:38:12,343: 	 Adding data directory /uscms_data/d3/samuellh/WorkingArea/TauAnalysis/CMSSW_9_3_2/src/PUAnalysis/DataFormats/interface to tarball
DEBUG 2017-11-15 07:38:12,352: 	 Adding data directory /uscms_data/d3/samuellh/WorkingArea/TauAnalysis/CMSSW_9_3_2/src/PUAnalysis/NtupleTools/interface to tarball
DEBUG 2017-11-15 07:38:12,357: 	 Adding data directory /uscms_data/d3/samuellh/WorkingArea/TauAnalysis/CMSSW_9_3_2/src/PUAnalysis/RecoTools/interface to tarball
DEBUG 2017-11-15 07:38:12,565: 	 Adding file ../../../Configuration/data/PhaseIISummer16_25nsV3_MC.db to tarball
DEBUG 2017-11-15 07:38:12,892: 	 Uploading archive /uscms_data/d3/samuellh/WorkingArea/TauAnalysis/CMSSW_9_3_2/src/PUAnalysis/VBFtt2017/crab/VBF51/crab_20171115_073758/inputs/d07deeaf-cf78-4d66-ab8e-4991119a7e80default.tgz (11 MB) to the CRAB cache. Using URI https://cmsweb.cern.ch/crabcache
DEBUG 2017-11-15 07:38:21,403: 	 Loading required information from the environment
DEBUG 2017-11-15 07:38:21,403: 	 Found CMSSW_9_3_2 for slc6_amd64_gcc630 with base /uscms_data/d3/samuellh/WorkingArea/TauAnalysis/CMSSW_9_3_2
DEBUG 2017-11-15 07:38:21,404: 	 Making tarball in /uscms_data/d3/samuellh/WorkingArea/TauAnalysis/CMSSW_9_3_2/src/PUAnalysis/VBFtt2017/crab/VBF51/crab_20171115_073758/inputs/debugFiles.tgz
DEBUG 2017-11-15 07:38:21,409: 	 Uploading archive /uscms_data/d3/samuellh/WorkingArea/TauAnalysis/CMSSW_9_3_2/src/PUAnalysis/VBFtt2017/crab/VBF51/crab_20171115_073758/inputs/debugFiles.tgz (2 KB) to the CRAB cache. Using URI https://cmsweb.cern.ch/crabcache
DEBUG 2017-11-15 07:38:23,261: 	 Result uploading input files: 4e198fb019d07e682a8bd09208595d4eb73bac82ae7f6e24154a54b4451cc952.tar.gz 
INFO 2017-11-15 07:38:23,261: 	 Sending the request to the server
DEBUG 2017-11-15 07:38:23,261: 	 Submitting {'maxjobruntime': 1250, 'extrajdl': [], 'ignorelocality': 0, 'savelogsflag': 0, 'useparent': 0, 'asyncdest': 'T3_US_FNALLPC', 'algoargs': 1, 'cachefilename': '4e198fb019d07e682a8bd09208595d4eb73bac82ae7f6e24154a54b4451cc952.tar.gz', 'numcores': 1, 'addoutputfiles': [], 'generator': 'pythia', 'maxmemory': 2000, 'publishdbsurl': 'https://cmsweb.cern.ch/dbs/prod/phys03/DBSWriter', 'priority': 10, 'jobsw': 'CMSSW_9_3_2', 'edmoutfiles': [], 'userfiles': [], 'primarydataset': '', 'inputdata': '/TprimeBToTH_M-2000_Width-20p_LH_TuneCUETP8M2T4_14TeV-madgraph-pythia8/PhaseIITDRFall17MiniAOD-PU200_93X_upgrade2023_realistic_v2-v1/MINIAODSIM', 'dryrun': 0, 'workflow': 'crab_20171115_073758', 'cacheurl': u'https://cmsweb.cern.ch/crabcache', 'nonprodsw': 1, 'tfileoutfiles': ['analysis.root'], 'oneEventMode': 0, 'debugfilename': 'fc9fce8d76e3512d023bb29f8c70c6c80e7b9663df89e725e6ea1dfbe055b79a.tar.gz', 'saveoutput': 1, 'publication': 0, 'jobarch': 'slc6_amd64_gcc630', 'totalunits': 0, 'splitalgo': 'FileBased', 'ignoreglobalblacklist': 0, 'nonvaliddata': 0, 'dbsurl': 'https://cmsweb.cern.ch/dbs/prod/global/DBSReader', 'publishgroupname': 0, 'jobtype': 'Analysis', 'publishname2': ''} 
DEBUG 2017-11-15 07:38:23,262: 	 Encoded submit request: maxjobruntime=1250&ignorelocality=0&savelogsflag=0&useparent=0&asyncdest=T3_US_FNALLPC&algoargs=1&cachefilename=4e198fb019d07e682a8bd09208595d4eb73bac82ae7f6e24154a54b4451cc952.tar.gz&numcores=1&generator=pythia&maxmemory=2000&publishdbsurl=https%3A%2F%2Fcmsweb.cern.ch%2Fdbs%2Fprod%2Fphys03%2FDBSWriter&priority=10&jobsw=CMSSW_9_3_2&primarydataset=&inputdata=%2FTprimeBToTH_M-2000_Width-20p_LH_TuneCUETP8M2T4_14TeV-madgraph-pythia8%2FPhaseIITDRFall17MiniAOD-PU200_93X_upgrade2023_realistic_v2-v1%2FMINIAODSIM&dryrun=0&workflow=crab_20171115_073758&cacheurl=https%3A%2F%2Fcmsweb.cern.ch%2Fcrabcache&nonprodsw=1&oneEventMode=0&debugfilename=fc9fce8d76e3512d023bb29f8c70c6c80e7b9663df89e725e6ea1dfbe055b79a.tar.gz&saveoutput=1&publication=0&jobarch=slc6_amd64_gcc630&totalunits=0&splitalgo=FileBased&ignoreglobalblacklist=0&nonvaliddata=0&dbsurl=https%3A%2F%2Fcmsweb.cern.ch%2Fdbs%2Fprod%2Fglobal%2FDBSReader&publishgroupname=0&jobtype=Analysis&publishname2=&tfileoutfiles=analysis.root
DEBUG 2017-11-15 07:38:25,338: 	 Result: {u'result': [{u'RequestName': u'171115_133825:shigginb_crab_20171115_073758'}]}
INFO 2017-11-15 07:38:25,342: 	 Success: Your task has been delivered to the CRAB3 server.
INFO 2017-11-15 07:38:25,342: 	 Task name: 171115_133825:shigginb_crab_20171115_073758
INFO 2017-11-15 07:38:25,342: 	 Please use 'crab status' to check how the submission process proceeds.
DEBUG 2017-11-15 07:38:25,342: 	 About to return
INFO 2017-11-15 07:38:25,348: 	 Log file is /uscms_data/d3/samuellh/WorkingArea/TauAnalysis/CMSSW_9_3_2/src/PUAnalysis/VBFtt2017/crab/VBF51/crab_20171115_073758/crab.log
DEBUG 2017-11-15 08:04:55,941: 	 Executing command: 'status'
DEBUG 2017-11-15 08:04:55,942: 	 Found CRAB cache file /uscms/home/samuellh/.crab3
DEBUG 2017-11-15 08:04:55,949: 	 Checking credentials
DEBUG 2017-11-15 08:04:55,949: 	 Found proxy file /tmp/x509up_u52190
DEBUG 2017-11-15 08:04:55,949: 	 Getting proxy life time left
DEBUG 2017-11-15 08:04:56,052: 	 Executing : 
 command : voms-proxy-info -file /tmp/x509up_u52190 -timeleft
 output : 80987

 error: 
 retcode : 0
DEBUG 2017-11-15 08:04:56,156: 	 Executing : 
 command : voms-proxy-info -file /tmp/x509up_u52190 -actimeleft
 output : 80986

 error: 
 retcode : 0
DEBUG 2017-11-15 08:04:56,156: 	 Proxy valid for 22:29:47 hours
DEBUG 2017-11-15 08:04:56,272: 	 Executing : 
 command : openssl x509 -in ~/.globus/usercert.pem -subject -noout
 output : subject= /DC=ch/DC=cern/OU=Organic Units/OU=Users/CN=shigginb/CN=785176/CN=Sam Higginbotham

 error: 
 retcode : 0
DEBUG 2017-11-15 08:04:56,272: 	 Checking credentials
DEBUG 2017-11-15 08:04:56,273: 	 Found proxy file /tmp/x509up_u52190
DEBUG 2017-11-15 08:04:56,273: 	 Getting proxy life time left
DEBUG 2017-11-15 08:04:56,376: 	 Executing : 
 command : voms-proxy-info -file /tmp/x509up_u52190 -timeleft
 output : 80987

 error: 
 retcode : 0
DEBUG 2017-11-15 08:04:56,479: 	 Executing : 
 command : voms-proxy-info -file /tmp/x509up_u52190 -actimeleft
 output : 80986

 error: 
 retcode : 0
DEBUG 2017-11-15 08:04:56,479: 	 Proxy valid for 22:29:47 hours
DEBUG 2017-11-15 08:04:58,287: 	 Registering user credentials for server /DC=ch/DC=cern/OU=computers/CN=vocms(045|052|021|031|0118|0118a|0119|0108|0105|0109).cern.ch
DEBUG 2017-11-15 08:04:58,396: 	 Executing : 
 command : openssl x509 -in ~/.globus/usercert.pem -subject -noout
 output : subject= /DC=ch/DC=cern/OU=Organic Units/OU=Users/CN=shigginb/CN=785176/CN=Sam Higginbotham

 error: 
 retcode : 0
DEBUG 2017-11-15 08:04:58,396: 	 Getting myproxy life time left for myproxy.cern.ch
DEBUG 2017-11-15 08:04:58,396: 	 Calculating hash of /DC=ch/DC=cern/OU=Organic Units/OU=Users/CN=shigginb/CN=785176/CN=Sam Higginbotham_cmsweb.cern.ch for credential name
DEBUG 2017-11-15 08:04:59,100: 	 Executing : 
 command : myproxy-info -l 2f318c7a260d78734589f2cc772d26b8be79ec6c -s myproxy.cern.ch
 output : username: 2f318c7a260d78734589f2cc772d26b8be79ec6c
owner: /DC=ch/DC=cern/OU=Organic Units/OU=Users/CN=shigginb/CN=785176/CN=Sam Higginbotham
  renewal policy: /DC=ch/DC=cern/OU=computers/CN=vocms(045|052|021|031|0118|0118a|0119|0108|0105|0109).cern.ch
  trusted retrieval policy: /DC=ch/DC=cern/OU=computers/CN=vocms(045|052|021|031|0118|0118a|0119|0108|0105|0109).cern.ch
  timeleft: 431:18:42  (18.0 days)

 error: 
 retcode : 0
DEBUG 2017-11-15 08:04:59,102: 	 Myproxy is valid: 1552722
DEBUG 2017-11-15 08:04:59,102: 	 Command use: status
DEBUG 2017-11-15 08:04:59,102: 	 Options use: ['-d', 'crab_20171115_073758/']
DEBUG 2017-11-15 08:05:00,742: 	 CRABClient version: 3.3.1707.patch1
DEBUG 2017-11-15 08:05:00,742: 	 Instance is prod
DEBUG 2017-11-15 08:05:00,742: 	 Server base url is cmsweb.cern.ch
DEBUG 2017-11-15 08:05:00,742: 	 Command url /crabserver/prod/workflow
DEBUG 2017-11-15 08:05:02,341: 	 Got information from server oracle database: {u'result': [u'171115_133825:shigginb_crab_20171115_073758', u'None', u'SUBMITTED', u'2017-11-15 13:38:25.099945', u'None', u'2017-11-15 13:39:42.098248', u'None', u'CMSSW_9_3_2', u'slc6_amd64_gcc630', u'/TprimeBToTH_M-2000_Width-20p_LH_TuneCUETP8M2T4_14TeV-madgraph-pythia8/PhaseIITDRFall17MiniAOD-PU200_93X_upgrade2023_realistic_v2-v1/MINIAODSIM', u'[]', u'[]', u'FileBased', u"{'splitOnRun': False, 'halt_job_on_file_boundaries': False, 'files_per_job': 1, 'runs': [], 'lumis': []}", u'0', u'4e198fb019d07e682a8bd09208595d4eb73bac82ae7f6e24154a54b4451cc952.tar.gz', u'https://cmsweb.cern.ch/crabcache', u'shigginb', u'/DC=ch/DC=cern/OU=Organic Units/OU=Users/CN=shigginb/CN=785176/CN=Sam Higginbotham', u'cms', u'None', u'None', u'crab_20171115_073758-00000000000000000000000000000000', u'T3_US_FNALLPC', u'https://cmsweb.cern.ch/dbs/prod/global/DBSReader', u'https://cmsweb.cern.ch/dbs/prod/phys03/DBSWriter', u'F', u'Analysis', u'{}', u'[]', u'F', u'vocms052', u'[]', u'1250', u'1', u'2000', u'10', u'None', u'http://vocms0196.cern.ch/mon/cms1359/171115_133825:shigginb_crab_20171115_073758', u'None', u'None', u'[]', u'[]', u'[]', u'pythia', u'[]', u"['analysis.root']", u'[]', u'https://cmsweb.cern.ch/crabserver/prod', u'None', u'0', u'cmssrv221.fnal.gov:9620', u'crab3@vocms0196.cern.ch', u'F', u'[]', u'T', u'/store/user/shigginb/', u'F', u'None', u'F', u'F', u'F', u'None', u'TprimeBToTH_M-2000_Width-20p_LH_TuneCUETP8M2T4_14TeV-madgraph-pythia8', u'filetransfers', u'SUBMIT', u'13841736', u'fc9fce8d76e3512d023bb29f8c70c6c80e7b9663df89e725e6ea1dfbe055b79a.tar.gz', u'131.225.190.56', u'F', u'None'], u'desc': {u'columns': [u'tm_taskname', u'panda_jobset_id', u'tm_task_status', u'tm_start_time', u'tm_start_injection', u'tm_end_injection', u'tm_task_failure', u'tm_job_sw', u'tm_job_arch', u'tm_input_dataset', u'tm_site_whitelist', u'tm_site_blacklist', u'tm_split_algo', u'tm_split_args', u'tm_totalunits', u'tm_user_sandbox', u'tm_cache_url', u'tm_username', u'tm_user_dn', u'tm_user_vo', u'tm_user_role', u'tm_user_group', u'tm_publish_name', u'tm_asyncdest', u'tm_dbs_url', u'tm_publish_dbs_url', u'tm_publication', u'tm_job_type', u'tm_arguments', u'panda_resubmitted_jobs', u'tm_save_logs', u'tw_name', u'tm_user_infiles', u'tm_maxjobruntime', u'tm_numcores', u'tm_maxmemory', u'tm_priority', u'tm_output_dataset', u'tm_user_webdir', u'tm_activity', u'tm_scriptexe', u'tm_scriptargs', u'tm_extrajdl', u'tm_task_warnings', u'tm_generator', u'tm_outfiles', u'tm_tfile_outfiles', u'tm_edm_outfiles', u'tm_asourl', u'tm_events_per_lumi', u'tm_use_parent', u'tm_collector', u'tm_schedd', u'tm_dry_run', u'tm_user_files', u'tm_transfer_outputs', u'tm_output_lfn', u'tm_ignore_locality', u'tm_fail_limit', u'tm_one_event_mode', u'tm_publish_groupname', u'tm_nonvalid_input_dataset', u'tm_secondary_input_dataset', u'tm_primary_dataset', u'tm_asodb', u'tm_task_command', u'clusterid', u'tm_debug_files', u'tm_submitter_ip_addr', u'tm_ignore_global_blacklist', u'tm_last_publication']}}
INFO 2017-11-15 08:05:02,341: 	 CRAB project directory:		/uscms_data/d3/samuellh/WorkingArea/TauAnalysis/CMSSW_9_3_2/src/PUAnalysis/VBFtt2017/crab/VBF51/crab_20171115_073758
INFO 2017-11-15 08:05:02,342: 	 Task name:			171115_133825:shigginb_crab_20171115_073758
INFO 2017-11-15 08:05:02,342: 	 Grid scheduler:			crab3@vocms0196.cern.ch
INFO 2017-11-15 08:05:02,342: 	 Status on the CRAB server:	SUBMITTED
INFO 2017-11-15 08:05:02,342: 	 Task URL to use for HELP:	https://cmsweb.cern.ch/crabserver/ui/task/171115_133825%3Ashigginb_crab_20171115_073758
INFO 2017-11-15 08:05:02,342: 	 Dashboard monitoring URL:	http://dashb-cms-job.cern.ch/dashboard/templates/task-analysis/#user=shigginb&refresh=0&table=Jobs&p=1&records=25&activemenu=2&status=&site=&tid=171115_133825%3Ashigginb_crab_20171115_073758
DEBUG 2017-11-15 08:05:02,342: 	 The CRAB server submitted your task to the Grid scheduler (cluster ID: 13841736)
DEBUG 2017-11-15 08:05:02,342: 	 Webdir is located at http://vocms0196.cern.ch/mon/cms1359/171115_133825:shigginb_crab_20171115_073758
DEBUG 2017-11-15 08:05:04,147: 	 Proxied webdir is located at https://cmsweb.cern.ch/scheddmon/0196/cms1359/171115_133825:shigginb_crab_20171115_073758
DEBUG 2017-11-15 08:05:04,147: 	 Retrieving 'status_cache' file from https://cmsweb.cern.ch/scheddmon/0196/cms1359/171115_133825:shigginb_crab_20171115_073758/status_cache
DEBUG 2017-11-15 08:05:05,735: 	 Got information from status cache file: {'1': {'Retries': 0, 'WallDurations': [813.0], 'StartTimes': [1510753219.0], 'SubmitTimes': [1510753208.0], 'JobIds': ['13841763.0'], 'EndTimes': [1510754032.0], 'Restarts': 0, 'RecordedSite': False, 'State': 'finished', 'ResidentSetSize': [1975868], 'TotalUserCpuTimeHistory': [737], 'SiteHistory': ['Unknown'], 'TotalSysCpuTimeHistory': [9]}, '3': {'Retries': 0, 'WallDurations': [262.0], 'StartTimes': [1510753255.0], 'SubmitTimes': [1510753209.0], 'JobIds': ['13841770.0'], 'EndTimes': [1510753517.0], 'Restarts': 0, 'RecordedSite': False, 'State': 'finished', 'ResidentSetSize': [23604], 'TotalUserCpuTimeHistory': [71], 'SiteHistory': ['Unknown'], 'TotalSysCpuTimeHistory': [3]}, '2': {'Retries': 0, 'WallDurations': [64.0], 'StartTimes': [1510753227.0], 'SubmitTimes': [1510753209.0], 'JobIds': ['13841767.0'], 'EndTimes': [1510753291.0], 'Restarts': 0, 'RecordedSite': False, 'State': 'finished', 'ResidentSetSize': [2660], 'TotalUserCpuTimeHistory': [32], 'SiteHistory': ['Unknown'], 'TotalSysCpuTimeHistory': [1]}, '5': {'Retries': 0, 'WallDurations': [96.0], 'StartTimes': [1510753297.0], 'SubmitTimes': [1510753212.0], 'JobIds': ['13841778.0'], 'EndTimes': [1510753393.0], 'Restarts': 0, 'RecordedSite': False, 'State': 'finished', 'ResidentSetSize': [38564], 'TotalUserCpuTimeHistory': [64], 'SiteHistory': ['Unknown'], 'TotalSysCpuTimeHistory': [1]}, '4': {'Retries': 0, 'WallDurations': [439.0], 'StartTimes': [1510753290.0], 'SubmitTimes': [1510753212.0], 'JobIds': ['13841774.0'], 'EndTimes': [1510753729.0], 'Restarts': 0, 'RecordedSite': False, 'State': 'finished', 'ResidentSetSize': [1671280], 'TotalUserCpuTimeHistory': [383], 'SiteHistory': ['Unknown'], 'TotalSysCpuTimeHistory': [7]}}
INFO 2017-11-15 08:05:05,735: 	 Status on the scheduler:	COMPLETED
INFO 2017-11-15 08:05:05,735: 	 
Jobs status:                    finished      100.0% (5/5)
INFO 2017-11-15 08:05:05,735: 	 
No publication information (publication has been disabled in the CRAB configuration file)
INFO 2017-11-15 08:05:06,512: 	 Log file is /uscms_data/d3/samuellh/WorkingArea/TauAnalysis/CMSSW_9_3_2/src/PUAnalysis/VBFtt2017/crab/VBF51/crab_20171115_073758/crab.log
DEBUG 2017-11-15 09:18:00,921: 	 Executing command: 'status'
DEBUG 2017-11-15 09:18:00,922: 	 Found CRAB cache file /uscms/home/samuellh/.crab3
DEBUG 2017-11-15 09:18:00,929: 	 Checking credentials
DEBUG 2017-11-15 09:18:00,929: 	 Found proxy file /tmp/x509up_u52190
DEBUG 2017-11-15 09:18:00,929: 	 Getting proxy life time left
DEBUG 2017-11-15 09:18:01,032: 	 Executing : 
 command : voms-proxy-info -file /tmp/x509up_u52190 -timeleft
 output : 76603

 error: 
 retcode : 0
DEBUG 2017-11-15 09:18:01,135: 	 Executing : 
 command : voms-proxy-info -file /tmp/x509up_u52190 -actimeleft
 output : 76601

 error: 
 retcode : 0
DEBUG 2017-11-15 09:18:01,136: 	 Proxy valid for 21:16:43 hours
DEBUG 2017-11-15 09:18:01,248: 	 Executing : 
 command : openssl x509 -in ~/.globus/usercert.pem -subject -noout
 output : subject= /DC=ch/DC=cern/OU=Organic Units/OU=Users/CN=shigginb/CN=785176/CN=Sam Higginbotham

 error: 
 retcode : 0
DEBUG 2017-11-15 09:18:01,249: 	 Checking credentials
DEBUG 2017-11-15 09:18:01,249: 	 Found proxy file /tmp/x509up_u52190
DEBUG 2017-11-15 09:18:01,249: 	 Getting proxy life time left
DEBUG 2017-11-15 09:18:01,352: 	 Executing : 
 command : voms-proxy-info -file /tmp/x509up_u52190 -timeleft
 output : 76602

 error: 
 retcode : 0
DEBUG 2017-11-15 09:18:01,455: 	 Executing : 
 command : voms-proxy-info -file /tmp/x509up_u52190 -actimeleft
 output : 76601

 error: 
 retcode : 0
DEBUG 2017-11-15 09:18:01,455: 	 Proxy valid for 21:16:42 hours
DEBUG 2017-11-15 09:18:03,177: 	 Registering user credentials for server /DC=ch/DC=cern/OU=computers/CN=vocms(045|052|021|031|0118|0118a|0119|0108|0105|0109).cern.ch
DEBUG 2017-11-15 09:18:03,286: 	 Executing : 
 command : openssl x509 -in ~/.globus/usercert.pem -subject -noout
 output : subject= /DC=ch/DC=cern/OU=Organic Units/OU=Users/CN=shigginb/CN=785176/CN=Sam Higginbotham

 error: 
 retcode : 0
DEBUG 2017-11-15 09:18:03,286: 	 Getting myproxy life time left for myproxy.cern.ch
DEBUG 2017-11-15 09:18:03,286: 	 Calculating hash of /DC=ch/DC=cern/OU=Organic Units/OU=Users/CN=shigginb/CN=785176/CN=Sam Higginbotham_cmsweb.cern.ch for credential name
DEBUG 2017-11-15 09:18:04,091: 	 Executing : 
 command : myproxy-info -l 2f318c7a260d78734589f2cc772d26b8be79ec6c -s myproxy.cern.ch
 output : username: 2f318c7a260d78734589f2cc772d26b8be79ec6c
owner: /DC=ch/DC=cern/OU=Organic Units/OU=Users/CN=shigginb/CN=785176/CN=Sam Higginbotham
  renewal policy: /DC=ch/DC=cern/OU=computers/CN=vocms(045|052|021|031|0118|0118a|0119|0108|0105|0109).cern.ch
  trusted retrieval policy: /DC=ch/DC=cern/OU=computers/CN=vocms(045|052|021|031|0118|0118a|0119|0108|0105|0109).cern.ch
  timeleft: 430:05:38  (17.9 days)

 error: 
 retcode : 0
DEBUG 2017-11-15 09:18:04,092: 	 Myproxy is valid: 1548338
DEBUG 2017-11-15 09:18:04,092: 	 Command use: status
DEBUG 2017-11-15 09:18:04,092: 	 Options use: ['-d', 'crab_20171115_073758/']
DEBUG 2017-11-15 09:18:05,766: 	 CRABClient version: 3.3.1707.patch1
DEBUG 2017-11-15 09:18:05,766: 	 Instance is prod
DEBUG 2017-11-15 09:18:05,766: 	 Server base url is cmsweb.cern.ch
DEBUG 2017-11-15 09:18:05,766: 	 Command url /crabserver/prod/workflow
DEBUG 2017-11-15 09:18:07,598: 	 Got information from server oracle database: {u'result': [u'171115_133825:shigginb_crab_20171115_073758', u'None', u'SUBMITTED', u'2017-11-15 13:38:25.099945', u'None', u'2017-11-15 13:39:42.098248', u'None', u'CMSSW_9_3_2', u'slc6_amd64_gcc630', u'/TprimeBToTH_M-2000_Width-20p_LH_TuneCUETP8M2T4_14TeV-madgraph-pythia8/PhaseIITDRFall17MiniAOD-PU200_93X_upgrade2023_realistic_v2-v1/MINIAODSIM', u'[]', u'[]', u'FileBased', u"{'splitOnRun': False, 'halt_job_on_file_boundaries': False, 'files_per_job': 1, 'runs': [], 'lumis': []}", u'0', u'4e198fb019d07e682a8bd09208595d4eb73bac82ae7f6e24154a54b4451cc952.tar.gz', u'https://cmsweb.cern.ch/crabcache', u'shigginb', u'/DC=ch/DC=cern/OU=Organic Units/OU=Users/CN=shigginb/CN=785176/CN=Sam Higginbotham', u'cms', u'None', u'None', u'crab_20171115_073758-00000000000000000000000000000000', u'T3_US_FNALLPC', u'https://cmsweb.cern.ch/dbs/prod/global/DBSReader', u'https://cmsweb.cern.ch/dbs/prod/phys03/DBSWriter', u'F', u'Analysis', u'{}', u'[]', u'F', u'vocms052', u'[]', u'1250', u'1', u'2000', u'10', u'None', u'http://vocms0196.cern.ch/mon/cms1359/171115_133825:shigginb_crab_20171115_073758', u'None', u'None', u'[]', u'[]', u'[]', u'pythia', u'[]', u"['analysis.root']", u'[]', u'https://cmsweb.cern.ch/crabserver/prod', u'None', u'0', u'cmssrv221.fnal.gov:9620', u'crab3@vocms0196.cern.ch', u'F', u'[]', u'T', u'/store/user/shigginb/', u'F', u'None', u'F', u'F', u'F', u'None', u'TprimeBToTH_M-2000_Width-20p_LH_TuneCUETP8M2T4_14TeV-madgraph-pythia8', u'filetransfers', u'SUBMIT', u'13841736', u'fc9fce8d76e3512d023bb29f8c70c6c80e7b9663df89e725e6ea1dfbe055b79a.tar.gz', u'131.225.190.56', u'F', u'None'], u'desc': {u'columns': [u'tm_taskname', u'panda_jobset_id', u'tm_task_status', u'tm_start_time', u'tm_start_injection', u'tm_end_injection', u'tm_task_failure', u'tm_job_sw', u'tm_job_arch', u'tm_input_dataset', u'tm_site_whitelist', u'tm_site_blacklist', u'tm_split_algo', u'tm_split_args', u'tm_totalunits', u'tm_user_sandbox', u'tm_cache_url', u'tm_username', u'tm_user_dn', u'tm_user_vo', u'tm_user_role', u'tm_user_group', u'tm_publish_name', u'tm_asyncdest', u'tm_dbs_url', u'tm_publish_dbs_url', u'tm_publication', u'tm_job_type', u'tm_arguments', u'panda_resubmitted_jobs', u'tm_save_logs', u'tw_name', u'tm_user_infiles', u'tm_maxjobruntime', u'tm_numcores', u'tm_maxmemory', u'tm_priority', u'tm_output_dataset', u'tm_user_webdir', u'tm_activity', u'tm_scriptexe', u'tm_scriptargs', u'tm_extrajdl', u'tm_task_warnings', u'tm_generator', u'tm_outfiles', u'tm_tfile_outfiles', u'tm_edm_outfiles', u'tm_asourl', u'tm_events_per_lumi', u'tm_use_parent', u'tm_collector', u'tm_schedd', u'tm_dry_run', u'tm_user_files', u'tm_transfer_outputs', u'tm_output_lfn', u'tm_ignore_locality', u'tm_fail_limit', u'tm_one_event_mode', u'tm_publish_groupname', u'tm_nonvalid_input_dataset', u'tm_secondary_input_dataset', u'tm_primary_dataset', u'tm_asodb', u'tm_task_command', u'clusterid', u'tm_debug_files', u'tm_submitter_ip_addr', u'tm_ignore_global_blacklist', u'tm_last_publication']}}
INFO 2017-11-15 09:18:07,598: 	 CRAB project directory:		/uscms_data/d3/samuellh/WorkingArea/TauAnalysis/CMSSW_9_3_2/src/PUAnalysis/VBFtt2017/crab/VBF51/crab_20171115_073758
INFO 2017-11-15 09:18:07,599: 	 Task name:			171115_133825:shigginb_crab_20171115_073758
INFO 2017-11-15 09:18:07,599: 	 Grid scheduler:			crab3@vocms0196.cern.ch
INFO 2017-11-15 09:18:07,599: 	 Status on the CRAB server:	SUBMITTED
INFO 2017-11-15 09:18:07,599: 	 Task URL to use for HELP:	https://cmsweb.cern.ch/crabserver/ui/task/171115_133825%3Ashigginb_crab_20171115_073758
INFO 2017-11-15 09:18:07,599: 	 Dashboard monitoring URL:	http://dashb-cms-job.cern.ch/dashboard/templates/task-analysis/#user=shigginb&refresh=0&table=Jobs&p=1&records=25&activemenu=2&status=&site=&tid=171115_133825%3Ashigginb_crab_20171115_073758
DEBUG 2017-11-15 09:18:07,599: 	 The CRAB server submitted your task to the Grid scheduler (cluster ID: 13841736)
DEBUG 2017-11-15 09:18:07,599: 	 Webdir is located at http://vocms0196.cern.ch/mon/cms1359/171115_133825:shigginb_crab_20171115_073758
DEBUG 2017-11-15 09:18:09,236: 	 Proxied webdir is located at https://cmsweb.cern.ch/scheddmon/0196/cms1359/171115_133825:shigginb_crab_20171115_073758
DEBUG 2017-11-15 09:18:09,236: 	 Retrieving 'status_cache' file from https://cmsweb.cern.ch/scheddmon/0196/cms1359/171115_133825:shigginb_crab_20171115_073758/status_cache
DEBUG 2017-11-15 09:18:10,983: 	 Got information from status cache file: {'1': {'Retries': 0, 'WallDurations': [813.0], 'StartTimes': [1510753219.0], 'SubmitTimes': [1510753208.0], 'JobIds': ['13841763.0'], 'EndTimes': [1510754032.0], 'Restarts': 0, 'RecordedSite': False, 'State': 'finished', 'ResidentSetSize': [1975868], 'TotalUserCpuTimeHistory': [737], 'SiteHistory': ['Unknown'], 'TotalSysCpuTimeHistory': [9]}, '3': {'Retries': 0, 'WallDurations': [262.0], 'StartTimes': [1510753255.0], 'SubmitTimes': [1510753209.0], 'JobIds': ['13841770.0'], 'EndTimes': [1510753517.0], 'Restarts': 0, 'RecordedSite': False, 'State': 'finished', 'ResidentSetSize': [23604], 'TotalUserCpuTimeHistory': [71], 'SiteHistory': ['Unknown'], 'TotalSysCpuTimeHistory': [3]}, '2': {'Retries': 0, 'WallDurations': [64.0], 'StartTimes': [1510753227.0], 'SubmitTimes': [1510753209.0], 'JobIds': ['13841767.0'], 'EndTimes': [1510753291.0], 'Restarts': 0, 'RecordedSite': False, 'State': 'finished', 'ResidentSetSize': [2660], 'TotalUserCpuTimeHistory': [32], 'SiteHistory': ['Unknown'], 'TotalSysCpuTimeHistory': [1]}, '5': {'Retries': 0, 'WallDurations': [96.0], 'StartTimes': [1510753297.0], 'SubmitTimes': [1510753212.0], 'JobIds': ['13841778.0'], 'EndTimes': [1510753393.0], 'Restarts': 0, 'RecordedSite': False, 'State': 'finished', 'ResidentSetSize': [38564], 'TotalUserCpuTimeHistory': [64], 'SiteHistory': ['Unknown'], 'TotalSysCpuTimeHistory': [1]}, '4': {'Retries': 0, 'WallDurations': [439.0], 'StartTimes': [1510753290.0], 'SubmitTimes': [1510753212.0], 'JobIds': ['13841774.0'], 'EndTimes': [1510753729.0], 'Restarts': 0, 'RecordedSite': False, 'State': 'finished', 'ResidentSetSize': [1671280], 'TotalUserCpuTimeHistory': [383], 'SiteHistory': ['Unknown'], 'TotalSysCpuTimeHistory': [7]}}
INFO 2017-11-15 09:18:10,983: 	 Status on the scheduler:	COMPLETED
INFO 2017-11-15 09:18:10,983: 	 
Jobs status:                    finished      100.0% (5/5)
INFO 2017-11-15 09:18:10,983: 	 
No publication information (publication has been disabled in the CRAB configuration file)
INFO 2017-11-15 09:18:10,996: 	 Log file is /uscms_data/d3/samuellh/WorkingArea/TauAnalysis/CMSSW_9_3_2/src/PUAnalysis/VBFtt2017/crab/VBF51/crab_20171115_073758/crab.log
